{
  "stats": {
    "suites": 1,
    "tests": 6,
    "passes": 0,
    "pending": 0,
    "failures": 6,
    "start": "2022-03-28T06:58:04.034Z",
    "end": "2022-03-28T06:59:57.776Z",
    "duration": 113742,
    "testsRegistered": 6,
    "passPercent": 0,
    "pendingPercent": 0,
    "other": 0,
    "hasOther": false,
    "skipped": 0,
    "hasSkipped": false
  },
  "results": [
    {
      "uuid": "f59c3dec-e86f-4cf3-838b-7dba08da65ab",
      "title": "",
      "fullFile": "cypress/integration/Admin_Testcases/24_Rejected.spec.js",
      "file": "cypress/integration/Admin_Testcases/24_Rejected.spec.js",
      "beforeHooks": [],
      "afterHooks": [],
      "tests": [],
      "suites": [
        {
          "uuid": "a60d1633-6f9b-40b2-9c70-4e70fb36b6ed",
          "title": "Rejected Appointment Details Test cases",
          "fullFile": "",
          "file": "",
          "beforeHooks": [],
          "afterHooks": [],
          "tests": [
            {
              "title": "As a Admin the user should be navigated to the Appointment Details page of \"Rejected\" appointment by clicking on the eye icon against that appointment",
              "fullTitle": "Rejected Appointment Details Test cases As a Admin the user should be navigated to the Appointment Details page of \"Rejected\" appointment by clicking on the eye icon against that appointment",
              "timedOut": null,
              "duration": 28956,
              "state": "failed",
              "speed": null,
              "pass": false,
              "fail": true,
              "pending": false,
              "context": null,
              "code": "cy.login();\ncy.url().should('contain', '/dashboard');\ncy.get('.space-y-4 > :nth-child(4)').should('be.visible').should('have.text', 'Appointments').click();\ncy.url().should('contain', '/appointments');\ncy.get('.-mx-4>div:nth-child(2)>div:nth-child(2)>div:nth-child(3)').should('be.visible').should('have.text', 'Add Filter').click();\ncy.get('.py-1:nth-child(2)>div:nth-child(8)').should('be.visible').should('have.text', 'rejected').click();\ncy.wait(3000);\ncy.get('tbody>tr:nth-child(1)>td:nth-child(7)>div>svg').scrollIntoView().should('be.visible').click();\ncy.get('.min-h-screen:nth-child(1)>div:nth-child(2)>div:nth-child(2)>div:nth-child(3)>div:nth-child(2)>span').should('be.visible').should('contain', 'rejected');",
              "err": {
                "message": "AssertionError: Timed out retrying after 15000ms: expected '<div#headlessui-menu-item-16.block.rounded-full.mx-1.my-1.text-center.font-medium.px-2.py-2.text-sm.capitalize.cursor-pointer.text-gray-700.hover:bg-primary.hover:text-white>' to have text 'rejected', but the text was 'cancelled'",
                "estack": "AssertionError: Timed out retrying after 15000ms: expected '<div#headlessui-menu-item-16.block.rounded-full.mx-1.my-1.text-center.font-medium.px-2.py-2.text-sm.capitalize.cursor-pointer.text-gray-700.hover:bg-primary.hover:text-white>' to have text 'rejected', but the text was 'cancelled'\n    at Context.eval (https://qa.rch.build-release.com/__cypress/tests?p=cypress\\integration\\Admin_Testcases\\24_Rejected.spec.js:120:72)",
                "diff": "- 'cancelled'\n+ 'rejected'\n"
              },
              "uuid": "a017855e-8d13-4971-b2f9-4298894cf8a4",
              "parentUUID": "a60d1633-6f9b-40b2-9c70-4e70fb36b6ed",
              "isHook": false,
              "skipped": false
            },
            {
              "title": "At \"Appointment details\" page each label and field should have proper label and validations",
              "fullTitle": "Rejected Appointment Details Test cases At \"Appointment details\" page each label and field should have proper label and validations",
              "timedOut": null,
              "duration": 15443,
              "state": "failed",
              "speed": null,
              "pass": false,
              "fail": true,
              "pending": false,
              "context": null,
              "code": "cy.get('.space-x-4 > .font-semibold').should('be.visible').should('have.text', 'Appointment Details');\ncy.get('.w-7').should('be.visible');\ncy.get('.border-b.py-3 > .text-primary').should('be.visible');\ncy.get('.min-h-screen:nth-child(1)>div:nth-child(2)>div:nth-child(2)>div:nth-child(1)>div').should('be.visible').should('have.text', 'Appointment ID');\ncy.get('.min-h-screen:nth-child(1)>div:nth-child(2)>div:nth-child(2)>div:nth-child(2)>div').should('be.visible').should('have.text', 'Requested For');\ncy.get('.min-h-screen:nth-child(1)>div:nth-child(2)>div:nth-child(2)>div:nth-child(3)>div:nth-child(1)').should('be.visible').should('have.text', 'Status');\ncy.get('.min-h-screen:nth-child(1)>div:nth-child(2)>div:nth-child(3)>div:nth-child(1)').should('be.visible').should('have.text', 'Patients');\ncy.get('.min-h-screen:nth-child(1)>div:nth-child(2)>div:nth-child(4)>div:nth-child(1)').should('be.visible').should('have.text', 'Services Requested');",
              "err": {
                "message": "AssertionError: Timed out retrying after 15000ms: Expected to find element: `.space-x-4 > .font-semibold`, but never found it.",
                "estack": "AssertionError: Timed out retrying after 15000ms: Expected to find element: `.space-x-4 > .font-semibold`, but never found it.\n    at Context.eval (https://qa.rch.build-release.com/__cypress/tests?p=cypress\\integration\\Admin_Testcases\\24_Rejected.spec.js:126:43)",
                "diff": null
              },
              "uuid": "b827bf34-8ee4-4397-aefa-0ce6587f628d",
              "parentUUID": "a60d1633-6f9b-40b2-9c70-4e70fb36b6ed",
              "isHook": false,
              "skipped": false
            },
            {
              "title": "The unique appointment id should be displayed",
              "fullTitle": "Rejected Appointment Details Test cases The unique appointment id should be displayed",
              "timedOut": null,
              "duration": 15511,
              "state": "failed",
              "speed": null,
              "pass": false,
              "fail": true,
              "pending": false,
              "context": null,
              "code": "cy.get('.min-h-screen:nth-child(1)>div:nth-child(2)>div:nth-child(2)>div:nth-child(1)>div').should('be.visible').should('have.text', 'Appointment ID');",
              "err": {
                "message": "AssertionError: Timed out retrying after 15000ms: Expected to find element: `.min-h-screen:nth-child(1)>div:nth-child(2)>div:nth-child(2)>div:nth-child(1)>div`, but never found it.",
                "estack": "AssertionError: Timed out retrying after 15000ms: Expected to find element: `.min-h-screen:nth-child(1)>div:nth-child(2)>div:nth-child(2)>div:nth-child(1)>div`, but never found it.\n    at Context.eval (https://qa.rch.build-release.com/__cypress/tests?p=cypress\\integration\\Admin_Testcases\\24_Rejected.spec.js:136:97)",
                "diff": null
              },
              "uuid": "19031ac4-110d-4bb6-929a-4e28eac57080",
              "parentUUID": "a60d1633-6f9b-40b2-9c70-4e70fb36b6ed",
              "isHook": false,
              "skipped": false
            },
            {
              "title": "The date requested by the patient should be displayed",
              "fullTitle": "Rejected Appointment Details Test cases The date requested by the patient should be displayed",
              "timedOut": null,
              "duration": 16860,
              "state": "failed",
              "speed": null,
              "pass": false,
              "fail": true,
              "pending": false,
              "context": null,
              "code": "cy.get('.min-h-screen:nth-child(1)>div:nth-child(2)>div:nth-child(2)>div:nth-child(2)>div').should('be.visible').should('have.text', 'Requested For');",
              "err": {
                "message": "AssertionError: Timed out retrying after 15000ms: Expected to find element: `.min-h-screen:nth-child(1)>div:nth-child(2)>div:nth-child(2)>div:nth-child(2)>div`, but never found it.",
                "estack": "AssertionError: Timed out retrying after 15000ms: Expected to find element: `.min-h-screen:nth-child(1)>div:nth-child(2)>div:nth-child(2)>div:nth-child(2)>div`, but never found it.\n    at Context.eval (https://qa.rch.build-release.com/__cypress/tests?p=cypress\\integration\\Admin_Testcases\\24_Rejected.spec.js:139:97)",
                "diff": null
              },
              "uuid": "4a245f89-4673-498f-929a-e8ae181e11fb",
              "parentUUID": "a60d1633-6f9b-40b2-9c70-4e70fb36b6ed",
              "isHook": false,
              "skipped": false
            },
            {
              "title": "As a Admin the user should be navigated to the medical history page of particular patient by clicking on the name card of that particular patient",
              "fullTitle": "Rejected Appointment Details Test cases As a Admin the user should be navigated to the medical history page of particular patient by clicking on the name card of that particular patient",
              "timedOut": null,
              "duration": 16244,
              "state": "failed",
              "speed": null,
              "pass": false,
              "fail": true,
              "pending": false,
              "context": null,
              "code": "cy.get('.break-all > .justify-between > .flex > .w-6').should('be.visible').click();\ncy.url().should('contain', '/medical_history');\ncy.get('.py-8 > .h-6').should('be.visible').click();",
              "err": {
                "message": "AssertionError: Timed out retrying after 15000ms: Expected to find element: `.break-all > .justify-between > .flex > .w-6`, but never found it.",
                "estack": "AssertionError: Timed out retrying after 15000ms: Expected to find element: `.break-all > .justify-between > .flex > .w-6`, but never found it.\n    at Context.eval (https://qa.rch.build-release.com/__cypress/tests?p=cypress\\integration\\Admin_Testcases\\24_Rejected.spec.js:142:60)",
                "diff": null
              },
              "uuid": "c68bac79-d997-4637-bb28-4bd2e055bd33",
              "parentUUID": "a60d1633-6f9b-40b2-9c70-4e70fb36b6ed",
              "isHook": false,
              "skipped": false
            },
            {
              "title": "The list of services requested by the patient should be displayed",
              "fullTitle": "Rejected Appointment Details Test cases The list of services requested by the patient should be displayed",
              "timedOut": null,
              "duration": 16091,
              "state": "failed",
              "speed": null,
              "pass": false,
              "fail": true,
              "pending": false,
              "context": null,
              "code": "cy.get('.min-h-screen:nth-child(1)>div:nth-child(2)>div:nth-child(4)>div:nth-child(1)').should('be.visible').should('have.text', 'Services Requested');",
              "err": {
                "message": "AssertionError: Timed out retrying after 15000ms: Expected to find element: `.min-h-screen:nth-child(1)>div:nth-child(2)>div:nth-child(4)>div:nth-child(1)`, but never found it.",
                "estack": "AssertionError: Timed out retrying after 15000ms: Expected to find element: `.min-h-screen:nth-child(1)>div:nth-child(2)>div:nth-child(4)>div:nth-child(1)`, but never found it.\n    at Context.eval (https://qa.rch.build-release.com/__cypress/tests?p=cypress\\integration\\Admin_Testcases\\24_Rejected.spec.js:147:93)",
                "diff": null
              },
              "uuid": "f692136b-c01e-4a50-8786-3f17912e6ff7",
              "parentUUID": "a60d1633-6f9b-40b2-9c70-4e70fb36b6ed",
              "isHook": false,
              "skipped": false
            }
          ],
          "suites": [],
          "passes": [],
          "failures": [
            "a017855e-8d13-4971-b2f9-4298894cf8a4",
            "b827bf34-8ee4-4397-aefa-0ce6587f628d",
            "19031ac4-110d-4bb6-929a-4e28eac57080",
            "4a245f89-4673-498f-929a-e8ae181e11fb",
            "c68bac79-d997-4637-bb28-4bd2e055bd33",
            "f692136b-c01e-4a50-8786-3f17912e6ff7"
          ],
          "pending": [],
          "skipped": [],
          "duration": 109105,
          "root": false,
          "rootEmpty": false,
          "_timeout": 2000
        }
      ],
      "passes": [],
      "failures": [],
      "pending": [],
      "skipped": [],
      "duration": 0,
      "root": true,
      "rootEmpty": true,
      "_timeout": 2000
    }
  ],
  "meta": {
    "mocha": {
      "version": "7.0.1"
    },
    "mochawesome": {
      "options": {
        "quiet": false,
        "reportFilename": "report",
        "saveHtml": true,
        "saveJson": true,
        "consoleReporter": "spec",
        "useInlineDiffs": false,
        "code": true
      },
      "version": "7.0.1"
    },
    "marge": {
      "options": {
        "reportDir": "cypress/reports",
        "reportFilename": "report",
        "overwrite": false,
        "html": true,
        "json": true,
        "charts": true
      },
      "version": "6.0.1"
    }
  }
}