{
  "stats": {
    "suites": 1,
    "tests": 10,
    "passes": 4,
    "pending": 0,
    "failures": 6,
    "start": "2022-03-28T07:01:10.729Z",
    "end": "2022-03-28T07:06:11.385Z",
    "duration": 300656,
    "testsRegistered": 10,
    "passPercent": 40,
    "pendingPercent": 0,
    "other": 0,
    "hasOther": false,
    "skipped": 0,
    "hasSkipped": false
  },
  "results": [
    {
      "uuid": "0d2740d3-f28e-4e0e-9fcf-e81b2c8931d5",
      "title": "",
      "fullFile": "cypress/integration/Admin_Testcases/28_Appointments.spec.js",
      "file": "cypress/integration/Admin_Testcases/28_Appointments.spec.js",
      "beforeHooks": [],
      "afterHooks": [],
      "tests": [],
      "suites": [
        {
          "uuid": "3d8684cf-7544-4da8-be36-e69bf28aed49",
          "title": "Appointments Module Test cases",
          "fullFile": "",
          "file": "",
          "beforeHooks": [],
          "afterHooks": [],
          "tests": [
            {
              "title": "As a Admin the user should be navigated to the Appointment page by clicking on the Appointments tab.",
              "fullTitle": "Appointments Module Test cases As a Admin the user should be navigated to the Appointment page by clicking on the Appointments tab.",
              "timedOut": null,
              "duration": 11775,
              "state": "passed",
              "speed": "slow",
              "pass": true,
              "fail": false,
              "pending": false,
              "context": null,
              "code": "cy.login();\ncy.url().should('contain', '/dashboard');\ncy.get('.py-6>nav>div:nth-child(4)').should('be.visible').should('have.text', 'Appointments').click();\ncy.url().should('contain', '/appointments');",
              "err": {},
              "uuid": "eb6a7747-6c4a-4230-b482-1de3b8dcd176",
              "parentUUID": "3d8684cf-7544-4da8-be36-e69bf28aed49",
              "isHook": false,
              "skipped": false
            },
            {
              "title": "At \"Appointments\" page each label and field should have proper label and validations",
              "fullTitle": "Appointments Module Test cases At \"Appointments\" page each label and field should have proper label and validations",
              "timedOut": null,
              "duration": 2514,
              "state": "passed",
              "speed": "slow",
              "pass": true,
              "fail": false,
              "pending": false,
              "context": null,
              "code": "cy.get('.-mx-4>div:nth-child(1)>div:nth-child(1)').should('be.visible').should('have.text', 'Appointments');\ncy.get('[textid=\"admin.unVerified_payments\"]').should('be.visible').should('have.text', 'Unverified Payments');\ncy.get('[textid=\"admin.bml_payments\"]').should('be.visible').should('have.text', 'Bill Me Later Requests');\ncy.get('[type=search]').should('be.visible');\ncy.get('[type=text]').should('be.visible');\ncy.get('.-mx-4>div:nth-child(2)>div:nth-child(2)>div:nth-child(3)').should('be.visible').should('have.text', 'Add Filter');\ncy.get('.mt-1:nth-child(2)').should('be.visible').should('have.text', 'Next');",
              "err": {},
              "uuid": "d4c822c9-5121-409b-a0d3-cb0601304252",
              "parentUUID": "3d8684cf-7544-4da8-be36-e69bf28aed49",
              "isHook": false,
              "skipped": false
            },
            {
              "title": "As a Admin the user should be navigated to the \"unverified payments list\" page by clicking on the \"Unverified Payments\" button",
              "fullTitle": "Appointments Module Test cases As a Admin the user should be navigated to the \"unverified payments list\" page by clicking on the \"Unverified Payments\" button",
              "timedOut": null,
              "duration": 3130,
              "state": "passed",
              "speed": "slow",
              "pass": true,
              "fail": false,
              "pending": false,
              "context": null,
              "code": "cy.get('[textid=\"admin.unVerified_payments\"]').should('be.visible').should('have.text', 'Unverified Payments').click();\ncy.get('.-mx-4>div:nth-child(1)>div:nth-child(2)').should('be.visible').should('have.text', 'Unverified Payments List');\ncy.get('.-mx-4>div:nth-child(1)>div:nth-child(1)').should('be.visible').click();",
              "err": {},
              "uuid": "946bc557-2d17-473a-bc5f-a3d32f759cd2",
              "parentUUID": "3d8684cf-7544-4da8-be36-e69bf28aed49",
              "isHook": false,
              "skipped": false
            },
            {
              "title": "As a Admin the user should be navigated to the \"Appointment details\" page by clicking on eye icon against that particular Appointment",
              "fullTitle": "Appointments Module Test cases As a Admin the user should be navigated to the \"Appointment details\" page by clicking on eye icon against that particular Appointment",
              "timedOut": null,
              "duration": 45190,
              "state": "failed",
              "speed": null,
              "pass": false,
              "fail": true,
              "pending": false,
              "context": null,
              "code": "cy.get('tbody>tr:nth-child(1)>td:nth-child(7)>div>svg').scrollIntoView().should('be.visible').click();\ncy.get('.space-x-4 > .font-semibold').should('be.visible').should('have.text', 'Appointment Details');\ncy.get('.w-7').should('be.visible').click();",
              "err": {
                "message": "CypressError: `cy.screenshot()` timed out waiting `30000ms` to complete.",
                "estack": "CypressError: `cy.screenshot()` timed out waiting `30000ms` to complete.\n    at https://qa.rch.build-release.com/__cypress/runner/cypress_runner.js:157422:81\n    at tryCatcher (https://qa.rch.build-release.com/__cypress/runner/cypress_runner.js:13212:23)\n    at https://qa.rch.build-release.com/__cypress/runner/cypress_runner.js:8334:41\n    at tryCatcher (https://qa.rch.build-release.com/__cypress/runner/cypress_runner.js:13212:23)\n    at Promise._settlePromiseFromHandler (https://qa.rch.build-release.com/__cypress/runner/cypress_runner.js:11147:31)\n    at Promise._settlePromise (https://qa.rch.build-release.com/__cypress/runner/cypress_runner.js:11204:18)\n    at Promise._settlePromise0 (https://qa.rch.build-release.com/__cypress/runner/cypress_runner.js:11249:10)\n    at Promise._settlePromises (https://qa.rch.build-release.com/__cypress/runner/cypress_runner.js:11325:18)\n    at _drainQueueStep (https://qa.rch.build-release.com/__cypress/runner/cypress_runner.js:7919:12)\n    at _drainQueue (https://qa.rch.build-release.com/__cypress/runner/cypress_runner.js:7912:9)\n    at Async.../../node_modules/bluebird/js/release/async.js.Async._drainQueues (https://qa.rch.build-release.com/__cypress/runner/cypress_runner.js:7928:5)\n    at Async.drainQueues (https://qa.rch.build-release.com/__cypress/runner/cypress_runner.js:7798:14)",
                "diff": null
              },
              "uuid": "61b66530-eedf-46ec-ac0a-309f043273be",
              "parentUUID": "3d8684cf-7544-4da8-be36-e69bf28aed49",
              "isHook": false,
              "skipped": false
            },
            {
              "title": "As a Admin the user should be navigated to the \"Bill me later requests list\" page by clicking on the \"Bill me later requests\" button",
              "fullTitle": "Appointments Module Test cases As a Admin the user should be navigated to the \"Bill me later requests list\" page by clicking on the \"Bill me later requests\" button",
              "timedOut": null,
              "duration": 2371,
              "state": "passed",
              "speed": "slow",
              "pass": true,
              "fail": false,
              "pending": false,
              "context": null,
              "code": "cy.get('[textid=\"admin.bml_payments\"]').should('be.visible').should('have.text', 'Bill Me Later Requests').click();\ncy.get('.-mx-4>div:nth-child(1)>div:nth-child(2)').should('be.visible').should('have.text', 'Bill Me Later Requests List');\ncy.get('.-mx-4>div:nth-child(1)>div:nth-child(1)').should('be.visible').click();",
              "err": {},
              "uuid": "a1a86c8b-247a-48ff-bd8e-789d3722a677",
              "parentUUID": "3d8684cf-7544-4da8-be36-e69bf28aed49",
              "isHook": false,
              "skipped": false
            },
            {
              "title": "As a Admin the user can filter the Appointments based on the status of the Appointment like requested,accepted etc. by clicking on the filter button",
              "fullTitle": "Appointments Module Test cases As a Admin the user can filter the Appointments based on the status of the Appointment like requested,accepted etc. by clicking on the filter button",
              "timedOut": null,
              "duration": 45390,
              "state": "failed",
              "speed": null,
              "pass": false,
              "fail": true,
              "pending": false,
              "context": null,
              "code": "cy.get('.-mx-4>div:nth-child(2)>div:nth-child(2)>div:nth-child(3)').should('be.visible').should('have.text', 'Add Filter').click();\ncy.get('.py-1:nth-child(2)>div:nth-child(10)').should('be.visible').should('have.text', 'completed').click();\ncy.wait(3000);\ncy.get('.-mx-4>div:nth-child(2)>div:nth-child(2)>div:nth-child(3)>svg').should('be.visible').click();\ncy.wait(2000);",
              "err": {
                "message": "CypressError: `cy.screenshot()` timed out waiting `30000ms` to complete.",
                "estack": "CypressError: `cy.screenshot()` timed out waiting `30000ms` to complete.\n    at https://qa.rch.build-release.com/__cypress/runner/cypress_runner.js:157422:81\n    at tryCatcher (https://qa.rch.build-release.com/__cypress/runner/cypress_runner.js:13212:23)\n    at https://qa.rch.build-release.com/__cypress/runner/cypress_runner.js:8334:41\n    at tryCatcher (https://qa.rch.build-release.com/__cypress/runner/cypress_runner.js:13212:23)\n    at Promise._settlePromiseFromHandler (https://qa.rch.build-release.com/__cypress/runner/cypress_runner.js:11147:31)\n    at Promise._settlePromise (https://qa.rch.build-release.com/__cypress/runner/cypress_runner.js:11204:18)\n    at Promise._settlePromise0 (https://qa.rch.build-release.com/__cypress/runner/cypress_runner.js:11249:10)\n    at Promise._settlePromises (https://qa.rch.build-release.com/__cypress/runner/cypress_runner.js:11325:18)\n    at _drainQueueStep (https://qa.rch.build-release.com/__cypress/runner/cypress_runner.js:7919:12)\n    at _drainQueue (https://qa.rch.build-release.com/__cypress/runner/cypress_runner.js:7912:9)\n    at Async.../../node_modules/bluebird/js/release/async.js.Async._drainQueues (https://qa.rch.build-release.com/__cypress/runner/cypress_runner.js:7928:5)\n    at Async.drainQueues (https://qa.rch.build-release.com/__cypress/runner/cypress_runner.js:7798:14)",
                "diff": null
              },
              "uuid": "1c389702-a6e5-4d7b-b4a9-37797afb7208",
              "parentUUID": "3d8684cf-7544-4da8-be36-e69bf28aed49",
              "isHook": false,
              "skipped": false
            },
            {
              "title": "As a Admin the user can filter the appointment between particular dates by clicking on the calendar icon",
              "fullTitle": "Appointments Module Test cases As a Admin the user can filter the appointment between particular dates by clicking on the calendar icon",
              "timedOut": null,
              "duration": 48925,
              "state": "failed",
              "speed": null,
              "pass": false,
              "fail": true,
              "pending": false,
              "context": null,
              "code": "cy.get('[type=text]').should('be.visible').click();\ncy.get('.react-datepicker__day--today').should('be.visible').click();\ncy.get('.react-datepicker__day--010').should('be.visible').click();\ncy.wait(2000);\ncy.get('.-mx-4>div:nth-child(2)>div:nth-child(2)>svg').should('be.visible').click();",
              "err": {
                "message": "CypressError: `cy.screenshot()` timed out waiting `30000ms` to complete.",
                "estack": "CypressError: `cy.screenshot()` timed out waiting `30000ms` to complete.\n    at https://qa.rch.build-release.com/__cypress/runner/cypress_runner.js:157422:81\n    at tryCatcher (https://qa.rch.build-release.com/__cypress/runner/cypress_runner.js:13212:23)\n    at https://qa.rch.build-release.com/__cypress/runner/cypress_runner.js:8334:41\n    at tryCatcher (https://qa.rch.build-release.com/__cypress/runner/cypress_runner.js:13212:23)\n    at Promise._settlePromiseFromHandler (https://qa.rch.build-release.com/__cypress/runner/cypress_runner.js:11147:31)\n    at Promise._settlePromise (https://qa.rch.build-release.com/__cypress/runner/cypress_runner.js:11204:18)\n    at Promise._settlePromise0 (https://qa.rch.build-release.com/__cypress/runner/cypress_runner.js:11249:10)\n    at Promise._settlePromises (https://qa.rch.build-release.com/__cypress/runner/cypress_runner.js:11325:18)\n    at _drainQueueStep (https://qa.rch.build-release.com/__cypress/runner/cypress_runner.js:7919:12)\n    at _drainQueue (https://qa.rch.build-release.com/__cypress/runner/cypress_runner.js:7912:9)\n    at Async.../../node_modules/bluebird/js/release/async.js.Async._drainQueues (https://qa.rch.build-release.com/__cypress/runner/cypress_runner.js:7928:5)\n    at Async.drainQueues (https://qa.rch.build-release.com/__cypress/runner/cypress_runner.js:7798:14)",
                "diff": null
              },
              "uuid": "1067863f-e32d-4847-bbc2-eb672def1584",
              "parentUUID": "3d8684cf-7544-4da8-be36-e69bf28aed49",
              "isHook": false,
              "skipped": false
            },
            {
              "title": "As a Admin the user can also filter the appointments based on the payment mode like cash,pos or bill me later etc.",
              "fullTitle": "Appointments Module Test cases As a Admin the user can also filter the appointments based on the payment mode like cash,pos or bill me later etc.",
              "timedOut": null,
              "duration": 45259,
              "state": "failed",
              "speed": null,
              "pass": false,
              "fail": true,
              "pending": false,
              "context": null,
              "code": "cy.get('.-mx-4>div:nth-child(2)>div:nth-child(2)>div:nth-child(3)').should('be.visible').should('have.text', 'Add Filter').click();\ncy.get('.py-1:nth-child(1)>div:nth-child(2)').should('be.visible').should('have.text', 'CASH').click();\ncy.wait(2000);\ncy.get('.-mx-4>div:nth-child(2)>div:nth-child(2)>div:nth-child(3)>svg').should('be.visible').click();\ncy.wait(2000);\ncy.get('.-mx-4>div:nth-child(2)>div:nth-child(2)>div:nth-child(3)').should('be.visible').should('have.text', 'Add Filter').click();\ncy.get('.py-1:nth-child(1)>div:nth-child(3)').should('be.visible').should('have.text', 'POS').click();\ncy.wait(2000);\ncy.get('.-mx-4>div:nth-child(2)>div:nth-child(2)>div:nth-child(3)>svg').should('be.visible').click();\ncy.wait(2000);\ncy.get('.-mx-4>div:nth-child(2)>div:nth-child(2)>div:nth-child(3)').should('be.visible').should('have.text', 'Add Filter').click();\ncy.get('.py-1:nth-child(1)>div:nth-child(4)').should('be.visible').should('have.text', 'Bill Me Later').click();\ncy.wait(2000);\ncy.get('.-mx-4>div:nth-child(2)>div:nth-child(2)>div:nth-child(3)>svg').should('be.visible').click();\ncy.wait(2000);",
              "err": {
                "message": "CypressError: `cy.screenshot()` timed out waiting `30000ms` to complete.",
                "estack": "CypressError: `cy.screenshot()` timed out waiting `30000ms` to complete.\n    at https://qa.rch.build-release.com/__cypress/runner/cypress_runner.js:157422:81\n    at tryCatcher (https://qa.rch.build-release.com/__cypress/runner/cypress_runner.js:13212:23)\n    at https://qa.rch.build-release.com/__cypress/runner/cypress_runner.js:8334:41\n    at tryCatcher (https://qa.rch.build-release.com/__cypress/runner/cypress_runner.js:13212:23)\n    at Promise._settlePromiseFromHandler (https://qa.rch.build-release.com/__cypress/runner/cypress_runner.js:11147:31)\n    at Promise._settlePromise (https://qa.rch.build-release.com/__cypress/runner/cypress_runner.js:11204:18)\n    at Promise._settlePromise0 (https://qa.rch.build-release.com/__cypress/runner/cypress_runner.js:11249:10)\n    at Promise._settlePromises (https://qa.rch.build-release.com/__cypress/runner/cypress_runner.js:11325:18)\n    at _drainQueueStep (https://qa.rch.build-release.com/__cypress/runner/cypress_runner.js:7919:12)\n    at _drainQueue (https://qa.rch.build-release.com/__cypress/runner/cypress_runner.js:7912:9)\n    at Async.../../node_modules/bluebird/js/release/async.js.Async._drainQueues (https://qa.rch.build-release.com/__cypress/runner/cypress_runner.js:7928:5)\n    at Async.drainQueues (https://qa.rch.build-release.com/__cypress/runner/cypress_runner.js:7798:14)",
                "diff": null
              },
              "uuid": "55f02c21-76f7-4354-9a2b-7d99a1ebd606",
              "parentUUID": "3d8684cf-7544-4da8-be36-e69bf28aed49",
              "isHook": false,
              "skipped": false
            },
            {
              "title": "As a Admin the user can search any appointment with appointment id or patient name or provider name with the help of search bar",
              "fullTitle": "Appointments Module Test cases As a Admin the user can search any appointment with appointment id or patient name or provider name with the help of search bar",
              "timedOut": null,
              "duration": 45522,
              "state": "failed",
              "speed": null,
              "pass": false,
              "fail": true,
              "pending": false,
              "context": null,
              "code": "cy.get('[type=search]').should('be.visible').type('LXMED021');\ncy.wait(2000);\ncy.get('[type=search]').should('be.visible').clear();\ncy.wait(2000);\ncy.get('[type=search]').should('be.visible').type('pvnkumar80@gmail.com');\ncy.wait(2000);\ncy.get('[type=search]').should('be.visible').clear();\ncy.wait(2000);\ncy.get('[type=search]').should('be.visible').type('Pavan Kumar');\ncy.wait(2000);\ncy.get('[type=search]').should('be.visible').clear();\ncy.wait(2000);\ncy.get('[type=search]').should('be.visible').type('Lxmedical Provider');\ncy.wait(2000);\ncy.get('[type=search]').should('be.visible').clear();\ncy.wait(2000);",
              "err": {
                "message": "CypressError: `cy.screenshot()` timed out waiting `30000ms` to complete.",
                "estack": "CypressError: `cy.screenshot()` timed out waiting `30000ms` to complete.\n    at https://qa.rch.build-release.com/__cypress/runner/cypress_runner.js:157422:81\n    at tryCatcher (https://qa.rch.build-release.com/__cypress/runner/cypress_runner.js:13212:23)\n    at https://qa.rch.build-release.com/__cypress/runner/cypress_runner.js:8334:41\n    at tryCatcher (https://qa.rch.build-release.com/__cypress/runner/cypress_runner.js:13212:23)\n    at Promise._settlePromiseFromHandler (https://qa.rch.build-release.com/__cypress/runner/cypress_runner.js:11147:31)\n    at Promise._settlePromise (https://qa.rch.build-release.com/__cypress/runner/cypress_runner.js:11204:18)\n    at Promise._settlePromise0 (https://qa.rch.build-release.com/__cypress/runner/cypress_runner.js:11249:10)\n    at Promise._settlePromises (https://qa.rch.build-release.com/__cypress/runner/cypress_runner.js:11325:18)\n    at _drainQueueStep (https://qa.rch.build-release.com/__cypress/runner/cypress_runner.js:7919:12)\n    at _drainQueue (https://qa.rch.build-release.com/__cypress/runner/cypress_runner.js:7912:9)\n    at Async.../../node_modules/bluebird/js/release/async.js.Async._drainQueues (https://qa.rch.build-release.com/__cypress/runner/cypress_runner.js:7928:5)\n    at Async.drainQueues (https://qa.rch.build-release.com/__cypress/runner/cypress_runner.js:7798:14)",
                "diff": null
              },
              "uuid": "04715e20-275b-488b-b292-834542b7bfcf",
              "parentUUID": "3d8684cf-7544-4da8-be36-e69bf28aed49",
              "isHook": false,
              "skipped": false
            },
            {
              "title": "As a Admin the user can switch between pages using next and previous buttons.",
              "fullTitle": "Appointments Module Test cases As a Admin the user can switch between pages using next and previous buttons.",
              "timedOut": null,
              "duration": 45576,
              "state": "failed",
              "speed": null,
              "pass": false,
              "fail": true,
              "pending": false,
              "context": null,
              "code": "cy.get('.mt-1:nth-child(2)').should('be.visible').should('have.text', 'Next').click();\ncy.wait(2000);\ncy.get('.mt-1:nth-child(1)').should('be.visible').should('have.text', 'Previous').click();\ncy.wait(2000);",
              "err": {
                "message": "CypressError: `cy.screenshot()` timed out waiting `30000ms` to complete.",
                "estack": "CypressError: `cy.screenshot()` timed out waiting `30000ms` to complete.\n    at https://qa.rch.build-release.com/__cypress/runner/cypress_runner.js:157422:81\n    at tryCatcher (https://qa.rch.build-release.com/__cypress/runner/cypress_runner.js:13212:23)\n    at https://qa.rch.build-release.com/__cypress/runner/cypress_runner.js:8334:41\n    at tryCatcher (https://qa.rch.build-release.com/__cypress/runner/cypress_runner.js:13212:23)\n    at Promise._settlePromiseFromHandler (https://qa.rch.build-release.com/__cypress/runner/cypress_runner.js:11147:31)\n    at Promise._settlePromise (https://qa.rch.build-release.com/__cypress/runner/cypress_runner.js:11204:18)\n    at Promise._settlePromise0 (https://qa.rch.build-release.com/__cypress/runner/cypress_runner.js:11249:10)\n    at Promise._settlePromises (https://qa.rch.build-release.com/__cypress/runner/cypress_runner.js:11325:18)\n    at _drainQueueStep (https://qa.rch.build-release.com/__cypress/runner/cypress_runner.js:7919:12)\n    at _drainQueue (https://qa.rch.build-release.com/__cypress/runner/cypress_runner.js:7912:9)\n    at Async.../../node_modules/bluebird/js/release/async.js.Async._drainQueues (https://qa.rch.build-release.com/__cypress/runner/cypress_runner.js:7928:5)\n    at Async.drainQueues (https://qa.rch.build-release.com/__cypress/runner/cypress_runner.js:7798:14)",
                "diff": null
              },
              "uuid": "091055ab-8919-4fb2-b51e-1168eaadb1b8",
              "parentUUID": "3d8684cf-7544-4da8-be36-e69bf28aed49",
              "isHook": false,
              "skipped": false
            }
          ],
          "suites": [],
          "passes": [
            "eb6a7747-6c4a-4230-b482-1de3b8dcd176",
            "d4c822c9-5121-409b-a0d3-cb0601304252",
            "946bc557-2d17-473a-bc5f-a3d32f759cd2",
            "a1a86c8b-247a-48ff-bd8e-789d3722a677"
          ],
          "failures": [
            "61b66530-eedf-46ec-ac0a-309f043273be",
            "1c389702-a6e5-4d7b-b4a9-37797afb7208",
            "1067863f-e32d-4847-bbc2-eb672def1584",
            "55f02c21-76f7-4354-9a2b-7d99a1ebd606",
            "04715e20-275b-488b-b292-834542b7bfcf",
            "091055ab-8919-4fb2-b51e-1168eaadb1b8"
          ],
          "pending": [],
          "skipped": [],
          "duration": 295652,
          "root": false,
          "rootEmpty": false,
          "_timeout": 2000
        }
      ],
      "passes": [],
      "failures": [],
      "pending": [],
      "skipped": [],
      "duration": 0,
      "root": true,
      "rootEmpty": true,
      "_timeout": 2000
    }
  ],
  "meta": {
    "mocha": {
      "version": "7.0.1"
    },
    "mochawesome": {
      "options": {
        "quiet": false,
        "reportFilename": "report",
        "saveHtml": true,
        "saveJson": true,
        "consoleReporter": "spec",
        "useInlineDiffs": false,
        "code": true
      },
      "version": "7.0.1"
    },
    "marge": {
      "options": {
        "reportDir": "cypress/reports",
        "reportFilename": "report",
        "overwrite": false,
        "html": true,
        "json": true,
        "charts": true
      },
      "version": "6.0.1"
    }
  }
}