{
  "stats": {
    "suites": 1,
    "tests": 18,
    "passes": 18,
    "pending": 0,
    "failures": 0,
    "start": "2022-04-21T08:34:25.017Z",
    "end": "2022-04-21T08:36:52.118Z",
    "duration": 147101,
    "testsRegistered": 18,
    "passPercent": 100,
    "pendingPercent": 0,
    "other": 0,
    "hasOther": false,
    "skipped": 0,
    "hasSkipped": false
  },
  "results": [
    {
      "uuid": "131b55f0-ce21-4713-b951-9d9ae4a5f69e",
      "title": "",
      "fullFile": "cypress/integration/Admin_Testcases/15_BookAppointmet.spec.js",
      "file": "cypress/integration/Admin_Testcases/15_BookAppointmet.spec.js",
      "beforeHooks": [],
      "afterHooks": [],
      "tests": [],
      "suites": [
        {
          "uuid": "2d16cdb1-2756-434d-b268-a8ba69d923a7",
          "title": "Book Appointment module testcases",
          "fullFile": "",
          "file": "",
          "beforeHooks": [],
          "afterHooks": [],
          "tests": [
            {
              "title": "As a Admin the user should be navigated to the Book appointment page by clicking on \"Book\" button against the paticular patient.",
              "fullTitle": "Book Appointment module testcases As a Admin the user should be navigated to the Book appointment page by clicking on \"Book\" button against the paticular patient.",
              "timedOut": null,
              "duration": 29560,
              "state": "passed",
              "speed": "slow",
              "pass": true,
              "fail": false,
              "pending": false,
              "context": null,
              "code": "cy.login(cred.email, cred.password);\ncy.url().should('contain', '/dashboard');\ncy.get('.space-y-4 > :nth-child(2)').should('be.visible').should('have.text', 'Patients').click();\ncy.url().should('contain', '/patients');\ncy.AddPatient();\ncy.readFile('cypress/fixtures/provider.json').then(provider => {\n  cy.get('[type=search]').should('be.visible').type(provider.email.toLowerCase());\n  cy.get('tr:nth-child(1)>td:nth-child(2)').should('be.visible').should('have.text', provider.email.toLowerCase());\n  cy.wait(4000);\n});\ncy.get('tr:nth-child(1)>td:nth-child(5)>div>div').should('be.visible').should('have.text', 'Book').click();\ncy.url().should('contain', '/book_appointment');",
              "err": {},
              "uuid": "3a595199-034c-4f59-8999-ad6b0d04c6da",
              "parentUUID": "2d16cdb1-2756-434d-b268-a8ba69d923a7",
              "isHook": false,
              "skipped": false
            },
            {
              "title": "At \"Book An Appointment\" page each label and field should have proper label and validations",
              "fullTitle": "Book Appointment module testcases At \"Book An Appointment\" page each label and field should have proper label and validations",
              "timedOut": null,
              "duration": 6232,
              "state": "passed",
              "speed": "slow",
              "pass": true,
              "fail": false,
              "pending": false,
              "context": null,
              "code": "cy.get('.space-x-8 > .font-semibold').should('be.visible').should('have.text', 'Book Appointment');\ncy.get('.cursor-pointer > .w-8').should('be.visible');\ncy.get('div.py-2.bg-white:nth-child(1)>div>div>div:nth-child(2)').should('be.visible').should('have.text', 'Select Patient');\ncy.get('div.py-2.bg-white:nth-child(1)>div>div>div:nth-child(5)').should('be.visible').should('have.text', 'Select Service');\ncy.get('.px-8>div:nth-child(1)>div:nth-child(1)>div>label').should('be.visible').should('have.text', 'Preferred Appointment Date');\ncy.get('.appearance-none').should('be.visible');\ncy.get('form>div>div:nth-child(1)>div:nth-child(2)>div:nth-child(1)').should('be.visible').should('have.text', 'Preferred Time Slot');\ncy.get('form>div>div:nth-child(1)>div:nth-child(2)>div:nth-child(2)>div>label').should('be.visible').should('have.text', 'Morning');\ncy.get('form>div>div:nth-child(1)>div:nth-child(2)>div:nth-child(3)>div>label').should('be.visible').should('have.text', 'Afternoon');\ncy.get('form>div>div:nth-child(1)>div:nth-child(2)>div:nth-child(4)>div>label').should('be.visible').should('have.text', 'Evening');\ncy.get('form>div>div:nth-child(1)>div:nth-child(2)>div:nth-child(2)>div>input').should('be.visible').should('not.be.checked');\ncy.get('form>div>div:nth-child(1)>div:nth-child(2)>div:nth-child(3)>div>input').should('be.visible').should('not.be.checked');\ncy.get('form>div>div:nth-child(1)>div:nth-child(2)>div:nth-child(2)>div>input').should('be.visible').should('not.be.checked');\ncy.get('form>div>div:nth-child(2)>div>div:nth-child(1)').should('be.visible').should('have.text', 'Service Address');\ncy.get('form>div>div:nth-child(2)>div>div:nth-child(2)>svg').should('be.visible');\ncy.get('form>div>div:nth-child(2)>div>div:nth-child(2)>div').should('be.visible').should('have.text', 'Edit');\ncy.get('form>div>div:nth-child(2)>div:nth-child(2)').should('be.visible');\ncy.get('form>div>div:nth-child(3)>div:nth-child(1)>span').should('be.visible');\ncy.get('form>div>div:nth-child(3)>div:nth-child(1)>div>span').should('be.visible').should('have.text', 'self');\ncy.get('form>div>div:nth-child(3)>div:nth-child(1)>div>div>div>input').should('be.visible').should('not.be.checked');\ncy.get('form>div>div:nth-child(3)>div:nth-child(2)>div:nth-child(1)>div:nth-child(1)>div').should('be.visible').should('have.text', 'Date of Birth');\ncy.get('form>div>div:nth-child(3)>div:nth-child(2)>div:nth-child(1)>div:nth-child(2)>div').should('be.visible').should('have.text', 'Gender');\ncy.get('form>div>div:nth-child(3)>div:nth-child(2)>div:nth-child(2)>div>label').should('contain', 'Please describe');\ncy.get('form>div>div:nth-child(3)>div:nth-child(2)>div:nth-child(2)>div>div>textarea').should('be.visible');\ncy.get('[textid=\"add.another_family.member\"]').should('be.visible').should('have.text', 'Add Another Family Member');\ncy.get('[textid=\"continue\"]').should('be.visible').should('have.text', 'Continue');",
              "err": {},
              "uuid": "f0bf260e-5015-4c91-a150-86a3ba488acb",
              "parentUUID": "2d16cdb1-2756-434d-b268-a8ba69d923a7",
              "isHook": false,
              "skipped": false
            },
            {
              "title": "As a Admin the user should be navigated to the service address edit page by clicking on edit symbol against the service address",
              "fullTitle": "Book Appointment module testcases As a Admin the user should be navigated to the service address edit page by clicking on edit symbol against the service address",
              "timedOut": null,
              "duration": 4258,
              "state": "passed",
              "speed": "slow",
              "pass": true,
              "fail": false,
              "pending": false,
              "context": null,
              "code": "cy.get('form>div>div:nth-child(2)>div>div:nth-child(2)>div').should('be.visible').click();\ncy.wait(4000);\ncy.get('div.hidden>div:nth-child(1)>div').should('be.visible').should('have.text', 'Edit Address');",
              "err": {},
              "uuid": "256368d9-b153-4712-b49d-5ddad198e97b",
              "parentUUID": "2d16cdb1-2756-434d-b268-a8ba69d923a7",
              "isHook": false,
              "skipped": false
            },
            {
              "title": "As a Admin the user can able to close the Edit service Address window by Clicking on the cross icon",
              "fullTitle": "Book Appointment module testcases As a Admin the user can able to close the Edit service Address window by Clicking on the cross icon",
              "timedOut": null,
              "duration": 6477,
              "state": "passed",
              "speed": "slow",
              "pass": true,
              "fail": false,
              "pending": false,
              "context": null,
              "code": "cy.get('div.hidden>div:nth-child(1)>svg').should('be.visible').click();\ncy.wait(2000);\ncy.get('form>div>div:nth-child(2)>div>div:nth-child(2)>div').should('be.visible').click();\ncy.wait(4000);\ncy.get('div.hidden>div:nth-child(1)>div').should('be.visible').should('have.text', 'Edit Address');",
              "err": {},
              "uuid": "92a459ee-879d-4196-890e-f1b91f9032c5",
              "parentUUID": "2d16cdb1-2756-434d-b268-a8ba69d923a7",
              "isHook": false,
              "skipped": false
            },
            {
              "title": "At \"Service Address\" Edit window each label and field should have proper label and validations",
              "fullTitle": "Book Appointment module testcases At \"Service Address\" Edit window each label and field should have proper label and validations",
              "timedOut": null,
              "duration": 178,
              "state": "passed",
              "speed": "slow",
              "pass": true,
              "fail": false,
              "pending": false,
              "context": null,
              "code": "cy.get('div.hidden>div:nth-child(1)>div').should('be.visible').should('have.text', 'Edit Address');\ncy.get('div.hidden>div:nth-child(1)>svg').should('be.visible');\ncy.get('div.hidden>div:nth-child(2)>form>div:nth-child(1)>div>label').should('be.visible').should('have.text', 'Address Line 1');\ncy.get('div.hidden>div:nth-child(2)>form>div:nth-child(2)>div>label').should('be.visible').should('contain', 'Address Line 2');\ncy.get('div.hidden>div:nth-child(2)>form>div:nth-child(3)>div:nth-child(1)>label').should('be.visible').should('have.text', 'Postal Code');\ncy.get('div.hidden>div:nth-child(2)>form>div:nth-child(3)>div:nth-child(2)>label').should('be.visible').should('have.text', 'City');\ncy.get('div.hidden>div:nth-child(2)>form>div:nth-child(4)>div>label').should('be.visible').should('have.text', 'State');\ncy.get('div.hidden>div:nth-child(2)>form>div:nth-child(1)>div>div').should('be.visible');\ncy.get('div.hidden>div:nth-child(2)>form>div:nth-child(2)>div>div').should('be.visible');\ncy.get('div.hidden>div:nth-child(2)>form>div:nth-child(3)>div:nth-child(1)>div').should('be.visible');\ncy.get('div.hidden>div:nth-child(2)>form>div:nth-child(3)>div:nth-child(2)>div').should('be.visible');\ncy.get('div.hidden>div:nth-child(2)>form>div:nth-child(4)>div>div').should('be.visible');\ncy.get('div.hidden> div.mt-6 > form > div.flex > button').should('be.visible').should('contain', 'Save Address');",
              "err": {},
              "uuid": "4d954fc5-3fc9-4dd4-98b7-8729aaf76e54",
              "parentUUID": "2d16cdb1-2756-434d-b268-a8ba69d923a7",
              "isHook": false,
              "skipped": false
            },
            {
              "title": "After editing the address and clicking on save address button the user should able to save the service address",
              "fullTitle": "Book Appointment module testcases After editing the address and clicking on save address button the user should able to save the service address",
              "timedOut": null,
              "duration": 3941,
              "state": "passed",
              "speed": "slow",
              "pass": true,
              "fail": false,
              "pending": false,
              "context": null,
              "code": "cy.get('div.hidden>div:nth-child(2)>form>div:nth-child(1)>div>div').should('be.visible').clear().type('plot no 75');\ncy.get('div.hidden>div:nth-child(2)>form>div:nth-child(3)>div:nth-child(1)>div').should('be.visible').clear().type('54456');\ncy.get('div.hidden>div:nth-child(2)>form>div:nth-child(2)>div>div').should('be.visible').clear().type('park lane');\ncy.wait(2000);\ncy.get('div.hidden> div.mt-6 > form > div.flex > button').should('be.visible').should('contain', 'Save Address').click();",
              "err": {},
              "uuid": "03c8e122-bfce-4931-bead-e729c9301fa8",
              "parentUUID": "2d16cdb1-2756-434d-b268-a8ba69d923a7",
              "isHook": false,
              "skipped": false
            },
            {
              "title": "As a Admin the user can able select the appointment date by clicking on calendar icon against the preferred appointment date field.",
              "fullTitle": "Book Appointment module testcases As a Admin the user can able select the appointment date by clicking on calendar icon against the preferred appointment date field.",
              "timedOut": null,
              "duration": 412,
              "state": "passed",
              "speed": "slow",
              "pass": true,
              "fail": false,
              "pending": false,
              "context": null,
              "code": "cy.get('.appearance-none').should('be.visible').click();\ncy.get('.react-datepicker__day--today').click();",
              "err": {},
              "uuid": "d9ddc0c6-cb5f-4a12-9e03-f2973d343f9e",
              "parentUUID": "2d16cdb1-2756-434d-b268-a8ba69d923a7",
              "isHook": false,
              "skipped": false
            },
            {
              "title": "As a Admin the user can able to select the appointment time by checking the check boxes in preferred time slot.",
              "fullTitle": "Book Appointment module testcases As a Admin the user can able to select the appointment time by checking the check boxes in preferred time slot.",
              "timedOut": null,
              "duration": 334,
              "state": "passed",
              "speed": "slow",
              "pass": true,
              "fail": false,
              "pending": false,
              "context": null,
              "code": "cy.get('form>div>div:nth-child(1)>div:nth-child(2)>div:nth-child(2)>div>input').should('be.visible').should('not.be.checked').check();\ncy.get('form>div>div:nth-child(1)>div:nth-child(2)>div:nth-child(3)>div>input').should('be.visible').should('not.be.checked').check();",
              "err": {},
              "uuid": "c5a8ff77-49d7-47b6-961d-b606ecafaf01",
              "parentUUID": "2d16cdb1-2756-434d-b268-a8ba69d923a7",
              "isHook": false,
              "skipped": false
            },
            {
              "title": "As a Admin the user can select atleast one family and also can add primary symptoms",
              "fullTitle": "Book Appointment module testcases As a Admin the user can select atleast one family and also can add primary symptoms",
              "timedOut": null,
              "duration": 2479,
              "state": "passed",
              "speed": "slow",
              "pass": true,
              "fail": false,
              "pending": false,
              "context": null,
              "code": "cy.get('form>div>div:nth-child(3)>div:nth-child(1)>div>div>div>input').should('be.visible').should('not.be.checked').check();\ncy.get('form>div>div:nth-child(3)>div:nth-child(2)>div:nth-child(2)>div>div>textarea').should('be.visible').type('puking');\ncy.wait(2000);",
              "err": {},
              "uuid": "b488e6bd-51d2-4014-90d7-4638f88aa933",
              "parentUUID": "2d16cdb1-2756-434d-b268-a8ba69d923a7",
              "isHook": false,
              "skipped": false
            },
            {
              "title": "As a Admin the user can add additional family members as per his membership plan by clicking on \"Add another member\" button.",
              "fullTitle": "Book Appointment module testcases As a Admin the user can add additional family members as per his membership plan by clicking on \"Add another member\" button.",
              "timedOut": null,
              "duration": 8226,
              "state": "passed",
              "speed": "slow",
              "pass": true,
              "fail": false,
              "pending": false,
              "context": null,
              "code": "cy.get('.mt-6 > .flex').should('be.visible').should('have.text', 'Add Another Family Member').click();\ncy.wait(4000);\ncy.get('.hidden:nth-child(1)>div:nth-child(2)>form>div:nth-child(4)>div>label').should('be.visible').should('have.text', 'Please describe your primary symptoms…');\ncy.get('.hidden:nth-child(1)>div:nth-child(2)>form>div:nth-child(4)>div>div').should('be.visible').type('Fever');\ncy.addfamilymember();",
              "err": {},
              "uuid": "ac73371a-0141-4bbb-a1d4-4395bdd3da0a",
              "parentUUID": "2d16cdb1-2756-434d-b268-a8ba69d923a7",
              "isHook": false,
              "skipped": false
            },
            {
              "title": "After filling Book appointment form and clicking on continue the user should be navigated to the select paln page",
              "fullTitle": "Book Appointment module testcases After filling Book appointment form and clicking on continue the user should be navigated to the select paln page",
              "timedOut": null,
              "duration": 8347,
              "state": "passed",
              "speed": "slow",
              "pass": true,
              "fail": false,
              "pending": false,
              "context": null,
              "code": "cy.wait(2000);\ncy.get('[textid=\"continue\"]').should('be.visible').should('have.text', 'Continue').click();\ncy.wait(4000);\ncy.get('div.py-2.bg-white:nth-child(1)>div>div>div:nth-child(5)').should('be.visible').should('contain', 'Select Service');\ncy.wait(2000);",
              "err": {},
              "uuid": "ee024c44-a9da-48eb-bbd2-7e3398fc79c4",
              "parentUUID": "2d16cdb1-2756-434d-b268-a8ba69d923a7",
              "isHook": false,
              "skipped": false
            },
            {
              "title": "At \"Select Service\" page each label and field should have proper label and validations",
              "fullTitle": "Book Appointment module testcases At \"Select Service\" page each label and field should have proper label and validations",
              "timedOut": null,
              "duration": 34752,
              "state": "passed",
              "speed": "slow",
              "pass": true,
              "fail": false,
              "pending": false,
              "context": null,
              "code": "cy.get('div.py-2.bg-white:nth-child(1)>div>div>div:nth-child(5)').should('be.visible').should('contain', 'Select Service');\ncy.get('form>div>div:nth-child(2)>div:nth-child(1)').should('be.visible').should('contain', 'Members receive 15% discount');\ncy.get('[type=search]').should('be.visible');\ncy.get('[textid=\"continue\"]').should('be.visible').should('have.text', 'Continue');\ncy.get('form>div>div:nth-child(2)>div:nth-child(3)>div:nth-child(1)').should('be.visible').click();\ncy.contains('This service is available only for single patient.');\ncy.wait(2000);\ncy.get('.cursor-pointer > .w-8').should('be.visible').click();\ncy.wait(4000);\ncy.get('form>div>div:nth-child(3)>div:nth-child(1)>div>div>div>input').should('be.visible').uncheck(); // cy.get('form>div>div:nth-child(1)>div:nth-child(2)>div:nth-child(2)>div>input').scrollIntoView().should('be.visible').should('not.be.checked').check()\n// cy.get('form>div>div:nth-child(1)>div:nth-child(2)>div:nth-child(3)>div>input').scrollIntoView().should('be.visible').should('not.be.checked').check()\n// cy.get('.appearance-none').scrollIntoView().should('be.visible').click()\n// cy.get('.react-datepicker__day--today').click()\ncy.wait(2000);\ncy.get('[textid=\"continue\"]').should('be.visible').should('have.text', 'Continue').click();\ncy.wait(4000);\ncy.get('div.py-2.bg-white:nth-child(1)>div>div>div:nth-child(5)').should('be.visible').should('contain', 'Select Service');\ncy.wait(2000);\ncy.get('form>div>div:nth-child(2)>div:nth-child(3)>div:nth-child(1)').should('be.visible').click();\ncy.wait(2000);\ncy.get('form>div>div:nth-child(2)>div:nth-child(3)>div:nth-child(3)').should('be.visible').click();\ncy.contains('Any other services cannot be availed with \"Telemedicine Visit\" service.');\ncy.wait(2000);\ncy.get('.cursor-pointer > .w-8').should('be.visible').click();\ncy.wait(4000);\ncy.get('form>div>div:nth-child(3)>div:nth-child(1)>div>div>div>input').should('be.visible').uncheck(); // cy.get('form>div>div:nth-child(1)>div:nth-child(2)>div:nth-child(2)>div>input').scrollIntoView().should('be.visible').should('not.be.checked').check()\n// cy.get('form>div>div:nth-child(1)>div:nth-child(2)>div:nth-child(3)>div>input').scrollIntoView().should('be.visible').should('not.be.checked').check()\n// cy.get('.appearance-none').scrollIntoView().should('be.visible').click()\n// cy.get('.react-datepicker__day--today').click()\ncy.wait(2000);\ncy.get('[textid=\"continue\"]').should('be.visible').should('have.text', 'Continue').click();\ncy.wait(4000);\ncy.get('div.py-2.bg-white:nth-child(1)>div>div>div:nth-child(5)').should('be.visible').should('contain', 'Select Service');\ncy.wait(3000);",
              "err": {},
              "uuid": "0c68e96f-0bd9-482f-a9fd-6aac978a8717",
              "parentUUID": "2d16cdb1-2756-434d-b268-a8ba69d923a7",
              "isHook": false,
              "skipped": false
            },
            {
              "title": "The user can able to search a particular service from the search box provided",
              "fullTitle": "Book Appointment module testcases The user can able to search a particular service from the search box provided",
              "timedOut": null,
              "duration": 8772,
              "state": "passed",
              "speed": "slow",
              "pass": true,
              "fail": false,
              "pending": false,
              "context": null,
              "code": "cy.get('[type=search]').should('be.visible').type('telemedicine');\ncy.wait(4000);\ncy.get('form>div>div:nth-child(2)>div:nth-child(3)>div:nth-child(1)').should('be.visible').should('contain', 'Telemedicine Service');\ncy.get('[type=search]').should('be.visible').clear();\ncy.wait(4000);",
              "err": {},
              "uuid": "517152d0-c974-4b44-9424-58662e9addd8",
              "parentUUID": "2d16cdb1-2756-434d-b268-a8ba69d923a7",
              "isHook": false,
              "skipped": false
            },
            {
              "title": "As a admin the user can select more than one service for a single patient and multiple patients",
              "fullTitle": "Book Appointment module testcases As a admin the user can select more than one service for a single patient and multiple patients",
              "timedOut": null,
              "duration": 335,
              "state": "passed",
              "speed": "slow",
              "pass": true,
              "fail": false,
              "pending": false,
              "context": null,
              "code": "cy.get('form>div>div:nth-child(2)>div:nth-child(3)>div:nth-child(2)').should('be.visible').click();\ncy.get('form>div>div:nth-child(2)>div:nth-child(3)>div:nth-child(3)').should('be.visible').click();",
              "err": {},
              "uuid": "331391f5-a8c3-4f09-8a3f-1df4a735a908",
              "parentUUID": "2d16cdb1-2756-434d-b268-a8ba69d923a7",
              "isHook": false,
              "skipped": false
            },
            {
              "title": "After selecting the service and clicking on \"Book Appointment\" button the user should get the booking confirmation",
              "fullTitle": "Book Appointment module testcases After selecting the service and clicking on \"Book Appointment\" button the user should get the booking confirmation",
              "timedOut": null,
              "duration": 6616,
              "state": "passed",
              "speed": "slow",
              "pass": true,
              "fail": false,
              "pending": false,
              "context": null,
              "code": "cy.get('[textid=\"continue\"]').should('be.visible').should('have.text', 'Continue').click();\ncy.contains('Appointment Added successfully ');\ncy.wait(4000);\ncy.get('div.hidden>div:nth-child(1)>div').should('be.visible').should('have.text', 'Confirmation');",
              "err": {},
              "uuid": "fe57aa33-1bad-417c-9872-745e22194439",
              "parentUUID": "2d16cdb1-2756-434d-b268-a8ba69d923a7",
              "isHook": false,
              "skipped": false
            },
            {
              "title": "By clicking on continue button booking confirmation page the user should be navigated to the patients page",
              "fullTitle": "Book Appointment module testcases By clicking on continue button booking confirmation page the user should be navigated to the patients page",
              "timedOut": null,
              "duration": 4243,
              "state": "passed",
              "speed": "slow",
              "pass": true,
              "fail": false,
              "pending": false,
              "context": null,
              "code": "cy.xpath('/html/body/div[7]/div/div/div[1]/div[2]/div[3]/button').should('be.visible').should('have.text', 'Continue').click();\ncy.wait(4000);\ncy.url().should('contain', '/patients');",
              "err": {},
              "uuid": "718ed5e7-3bf5-47d0-be87-5a28240a83d7",
              "parentUUID": "2d16cdb1-2756-434d-b268-a8ba69d923a7",
              "isHook": false,
              "skipped": false
            },
            {
              "title": "The booked appointment should refelect instantly under apointment page and also on patient side",
              "fullTitle": "Book Appointment module testcases The booked appointment should refelect instantly under apointment page and also on patient side",
              "timedOut": null,
              "duration": 4302,
              "state": "passed",
              "speed": "slow",
              "pass": true,
              "fail": false,
              "pending": false,
              "context": null,
              "code": "cy.get('.space-y-4 > :nth-child(4)').should('be.visible').should('have.text', 'Appointments').click();\ncy.wait(4000);\ncy.get('tr:nth-child(1)>td:nth-child(4)').should('be.visible').should('have.text', 'requested');",
              "err": {},
              "uuid": "791ee928-8084-45fc-a685-c656903453b4",
              "parentUUID": "2d16cdb1-2756-434d-b268-a8ba69d923a7",
              "isHook": false,
              "skipped": false
            },
            {
              "title": "The primary symptoms added by the patient should reflect on the appointment name card",
              "fullTitle": "Book Appointment module testcases The primary symptoms added by the patient should reflect on the appointment name card",
              "timedOut": null,
              "duration": 9982,
              "state": "passed",
              "speed": "slow",
              "pass": true,
              "fail": false,
              "pending": false,
              "context": null,
              "code": "cy.get('tr:nth-child(1)>td:nth-child(8)>div>svg').scrollIntoView().should('be.visible').click();\ncy.wait(4000);\ncy.get('div.min-h-screen.pb-2>div:nth-child(2)>div:nth-child(4)>div:nth-child(2)>div>div>div:nth-child(2)').should('be.visible').should('contain', 'Fever');\ncy.logout();",
              "err": {},
              "uuid": "94405921-1f49-4711-833b-54bc5ca03e57",
              "parentUUID": "2d16cdb1-2756-434d-b268-a8ba69d923a7",
              "isHook": false,
              "skipped": false
            }
          ],
          "suites": [],
          "passes": [
            "3a595199-034c-4f59-8999-ad6b0d04c6da",
            "f0bf260e-5015-4c91-a150-86a3ba488acb",
            "256368d9-b153-4712-b49d-5ddad198e97b",
            "92a459ee-879d-4196-890e-f1b91f9032c5",
            "4d954fc5-3fc9-4dd4-98b7-8729aaf76e54",
            "03c8e122-bfce-4931-bead-e729c9301fa8",
            "d9ddc0c6-cb5f-4a12-9e03-f2973d343f9e",
            "c5a8ff77-49d7-47b6-961d-b606ecafaf01",
            "b488e6bd-51d2-4014-90d7-4638f88aa933",
            "ac73371a-0141-4bbb-a1d4-4395bdd3da0a",
            "ee024c44-a9da-48eb-bbd2-7e3398fc79c4",
            "0c68e96f-0bd9-482f-a9fd-6aac978a8717",
            "517152d0-c974-4b44-9424-58662e9addd8",
            "331391f5-a8c3-4f09-8a3f-1df4a735a908",
            "fe57aa33-1bad-417c-9872-745e22194439",
            "718ed5e7-3bf5-47d0-be87-5a28240a83d7",
            "791ee928-8084-45fc-a685-c656903453b4",
            "94405921-1f49-4711-833b-54bc5ca03e57"
          ],
          "failures": [],
          "pending": [],
          "skipped": [],
          "duration": 139446,
          "root": false,
          "rootEmpty": false,
          "_timeout": 2000
        }
      ],
      "passes": [],
      "failures": [],
      "pending": [],
      "skipped": [],
      "duration": 0,
      "root": true,
      "rootEmpty": true,
      "_timeout": 2000
    }
  ],
  "meta": {
    "mocha": {
      "version": "7.0.1"
    },
    "mochawesome": {
      "options": {
        "quiet": false,
        "reportFilename": "report",
        "saveHtml": true,
        "saveJson": true,
        "consoleReporter": "spec",
        "useInlineDiffs": false,
        "code": true
      },
      "version": "7.0.1"
    },
    "marge": {
      "options": {
        "reportDir": "cypress/reports",
        "reportFilename": "report",
        "overwrite": false,
        "html": true,
        "json": true,
        "charts": true
      },
      "version": "6.0.1"
    }
  }
}