{
  "stats": {
    "suites": 1,
    "tests": 16,
    "passes": 0,
    "pending": 0,
    "failures": 16,
    "start": "2022-06-22T14:50:15.237Z",
    "end": "2022-06-22T14:56:09.840Z",
    "duration": 354603,
    "testsRegistered": 16,
    "passPercent": 0,
    "pendingPercent": 0,
    "other": 0,
    "hasOther": false,
    "skipped": 0,
    "hasSkipped": false
  },
  "results": [
    {
      "uuid": "e11885c4-a355-4eff-9ccb-20648b308713",
      "title": "",
      "fullFile": "cypress\\e2e\\Admin_Testcases\\18_Scheduled.spec.js",
      "file": "cypress\\e2e\\Admin_Testcases\\18_Scheduled.spec.js",
      "beforeHooks": [],
      "afterHooks": [],
      "tests": [],
      "suites": [
        {
          "uuid": "e96cd9d2-7b08-4558-a9a7-5bf55da12611",
          "title": "Scheduled Appointment Details Test cases",
          "fullFile": "",
          "file": "",
          "beforeHooks": [],
          "afterHooks": [],
          "tests": [
            {
              "title": "As a Admin the user should be navigated to the Appointment Details page of \"Scheduled\" appointment by clicking on the eye icon against that appointment",
              "fullTitle": "Scheduled Appointment Details Test cases As a Admin the user should be navigated to the Appointment Details page of \"Scheduled\" appointment by clicking on the eye icon against that appointment",
              "timedOut": null,
              "duration": 97180,
              "state": "failed",
              "speed": null,
              "pass": false,
              "fail": true,
              "pending": false,
              "context": null,
              "code": "cy.login();\ncy.url().should('contain', '/dashboard');\ncy.get('.space-y-4 > :nth-child(2)').should('be.visible').should('have.text', 'Patients').click();\ncy.url().should('contain', '/patients');\ncy.AddPatient();\ncy.readFile('cypress/fixtures/provider.json').then(provider => {\n  cy.get('[type=search]').should('be.visible').type(provider.email.toLowerCase());\n  cy.get('tr:nth-child(1)>td:nth-child(2)').should('be.visible').should('have.text', provider.email.toLowerCase());\n  cy.wait(4000);\n});\ncy.bookappointment();\ncy.get('[type=search]').should('be.visible').clear();\ncy.wait(4000);\ncy.get('.space-y-4 > :nth-child(4)').should('be.visible').should('have.text', 'Appointments').click();\ncy.get('table>tbody>tr:nth-child(1)>td:nth-child(4)').should('be.visible').should('have.text', 'pending approval');\ncy.get('table>tbody>tr:nth-child(1)>td:nth-child(8)>div>svg').scrollIntoView().should('be.visible').click();\ncy.wait(4000);\ncy.get(':nth-child(3) > .font-semibold > .text-sm').should('be.visible').should('have.text', 'pending approval');\ncy.get('[textid=\"admin.appointment.accept\"]').should('be.visible').should('have.text', 'Accept').click();\ncy.wait(5000);\ncy.get(':nth-child(3) > .font-semibold > .text-sm').should('be.visible').should('have.text', 'awaiting time');\ncy.get('[textid=\"admin.appointment.assign.provider\"]').should('be.visible').should('have.text', 'Assign Provider').click();\ncy.wait(5000);\ncy.get('.hidden>div>form>div:nth-child(4)>div').should('be.visible').type('Priority customer');\ncy.wait(5000);\ncy.get('.hidden>.mt-6>form>div:nth-child(1)>div:nth-child(2)').should('be.visible').click();\ncy.wait(3000);\ncy.get('.css-11unzgr>div:nth-child(1)').click();\ncy.get('.hidden>div>form>div:nth-child(2)>div:nth-child(1)>div').should('be.visible').click();\ncy.get('.react-datepicker__day--today').scrollIntoView().should('be.visible').click();\ncy.get('.hidden>div>form>div:nth-child(2)>div:nth-child(2)>div').should('be.visible').click();\ncy.get('.rc-time-picker-panel-select:nth-child(1)>ul>li:nth-child(2)').scrollIntoView().should('be.visible').click();\ncy.get('.rc-time-picker-panel-select:nth-child(3)>ul>li:nth-child(1)').should('be.visible').click();\ncy.get('.hidden>div>form>div:nth-child(5)>button').should('be.visible').should('have.text', 'Assign').click();\ncy.wait(5000);\ncy.get(':nth-child(3) > .font-semibold > .text-sm').should('be.visible').should('have.text', 'scheduled');",
              "err": {
                "message": "AssertionError: Timed out retrying after 15000ms: Expected to find content: 'Appointment Added successfully ' but never did.",
                "estack": "AssertionError: Timed out retrying after 15000ms: Expected to find content: 'Appointment Added successfully ' but never did.\n    at Context.eval (https://qa.rch.build-release.com/__cypress/tests?p=cypress\\support\\e2e.js:458:6)",
                "diff": null
              },
              "uuid": "b969b81f-d9d8-4401-9bc2-0692601ff90b",
              "parentUUID": "e96cd9d2-7b08-4558-a9a7-5bf55da12611",
              "isHook": false,
              "skipped": false
            },
            {
              "title": "At \"Appointment details\" page each label and field should have proper label and validations",
              "fullTitle": "Scheduled Appointment Details Test cases At \"Appointment details\" page each label and field should have proper label and validations",
              "timedOut": null,
              "duration": 15990,
              "state": "failed",
              "speed": null,
              "pass": false,
              "fail": true,
              "pending": false,
              "context": null,
              "code": "cy.get('.space-x-4 > .font-semibold').should('be.visible').should('have.text', 'Appointment Details');\ncy.get('.w-7').should('be.visible');\ncy.get('.min-h-screen.pb-2>div:nth-child(2)>div:nth-child(1)>div:nth-child(1)').should('be.visible');\ncy.get('.mx-4 > :nth-child(2)>div:nth-child(1)>div').should('be.visible').should('have.text', 'Appointment ID');\ncy.get('.mx-4 > :nth-child(2)>div:nth-child(2)>div').should('be.visible').should('have.text', 'Requested For');\ncy.get('.mx-4 > :nth-child(2)>div:nth-child(3)>div:nth-child(1)').should('be.visible').should('have.text', 'Status');\ncy.get('.mx-4 > :nth-child(3)>div:nth-child(2)>div').should('be.visible').should('have.text', 'Service Address');\ncy.get('.mx-4 > :nth-child(3)>div:nth-child(1)>div').should('be.visible').should('have.text', 'Scheduled On');\ncy.get('.mx-4 > :nth-child(4)>div:nth-child(1)').should('be.visible').should('have.text', 'Patients');\ncy.get('.mx-4 > :nth-child(5)>div:nth-child(1)').should('be.visible').should('have.text', 'Services Requested');\ncy.get('.mx-4 > :nth-child(6)>div:nth-child(1)').should('be.visible').should('have.text', 'Provider Details');\ncy.get('[textid=\"cancel.appointment\"]').should('be.visible').should('have.text', 'Cancel Appointment');\ncy.get('[textid=\"reschedule.appointment\"]').should('have.text', 'Reschedule Appointment');\ncy.get('[textid=\"change.provider\"]').should('have.text', 'Change Provider');",
              "err": {
                "message": "AssertionError: Timed out retrying after 15000ms: Expected to find element: `.space-x-4 > .font-semibold`, but never found it.",
                "estack": "AssertionError: Timed out retrying after 15000ms: Expected to find element: `.space-x-4 > .font-semibold`, but never found it.\n    at Context.eval (https://qa.rch.build-release.com/__cypress/tests?p=cypress\\e2e\\Admin_Testcases\\18_Scheduled.spec.js:142:43)",
                "diff": null
              },
              "uuid": "f9adc92c-8a91-4789-96f5-d3e9de8f590a",
              "parentUUID": "e96cd9d2-7b08-4558-a9a7-5bf55da12611",
              "isHook": false,
              "skipped": false
            },
            {
              "title": "The unique appointment id should be displayed",
              "fullTitle": "Scheduled Appointment Details Test cases The unique appointment id should be displayed",
              "timedOut": null,
              "duration": 15833,
              "state": "failed",
              "speed": null,
              "pass": false,
              "fail": true,
              "pending": false,
              "context": null,
              "code": "cy.get('.mx-4 > :nth-child(2)>div:nth-child(1)>div').should('be.visible').should('have.text', 'Appointment ID');",
              "err": {
                "message": "AssertionError: Timed out retrying after 15000ms: Expected to find element: `.mx-4 > :nth-child(2)>div:nth-child(1)>div`, but never found it.",
                "estack": "AssertionError: Timed out retrying after 15000ms: Expected to find element: `.mx-4 > :nth-child(2)>div:nth-child(1)>div`, but never found it.\n    at Context.eval (https://qa.rch.build-release.com/__cypress/tests?p=cypress\\e2e\\Admin_Testcases\\18_Scheduled.spec.js:158:58)",
                "diff": null
              },
              "uuid": "e70d3843-36b5-470f-9a99-34e267a47dcd",
              "parentUUID": "e96cd9d2-7b08-4558-a9a7-5bf55da12611",
              "isHook": false,
              "skipped": false
            },
            {
              "title": "The date requested by the patient should be displayed",
              "fullTitle": "Scheduled Appointment Details Test cases The date requested by the patient should be displayed",
              "timedOut": null,
              "duration": 16072,
              "state": "failed",
              "speed": null,
              "pass": false,
              "fail": true,
              "pending": false,
              "context": null,
              "code": "cy.get('.mx-4 > :nth-child(2)>div:nth-child(2)>div').should('be.visible').should('have.text', 'Requested For');",
              "err": {
                "message": "AssertionError: Timed out retrying after 15000ms: Expected to find element: `.mx-4 > :nth-child(2)>div:nth-child(2)>div`, but never found it.",
                "estack": "AssertionError: Timed out retrying after 15000ms: Expected to find element: `.mx-4 > :nth-child(2)>div:nth-child(2)>div`, but never found it.\n    at Context.eval (https://qa.rch.build-release.com/__cypress/tests?p=cypress\\e2e\\Admin_Testcases\\18_Scheduled.spec.js:161:58)",
                "diff": null
              },
              "uuid": "e181904a-8995-440e-97a3-a30abe5f4586",
              "parentUUID": "e96cd9d2-7b08-4558-a9a7-5bf55da12611",
              "isHook": false,
              "skipped": false
            },
            {
              "title": "The Service Address where the patient requested the service should be displayed",
              "fullTitle": "Scheduled Appointment Details Test cases The Service Address where the patient requested the service should be displayed",
              "timedOut": null,
              "duration": 16220,
              "state": "failed",
              "speed": null,
              "pass": false,
              "fail": true,
              "pending": false,
              "context": null,
              "code": "cy.get('.mx-4 > :nth-child(3)>div:nth-child(2)>div').should('be.visible').should('have.text', 'Service Address');",
              "err": {
                "message": "AssertionError: Timed out retrying after 15000ms: Expected to find element: `.mx-4 > :nth-child(3)>div:nth-child(2)>div`, but never found it.",
                "estack": "AssertionError: Timed out retrying after 15000ms: Expected to find element: `.mx-4 > :nth-child(3)>div:nth-child(2)>div`, but never found it.\n    at Context.eval (https://qa.rch.build-release.com/__cypress/tests?p=cypress\\e2e\\Admin_Testcases\\18_Scheduled.spec.js:164:58)",
                "diff": null
              },
              "uuid": "43365383-e462-4deb-bea9-885170eec7cc",
              "parentUUID": "e96cd9d2-7b08-4558-a9a7-5bf55da12611",
              "isHook": false,
              "skipped": false
            },
            {
              "title": "As a Admin the user should be navigated to the medical history page of particular patient by clicking on the name card of that particular patient",
              "fullTitle": "Scheduled Appointment Details Test cases As a Admin the user should be navigated to the medical history page of particular patient by clicking on the name card of that particular patient",
              "timedOut": null,
              "duration": 15980,
              "state": "failed",
              "speed": null,
              "pass": false,
              "fail": true,
              "pending": false,
              "context": null,
              "code": "cy.get('.justify-between > .flex > .w-6').should('be.visible').click();\ncy.wait(4000);\ncy.get('svg.h-6').should('be.visible').click();",
              "err": {
                "message": "AssertionError: Timed out retrying after 15000ms: Expected to find element: `.justify-between > .flex > .w-6`, but never found it.",
                "estack": "AssertionError: Timed out retrying after 15000ms: Expected to find element: `.justify-between > .flex > .w-6`, but never found it.\n    at Context.eval (https://qa.rch.build-release.com/__cypress/tests?p=cypress\\e2e\\Admin_Testcases\\18_Scheduled.spec.js:167:47)",
                "diff": null
              },
              "uuid": "339ae9f1-fc18-42be-b426-6d1123b2c2e5",
              "parentUUID": "e96cd9d2-7b08-4558-a9a7-5bf55da12611",
              "isHook": false,
              "skipped": false
            },
            {
              "title": "The list of services requested by the patient should be displayed",
              "fullTitle": "Scheduled Appointment Details Test cases The list of services requested by the patient should be displayed",
              "timedOut": null,
              "duration": 15972,
              "state": "failed",
              "speed": null,
              "pass": false,
              "fail": true,
              "pending": false,
              "context": null,
              "code": "cy.get('.mx-4 > :nth-child(5)>div:nth-child(1)').should('have.text', 'Services Requested');",
              "err": {
                "message": "AssertionError: Timed out retrying after 15000ms: Expected to find element: `.mx-4 > :nth-child(5)>div:nth-child(1)`, but never found it.",
                "estack": "AssertionError: Timed out retrying after 15000ms: Expected to find element: `.mx-4 > :nth-child(5)>div:nth-child(1)`, but never found it.\n    at Context.eval (https://qa.rch.build-release.com/__cypress/tests?p=cypress\\e2e\\Admin_Testcases\\18_Scheduled.spec.js:172:54)",
                "diff": null
              },
              "uuid": "a3a25ca7-8653-4c0c-9d5f-d7f8bbc5421a",
              "parentUUID": "e96cd9d2-7b08-4558-a9a7-5bf55da12611",
              "isHook": false,
              "skipped": false
            },
            {
              "title": "The Appointment scheduled date and time should be displayed",
              "fullTitle": "Scheduled Appointment Details Test cases The Appointment scheduled date and time should be displayed",
              "timedOut": null,
              "duration": 15919,
              "state": "failed",
              "speed": null,
              "pass": false,
              "fail": true,
              "pending": false,
              "context": null,
              "code": "cy.get('.py-6:nth-child(3)>div:nth-child(1)>span').should('be.visible');\ncy.wait(5000);",
              "err": {
                "message": "AssertionError: Timed out retrying after 15000ms: Expected to find element: `.py-6:nth-child(3)>div:nth-child(1)>span`, but never found it.",
                "estack": "AssertionError: Timed out retrying after 15000ms: Expected to find element: `.py-6:nth-child(3)>div:nth-child(1)>span`, but never found it.\n    at Context.eval (https://qa.rch.build-release.com/__cypress/tests?p=cypress\\e2e\\Admin_Testcases\\18_Scheduled.spec.js:175:56)",
                "diff": null
              },
              "uuid": "492fe5f5-edec-4b67-8da1-bbcb467d5304",
              "parentUUID": "e96cd9d2-7b08-4558-a9a7-5bf55da12611",
              "isHook": false,
              "skipped": false
            },
            {
              "title": "As a Admin the user should be navigated to the Profile details page of provider by clicking on name card of the provider",
              "fullTitle": "Scheduled Appointment Details Test cases As a Admin the user should be navigated to the Profile details page of provider by clicking on name card of the provider",
              "timedOut": null,
              "duration": 16047,
              "state": "failed",
              "speed": null,
              "pass": false,
              "fail": true,
              "pending": false,
              "context": null,
              "code": "cy.get('.py-4:nth-child(6)>div:nth-child(2)>div:nth-child(1)').should('be.visible').click();\ncy.wait(5000);\ncy.url().should('contain', '/providers');\ncy.get('.col-span-12 > div:nth-child(1) > div').should('be.visible');\ncy.get('.space-x-4.text-primary > svg').should('be.visible').click();\ncy.wait(5000);",
              "err": {
                "message": "AssertionError: Timed out retrying after 15000ms: Expected to find element: `.py-4:nth-child(6)>div:nth-child(2)>div:nth-child(1)`, but never found it.",
                "estack": "AssertionError: Timed out retrying after 15000ms: Expected to find element: `.py-4:nth-child(6)>div:nth-child(2)>div:nth-child(1)`, but never found it.\n    at Context.eval (https://qa.rch.build-release.com/__cypress/tests?p=cypress\\e2e\\Admin_Testcases\\18_Scheduled.spec.js:179:68)",
                "diff": null
              },
              "uuid": "ebd7498d-51a5-4fe1-9070-3c794c807682",
              "parentUUID": "e96cd9d2-7b08-4558-a9a7-5bf55da12611",
              "isHook": false,
              "skipped": false
            },
            {
              "title": "As a Admin the user can chat with provider by clicking on chat icon against the provider",
              "fullTitle": "Scheduled Appointment Details Test cases As a Admin the user can chat with provider by clicking on chat icon against the provider",
              "timedOut": null,
              "duration": 16230,
              "state": "failed",
              "speed": null,
              "pass": false,
              "fail": true,
              "pending": false,
              "context": null,
              "code": "cy.get('.py-4:nth-child(6)>div:nth-child(2)>div:nth-child(1)>div>div:nth-child(2)').should('be.visible').click();\ncy.wait(5000);\ncy.url().should('contain', '/chat');\ncy.get('.space-x-4.text-primary > svg').should('be.visible').click();\ncy.wait(5000);",
              "err": {
                "message": "AssertionError: Timed out retrying after 15000ms: Expected to find element: `.py-4:nth-child(6)>div:nth-child(2)>div:nth-child(1)>div>div:nth-child(2)`, but never found it.",
                "estack": "AssertionError: Timed out retrying after 15000ms: Expected to find element: `.py-4:nth-child(6)>div:nth-child(2)>div:nth-child(1)>div>div:nth-child(2)`, but never found it.\n    at Context.eval (https://qa.rch.build-release.com/__cypress/tests?p=cypress\\e2e\\Admin_Testcases\\18_Scheduled.spec.js:187:89)",
                "diff": null
              },
              "uuid": "4672b5f1-f4bc-48d5-9cf1-d145da19f263",
              "parentUUID": "e96cd9d2-7b08-4558-a9a7-5bf55da12611",
              "isHook": false,
              "skipped": false
            },
            {
              "title": "As a Admin the user can should get appointment reschedule window by clicking on \"reschedule Appointment\" button",
              "fullTitle": "Scheduled Appointment Details Test cases As a Admin the user can should get appointment reschedule window by clicking on \"reschedule Appointment\" button",
              "timedOut": null,
              "duration": 16302,
              "state": "failed",
              "speed": null,
              "pass": false,
              "fail": true,
              "pending": false,
              "context": null,
              "code": "cy.get('[textid=\"reschedule.appointment\"]').should('have.text', 'Reschedule Appointment').click();\ncy.wait(5000);\ncy.get('.hidden>div:nth-child(1)>div').should('be.visible').should('have.text', 'Reschedule Appointment');",
              "err": {
                "message": "AssertionError: Timed out retrying after 15000ms: Expected to find element: `[textid=\"reschedule.appointment\"]`, but never found it.",
                "estack": "AssertionError: Timed out retrying after 15000ms: Expected to find element: `[textid=\"reschedule.appointment\"]`, but never found it.\n    at Context.eval (https://qa.rch.build-release.com/__cypress/tests?p=cypress\\e2e\\Admin_Testcases\\18_Scheduled.spec.js:194:49)",
                "diff": null
              },
              "uuid": "bb261021-4d14-49c8-8925-bebb01713d4c",
              "parentUUID": "e96cd9d2-7b08-4558-a9a7-5bf55da12611",
              "isHook": false,
              "skipped": false
            },
            {
              "title": "At \"Appointment Reschedule\" page each label and field should have proper label and validations",
              "fullTitle": "Scheduled Appointment Details Test cases At \"Appointment Reschedule\" page each label and field should have proper label and validations",
              "timedOut": null,
              "duration": 16229,
              "state": "failed",
              "speed": null,
              "pass": false,
              "fail": true,
              "pending": false,
              "context": null,
              "code": "cy.get('.hidden>div:nth-child(1)>div').should('be.visible').should('have.text', 'Reschedule Appointment');\ncy.get('.hidden>div:nth-child(2)>form>div:nth-child(1)>div:nth-child(1)>label').should('be.visible').should('have.text', 'Appointment Date');\ncy.get('.hidden>div:nth-child(2)>form>div:nth-child(1)>div:nth-child(2)>label').should('be.visible').should('have.text', 'Appointment Time');\ncy.get('.hidden>div:nth-child(2)>form>div:nth-child(2)>button').should('be.visible').should('have.text', 'Reschedule');",
              "err": {
                "message": "AssertionError: Timed out retrying after 15000ms: Expected to find element: `.hidden>div:nth-child(1)>div`, but never found it.",
                "estack": "AssertionError: Timed out retrying after 15000ms: Expected to find element: `.hidden>div:nth-child(1)>div`, but never found it.\n    at Context.eval (https://qa.rch.build-release.com/__cypress/tests?p=cypress\\e2e\\Admin_Testcases\\18_Scheduled.spec.js:199:44)",
                "diff": null
              },
              "uuid": "65b85dd7-9b08-4b53-b2c7-3e0b87f4e7b5",
              "parentUUID": "e96cd9d2-7b08-4558-a9a7-5bf55da12611",
              "isHook": false,
              "skipped": false
            },
            {
              "title": "After Selecting Appointment date, Appointment time and by clicking on Rescheduled button the Appointment should be rescheduled",
              "fullTitle": "Scheduled Appointment Details Test cases After Selecting Appointment date, Appointment time and by clicking on Rescheduled button the Appointment should be rescheduled",
              "timedOut": null,
              "duration": 16232,
              "state": "failed",
              "speed": null,
              "pass": false,
              "fail": true,
              "pending": false,
              "context": null,
              "code": "cy.get('.hidden>div:nth-child(2)>form>div:nth-child(1)>div:nth-child(1)>div').should('be.visible').click();\ncy.get('.react-datepicker__day--025').scrollIntoView().should('be.visible').click();\ncy.get('.hidden>div:nth-child(2)>form>div:nth-child(1)>div:nth-child(2)>div').should('be.visible').click();\ncy.get('.rc-time-picker-panel-select:nth-child(1)>ul>li:nth-child(2)').scrollIntoView().should('be.visible').click();\ncy.get('.rc-time-picker-panel-select:nth-child(3)>ul>li:nth-child(1)').should('be.visible').click();\ncy.get('.hidden>div:nth-child(2)>form>div:nth-child(2)>button').should('be.visible').should('have.text', 'Reschedule').click({\n  force: true\n});",
              "err": {
                "message": "AssertionError: Timed out retrying after 15000ms: Expected to find element: `.hidden>div:nth-child(2)>form>div:nth-child(1)>div:nth-child(1)>div`, but never found it.",
                "estack": "AssertionError: Timed out retrying after 15000ms: Expected to find element: `.hidden>div:nth-child(2)>form>div:nth-child(1)>div:nth-child(1)>div`, but never found it.\n    at Context.eval (https://qa.rch.build-release.com/__cypress/tests?p=cypress\\e2e\\Admin_Testcases\\18_Scheduled.spec.js:205:83)",
                "diff": null
              },
              "uuid": "495620b6-3b16-4b42-9903-6b32aab54df6",
              "parentUUID": "e96cd9d2-7b08-4558-a9a7-5bf55da12611",
              "isHook": false,
              "skipped": false
            },
            {
              "title": "The Rescheduled date and time should reflect instantly under appointment details",
              "fullTitle": "Scheduled Appointment Details Test cases The Rescheduled date and time should reflect instantly under appointment details",
              "timedOut": null,
              "duration": 17029,
              "state": "failed",
              "speed": null,
              "pass": false,
              "fail": true,
              "pending": false,
              "context": null,
              "code": "cy.get('.py-6:nth-child(3)>div:nth-child(1)>span').should('be.visible').should('contain', '25 202');",
              "err": {
                "message": "AssertionError: Timed out retrying after 15000ms: Expected to find element: `.py-6:nth-child(3)>div:nth-child(1)>span`, but never found it.",
                "estack": "AssertionError: Timed out retrying after 15000ms: Expected to find element: `.py-6:nth-child(3)>div:nth-child(1)>span`, but never found it.\n    at Context.eval (https://qa.rch.build-release.com/__cypress/tests?p=cypress\\e2e\\Admin_Testcases\\18_Scheduled.spec.js:215:56)",
                "diff": null
              },
              "uuid": "df894bb7-8086-4de3-866c-13262c870d8c",
              "parentUUID": "e96cd9d2-7b08-4558-a9a7-5bf55da12611",
              "isHook": false,
              "skipped": false
            },
            {
              "title": "As a Admin the user can change the provider assigned by clicking on the change provider button",
              "fullTitle": "Scheduled Appointment Details Test cases As a Admin the user can change the provider assigned by clicking on the change provider button",
              "timedOut": null,
              "duration": 16281,
              "state": "failed",
              "speed": null,
              "pass": false,
              "fail": true,
              "pending": false,
              "context": null,
              "code": "cy.get('[textid=\"change.provider\"]').should('have.text', 'Change Provider').click();\ncy.wait(3000);\ncy.get('.hidden>.mt-6>form>div:nth-child(1)>div:nth-child(2)').should('be.visible').click();\ncy.wait(3000);\ncy.get('.css-11unzgr>div:nth-child(2)').click();\ncy.get('.hidden > .mt-6 > .grid > .pt-4 > .flex').should('be.visible').should('have.text', 'Assign').click();\ncy.wait(3000);",
              "err": {
                "message": "AssertionError: Timed out retrying after 15000ms: Expected to find element: `[textid=\"change.provider\"]`, but never found it.",
                "estack": "AssertionError: Timed out retrying after 15000ms: Expected to find element: `[textid=\"change.provider\"]`, but never found it.\n    at Context.eval (https://qa.rch.build-release.com/__cypress/tests?p=cypress\\e2e\\Admin_Testcases\\18_Scheduled.spec.js:218:42)",
                "diff": null
              },
              "uuid": "c6b4542d-22e7-42f8-9cc4-7f79a04a53bf",
              "parentUUID": "e96cd9d2-7b08-4558-a9a7-5bf55da12611",
              "isHook": false,
              "skipped": false
            },
            {
              "title": "As a Admin the user can cancel the appointment after entering the cancellation reason by clicking on the cancel button",
              "fullTitle": "Scheduled Appointment Details Test cases As a Admin the user can cancel the appointment after entering the cancellation reason by clicking on the cancel button",
              "timedOut": null,
              "duration": 16617,
              "state": "failed",
              "speed": null,
              "pass": false,
              "fail": true,
              "pending": false,
              "context": null,
              "code": "cy.get('[textid=\"cancel.appointment\"]').should('be.visible').should('have.text', 'Cancel Appointment').click({\n  force: true\n});\ncy.wait(3000);\ncy.get('.hidden>div:nth-child(1)>div').should('be.visible').should('have.text', 'Confirmation');\ncy.get('.hidden>div:nth-child(1)>svg').should('be.visible');\ncy.get('div.hidden>div:nth-child(2)>div').should('be.visible').should('have.text', 'Are you sure, want to cancel this appointment.');\ncy.get('div.hidden>div:nth-child(2)>form>div:nth-child(1)>div>label').should('be.visible').should('have.text', 'Reason For Cancellation');\ncy.get('div.hidden>div:nth-child(2)>form>div:nth-child(1)>div>div>textarea').should('be.visible');\ncy.get('div.hidden>div:nth-child(2)>form>div:nth-child(1)>div>div>textarea').should('be.visible').type('Provider not available');\ncy.get('div.hidden>div:nth-child(2)>form>div:nth-child(2)>button').should('be.visible').should('have.text', 'Cancel Appointment').click();\ncy.wait(5000);\ncy.get(':nth-child(3) > .font-semibold > .text-sm').should('be.visible').should('have.text', 'cancelled');\ncy.logout();",
              "err": {
                "message": "AssertionError: Timed out retrying after 15000ms: Expected to find element: `[textid=\"cancel.appointment\"]`, but never found it.",
                "estack": "AssertionError: Timed out retrying after 15000ms: Expected to find element: `[textid=\"cancel.appointment\"]`, but never found it.\n    at Context.eval (https://qa.rch.build-release.com/__cypress/tests?p=cypress\\e2e\\Admin_Testcases\\18_Scheduled.spec.js:227:45)",
                "diff": null
              },
              "uuid": "facdb37c-0628-49b9-b90f-d783598b306d",
              "parentUUID": "e96cd9d2-7b08-4558-a9a7-5bf55da12611",
              "isHook": false,
              "skipped": false
            }
          ],
          "suites": [],
          "passes": [],
          "failures": [
            "b969b81f-d9d8-4401-9bc2-0692601ff90b",
            "f9adc92c-8a91-4789-96f5-d3e9de8f590a",
            "e70d3843-36b5-470f-9a99-34e267a47dcd",
            "e181904a-8995-440e-97a3-a30abe5f4586",
            "43365383-e462-4deb-bea9-885170eec7cc",
            "339ae9f1-fc18-42be-b426-6d1123b2c2e5",
            "a3a25ca7-8653-4c0c-9d5f-d7f8bbc5421a",
            "492fe5f5-edec-4b67-8da1-bbcb467d5304",
            "ebd7498d-51a5-4fe1-9070-3c794c807682",
            "4672b5f1-f4bc-48d5-9cf1-d145da19f263",
            "bb261021-4d14-49c8-8925-bebb01713d4c",
            "65b85dd7-9b08-4b53-b2c7-3e0b87f4e7b5",
            "495620b6-3b16-4b42-9903-6b32aab54df6",
            "df894bb7-8086-4de3-866c-13262c870d8c",
            "c6b4542d-22e7-42f8-9cc4-7f79a04a53bf",
            "facdb37c-0628-49b9-b90f-d783598b306d"
          ],
          "pending": [],
          "skipped": [],
          "duration": 340133,
          "root": false,
          "rootEmpty": false,
          "_timeout": 2000
        }
      ],
      "passes": [],
      "failures": [],
      "pending": [],
      "skipped": [],
      "duration": 0,
      "root": true,
      "rootEmpty": true,
      "_timeout": 2000
    }
  ],
  "meta": {
    "mocha": {
      "version": "7.0.1"
    },
    "mochawesome": {
      "options": {
        "quiet": false,
        "reportFilename": "report",
        "saveHtml": true,
        "saveJson": true,
        "consoleReporter": "spec",
        "useInlineDiffs": false,
        "code": true
      },
      "version": "7.0.1"
    },
    "marge": {
      "options": {
        "reportDir": "cypress/reports",
        "reportFilename": "report",
        "overwrite": false,
        "html": true,
        "json": true,
        "charts": true
      },
      "version": "6.0.1"
    }
  }
}