{
  "stats": {
    "suites": 1,
    "tests": 8,
    "passes": 8,
    "pending": 0,
    "failures": 0,
    "start": "2021-09-29T05:06:30.986Z",
    "end": "2021-09-29T05:06:59.429Z",
    "duration": 28443,
    "testsRegistered": 8,
    "passPercent": 100,
    "pendingPercent": 0,
    "other": 0,
    "hasOther": false,
    "skipped": 0,
    "hasSkipped": false
  },
  "results": [
    {
      "uuid": "03f2b51b-be0e-49f5-b33d-ce6724f5d74f",
      "title": "",
      "fullFile": "cypress/integration/Admin_Testcases/04_forgotPassword.spec.js",
      "file": "cypress/integration/Admin_Testcases/04_forgotPassword.spec.js",
      "beforeHooks": [],
      "afterHooks": [],
      "tests": [],
      "suites": [
        {
          "uuid": "0dedaf87-f49f-4331-a253-a1ac6b746fa2",
          "title": "Forgot password module testcases",
          "fullFile": "",
          "file": "",
          "beforeHooks": [],
          "afterHooks": [],
          "tests": [
            {
              "title": "As a Admin I should be able to navigate on Forgot password page",
              "fullTitle": "Forgot password module testcases As a Admin I should be able to navigate on Forgot password page",
              "timedOut": null,
              "duration": 5193,
              "state": "passed",
              "speed": "slow",
              "pass": true,
              "fail": false,
              "pending": false,
              "context": null,
              "code": "cy.visit(data.qaUrl);\ncy.get('a > .text-primary').should('be.visible').click();\ncy.url().should('include', 'forgot-password');",
              "err": {},
              "uuid": "0bcb781c-ec69-4dc1-995b-e663046a6b00",
              "parentUUID": "0dedaf87-f49f-4331-a253-a1ac6b746fa2",
              "isHook": false,
              "skipped": false
            },
            {
              "title": "At Forgot password page each field should have proper lable and validation",
              "fullTitle": "Forgot password module testcases At Forgot password page each field should have proper lable and validation",
              "timedOut": null,
              "duration": 1487,
              "state": "passed",
              "speed": "slow",
              "pass": true,
              "fail": false,
              "pending": false,
              "context": null,
              "code": "cy.get('.text-gray-900').should('be.visible').and('have.text', 'Forgot Password? ');\ncy.get('.text-gray-500').should('be.visible').and('contain', 'A 6 digit verification code will be sent to your registered Email Address');\ncy.get(':nth-child(1) > .text-sm > div').should('be.visible').and('have.text', 'Email');\ncy.get('.appearance-none').should('be.visible');\ncy.get('.mt-5 > .flex').should('be.visible').click();\ncy.get('.text-red-600').should('be.visible').and('contain.text', 'Required'); //invalid email case\ncy.get('.appearance-none').clear().type('ASd@ads@sd.com');\ncy.get('.text-red-600').should('be.visible').and('have.text', 'Please enter valid email');",
              "err": {},
              "uuid": "a4b4a188-5f26-4b1a-8994-afba0daa19d4",
              "parentUUID": "0dedaf87-f49f-4331-a253-a1ac6b746fa2",
              "isHook": false,
              "skipped": false
            },
            {
              "title": "OTP shouldn't send on invalid email",
              "fullTitle": "Forgot password module testcases OTP shouldn't send on invalid email",
              "timedOut": null,
              "duration": 982,
              "state": "passed",
              "speed": "slow",
              "pass": true,
              "fail": false,
              "pending": false,
              "context": null,
              "code": "cy.get('.appearance-none').clear().type('abc@gmail.com');\ncy.get('.mt-5 > .flex').click();\ncy.contains('User not found');",
              "err": {},
              "uuid": "4c1defc6-6bb6-4e43-82f8-8a71da000e11",
              "parentUUID": "0dedaf87-f49f-4331-a253-a1ac6b746fa2",
              "isHook": false,
              "skipped": false
            },
            {
              "title": "OTP should sent on Valid registerd email",
              "fullTitle": "Forgot password module testcases OTP should sent on Valid registerd email",
              "timedOut": null,
              "duration": 3015,
              "state": "passed",
              "speed": "slow",
              "pass": true,
              "fail": false,
              "pending": false,
              "context": null,
              "code": "const emailId = data.email;\ncy.get('.appearance-none').clear().type(emailId);\ncy.get('.mt-5 > .flex').click();\ncy.contains('OTP send to ' + emailId);",
              "err": {},
              "uuid": "9d18fba0-c04a-4471-be02-d96efbccdb71",
              "parentUUID": "0dedaf87-f49f-4331-a253-a1ac6b746fa2",
              "isHook": false,
              "skipped": false
            },
            {
              "title": "Verify each and evey label and title on varification screen",
              "fullTitle": "Forgot password module testcases Verify each and evey label and title on varification screen",
              "timedOut": null,
              "duration": 13820,
              "state": "passed",
              "speed": "slow",
              "pass": true,
              "fail": false,
              "pending": false,
              "context": null,
              "code": "cy.get('.text-gray-800').should('be.visible').and('have.text', 'Enter Verification Code');\ncy.get('.text-gray-500').should('be.visible').and('have.text', 'A 6 digit verification code has been sent to your email address');\ncy.get('.mt-3 > :nth-child(1)').should('be.visible').and('have.text', \"Haven't received the code?\");\ncy.get('.mt-5 > .flex').should('be.visible');",
              "err": {},
              "uuid": "e98f5297-41e6-41c1-b255-4fd91023865f",
              "parentUUID": "0dedaf87-f49f-4331-a253-a1ac6b746fa2",
              "isHook": false,
              "skipped": false
            },
            {
              "title": "valdation should appear when user does not enter otp into the field",
              "fullTitle": "Forgot password module testcases valdation should appear when user does not enter otp into the field",
              "timedOut": null,
              "duration": 163,
              "state": "passed",
              "speed": "slow",
              "pass": true,
              "fail": false,
              "pending": false,
              "context": null,
              "code": "cy.get('.mt-5 > .flex').should('be.visible').click();\ncy.get('.my-4 > .text-xs').should('be.visible').and('have.text', 'Verfication Code is not valid, please re-enter or resend Verfication code');",
              "err": {},
              "uuid": "ccb91c6d-ab06-41ea-aa72-3c1cf7484ead",
              "parentUUID": "0dedaf87-f49f-4331-a253-a1ac6b746fa2",
              "isHook": false,
              "skipped": false
            },
            {
              "title": "validation should appear when user enter invalid OTP",
              "fullTitle": "Forgot password module testcases validation should appear when user enter invalid OTP",
              "timedOut": null,
              "duration": 1112,
              "state": "passed",
              "speed": "slow",
              "pass": true,
              "fail": false,
              "pending": false,
              "context": null,
              "code": "cy.xpath(\"//div[@style='display: flex; margin: 0px 0px 0px -0.5rem;']\").type('336699');\ncy.get('.mt-5 > .flex').should('be.visible').click();\ncy.get('.my-4 > .text-xs').should('be.visible').and('have.text', 'Verfication Code is not valid, please re-enter or resend Verfication code');",
              "err": {},
              "uuid": "4094571a-a94b-41e1-8bf3-fee216fd9862",
              "parentUUID": "0dedaf87-f49f-4331-a253-a1ac6b746fa2",
              "isHook": false,
              "skipped": false
            },
            {
              "title": "verify resend button functionality ",
              "fullTitle": "Forgot password module testcases verify resend button functionality ",
              "timedOut": null,
              "duration": 485,
              "state": "passed",
              "speed": "slow",
              "pass": true,
              "fail": false,
              "pending": false,
              "context": null,
              "code": "cy.get('.mt-3 > .font-bold').should('be.visible').click();\nconst emailId = data.email;\ncy.contains('OTP send to ' + emailId);",
              "err": {},
              "uuid": "37f59f85-d1f2-4154-80ce-c8515b9cc6b2",
              "parentUUID": "0dedaf87-f49f-4331-a253-a1ac6b746fa2",
              "isHook": false,
              "skipped": false
            }
          ],
          "suites": [],
          "passes": [
            "0bcb781c-ec69-4dc1-995b-e663046a6b00",
            "a4b4a188-5f26-4b1a-8994-afba0daa19d4",
            "4c1defc6-6bb6-4e43-82f8-8a71da000e11",
            "9d18fba0-c04a-4471-be02-d96efbccdb71",
            "e98f5297-41e6-41c1-b255-4fd91023865f",
            "ccb91c6d-ab06-41ea-aa72-3c1cf7484ead",
            "4094571a-a94b-41e1-8bf3-fee216fd9862",
            "37f59f85-d1f2-4154-80ce-c8515b9cc6b2"
          ],
          "failures": [],
          "pending": [],
          "skipped": [],
          "duration": 26257,
          "root": false,
          "rootEmpty": false,
          "_timeout": 2000
        }
      ],
      "passes": [],
      "failures": [],
      "pending": [],
      "skipped": [],
      "duration": 0,
      "root": true,
      "rootEmpty": true,
      "_timeout": 2000
    }
  ],
  "meta": {
    "mocha": {
      "version": "7.0.1"
    },
    "mochawesome": {
      "options": {
        "quiet": false,
        "reportFilename": "report",
        "saveHtml": true,
        "saveJson": true,
        "consoleReporter": "spec",
        "useInlineDiffs": false,
        "code": true
      },
      "version": "6.2.2"
    },
    "marge": {
      "options": {
        "reportDir": "cypress/reports",
        "reportFilename": "report",
        "overwrite": false,
        "html": true,
        "json": true,
        "charts": true
      },
      "version": "5.2.0"
    }
  }
}