{
  "stats": {
    "suites": 1,
    "tests": 8,
    "passes": 0,
    "pending": 0,
    "failures": 8,
    "start": "2022-06-21T10:39:08.442Z",
    "end": "2022-06-21T10:41:35.361Z",
    "duration": 146919,
    "testsRegistered": 8,
    "passPercent": 0,
    "pendingPercent": 0,
    "other": 0,
    "hasOther": false,
    "skipped": 0,
    "hasSkipped": false
  },
  "results": [
    {
      "uuid": "86cd1440-5c8b-4ac6-a193-3409188a7c17",
      "title": "",
      "fullFile": "cypress\\e2e\\Admin_Testcases\\14_ProviderChat.spec.js",
      "file": "cypress\\e2e\\Admin_Testcases\\14_ProviderChat.spec.js",
      "beforeHooks": [],
      "afterHooks": [],
      "tests": [],
      "suites": [
        {
          "uuid": "32cf2cfb-81a2-4396-befd-60ed08913aa0",
          "title": "Provider Chat module testcases",
          "fullFile": "",
          "file": "",
          "beforeHooks": [],
          "afterHooks": [],
          "tests": [
            {
              "title": "As a Admin the user should be navigated to the provider chat page of any patient by clicking on chats icon against that particular provider",
              "fullTitle": "Provider Chat module testcases As a Admin the user should be navigated to the provider chat page of any patient by clicking on chats icon against that particular provider",
              "timedOut": null,
              "duration": 28967,
              "state": "failed",
              "speed": null,
              "pass": false,
              "fail": true,
              "pending": false,
              "context": null,
              "code": "cy.login(cred.email, cred.password);\ncy.url().should('contain', '/dashboard');\ncy.get('.space-y-4 > :nth-child(3)').should('be.visible').should('have.text', 'Providers').click();\ncy.url().should('contain', '/providers');\ncy.get('[type=search]').should('be.visible').type('varkala.pavankumar@gmail.com');\ncy.wait(2000);\ncy.get('tr:nth-child(1) > td:nth-child(7) > div>div>img').scrollIntoView().should('be.visible').click({\n  force: true\n});\ncy.url().should('contain', '/chat');",
              "err": {
                "message": "AssertionError: Timed out retrying after 15000ms: Expected to find element: `tr:nth-child(1) > td:nth-child(7) > div>div>img`, but never found it.",
                "estack": "AssertionError: Timed out retrying after 15000ms: Expected to find element: `tr:nth-child(1) > td:nth-child(7) > div>div>img`, but never found it.\n    at Context.eval (https://qa.rch.build-release.com/__cypress/tests?p=cypress\\e2e\\Admin_Testcases\\14_ProviderChat.spec.js:131:8)",
                "diff": null
              },
              "uuid": "914c635a-2f95-487d-b125-2fdb078a9c5a",
              "parentUUID": "32cf2cfb-81a2-4396-befd-60ed08913aa0",
              "isHook": false,
              "skipped": false
            },
            {
              "title": "At \"Chats\" page each label and field should have proper label and validations",
              "fullTitle": "Provider Chat module testcases At \"Chats\" page each label and field should have proper label and validations",
              "timedOut": null,
              "duration": 15444,
              "state": "failed",
              "speed": null,
              "pass": false,
              "fail": true,
              "pending": false,
              "context": null,
              "code": "cy.get('.font-bold').should('be.visible').should('have.text', 'Chat');\ncy.get('.flex-wrap > .h-6').should('be.visible');\ncy.get('.rounded-3xl').should('be.visible');\ncy.get('.w-full > .cursor-pointer').should('be.visible');",
              "err": {
                "message": "AssertionError: Timed out retrying after 15000ms: expected '[ <div.font-bold.text-xl.text-primary.pb-2>, 3 more... ]' to have text 'Chat', but the text was 'ProvidersPending InvitationsInvite ProviderNo result found.'",
                "estack": "AssertionError: Timed out retrying after 15000ms: expected '[ <div.font-bold.text-xl.text-primary.pb-2>, 3 more... ]' to have text 'Chat', but the text was 'ProvidersPending InvitationsInvite ProviderNo result found.'\n    at Context.eval (https://qa.rch.build-release.com/__cypress/tests?p=cypress\\e2e\\Admin_Testcases\\14_ProviderChat.spec.js:137:47)",
                "diff": "- 'ProvidersPending InvitationsInvite ProviderNo result found.'\n+ 'Chat'\n"
              },
              "uuid": "403fffb6-5661-4113-9a90-e2693b3546c5",
              "parentUUID": "32cf2cfb-81a2-4396-befd-60ed08913aa0",
              "isHook": false,
              "skipped": false
            },
            {
              "title": "As a Admin the user should able to send message to the provider",
              "fullTitle": "Provider Chat module testcases As a Admin the user should able to send message to the provider",
              "timedOut": null,
              "duration": 15453,
              "state": "failed",
              "speed": null,
              "pass": false,
              "fail": true,
              "pending": false,
              "context": null,
              "code": "cy.get('.w-full > .bg-white').should('be.visible').type('hi');\ncy.wait(2000);\ncy.get('.w-full > .cursor-pointer').should('be.visible').click();\ncy.wait(3000);",
              "err": {
                "message": "AssertionError: Timed out retrying after 15000ms: Expected to find element: `.w-full > .bg-white`, but never found it.",
                "estack": "AssertionError: Timed out retrying after 15000ms: Expected to find element: `.w-full > .bg-white`, but never found it.\n    at Context.eval (https://qa.rch.build-release.com/__cypress/tests?p=cypress\\e2e\\Admin_Testcases\\14_ProviderChat.spec.js:143:35)",
                "diff": null
              },
              "uuid": "71c0849c-5ca0-48eb-b8e0-ad1e5dc4e48d",
              "parentUUID": "32cf2cfb-81a2-4396-befd-60ed08913aa0",
              "isHook": false,
              "skipped": false
            },
            {
              "title": "The message sent by Admin should be received by the Provider",
              "fullTitle": "Provider Chat module testcases The message sent by Admin should be received by the Provider",
              "timedOut": null,
              "duration": 15429,
              "state": "failed",
              "speed": null,
              "pass": false,
              "fail": true,
              "pending": false,
              "context": null,
              "code": "cy.get('div.pb-6 > div > div > div > div.p-3.rounded-lg.relative.bg-primary.text-white').should('be.visible').should('contain', 'hi');",
              "err": {
                "message": "AssertionError: Timed out retrying after 15000ms: Expected to find element: `div.pb-6 > div > div > div > div.p-3.rounded-lg.relative.bg-primary.text-white`, but never found it.",
                "estack": "AssertionError: Timed out retrying after 15000ms: Expected to find element: `div.pb-6 > div > div > div > div.p-3.rounded-lg.relative.bg-primary.text-white`, but never found it.\n    at Context.eval (https://qa.rch.build-release.com/__cypress/tests?p=cypress\\e2e\\Admin_Testcases\\14_ProviderChat.spec.js:149:94)",
                "diff": null
              },
              "uuid": "73623f63-01d4-4fbf-82bd-0cd813c41deb",
              "parentUUID": "32cf2cfb-81a2-4396-befd-60ed08913aa0",
              "isHook": false,
              "skipped": false
            },
            {
              "title": "As a Admin the user can able to send the documents and images by clicking on attachments icon",
              "fullTitle": "Provider Chat module testcases As a Admin the user can able to send the documents and images by clicking on attachments icon",
              "timedOut": null,
              "duration": 15459,
              "state": "failed",
              "speed": null,
              "pass": false,
              "fail": true,
              "pending": false,
              "context": null,
              "code": "cy.get('.opacity-0').attachFile('faf.jpg');\ncy.wait(2000);\ncy.get('.w-60 > img').should('be.visible');\ncy.get('.opacity-0').attachFile('file.pdf');\ncy.wait(2000);\ncy.get('.w-60 > :nth-child(1) > img').should('be.visible');",
              "err": {
                "message": "AssertionError: Timed out retrying after 15000ms: Expected to find element: `.opacity-0`, but never found it.",
                "estack": "AssertionError: Timed out retrying after 15000ms: Expected to find element: `.opacity-0`, but never found it.\n    at Context.eval (https://qa.rch.build-release.com/__cypress/tests?p=cypress\\e2e\\Admin_Testcases\\14_ProviderChat.spec.js:152:8)",
                "diff": null
              },
              "uuid": "87122a97-93cc-4359-a5c8-9972e7337bb7",
              "parentUUID": "32cf2cfb-81a2-4396-befd-60ed08913aa0",
              "isHook": false,
              "skipped": false
            },
            {
              "title": "The user should able to see all the chats between the Admin and provider",
              "fullTitle": "Provider Chat module testcases The user should able to see all the chats between the Admin and provider",
              "timedOut": null,
              "duration": 15480,
              "state": "failed",
              "speed": null,
              "pass": false,
              "fail": true,
              "pending": false,
              "context": null,
              "code": "cy.get('#chatList>div:nth-child(16)').scrollIntoView().should('be.visible').should('contain', 'hi');\ncy.wait(2000);\ncy.get('#chatList>div:nth-child(17)').scrollIntoView().should('be.visible');\ncy.wait(2000);\ncy.get('#chatList>div:nth-child(18)').scrollIntoView().should('be.visible');\ncy.wait(2000);",
              "err": {
                "message": "AssertionError: Timed out retrying after 15000ms: Expected to find element: `#chatList>div:nth-child(16)`, but never found it.",
                "estack": "AssertionError: Timed out retrying after 15000ms: Expected to find element: `#chatList>div:nth-child(16)`, but never found it.\n    at Context.eval (https://qa.rch.build-release.com/__cypress/tests?p=cypress\\e2e\\Admin_Testcases\\14_ProviderChat.spec.js:160:8)",
                "diff": null
              },
              "uuid": "53190764-3cff-44e6-be28-1542755be13e",
              "parentUUID": "32cf2cfb-81a2-4396-befd-60ed08913aa0",
              "isHook": false,
              "skipped": false
            },
            {
              "title": "The Admin can see the full length image on a separate window by clicking on that particular image",
              "fullTitle": "Provider Chat module testcases The Admin can see the full length image on a separate window by clicking on that particular image",
              "timedOut": null,
              "duration": 15507,
              "state": "failed",
              "speed": null,
              "pass": false,
              "fail": true,
              "pending": false,
              "context": null,
              "code": "cy.get('#chatList>div:nth-child(17)>div>div>div>a>div>img').scrollIntoView().should('be.visible').click();\ncy.wait(3000);",
              "err": {
                "message": "AssertionError: Timed out retrying after 15000ms: Expected to find element: `#chatList>div:nth-child(17)>div>div>div>a>div>img`, but never found it.",
                "estack": "AssertionError: Timed out retrying after 15000ms: Expected to find element: `#chatList>div:nth-child(17)>div>div>div>a>div>img`, but never found it.\n    at Context.eval (https://qa.rch.build-release.com/__cypress/tests?p=cypress\\e2e\\Admin_Testcases\\14_ProviderChat.spec.js:168:8)",
                "diff": null
              },
              "uuid": "571d629c-699c-4e0c-85bd-cf912d352002",
              "parentUUID": "32cf2cfb-81a2-4396-befd-60ed08913aa0",
              "isHook": false,
              "skipped": false
            },
            {
              "title": "The Admin can open the document in a separate window by clicking on the particular document",
              "fullTitle": "Provider Chat module testcases The Admin can open the document in a separate window by clicking on the particular document",
              "timedOut": null,
              "duration": 15458,
              "state": "failed",
              "speed": null,
              "pass": false,
              "fail": true,
              "pending": false,
              "context": null,
              "code": "cy.get('#chatList>div:nth-child(18)>div>div>div>a>div>div>img').scrollIntoView().should('be.visible').click();\ncy.wait(3000);\ncy.logout();",
              "err": {
                "message": "AssertionError: Timed out retrying after 15000ms: Expected to find element: `#chatList>div:nth-child(18)>div>div>div>a>div>div>img`, but never found it.",
                "estack": "AssertionError: Timed out retrying after 15000ms: Expected to find element: `#chatList>div:nth-child(18)>div>div>div>a>div>div>img`, but never found it.\n    at Context.eval (https://qa.rch.build-release.com/__cypress/tests?p=cypress\\e2e\\Admin_Testcases\\14_ProviderChat.spec.js:172:8)",
                "diff": null
              },
              "uuid": "2db985d1-5389-4df3-8213-f66ba5d71d38",
              "parentUUID": "32cf2cfb-81a2-4396-befd-60ed08913aa0",
              "isHook": false,
              "skipped": false
            }
          ],
          "suites": [],
          "passes": [],
          "failures": [
            "914c635a-2f95-487d-b125-2fdb078a9c5a",
            "403fffb6-5661-4113-9a90-e2693b3546c5",
            "71c0849c-5ca0-48eb-b8e0-ad1e5dc4e48d",
            "73623f63-01d4-4fbf-82bd-0cd813c41deb",
            "87122a97-93cc-4359-a5c8-9972e7337bb7",
            "53190764-3cff-44e6-be28-1542755be13e",
            "571d629c-699c-4e0c-85bd-cf912d352002",
            "2db985d1-5389-4df3-8213-f66ba5d71d38"
          ],
          "pending": [],
          "skipped": [],
          "duration": 137197,
          "root": false,
          "rootEmpty": false,
          "_timeout": 2000
        }
      ],
      "passes": [],
      "failures": [],
      "pending": [],
      "skipped": [],
      "duration": 0,
      "root": true,
      "rootEmpty": true,
      "_timeout": 2000
    }
  ],
  "meta": {
    "mocha": {
      "version": "7.0.1"
    },
    "mochawesome": {
      "options": {
        "quiet": false,
        "reportFilename": "report",
        "saveHtml": true,
        "saveJson": true,
        "consoleReporter": "spec",
        "useInlineDiffs": false,
        "code": true
      },
      "version": "7.0.1"
    },
    "marge": {
      "options": {
        "reportDir": "cypress/reports",
        "reportFilename": "report",
        "overwrite": false,
        "html": true,
        "json": true,
        "charts": true
      },
      "version": "6.0.1"
    }
  }
}