{
  "stats": {
    "suites": 1,
    "tests": 8,
    "passes": 8,
    "pending": 0,
    "failures": 0,
    "start": "2022-04-20T06:22:50.055Z",
    "end": "2022-04-20T06:23:19.007Z",
    "duration": 28952,
    "testsRegistered": 8,
    "passPercent": 100,
    "pendingPercent": 0,
    "other": 0,
    "hasOther": false,
    "skipped": 0,
    "hasSkipped": false
  },
  "results": [
    {
      "uuid": "feeb2d65-a532-40b8-bd28-8be5f9976c89",
      "title": "",
      "fullFile": "cypress/integration/Admin_Testcases/01_login.spec.js",
      "file": "cypress/integration/Admin_Testcases/01_login.spec.js",
      "beforeHooks": [],
      "afterHooks": [],
      "tests": [],
      "suites": [
        {
          "uuid": "0530e2cb-f332-41f2-8649-5308173427ba",
          "title": "Login module testcases",
          "fullFile": "",
          "file": "",
          "beforeHooks": [],
          "afterHooks": [],
          "tests": [
            {
              "title": "As a Admin I should be able to navigate on login page",
              "fullTitle": "Login module testcases As a Admin I should be able to navigate on login page",
              "timedOut": null,
              "duration": 5421,
              "state": "passed",
              "speed": "slow",
              "pass": true,
              "fail": false,
              "pending": false,
              "context": null,
              "code": "cy.visit(cred.qaUrl);\ncy.xpath(\"//*[text()='Sign In']\").should('have.text', 'Sign In').and('be.visible');",
              "err": {},
              "uuid": "a798d3d6-24f3-4bb3-b254-80c3da05cdb4",
              "parentUUID": "0530e2cb-f332-41f2-8649-5308173427ba",
              "isHook": false,
              "skipped": false
            },
            {
              "title": "At login screen each label and link should be proper",
              "fullTitle": "Login module testcases At login screen each label and link should be proper",
              "timedOut": null,
              "duration": 89,
              "state": "passed",
              "speed": "slow",
              "pass": true,
              "fail": false,
              "pending": false,
              "context": null,
              "code": "cy.get('.text-gray-500').should('have.text', 'Please enter your credentials to sign in.');\ncy.get('[alt=\"logo\"]').invoke('attr', 'src').should('eq', '/static/media/Favicon-Light-20211230.aab62f3c.png');\ncy.xpath(\"//label\").eq(0).should('have.text', 'Email');\ncy.xpath(\"//label\").eq(1).should('have.text', 'Password');\ncy.xpath(\"//button[@textid='submit']\").should('be.visible');\ncy.get('a').should('have.text', 'Forgot Password?');",
              "err": {},
              "uuid": "9ae0f20c-8d6e-4eee-8018-459c51b80476",
              "parentUUID": "0530e2cb-f332-41f2-8649-5308173427ba",
              "isHook": false,
              "skipped": false
            },
            {
              "title": "At login screen each field should have proper validation",
              "fullTitle": "Login module testcases At login screen each field should have proper validation",
              "timedOut": null,
              "duration": 1405,
              "state": "passed",
              "speed": "slow",
              "pass": true,
              "fail": false,
              "pending": false,
              "context": null,
              "code": "cy.xpath(\"//input[@name='email']\").should('be.visible').clear().type('dasd@asda@').clear();\ncy.get('.py-20').click();\ncy.get('.text-red-600').eq(0).should('have.text', 'Required').and('be.visible');\ncy.xpath(\"//input[@name='email']\").should('be.visible').type('dasd@asda@');\ncy.get('.text-red-600').eq(0).should('have.text', 'Please enter valid email').and('be.visible');\ncy.xpath(\"//input[@name='email']\").clear();",
              "err": {},
              "uuid": "f1f638b6-8e6c-43aa-b13a-26bf76e09074",
              "parentUUID": "0530e2cb-f332-41f2-8649-5308173427ba",
              "isHook": false,
              "skipped": false
            },
            {
              "title": "At login screen password field should have proper validation",
              "fullTitle": "Login module testcases At login screen password field should have proper validation",
              "timedOut": null,
              "duration": 785,
              "state": "passed",
              "speed": "slow",
              "pass": true,
              "fail": false,
              "pending": false,
              "context": null,
              "code": "cy.xpath(\"//input[@name='password']\").should('be.visible').clear().type('dasd@asda@').clear();\ncy.get('.py-20').click();\ncy.get('.text-red-600').eq(1).should('have.text', 'Required').and('be.visible');",
              "err": {},
              "uuid": "fc67c6df-d644-47c7-a2c9-0e01729c2739",
              "parentUUID": "0530e2cb-f332-41f2-8649-5308173427ba",
              "isHook": false,
              "skipped": false
            },
            {
              "title": "At login screen forgot password link text should be visible",
              "fullTitle": "Login module testcases At login screen forgot password link text should be visible",
              "timedOut": null,
              "duration": 2045,
              "state": "passed",
              "speed": "slow",
              "pass": true,
              "fail": false,
              "pending": false,
              "context": null,
              "code": "cy.get('a').should('be.visible').click();\ncy.get('.text-gray-900').should('have.text', 'Forgot Password? ').and('be.visible');\ncy.get('a > .text-primary').click();",
              "err": {},
              "uuid": "91ef1a5e-a2ea-475f-aa1b-412038b18275",
              "parentUUID": "0530e2cb-f332-41f2-8649-5308173427ba",
              "isHook": false,
              "skipped": false
            },
            {
              "title": "I should unable to login with invalid credential",
              "fullTitle": "Login module testcases I should unable to login with invalid credential",
              "timedOut": null,
              "duration": 3201,
              "state": "passed",
              "speed": "slow",
              "pass": true,
              "fail": false,
              "pending": false,
              "context": null,
              "code": "cy.xpath(\"//input[@name='email']\").type('alpha@gmail.com');\ncy.xpath(\"//input[@name='password']\").type('Password@321');\ncy.xpath(\"//button[@textid='submit']\").should('be.enabled').and('be.visible').click();\ncy.contains('Incorrect email or password');",
              "err": {},
              "uuid": "79fef4a7-4b94-4182-acd4-8221feb64610",
              "parentUUID": "0530e2cb-f332-41f2-8649-5308173427ba",
              "isHook": false,
              "skipped": false
            },
            {
              "title": "I should be able to login with the valid credeantial",
              "fullTitle": "Login module testcases I should be able to login with the valid credeantial",
              "timedOut": null,
              "duration": 2716,
              "state": "passed",
              "speed": "slow",
              "pass": true,
              "fail": false,
              "pending": false,
              "context": null,
              "code": "cy.xpath(\"//input[@name='email']\").clear().type(cred.email);\ncy.xpath(\"//input[@name='password']\").clear().type(cred.password);\ncy.xpath(\"//button[@textid='submit']\").click();\ncy.get('.max-w-xs > img').should('be.visible'); // cy.url().should('include', '/dashboard')",
              "err": {},
              "uuid": "536cb61d-fae2-47ef-a8ea-c9160077fb2c",
              "parentUUID": "0530e2cb-f332-41f2-8649-5308173427ba",
              "isHook": false,
              "skipped": false
            },
            {
              "title": "As a Admin I should be able to logout successfully",
              "fullTitle": "Login module testcases As a Admin I should be able to logout successfully",
              "timedOut": null,
              "duration": 6159,
              "state": "passed",
              "speed": "slow",
              "pass": true,
              "fail": false,
              "pending": false,
              "context": null,
              "code": "cy.logout();",
              "err": {},
              "uuid": "768d4932-e05d-4a84-b0ee-c7f026e173a5",
              "parentUUID": "0530e2cb-f332-41f2-8649-5308173427ba",
              "isHook": false,
              "skipped": false
            }
          ],
          "suites": [],
          "passes": [
            "a798d3d6-24f3-4bb3-b254-80c3da05cdb4",
            "9ae0f20c-8d6e-4eee-8018-459c51b80476",
            "f1f638b6-8e6c-43aa-b13a-26bf76e09074",
            "fc67c6df-d644-47c7-a2c9-0e01729c2739",
            "91ef1a5e-a2ea-475f-aa1b-412038b18275",
            "79fef4a7-4b94-4182-acd4-8221feb64610",
            "536cb61d-fae2-47ef-a8ea-c9160077fb2c",
            "768d4932-e05d-4a84-b0ee-c7f026e173a5"
          ],
          "failures": [],
          "pending": [],
          "skipped": [],
          "duration": 21821,
          "root": false,
          "rootEmpty": false,
          "_timeout": 2000
        }
      ],
      "passes": [],
      "failures": [],
      "pending": [],
      "skipped": [],
      "duration": 0,
      "root": true,
      "rootEmpty": true,
      "_timeout": 2000
    }
  ],
  "meta": {
    "mocha": {
      "version": "7.0.1"
    },
    "mochawesome": {
      "options": {
        "quiet": false,
        "reportFilename": "report",
        "saveHtml": true,
        "saveJson": true,
        "consoleReporter": "spec",
        "useInlineDiffs": false,
        "code": true
      },
      "version": "7.0.1"
    },
    "marge": {
      "options": {
        "reportDir": "cypress/reports",
        "reportFilename": "report",
        "overwrite": false,
        "html": true,
        "json": true,
        "charts": true
      },
      "version": "6.0.1"
    }
  }
}