{
  "stats": {
    "suites": 1,
    "tests": 4,
    "passes": 0,
    "pending": 0,
    "failures": 4,
    "start": "2021-12-29T08:09:32.966Z",
    "end": "2021-12-29T08:10:23.994Z",
    "duration": 51028,
    "testsRegistered": 4,
    "passPercent": 0,
    "pendingPercent": 0,
    "other": 0,
    "hasOther": false,
    "skipped": 0,
    "hasSkipped": false
  },
  "results": [
    {
      "uuid": "70e7a25b-4908-4703-902c-4dfe708c35d4",
      "title": "",
      "fullFile": "cypress/integration/Patient_Testcases/12_Charts_Reports.spec.js",
      "file": "cypress/integration/Patient_Testcases/12_Charts_Reports.spec.js",
      "beforeHooks": [],
      "afterHooks": [],
      "tests": [],
      "suites": [
        {
          "uuid": "0e668d25-4542-4188-ae22-ab8b4039ef47",
          "title": "Reports module testcases",
          "fullFile": "",
          "file": "",
          "beforeHooks": [],
          "afterHooks": [],
          "tests": [
            {
              "title": "As a Patient the user should navigated to the Reports page by clicking on \"Reports\" tab of particular member",
              "fullTitle": "Reports module testcases As a Patient the user should navigated to the Reports page by clicking on \"Reports\" tab of particular member",
              "timedOut": null,
              "duration": 5309,
              "state": "failed",
              "speed": null,
              "pass": false,
              "fail": true,
              "pending": false,
              "context": null,
              "code": "cy.patientlogin(cred.pemail, cred.ppassword);\ncy.get('[href=\"/charts\"]').should('be.visible').should('have.text', 'Charts').click();\ncy.url().should('contain', '/charts');\ncy.get('.h-screen>div:nth-child(2)>div:nth-child(2)').should('be.visible').click({\n  force: true\n});\ncy.get(':nth-child(2) > .bg-white > .justify-between > .text-base').click();\ncy.url().should('contain', '/medical_history');\ncy.get('.border-transparent').should('be.visible').should('contain', 'Reports').click();\ncy.url().should('contain', '/reports');",
              "err": {
                "message": "CypressError: `cy.visit()` failed trying to load:\n\nhttps://qa.rch.build-release.com/\n\nWe attempted to make an http request to this URL but the request failed without a response.\n\nWe received this error at the network level:\n\n  > Error: getaddrinfo ENOTFOUND qa.rch.build-release.com\n\nCommon situations why this would fail:\n  - you don't have internet access\n  - you forgot to run / boot your web server\n  - your web server isn't accessible\n  - you have weird network configuration settings on your computer",
                "estack": "CypressError: `cy.visit()` failed trying to load:\n\nhttps://qa.rch.build-release.com/\n\nWe attempted to make an http request to this URL but the request failed without a response.\n\nWe received this error at the network level:\n\n  > Error: getaddrinfo ENOTFOUND qa.rch.build-release.com\n\nCommon situations why this would fail:\n  - you don't have internet access\n  - you forgot to run / boot your web server\n  - your web server isn't accessible\n  - you have weird network configuration settings on your computer\n    at http://localhost:65345/__cypress/runner/cypress_runner.js:156031:82\n    at visitFailedByErr (http://localhost:65345/__cypress/runner/cypress_runner.js:155390:12)\n    at http://localhost:65345/__cypress/runner/cypress_runner.js:156030:11\n    at tryCatcher (http://localhost:65345/__cypress/runner/cypress_runner.js:13212:23)\n    at Promise._settlePromiseFromHandler (http://localhost:65345/__cypress/runner/cypress_runner.js:11147:31)\n    at Promise._settlePromise (http://localhost:65345/__cypress/runner/cypress_runner.js:11204:18)\n    at Promise._settlePromise0 (http://localhost:65345/__cypress/runner/cypress_runner.js:11249:10)\n    at Promise._settlePromises (http://localhost:65345/__cypress/runner/cypress_runner.js:11325:18)\n    at _drainQueueStep (http://localhost:65345/__cypress/runner/cypress_runner.js:7919:12)\n    at _drainQueue (http://localhost:65345/__cypress/runner/cypress_runner.js:7912:9)\n    at Async.../../node_modules/bluebird/js/release/async.js.Async._drainQueues (http://localhost:65345/__cypress/runner/cypress_runner.js:7928:5)\n    at Async.drainQueues (http://localhost:65345/__cypress/runner/cypress_runner.js:7798:14)\nFrom Your Spec Code:\n    at Context.eval (http://localhost:65345/__cypress/tests?p=cypress\\support\\index.js:181:6)\n\nFrom Node.js Internals:\n  Error: getaddrinfo ENOTFOUND qa.rch.build-release.com\n      at GetAddrInfoReqWrap.onlookup [as oncomplete] (dns.js:67:26)\n  ",
                "diff": null
              },
              "uuid": "3fe99270-dea5-4a28-a6e6-32b289545793",
              "parentUUID": "0e668d25-4542-4188-ae22-ab8b4039ef47",
              "isHook": false,
              "skipped": false
            },
            {
              "title": "At \"Reports\" page each label and field should have proper label and validations",
              "fullTitle": "Reports module testcases At \"Reports\" page each label and field should have proper label and validations",
              "timedOut": null,
              "duration": 15188,
              "state": "failed",
              "speed": null,
              "pass": false,
              "fail": true,
              "pending": false,
              "context": null,
              "code": "cy.get('.font-bold').should('be.visible').should('have.text', 'Showing 3 Reports');\ncy.get('.p-3').should('be.visible');\ncy.get(':nth-child(1) > a > .justify-between').should('be.visible');\ncy.get(':nth-child(1) > a > .justify-between > span.text-primary').should('be.visible').should('have.text', 'COVID RT-PCR');\ncy.get(':nth-child(1) > a > .justify-between > .flex > .text-gray-600').should('be.visible').should('have.text', 'Aug 18 2021');\ncy.get(':nth-child(1) > a > .justify-between > .flex > .bg-lightBlue').should('be.visible');\ncy.get(':nth-child(2) > a > .justify-between').should('be.visible');\ncy.get(':nth-child(2) > a > .justify-between > span.text-primary').should('be.visible').should('have.text', 'COVID RT-PCR');\ncy.get(':nth-child(2) > a > .justify-between > .flex > .text-gray-600').should('be.visible').should('have.text', 'Aug 18 2021');\ncy.get(':nth-child(2) > a > .justify-between > .flex > .bg-lightBlue').should('be.visible');\ncy.get(':nth-child(3) > a > .justify-between').should('be.visible');\ncy.get(':nth-child(3) > a > .justify-between > span.text-primary').should('be.visible').should('have.text', 'COVID RT-PCR');\ncy.get(':nth-child(3) > a > .justify-between > .flex > .text-gray-600').should('be.visible').should('have.text', 'Aug 18 2021');\ncy.get(':nth-child(3) > a > .justify-between > .flex > .bg-lightBlue').should('be.visible');",
              "err": {
                "message": "AssertionError: Timed out retrying after 15000ms: Expected to find element: `.font-bold`, but never found it.",
                "estack": "AssertionError: Timed out retrying after 15000ms: Expected to find element: `.font-bold`, but never found it.\n    at Context.eval (http://localhost:65345/__cypress/tests?p=cypress\\integration\\Patient_Testcases\\12_Charts_Reports.spec.js:149:26)",
                "diff": null
              },
              "uuid": "9a849d42-cd0f-4ffd-90dc-0c88bfb08f01",
              "parentUUID": "0e668d25-4542-4188-ae22-ab8b4039ef47",
              "isHook": false,
              "skipped": false
            },
            {
              "title": "As a Patient the user should able to see all the reports",
              "fullTitle": "Reports module testcases As a Patient the user should able to see all the reports",
              "timedOut": null,
              "duration": 15172,
              "state": "failed",
              "speed": null,
              "pass": false,
              "fail": true,
              "pending": false,
              "context": null,
              "code": "cy.get(':nth-child(1) > a > .justify-between').should('be.visible');\ncy.get(':nth-child(2) > a > .justify-between').should('be.visible');\ncy.get(':nth-child(3) > a > .justify-between').should('be.visible');",
              "err": {
                "message": "AssertionError: Timed out retrying after 15000ms: Expected to find element: `:nth-child(1) > a > .justify-between`, but never found it.",
                "estack": "AssertionError: Timed out retrying after 15000ms: Expected to find element: `:nth-child(1) > a > .justify-between`, but never found it.\n    at Context.eval (http://localhost:65345/__cypress/tests?p=cypress\\integration\\Patient_Testcases\\12_Charts_Reports.spec.js:165:52)",
                "diff": null
              },
              "uuid": "6da51320-92f5-4495-9b8f-c28aa8de5275",
              "parentUUID": "0e668d25-4542-4188-ae22-ab8b4039ef47",
              "isHook": false,
              "skipped": false
            },
            {
              "title": "The user able view any report by clicking on that report",
              "fullTitle": "Reports module testcases The user able view any report by clicking on that report",
              "timedOut": null,
              "duration": 15176,
              "state": "failed",
              "speed": null,
              "pass": false,
              "fail": true,
              "pending": false,
              "context": null,
              "code": "cy.get(':nth-child(1) > a > .justify-between').should('be.visible').click();\ncy.get(':nth-child(2) > a > .justify-between').should('be.visible').click();\ncy.get(':nth-child(3) > a > .justify-between').should('be.visible').click();\ncy.patientlogout();",
              "err": {
                "message": "AssertionError: Timed out retrying after 15000ms: Expected to find element: `:nth-child(1) > a > .justify-between`, but never found it.",
                "estack": "AssertionError: Timed out retrying after 15000ms: Expected to find element: `:nth-child(1) > a > .justify-between`, but never found it.\n    at Context.eval (http://localhost:65345/__cypress/tests?p=cypress\\integration\\Patient_Testcases\\12_Charts_Reports.spec.js:170:52)",
                "diff": null
              },
              "uuid": "0d1a174c-7717-416c-a07b-e49044c8b18a",
              "parentUUID": "0e668d25-4542-4188-ae22-ab8b4039ef47",
              "isHook": false,
              "skipped": false
            }
          ],
          "suites": [],
          "passes": [],
          "failures": [
            "3fe99270-dea5-4a28-a6e6-32b289545793",
            "9a849d42-cd0f-4ffd-90dc-0c88bfb08f01",
            "6da51320-92f5-4495-9b8f-c28aa8de5275",
            "0d1a174c-7717-416c-a07b-e49044c8b18a"
          ],
          "pending": [],
          "skipped": [],
          "duration": 50845,
          "root": false,
          "rootEmpty": false,
          "_timeout": 2000
        }
      ],
      "passes": [],
      "failures": [],
      "pending": [],
      "skipped": [],
      "duration": 0,
      "root": true,
      "rootEmpty": true,
      "_timeout": 2000
    }
  ],
  "meta": {
    "mocha": {
      "version": "7.0.1"
    },
    "mochawesome": {
      "options": {
        "quiet": false,
        "reportFilename": "report",
        "saveHtml": true,
        "saveJson": true,
        "consoleReporter": "spec",
        "useInlineDiffs": false,
        "code": true
      },
      "version": "7.0.1"
    },
    "marge": {
      "options": {
        "reportDir": "cypress/reports",
        "reportFilename": "report",
        "overwrite": false,
        "html": true,
        "json": true,
        "charts": true
      },
      "version": "6.0.1"
    }
  }
}