{
  "stats": {
    "suites": 1,
    "tests": 8,
    "passes": 6,
    "pending": 0,
    "failures": 2,
    "start": "2022-08-08T05:34:18.831Z",
    "end": "2022-08-08T05:35:22.386Z",
    "duration": 63555,
    "testsRegistered": 8,
    "passPercent": 75,
    "pendingPercent": 0,
    "other": 0,
    "hasOther": false,
    "skipped": 0,
    "hasSkipped": false
  },
  "results": [
    {
      "uuid": "52245b43-f862-4366-87ba-92624dca5474",
      "title": "",
      "fullFile": "cypress\\e2e\\Admin_Testcases\\01_login.spec.js",
      "file": "cypress\\e2e\\Admin_Testcases\\01_login.spec.js",
      "beforeHooks": [],
      "afterHooks": [],
      "tests": [],
      "suites": [
        {
          "uuid": "a5af46b2-fc50-41d2-bba3-0e5487c7e01c",
          "title": "Login module testcases",
          "fullFile": "",
          "file": "",
          "beforeHooks": [],
          "afterHooks": [],
          "tests": [
            {
              "title": "As a Admin I should be able to navigate on login page",
              "fullTitle": "Login module testcases As a Admin I should be able to navigate on login page",
              "timedOut": null,
              "duration": 11750,
              "state": "passed",
              "speed": "slow",
              "pass": true,
              "fail": false,
              "pending": false,
              "context": null,
              "code": "cy.visit(cred.qaUrl);\ncy.xpath(\"//*[text()='Sign In']\").should('have.text', 'Sign In').and('be.visible');",
              "err": {},
              "uuid": "f7fef17f-2f5b-4021-8c25-746665eebf93",
              "parentUUID": "a5af46b2-fc50-41d2-bba3-0e5487c7e01c",
              "isHook": false,
              "skipped": false
            },
            {
              "title": "At login screen each label and link should be proper",
              "fullTitle": "Login module testcases At login screen each label and link should be proper",
              "timedOut": null,
              "duration": 229,
              "state": "passed",
              "speed": "fast",
              "pass": true,
              "fail": false,
              "pending": false,
              "context": null,
              "code": "cy.get('.text-gray-500').should('have.text', 'Please enter your credentials to sign in.');\ncy.get('[alt=\"logo\"]').invoke('attr', 'src').should('eq', '/static/media/Favicon-Light-20211230.aab62f3c.png');\ncy.xpath(\"//label\").eq(0).should('have.text', 'Email');\ncy.xpath(\"//label\").eq(1).should('have.text', 'Password');\ncy.xpath(\"//button[@textid='submit']\").should('be.visible');\ncy.get('a').should('have.text', 'Forgot Password?');",
              "err": {},
              "uuid": "2eaa7055-71b8-4c89-8259-07631322a8b1",
              "parentUUID": "a5af46b2-fc50-41d2-bba3-0e5487c7e01c",
              "isHook": false,
              "skipped": false
            },
            {
              "title": "At login screen each field should have proper validation",
              "fullTitle": "Login module testcases At login screen each field should have proper validation",
              "timedOut": null,
              "duration": 2590,
              "state": "passed",
              "speed": "fast",
              "pass": true,
              "fail": false,
              "pending": false,
              "context": null,
              "code": "cy.xpath(\"//input[@name='email']\").should('be.visible').clear().type('dasd@asda@').clear();\ncy.get('.py-20').click();\ncy.get('.text-red-600').eq(0).should('have.text', 'Required').and('be.visible');\ncy.xpath(\"//input[@name='email']\").should('be.visible').type('dasd@asda@');\ncy.get('.text-red-600').eq(0).should('have.text', 'Please enter valid email').and('be.visible');\ncy.xpath(\"//input[@name='email']\").clear();",
              "err": {},
              "uuid": "604a8885-fc70-4db6-b010-a4ffa94d36d7",
              "parentUUID": "a5af46b2-fc50-41d2-bba3-0e5487c7e01c",
              "isHook": false,
              "skipped": false
            },
            {
              "title": "At login screen password field should have proper validation",
              "fullTitle": "Login module testcases At login screen password field should have proper validation",
              "timedOut": null,
              "duration": 1132,
              "state": "passed",
              "speed": "fast",
              "pass": true,
              "fail": false,
              "pending": false,
              "context": null,
              "code": "cy.xpath(\"//input[@name='password']\").should('be.visible').clear().type('dasd@asda@').clear();\ncy.get('.py-20').click();\ncy.get('.text-red-600').eq(1).should('have.text', 'Required').and('be.visible');",
              "err": {},
              "uuid": "5628890c-52c5-423d-8a0f-0790632e5d95",
              "parentUUID": "a5af46b2-fc50-41d2-bba3-0e5487c7e01c",
              "isHook": false,
              "skipped": false
            },
            {
              "title": "At login screen forgot password link text should be visible",
              "fullTitle": "Login module testcases At login screen forgot password link text should be visible",
              "timedOut": null,
              "duration": 1011,
              "state": "passed",
              "speed": "fast",
              "pass": true,
              "fail": false,
              "pending": false,
              "context": null,
              "code": "cy.get('a').should('be.visible').click();\ncy.get('.text-gray-900').should('have.text', 'Forgot Password? ').and('be.visible');\ncy.get('a > .text-primary').click();",
              "err": {},
              "uuid": "51ac53cb-6364-46f7-bc6e-7a988bccdd9d",
              "parentUUID": "a5af46b2-fc50-41d2-bba3-0e5487c7e01c",
              "isHook": false,
              "skipped": false
            },
            {
              "title": "I should unable to login with invalid credential",
              "fullTitle": "Login module testcases I should unable to login with invalid credential",
              "timedOut": null,
              "duration": 2997,
              "state": "passed",
              "speed": "fast",
              "pass": true,
              "fail": false,
              "pending": false,
              "context": null,
              "code": "cy.xpath(\"//input[@name='email']\").type('alpha@gmail.com');\ncy.xpath(\"//input[@name='password']\").type('Password@321');\ncy.xpath(\"//button[@textid='submit']\").should('be.enabled').and('be.visible').click();\ncy.contains('Incorrect email or password');",
              "err": {},
              "uuid": "3fe75bdf-5733-4d79-bb4c-82f05e32e66b",
              "parentUUID": "a5af46b2-fc50-41d2-bba3-0e5487c7e01c",
              "isHook": false,
              "skipped": false
            },
            {
              "title": "I should be able to login with the valid credeantial",
              "fullTitle": "Login module testcases I should be able to login with the valid credeantial",
              "timedOut": null,
              "duration": 16917,
              "state": "failed",
              "speed": null,
              "pass": false,
              "fail": true,
              "pending": false,
              "context": null,
              "code": "cy.xpath(\"//input[@name='email']\").clear().type(cred.email);\ncy.xpath(\"//input[@name='password']\").clear().type(cred.password);\ncy.xpath(\"//button[@textid='submit']\").click();\ncy.get('.max-w-xs > img').should('be.visible'); // cy.url().should('include', '/dashboard')",
              "err": {
                "message": "AssertionError: Timed out retrying after 15000ms: Expected to find element: `.max-w-xs > img`, but never found it.",
                "estack": "AssertionError: Timed out retrying after 15000ms: Expected to find element: `.max-w-xs > img`, but never found it.\n    at Context.eval (https://qa.rch.build-release.com/__cypress/tests?p=cypress\\e2e\\Admin_Testcases\\01_login.spec.js:143:31)",
                "diff": null
              },
              "uuid": "cc47bd8b-d86e-4d77-92d3-faf604347b5c",
              "parentUUID": "a5af46b2-fc50-41d2-bba3-0e5487c7e01c",
              "isHook": false,
              "skipped": false
            },
            {
              "title": "As a Admin I should be able to logout successfully",
              "fullTitle": "Login module testcases As a Admin I should be able to logout successfully",
              "timedOut": null,
              "duration": 15454,
              "state": "failed",
              "speed": null,
              "pass": false,
              "fail": true,
              "pending": false,
              "context": null,
              "code": "cy.logout();",
              "err": {
                "message": "AssertionError: Timed out retrying after 15000ms: Expected to find element: `#headlessui-menu-button-1`, but never found it.",
                "estack": "AssertionError: Timed out retrying after 15000ms: Expected to find element: `#headlessui-menu-button-1`, but never found it.\n    at Context.eval (https://qa.rch.build-release.com/__cypress/tests?p=cypress\\support\\e2e.js:348:39)",
                "diff": null
              },
              "uuid": "0ddc3388-6a08-44bd-8c4e-433854aa33eb",
              "parentUUID": "a5af46b2-fc50-41d2-bba3-0e5487c7e01c",
              "isHook": false,
              "skipped": false
            }
          ],
          "suites": [],
          "passes": [
            "f7fef17f-2f5b-4021-8c25-746665eebf93",
            "2eaa7055-71b8-4c89-8259-07631322a8b1",
            "604a8885-fc70-4db6-b010-a4ffa94d36d7",
            "5628890c-52c5-423d-8a0f-0790632e5d95",
            "51ac53cb-6364-46f7-bc6e-7a988bccdd9d",
            "3fe75bdf-5733-4d79-bb4c-82f05e32e66b"
          ],
          "failures": [
            "cc47bd8b-d86e-4d77-92d3-faf604347b5c",
            "0ddc3388-6a08-44bd-8c4e-433854aa33eb"
          ],
          "pending": [],
          "skipped": [],
          "duration": 52080,
          "root": false,
          "rootEmpty": false,
          "_timeout": 2000
        }
      ],
      "passes": [],
      "failures": [],
      "pending": [],
      "skipped": [],
      "duration": 0,
      "root": true,
      "rootEmpty": true,
      "_timeout": 2000
    }
  ],
  "meta": {
    "mocha": {
      "version": "7.0.1"
    },
    "mochawesome": {
      "options": {
        "quiet": false,
        "reportFilename": "report",
        "saveHtml": true,
        "saveJson": true,
        "consoleReporter": "spec",
        "useInlineDiffs": false,
        "code": true
      },
      "version": "7.0.1"
    },
    "marge": {
      "options": {
        "reportDir": "cypress/reports",
        "reportFilename": "report",
        "overwrite": false,
        "html": true,
        "json": true,
        "charts": true
      },
      "version": "6.0.1"
    }
  }
}