{
  "stats": {
    "suites": 1,
    "tests": 8,
    "passes": 6,
    "pending": 0,
    "failures": 2,
    "start": "2022-02-14T12:34:33.407Z",
    "end": "2022-02-14T12:35:19.822Z",
    "duration": 46415,
    "testsRegistered": 8,
    "passPercent": 75,
    "pendingPercent": 0,
    "other": 0,
    "hasOther": false,
    "skipped": 0,
    "hasSkipped": false
  },
  "results": [
    {
      "uuid": "c83f46c3-d268-41a9-984e-ffe5d55da4bd",
      "title": "",
      "fullFile": "cypress/integration/Admin_Testcases/04_forgotPassword.spec.js",
      "file": "cypress/integration/Admin_Testcases/04_forgotPassword.spec.js",
      "beforeHooks": [],
      "afterHooks": [],
      "tests": [],
      "suites": [
        {
          "uuid": "8379783f-3b98-48f9-a1e3-6ec638e5895b",
          "title": "Forgot password module testcases",
          "fullFile": "",
          "file": "",
          "beforeHooks": [],
          "afterHooks": [],
          "tests": [
            {
              "title": "As a Admin I should be able to navigate on Forgot password page",
              "fullTitle": "Forgot password module testcases As a Admin I should be able to navigate on Forgot password page",
              "timedOut": null,
              "duration": 17036,
              "state": "passed",
              "speed": "slow",
              "pass": true,
              "fail": false,
              "pending": false,
              "context": null,
              "code": "cy.visit(data.qaUrl);\ncy.get('a > .text-primary').should('be.visible').click();\ncy.url().should('include', 'forgot-password');",
              "err": {},
              "uuid": "ffdba19f-04dd-4e54-9741-ecc41884e85f",
              "parentUUID": "8379783f-3b98-48f9-a1e3-6ec638e5895b",
              "isHook": false,
              "skipped": false
            },
            {
              "title": "At Forgot password page each field should have proper lable and validation",
              "fullTitle": "Forgot password module testcases At Forgot password page each field should have proper lable and validation",
              "timedOut": null,
              "duration": 4240,
              "state": "passed",
              "speed": "slow",
              "pass": true,
              "fail": false,
              "pending": false,
              "context": null,
              "code": "cy.get('.text-gray-900').should('be.visible').and('have.text', 'Forgot Password? ');\ncy.get('.text-gray-500').should('be.visible').and('contain', 'A 6 digit verification code will be sent to your registered Email Address');\ncy.get(':nth-child(1) > .text-sm > div').should('be.visible').and('have.text', 'Email');\ncy.get('.appearance-none').should('be.visible');\ncy.get('.mt-5 > .flex').should('be.visible').click();\ncy.get('.text-red-600').should('be.visible').and('contain.text', 'Required'); //invalid email case\ncy.get('.appearance-none').clear().type('ASd@ads@sd.com');\ncy.get('.text-red-600').should('be.visible').and('have.text', 'Please enter valid email');",
              "err": {},
              "uuid": "a75893ff-d354-4cd1-b4ee-291006b4c40b",
              "parentUUID": "8379783f-3b98-48f9-a1e3-6ec638e5895b",
              "isHook": false,
              "skipped": false
            },
            {
              "title": "OTP shouldn't send on invalid email",
              "fullTitle": "Forgot password module testcases OTP shouldn't send on invalid email",
              "timedOut": null,
              "duration": 1490,
              "state": "passed",
              "speed": "slow",
              "pass": true,
              "fail": false,
              "pending": false,
              "context": null,
              "code": "cy.get('.appearance-none').clear().type('abc@gmail.com');\ncy.get('.mt-5 > .flex').click();\ncy.contains('User not found');",
              "err": {},
              "uuid": "b37a0a80-7eaa-40f6-8e2d-dec26f132a2a",
              "parentUUID": "8379783f-3b98-48f9-a1e3-6ec638e5895b",
              "isHook": false,
              "skipped": false
            },
            {
              "title": "OTP should sent on Valid registerd email",
              "fullTitle": "Forgot password module testcases OTP should sent on Valid registerd email",
              "timedOut": null,
              "duration": 3063,
              "state": "passed",
              "speed": "slow",
              "pass": true,
              "fail": false,
              "pending": false,
              "context": null,
              "code": "const emailId = data.email;\ncy.get('.appearance-none').clear().type(emailId);\ncy.get('.mt-5 > .flex').click();\ncy.contains('OTP send to ' + emailId);",
              "err": {},
              "uuid": "54b40561-641d-4cca-9742-70b857d40d69",
              "parentUUID": "8379783f-3b98-48f9-a1e3-6ec638e5895b",
              "isHook": false,
              "skipped": false
            },
            {
              "title": "Verify each and evey label and title on varification screen",
              "fullTitle": "Forgot password module testcases Verify each and evey label and title on varification screen",
              "timedOut": null,
              "duration": 15621,
              "state": "failed",
              "speed": null,
              "pass": false,
              "fail": true,
              "pending": false,
              "context": null,
              "code": "cy.get('.text-gray-800').should('be.visible').and('have.text', 'Enter Verification Code');\ncy.get('.text-gray-500').should('be.visible').and('have.text', 'A 6 digit verification code has been sent to your email address');\ncy.get('.mt-3 > :nth-child(1)').should('be.visible').and('have.text', \"Haven't received the code?\");\ncy.get('.mt-5 > .flex').should('be.visible');",
              "err": {
                "message": "AssertionError: Timed out retrying after 15000ms: expected '<div.text-gray-500.text-xs.mb-2.font-bold>' to have text 'A 6 digit verification code has been sent to your email address', but the text was 'A 6 digit verification code has been sent to your email address and phone number.'",
                "estack": "AssertionError: Timed out retrying after 15000ms: expected '<div.text-gray-500.text-xs.mb-2.font-bold>' to have text 'A 6 digit verification code has been sent to your email address', but the text was 'A 6 digit verification code has been sent to your email address and phone number.'\n    at Context.eval (https://qa.rch.build-release.com/__cypress/tests?p=cypress\\integration\\Admin_Testcases\\04_forgotPassword.spec.js:144:51)",
                "diff": "- 'A 6 digit verification code has been sent to your email address and phone number.'\n+ 'A 6 digit verification code has been sent to your email address'\n"
              },
              "uuid": "beb04ebe-452c-45ac-b91c-7fd54d8debbc",
              "parentUUID": "8379783f-3b98-48f9-a1e3-6ec638e5895b",
              "isHook": false,
              "skipped": false
            },
            {
              "title": "valdation should appear when user does not enter otp into the field",
              "fullTitle": "Forgot password module testcases valdation should appear when user does not enter otp into the field",
              "timedOut": null,
              "duration": 264,
              "state": "passed",
              "speed": "slow",
              "pass": true,
              "fail": false,
              "pending": false,
              "context": null,
              "code": "cy.get('.mt-5 > .flex').should('be.visible').click();\ncy.get('.my-4 > .text-xs').should('be.visible').and('have.text', 'Verfication Code is not valid, please re-enter or resend Verfication code');",
              "err": {},
              "uuid": "abe53089-1f31-4022-aba4-b97bd5e6b570",
              "parentUUID": "8379783f-3b98-48f9-a1e3-6ec638e5895b",
              "isHook": false,
              "skipped": false
            },
            {
              "title": "validation should appear when user enter invalid OTP",
              "fullTitle": "Forgot password module testcases validation should appear when user enter invalid OTP",
              "timedOut": null,
              "duration": 641,
              "state": "failed",
              "speed": null,
              "pass": false,
              "fail": true,
              "pending": false,
              "context": null,
              "code": "cy.xpath(\"//div[@style='display: flex; margin: 0px 0px 0px -0.5rem;']\").type('336699');\ncy.get('.mt-5 > .flex').should('be.visible').click();\ncy.get('.my-4 > .text-xs').should('be.visible').and('have.text', 'Verfication Code is not valid, please re-enter or resend Verfication code');",
              "err": {
                "message": "CypressError: `cy.type()` can only be called on a single element. Your subject contained 2 elements.\n\nhttps://on.cypress.io/type",
                "estack": "CypressError: `cy.type()` can only be called on a single element. Your subject contained 2 elements.\n\nhttps://on.cypress.io/type\n    at Context.type (https://qa.rch.build-release.com/__cypress/runner/cypress_runner.js:151560:76)\n    at Context.<anonymous> (https://qa.rch.build-release.com/__cypress/runner/cypress_runner.js:169833:23)\nFrom Your Spec Code:\n    at Context.eval (https://qa.rch.build-release.com/__cypress/tests?p=cypress\\integration\\Admin_Testcases\\04_forgotPassword.spec.js:153:77)",
                "diff": null
              },
              "uuid": "ed278568-df6d-4a1e-b768-11217112a8e4",
              "parentUUID": "8379783f-3b98-48f9-a1e3-6ec638e5895b",
              "isHook": false,
              "skipped": false
            },
            {
              "title": "verify resend button functionality ",
              "fullTitle": "Forgot password module testcases verify resend button functionality ",
              "timedOut": null,
              "duration": 705,
              "state": "passed",
              "speed": "slow",
              "pass": true,
              "fail": false,
              "pending": false,
              "context": null,
              "code": "cy.get('.mt-3 > .font-bold').should('be.visible').click();\nconst emailId = data.email;\ncy.contains('OTP send to ' + emailId);",
              "err": {},
              "uuid": "02ca9fe1-b1f5-4be3-9489-40e888675545",
              "parentUUID": "8379783f-3b98-48f9-a1e3-6ec638e5895b",
              "isHook": false,
              "skipped": false
            }
          ],
          "suites": [],
          "passes": [
            "ffdba19f-04dd-4e54-9741-ecc41884e85f",
            "a75893ff-d354-4cd1-b4ee-291006b4c40b",
            "b37a0a80-7eaa-40f6-8e2d-dec26f132a2a",
            "54b40561-641d-4cca-9742-70b857d40d69",
            "abe53089-1f31-4022-aba4-b97bd5e6b570",
            "02ca9fe1-b1f5-4be3-9489-40e888675545"
          ],
          "failures": [
            "beb04ebe-452c-45ac-b91c-7fd54d8debbc",
            "ed278568-df6d-4a1e-b768-11217112a8e4"
          ],
          "pending": [],
          "skipped": [],
          "duration": 43060,
          "root": false,
          "rootEmpty": false,
          "_timeout": 2000
        }
      ],
      "passes": [],
      "failures": [],
      "pending": [],
      "skipped": [],
      "duration": 0,
      "root": true,
      "rootEmpty": true,
      "_timeout": 2000
    }
  ],
  "meta": {
    "mocha": {
      "version": "7.0.1"
    },
    "mochawesome": {
      "options": {
        "quiet": false,
        "reportFilename": "report",
        "saveHtml": true,
        "saveJson": true,
        "consoleReporter": "spec",
        "useInlineDiffs": false,
        "code": true
      },
      "version": "7.0.1"
    },
    "marge": {
      "options": {
        "reportDir": "cypress/reports",
        "reportFilename": "report",
        "overwrite": false,
        "html": true,
        "json": true,
        "charts": true
      },
      "version": "6.0.1"
    }
  }
}