{
  "stats": {
    "suites": 1,
    "tests": 8,
    "passes": 0,
    "pending": 0,
    "failures": 8,
    "start": "2022-08-03T12:19:04.922Z",
    "end": "2022-08-03T12:21:27.624Z",
    "duration": 142702,
    "testsRegistered": 8,
    "passPercent": 0,
    "pendingPercent": 0,
    "other": 0,
    "hasOther": false,
    "skipped": 0,
    "hasSkipped": false
  },
  "results": [
    {
      "uuid": "283361c0-c89b-43fa-ae81-fe1cd47c980b",
      "title": "",
      "fullFile": "cypress\\e2e\\Admin_Testcases\\03_profile.spec.js",
      "file": "cypress\\e2e\\Admin_Testcases\\03_profile.spec.js",
      "beforeHooks": [],
      "afterHooks": [],
      "tests": [],
      "suites": [
        {
          "uuid": "a7e45e4c-2d2d-46dd-b3f4-c42c175f26ef",
          "title": "Profile module testcases",
          "fullFile": "",
          "file": "",
          "beforeHooks": [],
          "afterHooks": [],
          "tests": [
            {
              "title": "As a Admin I should be able to navigate on Admin Profile",
              "fullTitle": "Profile module testcases As a Admin I should be able to navigate on Admin Profile",
              "timedOut": null,
              "duration": 24240,
              "state": "failed",
              "speed": null,
              "pass": false,
              "fail": true,
              "pending": false,
              "context": null,
              "code": "cy.login();\ncy.url().should('contain', '/dashboard');\ncy.get('span.hidden').click();\ncy.get(\".ml-3>div:nth-child(2)>div:nth-child(1)\").should('be.visible').should('have.text', 'Profile').click();\ncy.url().should('include', '/admin/profile');",
              "err": {
                "message": "AssertionError: Timed out retrying after 15000ms: Expected to find element: `.max-w-xs > img`, but never found it.",
                "estack": "AssertionError: Timed out retrying after 15000ms: Expected to find element: `.max-w-xs > img`, but never found it.\n    at Context.eval (https://qa.rch.build-release.com/__cypress/tests?p=cypress\\support\\e2e.js:345:29)",
                "diff": null
              },
              "uuid": "3e765423-6cc4-40a2-93ac-f8c01c5fc103",
              "parentUUID": "a7e45e4c-2d2d-46dd-b3f4-c42c175f26ef",
              "isHook": false,
              "skipped": false
            },
            {
              "title": "At Profile page each label should be proper",
              "fullTitle": "Profile module testcases At Profile page each label should be proper",
              "timedOut": null,
              "duration": 15385,
              "state": "failed",
              "speed": null,
              "pass": false,
              "fail": true,
              "pending": false,
              "context": null,
              "code": "cy.get('.text-xl').should('be.visible').and('have.text', 'Profile Details');\ncy.xpath(\"//label//div\").eq(0).should('have.text', 'First Name').and('be.visible');\ncy.xpath(\"//label//div\").eq(1).should('have.text', 'Last Name').and('be.visible');\ncy.xpath(\"//label//div\").eq(2).should('have.text', 'Email').and('be.visible');\ncy.xpath(\"//label//div\").eq(3).should('have.text', 'Phone Number').and('be.visible');",
              "err": {
                "message": "AssertionError: Timed out retrying after 15000ms: Expected to find element: `.text-xl`, but never found it.",
                "estack": "AssertionError: Timed out retrying after 15000ms: Expected to find element: `.text-xl`, but never found it.\n    at Context.eval (https://qa.rch.build-release.com/__cypress/tests?p=cypress\\e2e\\Admin_Testcases\\03_profile.spec.js:133:24)",
                "diff": null
              },
              "uuid": "1b57b3c9-fe4e-46b5-9b7f-78767588812b",
              "parentUUID": "a7e45e4c-2d2d-46dd-b3f4-c42c175f26ef",
              "isHook": false,
              "skipped": false
            },
            {
              "title": "At Profile page each field should have proper validations",
              "fullTitle": "Profile module testcases At Profile page each field should have proper validations",
              "timedOut": null,
              "duration": 15562,
              "state": "failed",
              "speed": null,
              "pass": false,
              "fail": true,
              "pending": false,
              "context": null,
              "code": "cy.get('.ml-2').click();\ncy.xpath(first_name).clear();\ncy.xpath(last_name).clear();\ncy.xpath(mobile_num).clear();\ncy.get('.flex-1').click();\ncy.get('.text-red-600 ').eq(0).contains('First Name is required');\ncy.get('.text-red-600 ').eq(1).contains('Last Name is required');\ncy.get('.text-red-600 ').eq(2).contains('Phone number required');",
              "err": {
                "message": "AssertionError: Timed out retrying after 15000ms: Expected to find element: `//input[@name='firstName']`, but never found it.",
                "estack": "AssertionError: Timed out retrying after 15000ms: Expected to find element: `//input[@name='firstName']`, but never found it.\n    at Context.eval (https://qa.rch.build-release.com/__cypress/tests?p=cypress\\e2e\\Admin_Testcases\\03_profile.spec.js:141:8)",
                "diff": null
              },
              "uuid": "beaa35df-374a-4751-9e79-efb45b01dcc9",
              "parentUUID": "a7e45e4c-2d2d-46dd-b3f4-c42c175f26ef",
              "isHook": false,
              "skipped": false
            },
            {
              "title": "As a Admin I should be able to update my profile details except email",
              "fullTitle": "Profile module testcases As a Admin I should be able to update my profile details except email",
              "timedOut": null,
              "duration": 15487,
              "state": "failed",
              "speed": null,
              "pass": false,
              "fail": true,
              "pending": false,
              "context": null,
              "code": "const phone = _faker.default.phone.phoneNumber('##########');\ncy.xpath(first_name).clear().type('LXMedical');\ncy.xpath(last_name).clear().type('Admin');\ncy.xpath(mobile_num).clear().type(phone);\ncy.get('#update-profile').click();\ncy.contains(\"Profile updated sucessfully\");",
              "err": {
                "message": "AssertionError: Timed out retrying after 15000ms: Expected to find element: `//input[@name='firstName']`, but never found it.",
                "estack": "AssertionError: Timed out retrying after 15000ms: Expected to find element: `//input[@name='firstName']`, but never found it.\n    at Context.eval (https://qa.rch.build-release.com/__cypress/tests?p=cypress\\e2e\\Admin_Testcases\\03_profile.spec.js:152:8)",
                "diff": null
              },
              "uuid": "548cd2a8-e816-4226-9762-d913df5fced4",
              "parentUUID": "a7e45e4c-2d2d-46dd-b3f4-c42c175f26ef",
              "isHook": false,
              "skipped": false
            },
            {
              "title": "As a Admin the user should able to log out by cliking on logout link via profile icon",
              "fullTitle": "Profile module testcases As a Admin the user should able to log out by cliking on logout link via profile icon",
              "timedOut": null,
              "duration": 15389,
              "state": "failed",
              "speed": null,
              "pass": false,
              "fail": true,
              "pending": false,
              "context": null,
              "code": "cy.get('span.hidden').click();\ncy.get(\".ml-3>div:nth-child(2)>div:nth-child(2)\").should('be.visible').should('have.text', 'Sign Out').click();",
              "err": {
                "message": "AssertionError: Timed out retrying after 15000ms: Expected to find element: `span.hidden`, but never found it.",
                "estack": "AssertionError: Timed out retrying after 15000ms: Expected to find element: `span.hidden`, but never found it.\n    at Context.eval (https://qa.rch.build-release.com/__cypress/tests?p=cypress\\e2e\\Admin_Testcases\\03_profile.spec.js:169:8)",
                "diff": null
              },
              "uuid": "6fb68bc3-d838-46dd-ba14-c5f5f076254b",
              "parentUUID": "a7e45e4c-2d2d-46dd-b3f4-c42c175f26ef",
              "isHook": false,
              "skipped": false
            },
            {
              "title": "By clicking on log out the user should able to get log out confirmation pop up.",
              "fullTitle": "Profile module testcases By clicking on log out the user should able to get log out confirmation pop up.",
              "timedOut": null,
              "duration": 15397,
              "state": "failed",
              "speed": null,
              "pass": false,
              "fail": true,
              "pending": false,
              "context": null,
              "code": "cy.get(\".mt-3>.mt-2\").should('be.visible').should('have.text', 'Are you sure, you want to sign out?');\ncy.get(\"svg.h-6.w-6\").should('be.visible');\ncy.get(\".mt-5>button:nth-child(2)\").should('be.visible').should('have.text', 'Cancel');\ncy.get(\".mt-5>button:nth-child(1)\").should('be.visible').should('have.text', 'Confirm');",
              "err": {
                "message": "AssertionError: Timed out retrying after 15000ms: Expected to find element: `.mt-3>.mt-2`, but never found it.",
                "estack": "AssertionError: Timed out retrying after 15000ms: Expected to find element: `.mt-3>.mt-2`, but never found it.\n    at Context.eval (https://qa.rch.build-release.com/__cypress/tests?p=cypress\\e2e\\Admin_Testcases\\03_profile.spec.js:173:27)",
                "diff": null
              },
              "uuid": "c3450962-9a11-452f-b081-ab42c6548f8c",
              "parentUUID": "a7e45e4c-2d2d-46dd-b3f4-c42c175f26ef",
              "isHook": false,
              "skipped": false
            },
            {
              "title": "By clicking on on cancel button the log out confirmation pop out should be closed.",
              "fullTitle": "Profile module testcases By clicking on on cancel button the log out confirmation pop out should be closed.",
              "timedOut": null,
              "duration": 15517,
              "state": "failed",
              "speed": null,
              "pass": false,
              "fail": true,
              "pending": false,
              "context": null,
              "code": "cy.get(\".mt-5>button:nth-child(2)\").should('be.visible').should('have.text', 'Cancel').click();\ncy.wait(2000);\ncy.get('span.hidden').click();\ncy.get(\".ml-3>div:nth-child(2)>div:nth-child(2)\").should('be.visible').should('have.text', 'Sign Out').click();\ncy.wait(2000);",
              "err": {
                "message": "AssertionError: Timed out retrying after 15000ms: Expected to find element: `.mt-5>button:nth-child(2)`, but never found it.",
                "estack": "AssertionError: Timed out retrying after 15000ms: Expected to find element: `.mt-5>button:nth-child(2)`, but never found it.\n    at Context.eval (https://qa.rch.build-release.com/__cypress/tests?p=cypress\\e2e\\Admin_Testcases\\03_profile.spec.js:179:41)",
                "diff": null
              },
              "uuid": "ed6de957-2a90-4a41-bb5c-85cf601058ea",
              "parentUUID": "a7e45e4c-2d2d-46dd-b3f4-c42c175f26ef",
              "isHook": false,
              "skipped": false
            },
            {
              "title": "By clicking on confirm button the user should be able to log out of the site.",
              "fullTitle": "Profile module testcases By clicking on confirm button the user should be able to log out of the site.",
              "timedOut": null,
              "duration": 15445,
              "state": "failed",
              "speed": null,
              "pass": false,
              "fail": true,
              "pending": false,
              "context": null,
              "code": "cy.get(\".mt-5>button:nth-child(1)\").should('be.visible').should('have.text', 'Confirm').click();\ncy.wait(2000);",
              "err": {
                "message": "AssertionError: Timed out retrying after 15000ms: Expected to find element: `.mt-5>button:nth-child(1)`, but never found it.",
                "estack": "AssertionError: Timed out retrying after 15000ms: Expected to find element: `.mt-5>button:nth-child(1)`, but never found it.\n    at Context.eval (https://qa.rch.build-release.com/__cypress/tests?p=cypress\\e2e\\Admin_Testcases\\03_profile.spec.js:186:41)",
                "diff": null
              },
              "uuid": "41465894-1994-4af9-a665-eeb6adbdfebe",
              "parentUUID": "a7e45e4c-2d2d-46dd-b3f4-c42c175f26ef",
              "isHook": false,
              "skipped": false
            }
          ],
          "suites": [],
          "passes": [],
          "failures": [
            "3e765423-6cc4-40a2-93ac-f8c01c5fc103",
            "1b57b3c9-fe4e-46b5-9b7f-78767588812b",
            "beaa35df-374a-4751-9e79-efb45b01dcc9",
            "548cd2a8-e816-4226-9762-d913df5fced4",
            "6fb68bc3-d838-46dd-ba14-c5f5f076254b",
            "c3450962-9a11-452f-b081-ab42c6548f8c",
            "ed6de957-2a90-4a41-bb5c-85cf601058ea",
            "41465894-1994-4af9-a665-eeb6adbdfebe"
          ],
          "pending": [],
          "skipped": [],
          "duration": 132422,
          "root": false,
          "rootEmpty": false,
          "_timeout": 2000
        }
      ],
      "passes": [],
      "failures": [],
      "pending": [],
      "skipped": [],
      "duration": 0,
      "root": true,
      "rootEmpty": true,
      "_timeout": 2000
    }
  ],
  "meta": {
    "mocha": {
      "version": "7.0.1"
    },
    "mochawesome": {
      "options": {
        "quiet": false,
        "reportFilename": "report",
        "saveHtml": true,
        "saveJson": true,
        "consoleReporter": "spec",
        "useInlineDiffs": false,
        "code": true
      },
      "version": "7.0.1"
    },
    "marge": {
      "options": {
        "reportDir": "cypress/reports",
        "reportFilename": "report",
        "overwrite": false,
        "html": true,
        "json": true,
        "charts": true
      },
      "version": "6.0.1"
    }
  }
}