{
  "stats": {
    "suites": 1,
    "tests": 10,
    "passes": 9,
    "pending": 0,
    "failures": 1,
    "start": "2022-06-22T13:32:08.765Z",
    "end": "2022-06-22T13:33:24.085Z",
    "duration": 75320,
    "testsRegistered": 10,
    "passPercent": 90,
    "pendingPercent": 0,
    "other": 0,
    "hasOther": false,
    "skipped": 0,
    "hasSkipped": false
  },
  "results": [
    {
      "uuid": "03162cb3-007e-49bb-ae84-f30667e7d28a",
      "title": "",
      "fullFile": "cypress\\e2e\\Admin_Testcases\\05_invite_providers.spec.js",
      "file": "cypress\\e2e\\Admin_Testcases\\05_invite_providers.spec.js",
      "beforeHooks": [],
      "afterHooks": [],
      "tests": [],
      "suites": [
        {
          "uuid": "8e78be10-2577-4b54-9901-d3400ed92aa5",
          "title": "Provider module testcases",
          "fullFile": "",
          "file": "",
          "beforeHooks": [],
          "afterHooks": [],
          "tests": [
            {
              "title": "As a Admin I should be albe to navigate on invited provider listing page",
              "fullTitle": "Provider module testcases As a Admin I should be albe to navigate on invited provider listing page",
              "timedOut": null,
              "duration": 15049,
              "state": "passed",
              "speed": "slow",
              "pass": true,
              "fail": false,
              "pending": false,
              "context": null,
              "code": "cy.login();\ncy.get('.space-y-4 > :nth-child(3)').should('be.visible').should('have.text', 'Providers').click();\ncy.url().should('include', '/providers');\ncy.get('div.space-x-4.flex > button:nth-child(1)').should('be.visible').should('have.text', 'Pending Invitations').click();\ncy.url().should('include', '/invitation');",
              "err": {},
              "uuid": "91c84f2e-1096-4921-8efb-641b5e79f101",
              "parentUUID": "8e78be10-2577-4b54-9901-d3400ed92aa5",
              "isHook": false,
              "skipped": false
            },
            {
              "title": "At invited providers page each label and field should have proper label and proper validations",
              "fullTitle": "Provider module testcases At invited providers page each label and field should have proper label and proper validations",
              "timedOut": null,
              "duration": 2825,
              "state": "passed",
              "speed": "fast",
              "pass": true,
              "fail": false,
              "pending": false,
              "context": null,
              "code": "cy.get('thead > tr > :nth-child(1) > div').should('be.visible').and('have.text', 'Email');\ncy.get('thead > tr > :nth-child(2) > div').should('be.visible').should('contain', 'Phone Number');\ncy.get('thead > tr > :nth-child(3) > div').should('be.visible').and('have.text', 'Invited On');\ncy.get('thead > tr > :nth-child(4) > div').should('be.visible').and('have.text', 'Status');\ncy.get('thead > tr > :nth-child(5) > div').should('be.visible').and('contain', 'Action');\ncy.xpath(\"//button[@textid='provider.invite']\").should('be.visible').should('have.text', 'Invite Provider');\ncy.get('div.flex.flex-wrap>div:nth-child(1)>div').should('be.visible').and('contain', 'Invited Providers');",
              "err": {},
              "uuid": "19c75119-b5fd-4557-be43-4e036dad50b9",
              "parentUUID": "8e78be10-2577-4b54-9901-d3400ed92aa5",
              "isHook": false,
              "skipped": false
            },
            {
              "title": "As a admin the user should be able to go the next page of the pending invitations list by clicking on next button",
              "fullTitle": "Provider module testcases As a admin the user should be able to go the next page of the pending invitations list by clicking on next button",
              "timedOut": null,
              "duration": 990,
              "state": "passed",
              "speed": "fast",
              "pass": true,
              "fail": false,
              "pending": false,
              "context": null,
              "code": "cy.get('.mt-1:nth-child(2)').should('be.visible').should('have.text', 'Next').click();",
              "err": {},
              "uuid": "dffd091f-dab4-4b39-9691-4f826a4943b1",
              "parentUUID": "8e78be10-2577-4b54-9901-d3400ed92aa5",
              "isHook": false,
              "skipped": false
            },
            {
              "title": "As a admin the user should be able to go the previous page of the pending invitations list by clicking on previous button",
              "fullTitle": "Provider module testcases As a admin the user should be able to go the previous page of the pending invitations list by clicking on previous button",
              "timedOut": null,
              "duration": 1020,
              "state": "passed",
              "speed": "fast",
              "pass": true,
              "fail": false,
              "pending": false,
              "context": null,
              "code": "cy.get('.mt-1:nth-child(1)').should('be.visible').should('have.text', 'Previous').click();",
              "err": {},
              "uuid": "a6d5a78e-f65d-4ac2-946a-6d6b2f61aa6a",
              "parentUUID": "8e78be10-2577-4b54-9901-d3400ed92aa5",
              "isHook": false,
              "skipped": false
            },
            {
              "title": "As a Admin I should be albe to get a pop up window of invite provider by clicking on invite provider button",
              "fullTitle": "Provider module testcases As a Admin I should be albe to get a pop up window of invite provider by clicking on invite provider button",
              "timedOut": null,
              "duration": 470,
              "state": "passed",
              "speed": "fast",
              "pass": true,
              "fail": false,
              "pending": false,
              "context": null,
              "code": "cy.xpath(\"//button[@textid='provider.invite']\").should('have.text', 'Invite Provider').click();\ncy.get('div.my-5.text-primary.text-base.font-bold').should('be.visible');",
              "err": {},
              "uuid": "92227cf6-9785-4a77-aae1-9d6f90e26310",
              "parentUUID": "8e78be10-2577-4b54-9901-d3400ed92aa5",
              "isHook": false,
              "skipped": false
            },
            {
              "title": "At invited providers pop up window each label and field should have proper label and proper validations",
              "fullTitle": "Provider module testcases At invited providers pop up window each label and field should have proper label and proper validations",
              "timedOut": null,
              "duration": 3295,
              "state": "passed",
              "speed": "fast",
              "pass": true,
              "fail": false,
              "pending": false,
              "context": null,
              "code": "cy.get('.my-5').should('be.visible').should('have.text', 'Invite Provider');\ncy.get('.w-5').should('be.visible');\ncy.get('form>div:nth-child(1)>label').should('be.visible').and('have.text', 'Email');\ncy.get('form>div:nth-child(1)>div').should('be.visible');\ncy.get('form>div:nth-child(2)>label').should('be.visible').and('contain', 'Phone Number');\ncy.get('form>div:nth-child(2)>div').should('be.visible');\ncy.get('form>div:nth-child(3)>button:nth-child(1)').should('be.visible').and('have.text', 'Cancel');\ncy.get('form>div:nth-child(3)>button:nth-child(2)').should('be.visible').and('have.text', 'Invite');\ncy.get('form>div:nth-child(1)>div').clear().type('sdada@dada@asd.com');\ncy.get('#update-profile').click();\ncy.get('.text-red-600').should('be.visible').and('have.text', 'Email is not valid');",
              "err": {},
              "uuid": "60b51f47-0477-4b53-aed1-3e6f2142b87e",
              "parentUUID": "8e78be10-2577-4b54-9901-d3400ed92aa5",
              "isHook": false,
              "skipped": false
            },
            {
              "title": "As a Admin I shoual be able to invite provider",
              "fullTitle": "Provider module testcases As a Admin I shoual be able to invite provider",
              "timedOut": null,
              "duration": 4060,
              "state": "passed",
              "speed": "fast",
              "pass": true,
              "fail": false,
              "pending": false,
              "context": null,
              "code": "const email = _faker.default.name.firstName() + '@mailinator.com';\nconst phone = _faker.default.phone.phoneNumber('(###)-###-####');\ncy.get('form>div:nth-child(1)>div>input').clear().type(email);\ncy.get('form>div:nth-child(2)>div>input').clear().type(phone);\ncy.get('#update-profile').click();\ncy.writeFile('cypress/fixtures/provider.json', {\n  email: email,\n  phone: phone\n});\ncy.contains('Invitation sent successfully.');",
              "err": {},
              "uuid": "7f3969b2-513d-4e32-b161-abbaff494b2e",
              "parentUUID": "8e78be10-2577-4b54-9901-d3400ed92aa5",
              "isHook": false,
              "skipped": false
            },
            {
              "title": "As a Admin I should be able to see invited provider into the provider list",
              "fullTitle": "Provider module testcases As a Admin I should be able to see invited provider into the provider list",
              "timedOut": null,
              "duration": 301,
              "state": "passed",
              "speed": "fast",
              "pass": true,
              "fail": false,
              "pending": false,
              "context": null,
              "code": "cy.readFile('cypress/fixtures/provider.json').then(provider => {\n  cy.get(':nth-child(1) > :nth-child(1) > div > .text-gray-900').should('be.visible').and('have.text', provider.email.toLowerCase());\n});",
              "err": {},
              "uuid": "6d13a15b-cf1c-4f6d-aafd-fe1d979b83b1",
              "parentUUID": "8e78be10-2577-4b54-9901-d3400ed92aa5",
              "isHook": false,
              "skipped": false
            },
            {
              "title": "As a admin the user should be able to search any prodvider with his name or email",
              "fullTitle": "Provider module testcases As a admin the user should be able to search any prodvider with his name or email",
              "timedOut": null,
              "duration": 9539,
              "state": "passed",
              "speed": "medium",
              "pass": true,
              "fail": false,
              "pending": false,
              "context": null,
              "code": "cy.readFile('cypress/fixtures/provider.json').then(provider => {\n  cy.get('[type=search]').should('be.visible').type(provider.email.toLowerCase());\n  cy.wait(5000);\n  cy.get('tr:nth-child(1)>td:nth-child(1)').should('be.visible').should('have.text', provider.email.toLowerCase());\n  cy.wait(2000);\n  cy.get('[type=search]').should('be.visible').clear().type(provider.phone);\n  cy.get('tr:nth-child(1)>td:nth-child(2)').should('be.visible').should('contain', provider.phone);\n});",
              "err": {},
              "uuid": "e632e8bd-da0c-4d91-88a9-edb1d5c62fa3",
              "parentUUID": "8e78be10-2577-4b54-9901-d3400ed92aa5",
              "isHook": false,
              "skipped": false
            },
            {
              "title": "As a Admin I should be able to able to resend the invitation code.",
              "fullTitle": "Provider module testcases As a Admin I should be able to able to resend the invitation code.",
              "timedOut": null,
              "duration": 16082,
              "state": "failed",
              "speed": null,
              "pass": false,
              "fail": true,
              "pending": false,
              "context": null,
              "code": "cy.xpath(\"//div[@textid='resend']\").first().click();\ncy.contains(\"Invitation sent successfully.\").should('be.visible');\ncy.logout();",
              "err": {
                "message": "AssertionError: Timed out retrying after 15000ms: Expected to find content: 'Invitation sent successfully.' but never did.",
                "estack": "AssertionError: Timed out retrying after 15000ms: Expected to find content: 'Invitation sent successfully.' but never did.\n    at Context.eval (https://qa.rch.build-release.com/__cypress/tests?p=cypress\\e2e\\Admin_Testcases\\05_invite_providers.spec.js:192:50)",
                "diff": null
              },
              "uuid": "6abb14d3-a93a-4679-b5ee-3b9a87ffa22e",
              "parentUUID": "8e78be10-2577-4b54-9901-d3400ed92aa5",
              "isHook": false,
              "skipped": false
            }
          ],
          "suites": [],
          "passes": [
            "91c84f2e-1096-4921-8efb-641b5e79f101",
            "19c75119-b5fd-4557-be43-4e036dad50b9",
            "dffd091f-dab4-4b39-9691-4f826a4943b1",
            "a6d5a78e-f65d-4ac2-946a-6d6b2f61aa6a",
            "92227cf6-9785-4a77-aae1-9d6f90e26310",
            "60b51f47-0477-4b53-aed1-3e6f2142b87e",
            "7f3969b2-513d-4e32-b161-abbaff494b2e",
            "6d13a15b-cf1c-4f6d-aafd-fe1d979b83b1",
            "e632e8bd-da0c-4d91-88a9-edb1d5c62fa3"
          ],
          "failures": [
            "6abb14d3-a93a-4679-b5ee-3b9a87ffa22e"
          ],
          "pending": [],
          "skipped": [],
          "duration": 53631,
          "root": false,
          "rootEmpty": false,
          "_timeout": 2000
        }
      ],
      "passes": [],
      "failures": [],
      "pending": [],
      "skipped": [],
      "duration": 0,
      "root": true,
      "rootEmpty": true,
      "_timeout": 2000
    }
  ],
  "meta": {
    "mocha": {
      "version": "7.0.1"
    },
    "mochawesome": {
      "options": {
        "quiet": false,
        "reportFilename": "report",
        "saveHtml": true,
        "saveJson": true,
        "consoleReporter": "spec",
        "useInlineDiffs": false,
        "code": true
      },
      "version": "7.0.1"
    },
    "marge": {
      "options": {
        "reportDir": "cypress/reports",
        "reportFilename": "report",
        "overwrite": false,
        "html": true,
        "json": true,
        "charts": true
      },
      "version": "6.0.1"
    }
  }
}