{
  "stats": {
    "suites": 1,
    "tests": 8,
    "passes": 8,
    "pending": 0,
    "failures": 0,
    "start": "2022-06-23T13:28:46.627Z",
    "end": "2022-06-23T13:29:32.723Z",
    "duration": 46096,
    "testsRegistered": 8,
    "passPercent": 100,
    "pendingPercent": 0,
    "other": 0,
    "hasOther": false,
    "skipped": 0,
    "hasSkipped": false
  },
  "results": [
    {
      "uuid": "5cc3d8b7-031b-4b39-8a7f-84c8c426fd0f",
      "title": "",
      "fullFile": "cypress\\e2e\\Admin_Testcases\\04_forgotPassword.spec.js",
      "file": "cypress\\e2e\\Admin_Testcases\\04_forgotPassword.spec.js",
      "beforeHooks": [],
      "afterHooks": [],
      "tests": [],
      "suites": [
        {
          "uuid": "98a30c7c-2ec8-433e-bdd1-7bd8564e2748",
          "title": "Forgot password module testcases",
          "fullFile": "",
          "file": "",
          "beforeHooks": [],
          "afterHooks": [],
          "tests": [
            {
              "title": "As a Admin I should be able to navigate on Forgot password page",
              "fullTitle": "Forgot password module testcases As a Admin I should be able to navigate on Forgot password page",
              "timedOut": null,
              "duration": 7459,
              "state": "passed",
              "speed": "medium",
              "pass": true,
              "fail": false,
              "pending": false,
              "context": null,
              "code": "cy.visit(cred.qaUrl);\ncy.xpath('//div[contains(text(),\"F\")]').should('be.visible').should('have.text', 'Forgot Password?').click();\ncy.url().should('include', 'forgot-password');",
              "err": {},
              "uuid": "d940bb01-892e-4f34-81e0-f15d90c09343",
              "parentUUID": "98a30c7c-2ec8-433e-bdd1-7bd8564e2748",
              "isHook": false,
              "skipped": false
            },
            {
              "title": "At Forgot password page each field should have proper lable and validation",
              "fullTitle": "Forgot password module testcases At Forgot password page each field should have proper lable and validation",
              "timedOut": null,
              "duration": 5371,
              "state": "passed",
              "speed": "medium",
              "pass": true,
              "fail": false,
              "pending": false,
              "context": null,
              "code": "cy.xpath('//div[contains(text(),\"F\")]').should('be.visible').should('have.text', 'Forgot Password? ');\ncy.xpath('//div[contains(text(),\"A\")]').should('be.visible').and('contain', 'A 6 digit verification code will be sent to your registered Email Address.');\ncy.xpath('//label/div').should('be.visible').and('have.text', 'Email');\ncy.xpath('//input[@name=\"email\"]').should('be.visible');\ncy.xpath('//button[@type=\"submit\"]').should('be.visible').should('have.text', 'Continue').click();\ncy.wait(2000);\ncy.xpath('//div[contains(text(),\"R\")]').should('be.visible').and('contain.text', 'Required'); //invalid email case\ncy.xpath('//input[@name=\"email\"]').should('be.visible').type('ASd@ads@sd.com');\ncy.xpath('//div[contains(text(),\"Pl\")]').should('be.visible').and('have.text', 'Please enter valid email');",
              "err": {},
              "uuid": "fb066abd-f333-4338-bf74-d2cc96f1ba44",
              "parentUUID": "98a30c7c-2ec8-433e-bdd1-7bd8564e2748",
              "isHook": false,
              "skipped": false
            },
            {
              "title": "OTP shouldn't send on invalid email",
              "fullTitle": "Forgot password module testcases OTP shouldn't send on invalid email",
              "timedOut": null,
              "duration": 2302,
              "state": "passed",
              "speed": "fast",
              "pass": true,
              "fail": false,
              "pending": false,
              "context": null,
              "code": "cy.xpath('//input[@name=\"email\"]').should('be.visible').clear().type('abc@gmail.com');\ncy.xpath('//button[@type=\"submit\"]').should('be.visible').should('have.text', 'Continue').click();\ncy.contains('User not found with this email');",
              "err": {},
              "uuid": "36e612d9-d682-4d4a-a215-9920c8604ad8",
              "parentUUID": "98a30c7c-2ec8-433e-bdd1-7bd8564e2748",
              "isHook": false,
              "skipped": false
            },
            {
              "title": "OTP should sent on Valid registerd email",
              "fullTitle": "Forgot password module testcases OTP should sent on Valid registerd email",
              "timedOut": null,
              "duration": 3031,
              "state": "passed",
              "speed": "fast",
              "pass": true,
              "fail": false,
              "pending": false,
              "context": null,
              "code": "const emailId = cred.email;\ncy.xpath('//input[@name=\"email\"]').should('be.visible').clear().type(emailId);\ncy.xpath('//button[@type=\"submit\"]').should('be.visible').should('have.text', 'Continue').click();\ncy.contains('OTP send to ' + emailId);",
              "err": {},
              "uuid": "b8b3a3e7-3e58-470f-87db-8b1ba236dcdb",
              "parentUUID": "98a30c7c-2ec8-433e-bdd1-7bd8564e2748",
              "isHook": false,
              "skipped": false
            },
            {
              "title": "Verify each and evey label and title on varification screen",
              "fullTitle": "Forgot password module testcases Verify each and evey label and title on varification screen",
              "timedOut": null,
              "duration": 14063,
              "state": "passed",
              "speed": "slow",
              "pass": true,
              "fail": false,
              "pending": false,
              "context": null,
              "code": "cy.xpath('//div[contains(text(),\"E\")]').should('be.visible').and('have.text', 'Enter Verification Code');\ncy.xpath('//div[contains(text(),\"A\")]').should('be.visible').and('have.text', 'A 6 digit verification code has been sent to your email address and phone number.');\ncy.xpath('//div[contains(text(),\"H\")]').should('be.visible').and('have.text', \"Haven't received the code?\");\ncy.xpath('//div[contains(text(),\"R\")]').should('be.visible').and('have.text', \"Resend Code\");",
              "err": {},
              "uuid": "5d1c1524-3ebf-40bd-a933-723e00db934c",
              "parentUUID": "98a30c7c-2ec8-433e-bdd1-7bd8564e2748",
              "isHook": false,
              "skipped": false
            },
            {
              "title": "valdation should appear when user does not enter otp into the field",
              "fullTitle": "Forgot password module testcases valdation should appear when user does not enter otp into the field",
              "timedOut": null,
              "duration": 400,
              "state": "passed",
              "speed": "fast",
              "pass": true,
              "fail": false,
              "pending": false,
              "context": null,
              "code": "cy.xpath('//button[@type=\"submit\"]').should('be.visible').should('have.text', 'Submit').click();\ncy.xpath('//div[contains(text(),\"Verfication Code is\")]').should('be.visible').and('have.text', \"Verfication Code is not valid, please re-enter or resend Verfication code\");",
              "err": {},
              "uuid": "bf5eeeaf-e93f-4af6-a1d0-cf48821c3e77",
              "parentUUID": "98a30c7c-2ec8-433e-bdd1-7bd8564e2748",
              "isHook": false,
              "skipped": false
            },
            {
              "title": "validation should appear when user enter invalid OTP",
              "fullTitle": "Forgot password module testcases validation should appear when user enter invalid OTP",
              "timedOut": null,
              "duration": 1165,
              "state": "passed",
              "speed": "fast",
              "pass": true,
              "fail": false,
              "pending": false,
              "context": null,
              "code": "cy.xpath('//div[@class=\"hidden md:block\"]').type('336699');\ncy.xpath('//button[@type=\"submit\"]').should('be.visible').should('have.text', 'Submit').click();\ncy.xpath('//div[contains(text(),\"Verfication Code is\")]').should('be.visible').and('have.text', \"Verfication Code is not valid, please re-enter or resend Verfication code\");",
              "err": {},
              "uuid": "915dc1cb-2ff7-4e06-9a40-0ad893ffcf71",
              "parentUUID": "98a30c7c-2ec8-433e-bdd1-7bd8564e2748",
              "isHook": false,
              "skipped": false
            },
            {
              "title": "verify resend button functionality ",
              "fullTitle": "Forgot password module testcases verify resend button functionality ",
              "timedOut": null,
              "duration": 616,
              "state": "passed",
              "speed": "fast",
              "pass": true,
              "fail": false,
              "pending": false,
              "context": null,
              "code": "cy.xpath('//div[contains(text(),\"R\")]').should('be.visible').and('have.text', \"Resend Code\").click();\nconst emailId = cred.email;\ncy.contains('OTP send to ' + emailId);",
              "err": {},
              "uuid": "d3f929f2-1963-411b-8d06-49214ec9b208",
              "parentUUID": "98a30c7c-2ec8-433e-bdd1-7bd8564e2748",
              "isHook": false,
              "skipped": false
            }
          ],
          "suites": [],
          "passes": [
            "d940bb01-892e-4f34-81e0-f15d90c09343",
            "fb066abd-f333-4338-bf74-d2cc96f1ba44",
            "36e612d9-d682-4d4a-a215-9920c8604ad8",
            "b8b3a3e7-3e58-470f-87db-8b1ba236dcdb",
            "5d1c1524-3ebf-40bd-a933-723e00db934c",
            "bf5eeeaf-e93f-4af6-a1d0-cf48821c3e77",
            "915dc1cb-2ff7-4e06-9a40-0ad893ffcf71",
            "d3f929f2-1963-411b-8d06-49214ec9b208"
          ],
          "failures": [],
          "pending": [],
          "skipped": [],
          "duration": 34407,
          "root": false,
          "rootEmpty": false,
          "_timeout": 2000
        }
      ],
      "passes": [],
      "failures": [],
      "pending": [],
      "skipped": [],
      "duration": 0,
      "root": true,
      "rootEmpty": true,
      "_timeout": 2000
    }
  ],
  "meta": {
    "mocha": {
      "version": "7.0.1"
    },
    "mochawesome": {
      "options": {
        "quiet": false,
        "reportFilename": "report",
        "saveHtml": true,
        "saveJson": true,
        "consoleReporter": "spec",
        "useInlineDiffs": false,
        "code": true
      },
      "version": "7.0.1"
    },
    "marge": {
      "options": {
        "reportDir": "cypress/reports",
        "reportFilename": "report",
        "overwrite": false,
        "html": true,
        "json": true,
        "charts": true
      },
      "version": "6.0.1"
    }
  }
}