{
  "stats": {
    "suites": 1,
    "tests": 8,
    "passes": 4,
    "pending": 0,
    "failures": 4,
    "start": "2021-09-29T05:20:00.792Z",
    "end": "2021-09-29T05:21:22.464Z",
    "duration": 81672,
    "testsRegistered": 8,
    "passPercent": 50,
    "pendingPercent": 0,
    "other": 0,
    "hasOther": false,
    "skipped": 0,
    "hasSkipped": false
  },
  "results": [
    {
      "uuid": "6cfce99b-7e0e-4997-889a-4f9250c5ed69",
      "title": "",
      "fullFile": "cypress/integration/Patient_Testcases/01_Signup.spec.js",
      "file": "cypress/integration/Patient_Testcases/01_Signup.spec.js",
      "beforeHooks": [],
      "afterHooks": [],
      "tests": [],
      "suites": [
        {
          "uuid": "9fee92c5-bb32-4e68-bb57-61af4e66a474",
          "title": "Sign Up module testcases",
          "fullFile": "",
          "file": "",
          "beforeHooks": [],
          "afterHooks": [],
          "tests": [
            {
              "title": "As a patient the user should be navigated to the landing page after entering the url",
              "fullTitle": "Sign Up module testcases As a patient the user should be navigated to the landing page after entering the url",
              "timedOut": null,
              "duration": 2838,
              "state": "passed",
              "speed": "slow",
              "pass": true,
              "fail": false,
              "pending": false,
              "context": null,
              "code": "cy.visit(cred.PatientUrl);\ncy.url().should('eq', cred.PatientUrl);",
              "err": {},
              "uuid": "2bdd3660-ff2a-434a-9f18-bbf89f966607",
              "parentUUID": "9fee92c5-bb32-4e68-bb57-61af4e66a474",
              "isHook": false,
              "skipped": false
            },
            {
              "title": "As a patient the user should be navigated to the create account page by clicking create account button in login page",
              "fullTitle": "Sign Up module testcases As a patient the user should be navigated to the create account page by clicking create account button in login page",
              "timedOut": null,
              "duration": 3951,
              "state": "passed",
              "speed": "slow",
              "pass": true,
              "fail": false,
              "pending": false,
              "context": null,
              "code": "cy.get('.bg-white > .mx-auto > .w-44').should('be.visible').click();\ncy.url().should('contain', '/login');\ncy.get('[href=\"/signup\"] > .flex').should('be.visible').should('contain', 'Create').click();\ncy.url().should('contain', '/signup');",
              "err": {},
              "uuid": "04e89caa-4a16-4948-9a3e-af86d3da5398",
              "parentUUID": "9fee92c5-bb32-4e68-bb57-61af4e66a474",
              "isHook": false,
              "skipped": false
            },
            {
              "title": "At create an account page each label and field should have properblabel and validations",
              "fullTitle": "Sign Up module testcases At create an account page each label and field should have properblabel and validations",
              "timedOut": null,
              "duration": 1294,
              "state": "passed",
              "speed": "slow",
              "pass": true,
              "fail": false,
              "pending": false,
              "context": null,
              "code": "cy.get('[alt=logo]').should('be.visible');\ncy.get('.p-10 > :nth-child(1)').should('be.visible').should('have.text', 'LX Medical');\ncy.get('.font-semibold').should('be.visible').should('contain', 'Create An Account');\ncy.get('.h-6').should('be.visible');\ncy.get('.gap-4 > :nth-child(1) > :nth-child(1)').should('be.visible').should('have.text', 'First Name');\ncy.get('.gap-4 > :nth-child(1) > :nth-child(2)').should('be.visible').should('have.text', 'Last Name');\ncy.get('.gap-4 > :nth-child(2) > :nth-child(1)').should('be.visible').should('contain', 'Phone Number');\ncy.get('.gap-4 > :nth-child(2) > :nth-child(2)').should('be.visible').should('have.text', 'Email');\ncy.get(':nth-child(3) > div.w-full').should('be.visible').should('have.text', 'Date of Birth');\ncy.get(':nth-child(3) > :nth-child(2)').should('be.visible').should('contain', 'Gender');\ncy.get(':nth-child(5) > .font-medium').should('be.visible').should('have.text', 'Your Address');\ncy.get(':nth-child(6) > :nth-child(1)').should('be.visible').should('have.text', 'Address Line 1');\ncy.get(':nth-child(6) > :nth-child(2)').should('be.visible').should('contain', 'Address Line 2');\ncy.get(':nth-child(7) > :nth-child(1)').should('be.visible').should('contain', 'Postal Code');\ncy.get(':nth-child(7) > :nth-child(2)').should('be.visible').should('contain', 'City');\ncy.get('#patientSignup>form>div:nth-child(8)').should('be.visible').should('contain', 'State');\ncy.get('.h-4').should('be.visible').should('not.be.checked');\ncy.get('.gap-x-1 > :nth-child(3)').should('be.visible').should('contain', 'Terms');\ncy.get('.gap-x-1 > :nth-child(5)').should('be.visible').should('contain', 'Privacy');\ncy.get('.justify-center').should('be.visible').should('contain', 'Continue');",
              "err": {},
              "uuid": "e9ef68d2-862e-49e2-861d-ce2ca835abaa",
              "parentUUID": "9fee92c5-bb32-4e68-bb57-61af4e66a474",
              "isHook": false,
              "skipped": false
            },
            {
              "title": "As a patient the user should get all the validation error if proceeds to next page with no data",
              "fullTitle": "Sign Up module testcases As a patient the user should get all the validation error if proceeds to next page with no data",
              "timedOut": null,
              "duration": 335,
              "state": "passed",
              "speed": "slow",
              "pass": true,
              "fail": false,
              "pending": false,
              "context": null,
              "code": "cy.get('.justify-center').should('be.visible').click();\ncy.get(':nth-child(1) > :nth-child(1) > .text-red-600').should('be.visible').should('have.text', 'Required');\ncy.get(':nth-child(1) > :nth-child(2) > .text-red-600').should('be.visible').should('have.text', 'Required');\ncy.get(':nth-child(2) > :nth-child(1) > .text-red-600').should('be.visible').should('have.text', 'Required');\ncy.get(':nth-child(2) > :nth-child(2) > .text-red-600').should('be.visible').should('have.text', 'Required');\ncy.get(':nth-child(3) > div.w-full > .text-red-600').should('be.visible').should('have.text', 'Required');\ncy.get(':nth-child(3) > :nth-child(2) > .text-red-600').should('be.visible').should('have.text', 'Required');\ncy.get(':nth-child(6) > :nth-child(1) > .text-red-600').should('be.visible').should('have.text', 'Required');\ncy.get(':nth-child(7) > :nth-child(1) > .text-red-600').should('be.visible').should('have.text', 'Required');\ncy.get(':nth-child(7) > :nth-child(2) > .text-red-600').should('be.visible').should('have.text', 'Required');\ncy.get(':nth-child(8) > div.w-full > .text-red-600').should('be.visible').should('have.text', 'Required');",
              "err": {},
              "uuid": "bfae4308-fbb8-408b-98c1-a452b4060b05",
              "parentUUID": "9fee92c5-bb32-4e68-bb57-61af4e66a474",
              "isHook": false,
              "skipped": false
            },
            {
              "title": "As a patient the user should be able to navigated to the Disclosure page after filling all details with valid data",
              "fullTitle": "Sign Up module testcases As a patient the user should be able to navigated to the Disclosure page after filling all details with valid data",
              "timedOut": null,
              "duration": 22242,
              "state": "failed",
              "speed": null,
              "pass": false,
              "fail": true,
              "pending": false,
              "context": null,
              "code": "cy.get(':nth-child(1) > :nth-child(1) > .relative > .appearance-none').should('be.visible').type('pawan');\ncy.get(':nth-child(1) > :nth-child(2) > .mt-1 > .appearance-none').should('be.visible').type('kumar');\ncy.get(':nth-child(2) > :nth-child(1) > .mt-1 > .appearance-none').should('be.visible').type('7799552341');\ncy.get(':nth-child(2) > :nth-child(2) > .mt-1 > .appearance-none').should('be.visible').type('pawan@mailinator.com');\ncy.get('.css-tlfecz-indicatorContainer').click();\ncy.wait(5000);\ncy.get('.text-red-600').should('be.visible').should('contain', 'already exists');\ncy.get(':nth-child(2) > :nth-child(2) > .relative > .appearance-none').clear();\ncy.get(':nth-child(2) > :nth-child(2) > .mt-1 > .appearance-none').should('be.visible').type(email);\ncy.get('.react-datepicker__input-container > .appearance-none').should('be.visible').click();\ncy.get('.react-datepicker__year-select').should('be.visible').select('1991');\ncy.get('.react-datepicker__day--019').should('be.visible').click();\ncy.get('.css-1hwfws3').click();\ncy.get('#patientSignup > form > div:nth-child(3) > div:nth-child(2) > div.text-sm.font-bold.text-primary.css-2b097c-container > div').contains('Male').click();\ncy.get(':nth-child(6) > :nth-child(1) > .mt-1 > .appearance-none').should('be.visible').type('plot no 99');\ncy.get(':nth-child(6) > :nth-child(2) > .mt-1 > .appearance-none').should('be.visible').type('park street');\ncy.get(':nth-child(7) > :nth-child(1) > .mt-1 > .appearance-none').should('be.visible').type('35242');\ncy.get('.justify-center').should('be.visible').click();\ncy.get('.text-red-600').should('be.visible').should('have.text', 'Please accept Terms of Use & Privacy Policy');\ncy.get('.h-4').should('be.visible').should('not.be.checked').check();\ncy.get('.gap-x-1 > :nth-child(3)').should('be.visible').click();\ncy.get('.my-5').should('be.visible').should('have.text', 'Terms & conditions');\ncy.get('.w-5').should('be.visible').click();\ncy.get('.gap-x-1 > :nth-child(5)').should('be.visible').should('have.text', 'Privacy Policies').click();\ncy.get('.gap-x-1 > :nth-child(5)').should('be.visible').should('have.text', 'Privacy Policies');\ncy.get('.w-5 > path').should('be.visible').click();\ncy.get('.justify-center').should('be.visible').click();",
              "err": {
                "message": "AssertionError: Timed out retrying after 15000ms: expected '[ <div.text-red-600.mt-1.text-xs>, 6 more... ]' to contain 'already exists'",
                "estack": "AssertionError: Timed out retrying after 15000ms: expected '[ <div.text-red-600.mt-1.text-xs>, 6 more... ]' to contain 'already exists'\n    at Context.eval (https://qa.rch.build-release.com/__cypress/tests?p=cypress\\integration\\Patient_Testcases\\01_Signup.spec.js:189:50)",
                "diff": null
              },
              "uuid": "581d79b4-3e21-4ac6-88ae-2771f563293e",
              "parentUUID": "9fee92c5-bb32-4e68-bb57-61af4e66a474",
              "isHook": false,
              "skipped": false
            },
            {
              "title": "As a patient the user should be navigated to the patient consent page after accepting disclosure conditions",
              "fullTitle": "Sign Up module testcases As a patient the user should be navigated to the patient consent page after accepting disclosure conditions",
              "timedOut": null,
              "duration": 15252,
              "state": "failed",
              "speed": null,
              "pass": false,
              "fail": true,
              "pending": false,
              "context": null,
              "code": "cy.get('.text-gray-800').should('be.visible').should('have.text', 'Disclosure of Out of Network');\ncy.get('.justify-center').should('be.visible').should('contain', 'Continue').click();\ncy.get('.text-red-600').should('be.visible').should('have.text', 'Please accept to continue');\ncy.get('.ml-2 > div').should('be.visible').should('have.text', 'I accept the above conditions');\ncy.get('.h-4').should('be.visible').should('not.be.checked').check();\ncy.get('.justify-center').should('be.visible').should('contain', 'Continue').click();",
              "err": {
                "message": "AssertionError: Timed out retrying after 15000ms: Expected to find element: `.text-gray-800`, but never found it.",
                "estack": "AssertionError: Timed out retrying after 15000ms: Expected to find element: `.text-gray-800`, but never found it.\n    at Context.eval (https://qa.rch.build-release.com/__cypress/tests?p=cypress\\integration\\Patient_Testcases\\01_Signup.spec.js:212:30)",
                "diff": null
              },
              "uuid": "dc12ba06-e2ed-4bad-8165-c41786f38a66",
              "parentUUID": "9fee92c5-bb32-4e68-bb57-61af4e66a474",
              "isHook": false,
              "skipped": false
            },
            {
              "title": "As a patient the user should be navigated to the email verification page after accepting patient consent conditions",
              "fullTitle": "Sign Up module testcases As a patient the user should be navigated to the email verification page after accepting patient consent conditions",
              "timedOut": null,
              "duration": 15242,
              "state": "failed",
              "speed": null,
              "pass": false,
              "fail": true,
              "pending": false,
              "context": null,
              "code": "cy.get('.text-gray-800').should('be.visible').should('have.text', 'Patient Consent to Treatment');\ncy.get('.justify-center').should('be.visible').should('contain', 'Continue').click();\ncy.get('.text-red-600').should('be.visible').should('have.text', 'Please accept to continue');\ncy.get('.ml-2 > div').should('be.visible').should('have.text', 'I accept the above conditions');\ncy.get('.h-4').should('be.visible').should('not.be.checked').check();\ncy.get('.justify-center').should('be.visible').should('contain', 'Continue').click();",
              "err": {
                "message": "AssertionError: Timed out retrying after 15000ms: Expected to find element: `.text-gray-800`, but never found it.",
                "estack": "AssertionError: Timed out retrying after 15000ms: Expected to find element: `.text-gray-800`, but never found it.\n    at Context.eval (https://qa.rch.build-release.com/__cypress/tests?p=cypress\\integration\\Patient_Testcases\\01_Signup.spec.js:220:30)",
                "diff": null
              },
              "uuid": "c107743c-fad2-4d26-8549-2327fc7783d2",
              "parentUUID": "9fee92c5-bb32-4e68-bb57-61af4e66a474",
              "isHook": false,
              "skipped": false
            },
            {
              "title": "As a patient the user should be navigated to the create password page after verifying email",
              "fullTitle": "Sign Up module testcases As a patient the user should be navigated to the create password page after verifying email",
              "timedOut": null,
              "duration": 15260,
              "state": "failed",
              "speed": null,
              "pass": false,
              "fail": true,
              "pending": false,
              "context": null,
              "code": "cy.get('.Toastify__toast-body').should('be.visible').should('contain', 'Otp sent');\ncy.get('.text-gray-600').should('be.visible').should('have.text', email);\ncy.get('.text-gray-800').should('be.visible').should('have.text', 'Enter Verification Code');\ncy.get('.text-gray-500').should('be.visible').should('contain', 'A 6 digit');\ncy.get('.font-medium').should('be.visible').should('contain', 'received');\ncy.get('.mt-3 > .font-bold').should('be.visible').should('contain', 'Resend');\ncy.get('.mt-5 > .flex').should('be.visible').should('have.text', 'Submit').click();\ncy.get('.my-4 > .text-xs').should('be.visible').should('contain', 'not valid');",
              "err": {
                "message": "AssertionError: Timed out retrying after 15000ms: Expected to find element: `.Toastify__toast-body`, but never found it.",
                "estack": "AssertionError: Timed out retrying after 15000ms: Expected to find element: `.Toastify__toast-body`, but never found it.\n    at Context.eval (https://qa.rch.build-release.com/__cypress/tests?p=cypress\\integration\\Patient_Testcases\\01_Signup.spec.js:228:37)",
                "diff": null
              },
              "uuid": "df979101-c563-4dfe-8230-afb546e15ecc",
              "parentUUID": "9fee92c5-bb32-4e68-bb57-61af4e66a474",
              "isHook": false,
              "skipped": false
            }
          ],
          "suites": [],
          "passes": [
            "2bdd3660-ff2a-434a-9f18-bbf89f966607",
            "04e89caa-4a16-4948-9a3e-af86d3da5398",
            "e9ef68d2-862e-49e2-861d-ce2ca835abaa",
            "bfae4308-fbb8-408b-98c1-a452b4060b05"
          ],
          "failures": [
            "581d79b4-3e21-4ac6-88ae-2771f563293e",
            "dc12ba06-e2ed-4bad-8165-c41786f38a66",
            "c107743c-fad2-4d26-8549-2327fc7783d2",
            "df979101-c563-4dfe-8230-afb546e15ecc"
          ],
          "pending": [],
          "skipped": [],
          "duration": 76414,
          "root": false,
          "rootEmpty": false,
          "_timeout": 2000
        }
      ],
      "passes": [],
      "failures": [],
      "pending": [],
      "skipped": [],
      "duration": 0,
      "root": true,
      "rootEmpty": true,
      "_timeout": 2000
    }
  ],
  "meta": {
    "mocha": {
      "version": "7.0.1"
    },
    "mochawesome": {
      "options": {
        "quiet": false,
        "reportFilename": "report",
        "saveHtml": true,
        "saveJson": true,
        "consoleReporter": "spec",
        "useInlineDiffs": false,
        "code": true
      },
      "version": "6.2.2"
    },
    "marge": {
      "options": {
        "reportDir": "cypress/reports",
        "reportFilename": "report",
        "overwrite": false,
        "html": true,
        "json": true,
        "charts": true
      },
      "version": "5.2.0"
    }
  }
}