{
  "stats": {
    "suites": 1,
    "tests": 8,
    "passes": 8,
    "pending": 0,
    "failures": 0,
    "start": "2021-09-21T12:09:16.894Z",
    "end": "2021-09-21T12:09:44.648Z",
    "duration": 27754,
    "testsRegistered": 8,
    "passPercent": 100,
    "pendingPercent": 0,
    "other": 0,
    "hasOther": false,
    "skipped": 0,
    "hasSkipped": false
  },
  "results": [
    {
      "uuid": "223f6a17-7168-4b30-84d7-c3e921896fb9",
      "title": "",
      "fullFile": "cypress/integration/Admin_Testcases/04_forgotPassword.spec.js",
      "file": "cypress/integration/Admin_Testcases/04_forgotPassword.spec.js",
      "beforeHooks": [],
      "afterHooks": [],
      "tests": [],
      "suites": [
        {
          "uuid": "977a4bf3-5d19-4e98-a993-3476e6a9b21e",
          "title": "Forgot password module testcases",
          "fullFile": "",
          "file": "",
          "beforeHooks": [],
          "afterHooks": [],
          "tests": [
            {
              "title": "As a Admin I should be able to navigate on Forgot password page",
              "fullTitle": "Forgot password module testcases As a Admin I should be able to navigate on Forgot password page",
              "timedOut": null,
              "duration": 4747,
              "state": "passed",
              "speed": "slow",
              "pass": true,
              "fail": false,
              "pending": false,
              "context": null,
              "code": "cy.visit(data.qaUrl);\ncy.get('a > .text-primary').should('be.visible').click();\ncy.url().should('include', 'forgot-password');",
              "err": {},
              "uuid": "a0ae4a7b-369a-408e-ae0b-bfd9aa458b36",
              "parentUUID": "977a4bf3-5d19-4e98-a993-3476e6a9b21e",
              "isHook": false,
              "skipped": false
            },
            {
              "title": "At Forgot password page each field should have proper lable and validation",
              "fullTitle": "Forgot password module testcases At Forgot password page each field should have proper lable and validation",
              "timedOut": null,
              "duration": 1144,
              "state": "passed",
              "speed": "slow",
              "pass": true,
              "fail": false,
              "pending": false,
              "context": null,
              "code": "cy.get('.text-gray-900').should('be.visible').and('have.text', 'Forgot Password? ');\ncy.get('.text-gray-500').should('be.visible').and('contain', 'A 6 digit verification code will be sent to your registered Email Address');\ncy.get(':nth-child(1) > .text-sm > div').should('be.visible').and('have.text', 'Email');\ncy.get('.appearance-none').should('be.visible');\ncy.get('.mt-5 > .flex').should('be.visible').click();\ncy.get('.text-red-600').should('be.visible').and('contain.text', 'Required'); //invalid email case\ncy.get('.appearance-none').clear().type('ASd@ads@sd.com');\ncy.get('.text-red-600').should('be.visible').and('have.text', 'Please enter valid email');",
              "err": {},
              "uuid": "18c6b1ea-65ae-40bb-bcb4-a68cea7b11c6",
              "parentUUID": "977a4bf3-5d19-4e98-a993-3476e6a9b21e",
              "isHook": false,
              "skipped": false
            },
            {
              "title": "OTP shouldn't send on invalid email",
              "fullTitle": "Forgot password module testcases OTP shouldn't send on invalid email",
              "timedOut": null,
              "duration": 1346,
              "state": "passed",
              "speed": "slow",
              "pass": true,
              "fail": false,
              "pending": false,
              "context": null,
              "code": "cy.get('.appearance-none').clear().type('abc@gmail.com');\ncy.get('.mt-5 > .flex').click();\ncy.contains('User not found');",
              "err": {},
              "uuid": "f52db803-0839-43fb-9b81-3f8f975041f2",
              "parentUUID": "977a4bf3-5d19-4e98-a993-3476e6a9b21e",
              "isHook": false,
              "skipped": false
            },
            {
              "title": "OTP should sent on Valid registerd email",
              "fullTitle": "Forgot password module testcases OTP should sent on Valid registerd email",
              "timedOut": null,
              "duration": 2993,
              "state": "passed",
              "speed": "slow",
              "pass": true,
              "fail": false,
              "pending": false,
              "context": null,
              "code": "const emailId = data.email;\ncy.get('.appearance-none').clear().type(emailId);\ncy.get('.mt-5 > .flex').click();\ncy.contains('OTP send to ' + emailId);",
              "err": {},
              "uuid": "074be126-095b-4c04-a6d4-79b2c0e345c7",
              "parentUUID": "977a4bf3-5d19-4e98-a993-3476e6a9b21e",
              "isHook": false,
              "skipped": false
            },
            {
              "title": "Verify each and evey label and title on varification screen",
              "fullTitle": "Forgot password module testcases Verify each and evey label and title on varification screen",
              "timedOut": null,
              "duration": 13746,
              "state": "passed",
              "speed": "slow",
              "pass": true,
              "fail": false,
              "pending": false,
              "context": null,
              "code": "cy.get('.text-gray-800').should('be.visible').and('have.text', 'Enter Verification Code');\ncy.get('.text-gray-500').should('be.visible').and('have.text', 'A 6 digit verification code has been sent to your email address');\ncy.get('.mt-3 > :nth-child(1)').should('be.visible').and('have.text', \"Haven't received the code?\");\ncy.get('.mt-5 > .flex').should('be.visible');",
              "err": {},
              "uuid": "951ea0e0-b4ae-4930-9896-21328b4923c1",
              "parentUUID": "977a4bf3-5d19-4e98-a993-3476e6a9b21e",
              "isHook": false,
              "skipped": false
            },
            {
              "title": "valdation should appear when user does not enter otp into the field",
              "fullTitle": "Forgot password module testcases valdation should appear when user does not enter otp into the field",
              "timedOut": null,
              "duration": 231,
              "state": "passed",
              "speed": "slow",
              "pass": true,
              "fail": false,
              "pending": false,
              "context": null,
              "code": "cy.get('.mt-5 > .flex').should('be.visible').click();\ncy.get('.my-4 > .text-xs').should('be.visible').and('have.text', 'Verfication Code is not valid, please re-enter or resend Verfication code');",
              "err": {},
              "uuid": "9fc94392-687d-4d1d-a03f-0f94f07983e6",
              "parentUUID": "977a4bf3-5d19-4e98-a993-3476e6a9b21e",
              "isHook": false,
              "skipped": false
            },
            {
              "title": "validation should appear when user enter invalid OTP",
              "fullTitle": "Forgot password module testcases validation should appear when user enter invalid OTP",
              "timedOut": null,
              "duration": 877,
              "state": "passed",
              "speed": "slow",
              "pass": true,
              "fail": false,
              "pending": false,
              "context": null,
              "code": "cy.xpath(\"//div[@style='display: flex; margin: 0px 0px 0px -0.5rem;']\").type('336699');\ncy.get('.mt-5 > .flex').should('be.visible').click();\ncy.get('.my-4 > .text-xs').should('be.visible').and('have.text', 'Verfication Code is not valid, please re-enter or resend Verfication code');",
              "err": {},
              "uuid": "6a7db962-6ff7-439e-b9ad-df386e9234d8",
              "parentUUID": "977a4bf3-5d19-4e98-a993-3476e6a9b21e",
              "isHook": false,
              "skipped": false
            },
            {
              "title": "verify resend button functionality ",
              "fullTitle": "Forgot password module testcases verify resend button functionality ",
              "timedOut": null,
              "duration": 483,
              "state": "passed",
              "speed": "slow",
              "pass": true,
              "fail": false,
              "pending": false,
              "context": null,
              "code": "cy.get('.mt-3 > .font-bold').should('be.visible').click();\nconst emailId = data.email;\ncy.contains('OTP send to ' + emailId);",
              "err": {},
              "uuid": "7b4639af-92c3-4f90-a9fe-cc9cacfb9bb0",
              "parentUUID": "977a4bf3-5d19-4e98-a993-3476e6a9b21e",
              "isHook": false,
              "skipped": false
            }
          ],
          "suites": [],
          "passes": [
            "a0ae4a7b-369a-408e-ae0b-bfd9aa458b36",
            "18c6b1ea-65ae-40bb-bcb4-a68cea7b11c6",
            "f52db803-0839-43fb-9b81-3f8f975041f2",
            "074be126-095b-4c04-a6d4-79b2c0e345c7",
            "951ea0e0-b4ae-4930-9896-21328b4923c1",
            "9fc94392-687d-4d1d-a03f-0f94f07983e6",
            "6a7db962-6ff7-439e-b9ad-df386e9234d8",
            "7b4639af-92c3-4f90-a9fe-cc9cacfb9bb0"
          ],
          "failures": [],
          "pending": [],
          "skipped": [],
          "duration": 25567,
          "root": false,
          "rootEmpty": false,
          "_timeout": 2000
        }
      ],
      "passes": [],
      "failures": [],
      "pending": [],
      "skipped": [],
      "duration": 0,
      "root": true,
      "rootEmpty": true,
      "_timeout": 2000
    }
  ],
  "meta": {
    "mocha": {
      "version": "7.0.1"
    },
    "mochawesome": {
      "options": {
        "quiet": false,
        "reportFilename": "report",
        "saveHtml": true,
        "saveJson": true,
        "consoleReporter": "spec",
        "useInlineDiffs": false,
        "code": true
      },
      "version": "6.2.2"
    },
    "marge": {
      "options": {
        "reportDir": "cypress/reports",
        "reportFilename": "report",
        "overwrite": false,
        "html": true,
        "json": true,
        "charts": true
      },
      "version": "5.2.0"
    }
  }
}