{
  "stats": {
    "suites": 1,
    "tests": 6,
    "passes": 6,
    "pending": 0,
    "failures": 0,
    "start": "2021-09-23T14:12:07.084Z",
    "end": "2021-09-23T14:12:43.358Z",
    "duration": 36274,
    "testsRegistered": 6,
    "passPercent": 100,
    "pendingPercent": 0,
    "other": 0,
    "hasOther": false,
    "skipped": 0,
    "hasSkipped": false
  },
  "results": [
    {
      "uuid": "c9db444f-59d3-4ed8-a4d6-905816a4bfeb",
      "title": "",
      "fullFile": "cypress/integration/Admin_Testcases/07_Patient_Management.spec.js",
      "file": "cypress/integration/Admin_Testcases/07_Patient_Management.spec.js",
      "beforeHooks": [],
      "afterHooks": [],
      "tests": [],
      "suites": [
        {
          "uuid": "770e731d-2d4f-4368-99bb-f08bada07079",
          "title": "Patient management module test cases",
          "fullFile": "",
          "file": "",
          "beforeHooks": [],
          "afterHooks": [],
          "tests": [
            {
              "title": "As a admin the user should be navigated on patients page by clicking on patients tab",
              "fullTitle": "Patient management module test cases As a admin the user should be navigated on patients page by clicking on patients tab",
              "timedOut": null,
              "duration": 14046,
              "state": "passed",
              "speed": "slow",
              "pass": true,
              "fail": false,
              "pending": false,
              "context": null,
              "code": "cy.login();\ncy.get('.space-y-4 > :nth-child(3)').should('be.visible').should('have.text', 'Patients').click();\ncy.url().should('contain', '/patients');",
              "err": {},
              "uuid": "20a808d2-09f2-412e-8e05-8d1abf542239",
              "parentUUID": "770e731d-2d4f-4368-99bb-f08bada07079",
              "isHook": false,
              "skipped": false
            },
            {
              "title": "At patients page each label and field should have proper label and validations",
              "fullTitle": "Patient management module test cases At patients page each label and field should have proper label and validations",
              "timedOut": null,
              "duration": 5035,
              "state": "passed",
              "speed": "slow",
              "pass": true,
              "fail": false,
              "pending": false,
              "context": null,
              "code": "cy.get('.font-bold').should('be.visible').should('have.text', 'Patients');\ncy.get('table>thead>tr>th:nth-child(1)').should('be.visible').should('have.text', 'Full Name');\ncy.get('table>thead>tr>th:nth-child(2)').should('be.visible').should('have.text', 'Email');\ncy.get('table>thead>tr>th:nth-child(3)').should('be.visible').should('have.text', 'Mobile Number');\ncy.get('table>thead>tr>th:nth-child(4)').should('be.visible').should('have.text', 'Joined On');\ncy.get('table>thead>tr>th:nth-child(5)').should('be.visible').should('have.text', 'Subscription');\ncy.get('table>thead>tr>th:nth-child(6)').scrollIntoView().should('be.visible').should('have.text', 'Appointment');\ncy.get('table>thead>tr>th:nth-child(7)').scrollIntoView().should('be.visible').should('have.text', 'Action');",
              "err": {},
              "uuid": "d6154b0d-18b1-41cd-b4cd-6f7075242025",
              "parentUUID": "770e731d-2d4f-4368-99bb-f08bada07079",
              "isHook": false,
              "skipped": false
            },
            {
              "title": "As a admin the user should be navigated to the profile details page of any patient by clicking on eye symbol against that particular patient ",
              "fullTitle": "Patient management module test cases As a admin the user should be navigated to the profile details page of any patient by clicking on eye symbol against that particular patient ",
              "timedOut": null,
              "duration": 246,
              "state": "passed",
              "speed": "slow",
              "pass": true,
              "fail": false,
              "pending": false,
              "context": null,
              "code": "cy.get('tr:nth-child(1) > td:nth-child(7) > div > svg:nth-child(1) > path:nth-child(2)').scrollIntoView().should('be.visible').click({\n  force: true\n});",
              "err": {},
              "uuid": "8cd10d66-933f-432b-839d-3796ee2af112",
              "parentUUID": "770e731d-2d4f-4368-99bb-f08bada07079",
              "isHook": false,
              "skipped": false
            },
            {
              "title": "At profile deatils page of the patient each label and field should have proper label and validations",
              "fullTitle": "Patient management module test cases At profile deatils page of the patient each label and field should have proper label and validations",
              "timedOut": null,
              "duration": 2791,
              "state": "passed",
              "speed": "slow",
              "pass": true,
              "fail": false,
              "pending": false,
              "context": null,
              "code": "cy.get('.space-x-4 > .font-bold').should('be.visible').should('have.text', 'Patient Details');\ncy.get('.border-primary').should('be.visible').should('have.text', 'Address');\ncy.get('div.space-y-4:nth-child(1)>div:nth-child(1)>div:nth-child(1)>div:nth-child(1)').should('be.visible').should('have.text', 'Address Line 1');\ncy.get('div.space-y-4:nth-child(1)>div:nth-child(1)>div:nth-child(2)>div:nth-child(1)').should('be.visible').should('have.text', 'Address Line 2');\ncy.get('div.space-y-4:nth-child(1)>div:nth-child(2)>div:nth-child(1)>div:nth-child(1)').should('be.visible').should('have.text', 'Postal Code');\ncy.get('div.space-y-4:nth-child(1)>div:nth-child(2)>div:nth-child(2)>div:nth-child(1)').should('be.visible').should('have.text', 'City');\ncy.get('div.space-y-4:nth-child(1)>div:nth-child(3)>div:nth-child(1)>div:nth-child(1)').should('be.visible').should('have.text', 'State');",
              "err": {},
              "uuid": "46e9f43b-4531-42fe-b8d0-da9ff8525ae6",
              "parentUUID": "770e731d-2d4f-4368-99bb-f08bada07079",
              "isHook": false,
              "skipped": false
            },
            {
              "title": "As a admin the user should be navigated back to the patients page by clicking on back symbol on profile details page",
              "fullTitle": "Patient management module test cases As a admin the user should be navigated back to the patients page by clicking on back symbol on profile details page",
              "timedOut": null,
              "duration": 332,
              "state": "passed",
              "speed": "slow",
              "pass": true,
              "fail": false,
              "pending": false,
              "context": null,
              "code": "cy.get('.h-6 > path').should('be.visible').click();",
              "err": {},
              "uuid": "c1574467-6cbc-46ed-bedc-2c36772a2dec",
              "parentUUID": "770e731d-2d4f-4368-99bb-f08bada07079",
              "isHook": false,
              "skipped": false
            },
            {
              "title": "As a admin the user should able to search any patient by his name or email",
              "fullTitle": "Patient management module test cases As a admin the user should able to search any patient by his name or email",
              "timedOut": null,
              "duration": 10402,
              "state": "passed",
              "speed": "slow",
              "pass": true,
              "fail": false,
              "pending": false,
              "context": null,
              "code": "cy.get('.bg-white > .w-full').should('be.visible').type('pawan');\ncy.wait(2000);\ncy.get('.bg-white > .w-full').clear();\ncy.get('.bg-white > .w-full').should('be.visible').type('pavann@mailinator.com');\ncy.wait(2000);\ncy.get('.bg-white > .w-full').clear();\ncy.logout();",
              "err": {},
              "uuid": "afcef929-50e4-493a-af90-a78c0a2492ba",
              "parentUUID": "770e731d-2d4f-4368-99bb-f08bada07079",
              "isHook": false,
              "skipped": false
            }
          ],
          "suites": [],
          "passes": [
            "20a808d2-09f2-412e-8e05-8d1abf542239",
            "d6154b0d-18b1-41cd-b4cd-6f7075242025",
            "8cd10d66-933f-432b-839d-3796ee2af112",
            "46e9f43b-4531-42fe-b8d0-da9ff8525ae6",
            "c1574467-6cbc-46ed-bedc-2c36772a2dec",
            "afcef929-50e4-493a-af90-a78c0a2492ba"
          ],
          "failures": [],
          "pending": [],
          "skipped": [],
          "duration": 32852,
          "root": false,
          "rootEmpty": false,
          "_timeout": 2000
        }
      ],
      "passes": [],
      "failures": [],
      "pending": [],
      "skipped": [],
      "duration": 0,
      "root": true,
      "rootEmpty": true,
      "_timeout": 2000
    }
  ],
  "meta": {
    "mocha": {
      "version": "7.0.1"
    },
    "mochawesome": {
      "options": {
        "quiet": false,
        "reportFilename": "report",
        "saveHtml": true,
        "saveJson": true,
        "consoleReporter": "spec",
        "useInlineDiffs": false,
        "code": true
      },
      "version": "6.2.2"
    },
    "marge": {
      "options": {
        "reportDir": "cypress/reports",
        "reportFilename": "report",
        "overwrite": false,
        "html": true,
        "json": true,
        "charts": true
      },
      "version": "5.2.0"
    }
  }
}