{
  "stats": {
    "suites": 1,
    "tests": 3,
    "passes": 3,
    "pending": 0,
    "failures": 0,
    "start": "2022-04-21T10:15:52.250Z",
    "end": "2022-04-21T10:16:24.002Z",
    "duration": 31752,
    "testsRegistered": 3,
    "passPercent": 100,
    "pendingPercent": 0,
    "other": 0,
    "hasOther": false,
    "skipped": 0,
    "hasSkipped": false
  },
  "results": [
    {
      "uuid": "f63510a7-caaf-429d-87c8-e9bbd862900a",
      "title": "",
      "fullFile": "cypress/integration/Admin_Testcases/30_Notifications.spec.js",
      "file": "cypress/integration/Admin_Testcases/30_Notifications.spec.js",
      "beforeHooks": [],
      "afterHooks": [],
      "tests": [],
      "suites": [
        {
          "uuid": "9933debc-0950-4c8a-b758-924a43b75408",
          "title": "Notifications module testcases",
          "fullFile": "",
          "file": "",
          "beforeHooks": [],
          "afterHooks": [],
          "tests": [
            {
              "title": "As a Admin the user should be navigated to the notifications page by clicking on notifications tab",
              "fullTitle": "Notifications module testcases As a Admin the user should be navigated to the notifications page by clicking on notifications tab",
              "timedOut": null,
              "duration": 9828,
              "state": "passed",
              "speed": "slow",
              "pass": true,
              "fail": false,
              "pending": false,
              "context": null,
              "code": "cy.login(cred.email, cred.password);\ncy.url().should('contain', '/dashboard');\ncy.get('.space-y-4 > :nth-child(8)').should('be.visible').should('have.text', 'Notifications').click();\ncy.url().should('contain', '/notification');",
              "err": {},
              "uuid": "a28dd94a-536e-4f53-a7d4-f547bf2b9859",
              "parentUUID": "9933debc-0950-4c8a-b758-924a43b75408",
              "isHook": false,
              "skipped": false
            },
            {
              "title": "At \"Notifications\" page each label and field should have proper label and validations",
              "fullTitle": "Notifications module testcases At \"Notifications\" page each label and field should have proper label and validations",
              "timedOut": null,
              "duration": 1795,
              "state": "passed",
              "speed": "slow",
              "pass": true,
              "fail": false,
              "pending": false,
              "context": null,
              "code": "cy.get('.font-bold').should('be.visible').should('contain', 'Notifications');\ncy.get('.mt-7').should('be.visible');",
              "err": {},
              "uuid": "24747d8c-7e38-44b3-8802-aa02a4c59918",
              "parentUUID": "9933debc-0950-4c8a-b758-924a43b75408",
              "isHook": false,
              "skipped": false
            },
            {
              "title": "The Admin the user can able to see all the notifications under notifications page",
              "fullTitle": "Notifications module testcases The Admin the user can able to see all the notifications under notifications page",
              "timedOut": null,
              "duration": 6151,
              "state": "passed",
              "speed": "slow",
              "pass": true,
              "fail": false,
              "pending": false,
              "context": null,
              "code": "cy.get('.mt-7').should('be.visible');\ncy.get('.mt-7>div:nth-child(1)').should('be.visible');\ncy.get('.mt-7>div:nth-child(2)').should('be.visible');\ncy.logout();",
              "err": {},
              "uuid": "e0bc5ab0-cee6-4f9a-b993-a82fc477aa31",
              "parentUUID": "9933debc-0950-4c8a-b758-924a43b75408",
              "isHook": false,
              "skipped": false
            }
          ],
          "suites": [],
          "passes": [
            "a28dd94a-536e-4f53-a7d4-f547bf2b9859",
            "24747d8c-7e38-44b3-8802-aa02a4c59918",
            "e0bc5ab0-cee6-4f9a-b993-a82fc477aa31"
          ],
          "failures": [],
          "pending": [],
          "skipped": [],
          "duration": 17774,
          "root": false,
          "rootEmpty": false,
          "_timeout": 2000
        }
      ],
      "passes": [],
      "failures": [],
      "pending": [],
      "skipped": [],
      "duration": 0,
      "root": true,
      "rootEmpty": true,
      "_timeout": 2000
    }
  ],
  "meta": {
    "mocha": {
      "version": "7.0.1"
    },
    "mochawesome": {
      "options": {
        "quiet": false,
        "reportFilename": "report",
        "saveHtml": true,
        "saveJson": true,
        "consoleReporter": "spec",
        "useInlineDiffs": false,
        "code": true
      },
      "version": "7.0.1"
    },
    "marge": {
      "options": {
        "reportDir": "cypress/reports",
        "reportFilename": "report",
        "overwrite": false,
        "html": true,
        "json": true,
        "charts": true
      },
      "version": "6.0.1"
    }
  }
}