{
  "stats": {
    "suites": 1,
    "tests": 8,
    "passes": 0,
    "pending": 0,
    "failures": 8,
    "start": "2021-09-21T15:22:18.384Z",
    "end": "2021-09-21T15:24:47.219Z",
    "duration": 148835,
    "testsRegistered": 8,
    "passPercent": 0,
    "pendingPercent": 0,
    "other": 0,
    "hasOther": false,
    "skipped": 0,
    "hasSkipped": false
  },
  "results": [
    {
      "uuid": "0405417a-b52e-416c-8b69-a4875c8a8c42",
      "title": "",
      "fullFile": "cypress/integration/Admin_Testcases/13_ProviderChat.spec.js",
      "file": "cypress/integration/Admin_Testcases/13_ProviderChat.spec.js",
      "beforeHooks": [],
      "afterHooks": [],
      "tests": [],
      "suites": [
        {
          "uuid": "d532051c-213e-4a07-88a7-ccc7f52f769c",
          "title": "Provider Chat module testcases",
          "fullFile": "",
          "file": "",
          "beforeHooks": [],
          "afterHooks": [],
          "tests": [
            {
              "title": "As a Admin the user should be navigated to the provider chat page of any patient by clicking on chats icon against that particular provider",
              "fullTitle": "Provider Chat module testcases As a Admin the user should be navigated to the provider chat page of any patient by clicking on chats icon against that particular provider",
              "timedOut": null,
              "duration": 33593,
              "state": "failed",
              "speed": null,
              "pass": false,
              "fail": true,
              "pending": false,
              "context": null,
              "code": "cy.login(cred.email, cred.password);\ncy.url().should('contain', '/patients');\ncy.get('.space-y-4 > :nth-child(4)').should('be.visible').and('have.text', 'Providers').click();\ncy.get('.bg-white > .w-full').should('be.visible').type('p2@mailinator.com');\ncy.wait(2000);\ncy.get('tr:nth-child(1) > td:nth-child(5) > div > svg:nth-child(2)').scrollIntoView().click();\ncy.url().should('contain', '/chat');",
              "err": {
                "message": "AssertionError: Timed out retrying after 15000ms: Expected to find element: `tr:nth-child(1) > td:nth-child(5) > div > svg:nth-child(2)`, but never found it.",
                "estack": "AssertionError: Timed out retrying after 15000ms: Expected to find element: `tr:nth-child(1) > td:nth-child(5) > div > svg:nth-child(2)`, but never found it.\n    at Context.eval (https://qa.rch.build-release.com/__cypress/tests?p=cypress\\integration\\Admin_Testcases\\13_ProviderChat.spec.js:142:8)",
                "diff": null
              },
              "uuid": "d18ef126-f28a-423f-a9b3-5970ec192eb3",
              "parentUUID": "d532051c-213e-4a07-88a7-ccc7f52f769c",
              "isHook": false,
              "skipped": false
            },
            {
              "title": "At \"Chats\" page each label and field should have proper label and validations",
              "fullTitle": "Provider Chat module testcases At \"Chats\" page each label and field should have proper label and validations",
              "timedOut": null,
              "duration": 15514,
              "state": "failed",
              "speed": null,
              "pass": false,
              "fail": true,
              "pending": false,
              "context": null,
              "code": "cy.get('.font-bold').should('be.visible').should('have.text', 'Chat');\ncy.get('.flex-wrap > .h-6').should('be.visible');\ncy.get('.rounded-3xl').should('be.visible');\ncy.get('.w-full > .cursor-pointer').should('be.visible');",
              "err": {
                "message": "AssertionError: Timed out retrying after 15000ms: expected '<div.font-bold.text-xl.text-primary.pt-8.pb-10>' to have text 'Chat', but the text was 'Providers'",
                "estack": "AssertionError: Timed out retrying after 15000ms: expected '<div.font-bold.text-xl.text-primary.pt-8.pb-10>' to have text 'Chat', but the text was 'Providers'\n    at Context.eval (https://qa.rch.build-release.com/__cypress/tests?p=cypress\\integration\\Admin_Testcases\\13_ProviderChat.spec.js:146:47)",
                "diff": "- 'Providers'\n+ 'Chat'\n"
              },
              "uuid": "c9f2d95b-ca13-4cb2-b869-7312b70695b2",
              "parentUUID": "d532051c-213e-4a07-88a7-ccc7f52f769c",
              "isHook": false,
              "skipped": false
            },
            {
              "title": "The user should able to see all the chats between the Admin and provider",
              "fullTitle": "Provider Chat module testcases The user should able to see all the chats between the Admin and provider",
              "timedOut": null,
              "duration": 15533,
              "state": "failed",
              "speed": null,
              "pass": false,
              "fail": true,
              "pending": false,
              "context": null,
              "code": "cy.get('div:nth-child(1) > div > div > div > div.p-3.rounded-lg.relative.bg-primary.text-white').scrollIntoView().should('be.visible').should('contain', 'hi');\ncy.get('div.pb-6 > div > div > div > a > div').scrollIntoView().should('be.visible');",
              "err": {
                "message": "AssertionError: Timed out retrying after 15000ms: Expected to find element: `div:nth-child(1) > div > div > div > div.p-3.rounded-lg.relative.bg-primary.text-white`, but never found it.",
                "estack": "AssertionError: Timed out retrying after 15000ms: Expected to find element: `div:nth-child(1) > div > div > div > div.p-3.rounded-lg.relative.bg-primary.text-white`, but never found it.\n    at Context.eval (https://qa.rch.build-release.com/__cypress/tests?p=cypress\\integration\\Admin_Testcases\\13_ProviderChat.spec.js:152:8)",
                "diff": null
              },
              "uuid": "4e62d7ce-11d6-4531-b13a-62fc5c033f82",
              "parentUUID": "d532051c-213e-4a07-88a7-ccc7f52f769c",
              "isHook": false,
              "skipped": false
            },
            {
              "title": "As a Admin the user should able to send message to the provider",
              "fullTitle": "Provider Chat module testcases As a Admin the user should able to send message to the provider",
              "timedOut": null,
              "duration": 15551,
              "state": "failed",
              "speed": null,
              "pass": false,
              "fail": true,
              "pending": false,
              "context": null,
              "code": "cy.get('.w-full > .bg-white').should('be.visible').type('hi');\ncy.wait(2000);\ncy.get('.w-full > .cursor-pointer').should('be.visible').click();\ncy.wait(3000);",
              "err": {
                "message": "AssertionError: Timed out retrying after 15000ms: Expected to find element: `.w-full > .bg-white`, but never found it.",
                "estack": "AssertionError: Timed out retrying after 15000ms: Expected to find element: `.w-full > .bg-white`, but never found it.\n    at Context.eval (https://qa.rch.build-release.com/__cypress/tests?p=cypress\\integration\\Admin_Testcases\\13_ProviderChat.spec.js:156:35)",
                "diff": null
              },
              "uuid": "9fd31475-93da-45a4-91d3-db8f2a5248ad",
              "parentUUID": "d532051c-213e-4a07-88a7-ccc7f52f769c",
              "isHook": false,
              "skipped": false
            },
            {
              "title": "The message sent by Admin should be received by the Provider",
              "fullTitle": "Provider Chat module testcases The message sent by Admin should be received by the Provider",
              "timedOut": null,
              "duration": 15654,
              "state": "failed",
              "speed": null,
              "pass": false,
              "fail": true,
              "pending": false,
              "context": null,
              "code": "cy.get('div.pb-6 > div > div > div > div.p-3.rounded-lg.relative.bg-primary.text-white').should('be.visible').should('contain', 'hi');",
              "err": {
                "message": "AssertionError: Timed out retrying after 15000ms: Expected to find element: `div.pb-6 > div > div > div > div.p-3.rounded-lg.relative.bg-primary.text-white`, but never found it.",
                "estack": "AssertionError: Timed out retrying after 15000ms: Expected to find element: `div.pb-6 > div > div > div > div.p-3.rounded-lg.relative.bg-primary.text-white`, but never found it.\n    at Context.eval (https://qa.rch.build-release.com/__cypress/tests?p=cypress\\integration\\Admin_Testcases\\13_ProviderChat.spec.js:162:94)",
                "diff": null
              },
              "uuid": "9391aa2b-76dc-43cc-b569-1b00e923d674",
              "parentUUID": "d532051c-213e-4a07-88a7-ccc7f52f769c",
              "isHook": false,
              "skipped": false
            },
            {
              "title": "As a Admin the user can able to send the documents and images by clicking on attachments icon",
              "fullTitle": "Provider Chat module testcases As a Admin the user can able to send the documents and images by clicking on attachments icon",
              "timedOut": null,
              "duration": 15562,
              "state": "failed",
              "speed": null,
              "pass": false,
              "fail": true,
              "pending": false,
              "context": null,
              "code": "cy.get('.opacity-0').attachFile('faf.jpg');\ncy.wait(2000);\ncy.get('.w-60 > img').should('be.visible');\ncy.get('.opacity-0').attachFile('file.pdf');\ncy.wait(2000);\ncy.get('.w-60 > :nth-child(1) > img').should('be.visible');",
              "err": {
                "message": "AssertionError: Timed out retrying after 15000ms: Expected to find element: `.opacity-0`, but never found it.",
                "estack": "AssertionError: Timed out retrying after 15000ms: Expected to find element: `.opacity-0`, but never found it.\n    at Context.eval (https://qa.rch.build-release.com/__cypress/tests?p=cypress\\integration\\Admin_Testcases\\13_ProviderChat.spec.js:165:8)",
                "diff": null
              },
              "uuid": "2fdf3216-964c-4d94-8e1d-3a94c4cb4060",
              "parentUUID": "d532051c-213e-4a07-88a7-ccc7f52f769c",
              "isHook": false,
              "skipped": false
            },
            {
              "title": "The Admin can see the full length image on a separate window by clicking on that particular image",
              "fullTitle": "Provider Chat module testcases The Admin can see the full length image on a separate window by clicking on that particular image",
              "timedOut": null,
              "duration": 15573,
              "state": "failed",
              "speed": null,
              "pass": false,
              "fail": true,
              "pending": false,
              "context": null,
              "code": "cy.get('div:nth-child(11) > div > div > div > a > div').scrollIntoView().should('be.visible').click();\ncy.wait(3000);",
              "err": {
                "message": "AssertionError: Timed out retrying after 15000ms: Expected to find element: `div:nth-child(11) > div > div > div > a > div`, but never found it.",
                "estack": "AssertionError: Timed out retrying after 15000ms: Expected to find element: `div:nth-child(11) > div > div > div > a > div`, but never found it.\n    at Context.eval (https://qa.rch.build-release.com/__cypress/tests?p=cypress\\integration\\Admin_Testcases\\13_ProviderChat.spec.js:173:8)",
                "diff": null
              },
              "uuid": "cc1b80e5-62ae-4be1-a011-de14eef4a154",
              "parentUUID": "d532051c-213e-4a07-88a7-ccc7f52f769c",
              "isHook": false,
              "skipped": false
            },
            {
              "title": "The Admin can open the document in a separate window by clicking on the particular document",
              "fullTitle": "Provider Chat module testcases The Admin can open the document in a separate window by clicking on the particular document",
              "timedOut": null,
              "duration": 15591,
              "state": "failed",
              "speed": null,
              "pass": false,
              "fail": true,
              "pending": false,
              "context": null,
              "code": "cy.get('div.pb-6 > div > div > div > a > div').scrollIntoView().should('be.visible').click();\ncy.wait(3000);\ncy.logout();",
              "err": {
                "message": "AssertionError: Timed out retrying after 15000ms: Expected to find element: `div.pb-6 > div > div > div > a > div`, but never found it.",
                "estack": "AssertionError: Timed out retrying after 15000ms: Expected to find element: `div.pb-6 > div > div > div > a > div`, but never found it.\n    at Context.eval (https://qa.rch.build-release.com/__cypress/tests?p=cypress\\integration\\Admin_Testcases\\13_ProviderChat.spec.js:177:8)",
                "diff": null
              },
              "uuid": "f4b5027f-e149-4c45-afa0-50c4a2f6a72f",
              "parentUUID": "d532051c-213e-4a07-88a7-ccc7f52f769c",
              "isHook": false,
              "skipped": false
            }
          ],
          "suites": [],
          "passes": [],
          "failures": [
            "d18ef126-f28a-423f-a9b3-5970ec192eb3",
            "c9f2d95b-ca13-4cb2-b869-7312b70695b2",
            "4e62d7ce-11d6-4531-b13a-62fc5c033f82",
            "9fd31475-93da-45a4-91d3-db8f2a5248ad",
            "9391aa2b-76dc-43cc-b569-1b00e923d674",
            "2fdf3216-964c-4d94-8e1d-3a94c4cb4060",
            "cc1b80e5-62ae-4be1-a011-de14eef4a154",
            "f4b5027f-e149-4c45-afa0-50c4a2f6a72f"
          ],
          "pending": [],
          "skipped": [],
          "duration": 142571,
          "root": false,
          "rootEmpty": false,
          "_timeout": 2000
        }
      ],
      "passes": [],
      "failures": [],
      "pending": [],
      "skipped": [],
      "duration": 0,
      "root": true,
      "rootEmpty": true,
      "_timeout": 2000
    }
  ],
  "meta": {
    "mocha": {
      "version": "7.0.1"
    },
    "mochawesome": {
      "options": {
        "quiet": false,
        "reportFilename": "report",
        "saveHtml": true,
        "saveJson": true,
        "consoleReporter": "spec",
        "useInlineDiffs": false,
        "code": true
      },
      "version": "6.2.2"
    },
    "marge": {
      "options": {
        "reportDir": "cypress/reports",
        "reportFilename": "report",
        "overwrite": false,
        "html": true,
        "json": true,
        "charts": true
      },
      "version": "5.2.0"
    }
  }
}