{
  "stats": {
    "suites": 1,
    "tests": 5,
    "passes": 0,
    "pending": 0,
    "failures": 5,
    "start": "2022-02-09T13:04:19.051Z",
    "end": "2022-02-09T13:05:53.224Z",
    "duration": 94173,
    "testsRegistered": 5,
    "passPercent": 0,
    "pendingPercent": 0,
    "other": 0,
    "hasOther": false,
    "skipped": 0,
    "hasSkipped": false
  },
  "results": [
    {
      "uuid": "c861eb74-bc45-4da2-8fe7-19665756c831",
      "title": "",
      "fullFile": "cypress/integration/Patient_Testcases/06_Profile_Personal-Information.spec.js",
      "file": "cypress/integration/Patient_Testcases/06_Profile_Personal-Information.spec.js",
      "beforeHooks": [],
      "afterHooks": [],
      "tests": [],
      "suites": [
        {
          "uuid": "37fb1ab5-47e2-44fe-9309-606831f44e40",
          "title": "Personal Information Module Test Cases",
          "fullFile": "",
          "file": "",
          "beforeHooks": [],
          "afterHooks": [],
          "tests": [
            {
              "title": "As a patient the user should be navigated to the personal information page by clicking on profile icon",
              "fullTitle": "Personal Information Module Test Cases As a patient the user should be navigated to the personal information page by clicking on profile icon",
              "timedOut": null,
              "duration": 23766,
              "state": "failed",
              "speed": null,
              "pass": false,
              "fail": true,
              "pending": false,
              "context": null,
              "code": "cy.patientlogin(cred.pemail, cred.ppassword);\ncy.url().should('contain', '/home');\ncy.get('.p-1 > .h-7').should('be.visible').click();\ncy.url().should('contain', '/profile');",
              "err": {
                "message": "AssertionError: Timed out retrying after 15000ms: expected '<div.text-gray-500.text-xs.mb-8.font-bold>' to have text 'Sign In / Sign Up', but the text was 'Please enter your credentials to sign in.'",
                "estack": "AssertionError: Timed out retrying after 15000ms: expected '<div.text-gray-500.text-xs.mb-8.font-bold>' to have text 'Sign In / Sign Up', but the text was 'Please enter your credentials to sign in.'\n    at Context.eval (https://qa.rch.build-release.com/__cypress/tests?p=cypress\\support\\index.js:252:113)",
                "diff": "- 'Please enter your credentials to sign in.'\n+ 'Sign In / Sign Up'\n"
              },
              "uuid": "f634ce33-b4ee-4dc3-8777-c0ba33b774d2",
              "parentUUID": "37fb1ab5-47e2-44fe-9309-606831f44e40",
              "isHook": false,
              "skipped": false
            },
            {
              "title": "At personal information page each label and field should have proper label and validations",
              "fullTitle": "Personal Information Module Test Cases At personal information page each label and field should have proper label and validations",
              "timedOut": null,
              "duration": 15543,
              "state": "failed",
              "speed": null,
              "pass": false,
              "fail": true,
              "pending": false,
              "context": null,
              "code": "cy.get('.justify-start > img').should('be.visible');\ncy.get('.justify-start > .m-auto').should('be.visible').should('have.text', 'LX MEDICAL');\ncy.get('[href=\"/appointments\"]').should('be.visible').should('have.text', 'Appointments');\ncy.get('.justify-start > .hidden > :nth-child(3)').should('be.visible').should('have.text', 'Charts');\ncy.get('.justify-start > .hidden > :nth-child(4)').should('be.visible').should('have.text', 'Chat');\ncy.get('.p-1 > .h-7').should('be.visible');\ncy.get('.relative > .text-gray-600').should('be.visible');\ncy.get('.h-7').should('be.visible');\ncy.get('.px-4 > :nth-child(1) > img').should('be.visible');\ncy.get('.px-4 > .font-bold').should('be.visible');\ncy.get('.shadow-corner').should('be.visible').should('contain', 'Personal Information');\ncy.get('.space-y-8 > :nth-child(2)').should('be.visible').should('contain', 'Manage Membership Plan');\ncy.get('.space-y-8 > :nth-child(3)').should('be.visible').should('contain', 'Account Settings');\ncy.get('.space-y-8 > :nth-child(4)').should('be.visible').should('contain', 'About');\ncy.get('.space-y-4 > :nth-child(1)').should('be.visible').should('have.text', 'Personal Information');\ncy.get('.space-y-4 > :nth-child(2) > .text-gray-400').should('be.visible').should('have.text', 'Full Name');\ncy.get(':nth-child(3) > .text-gray-400').should('be.visible').should('have.text', 'Email Address');\ncy.get(':nth-child(4) > .text-gray-400').should('be.visible').should('have.text', 'Phone Number');\ncy.get(':nth-child(5) > .text-gray-400').should('be.visible').should('have.text', 'Date of Birth');\ncy.get(':nth-child(6) > .text-gray-400').should('be.visible').should('have.text', 'Gender');\ncy.get('.space-y-2 > .font-bold').should('be.visible').should('have.text', 'Address');\ncy.get(':nth-child(8) > .flex').should('be.visible').should('contain', 'Edit Details');",
              "err": {
                "message": "AssertionError: Timed out retrying after 15000ms: Expected to find element: `.justify-start > img`, but never found it.",
                "estack": "AssertionError: Timed out retrying after 15000ms: Expected to find element: `.justify-start > img`, but never found it.\n    at Context.eval (https://qa.rch.build-release.com/__cypress/tests?p=cypress\\integration\\Patient_Testcases\\06_Profile_Personal-Information.spec.js:143:36)",
                "diff": null
              },
              "uuid": "45b117d0-fae6-44a5-97fa-19cc1d9fa4f4",
              "parentUUID": "37fb1ab5-47e2-44fe-9309-606831f44e40",
              "isHook": false,
              "skipped": false
            },
            {
              "title": "By clicking on edit details button the user should be navigated to edit details page",
              "fullTitle": "Personal Information Module Test Cases By clicking on edit details button the user should be navigated to edit details page",
              "timedOut": null,
              "duration": 15754,
              "state": "failed",
              "speed": null,
              "pass": false,
              "fail": true,
              "pending": false,
              "context": null,
              "code": "cy.get(':nth-child(8) > .flex').should('be.visible').should('contain', 'Edit Details').click();\ncy.url().should('contain', '/personal');",
              "err": {
                "message": "AssertionError: Timed out retrying after 15000ms: Expected to find element: `:nth-child(8) > .flex`, but never found it.",
                "estack": "AssertionError: Timed out retrying after 15000ms: Expected to find element: `:nth-child(8) > .flex`, but never found it.\n    at Context.eval (https://qa.rch.build-release.com/__cypress/tests?p=cypress\\integration\\Patient_Testcases\\06_Profile_Personal-Information.spec.js:167:37)",
                "diff": null
              },
              "uuid": "fe848bea-d1c6-4859-b6d0-3c6bedc24d46",
              "parentUUID": "37fb1ab5-47e2-44fe-9309-606831f44e40",
              "isHook": false,
              "skipped": false
            },
            {
              "title": "At Edit details page each label and field should have proper label and validations",
              "fullTitle": "Personal Information Module Test Cases At Edit details page each label and field should have proper label and validations",
              "timedOut": null,
              "duration": 15472,
              "state": "failed",
              "speed": null,
              "pass": false,
              "fail": true,
              "pending": false,
              "context": null,
              "code": "cy.get('.my-10 > :nth-child(1) > :nth-child(1) > .font-semibold').should('be.visible').should('have.text', 'Edit Details');\ncy.get('.my-10 > :nth-child(1) > :nth-child(1) > .h-6').should('be.visible');\ncy.get('.w-28 > img').should('be.visible');\ncy.get('.grid > .text-sm').should('be.visible').should('have.text', 'Change Profile Image');\ncy.get(':nth-child(2) > :nth-child(1) > .text-sm > div').should('be.visible').should('have.text', 'First Name');\ncy.get(':nth-child(2) > :nth-child(2) > .text-sm > div').should('be.visible').should('have.text', 'Last Name');\ncy.get(':nth-child(3) > :nth-child(1) > .text-sm > div').should('be.visible').should('have.text', 'Phone Number');\ncy.get(':nth-child(3) > :nth-child(2) > .text-sm > div').should('be.visible').should('have.text', 'Email');\ncy.get(':nth-child(4) > :nth-child(1) > .text-sm > div').should('be.visible').should('have.text', 'Date of Birth');\ncy.get(':nth-child(4) > :nth-child(2) > .block').should('be.visible').should('have.text', 'Gender');\ncy.get(':nth-child(6) > .font-medium').should('be.visible').should('have.text', 'Your Address');\ncy.get(':nth-child(7) > :nth-child(1) > .text-sm > div').should('be.visible').should('have.text', 'Address Line 1');\ncy.get(':nth-child(7) > :nth-child(2) > .text-sm > div').should('be.visible').should('contain', 'Address Line 2');\ncy.get(':nth-child(8) > :nth-child(1) > .text-sm > div').should('be.visible').should('have.text', 'Postal Code');\ncy.get(':nth-child(8) > :nth-child(2) > .text-sm > div').should('have.text', 'City');\ncy.get(':nth-child(9) > div.w-full > .text-sm > div').should('be.visible').should('have.text', 'State');\ncy.get('.mt-2 > .flex').should('be.visible').should('have.text', 'Save Details');",
              "err": {
                "message": "AssertionError: Timed out retrying after 15000ms: Expected to find element: `.my-10 > :nth-child(1) > :nth-child(1) > .font-semibold`, but never found it.",
                "estack": "AssertionError: Timed out retrying after 15000ms: Expected to find element: `.my-10 > :nth-child(1) > :nth-child(1) > .font-semibold`, but never found it.\n    at Context.eval (https://qa.rch.build-release.com/__cypress/tests?p=cypress\\integration\\Patient_Testcases\\06_Profile_Personal-Information.spec.js:171:71)",
                "diff": null
              },
              "uuid": "f21c1dbe-fdbb-448d-8a83-aeed4f48b6c6",
              "parentUUID": "37fb1ab5-47e2-44fe-9309-606831f44e40",
              "isHook": false,
              "skipped": false
            },
            {
              "title": "As a Patient the user should be able to update my profile details",
              "fullTitle": "Personal Information Module Test Cases As a Patient the user should be able to update my profile details",
              "timedOut": null,
              "duration": 15437,
              "state": "failed",
              "speed": null,
              "pass": false,
              "fail": true,
              "pending": false,
              "context": null,
              "code": "const fname = _faker.default.name.firstName();\nconst lname = _faker.default.name.lastName();\nconst phone = '8279556458';\nconst Address = 'plot33';\nconst Postal = '90001';\ncy.log(fname);\ncy.log(lname);\ncy.log(phone);\ncy.log(Address);\ncy.log(Postal);\ncy.get(':nth-child(2) > :nth-child(1) > .mt-1 > .appearance-none').should('be.visible').clear().type(fname);\ncy.get(':nth-child(2) > :nth-child(2) > .mt-1 > .appearance-none').should('be.visible').clear().type(lname);\ncy.get(':nth-child(3) > :nth-child(1) > .mt-1 > .appearance-none').should('be.visible').clear().type(phone);\ncy.get(':nth-child(7) > :nth-child(1) > .mt-1 > .appearance-none').should('be.visible').clear().type(Address);\ncy.get(':nth-child(8) > :nth-child(1) > .mt-1 > .appearance-none').should('be.visible').clear().type(Postal);\ncy.get(':nth-child(7) > :nth-child(2) > .mt-1 > .appearance-none').type('park lane');\ncy.get('.mt-2 > .flex').click();\ncy.writeFile('../../fixtures/profile.json', {\n  fname: fname,\n  lname: lname,\n  phone: phone,\n  address: Address,\n  postal: Postal\n}); // verify profile\ncy.get(':nth-child(2) > :nth-child(1) > .mt-1 > .appearance-none').should('be.visible', fname);\ncy.get(':nth-child(2) > :nth-child(2) > .mt-1 > .appearance-none').should('be.visible', lname);\ncy.get(':nth-child(3) > :nth-child(1) > .mt-1 > .appearance-none').should('be.visible', phone);\ncy.get(':nth-child(7) > :nth-child(1) > .mt-1 > .appearance-none').should('be.visible', Address);\ncy.get(':nth-child(8) > :nth-child(1) > .mt-1 > .appearance-none').should('be.visible', Postal);\ncy.patientlogout();",
              "err": {
                "message": "AssertionError: Timed out retrying after 15000ms: Expected to find element: `:nth-child(2) > :nth-child(1) > .mt-1 > .appearance-none`, but never found it.",
                "estack": "AssertionError: Timed out retrying after 15000ms: Expected to find element: `:nth-child(2) > :nth-child(1) > .mt-1 > .appearance-none`, but never found it.\n    at Context.eval (https://qa.rch.build-release.com/__cypress/tests?p=cypress\\integration\\Patient_Testcases\\06_Profile_Personal-Information.spec.js:202:72)",
                "diff": null
              },
              "uuid": "834a30b0-d1fb-433c-966f-72a9d6158b95",
              "parentUUID": "37fb1ab5-47e2-44fe-9309-606831f44e40",
              "isHook": false,
              "skipped": false
            }
          ],
          "suites": [],
          "passes": [],
          "failures": [
            "f634ce33-b4ee-4dc3-8777-c0ba33b774d2",
            "45b117d0-fae6-44a5-97fa-19cc1d9fa4f4",
            "fe848bea-d1c6-4859-b6d0-3c6bedc24d46",
            "f21c1dbe-fdbb-448d-8a83-aeed4f48b6c6",
            "834a30b0-d1fb-433c-966f-72a9d6158b95"
          ],
          "pending": [],
          "skipped": [],
          "duration": 85972,
          "root": false,
          "rootEmpty": false,
          "_timeout": 2000
        }
      ],
      "passes": [],
      "failures": [],
      "pending": [],
      "skipped": [],
      "duration": 0,
      "root": true,
      "rootEmpty": true,
      "_timeout": 2000
    }
  ],
  "meta": {
    "mocha": {
      "version": "7.0.1"
    },
    "mochawesome": {
      "options": {
        "quiet": false,
        "reportFilename": "report",
        "saveHtml": true,
        "saveJson": true,
        "consoleReporter": "spec",
        "useInlineDiffs": false,
        "code": true
      },
      "version": "7.0.1"
    },
    "marge": {
      "options": {
        "reportDir": "cypress/reports",
        "reportFilename": "report",
        "overwrite": false,
        "html": true,
        "json": true,
        "charts": true
      },
      "version": "6.0.1"
    }
  }
}