{
  "stats": {
    "suites": 1,
    "tests": 9,
    "passes": 0,
    "pending": 0,
    "failures": 9,
    "start": "2022-08-08T07:14:23.653Z",
    "end": "2022-08-08T07:17:01.066Z",
    "duration": 157413,
    "testsRegistered": 9,
    "passPercent": 0,
    "pendingPercent": 0,
    "other": 0,
    "hasOther": false,
    "skipped": 0,
    "hasSkipped": false
  },
  "results": [
    {
      "uuid": "f6d44407-5c31-4aba-8922-77b9247aa813",
      "title": "",
      "fullFile": "cypress\\e2e\\Admin_Testcases\\23_Cancelled.spec.js",
      "file": "cypress\\e2e\\Admin_Testcases\\23_Cancelled.spec.js",
      "beforeHooks": [],
      "afterHooks": [],
      "tests": [],
      "suites": [
        {
          "uuid": "37b81c0e-89ef-42a1-a654-af36178c7c95",
          "title": "Cancelled Appointment Details Test cases",
          "fullFile": "",
          "file": "",
          "beforeHooks": [],
          "afterHooks": [],
          "tests": [
            {
              "title": "As a Admin the user should be navigated to the Appointment Details page of \"Cancelled\" appointment by clicking on the eye icon against that appointment",
              "fullTitle": "Cancelled Appointment Details Test cases As a Admin the user should be navigated to the Appointment Details page of \"Cancelled\" appointment by clicking on the eye icon against that appointment",
              "timedOut": null,
              "duration": 24801,
              "state": "failed",
              "speed": null,
              "pass": false,
              "fail": true,
              "pending": false,
              "context": null,
              "code": "cy.login(cred.email, cred.password);\ncy.url().should('contain', '/dashboard'); //Click patient tab on the left side tray\ncy.xpath('//nav/div[4]/div[2]').should('be.visible').should('have.text', 'Appointments').click();\ncy.url().should('contain', '/appointments');\ncy.xpath('//div[contains(text(),\"Ad\")]').should('be.visible').should('have.text', 'Add Filter').click();\ncy.wait(3000);\ncy.xpath('//div[contains(text(),\"cancelled\")]').should('be.visible').should('have.text', 'cancelled').click();\ncy.wait(4000);\ncy.xpath('//tr[1]/td[8]/div[1]').scrollIntoView().should('be.visible').click();\ncy.wait(4000);\ncy.xpath('//span[contains(text(),\"cancelled\")]').should('be.visible').should('contain', 'cancelled');",
              "err": {
                "message": "AssertionError: Timed out retrying after 15000ms: Expected to find element: `.max-w-xs > img`, but never found it.",
                "estack": "AssertionError: Timed out retrying after 15000ms: Expected to find element: `.max-w-xs > img`, but never found it.\n    at Context.eval (https://qa.rch.build-release.com/__cypress/tests?p=cypress\\support\\e2e.js:345:29)",
                "diff": null
              },
              "uuid": "fc504409-517f-4ea5-8701-9f7f9cccd963",
              "parentUUID": "37b81c0e-89ef-42a1-a654-af36178c7c95",
              "isHook": false,
              "skipped": false
            },
            {
              "title": "At \"Appointment details\" page each label and field should have proper label and validations",
              "fullTitle": "Cancelled Appointment Details Test cases At \"Appointment details\" page each label and field should have proper label and validations",
              "timedOut": null,
              "duration": 15464,
              "state": "failed",
              "speed": null,
              "pass": false,
              "fail": true,
              "pending": false,
              "context": null,
              "code": "cy.xpath('//div[contains(text(),\"Appointment D\")]').should('be.visible').should('have.text', 'Appointment Details');\ncy.xpath('//div[1]/div[2]/div[1]/div[1]/div[1]/*[1]').should('be.visible');\ncy.xpath('//*[@id=\"root\"]/div[2]/div/div[2]/div/div[2]/div[1]/div').should('be.visible');\ncy.xpath('//button[@textid=\"reactivate.appointment\"]').should('be.visible').should('have.text', 'Re-activate');\ncy.xpath('//div[contains(text(),\"Requested F\")]').should('be.visible').should('have.text', 'Requested For');\ncy.xpath('//div[contains(text(),\"St\")]').should('be.visible').should('have.text', 'Status');\ncy.xpath('//div[contains(text(),\"Service A\")]').should('be.visible').should('have.text', 'Service Address');\ncy.xpath('//div[contains(text(),\"Cancellation\")]').should('be.visible').should('have.text', 'Cancellation Reason');\ncy.xpath('//div[2]/div[5]/div[1]').should('be.visible').should('have.text', 'Patients');\ncy.xpath('//div[contains(text(),\"Services R\")]').should('be.visible').should('have.text', 'Services Requested');",
              "err": {
                "message": "AssertionError: Timed out retrying after 15000ms: Expected to find element: `//div[contains(text(),\"Appointment D\")]`, but never found it.",
                "estack": "AssertionError: Timed out retrying after 15000ms: Expected to find element: `//div[contains(text(),\"Appointment D\")]`, but never found it.\n    at Context.eval (https://qa.rch.build-release.com/__cypress/tests?p=cypress\\e2e\\Admin_Testcases\\23_Cancelled.spec.js:118:57)",
                "diff": null
              },
              "uuid": "077913e6-de22-46e9-882d-43887fdd3e1b",
              "parentUUID": "37b81c0e-89ef-42a1-a654-af36178c7c95",
              "isHook": false,
              "skipped": false
            },
            {
              "title": "The unique appointment id should be displayed",
              "fullTitle": "Cancelled Appointment Details Test cases The unique appointment id should be displayed",
              "timedOut": null,
              "duration": 15455,
              "state": "failed",
              "speed": null,
              "pass": false,
              "fail": true,
              "pending": false,
              "context": null,
              "code": "cy.xpath('//div[contains(text(),\"Appointment I\")]').should('have.text', 'Appointment ID');",
              "err": {
                "message": "AssertionError: Timed out retrying after 15000ms: Expected to find element: `//div[contains(text(),\"Appointment I\")]`, but never found it.",
                "estack": "AssertionError: Timed out retrying after 15000ms: Expected to find element: `//div[contains(text(),\"Appointment I\")]`, but never found it.\n    at Context.eval (https://qa.rch.build-release.com/__cypress/tests?p=cypress\\e2e\\Admin_Testcases\\23_Cancelled.spec.js:130:57)",
                "diff": null
              },
              "uuid": "3ecaa869-3434-4c49-b62f-0ea277a807a0",
              "parentUUID": "37b81c0e-89ef-42a1-a654-af36178c7c95",
              "isHook": false,
              "skipped": false
            },
            {
              "title": "The date requested by the patient should be displayed",
              "fullTitle": "Cancelled Appointment Details Test cases The date requested by the patient should be displayed",
              "timedOut": null,
              "duration": 15538,
              "state": "failed",
              "speed": null,
              "pass": false,
              "fail": true,
              "pending": false,
              "context": null,
              "code": "cy.xpath('//div[contains(text(),\"Requested F\")]').should('be.visible').should('have.text', 'Requested For');",
              "err": {
                "message": "AssertionError: Timed out retrying after 15000ms: Expected to find element: `//div[contains(text(),\"Requested F\")]`, but never found it.",
                "estack": "AssertionError: Timed out retrying after 15000ms: Expected to find element: `//div[contains(text(),\"Requested F\")]`, but never found it.\n    at Context.eval (https://qa.rch.build-release.com/__cypress/tests?p=cypress\\e2e\\Admin_Testcases\\23_Cancelled.spec.js:133:55)",
                "diff": null
              },
              "uuid": "3f6b6164-2911-40b7-92cb-da3ad3ea05fa",
              "parentUUID": "37b81c0e-89ef-42a1-a654-af36178c7c95",
              "isHook": false,
              "skipped": false
            },
            {
              "title": "The Service Address where the patient requested the service should be displayed",
              "fullTitle": "Cancelled Appointment Details Test cases The Service Address where the patient requested the service should be displayed",
              "timedOut": null,
              "duration": 15592,
              "state": "failed",
              "speed": null,
              "pass": false,
              "fail": true,
              "pending": false,
              "context": null,
              "code": "cy.xpath('//div[contains(text(),\"Service A\")]').should('be.visible').should('have.text', 'Service Address');",
              "err": {
                "message": "AssertionError: Timed out retrying after 15000ms: Expected to find element: `//div[contains(text(),\"Service A\")]`, but never found it.",
                "estack": "AssertionError: Timed out retrying after 15000ms: Expected to find element: `//div[contains(text(),\"Service A\")]`, but never found it.\n    at Context.eval (https://qa.rch.build-release.com/__cypress/tests?p=cypress\\e2e\\Admin_Testcases\\23_Cancelled.spec.js:136:53)",
                "diff": null
              },
              "uuid": "7f656d61-6fb6-4d31-9e87-e451c24777da",
              "parentUUID": "37b81c0e-89ef-42a1-a654-af36178c7c95",
              "isHook": false,
              "skipped": false
            },
            {
              "title": "As a Admin the user should be navigated to the medical history page of particular patient by clicking on the name card of that particular patient",
              "fullTitle": "Cancelled Appointment Details Test cases As a Admin the user should be navigated to the medical history page of particular patient by clicking on the name card of that particular patient",
              "timedOut": null,
              "duration": 15562,
              "state": "failed",
              "speed": null,
              "pass": false,
              "fail": true,
              "pending": false,
              "context": null,
              "code": "cy.xpath('//div[5]/div[2]/div[1]/div[1]/div[1]/div[1]/*[2]').should('be.visible').click();\ncy.wait(4000);\ncy.url().should('contain', '/medical_history');\ncy.xpath('//div[2]/div/nav/div[1]/div').should('be.visible').should('have.text', 'Medical History');\ncy.xpath('//div[@id=\"root\"]/div[2]/div[1]/div[2]/div[1]/div[1]/*[1]').scrollIntoView().should('be.visible').click();\ncy.wait(4000);\ncy.url().should('contain', '/appointments');",
              "err": {
                "message": "AssertionError: Timed out retrying after 15000ms: Expected to find element: `//div[5]/div[2]/div[1]/div[1]/div[1]/div[1]/*[2]`, but never found it.",
                "estack": "AssertionError: Timed out retrying after 15000ms: Expected to find element: `//div[5]/div[2]/div[1]/div[1]/div[1]/div[1]/*[2]`, but never found it.\n    at Context.eval (https://qa.rch.build-release.com/__cypress/tests?p=cypress\\e2e\\Admin_Testcases\\23_Cancelled.spec.js:139:66)",
                "diff": null
              },
              "uuid": "7d648bc7-c0c9-4455-8877-be63f439d713",
              "parentUUID": "37b81c0e-89ef-42a1-a654-af36178c7c95",
              "isHook": false,
              "skipped": false
            },
            {
              "title": "The list of services requested by the patient should be displayed",
              "fullTitle": "Cancelled Appointment Details Test cases The list of services requested by the patient should be displayed",
              "timedOut": null,
              "duration": 15511,
              "state": "failed",
              "speed": null,
              "pass": false,
              "fail": true,
              "pending": false,
              "context": null,
              "code": "cy.xpath('//div[contains(text(),\"Services R\")]').should('be.visible').should('have.text', 'Services Requested');",
              "err": {
                "message": "AssertionError: Timed out retrying after 15000ms: Expected to find element: `//div[contains(text(),\"Services R\")]`, but never found it.",
                "estack": "AssertionError: Timed out retrying after 15000ms: Expected to find element: `//div[contains(text(),\"Services R\")]`, but never found it.\n    at Context.eval (https://qa.rch.build-release.com/__cypress/tests?p=cypress\\e2e\\Admin_Testcases\\23_Cancelled.spec.js:148:54)",
                "diff": null
              },
              "uuid": "df908dc9-2688-4b51-9323-194ade29b7aa",
              "parentUUID": "37b81c0e-89ef-42a1-a654-af36178c7c95",
              "isHook": false,
              "skipped": false
            },
            {
              "title": "The cancellation reason added by admin/patient should be reflected",
              "fullTitle": "Cancelled Appointment Details Test cases The cancellation reason added by admin/patient should be reflected",
              "timedOut": null,
              "duration": 15636,
              "state": "failed",
              "speed": null,
              "pass": false,
              "fail": true,
              "pending": false,
              "context": null,
              "code": "cy.xpath('//div[contains(text(),\"Cancellation\")]').should('be.visible').should('have.text', 'Cancellation Reason');",
              "err": {
                "message": "AssertionError: Timed out retrying after 15000ms: Expected to find element: `//div[contains(text(),\"Cancellation\")]`, but never found it.",
                "estack": "AssertionError: Timed out retrying after 15000ms: Expected to find element: `//div[contains(text(),\"Cancellation\")]`, but never found it.\n    at Context.eval (https://qa.rch.build-release.com/__cypress/tests?p=cypress\\e2e\\Admin_Testcases\\23_Cancelled.spec.js:151:56)",
                "diff": null
              },
              "uuid": "3032ea85-a1af-4bfd-a5de-5eef733198bf",
              "parentUUID": "37b81c0e-89ef-42a1-a654-af36178c7c95",
              "isHook": false,
              "skipped": false
            },
            {
              "title": "As a Admin the user can Re-Activate the appointment by clicking on the \"Re-Activate\" button.",
              "fullTitle": "Cancelled Appointment Details Test cases As a Admin the user can Re-Activate the appointment by clicking on the \"Re-Activate\" button.",
              "timedOut": null,
              "duration": 15677,
              "state": "failed",
              "speed": null,
              "pass": false,
              "fail": true,
              "pending": false,
              "context": null,
              "code": "cy.xpath('//button[@textid=\"reactivate.appointment\"]').should('be.visible').should('have.text', 'Re-activate').click(); // cy.contains('Appointment Reactivated successfully')\n// cy.wait(3000)\n// cy.get(':nth-child(3) > .font-semibold > .text-sm').should('be.visible').should('contain','accepted')",
              "err": {
                "message": "AssertionError: Timed out retrying after 15000ms: Expected to find element: `//button[@textid=\"reactivate.appointment\"]`, but never found it.",
                "estack": "AssertionError: Timed out retrying after 15000ms: Expected to find element: `//button[@textid=\"reactivate.appointment\"]`, but never found it.\n    at Context.eval (https://qa.rch.build-release.com/__cypress/tests?p=cypress\\e2e\\Admin_Testcases\\23_Cancelled.spec.js:154:60)",
                "diff": null
              },
              "uuid": "7f589378-6aab-4c27-a9cc-4499c731fbce",
              "parentUUID": "37b81c0e-89ef-42a1-a654-af36178c7c95",
              "isHook": false,
              "skipped": false
            }
          ],
          "suites": [],
          "passes": [],
          "failures": [
            "fc504409-517f-4ea5-8701-9f7f9cccd963",
            "077913e6-de22-46e9-882d-43887fdd3e1b",
            "3ecaa869-3434-4c49-b62f-0ea277a807a0",
            "3f6b6164-2911-40b7-92cb-da3ad3ea05fa",
            "7f656d61-6fb6-4d31-9e87-e451c24777da",
            "7d648bc7-c0c9-4455-8877-be63f439d713",
            "df908dc9-2688-4b51-9323-194ade29b7aa",
            "3032ea85-a1af-4bfd-a5de-5eef733198bf",
            "7f589378-6aab-4c27-a9cc-4499c731fbce"
          ],
          "pending": [],
          "skipped": [],
          "duration": 149236,
          "root": false,
          "rootEmpty": false,
          "_timeout": 2000
        }
      ],
      "passes": [],
      "failures": [],
      "pending": [],
      "skipped": [],
      "duration": 0,
      "root": true,
      "rootEmpty": true,
      "_timeout": 2000
    }
  ],
  "meta": {
    "mocha": {
      "version": "7.0.1"
    },
    "mochawesome": {
      "options": {
        "quiet": false,
        "reportFilename": "report",
        "saveHtml": true,
        "saveJson": true,
        "consoleReporter": "spec",
        "useInlineDiffs": false,
        "code": true
      },
      "version": "7.0.1"
    },
    "marge": {
      "options": {
        "reportDir": "cypress/reports",
        "reportFilename": "report",
        "overwrite": false,
        "html": true,
        "json": true,
        "charts": true
      },
      "version": "6.0.1"
    }
  }
}