{
  "stats": {
    "suites": 1,
    "tests": 8,
    "passes": 8,
    "pending": 0,
    "failures": 0,
    "start": "2021-09-29T05:15:55.993Z",
    "end": "2021-09-29T05:16:34.801Z",
    "duration": 38808,
    "testsRegistered": 8,
    "passPercent": 100,
    "pendingPercent": 0,
    "other": 0,
    "hasOther": false,
    "skipped": 0,
    "hasSkipped": false
  },
  "results": [
    {
      "uuid": "f71e46bd-0167-4430-99f8-eb7972ca291f",
      "title": "",
      "fullFile": "cypress/integration/Admin_Testcases/12_PatientChat.spec.js",
      "file": "cypress/integration/Admin_Testcases/12_PatientChat.spec.js",
      "beforeHooks": [],
      "afterHooks": [],
      "tests": [],
      "suites": [
        {
          "uuid": "5fd34d79-3897-445c-8023-d4915a28e869",
          "title": "Patient Chat module testcases",
          "fullFile": "",
          "file": "",
          "beforeHooks": [],
          "afterHooks": [],
          "tests": [
            {
              "title": "As a Admin the user should be navigated to the patient chat page of any patient by clicking on chats icon against that particular patient",
              "fullTitle": "Patient Chat module testcases As a Admin the user should be navigated to the patient chat page of any patient by clicking on chats icon against that particular patient",
              "timedOut": null,
              "duration": 11573,
              "state": "passed",
              "speed": "slow",
              "pass": true,
              "fail": false,
              "pending": false,
              "context": null,
              "code": "cy.login(cred.email, cred.password);\ncy.url().should('contain', '/patients');\ncy.get('.bg-white > .w-full').should('be.visible').type('pawankumar@yopmail.com');\ncy.wait(2000);\ncy.get('tr:nth-child(1) > td:nth-child(7) > div > div > svg > path').scrollIntoView().click({\n  force: true\n});\ncy.url().should('contain', '/chat');",
              "err": {},
              "uuid": "f9676186-861f-4f90-8005-eb5850b03189",
              "parentUUID": "5fd34d79-3897-445c-8023-d4915a28e869",
              "isHook": false,
              "skipped": false
            },
            {
              "title": "At \"Chats\" page each label and field should have proper label and validations",
              "fullTitle": "Patient Chat module testcases At \"Chats\" page each label and field should have proper label and validations",
              "timedOut": null,
              "duration": 1412,
              "state": "passed",
              "speed": "slow",
              "pass": true,
              "fail": false,
              "pending": false,
              "context": null,
              "code": "cy.get('.font-bold').should('be.visible').should('have.text', 'Chat');\ncy.get('.flex-wrap > .h-6').should('be.visible');\ncy.get('.rounded-3xl').should('be.visible');\ncy.get('.w-full > .cursor-pointer').should('be.visible');",
              "err": {},
              "uuid": "0820aef7-4ac0-4dcd-8a23-a10ff8d5d510",
              "parentUUID": "5fd34d79-3897-445c-8023-d4915a28e869",
              "isHook": false,
              "skipped": false
            },
            {
              "title": "The user should able to see all the chats between the Admin and patients",
              "fullTitle": "Patient Chat module testcases The user should able to see all the chats between the Admin and patients",
              "timedOut": null,
              "duration": 2253,
              "state": "passed",
              "speed": "slow",
              "pass": true,
              "fail": false,
              "pending": false,
              "context": null,
              "code": "cy.get('div:nth-child(1) > div > div > div > div.p-3.rounded-lg.relative.bg-lightChatGray').scrollIntoView().should('be.visible').should('contain', 'hi');\ncy.get('div.pb-6 > div > div > div > a > div').scrollIntoView().should('be.visible');",
              "err": {},
              "uuid": "6a0fddd7-603e-458f-8fbb-3f4d3662d152",
              "parentUUID": "5fd34d79-3897-445c-8023-d4915a28e869",
              "isHook": false,
              "skipped": false
            },
            {
              "title": "As a Admin the user should able to send message to the patients",
              "fullTitle": "Patient Chat module testcases As a Admin the user should able to send message to the patients",
              "timedOut": null,
              "duration": 5792,
              "state": "passed",
              "speed": "slow",
              "pass": true,
              "fail": false,
              "pending": false,
              "context": null,
              "code": "cy.get('.w-full > .bg-white').should('be.visible').type('hi');\ncy.wait(2000);\ncy.get('.w-full > .cursor-pointer').should('be.visible').click();\ncy.wait(3000);",
              "err": {},
              "uuid": "377c5723-0bc4-4409-bbe8-2ba3a1e23731",
              "parentUUID": "5fd34d79-3897-445c-8023-d4915a28e869",
              "isHook": false,
              "skipped": false
            },
            {
              "title": "The message sent by Admin should be received by the Patients",
              "fullTitle": "Patient Chat module testcases The message sent by Admin should be received by the Patients",
              "timedOut": null,
              "duration": 33,
              "state": "passed",
              "speed": "fast",
              "pass": true,
              "fail": false,
              "pending": false,
              "context": null,
              "code": "cy.get('div.pb-6 > div > div > div > div.p-3.rounded-lg.relative.bg-primary.text-white').should('be.visible').should('contain', 'hi');",
              "err": {},
              "uuid": "518af56c-e6d4-473d-9114-17ea3c1bfb47",
              "parentUUID": "5fd34d79-3897-445c-8023-d4915a28e869",
              "isHook": false,
              "skipped": false
            },
            {
              "title": "As a Admin the user can able to send the documents and images by clicking on attachments icon",
              "fullTitle": "Patient Chat module testcases As a Admin the user can able to send the documents and images by clicking on attachments icon",
              "timedOut": null,
              "duration": 4499,
              "state": "passed",
              "speed": "slow",
              "pass": true,
              "fail": false,
              "pending": false,
              "context": null,
              "code": "cy.get('.opacity-0').attachFile('faf.jpg');\ncy.wait(2000);\ncy.get('.w-60 > img').should('be.visible');\ncy.get('.opacity-0').attachFile('file.pdf');\ncy.wait(2000);\ncy.get('.w-60 > :nth-child(1) > img').should('be.visible');",
              "err": {},
              "uuid": "9dc087b7-7c24-4612-93d2-a2cc596ba2ff",
              "parentUUID": "5fd34d79-3897-445c-8023-d4915a28e869",
              "isHook": false,
              "skipped": false
            },
            {
              "title": "The Admin can see the full length image on a separate window by clicking on that particular image",
              "fullTitle": "Patient Chat module testcases The Admin can see the full length image on a separate window by clicking on that particular image",
              "timedOut": null,
              "duration": 3271,
              "state": "passed",
              "speed": "slow",
              "pass": true,
              "fail": false,
              "pending": false,
              "context": null,
              "code": "cy.get('div:nth-child(14) > div > div > div > a > div').scrollIntoView().should('be.visible').click();\ncy.wait(3000);",
              "err": {},
              "uuid": "5742528c-6889-4f12-8607-43f26d3f3bef",
              "parentUUID": "5fd34d79-3897-445c-8023-d4915a28e869",
              "isHook": false,
              "skipped": false
            },
            {
              "title": "The Admin can open the document in a separate window by clicking on the particular document",
              "fullTitle": "Patient Chat module testcases The Admin can open the document in a separate window by clicking on the particular document",
              "timedOut": null,
              "duration": 5617,
              "state": "passed",
              "speed": "slow",
              "pass": true,
              "fail": false,
              "pending": false,
              "context": null,
              "code": "cy.get('#chatList > div.pb-6 > div > div > div > a > div').scrollIntoView().should('be.visible').click();\ncy.wait(3000);\ncy.logout();",
              "err": {},
              "uuid": "28bee3d9-e129-4192-a647-37dcb02a75d0",
              "parentUUID": "5fd34d79-3897-445c-8023-d4915a28e869",
              "isHook": false,
              "skipped": false
            }
          ],
          "suites": [],
          "passes": [
            "f9676186-861f-4f90-8005-eb5850b03189",
            "0820aef7-4ac0-4dcd-8a23-a10ff8d5d510",
            "6a0fddd7-603e-458f-8fbb-3f4d3662d152",
            "377c5723-0bc4-4409-bbe8-2ba3a1e23731",
            "518af56c-e6d4-473d-9114-17ea3c1bfb47",
            "9dc087b7-7c24-4612-93d2-a2cc596ba2ff",
            "5742528c-6889-4f12-8607-43f26d3f3bef",
            "28bee3d9-e129-4192-a647-37dcb02a75d0"
          ],
          "failures": [],
          "pending": [],
          "skipped": [],
          "duration": 34450,
          "root": false,
          "rootEmpty": false,
          "_timeout": 2000
        }
      ],
      "passes": [],
      "failures": [],
      "pending": [],
      "skipped": [],
      "duration": 0,
      "root": true,
      "rootEmpty": true,
      "_timeout": 2000
    }
  ],
  "meta": {
    "mocha": {
      "version": "7.0.1"
    },
    "mochawesome": {
      "options": {
        "quiet": false,
        "reportFilename": "report",
        "saveHtml": true,
        "saveJson": true,
        "consoleReporter": "spec",
        "useInlineDiffs": false,
        "code": true
      },
      "version": "6.2.2"
    },
    "marge": {
      "options": {
        "reportDir": "cypress/reports",
        "reportFilename": "report",
        "overwrite": false,
        "html": true,
        "json": true,
        "charts": true
      },
      "version": "5.2.0"
    }
  }
}