{
  "stats": {
    "suites": 1,
    "tests": 13,
    "passes": 5,
    "pending": 0,
    "failures": 8,
    "start": "2022-06-21T09:55:13.475Z",
    "end": "2022-06-21T09:59:32.786Z",
    "duration": 259311,
    "testsRegistered": 13,
    "passPercent": 38.46153846153847,
    "pendingPercent": 0,
    "other": 0,
    "hasOther": false,
    "skipped": 0,
    "hasSkipped": false
  },
  "results": [
    {
      "uuid": "52f3a68b-d618-4293-b836-b3f06c479b10",
      "title": "",
      "fullFile": "cypress\\e2e\\Admin_Testcases\\06_Providers.spec.js",
      "file": "cypress\\e2e\\Admin_Testcases\\06_Providers.spec.js",
      "beforeHooks": [],
      "afterHooks": [],
      "tests": [],
      "suites": [
        {
          "uuid": "1025f318-13b0-43f9-b4f0-10e4ff9aaa45",
          "title": "providers module test case",
          "fullFile": "",
          "file": "",
          "beforeHooks": [],
          "afterHooks": [],
          "tests": [
            {
              "title": "As a admin the user should be navigated to the provides page by clicking on providers tab",
              "fullTitle": "providers module test case As a admin the user should be navigated to the provides page by clicking on providers tab",
              "timedOut": null,
              "duration": 16921,
              "state": "passed",
              "speed": "slow",
              "pass": true,
              "fail": false,
              "pending": false,
              "context": null,
              "code": "cy.login();\ncy.get('.space-y-4 > :nth-child(3)').should('be.visible').and('have.text', 'Providers').click();\ncy.url().should('contain', '/providers');",
              "err": {},
              "uuid": "7ba03926-4132-48cd-828f-d4fdd9b77ac9",
              "parentUUID": "1025f318-13b0-43f9-b4f0-10e4ff9aaa45",
              "isHook": false,
              "skipped": false
            },
            {
              "title": "At providers page each label and field should have proper label and proper validations",
              "fullTitle": "providers module test case At providers page each label and field should have proper label and proper validations",
              "timedOut": null,
              "duration": 19140,
              "state": "failed",
              "speed": null,
              "pass": false,
              "fail": true,
              "pending": false,
              "context": null,
              "code": "cy.get('div.font-bold').should('be.visible').should('contain', 'Providers');\ncy.get('table>thead>tr>th:nth-child(1)>div').should('be.visible').should('have.text', 'Full Name');\ncy.get('table>thead>tr>th:nth-child(2)>div').should('be.visible').should('have.text', 'Email');\ncy.get('table>thead>tr>th:nth-child(3)>div').should('be.visible').should('have.text', 'Mobile Number');\ncy.get('table>thead>tr>th:nth-child(4)>div').should('be.visible').should('have.text', 'Provider Type');\ncy.get('table>thead>tr>th:nth-child(5)>div').should('be.visible').should('have.text', 'Joined On');\ncy.get('table>thead>tr>th:nth-child(6)>div').should('be.visible').should('have.text', 'Status');\ncy.get('table>thead>tr>th:nth-child(7)>div').should('be.visible').should('have.text', 'Action');\ncy.get('[type=search]').invoke('attr', 'placeholder').should('contain', 'Search for name or email.');\ncy.get('#headlessui-menu-button-4').should('be.visible').should('contain', 'Add Filter');\ncy.xpath(\"//button[@textid='provider.invite']\").should('be.visible').should('have.text', 'Invite Provider');\ncy.xpath(\"//button[@textid='admin.pending.invites']\").should('be.visible').should('have.text', 'Pending Invitations');\ncy.get('.mt-1:nth-child(2)').should('be.visible').should('have.text', 'Next');",
              "err": {
                "message": "AssertionError: Timed out retrying after 15000ms: expected '<div.mt-1.cursor-pointer.ml-3.relative.inline-flex.items-center.px-2.5.py-1.5.border.border-gray-300.text-xs.font-medium.rounded-md.text-gray-700.bg-white.hover:bg-gray-50.hidden>' to be 'visible'\n\nThis element `<div.mt-1.cursor-pointer.ml-3.relative.inline-flex.items-center.px-2.5.py-1.5.border.border-gray-300.text-xs.font-medium.rounded-md.text-gray-700.bg-white.hover:bg-gray-50.hidden>` is not visible because it has CSS property: `display: none`",
                "estack": "AssertionError: Timed out retrying after 15000ms: expected '<div.mt-1.cursor-pointer.ml-3.relative.inline-flex.items-center.px-2.5.py-1.5.border.border-gray-300.text-xs.font-medium.rounded-md.text-gray-700.bg-white.hover:bg-gray-50.hidden>' to be 'visible'\n\nThis element `<div.mt-1.cursor-pointer.ml-3.relative.inline-flex.items-center.px-2.5.py-1.5.border.border-gray-300.text-xs.font-medium.rounded-md.text-gray-700.bg-white.hover:bg-gray-50.hidden>` is not visible because it has CSS property: `display: none`\n    at Context.eval (https://qa.rch.build-release.com/__cypress/tests?p=cypress\\e2e\\Admin_Testcases\\06_Providers.spec.js:119:34)",
                "diff": null
              },
              "uuid": "96b3ba08-3fd6-4734-b1bf-d8c6e68bae8a",
              "parentUUID": "1025f318-13b0-43f9-b4f0-10e4ff9aaa45",
              "isHook": false,
              "skipped": false
            },
            {
              "title": "As a admin the user should be able to go the next page of the providers list by clicking on next button",
              "fullTitle": "providers module test case As a admin the user should be able to go the next page of the providers list by clicking on next button",
              "timedOut": null,
              "duration": 15999,
              "state": "failed",
              "speed": null,
              "pass": false,
              "fail": true,
              "pending": false,
              "context": null,
              "code": "cy.get('.mt-1:nth-child(2)').should('be.visible').should('have.text', 'Next').click();",
              "err": {
                "message": "AssertionError: Timed out retrying after 15000ms: expected '<div.mt-1.cursor-pointer.ml-3.relative.inline-flex.items-center.px-2.5.py-1.5.border.border-gray-300.text-xs.font-medium.rounded-md.text-gray-700.bg-white.hover:bg-gray-50.hidden>' to be 'visible'\n\nThis element `<div.mt-1.cursor-pointer.ml-3.relative.inline-flex.items-center.px-2.5.py-1.5.border.border-gray-300.text-xs.font-medium.rounded-md.text-gray-700.bg-white.hover:bg-gray-50.hidden>` is not visible because it has CSS property: `display: none`",
                "estack": "AssertionError: Timed out retrying after 15000ms: expected '<div.mt-1.cursor-pointer.ml-3.relative.inline-flex.items-center.px-2.5.py-1.5.border.border-gray-300.text-xs.font-medium.rounded-md.text-gray-700.bg-white.hover:bg-gray-50.hidden>' to be 'visible'\n\nThis element `<div.mt-1.cursor-pointer.ml-3.relative.inline-flex.items-center.px-2.5.py-1.5.border.border-gray-300.text-xs.font-medium.rounded-md.text-gray-700.bg-white.hover:bg-gray-50.hidden>` is not visible because it has CSS property: `display: none`\n    at Context.eval (https://qa.rch.build-release.com/__cypress/tests?p=cypress\\e2e\\Admin_Testcases\\06_Providers.spec.js:122:34)",
                "diff": null
              },
              "uuid": "0df9dc19-79d0-45db-885d-8662fb39057b",
              "parentUUID": "1025f318-13b0-43f9-b4f0-10e4ff9aaa45",
              "isHook": false,
              "skipped": false
            },
            {
              "title": "As a admin the user should be able to go the previous page of the providers list by clicking on previous button",
              "fullTitle": "providers module test case As a admin the user should be able to go the previous page of the providers list by clicking on previous button",
              "timedOut": null,
              "duration": 16229,
              "state": "failed",
              "speed": null,
              "pass": false,
              "fail": true,
              "pending": false,
              "context": null,
              "code": "cy.get('.mt-1:nth-child(1)').should('be.visible').should('have.text', 'Previous').click();",
              "err": {
                "message": "AssertionError: Timed out retrying after 15000ms: expected '<div.mt-1.cursor-pointer.relative.inline-flex.items-center.px-2.5.py-1.5.border.border-gray-300.text-xs.font-medium.rounded-md.text-gray-700.bg-white.hover:bg-gray-50.hidden>' to be 'visible'\n\nThis element `<div.mt-1.cursor-pointer.relative.inline-flex.items-center.px-2.5.py-1.5.border.border-gray-300.text-xs.font-medium.rounded-md.text-gray-700.bg-white.hover:bg-gray-50.hidden>` is not visible because it has CSS property: `display: none`",
                "estack": "AssertionError: Timed out retrying after 15000ms: expected '<div.mt-1.cursor-pointer.relative.inline-flex.items-center.px-2.5.py-1.5.border.border-gray-300.text-xs.font-medium.rounded-md.text-gray-700.bg-white.hover:bg-gray-50.hidden>' to be 'visible'\n\nThis element `<div.mt-1.cursor-pointer.relative.inline-flex.items-center.px-2.5.py-1.5.border.border-gray-300.text-xs.font-medium.rounded-md.text-gray-700.bg-white.hover:bg-gray-50.hidden>` is not visible because it has CSS property: `display: none`\n    at Context.eval (https://qa.rch.build-release.com/__cypress/tests?p=cypress\\e2e\\Admin_Testcases\\06_Providers.spec.js:125:34)",
                "diff": null
              },
              "uuid": "33bc7014-7a30-47fd-b1be-6967a37df905",
              "parentUUID": "1025f318-13b0-43f9-b4f0-10e4ff9aaa45",
              "isHook": false,
              "skipped": false
            },
            {
              "title": "As a admin the user should be able to search any prodvider with his name or email",
              "fullTitle": "providers module test case As a admin the user should be able to search any prodvider with his name or email",
              "timedOut": null,
              "duration": 24604,
              "state": "failed",
              "speed": null,
              "pass": false,
              "fail": true,
              "pending": false,
              "context": null,
              "code": "cy.get('[type=search]').should('be.visible').type('varkala.pavankumar@gmail.com');\ncy.wait(5000);\ncy.get('tr:nth-child(1)>td:nth-child(2)').should('be.visible').should('have.text', 'varkala.pavankumar@gmail.com');\ncy.wait(2000);\ncy.get('[type=search]').should('be.visible').clear().type('Dadas Providerrrrrrrrrrrrrrrrrr');\ncy.wait(2000);\ncy.get('tr:nth-child(1)>td:nth-child(1)').should('be.visible').should('have.text', 'Dadas Providerrrrrrrrrrrrrrrrrr');\ncy.wait(2000);\ncy.get('[type=search]').should('be.visible').clear();\ncy.wait(2000);",
              "err": {
                "message": "AssertionError: Timed out retrying after 15000ms: Expected to find element: `tr:nth-child(1)>td:nth-child(2)`, but never found it.",
                "estack": "AssertionError: Timed out retrying after 15000ms: Expected to find element: `tr:nth-child(1)>td:nth-child(2)`, but never found it.\n    at Context.eval (https://qa.rch.build-release.com/__cypress/tests?p=cypress\\e2e\\Admin_Testcases\\06_Providers.spec.js:130:47)",
                "diff": null
              },
              "uuid": "aa50dcb7-b5a5-411c-9a9b-3be0093e295f",
              "parentUUID": "1025f318-13b0-43f9-b4f0-10e4ff9aaa45",
              "isHook": false,
              "skipped": false
            },
            {
              "title": "As a admin the user should be navigated to the pending invitations page by clicking on \"Pending Invitations\" button.",
              "fullTitle": "providers module test case As a admin the user should be navigated to the pending invitations page by clicking on \"Pending Invitations\" button.",
              "timedOut": null,
              "duration": 7406,
              "state": "passed",
              "speed": "medium",
              "pass": true,
              "fail": false,
              "pending": false,
              "context": null,
              "code": "cy.xpath(\"//button[@textid='admin.pending.invites']\").should('be.visible').should('have.text', 'Pending Invitations').click();\ncy.url().should('contain', '/invitation');\ncy.wait(2000);\ncy.get('div.flex.flex-wrap>svg').should('be.visible').click();\ncy.url().should('contain', '/providers');",
              "err": {},
              "uuid": "c59a3eb9-458d-4afb-9957-5bc200ad37cf",
              "parentUUID": "1025f318-13b0-43f9-b4f0-10e4ff9aaa45",
              "isHook": false,
              "skipped": false
            },
            {
              "title": "As a admin the user should be navigated to the profile details of any provider by clicking on eye button against that particular provider",
              "fullTitle": "providers module test case As a admin the user should be navigated to the profile details of any provider by clicking on eye button against that particular provider",
              "timedOut": null,
              "duration": 15696,
              "state": "failed",
              "speed": null,
              "pass": false,
              "fail": true,
              "pending": false,
              "context": null,
              "code": "cy.get('tr:nth-child(1) > td:nth-child(7) > div > svg:nth-child(1)').scrollIntoView().should('be.visible').click({\n  force: true\n});\ncy.get('.py-8 > .font-bold').should('be.visible').should('contain', 'Provider Details');\ncy.get('.border-b-2').should('be.visible').should('contain', 'Address');\ncy.get('div.col-span-12.mt-4 > div.mt-4.space-y-4>div:nth-child(1)>div:nth-child(1)>div:nth-child(1)').should('be.visible').should('have.text', 'Address Line 1');\ncy.get('div.col-span-12.mt-4 > div.mt-4.space-y-4>div:nth-child(1)>div:nth-child(2)>div:nth-child(1)').should('be.visible').should('have.text', 'Address Line 2');\ncy.get('div.col-span-12.mt-4 > div.mt-4.space-y-4>div:nth-child(2)>div:nth-child(1)>div:nth-child(1)').should('be.visible').should('have.text', 'Postal Code');\ncy.get('div.col-span-12.mt-4 > div.mt-4.space-y-4>div:nth-child(2)>div:nth-child(2)>div:nth-child(1)').should('be.visible').should('have.text', 'City');\ncy.get('div.col-span-12.mt-4 > div.mt-4.space-y-4>div:nth-child(3)>div:nth-child(1)>div:nth-child(1)').should('be.visible').should('have.text', 'State');",
              "err": {
                "message": "AssertionError: Timed out retrying after 15000ms: Expected to find element: `tr:nth-child(1) > td:nth-child(7) > div > svg:nth-child(1)`, but never found it.",
                "estack": "AssertionError: Timed out retrying after 15000ms: Expected to find element: `tr:nth-child(1) > td:nth-child(7) > div > svg:nth-child(1)`, but never found it.\n    at Context.eval (https://qa.rch.build-release.com/__cypress/tests?p=cypress\\e2e\\Admin_Testcases\\06_Providers.spec.js:147:8)",
                "diff": null
              },
              "uuid": "e08bbfc6-07f2-4cc9-8164-dd89518786a7",
              "parentUUID": "1025f318-13b0-43f9-b4f0-10e4ff9aaa45",
              "isHook": false,
              "skipped": false
            },
            {
              "title": "As a admin the user should be navigted back to the providers page by clicking on back arrow on profile details page",
              "fullTitle": "providers module test case As a admin the user should be navigted back to the providers page by clicking on back arrow on profile details page",
              "timedOut": null,
              "duration": 15508,
              "state": "failed",
              "speed": null,
              "pass": false,
              "fail": true,
              "pending": false,
              "context": null,
              "code": "cy.get('.py-8 > .h-6').should('be.visible').click();\ncy.url().should('contain', '/providers');",
              "err": {
                "message": "AssertionError: Timed out retrying after 15000ms: Expected to find element: `.py-8 > .h-6`, but never found it.",
                "estack": "AssertionError: Timed out retrying after 15000ms: Expected to find element: `.py-8 > .h-6`, but never found it.\n    at Context.eval (https://qa.rch.build-release.com/__cypress/tests?p=cypress\\e2e\\Admin_Testcases\\06_Providers.spec.js:159:28)",
                "diff": null
              },
              "uuid": "b6fa7d06-0c8d-4893-98c6-02fcf55caf12",
              "parentUUID": "1025f318-13b0-43f9-b4f0-10e4ff9aaa45",
              "isHook": false,
              "skipped": false
            },
            {
              "title": "As a Admin the user should get a pop up of invite provider by Clicking on the \"Invite Provider\" button.",
              "fullTitle": "providers module test case As a Admin the user should get a pop up of invite provider by Clicking on the \"Invite Provider\" button.",
              "timedOut": null,
              "duration": 2886,
              "state": "passed",
              "speed": "fast",
              "pass": true,
              "fail": false,
              "pending": false,
              "context": null,
              "code": "cy.xpath(\"//button[@textid='provider.invite']\").should('be.visible').should('have.text', 'Invite Provider').click();\ncy.wait(2000);\ncy.get('div:nth-child(9) > div > div>svg').should('be.visible').click();",
              "err": {},
              "uuid": "85e9113c-5342-4cbf-a3e8-0378e6352d18",
              "parentUUID": "1025f318-13b0-43f9-b4f0-10e4ff9aaa45",
              "isHook": false,
              "skipped": false
            },
            {
              "title": "As a Admin the user can chat with provider by clicking on the chat icon against that provider",
              "fullTitle": "providers module test case As a Admin the user can chat with provider by clicking on the chat icon against that provider",
              "timedOut": null,
              "duration": 15427,
              "state": "failed",
              "speed": null,
              "pass": false,
              "fail": true,
              "pending": false,
              "context": null,
              "code": "cy.get('tr:nth-child(1) > td:nth-child(7) > div>div>img').scrollIntoView().should('be.visible').click({\n  force: true\n});\ncy.wait(2000);\ncy.get('div.flex.flex-wrap>svg').click();\ncy.wait(2000);",
              "err": {
                "message": "AssertionError: Timed out retrying after 15000ms: Expected to find element: `tr:nth-child(1) > td:nth-child(7) > div>div>img`, but never found it.",
                "estack": "AssertionError: Timed out retrying after 15000ms: Expected to find element: `tr:nth-child(1) > td:nth-child(7) > div>div>img`, but never found it.\n    at Context.eval (https://qa.rch.build-release.com/__cypress/tests?p=cypress\\e2e\\Admin_Testcases\\06_Providers.spec.js:168:8)",
                "diff": null
              },
              "uuid": "b25958ca-f5d8-4288-8d0f-0a0db704a1c5",
              "parentUUID": "1025f318-13b0-43f9-b4f0-10e4ff9aaa45",
              "isHook": false,
              "skipped": false
            },
            {
              "title": "As a Admin the user can enable or disable any provider with the help of toggle icon under status",
              "fullTitle": "providers module test case As a Admin the user can enable or disable any provider with the help of toggle icon under status",
              "timedOut": null,
              "duration": 15460,
              "state": "failed",
              "speed": null,
              "pass": false,
              "fail": true,
              "pending": false,
              "context": null,
              "code": "cy.get('tr:nth-child(1)>td:nth-child(6)>button').scrollIntoView().should('be.visible').click({\n  force: true\n});\ncy.wait(2000);\ncy.get('div.hidden>div:nth-child(2)>div:nth-child(2)>button').click();\ncy.wait(2000);\ncy.get('tr:nth-child(1)>td:nth-child(6)>button').scrollIntoView().should('be.visible').click({\n  force: true\n});\ncy.wait(2000);\ncy.get('div.hidden>div:nth-child(2)>div:nth-child(2)>button').click();\ncy.wait(2000);",
              "err": {
                "message": "AssertionError: Timed out retrying after 15000ms: Expected to find element: `tr:nth-child(1)>td:nth-child(6)>button`, but never found it.",
                "estack": "AssertionError: Timed out retrying after 15000ms: Expected to find element: `tr:nth-child(1)>td:nth-child(6)>button`, but never found it.\n    at Context.eval (https://qa.rch.build-release.com/__cypress/tests?p=cypress\\e2e\\Admin_Testcases\\06_Providers.spec.js:176:8)",
                "diff": null
              },
              "uuid": "e50dcaac-fb61-412a-b57f-af018553ef62",
              "parentUUID": "1025f318-13b0-43f9-b4f0-10e4ff9aaa45",
              "isHook": false,
              "skipped": false
            },
            {
              "title": "As a Admin the user can change the view of the providers by using filter on full name which make the provider list in alphabetical order from a-z or Z-a",
              "fullTitle": "providers module test case As a Admin the user can change the view of the providers by using filter on full name which make the provider list in alphabetical order from a-z or Z-a",
              "timedOut": null,
              "duration": 4726,
              "state": "passed",
              "speed": "fast",
              "pass": true,
              "fail": false,
              "pending": false,
              "context": null,
              "code": "cy.get('table>thead>tr>th:nth-child(1)>span>svg:nth-child(1)').should('be.visible').click({\n  force: true\n});\ncy.wait(2000);\ncy.get('table>thead>tr>th:nth-child(1)>span>svg:nth-child(2)').should('be.visible').click({\n  force: true\n});\ncy.wait(2000);",
              "err": {},
              "uuid": "bffb2148-dffd-443c-8caa-3cfca688158b",
              "parentUUID": "1025f318-13b0-43f9-b4f0-10e4ff9aaa45",
              "isHook": false,
              "skipped": false
            },
            {
              "title": "As a admin the user can filter the providers based on the provider type like Md,Do etc.",
              "fullTitle": "providers module test case As a admin the user can filter the providers based on the provider type like Md,Do etc.",
              "timedOut": null,
              "duration": 70124,
              "state": "passed",
              "speed": "slow",
              "pass": true,
              "fail": false,
              "pending": false,
              "context": null,
              "code": "cy.get('div.flex.flex-wrap:nth-child(2)>div:nth-child(2)').should('be.visible').click();\ncy.wait(2000);\ncy.get('div.py-1>div:nth-child(1)').should('be.visible').should('contain', 'md').click();\ncy.wait(2000);\ncy.get('div.flex.flex-wrap:nth-child(2)>div:nth-child(2)>div:nth-child(1)>svg').should('be.visible').click();\ncy.wait(2000);\ncy.get('div.flex.flex-wrap:nth-child(2)>div:nth-child(2)').should('be.visible').click();\ncy.wait(2000);\ncy.get('div.py-1>div:nth-child(2)').should('be.visible').should('contain', 'do').click();\ncy.wait(2000);\ncy.get('div.flex.flex-wrap:nth-child(2)>div:nth-child(2)>div:nth-child(1)>svg').should('be.visible').click();\ncy.wait(2000);\ncy.get('div.flex.flex-wrap:nth-child(2)>div:nth-child(2)').should('be.visible').click();\ncy.wait(2000);\ncy.get('div.py-1>div:nth-child(3)').should('be.visible').should('contain', 'pa-c').click();\ncy.wait(2000);\ncy.get('div.flex.flex-wrap:nth-child(2)>div:nth-child(2)>div:nth-child(1)>svg').should('be.visible').click();\ncy.wait(2000);\ncy.get('div.flex.flex-wrap:nth-child(2)>div:nth-child(2)').should('be.visible').click();\ncy.wait(2000);\ncy.get('div.py-1>div:nth-child(4)').should('be.visible').should('contain', 'np').click();\ncy.wait(2000);\ncy.get('div.flex.flex-wrap:nth-child(2)>div:nth-child(2)>div:nth-child(1)>svg').should('be.visible').click();\ncy.wait(2000);\ncy.get('div.flex.flex-wrap:nth-child(2)>div:nth-child(2)').should('be.visible').click();\ncy.wait(2000);\ncy.get('div.py-1>div:nth-child(5)').should('be.visible').should('contain', 'crna').click();\ncy.wait(2000);\ncy.get('div.flex.flex-wrap:nth-child(2)>div:nth-child(2)>div:nth-child(1)>svg').should('be.visible').click();\ncy.wait(2000);\ncy.get('div.flex.flex-wrap:nth-child(2)>div:nth-child(2)').should('be.visible').click();\ncy.wait(2000);\ncy.get('div.py-1>div:nth-child(6)').should('be.visible').should('contain', 'nurse').click();\ncy.wait(2000);\ncy.get('div.flex.flex-wrap:nth-child(2)>div:nth-child(2)>div:nth-child(1)>svg').should('be.visible').click();\ncy.wait(2000);\ncy.get('div.flex.flex-wrap:nth-child(2)>div:nth-child(2)').should('be.visible').click();\ncy.wait(2000);\ncy.get('div.py-1>div:nth-child(7)').should('be.visible').should('contain', 'paramedic').click();\ncy.wait(2000);\ncy.get('div.flex.flex-wrap:nth-child(2)>div:nth-child(2)>div:nth-child(1)>svg').should('be.visible').click();\ncy.wait(2000);\ncy.get('div.flex.flex-wrap:nth-child(2)>div:nth-child(2)').should('be.visible').click();\ncy.wait(2000);\ncy.get('div.py-1>div:nth-child(8)').should('be.visible').should('contain', 'emt').click();\ncy.wait(2000);\ncy.get('div.flex.flex-wrap:nth-child(2)>div:nth-child(2)>div:nth-child(1)>svg').should('be.visible').click();\ncy.wait(2000);\ncy.logout();",
              "err": {},
              "uuid": "297cf336-8b70-42e2-85d6-d3ceac7a48d1",
              "parentUUID": "1025f318-13b0-43f9-b4f0-10e4ff9aaa45",
              "isHook": false,
              "skipped": false
            }
          ],
          "suites": [],
          "passes": [
            "7ba03926-4132-48cd-828f-d4fdd9b77ac9",
            "c59a3eb9-458d-4afb-9957-5bc200ad37cf",
            "85e9113c-5342-4cbf-a3e8-0378e6352d18",
            "bffb2148-dffd-443c-8caa-3cfca688158b",
            "297cf336-8b70-42e2-85d6-d3ceac7a48d1"
          ],
          "failures": [
            "96b3ba08-3fd6-4734-b1bf-d8c6e68bae8a",
            "0df9dc19-79d0-45db-885d-8662fb39057b",
            "33bc7014-7a30-47fd-b1be-6967a37df905",
            "aa50dcb7-b5a5-411c-9a9b-3be0093e295f",
            "e08bbfc6-07f2-4cc9-8164-dd89518786a7",
            "b6fa7d06-0c8d-4893-98c6-02fcf55caf12",
            "b25958ca-f5d8-4288-8d0f-0a0db704a1c5",
            "e50dcaac-fb61-412a-b57f-af018553ef62"
          ],
          "pending": [],
          "skipped": [],
          "duration": 240126,
          "root": false,
          "rootEmpty": false,
          "_timeout": 2000
        }
      ],
      "passes": [],
      "failures": [],
      "pending": [],
      "skipped": [],
      "duration": 0,
      "root": true,
      "rootEmpty": true,
      "_timeout": 2000
    }
  ],
  "meta": {
    "mocha": {
      "version": "7.0.1"
    },
    "mochawesome": {
      "options": {
        "quiet": false,
        "reportFilename": "report",
        "saveHtml": true,
        "saveJson": true,
        "consoleReporter": "spec",
        "useInlineDiffs": false,
        "code": true
      },
      "version": "7.0.1"
    },
    "marge": {
      "options": {
        "reportDir": "cypress/reports",
        "reportFilename": "report",
        "overwrite": false,
        "html": true,
        "json": true,
        "charts": true
      },
      "version": "6.0.1"
    }
  }
}