{
  "stats": {
    "suites": 1,
    "tests": 9,
    "passes": 9,
    "pending": 0,
    "failures": 0,
    "start": "2022-04-21T09:44:49.731Z",
    "end": "2022-04-21T09:46:15.253Z",
    "duration": 85522,
    "testsRegistered": 9,
    "passPercent": 100,
    "pendingPercent": 0,
    "other": 0,
    "hasOther": false,
    "skipped": 0,
    "hasSkipped": false
  },
  "results": [
    {
      "uuid": "e9f08635-0268-458e-9023-c0e4386231c0",
      "title": "",
      "fullFile": "cypress/integration/Admin_Testcases/16_Requested.Spec.js",
      "file": "cypress/integration/Admin_Testcases/16_Requested.Spec.js",
      "beforeHooks": [],
      "afterHooks": [],
      "tests": [],
      "suites": [
        {
          "uuid": "46d6eae1-1d11-4277-85e2-d29a1e9f8580",
          "title": "Requested Appointment Details Test cases",
          "fullFile": "",
          "file": "",
          "beforeHooks": [],
          "afterHooks": [],
          "tests": [
            {
              "title": "As a Admin the user should be navigated to the Appointment Details page of Requested appointment by clicking on the eye icon against that appointment",
              "fullTitle": "Requested Appointment Details Test cases As a Admin the user should be navigated to the Appointment Details page of Requested appointment by clicking on the eye icon against that appointment",
              "timedOut": null,
              "duration": 52158,
              "state": "passed",
              "speed": "slow",
              "pass": true,
              "fail": false,
              "pending": false,
              "context": null,
              "code": "cy.login();\ncy.url().should('contain', '/dashboard');\ncy.get('.space-y-4 > :nth-child(2)').should('be.visible').should('have.text', 'Patients').click();\ncy.url().should('contain', '/patients');\ncy.AddPatient();\ncy.readFile('cypress/fixtures/provider.json').then(provider => {\n  cy.get('[type=search]').should('be.visible').type(provider.email.toLowerCase());\n  cy.get('tr:nth-child(1)>td:nth-child(2)').should('be.visible').should('have.text', provider.email.toLowerCase());\n  cy.wait(4000);\n});\ncy.bookappointment();\ncy.get('[type=search]').should('be.visible').clear();\ncy.wait(4000);\ncy.get('.space-y-4 > :nth-child(4)').should('be.visible').should('have.text', 'Appointments').click();\ncy.get('table>tbody>tr:nth-child(1)>td:nth-child(4)').should('be.visible').should('have.text', 'requested');\ncy.get('table>tbody>tr:nth-child(1)>td:nth-child(8)>div>svg').scrollIntoView().should('be.visible').click();\ncy.wait(4000);\ncy.get(':nth-child(3) > .font-semibold > .text-sm').should('be.visible').should('have.text', 'requested');",
              "err": {},
              "uuid": "4f528a16-645b-47d3-ac52-68035558cc73",
              "parentUUID": "46d6eae1-1d11-4277-85e2-d29a1e9f8580",
              "isHook": false,
              "skipped": false
            },
            {
              "title": "At \"Appointment details\" page each label and field should have proper label and validations",
              "fullTitle": "Requested Appointment Details Test cases At \"Appointment details\" page each label and field should have proper label and validations",
              "timedOut": null,
              "duration": 174,
              "state": "passed",
              "speed": "slow",
              "pass": true,
              "fail": false,
              "pending": false,
              "context": null,
              "code": "cy.get('.space-x-4 > .font-semibold').should('be.visible').should('have.text', 'Appointment Details');\ncy.get('.w-7').should('be.visible');\ncy.get('.min-h-screen.pb-2>div:nth-child(2)>div:nth-child(1)>div:nth-child(1)').should('be.visible');\ncy.get('[textid=\"admin.appointment.accept\"]').should('be.visible').should('have.text', 'Accept');\ncy.get('.mx-4 > :nth-child(2)>div:nth-child(1)>div').should('be.visible').should('have.text', 'Appointment ID');\ncy.get('.mx-4 > :nth-child(2)>div:nth-child(2)>div').should('be.visible').should('have.text', 'Requested For');\ncy.get('.mx-4 > :nth-child(2)>div:nth-child(3)>div:nth-child(1)').should('be.visible').should('have.text', 'Status');\ncy.get('.mx-4 > :nth-child(3)>div>div').should('be.visible').should('have.text', 'Service Address');\ncy.get('.mx-4 > :nth-child(4)>div:nth-child(1)').should('be.visible').should('have.text', 'Patients');\ncy.get('.mx-4 > :nth-child(5)>div:nth-child(1)').should('be.visible').should('have.text', 'Services Requested');\ncy.get('.mx-4 > :nth-child(6)>button').should('be.visible').should('have.text', 'Cancel Appointment');",
              "err": {},
              "uuid": "2b610681-e1d6-4a9f-8536-30cd1b87bd55",
              "parentUUID": "46d6eae1-1d11-4277-85e2-d29a1e9f8580",
              "isHook": false,
              "skipped": false
            },
            {
              "title": "The unique appointment id should be displayed",
              "fullTitle": "Requested Appointment Details Test cases The unique appointment id should be displayed",
              "timedOut": null,
              "duration": 67,
              "state": "passed",
              "speed": "medium",
              "pass": true,
              "fail": false,
              "pending": false,
              "context": null,
              "code": "cy.get('.mx-4 > :nth-child(2)>div:nth-child(1)>div').should('be.visible').should('have.text', 'Appointment ID');",
              "err": {},
              "uuid": "ddd2bea1-bf1f-488c-8886-1dacc1bdf2dd",
              "parentUUID": "46d6eae1-1d11-4277-85e2-d29a1e9f8580",
              "isHook": false,
              "skipped": false
            },
            {
              "title": "The date requested by the patient should be displayed",
              "fullTitle": "Requested Appointment Details Test cases The date requested by the patient should be displayed",
              "timedOut": null,
              "duration": 45,
              "state": "passed",
              "speed": "medium",
              "pass": true,
              "fail": false,
              "pending": false,
              "context": null,
              "code": "cy.get('.mx-4 > :nth-child(2)>div:nth-child(2)>div').should('be.visible').should('have.text', 'Requested For');",
              "err": {},
              "uuid": "38d5ea57-006c-48d0-a0fd-951780ef82bd",
              "parentUUID": "46d6eae1-1d11-4277-85e2-d29a1e9f8580",
              "isHook": false,
              "skipped": false
            },
            {
              "title": "The Service Address where the patient requested the service should be displayed",
              "fullTitle": "Requested Appointment Details Test cases The Service Address where the patient requested the service should be displayed",
              "timedOut": null,
              "duration": 33,
              "state": "passed",
              "speed": "fast",
              "pass": true,
              "fail": false,
              "pending": false,
              "context": null,
              "code": "cy.get('.mx-4 > :nth-child(3)>div>div').should('be.visible').should('have.text', 'Service Address');",
              "err": {},
              "uuid": "00386af3-11b9-4fd3-8022-afeb522d9efb",
              "parentUUID": "46d6eae1-1d11-4277-85e2-d29a1e9f8580",
              "isHook": false,
              "skipped": false
            },
            {
              "title": "As a Admin the user should be navigated to the medical history page of particular patient by clicking on the name card of that particular patient",
              "fullTitle": "Requested Appointment Details Test cases As a Admin the user should be navigated to the medical history page of particular patient by clicking on the name card of that particular patient",
              "timedOut": null,
              "duration": 4343,
              "state": "passed",
              "speed": "slow",
              "pass": true,
              "fail": false,
              "pending": false,
              "context": null,
              "code": "cy.get('.justify-between > .flex > .w-6').should('be.visible').click();\ncy.wait(4000);\ncy.get('svg.h-6').should('be.visible').click();",
              "err": {},
              "uuid": "6f97ab6c-51d0-4d52-8861-c7eb6265ae02",
              "parentUUID": "46d6eae1-1d11-4277-85e2-d29a1e9f8580",
              "isHook": false,
              "skipped": false
            },
            {
              "title": "The list of services requested by the patient should be displayed",
              "fullTitle": "Requested Appointment Details Test cases The list of services requested by the patient should be displayed",
              "timedOut": null,
              "duration": 285,
              "state": "passed",
              "speed": "slow",
              "pass": true,
              "fail": false,
              "pending": false,
              "context": null,
              "code": "cy.get('.mx-4 > :nth-child(5)>div:nth-child(1)').should('have.text', 'Services Requested');",
              "err": {},
              "uuid": "e20e3fc5-0bb9-4a44-afc7-4ea48c628eaa",
              "parentUUID": "46d6eae1-1d11-4277-85e2-d29a1e9f8580",
              "isHook": false,
              "skipped": false
            },
            {
              "title": "As a Admin the user can accept the Appointment By clicking on the \"Accept\" button",
              "fullTitle": "Requested Appointment Details Test cases As a Admin the user can accept the Appointment By clicking on the \"Accept\" button",
              "timedOut": null,
              "duration": 5278,
              "state": "passed",
              "speed": "slow",
              "pass": true,
              "fail": false,
              "pending": false,
              "context": null,
              "code": "cy.get('[textid=\"admin.appointment.accept\"]').should('be.visible').should('have.text', 'Accept').click();\ncy.wait(5000);\ncy.get(':nth-child(3) > .font-semibold > .text-sm').should('be.visible').should('have.text', 'accepted');",
              "err": {},
              "uuid": "09140709-ac93-4c58-bb1c-79ff93efb24d",
              "parentUUID": "46d6eae1-1d11-4277-85e2-d29a1e9f8580",
              "isHook": false,
              "skipped": false
            },
            {
              "title": "As a Admin the user can cancel the appointment after entering the cancellation reason by clicking on the cancel button",
              "fullTitle": "Requested Appointment Details Test cases As a Admin the user can cancel the appointment after entering the cancellation reason by clicking on the cancel button",
              "timedOut": null,
              "duration": 15205,
              "state": "passed",
              "speed": "slow",
              "pass": true,
              "fail": false,
              "pending": false,
              "context": null,
              "code": "cy.get('.mx-4 > :nth-child(6)>button').should('be.visible').should('have.text', 'Cancel Appointment').click();\ncy.wait(3000);\ncy.get('.hidden>div:nth-child(1)>div').should('be.visible').should('have.text', 'Confirmation');\ncy.get('.hidden>div:nth-child(1)>svg').should('be.visible');\ncy.get('div.hidden>div:nth-child(2)>div').should('be.visible').should('have.text', 'Are you sure, want to cancel this appointment.');\ncy.get('div.hidden>div:nth-child(2)>form>div:nth-child(1)>div>label').should('be.visible').should('have.text', 'Reason For Cancellation');\ncy.get('div.hidden>div:nth-child(2)>form>div:nth-child(1)>div>div>textarea').should('be.visible');\ncy.get('div.hidden>div:nth-child(2)>form>div:nth-child(1)>div>div>textarea').should('be.visible').type('Provider not available');\ncy.get('div.hidden>div:nth-child(2)>form>div:nth-child(2)>button').should('be.visible').should('have.text', 'Cancel Appointment').click();\ncy.wait(5000);\ncy.get(':nth-child(3) > .font-semibold > .text-sm').should('be.visible').should('have.text', 'cancelled');\ncy.logout();",
              "err": {},
              "uuid": "23d51d69-89b2-49ee-9854-a6d56b8bd1ea",
              "parentUUID": "46d6eae1-1d11-4277-85e2-d29a1e9f8580",
              "isHook": false,
              "skipped": false
            }
          ],
          "suites": [],
          "passes": [
            "4f528a16-645b-47d3-ac52-68035558cc73",
            "2b610681-e1d6-4a9f-8536-30cd1b87bd55",
            "ddd2bea1-bf1f-488c-8886-1dacc1bdf2dd",
            "38d5ea57-006c-48d0-a0fd-951780ef82bd",
            "00386af3-11b9-4fd3-8022-afeb522d9efb",
            "6f97ab6c-51d0-4d52-8861-c7eb6265ae02",
            "e20e3fc5-0bb9-4a44-afc7-4ea48c628eaa",
            "09140709-ac93-4c58-bb1c-79ff93efb24d",
            "23d51d69-89b2-49ee-9854-a6d56b8bd1ea"
          ],
          "failures": [],
          "pending": [],
          "skipped": [],
          "duration": 77588,
          "root": false,
          "rootEmpty": false,
          "_timeout": 2000
        }
      ],
      "passes": [],
      "failures": [],
      "pending": [],
      "skipped": [],
      "duration": 0,
      "root": true,
      "rootEmpty": true,
      "_timeout": 2000
    }
  ],
  "meta": {
    "mocha": {
      "version": "7.0.1"
    },
    "mochawesome": {
      "options": {
        "quiet": false,
        "reportFilename": "report",
        "saveHtml": true,
        "saveJson": true,
        "consoleReporter": "spec",
        "useInlineDiffs": false,
        "code": true
      },
      "version": "7.0.1"
    },
    "marge": {
      "options": {
        "reportDir": "cypress/reports",
        "reportFilename": "report",
        "overwrite": false,
        "html": true,
        "json": true,
        "charts": true
      },
      "version": "6.0.1"
    }
  }
}