{
  "stats": {
    "suites": 1,
    "tests": 4,
    "passes": 4,
    "pending": 0,
    "failures": 0,
    "start": "2022-08-25T07:54:20.535Z",
    "end": "2022-08-25T07:55:18.039Z",
    "duration": 57504,
    "testsRegistered": 4,
    "passPercent": 100,
    "pendingPercent": 0,
    "other": 0,
    "hasOther": false,
    "skipped": 0,
    "hasSkipped": false
  },
  "results": [
    {
      "uuid": "6a5bc90f-6ec8-4b09-9fe7-ca7a046725aa",
      "title": "",
      "fullFile": "cypress\\e2e\\Admin_Testcases\\31_Patient_Notifications.spec.js",
      "file": "cypress\\e2e\\Admin_Testcases\\31_Patient_Notifications.spec.js",
      "beforeHooks": [],
      "afterHooks": [],
      "tests": [],
      "suites": [
        {
          "uuid": "0f437d17-d18e-4fcc-91f2-78c28a088a5d",
          "title": "Patient Notifications module testcases",
          "fullFile": "",
          "file": "",
          "beforeHooks": [],
          "afterHooks": [],
          "tests": [
            {
              "title": "As a Admin the user should be \"Patient Notifications\" section of any patient by clicking on \"Notifications\" tab under patients details page.",
              "fullTitle": "Patient Notifications module testcases As a Admin the user should be \"Patient Notifications\" section of any patient by clicking on \"Notifications\" tab under patients details page.",
              "timedOut": null,
              "duration": 46199,
              "state": "passed",
              "speed": "slow",
              "pass": true,
              "fail": false,
              "pending": false,
              "context": null,
              "code": "cy.login(cred.email, cred.password);\ncy.url().should('contain', '/dashboard'); //Click patient tab on the left side tray\ncy.xpath('//nav/div[2]/div[2]').should('be.visible').should('have.text', 'Patients').click();\ncy.url().should('contain', '/patients'); //Add new patient custom command\ncy.AddPatient();\ncy.readFile('cypress/fixtures/provider.json').then(provider => {\n  //search added patient    \n  cy.xpath('//input[@type=\"search\"]').should('be.visible').type(provider.email.toLowerCase()); //Checking email is present in the list\n  cy.xpath('//tr[1]/td[2]').should('be.visible').should('have.text', provider.email.toLowerCase());\n  cy.wait(4000);\n}); //Click on eye icon against patient \ncy.xpath('//tr[1]/td[7]/div[1]/*[1]').scrollIntoView().should('be.visible').click();\ncy.url().should('contain', '/address'); //Click on Notifications tab in patient profile\ncy.xpath('//div[3]/div[1]/nav[1]/div[4]/div[1]').should('be.visible').should('contain', 'Notifications').click();\ncy.url().should('contain', '/notification');",
              "err": {},
              "uuid": "a1e675d2-0b9d-460e-8b7a-33dcc1707541",
              "parentUUID": "0f437d17-d18e-4fcc-91f2-78c28a088a5d",
              "isHook": false,
              "skipped": false
            },
            {
              "title": "At \"Patient Notifications\" page each label and field should have proper label and validations",
              "fullTitle": "Patient Notifications module testcases At \"Patient Notifications\" page each label and field should have proper label and validations",
              "timedOut": null,
              "duration": 182,
              "state": "passed",
              "speed": "fast",
              "pass": true,
              "fail": false,
              "pending": false,
              "context": null,
              "code": "//validating all fields and labels\ncy.xpath('//div[contains(text(),\"E\")]').should('be.visible').should('contain', 'Email Notifications');\ncy.xpath('//div[4]/div/div[1]/button').should('be.visible').should('be.enabled');\ncy.xpath('//div[contains(text(),\"T\")]').should('be.visible').should('contain', 'Text Notifications');\ncy.xpath('//div[4]/div/div[2]/button').should('be.visible').should('be.enabled');",
              "err": {},
              "uuid": "b4995579-eb38-46cc-89ff-6c1b1cce6ce0",
              "parentUUID": "0f437d17-d18e-4fcc-91f2-78c28a088a5d",
              "isHook": false,
              "skipped": false
            },
            {
              "title": "As a Admin the user can switch ON/OFF the Email Notifications using the toggle button against it.",
              "fullTitle": "Patient Notifications module testcases As a Admin the user can switch ON/OFF the Email Notifications using the toggle button against it.",
              "timedOut": null,
              "duration": 675,
              "state": "passed",
              "speed": "fast",
              "pass": true,
              "fail": false,
              "pending": false,
              "context": null,
              "code": "//Validating toggle button against email notifications\ncy.xpath('//div[4]/div/div[1]/button').should('be.visible').should('be.enabled').click();\ncy.contains('Notifications Setting Changed');\ncy.xpath('//div[4]/div/div[1]/button').should('be.visible').click();\ncy.contains('Notifications Setting Changed');\ncy.xpath('//div[4]/div/div[1]/button').should('be.visible').should('be.enabled');",
              "err": {},
              "uuid": "a5a22565-3b3a-48e5-8aae-d5ae1954d3a5",
              "parentUUID": "0f437d17-d18e-4fcc-91f2-78c28a088a5d",
              "isHook": false,
              "skipped": false
            },
            {
              "title": "As a Admin the user can switch ON/OFF the Text Notifications using the toggle button against it.",
              "fullTitle": "Patient Notifications module testcases As a Admin the user can switch ON/OFF the Text Notifications using the toggle button against it.",
              "timedOut": null,
              "duration": 467,
              "state": "passed",
              "speed": "fast",
              "pass": true,
              "fail": false,
              "pending": false,
              "context": null,
              "code": "//Validating toggle button against Text notifications\ncy.xpath('//div[4]/div/div[2]/button').should('be.visible').should('be.enabled').click();\ncy.contains('Notifications Setting Changed');\ncy.xpath('//div[4]/div/div[2]/button').should('be.visible').click();\ncy.contains('Notifications Setting Changed');\ncy.xpath('//div[4]/div/div[2]/button').should('be.visible').should('be.enabled');",
              "err": {},
              "uuid": "646a8693-b76d-4092-b8bd-95e97891f6db",
              "parentUUID": "0f437d17-d18e-4fcc-91f2-78c28a088a5d",
              "isHook": false,
              "skipped": false
            }
          ],
          "suites": [],
          "passes": [
            "a1e675d2-0b9d-460e-8b7a-33dcc1707541",
            "b4995579-eb38-46cc-89ff-6c1b1cce6ce0",
            "a5a22565-3b3a-48e5-8aae-d5ae1954d3a5",
            "646a8693-b76d-4092-b8bd-95e97891f6db"
          ],
          "failures": [],
          "pending": [],
          "skipped": [],
          "duration": 47523,
          "root": false,
          "rootEmpty": false,
          "_timeout": 2000
        }
      ],
      "passes": [],
      "failures": [],
      "pending": [],
      "skipped": [],
      "duration": 0,
      "root": true,
      "rootEmpty": true,
      "_timeout": 2000
    }
  ],
  "meta": {
    "mocha": {
      "version": "7.0.1"
    },
    "mochawesome": {
      "options": {
        "quiet": false,
        "reportFilename": "report",
        "saveHtml": true,
        "saveJson": true,
        "consoleReporter": "spec",
        "useInlineDiffs": false,
        "code": true
      },
      "version": "7.0.1"
    },
    "marge": {
      "options": {
        "reportDir": "cypress/reports",
        "reportFilename": "report",
        "overwrite": false,
        "html": true,
        "json": true,
        "charts": true
      },
      "version": "6.0.1"
    }
  }
}