{
  "stats": {
    "suites": 1,
    "tests": 8,
    "passes": 8,
    "pending": 0,
    "failures": 0,
    "start": "2022-08-03T12:23:04.335Z",
    "end": "2022-08-03T12:23:54.260Z",
    "duration": 49925,
    "testsRegistered": 8,
    "passPercent": 100,
    "pendingPercent": 0,
    "other": 0,
    "hasOther": false,
    "skipped": 0,
    "hasSkipped": false
  },
  "results": [
    {
      "uuid": "ce8156e1-d202-4c19-adce-a8d577ed60dc",
      "title": "",
      "fullFile": "cypress\\e2e\\Admin_Testcases\\04_forgotPassword.spec.js",
      "file": "cypress\\e2e\\Admin_Testcases\\04_forgotPassword.spec.js",
      "beforeHooks": [],
      "afterHooks": [],
      "tests": [],
      "suites": [
        {
          "uuid": "23e51059-9842-4d43-84d2-d3a22bbfe5b5",
          "title": "Forgot password module testcases",
          "fullFile": "",
          "file": "",
          "beforeHooks": [],
          "afterHooks": [],
          "tests": [
            {
              "title": "As a Admin I should be able to navigate on Forgot password page",
              "fullTitle": "Forgot password module testcases As a Admin I should be able to navigate on Forgot password page",
              "timedOut": null,
              "duration": 15557,
              "state": "passed",
              "speed": "slow",
              "pass": true,
              "fail": false,
              "pending": false,
              "context": null,
              "code": "cy.visit(cred.qaUrl);\ncy.xpath('//div[contains(text(),\"F\")]').should('be.visible').should('have.text', 'Forgot Password?').click();\ncy.url().should('include', 'forgot-password');",
              "err": {},
              "uuid": "8f5cbd41-00ca-4b92-942d-29d4ad30cd23",
              "parentUUID": "23e51059-9842-4d43-84d2-d3a22bbfe5b5",
              "isHook": false,
              "skipped": false
            },
            {
              "title": "At Forgot password page each field should have proper lable and validation",
              "fullTitle": "Forgot password module testcases At Forgot password page each field should have proper lable and validation",
              "timedOut": null,
              "duration": 3514,
              "state": "passed",
              "speed": "fast",
              "pass": true,
              "fail": false,
              "pending": false,
              "context": null,
              "code": "cy.xpath('//div[contains(text(),\"F\")]').should('be.visible').should('have.text', 'Forgot Password? ');\ncy.xpath('//div[contains(text(),\"A\")]').should('be.visible').and('contain', 'A 6 digit verification code will be sent to your registered Email Address.');\ncy.xpath('//label/div').should('be.visible').and('have.text', 'Email');\ncy.xpath('//input[@name=\"email\"]').should('be.visible');\ncy.xpath('//button[@type=\"submit\"]').should('be.visible').should('have.text', 'Continue').click();\ncy.wait(2000);\ncy.xpath('//div[contains(text(),\"R\")]').should('be.visible').and('contain.text', 'Required'); //invalid email case\ncy.xpath('//input[@name=\"email\"]').should('be.visible').type('ASd@ads@sd.com');\ncy.xpath('//div[contains(text(),\"Pl\")]').should('be.visible').and('have.text', 'Please enter valid email');",
              "err": {},
              "uuid": "5edc4b11-95a0-415c-816e-774f4386b6e7",
              "parentUUID": "23e51059-9842-4d43-84d2-d3a22bbfe5b5",
              "isHook": false,
              "skipped": false
            },
            {
              "title": "OTP shouldn't send on invalid email",
              "fullTitle": "Forgot password module testcases OTP shouldn't send on invalid email",
              "timedOut": null,
              "duration": 1830,
              "state": "passed",
              "speed": "fast",
              "pass": true,
              "fail": false,
              "pending": false,
              "context": null,
              "code": "cy.xpath('//input[@name=\"email\"]').should('be.visible').clear().type('abc@gmail.com');\ncy.xpath('//button[@type=\"submit\"]').should('be.visible').should('have.text', 'Continue').click();\ncy.contains('User not found with this email');",
              "err": {},
              "uuid": "6d0b3c43-7997-4af8-ae25-57f8a1372f72",
              "parentUUID": "23e51059-9842-4d43-84d2-d3a22bbfe5b5",
              "isHook": false,
              "skipped": false
            },
            {
              "title": "OTP should sent on Valid registerd email",
              "fullTitle": "Forgot password module testcases OTP should sent on Valid registerd email",
              "timedOut": null,
              "duration": 3085,
              "state": "passed",
              "speed": "fast",
              "pass": true,
              "fail": false,
              "pending": false,
              "context": null,
              "code": "const emailId = cred.email;\ncy.xpath('//input[@name=\"email\"]').should('be.visible').clear().type(emailId);\ncy.xpath('//button[@type=\"submit\"]').should('be.visible').should('have.text', 'Continue').click();\ncy.contains('OTP send to ' + emailId);",
              "err": {},
              "uuid": "e3228ed5-0a5e-4d2a-b2bd-7ca08cbe1a23",
              "parentUUID": "23e51059-9842-4d43-84d2-d3a22bbfe5b5",
              "isHook": false,
              "skipped": false
            },
            {
              "title": "Verify each and evey label and title on varification screen",
              "fullTitle": "Forgot password module testcases Verify each and evey label and title on varification screen",
              "timedOut": null,
              "duration": 13903,
              "state": "passed",
              "speed": "slow",
              "pass": true,
              "fail": false,
              "pending": false,
              "context": null,
              "code": "cy.xpath('//div[contains(text(),\"E\")]').should('be.visible').and('have.text', 'Enter Verification Code');\ncy.xpath('//div[contains(text(),\"A\")]').should('be.visible').and('have.text', 'A 6 digit verification code has been sent to your email address and phone number.');\ncy.xpath('//div[contains(text(),\"H\")]').should('be.visible').and('have.text', \"Haven't received the code?\");\ncy.xpath('//div[contains(text(),\"R\")]').should('be.visible').and('have.text', \"Resend Code\");",
              "err": {},
              "uuid": "dd17e9a0-b74b-4528-a38b-d75655769fd2",
              "parentUUID": "23e51059-9842-4d43-84d2-d3a22bbfe5b5",
              "isHook": false,
              "skipped": false
            },
            {
              "title": "valdation should appear when user does not enter otp into the field",
              "fullTitle": "Forgot password module testcases valdation should appear when user does not enter otp into the field",
              "timedOut": null,
              "duration": 206,
              "state": "passed",
              "speed": "fast",
              "pass": true,
              "fail": false,
              "pending": false,
              "context": null,
              "code": "cy.xpath('//button[@type=\"submit\"]').should('be.visible').should('have.text', 'Submit').click();\ncy.xpath('//div[contains(text(),\"Verfication Code is\")]').should('be.visible').and('have.text', \"Verfication Code is not valid, please re-enter or resend Verfication code\");",
              "err": {},
              "uuid": "23de5424-efae-4869-9acd-f0355761d9cb",
              "parentUUID": "23e51059-9842-4d43-84d2-d3a22bbfe5b5",
              "isHook": false,
              "skipped": false
            },
            {
              "title": "validation should appear when user enter invalid OTP",
              "fullTitle": "Forgot password module testcases validation should appear when user enter invalid OTP",
              "timedOut": null,
              "duration": 755,
              "state": "passed",
              "speed": "fast",
              "pass": true,
              "fail": false,
              "pending": false,
              "context": null,
              "code": "cy.xpath('//div[@class=\"hidden md:block\"]').type('336699');\ncy.xpath('//button[@type=\"submit\"]').should('be.visible').should('have.text', 'Submit').click();\ncy.xpath('//div[contains(text(),\"Verfication Code is\")]').should('be.visible').and('have.text', \"Verfication Code is not valid, please re-enter or resend Verfication code\");",
              "err": {},
              "uuid": "ad239f55-9bda-42b1-9529-f0c11516ee30",
              "parentUUID": "23e51059-9842-4d43-84d2-d3a22bbfe5b5",
              "isHook": false,
              "skipped": false
            },
            {
              "title": "verify resend button functionality ",
              "fullTitle": "Forgot password module testcases verify resend button functionality ",
              "timedOut": null,
              "duration": 470,
              "state": "passed",
              "speed": "fast",
              "pass": true,
              "fail": false,
              "pending": false,
              "context": null,
              "code": "cy.xpath('//div[contains(text(),\"R\")]').should('be.visible').and('have.text', \"Resend Code\").click();\nconst emailId = cred.email;\ncy.contains('OTP send to ' + emailId);",
              "err": {},
              "uuid": "43a320e2-3991-4463-9901-d653854a8573",
              "parentUUID": "23e51059-9842-4d43-84d2-d3a22bbfe5b5",
              "isHook": false,
              "skipped": false
            }
          ],
          "suites": [],
          "passes": [
            "8f5cbd41-00ca-4b92-942d-29d4ad30cd23",
            "5edc4b11-95a0-415c-816e-774f4386b6e7",
            "6d0b3c43-7997-4af8-ae25-57f8a1372f72",
            "e3228ed5-0a5e-4d2a-b2bd-7ca08cbe1a23",
            "dd17e9a0-b74b-4528-a38b-d75655769fd2",
            "23de5424-efae-4869-9acd-f0355761d9cb",
            "ad239f55-9bda-42b1-9529-f0c11516ee30",
            "43a320e2-3991-4463-9901-d653854a8573"
          ],
          "failures": [],
          "pending": [],
          "skipped": [],
          "duration": 39320,
          "root": false,
          "rootEmpty": false,
          "_timeout": 2000
        }
      ],
      "passes": [],
      "failures": [],
      "pending": [],
      "skipped": [],
      "duration": 0,
      "root": true,
      "rootEmpty": true,
      "_timeout": 2000
    }
  ],
  "meta": {
    "mocha": {
      "version": "7.0.1"
    },
    "mochawesome": {
      "options": {
        "quiet": false,
        "reportFilename": "report",
        "saveHtml": true,
        "saveJson": true,
        "consoleReporter": "spec",
        "useInlineDiffs": false,
        "code": true
      },
      "version": "7.0.1"
    },
    "marge": {
      "options": {
        "reportDir": "cypress/reports",
        "reportFilename": "report",
        "overwrite": false,
        "html": true,
        "json": true,
        "charts": true
      },
      "version": "6.0.1"
    }
  }
}