{
  "stats": {
    "suites": 1,
    "tests": 10,
    "passes": 10,
    "pending": 0,
    "failures": 0,
    "start": "2022-06-22T14:59:52.190Z",
    "end": "2022-06-22T15:01:03.646Z",
    "duration": 71456,
    "testsRegistered": 10,
    "passPercent": 100,
    "pendingPercent": 0,
    "other": 0,
    "hasOther": false,
    "skipped": 0,
    "hasSkipped": false
  },
  "results": [
    {
      "uuid": "2e8114a7-30e9-40ab-8fa9-f2db17a45c80",
      "title": "",
      "fullFile": "cypress\\e2e\\Admin_Testcases\\20_AwaitingPayment.spec.js",
      "file": "cypress\\e2e\\Admin_Testcases\\20_AwaitingPayment.spec.js",
      "beforeHooks": [],
      "afterHooks": [],
      "tests": [],
      "suites": [
        {
          "uuid": "94a4df38-7406-44c1-8c5d-482cdb9b9e03",
          "title": "Awaiting Payment Appointment Details Test cases",
          "fullFile": "",
          "file": "",
          "beforeHooks": [],
          "afterHooks": [],
          "tests": [
            {
              "title": "As a Admin the user should be navigated to the Appointment Details page of Awaiting Payment appointment by clicking on the eye icon against that particular appointment",
              "fullTitle": "Awaiting Payment Appointment Details Test cases As a Admin the user should be navigated to the Appointment Details page of Awaiting Payment appointment by clicking on the eye icon against that particular appointment",
              "timedOut": null,
              "duration": 23026,
              "state": "passed",
              "speed": "slow",
              "pass": true,
              "fail": false,
              "pending": false,
              "context": null,
              "code": "cy.login();\ncy.url().should('contain', '/dashboard');\ncy.get('.space-y-4 > :nth-child(4)').should('be.visible').should('have.text', 'Appointments').click();\ncy.url().should('contain', '/appointments');\ncy.get('.-mx-4>div:nth-child(2)>div:nth-child(2)>div:nth-child(3)').should('be.visible').should('have.text', 'Add Filter').click();\ncy.get('.py-1:nth-child(2)>div:nth-child(6)').should('be.visible').should('have.text', 'awaiting payment').click();\ncy.wait(3000);\ncy.get('tbody>tr:nth-child(1)>td:nth-child(8)>div>svg').scrollIntoView().should('be.visible').click();\ncy.get(':nth-child(3) > .font-semibold > .text-sm').should('be.visible').should('contain', 'awaiting payment');",
              "err": {},
              "uuid": "08e548fb-cb0b-4f46-9988-85d5b0b14dd8",
              "parentUUID": "94a4df38-7406-44c1-8c5d-482cdb9b9e03",
              "isHook": false,
              "skipped": false
            },
            {
              "title": "At \"Appointment details\" page each label and field should have proper label and validations",
              "fullTitle": "Awaiting Payment Appointment Details Test cases At \"Appointment details\" page each label and field should have proper label and validations",
              "timedOut": null,
              "duration": 666,
              "state": "passed",
              "speed": "fast",
              "pass": true,
              "fail": false,
              "pending": false,
              "context": null,
              "code": "cy.get('.space-x-4 > .font-semibold').should('be.visible').should('have.text', 'Appointment Details');\ncy.get('.w-7').should('be.visible');\ncy.get('.min-h-screen.pb-2>div:nth-child(2)>div:nth-child(1)>div:nth-child(1)').should('be.visible');\ncy.get('.mx-4 > :nth-child(2)>div:nth-child(1)>div').should('be.visible').should('have.text', 'Appointment ID');\ncy.get('.mx-4 > :nth-child(2)>div:nth-child(2)>div').should('be.visible').should('have.text', 'Requested For');\ncy.get('.mx-4 > :nth-child(2)>div:nth-child(3)>div:nth-child(1)').should('be.visible').should('have.text', 'Status');\ncy.get('.mx-4 > :nth-child(3)>div:nth-child(2)>div').should('be.visible').should('have.text', 'Service Address');\ncy.get('.mx-4 > :nth-child(3)>div:nth-child(1)>div').should('be.visible').should('have.text', 'Scheduled On');\ncy.get('.mx-4 > :nth-child(4)>div:nth-child(1)').should('be.visible').should('have.text', 'Patients');\ncy.get('.mx-4 > :nth-child(5)>div:nth-child(1)').should('be.visible').should('have.text', 'Services Requested');\ncy.get('.mx-4 > :nth-child(6)>div:nth-child(1)').should('be.visible').should('have.text', 'Provider Details');\ncy.get('.py-4:nth-child(6)>div:nth-child(2)>div:nth-child(1)').should('be.visible');\ncy.get('.mx-4 > :nth-child(7)>div:nth-child(1)').should('be.visible').should('have.text', 'Payment Details');",
              "err": {},
              "uuid": "d58f6266-fa30-4e5a-90c1-debaca75db3c",
              "parentUUID": "94a4df38-7406-44c1-8c5d-482cdb9b9e03",
              "isHook": false,
              "skipped": false
            },
            {
              "title": "The unique appointment id should be displayed",
              "fullTitle": "Awaiting Payment Appointment Details Test cases The unique appointment id should be displayed",
              "timedOut": null,
              "duration": 114,
              "state": "passed",
              "speed": "fast",
              "pass": true,
              "fail": false,
              "pending": false,
              "context": null,
              "code": "cy.get('.mx-4 > :nth-child(2)>div:nth-child(1)>div').should('be.visible').should('have.text', 'Appointment ID');",
              "err": {},
              "uuid": "44709f9c-81b5-40d9-94ed-0b50338c6257",
              "parentUUID": "94a4df38-7406-44c1-8c5d-482cdb9b9e03",
              "isHook": false,
              "skipped": false
            },
            {
              "title": "The date requested by the patient should be displayed",
              "fullTitle": "Awaiting Payment Appointment Details Test cases The date requested by the patient should be displayed",
              "timedOut": null,
              "duration": 103,
              "state": "passed",
              "speed": "fast",
              "pass": true,
              "fail": false,
              "pending": false,
              "context": null,
              "code": "cy.get('.mx-4 > :nth-child(2)>div:nth-child(2)>div').should('be.visible').should('have.text', 'Requested For');",
              "err": {},
              "uuid": "f7cb37ed-dc1b-45b8-bfa9-3862a1cbcb36",
              "parentUUID": "94a4df38-7406-44c1-8c5d-482cdb9b9e03",
              "isHook": false,
              "skipped": false
            },
            {
              "title": "The Service Address where the patient requested the service should be displayed",
              "fullTitle": "Awaiting Payment Appointment Details Test cases The Service Address where the patient requested the service should be displayed",
              "timedOut": null,
              "duration": 144,
              "state": "passed",
              "speed": "fast",
              "pass": true,
              "fail": false,
              "pending": false,
              "context": null,
              "code": "cy.get('.mx-4 > :nth-child(3)>div:nth-child(2)>div').should('be.visible').should('have.text', 'Service Address');",
              "err": {},
              "uuid": "e3333c34-b691-4b6d-81a5-6c79c1af9d27",
              "parentUUID": "94a4df38-7406-44c1-8c5d-482cdb9b9e03",
              "isHook": false,
              "skipped": false
            },
            {
              "title": "As a Admin the user should be navigated to the medical history page of particular patient by clicking on the name card of that particular patient",
              "fullTitle": "Awaiting Payment Appointment Details Test cases As a Admin the user should be navigated to the medical history page of particular patient by clicking on the name card of that particular patient",
              "timedOut": null,
              "duration": 5042,
              "state": "passed",
              "speed": "medium",
              "pass": true,
              "fail": false,
              "pending": false,
              "context": null,
              "code": "cy.get('.justify-between > .flex > .w-6').should('be.visible').click();\ncy.wait(4000);\ncy.get('svg.h-6').should('be.visible').click();",
              "err": {},
              "uuid": "baa1665d-5bc8-446f-b35f-8bdfc3a025e8",
              "parentUUID": "94a4df38-7406-44c1-8c5d-482cdb9b9e03",
              "isHook": false,
              "skipped": false
            },
            {
              "title": "The list of services requested by the patient should be displayed",
              "fullTitle": "Awaiting Payment Appointment Details Test cases The list of services requested by the patient should be displayed",
              "timedOut": null,
              "duration": 454,
              "state": "passed",
              "speed": "fast",
              "pass": true,
              "fail": false,
              "pending": false,
              "context": null,
              "code": "cy.get('.mx-4 > :nth-child(5)>div:nth-child(1)').should('have.text', 'Services Requested');",
              "err": {},
              "uuid": "22d7be36-9bae-4efb-bebc-30974dc0a189",
              "parentUUID": "94a4df38-7406-44c1-8c5d-482cdb9b9e03",
              "isHook": false,
              "skipped": false
            },
            {
              "title": "The Appointment scheduled date and time should be displayed",
              "fullTitle": "Awaiting Payment Appointment Details Test cases The Appointment scheduled date and time should be displayed",
              "timedOut": null,
              "duration": 5122,
              "state": "passed",
              "speed": "medium",
              "pass": true,
              "fail": false,
              "pending": false,
              "context": null,
              "code": "cy.get('.py-6:nth-child(3)>div:nth-child(1)>span').should('be.visible');\ncy.wait(5000);",
              "err": {},
              "uuid": "f797904c-3fd4-484b-92ba-67fae9a4c091",
              "parentUUID": "94a4df38-7406-44c1-8c5d-482cdb9b9e03",
              "isHook": false,
              "skipped": false
            },
            {
              "title": "As a Admin the user should be navigated to the Profile details page of provider by clicking on name card of the provider",
              "fullTitle": "Awaiting Payment Appointment Details Test cases As a Admin the user should be navigated to the Profile details page of provider by clicking on name card of the provider",
              "timedOut": null,
              "duration": 11176,
              "state": "passed",
              "speed": "slow",
              "pass": true,
              "fail": false,
              "pending": false,
              "context": null,
              "code": "cy.get('.py-4:nth-child(6)>div:nth-child(2)>div:nth-child(1)').should('be.visible').click();\ncy.wait(5000);\ncy.url().should('contain', '/providers');\ncy.get('.col-span-12 > div:nth-child(1) > div').should('be.visible');\ncy.get('.space-x-4.text-primary > svg').should('be.visible').click();\ncy.wait(5000);",
              "err": {},
              "uuid": "b9c740a9-5998-4275-a7cc-4518305ff019",
              "parentUUID": "94a4df38-7406-44c1-8c5d-482cdb9b9e03",
              "isHook": false,
              "skipped": false
            },
            {
              "title": "As a Admin the user can chat with provider by clicking on chat icon against the provider",
              "fullTitle": "Awaiting Payment Appointment Details Test cases As a Admin the user can chat with provider by clicking on chat icon against the provider",
              "timedOut": null,
              "duration": 17553,
              "state": "passed",
              "speed": "slow",
              "pass": true,
              "fail": false,
              "pending": false,
              "context": null,
              "code": "cy.get('.py-4:nth-child(6)>div:nth-child(2)>div:nth-child(1)>div>div:nth-child(2)').should('be.visible').click();\ncy.wait(5000);\ncy.url().should('contain', '/chat');\ncy.get('.space-x-4.text-primary > svg').should('be.visible').click();\ncy.wait(5000);\ncy.logout();",
              "err": {},
              "uuid": "243ea8ca-6735-4cbc-bb86-e752224047ad",
              "parentUUID": "94a4df38-7406-44c1-8c5d-482cdb9b9e03",
              "isHook": false,
              "skipped": false
            }
          ],
          "suites": [],
          "passes": [
            "08e548fb-cb0b-4f46-9988-85d5b0b14dd8",
            "d58f6266-fa30-4e5a-90c1-debaca75db3c",
            "44709f9c-81b5-40d9-94ed-0b50338c6257",
            "f7cb37ed-dc1b-45b8-bfa9-3862a1cbcb36",
            "e3333c34-b691-4b6d-81a5-6c79c1af9d27",
            "baa1665d-5bc8-446f-b35f-8bdfc3a025e8",
            "22d7be36-9bae-4efb-bebc-30974dc0a189",
            "f797904c-3fd4-484b-92ba-67fae9a4c091",
            "b9c740a9-5998-4275-a7cc-4518305ff019",
            "243ea8ca-6735-4cbc-bb86-e752224047ad"
          ],
          "failures": [],
          "pending": [],
          "skipped": [],
          "duration": 63400,
          "root": false,
          "rootEmpty": false,
          "_timeout": 2000
        }
      ],
      "passes": [],
      "failures": [],
      "pending": [],
      "skipped": [],
      "duration": 0,
      "root": true,
      "rootEmpty": true,
      "_timeout": 2000
    }
  ],
  "meta": {
    "mocha": {
      "version": "7.0.1"
    },
    "mochawesome": {
      "options": {
        "quiet": false,
        "reportFilename": "report",
        "saveHtml": true,
        "saveJson": true,
        "consoleReporter": "spec",
        "useInlineDiffs": false,
        "code": true
      },
      "version": "7.0.1"
    },
    "marge": {
      "options": {
        "reportDir": "cypress/reports",
        "reportFilename": "report",
        "overwrite": false,
        "html": true,
        "json": true,
        "charts": true
      },
      "version": "6.0.1"
    }
  }
}