{
  "stats": {
    "suites": 1,
    "tests": 4,
    "passes": 0,
    "pending": 0,
    "failures": 4,
    "start": "2021-12-29T06:00:36.986Z",
    "end": "2021-12-29T06:04:04.838Z",
    "duration": 207852,
    "testsRegistered": 4,
    "passPercent": 0,
    "pendingPercent": 0,
    "other": 0,
    "hasOther": false,
    "skipped": 0,
    "hasSkipped": false
  },
  "results": [
    {
      "uuid": "9a260420-e3ea-4db4-890d-9ceb73d15b3e",
      "title": "",
      "fullFile": "cypress/integration/Admin_Testcases/03_profile.spec.js",
      "file": "cypress/integration/Admin_Testcases/03_profile.spec.js",
      "beforeHooks": [],
      "afterHooks": [],
      "tests": [],
      "suites": [
        {
          "uuid": "6014d4b2-2eeb-4ba3-8211-4b9552da7925",
          "title": "Profile module testcases",
          "fullFile": "",
          "file": "",
          "beforeHooks": [],
          "afterHooks": [],
          "tests": [
            {
              "title": "As a Admin I should be able to navigate on Admin Profile",
              "fullTitle": "Profile module testcases As a Admin I should be able to navigate on Admin Profile",
              "timedOut": null,
              "duration": 150883,
              "state": "failed",
              "speed": null,
              "pass": false,
              "fail": true,
              "pending": false,
              "context": null,
              "code": "cy.login();\ncy.get('#headlessui-menu-button-1').click();\ncy.xpath(\"//div[@role='menuitem']//div[text()='Profile']\").should('be.visible').click();\ncy.url().should('include', '/admin/profile');",
              "err": {
                "message": "CypressError: Timed out after waiting `150000ms` for your remote page to load.\n\nYour page did not fire its `load` event within `150000ms`.\n\nYou can try increasing the `pageLoadTimeout` value in `cypress.json` to wait longer.\n\nBrowsers will not fire the `load` event until all stylesheets and scripts are done downloading.\n\nWhen this `load` event occurs, Cypress will continue running commands.",
                "estack": "CypressError: Timed out after waiting `150000ms` for your remote page to load.\n\nYour page did not fire its `load` event within `150000ms`.\n\nYou can try increasing the `pageLoadTimeout` value in `cypress.json` to wait longer.\n\nBrowsers will not fire the `load` event until all stylesheets and scripts are done downloading.\n\nWhen this `load` event occurs, Cypress will continue running commands.\n    at timedOutWaitingForPageLoad (https://staging.rch.build-release.com/__cypress/runner/cypress_runner.js:155030:72)\n    at https://staging.rch.build-release.com/__cypress/runner/cypress_runner.js:156067:16\n    at tryCatcher (https://staging.rch.build-release.com/__cypress/runner/cypress_runner.js:13212:23)\n    at https://staging.rch.build-release.com/__cypress/runner/cypress_runner.js:8334:41\n    at tryCatcher (https://staging.rch.build-release.com/__cypress/runner/cypress_runner.js:13212:23)\n    at Promise._settlePromiseFromHandler (https://staging.rch.build-release.com/__cypress/runner/cypress_runner.js:11147:31)\n    at Promise._settlePromise (https://staging.rch.build-release.com/__cypress/runner/cypress_runner.js:11204:18)\n    at Promise._settlePromise0 (https://staging.rch.build-release.com/__cypress/runner/cypress_runner.js:11249:10)\n    at Promise._settlePromises (https://staging.rch.build-release.com/__cypress/runner/cypress_runner.js:11325:18)\n    at _drainQueueStep (https://staging.rch.build-release.com/__cypress/runner/cypress_runner.js:7919:12)\n    at _drainQueue (https://staging.rch.build-release.com/__cypress/runner/cypress_runner.js:7912:9)\n    at Async.../../node_modules/bluebird/js/release/async.js.Async._drainQueues (https://staging.rch.build-release.com/__cypress/runner/cypress_runner.js:7928:5)\n    at Async.drainQueues (https://staging.rch.build-release.com/__cypress/runner/cypress_runner.js:7798:14)\nFrom Your Spec Code:\n    at Context.eval (https://staging.rch.build-release.com/__cypress/tests?p=cypress\\support\\index.js:250:6)",
                "diff": null
              },
              "uuid": "4f65e970-65d5-4cf5-8f8e-2802e3cae136",
              "parentUUID": "6014d4b2-2eeb-4ba3-8211-4b9552da7925",
              "isHook": false,
              "skipped": false
            },
            {
              "title": "At Profile page each label should be proper",
              "fullTitle": "Profile module testcases At Profile page each label should be proper",
              "timedOut": null,
              "duration": 15720,
              "state": "failed",
              "speed": null,
              "pass": false,
              "fail": true,
              "pending": false,
              "context": null,
              "code": "cy.get('.text-xl').should('be.visible').and('have.text', 'Profile Details');\ncy.xpath(\"//label//div\").eq(0).should('have.text', 'First Name').and('be.visible');\ncy.xpath(\"//label//div\").eq(1).should('have.text', 'Last Name').and('be.visible');\ncy.xpath(\"//label//div\").eq(2).should('have.text', 'Email').and('be.visible');\ncy.xpath(\"//label//div\").eq(3).should('have.text', 'Phone Number').and('be.visible');",
              "err": {
                "message": "AssertionError: Timed out retrying after 15000ms: Expected to find element: `.text-xl`, but never found it.",
                "estack": "AssertionError: Timed out retrying after 15000ms: Expected to find element: `.text-xl`, but never found it.\n    at Context.eval (https://staging.rch.build-release.com/__cypress/tests?p=cypress\\integration\\Admin_Testcases\\03_profile.spec.js:133:24)",
                "diff": null
              },
              "uuid": "aa141516-1c29-4c46-8996-11c9650b8ad7",
              "parentUUID": "6014d4b2-2eeb-4ba3-8211-4b9552da7925",
              "isHook": false,
              "skipped": false
            },
            {
              "title": "At Profile page each field should have proper validations",
              "fullTitle": "Profile module testcases At Profile page each field should have proper validations",
              "timedOut": null,
              "duration": 15743,
              "state": "failed",
              "speed": null,
              "pass": false,
              "fail": true,
              "pending": false,
              "context": null,
              "code": "cy.get('.ml-2').click();\ncy.xpath(first_name).clear();\ncy.xpath(last_name).clear();\ncy.xpath(mobile_num).clear();\ncy.get('.flex-1').click();\ncy.get('.text-red-600 ').eq(0).contains('First Name is required');\ncy.get('.text-red-600 ').eq(1).contains('Last Name is required');\ncy.get('.text-red-600 ').eq(2).contains('Phone number required');",
              "err": {
                "message": "AssertionError: Timed out retrying after 15000ms: Expected to find element: `.ml-2`, but never found it.",
                "estack": "AssertionError: Timed out retrying after 15000ms: Expected to find element: `.ml-2`, but never found it.\n    at Context.eval (https://staging.rch.build-release.com/__cypress/tests?p=cypress\\integration\\Admin_Testcases\\03_profile.spec.js:140:8)",
                "diff": null
              },
              "uuid": "034d2516-8e81-42bd-bd1e-6659704ba324",
              "parentUUID": "6014d4b2-2eeb-4ba3-8211-4b9552da7925",
              "isHook": false,
              "skipped": false
            },
            {
              "title": "As a Admin I should be able to update my profile details except email",
              "fullTitle": "Profile module testcases As a Admin I should be able to update my profile details except email",
              "timedOut": null,
              "duration": 15547,
              "state": "failed",
              "speed": null,
              "pass": false,
              "fail": true,
              "pending": false,
              "context": null,
              "code": "const phone = _faker.default.phone.phoneNumber('##########');\ncy.xpath(first_name).clear().type('LXMedical');\ncy.xpath(last_name).clear().type('Admin');\ncy.xpath(mobile_num).clear().type(phone);\ncy.get('#update-profile').click();\ncy.contains(\"Profile updated sucessfully\");\ncy.logout();",
              "err": {
                "message": "AssertionError: Timed out retrying after 15000ms: Expected to find element: `//input[@name='firstName']`, but never found it.",
                "estack": "AssertionError: Timed out retrying after 15000ms: Expected to find element: `//input[@name='firstName']`, but never found it.\n    at Context.eval (https://staging.rch.build-release.com/__cypress/tests?p=cypress\\integration\\Admin_Testcases\\03_profile.spec.js:152:8)",
                "diff": null
              },
              "uuid": "d84eaa46-6f70-4623-b793-20a28acf5805",
              "parentUUID": "6014d4b2-2eeb-4ba3-8211-4b9552da7925",
              "isHook": false,
              "skipped": false
            }
          ],
          "suites": [],
          "passes": [],
          "failures": [
            "4f65e970-65d5-4cf5-8f8e-2802e3cae136",
            "aa141516-1c29-4c46-8996-11c9650b8ad7",
            "034d2516-8e81-42bd-bd1e-6659704ba324",
            "d84eaa46-6f70-4623-b793-20a28acf5805"
          ],
          "pending": [],
          "skipped": [],
          "duration": 197893,
          "root": false,
          "rootEmpty": false,
          "_timeout": 2000
        }
      ],
      "passes": [],
      "failures": [],
      "pending": [],
      "skipped": [],
      "duration": 0,
      "root": true,
      "rootEmpty": true,
      "_timeout": 2000
    }
  ],
  "meta": {
    "mocha": {
      "version": "7.0.1"
    },
    "mochawesome": {
      "options": {
        "quiet": false,
        "reportFilename": "report",
        "saveHtml": true,
        "saveJson": true,
        "consoleReporter": "spec",
        "useInlineDiffs": false,
        "code": true
      },
      "version": "6.2.2"
    },
    "marge": {
      "options": {
        "reportDir": "cypress/reports",
        "reportFilename": "report",
        "overwrite": false,
        "html": true,
        "json": true,
        "charts": true
      },
      "version": "5.2.0"
    }
  }
}