{
  "stats": {
    "suites": 1,
    "tests": 16,
    "passes": 16,
    "pending": 0,
    "failures": 0,
    "start": "2022-04-20T08:12:56.286Z",
    "end": "2022-04-20T08:15:23.327Z",
    "duration": 147041,
    "testsRegistered": 16,
    "passPercent": 100,
    "pendingPercent": 0,
    "other": 0,
    "hasOther": false,
    "skipped": 0,
    "hasSkipped": false
  },
  "results": [
    {
      "uuid": "adb768e7-25c5-41b8-9037-d7ab318d3636",
      "title": "",
      "fullFile": "cypress/integration/Admin_Testcases/18_ProviderAssigned.spec.js",
      "file": "cypress/integration/Admin_Testcases/18_ProviderAssigned.spec.js",
      "beforeHooks": [],
      "afterHooks": [],
      "tests": [],
      "suites": [
        {
          "uuid": "77851497-07ab-4bce-817d-3d06c51c1720",
          "title": "Provider Assigned Appointment Details Test cases",
          "fullFile": "",
          "file": "",
          "beforeHooks": [],
          "afterHooks": [],
          "tests": [
            {
              "title": "As a Admin the user should be navigated to the Appointment Details page of \"Provider Assigned\" appointment by clicking on the eye icon against that appointment",
              "fullTitle": "Provider Assigned Appointment Details Test cases As a Admin the user should be navigated to the Appointment Details page of \"Provider Assigned\" appointment by clicking on the eye icon against that appointment",
              "timedOut": null,
              "duration": 78310,
              "state": "passed",
              "speed": "slow",
              "pass": true,
              "fail": false,
              "pending": false,
              "context": null,
              "code": "cy.login();\ncy.url().should('contain', '/dashboard');\ncy.get('.space-y-4 > :nth-child(2)').should('be.visible').should('have.text', 'Patients').click();\ncy.url().should('contain', '/patients');\ncy.AddPatient();\ncy.readFile('cypress/fixtures/provider.json').then(provider => {\n  cy.get('[type=search]').should('be.visible').type(provider.email.toLowerCase());\n  cy.get('tr:nth-child(1)>td:nth-child(2)').should('be.visible').should('have.text', provider.email.toLowerCase());\n  cy.wait(4000);\n});\ncy.bookappointment();\ncy.get('[type=search]').should('be.visible').clear();\ncy.wait(4000);\ncy.get('.space-y-4 > :nth-child(4)').should('be.visible').should('have.text', 'Appointments').click();\ncy.get('table>tbody>tr:nth-child(1)>td:nth-child(4)').should('be.visible').should('have.text', 'requested');\ncy.get('table>tbody>tr:nth-child(1)>td:nth-child(8)>div>svg').scrollIntoView().should('be.visible').click();\ncy.wait(4000);\ncy.get(':nth-child(3) > .font-semibold > .text-sm').should('be.visible').should('have.text', 'requested');\ncy.get('[textid=\"admin.appointment.accept\"]').should('be.visible').should('have.text', 'Accept').click();\ncy.wait(5000);\ncy.get(':nth-child(3) > .font-semibold > .text-sm').should('be.visible').should('have.text', 'accepted');\ncy.get('[textid=\"admin.appointment.assign.provider\"]').should('be.visible').should('have.text', 'Assign Provider').click();\ncy.wait(5000);\ncy.get('.hidden>div>form>div:nth-child(4)>div').should('be.visible').type('Priority customer');\ncy.wait(5000);\ncy.get('.hidden>.mt-6>form>div:nth-child(1)>div:nth-child(2)').should('be.visible').click();\ncy.wait(3000);\ncy.get('.css-11unzgr>div:nth-child(2)').click();\ncy.get('.hidden>div>form>div:nth-child(2)>div:nth-child(1)>div').should('be.visible').click();\ncy.get('.react-datepicker__day--today').scrollIntoView().should('be.visible').click();\ncy.get('.hidden>div>form>div:nth-child(2)>div:nth-child(2)>div').should('be.visible').click();\ncy.get('.rc-time-picker-panel-select:nth-child(1)>ul>li:nth-child(2)').scrollIntoView().should('be.visible').click();\ncy.get('.rc-time-picker-panel-select:nth-child(3)>ul>li:nth-child(1)').should('be.visible').click();\ncy.get('.hidden>div>form>div:nth-child(5)>button').should('be.visible').should('have.text', 'Assign').click();\ncy.wait(5000);\ncy.get(':nth-child(3) > .font-semibold > .text-sm').should('be.visible').should('have.text', 'provider assigned');",
              "err": {},
              "uuid": "3487ca22-4de7-4ae0-a1ef-ae2bb05fee3a",
              "parentUUID": "77851497-07ab-4bce-817d-3d06c51c1720",
              "isHook": false,
              "skipped": false
            },
            {
              "title": "At \"Appointment details\" page each label and field should have proper label and validations",
              "fullTitle": "Provider Assigned Appointment Details Test cases At \"Appointment details\" page each label and field should have proper label and validations",
              "timedOut": null,
              "duration": 213,
              "state": "passed",
              "speed": "slow",
              "pass": true,
              "fail": false,
              "pending": false,
              "context": null,
              "code": "cy.get('.space-x-4 > .font-semibold').should('be.visible').should('have.text', 'Appointment Details');\ncy.get('.w-7').should('be.visible');\ncy.get('.min-h-screen.pb-2>div:nth-child(2)>div:nth-child(1)>div:nth-child(1)').should('be.visible');\ncy.get('.mx-4 > :nth-child(2)>div:nth-child(1)>div').should('be.visible').should('have.text', 'Appointment ID');\ncy.get('.mx-4 > :nth-child(2)>div:nth-child(2)>div').should('be.visible').should('have.text', 'Requested For');\ncy.get('.mx-4 > :nth-child(2)>div:nth-child(3)>div:nth-child(1)').should('be.visible').should('have.text', 'Status');\ncy.get('.mx-4 > :nth-child(3)>div:nth-child(2)>div').should('be.visible').should('have.text', 'Service Address');\ncy.get('.mx-4 > :nth-child(3)>div:nth-child(1)>div').should('be.visible').should('have.text', 'Scheduled On');\ncy.get('.mx-4 > :nth-child(4)>div:nth-child(1)').should('be.visible').should('have.text', 'Patients');\ncy.get('.mx-4 > :nth-child(5)>div:nth-child(1)').should('be.visible').should('have.text', 'Services Requested');\ncy.get('.mx-4 > :nth-child(6)>div:nth-child(1)').should('be.visible').should('have.text', 'Provider Details');\ncy.get('[textid=\"cancel.appointment\"]').should('be.visible').should('have.text', 'Cancel Appointment');\ncy.get('[textid=\"reschedule.appointment\"]').should('have.text', 'Reschedule Appointment');\ncy.get('[textid=\"change.provider\"]').should('have.text', 'Change Provider');",
              "err": {},
              "uuid": "83045a97-3342-4f0b-b5e1-2db105497629",
              "parentUUID": "77851497-07ab-4bce-817d-3d06c51c1720",
              "isHook": false,
              "skipped": false
            },
            {
              "title": "The unique appointment id should be displayed",
              "fullTitle": "Provider Assigned Appointment Details Test cases The unique appointment id should be displayed",
              "timedOut": null,
              "duration": 72,
              "state": "passed",
              "speed": "medium",
              "pass": true,
              "fail": false,
              "pending": false,
              "context": null,
              "code": "cy.get('.mx-4 > :nth-child(2)>div:nth-child(1)>div').should('be.visible').should('have.text', 'Appointment ID');",
              "err": {},
              "uuid": "d7a74ca0-99fd-4784-99e0-4d53accead05",
              "parentUUID": "77851497-07ab-4bce-817d-3d06c51c1720",
              "isHook": false,
              "skipped": false
            },
            {
              "title": "The date requested by the patient should be displayed",
              "fullTitle": "Provider Assigned Appointment Details Test cases The date requested by the patient should be displayed",
              "timedOut": null,
              "duration": 55,
              "state": "passed",
              "speed": "medium",
              "pass": true,
              "fail": false,
              "pending": false,
              "context": null,
              "code": "cy.get('.mx-4 > :nth-child(2)>div:nth-child(2)>div').should('be.visible').should('have.text', 'Requested For');",
              "err": {},
              "uuid": "e487ae71-faf8-4c04-8b95-3705138adeac",
              "parentUUID": "77851497-07ab-4bce-817d-3d06c51c1720",
              "isHook": false,
              "skipped": false
            },
            {
              "title": "The Service Address where the patient requested the service should be displayed",
              "fullTitle": "Provider Assigned Appointment Details Test cases The Service Address where the patient requested the service should be displayed",
              "timedOut": null,
              "duration": 51,
              "state": "passed",
              "speed": "medium",
              "pass": true,
              "fail": false,
              "pending": false,
              "context": null,
              "code": "cy.get('.mx-4 > :nth-child(3)>div:nth-child(2)>div').should('be.visible').should('have.text', 'Service Address');",
              "err": {},
              "uuid": "83a50b98-f52a-4120-b58c-657f9e1faa16",
              "parentUUID": "77851497-07ab-4bce-817d-3d06c51c1720",
              "isHook": false,
              "skipped": false
            },
            {
              "title": "As a Admin the user should be navigated to the medical history page of particular patient by clicking on the name card of that particular patient",
              "fullTitle": "Provider Assigned Appointment Details Test cases As a Admin the user should be navigated to the medical history page of particular patient by clicking on the name card of that particular patient",
              "timedOut": null,
              "duration": 4383,
              "state": "passed",
              "speed": "slow",
              "pass": true,
              "fail": false,
              "pending": false,
              "context": null,
              "code": "cy.get('.justify-between > .flex > .w-6').should('be.visible').click();\ncy.wait(4000);\ncy.get('svg.h-6').should('be.visible').click();",
              "err": {},
              "uuid": "6e08ad6a-d186-41b8-8ea3-c1cf6c4f95f8",
              "parentUUID": "77851497-07ab-4bce-817d-3d06c51c1720",
              "isHook": false,
              "skipped": false
            },
            {
              "title": "The list of services requested by the patient should be displayed",
              "fullTitle": "Provider Assigned Appointment Details Test cases The list of services requested by the patient should be displayed",
              "timedOut": null,
              "duration": 321,
              "state": "passed",
              "speed": "slow",
              "pass": true,
              "fail": false,
              "pending": false,
              "context": null,
              "code": "cy.get('.mx-4 > :nth-child(5)>div:nth-child(1)').should('have.text', 'Services Requested');",
              "err": {},
              "uuid": "4588a0ff-313b-47f0-9903-c81b7ed21422",
              "parentUUID": "77851497-07ab-4bce-817d-3d06c51c1720",
              "isHook": false,
              "skipped": false
            },
            {
              "title": "The Appointment scheduled date and time should be displayed",
              "fullTitle": "Provider Assigned Appointment Details Test cases The Appointment scheduled date and time should be displayed",
              "timedOut": null,
              "duration": 5036,
              "state": "passed",
              "speed": "slow",
              "pass": true,
              "fail": false,
              "pending": false,
              "context": null,
              "code": "cy.get('.py-6:nth-child(3)>div:nth-child(1)>span').should('be.visible');\ncy.wait(5000);",
              "err": {},
              "uuid": "08bac776-96cf-4a2c-95a2-8aaadc759e42",
              "parentUUID": "77851497-07ab-4bce-817d-3d06c51c1720",
              "isHook": false,
              "skipped": false
            },
            {
              "title": "As a Admin the user should be navigated to the Profile details page of provider by clicking on name card of the provider",
              "fullTitle": "Provider Assigned Appointment Details Test cases As a Admin the user should be navigated to the Profile details page of provider by clicking on name card of the provider",
              "timedOut": null,
              "duration": 10509,
              "state": "passed",
              "speed": "slow",
              "pass": true,
              "fail": false,
              "pending": false,
              "context": null,
              "code": "cy.get('.py-4:nth-child(6)>div:nth-child(2)>div:nth-child(1)').should('be.visible').click();\ncy.wait(5000);\ncy.url().should('contain', '/providers');\ncy.get('.col-span-12 > div:nth-child(1) > div').should('be.visible');\ncy.get('.space-x-4.text-primary > svg').should('be.visible').click();\ncy.wait(5000);",
              "err": {},
              "uuid": "3ff2f49c-ad46-4b74-abe9-fdad3ccca5d9",
              "parentUUID": "77851497-07ab-4bce-817d-3d06c51c1720",
              "isHook": false,
              "skipped": false
            },
            {
              "title": "As a Admin the user can chat with provider by clicking on chat icon against the provider",
              "fullTitle": "Provider Assigned Appointment Details Test cases As a Admin the user can chat with provider by clicking on chat icon against the provider",
              "timedOut": null,
              "duration": 10458,
              "state": "passed",
              "speed": "slow",
              "pass": true,
              "fail": false,
              "pending": false,
              "context": null,
              "code": "cy.get('.py-4:nth-child(6)>div:nth-child(2)>div:nth-child(1)>div>div:nth-child(2)').should('be.visible').click();\ncy.wait(5000);\ncy.url().should('contain', '/chat');\ncy.get('.space-x-4.text-primary > svg').should('be.visible').click();\ncy.wait(5000);",
              "err": {},
              "uuid": "df193ea8-9bec-4c77-80a3-a28c93bb4935",
              "parentUUID": "77851497-07ab-4bce-817d-3d06c51c1720",
              "isHook": false,
              "skipped": false
            },
            {
              "title": "As a Admin the user can should get appointment reschedule window by clicking on \"reschedule Appointment\" button",
              "fullTitle": "Provider Assigned Appointment Details Test cases As a Admin the user can should get appointment reschedule window by clicking on \"reschedule Appointment\" button",
              "timedOut": null,
              "duration": 5307,
              "state": "passed",
              "speed": "slow",
              "pass": true,
              "fail": false,
              "pending": false,
              "context": null,
              "code": "cy.get('[textid=\"reschedule.appointment\"]').should('have.text', 'Reschedule Appointment').click();\ncy.wait(5000);\ncy.get('.hidden>div:nth-child(1)>div').should('be.visible').should('have.text', 'Reschedule Appointment');",
              "err": {},
              "uuid": "cac9e565-2270-43ae-99d9-f99dc1958494",
              "parentUUID": "77851497-07ab-4bce-817d-3d06c51c1720",
              "isHook": false,
              "skipped": false
            },
            {
              "title": "At \"Appointment Reschedule\" page each label and field should have proper label and validations",
              "fullTitle": "Provider Assigned Appointment Details Test cases At \"Appointment Reschedule\" page each label and field should have proper label and validations",
              "timedOut": null,
              "duration": 84,
              "state": "passed",
              "speed": "slow",
              "pass": true,
              "fail": false,
              "pending": false,
              "context": null,
              "code": "cy.get('.hidden>div:nth-child(1)>div').should('be.visible').should('have.text', 'Reschedule Appointment');\ncy.get('.hidden>div:nth-child(2)>form>div:nth-child(1)>div:nth-child(1)>label').should('be.visible').should('have.text', 'Appointment Date');\ncy.get('.hidden>div:nth-child(2)>form>div:nth-child(1)>div:nth-child(2)>label').should('be.visible').should('have.text', 'Appointment Time');\ncy.get('.hidden>div:nth-child(2)>form>div:nth-child(2)>button').should('be.visible').should('have.text', 'Reschedule');",
              "err": {},
              "uuid": "653d9a83-c0e2-496a-9069-07c96904c1be",
              "parentUUID": "77851497-07ab-4bce-817d-3d06c51c1720",
              "isHook": false,
              "skipped": false
            },
            {
              "title": "After Selecting Appointment date, Appointment time and by clicking on Rescheduled button the Appointment should be rescheduled",
              "fullTitle": "Provider Assigned Appointment Details Test cases After Selecting Appointment date, Appointment time and by clicking on Rescheduled button the Appointment should be rescheduled",
              "timedOut": null,
              "duration": 1142,
              "state": "passed",
              "speed": "slow",
              "pass": true,
              "fail": false,
              "pending": false,
              "context": null,
              "code": "cy.get('.hidden>div:nth-child(2)>form>div:nth-child(1)>div:nth-child(1)>div').should('be.visible').click();\ncy.get('.react-datepicker__day--020').scrollIntoView().should('be.visible').click();\ncy.get('.hidden>div:nth-child(2)>form>div:nth-child(1)>div:nth-child(2)>div').should('be.visible').click();\ncy.get('.rc-time-picker-panel-select:nth-child(1)>ul>li:nth-child(2)').scrollIntoView().should('be.visible').click();\ncy.get('.rc-time-picker-panel-select:nth-child(3)>ul>li:nth-child(1)').should('be.visible').click();\ncy.get('.hidden>div:nth-child(2)>form>div:nth-child(2)>button').should('be.visible').should('have.text', 'Reschedule').click({\n  force: true\n});",
              "err": {},
              "uuid": "49225631-e5f7-4d74-bd14-5e020c7041b1",
              "parentUUID": "77851497-07ab-4bce-817d-3d06c51c1720",
              "isHook": false,
              "skipped": false
            },
            {
              "title": "The Rescheduled date and time should reflect instantly under appointment details",
              "fullTitle": "Provider Assigned Appointment Details Test cases The Rescheduled date and time should reflect instantly under appointment details",
              "timedOut": null,
              "duration": 42,
              "state": "passed",
              "speed": "medium",
              "pass": true,
              "fail": false,
              "pending": false,
              "context": null,
              "code": "cy.get('.py-6:nth-child(3)>div:nth-child(1)>span').should('be.visible').should('contain', '20 202');",
              "err": {},
              "uuid": "9f97d056-94b5-466e-a391-a3cbb6b19572",
              "parentUUID": "77851497-07ab-4bce-817d-3d06c51c1720",
              "isHook": false,
              "skipped": false
            },
            {
              "title": "As a Admin the user can change the provider assigned by clicking on the change provider button",
              "fullTitle": "Provider Assigned Appointment Details Test cases As a Admin the user can change the provider assigned by clicking on the change provider button",
              "timedOut": null,
              "duration": 10323,
              "state": "passed",
              "speed": "slow",
              "pass": true,
              "fail": false,
              "pending": false,
              "context": null,
              "code": "cy.get('[textid=\"change.provider\"]').should('have.text', 'Change Provider').click();\ncy.wait(3000);\ncy.get('.hidden>.mt-6>form>div:nth-child(1)>div:nth-child(2)').should('be.visible').click();\ncy.wait(3000);\ncy.get('.css-11unzgr>div:nth-child(4)').click();\ncy.get('.hidden > .mt-6 > .grid > .pt-4 > .flex').should('be.visible').should('have.text', 'Assign').click();\ncy.wait(3000);",
              "err": {},
              "uuid": "c1144429-33cb-43f9-8803-9dc3bb25aab7",
              "parentUUID": "77851497-07ab-4bce-817d-3d06c51c1720",
              "isHook": false,
              "skipped": false
            },
            {
              "title": "As a Admin the user can cancel the appointment after entering the cancellation reason by clicking on the cancel button",
              "fullTitle": "Provider Assigned Appointment Details Test cases As a Admin the user can cancel the appointment after entering the cancellation reason by clicking on the cancel button",
              "timedOut": null,
              "duration": 15335,
              "state": "passed",
              "speed": "slow",
              "pass": true,
              "fail": false,
              "pending": false,
              "context": null,
              "code": "cy.get('[textid=\"cancel.appointment\"]').should('be.visible').should('have.text', 'Cancel Appointment').click();\ncy.wait(3000);\ncy.get('.hidden>div:nth-child(1)>div').should('be.visible').should('have.text', 'Confirmation');\ncy.get('.hidden>div:nth-child(1)>svg').should('be.visible');\ncy.get('div.hidden>div:nth-child(2)>div').should('be.visible').should('have.text', 'Are you sure, want to cancel this appointment.');\ncy.get('div.hidden>div:nth-child(2)>form>div:nth-child(1)>div>label').should('be.visible').should('have.text', 'Reason For Cancellation');\ncy.get('div.hidden>div:nth-child(2)>form>div:nth-child(1)>div>div>textarea').should('be.visible');\ncy.get('div.hidden>div:nth-child(2)>form>div:nth-child(1)>div>div>textarea').should('be.visible').type('Provider not available');\ncy.get('div.hidden>div:nth-child(2)>form>div:nth-child(2)>button').should('be.visible').should('have.text', 'Cancel Appointment').click();\ncy.wait(5000);\ncy.get(':nth-child(3) > .font-semibold > .text-sm').should('be.visible').should('have.text', 'cancelled');\ncy.logout();",
              "err": {},
              "uuid": "ecbf996e-f5bf-464f-9adb-02991b70e3b4",
              "parentUUID": "77851497-07ab-4bce-817d-3d06c51c1720",
              "isHook": false,
              "skipped": false
            }
          ],
          "suites": [],
          "passes": [
            "3487ca22-4de7-4ae0-a1ef-ae2bb05fee3a",
            "83045a97-3342-4f0b-b5e1-2db105497629",
            "d7a74ca0-99fd-4784-99e0-4d53accead05",
            "e487ae71-faf8-4c04-8b95-3705138adeac",
            "83a50b98-f52a-4120-b58c-657f9e1faa16",
            "6e08ad6a-d186-41b8-8ea3-c1cf6c4f95f8",
            "4588a0ff-313b-47f0-9903-c81b7ed21422",
            "08bac776-96cf-4a2c-95a2-8aaadc759e42",
            "3ff2f49c-ad46-4b74-abe9-fdad3ccca5d9",
            "df193ea8-9bec-4c77-80a3-a28c93bb4935",
            "cac9e565-2270-43ae-99d9-f99dc1958494",
            "653d9a83-c0e2-496a-9069-07c96904c1be",
            "49225631-e5f7-4d74-bd14-5e020c7041b1",
            "9f97d056-94b5-466e-a391-a3cbb6b19572",
            "c1144429-33cb-43f9-8803-9dc3bb25aab7",
            "ecbf996e-f5bf-464f-9adb-02991b70e3b4"
          ],
          "failures": [],
          "pending": [],
          "skipped": [],
          "duration": 141641,
          "root": false,
          "rootEmpty": false,
          "_timeout": 2000
        }
      ],
      "passes": [],
      "failures": [],
      "pending": [],
      "skipped": [],
      "duration": 0,
      "root": true,
      "rootEmpty": true,
      "_timeout": 2000
    }
  ],
  "meta": {
    "mocha": {
      "version": "7.0.1"
    },
    "mochawesome": {
      "options": {
        "quiet": false,
        "reportFilename": "report",
        "saveHtml": true,
        "saveJson": true,
        "consoleReporter": "spec",
        "useInlineDiffs": false,
        "code": true
      },
      "version": "7.0.1"
    },
    "marge": {
      "options": {
        "reportDir": "cypress/reports",
        "reportFilename": "report",
        "overwrite": false,
        "html": true,
        "json": true,
        "charts": true
      },
      "version": "6.0.1"
    }
  }
}