{
  "stats": {
    "suites": 1,
    "tests": 6,
    "passes": 6,
    "pending": 0,
    "failures": 0,
    "start": "2021-09-27T08:05:44.810Z",
    "end": "2021-09-27T08:06:15.138Z",
    "duration": 30328,
    "testsRegistered": 6,
    "passPercent": 100,
    "pendingPercent": 0,
    "other": 0,
    "hasOther": false,
    "skipped": 0,
    "hasSkipped": false
  },
  "results": [
    {
      "uuid": "0a2fb259-038e-4be7-a391-3ab2fdd6d9d7",
      "title": "",
      "fullFile": "cypress/integration/Admin_Testcases/07_Patient_Management.spec.js",
      "file": "cypress/integration/Admin_Testcases/07_Patient_Management.spec.js",
      "beforeHooks": [],
      "afterHooks": [],
      "tests": [],
      "suites": [
        {
          "uuid": "2b351801-fbe6-468a-bbcb-344326bad56b",
          "title": "Patient management module test cases",
          "fullFile": "",
          "file": "",
          "beforeHooks": [],
          "afterHooks": [],
          "tests": [
            {
              "title": "As a admin the user should be navigated on patients page by clicking on patients tab",
              "fullTitle": "Patient management module test cases As a admin the user should be navigated on patients page by clicking on patients tab",
              "timedOut": null,
              "duration": 11628,
              "state": "passed",
              "speed": "slow",
              "pass": true,
              "fail": false,
              "pending": false,
              "context": null,
              "code": "cy.login();\ncy.get('.space-y-4 > :nth-child(3)').should('be.visible').should('have.text', 'Patients').click();\ncy.url().should('contain', '/patients');",
              "err": {},
              "uuid": "8a730884-d251-46c1-baba-98dd46ff8817",
              "parentUUID": "2b351801-fbe6-468a-bbcb-344326bad56b",
              "isHook": false,
              "skipped": false
            },
            {
              "title": "At patients page each label and field should have proper label and validations",
              "fullTitle": "Patient management module test cases At patients page each label and field should have proper label and validations",
              "timedOut": null,
              "duration": 1736,
              "state": "passed",
              "speed": "slow",
              "pass": true,
              "fail": false,
              "pending": false,
              "context": null,
              "code": "cy.get('.font-bold').should('be.visible').should('have.text', 'Patients');\ncy.get('table>thead>tr>th:nth-child(1)').should('be.visible').should('have.text', 'Full Name');\ncy.get('table>thead>tr>th:nth-child(2)').should('be.visible').should('have.text', 'Email');\ncy.get('table>thead>tr>th:nth-child(3)').should('be.visible').should('have.text', 'Mobile Number');\ncy.get('table>thead>tr>th:nth-child(4)').should('be.visible').should('have.text', 'Joined On');\ncy.get('table>thead>tr>th:nth-child(5)').should('be.visible').should('have.text', 'Subscription');\ncy.get('table>thead>tr>th:nth-child(6)').scrollIntoView().should('be.visible').should('have.text', 'Appointment');\ncy.get('table>thead>tr>th:nth-child(7)').scrollIntoView().should('be.visible').should('have.text', 'Action');",
              "err": {},
              "uuid": "f1cbb87a-95d0-4895-b699-abca5e912247",
              "parentUUID": "2b351801-fbe6-468a-bbcb-344326bad56b",
              "isHook": false,
              "skipped": false
            },
            {
              "title": "As a admin the user should be navigated to the profile details page of any patient by clicking on eye symbol against that particular patient ",
              "fullTitle": "Patient management module test cases As a admin the user should be navigated to the profile details page of any patient by clicking on eye symbol against that particular patient ",
              "timedOut": null,
              "duration": 234,
              "state": "passed",
              "speed": "slow",
              "pass": true,
              "fail": false,
              "pending": false,
              "context": null,
              "code": "cy.get('tr:nth-child(1) > td:nth-child(7) > div > svg:nth-child(1) > path:nth-child(2)').scrollIntoView().should('be.visible').click({\n  force: true\n});",
              "err": {},
              "uuid": "3ff62f0a-ec1e-4484-bfd6-aed7fc6776ee",
              "parentUUID": "2b351801-fbe6-468a-bbcb-344326bad56b",
              "isHook": false,
              "skipped": false
            },
            {
              "title": "At profile deatils page of the patient each label and field should have proper label and validations",
              "fullTitle": "Patient management module test cases At profile deatils page of the patient each label and field should have proper label and validations",
              "timedOut": null,
              "duration": 2474,
              "state": "passed",
              "speed": "slow",
              "pass": true,
              "fail": false,
              "pending": false,
              "context": null,
              "code": "cy.get('.space-x-4 > .font-bold').should('be.visible').should('have.text', 'Patient Details');\ncy.get('.border-primary').should('be.visible').should('have.text', 'Address');\ncy.get('div.space-y-4:nth-child(1)>div:nth-child(1)>div:nth-child(1)>div:nth-child(1)').should('be.visible').should('have.text', 'Address Line 1');\ncy.get('div.space-y-4:nth-child(1)>div:nth-child(1)>div:nth-child(2)>div:nth-child(1)').should('be.visible').should('have.text', 'Address Line 2');\ncy.get('div.space-y-4:nth-child(1)>div:nth-child(2)>div:nth-child(1)>div:nth-child(1)').should('be.visible').should('have.text', 'Postal Code');\ncy.get('div.space-y-4:nth-child(1)>div:nth-child(2)>div:nth-child(2)>div:nth-child(1)').should('be.visible').should('have.text', 'City');\ncy.get('div.space-y-4:nth-child(1)>div:nth-child(3)>div:nth-child(1)>div:nth-child(1)').should('be.visible').should('have.text', 'State');",
              "err": {},
              "uuid": "f84ebae0-b2ce-4506-9aca-cc919316dff4",
              "parentUUID": "2b351801-fbe6-468a-bbcb-344326bad56b",
              "isHook": false,
              "skipped": false
            },
            {
              "title": "As a admin the user should be navigated back to the patients page by clicking on back symbol on profile details page",
              "fullTitle": "Patient management module test cases As a admin the user should be navigated back to the patients page by clicking on back symbol on profile details page",
              "timedOut": null,
              "duration": 400,
              "state": "passed",
              "speed": "slow",
              "pass": true,
              "fail": false,
              "pending": false,
              "context": null,
              "code": "cy.get('.h-6 > path').should('be.visible').click();",
              "err": {},
              "uuid": "8bff1e3e-ee5d-415f-ab3e-820ad3b40e6b",
              "parentUUID": "2b351801-fbe6-468a-bbcb-344326bad56b",
              "isHook": false,
              "skipped": false
            },
            {
              "title": "As a admin the user should able to search any patient by his name or email",
              "fullTitle": "Patient management module test cases As a admin the user should able to search any patient by his name or email",
              "timedOut": null,
              "duration": 9627,
              "state": "passed",
              "speed": "slow",
              "pass": true,
              "fail": false,
              "pending": false,
              "context": null,
              "code": "cy.get('.bg-white > .w-full').should('be.visible').type('pawan');\ncy.wait(2000);\ncy.get('.bg-white > .w-full').clear();\ncy.get('.bg-white > .w-full').should('be.visible').type('pavann@mailinator.com');\ncy.wait(2000);\ncy.get('.bg-white > .w-full').clear();\ncy.logout();",
              "err": {},
              "uuid": "9b5beaff-1822-490d-98d0-fa3b244c6772",
              "parentUUID": "2b351801-fbe6-468a-bbcb-344326bad56b",
              "isHook": false,
              "skipped": false
            }
          ],
          "suites": [],
          "passes": [
            "8a730884-d251-46c1-baba-98dd46ff8817",
            "f1cbb87a-95d0-4895-b699-abca5e912247",
            "3ff62f0a-ec1e-4484-bfd6-aed7fc6776ee",
            "f84ebae0-b2ce-4506-9aca-cc919316dff4",
            "8bff1e3e-ee5d-415f-ab3e-820ad3b40e6b",
            "9b5beaff-1822-490d-98d0-fa3b244c6772"
          ],
          "failures": [],
          "pending": [],
          "skipped": [],
          "duration": 26099,
          "root": false,
          "rootEmpty": false,
          "_timeout": 2000
        }
      ],
      "passes": [],
      "failures": [],
      "pending": [],
      "skipped": [],
      "duration": 0,
      "root": true,
      "rootEmpty": true,
      "_timeout": 2000
    }
  ],
  "meta": {
    "mocha": {
      "version": "7.0.1"
    },
    "mochawesome": {
      "options": {
        "quiet": false,
        "reportFilename": "report",
        "saveHtml": true,
        "saveJson": true,
        "consoleReporter": "spec",
        "useInlineDiffs": false,
        "code": true
      },
      "version": "6.2.2"
    },
    "marge": {
      "options": {
        "reportDir": "cypress/reports",
        "reportFilename": "report",
        "overwrite": false,
        "html": true,
        "json": true,
        "charts": true
      },
      "version": "5.2.0"
    }
  }
}