{
  "stats": {
    "suites": 1,
    "tests": 12,
    "passes": 12,
    "pending": 0,
    "failures": 0,
    "start": "2022-08-25T05:25:42.100Z",
    "end": "2022-08-25T05:27:21.623Z",
    "duration": 99523,
    "testsRegistered": 12,
    "passPercent": 100,
    "pendingPercent": 0,
    "other": 0,
    "hasOther": false,
    "skipped": 0,
    "hasSkipped": false
  },
  "results": [
    {
      "uuid": "3c12c909-4353-40be-a7d4-49589f0ac398",
      "title": "",
      "fullFile": "cypress\\e2e\\Admin_Testcases\\19_On_The_Way.spec.js",
      "file": "cypress\\e2e\\Admin_Testcases\\19_On_The_Way.spec.js",
      "beforeHooks": [],
      "afterHooks": [],
      "tests": [],
      "suites": [
        {
          "uuid": "4cca9ba6-e794-46c7-950f-c26b704f8f5e",
          "title": "On The Way Appointment Details Test cases",
          "fullFile": "",
          "file": "",
          "beforeHooks": [],
          "afterHooks": [],
          "tests": [
            {
              "title": "As a Admin the user should be navigated to the Appointment Details page of \"On The Way\" appointment by clicking on the eye icon against that appointment",
              "fullTitle": "On The Way Appointment Details Test cases As a Admin the user should be navigated to the Appointment Details page of \"On The Way\" appointment by clicking on the eye icon against that appointment",
              "timedOut": null,
              "duration": 22342,
              "state": "passed",
              "speed": "slow",
              "pass": true,
              "fail": false,
              "pending": false,
              "context": null,
              "code": "cy.login(cred.email, cred.password);\ncy.url().should('contain', '/dashboard'); //Click patient tab on the left side tray\ncy.xpath('//nav/div[4]/div[2]').should('be.visible').should('have.text', 'Appointments').click();\ncy.url().should('contain', '/appointments');\ncy.xpath('//div[contains(text(),\"Ad\")]').should('be.visible').should('have.text', 'Add Filter').click();\ncy.wait(3000);\ncy.xpath('//div[contains(text(),\"on the\")]').should('be.visible').should('have.text', 'on the way').click();\ncy.wait(4000);\ncy.xpath('//tr[1]/td[8]/div[1]').scrollIntoView().should('be.visible').click();\ncy.wait(4000);\ncy.xpath('//span[contains(text(),\"on the\")]').should('be.visible').should('contain', 'on the way');",
              "err": {},
              "uuid": "fb131f57-a754-4a90-93fe-ae581bf4ea0c",
              "parentUUID": "4cca9ba6-e794-46c7-950f-c26b704f8f5e",
              "isHook": false,
              "skipped": false
            },
            {
              "title": "At \"Appointment details\" page each label and field should have proper label and validations",
              "fullTitle": "On The Way Appointment Details Test cases At \"Appointment details\" page each label and field should have proper label and validations",
              "timedOut": null,
              "duration": 318,
              "state": "passed",
              "speed": "fast",
              "pass": true,
              "fail": false,
              "pending": false,
              "context": null,
              "code": "cy.xpath('//div[contains(text(),\"Appointment D\")]').should('be.visible').should('have.text', 'Appointment Details');\ncy.xpath('//div[2]/div/div[4]/div[1]').should('be.visible');\ncy.xpath('//div[contains(text(),\"Appointment I\")]').should('have.text', 'Appointment ID');\ncy.xpath('//div[contains(text(),\"Requested F\")]').should('be.visible').should('have.text', 'Requested For');\ncy.xpath('//div[contains(text(),\"St\")]').should('be.visible').should('have.text', 'Status');\ncy.xpath('//div[contains(text(),\"Service A\")]').should('be.visible').should('have.text', 'Service Address');\ncy.xpath('//div[contains(text(),\"Sc\")]').should('be.visible').should('have.text', 'Scheduled On');\ncy.xpath('//div[5]/div[4]/div[1]').should('be.visible').should('have.text', 'Patients');\ncy.xpath('//div[contains(text(),\"Services R\")]').should('be.visible').should('have.text', 'Services Requested');\ncy.xpath('//div[contains(text(),\"Provider D\")]').should('be.visible').should('have.text', 'Provider Details');\ncy.xpath('//div[6]/div[2]/div/div').should('be.visible');\ncy.xpath('//button[@textid=\"cancel.appointment\"]').should('have.text', 'Cancel Appointment');",
              "err": {},
              "uuid": "a18fe43b-f994-4bdd-8f26-e9b0e333d899",
              "parentUUID": "4cca9ba6-e794-46c7-950f-c26b704f8f5e",
              "isHook": false,
              "skipped": false
            },
            {
              "title": "The unique appointment id should be displayed",
              "fullTitle": "On The Way Appointment Details Test cases The unique appointment id should be displayed",
              "timedOut": null,
              "duration": 76,
              "state": "passed",
              "speed": "fast",
              "pass": true,
              "fail": false,
              "pending": false,
              "context": null,
              "code": "cy.xpath('//div[contains(text(),\"Appointment I\")]').should('have.text', 'Appointment ID');",
              "err": {},
              "uuid": "22d68c92-db7a-4846-81ba-a827176c95ce",
              "parentUUID": "4cca9ba6-e794-46c7-950f-c26b704f8f5e",
              "isHook": false,
              "skipped": false
            },
            {
              "title": "The date requested by the patient should be displayed",
              "fullTitle": "On The Way Appointment Details Test cases The date requested by the patient should be displayed",
              "timedOut": null,
              "duration": 79,
              "state": "passed",
              "speed": "fast",
              "pass": true,
              "fail": false,
              "pending": false,
              "context": null,
              "code": "cy.xpath('//div[contains(text(),\"Requested F\")]').should('be.visible').should('have.text', 'Requested For');",
              "err": {},
              "uuid": "570be7ce-58ac-499f-acff-6cd6341dccc1",
              "parentUUID": "4cca9ba6-e794-46c7-950f-c26b704f8f5e",
              "isHook": false,
              "skipped": false
            },
            {
              "title": "The Service Address where the patient requested the service should be displayed",
              "fullTitle": "On The Way Appointment Details Test cases The Service Address where the patient requested the service should be displayed",
              "timedOut": null,
              "duration": 74,
              "state": "passed",
              "speed": "fast",
              "pass": true,
              "fail": false,
              "pending": false,
              "context": null,
              "code": "cy.xpath('//div[contains(text(),\"Service A\")]').should('be.visible').should('have.text', 'Service Address');",
              "err": {},
              "uuid": "b55ab991-abe1-4778-8a9a-606607968672",
              "parentUUID": "4cca9ba6-e794-46c7-950f-c26b704f8f5e",
              "isHook": false,
              "skipped": false
            },
            {
              "title": "As a Admin the user should be navigated to the medical history page of particular patient by clicking on the name card of that particular patient",
              "fullTitle": "On The Way Appointment Details Test cases As a Admin the user should be navigated to the medical history page of particular patient by clicking on the name card of that particular patient",
              "timedOut": null,
              "duration": 8815,
              "state": "passed",
              "speed": "medium",
              "pass": true,
              "fail": false,
              "pending": false,
              "context": null,
              "code": "cy.xpath('//div[4]/div[2]/div[1]/div[1]/div[1]/div[1]/*[2]').should('be.visible').click();\ncy.wait(4000);\ncy.url().should('contain', '/medical_history');\ncy.xpath('//div[2]/div/nav/div[1]/div').should('be.visible').should('have.text', 'Medical History');\ncy.get('.h-6 > path').scrollIntoView().should('be.visible').click();\ncy.wait(4000);\ncy.url().should('contain', '/appointments');",
              "err": {},
              "uuid": "6b3e7112-5eba-4614-b118-722bdd1a80a3",
              "parentUUID": "4cca9ba6-e794-46c7-950f-c26b704f8f5e",
              "isHook": false,
              "skipped": false
            },
            {
              "title": "The list of services requested by the patient should be displayed",
              "fullTitle": "On The Way Appointment Details Test cases The list of services requested by the patient should be displayed",
              "timedOut": null,
              "duration": 102,
              "state": "passed",
              "speed": "fast",
              "pass": true,
              "fail": false,
              "pending": false,
              "context": null,
              "code": "cy.xpath('//div[contains(text(),\"Services R\")]').should('have.text', 'Services Requested');",
              "err": {},
              "uuid": "6eaab5d9-7b5d-4f9e-9959-fd7eccc8f545",
              "parentUUID": "4cca9ba6-e794-46c7-950f-c26b704f8f5e",
              "isHook": false,
              "skipped": false
            },
            {
              "title": "As a Admin the user can Add \"Comment for Provider\" By clicking on the \"Edit\" icon against it.",
              "fullTitle": "On The Way Appointment Details Test cases As a Admin the user can Add \"Comment for Provider\" By clicking on the \"Edit\" icon against it.",
              "timedOut": null,
              "duration": 12656,
              "state": "passed",
              "speed": "slow",
              "pass": true,
              "fail": false,
              "pending": false,
              "context": null,
              "code": "cy.xpath('//div[contains(text(),\"Comment for Provider\")]').scrollIntoView().should('be.visible').should('contain', 'Comment for Provider');\ncy.get('div.flex.items-center.justify-between> svg').scrollIntoView().should('be.visible').click();\ncy.xpath('//div[@class=\"mt-1.5 relative\"]/textarea').scrollIntoView().should('be.visible').clear().type('test1');\ncy.xpath('//div[@class=\"mt-1.5 relative\"]/div/button[2]').scrollIntoView().should('be.visible').should('have.text', 'Cancel');\ncy.xpath('//div[contains(text(),\"Ed\")]').scrollIntoView().should('be.visible').should('have.text', 'Edit').click();\ncy.wait(5000);\ncy.xpath('//div[contains(text(),\"test1\")]').scrollIntoView().should('be.visible').should('have.text', 'test1');\ncy.get('div.flex.items-center.justify-between> svg').scrollIntoView().should('be.visible').click();\ncy.xpath('//div[@class=\"mt-1.5 relative\"]/textarea').scrollIntoView().should('be.visible').clear().type('Sample1');\ncy.xpath('//div[contains(text(),\"Ed\")]').scrollIntoView().should('be.visible').should('have.text', 'Edit').click();\ncy.wait(5000);\ncy.xpath('//div[contains(text(),\"Sample1\")]').scrollIntoView().should('be.visible').should('have.text', 'Sample1');",
              "err": {},
              "uuid": "72cff704-dfaf-4520-8ba8-e537f2549f96",
              "parentUUID": "4cca9ba6-e794-46c7-950f-c26b704f8f5e",
              "isHook": false,
              "skipped": false
            },
            {
              "title": "The Appointment scheduled date and time should be displayed",
              "fullTitle": "On The Way Appointment Details Test cases The Appointment scheduled date and time should be displayed",
              "timedOut": null,
              "duration": 5090,
              "state": "passed",
              "speed": "medium",
              "pass": true,
              "fail": false,
              "pending": false,
              "context": null,
              "code": "cy.xpath('//div[contains(text(),\"Sc\")]').should('have.text', 'Scheduled On');\ncy.xpath('//div[3]/div[1]/span').should('be.visible');\ncy.wait(5000);",
              "err": {},
              "uuid": "9ac1acda-38b2-494f-b1d9-c93bb6e21fe8",
              "parentUUID": "4cca9ba6-e794-46c7-950f-c26b704f8f5e",
              "isHook": false,
              "skipped": false
            },
            {
              "title": "As a Admin the user should be navigated to the Profile details page of provider by clicking on name card of the provider",
              "fullTitle": "On The Way Appointment Details Test cases As a Admin the user should be navigated to the Profile details page of provider by clicking on name card of the provider",
              "timedOut": null,
              "duration": 10875,
              "state": "passed",
              "speed": "slow",
              "pass": true,
              "fail": false,
              "pending": false,
              "context": null,
              "code": "cy.xpath('//div[6]/div[2]/div/div').should('be.visible').click();\ncy.wait(5000);\ncy.url().should('contain', '/providers');\ncy.xpath('//div[contains(text(),\"Provider D\")]').scrollIntoView().should('be.visible').should('have.text', 'Provider Details');\ncy.get('.h-6 > path').scrollIntoView().should('be.visible').click();\ncy.wait(5000);",
              "err": {},
              "uuid": "ae29bd4c-6bba-4205-9283-fda767d8ffb6",
              "parentUUID": "4cca9ba6-e794-46c7-950f-c26b704f8f5e",
              "isHook": false,
              "skipped": false
            },
            {
              "title": "As a Admin the user can chat with provider by clicking on chat icon against the provider",
              "fullTitle": "On The Way Appointment Details Test cases As a Admin the user can chat with provider by clicking on chat icon against the provider",
              "timedOut": null,
              "duration": 10931,
              "state": "passed",
              "speed": "slow",
              "pass": true,
              "fail": false,
              "pending": false,
              "context": null,
              "code": "cy.xpath('//div[6]/div[2]/div/div/div[2]/img').should('be.visible').click({\n  force: true\n});\ncy.wait(5000);\ncy.url().should('contain', '/chat');\ncy.xpath('//div[2]/div[1]/div[2]/div[1]/div[1]').should('be.visible').should('have.text', 'Chat');\ncy.get('div.flex.flex-wrap>.h-6').scrollIntoView().should('be.visible').click();\ncy.wait(5000);",
              "err": {},
              "uuid": "1319c96f-9194-48c3-9b08-d4a965f0635f",
              "parentUUID": "4cca9ba6-e794-46c7-950f-c26b704f8f5e",
              "isHook": false,
              "skipped": false
            },
            {
              "title": "As a Admin the user can cancel the appointment after entering the cancellation reason by clicking on the cancel button",
              "fullTitle": "On The Way Appointment Details Test cases As a Admin the user can cancel the appointment after entering the cancellation reason by clicking on the cancel button",
              "timedOut": null,
              "duration": 19884,
              "state": "passed",
              "speed": "slow",
              "pass": true,
              "fail": false,
              "pending": false,
              "context": null,
              "code": "cy.xpath('//button[@textid=\"cancel.appointment\"]').scrollIntoView().should('have.text', 'Cancel Appointment').click({\n  force: true\n});\ncy.wait(3000);\ncy.get('div.hidden>h3>div>div').should('be.visible').should('have.text', 'Confirmation');\ncy.get('div.hidden>h3>div>svg').should('be.visible');\ncy.get('div.hidden>div').should('be.visible').should('have.text', 'Are you sure, want to cancel this appointment.');\ncy.xpath('//div[1]/form[1]/div[1]/div[1]/label[1]/div[1]').should('be.visible').should('have.text', 'Reason For Cancellation');\ncy.xpath('//div[1]/form[1]/div[1]/div[1]/div[1]').should('be.visible');\ncy.xpath('//div[1]/form[1]/div[1]/div[1]/div[1]').should('be.visible').type('Provider not available');\ncy.xpath('//div[1]/form[1]/div[2]/button').should('be.visible').should('have.text', 'Cancel Appointment').click();\ncy.wait(5000);\ncy.xpath('//span[contains(text(),\"can\")]').should('be.visible').should('have.text', 'cancelled');\ncy.logout();",
              "err": {},
              "uuid": "855e16bd-b6aa-4c4b-8f4b-ef3606c17495",
              "parentUUID": "4cca9ba6-e794-46c7-950f-c26b704f8f5e",
              "isHook": false,
              "skipped": false
            }
          ],
          "suites": [],
          "passes": [
            "fb131f57-a754-4a90-93fe-ae581bf4ea0c",
            "a18fe43b-f994-4bdd-8f26-e9b0e333d899",
            "22d68c92-db7a-4846-81ba-a827176c95ce",
            "570be7ce-58ac-499f-acff-6cd6341dccc1",
            "b55ab991-abe1-4778-8a9a-606607968672",
            "6b3e7112-5eba-4614-b118-722bdd1a80a3",
            "6eaab5d9-7b5d-4f9e-9959-fd7eccc8f545",
            "72cff704-dfaf-4520-8ba8-e537f2549f96",
            "9ac1acda-38b2-494f-b1d9-c93bb6e21fe8",
            "ae29bd4c-6bba-4205-9283-fda767d8ffb6",
            "1319c96f-9194-48c3-9b08-d4a965f0635f",
            "855e16bd-b6aa-4c4b-8f4b-ef3606c17495"
          ],
          "failures": [],
          "pending": [],
          "skipped": [],
          "duration": 91242,
          "root": false,
          "rootEmpty": false,
          "_timeout": 2000
        }
      ],
      "passes": [],
      "failures": [],
      "pending": [],
      "skipped": [],
      "duration": 0,
      "root": true,
      "rootEmpty": true,
      "_timeout": 2000
    }
  ],
  "meta": {
    "mocha": {
      "version": "7.0.1"
    },
    "mochawesome": {
      "options": {
        "quiet": false,
        "reportFilename": "report",
        "saveHtml": true,
        "saveJson": true,
        "consoleReporter": "spec",
        "useInlineDiffs": false,
        "code": true
      },
      "version": "7.0.1"
    },
    "marge": {
      "options": {
        "reportDir": "cypress/reports",
        "reportFilename": "report",
        "overwrite": false,
        "html": true,
        "json": true,
        "charts": true
      },
      "version": "6.0.1"
    }
  }
}