{
  "stats": {
    "suites": 1,
    "tests": 17,
    "passes": 0,
    "pending": 0,
    "failures": 17,
    "start": "2023-04-04T18:45:07.106Z",
    "end": "2023-04-04T18:51:20.409Z",
    "duration": 373303,
    "testsRegistered": 17,
    "passPercent": 0,
    "pendingPercent": 0,
    "other": 0,
    "hasOther": false,
    "skipped": 0,
    "hasSkipped": false
  },
  "results": [
    {
      "uuid": "f0c10f11-54fc-4892-9430-9b0673fd329f",
      "title": "",
      "fullFile": "cypress\\e2e\\Admin_Testcases\\18_Scheduled.spec.js",
      "file": "cypress\\e2e\\Admin_Testcases\\18_Scheduled.spec.js",
      "beforeHooks": [],
      "afterHooks": [],
      "tests": [],
      "suites": [
        {
          "uuid": "f831d8ba-7dbc-4af4-931f-101df30c9ec8",
          "title": "Scheduled Appointment Details Test cases",
          "fullFile": "",
          "file": "",
          "beforeHooks": [],
          "afterHooks": [],
          "tests": [
            {
              "title": "As a Admin the user should be navigated to the Appointment Details page of \"Scheduled\" appointment by clicking on the eye icon against that appointment",
              "fullTitle": "Scheduled Appointment Details Test cases As a Admin the user should be navigated to the Appointment Details page of \"Scheduled\" appointment by clicking on the eye icon against that appointment",
              "timedOut": null,
              "duration": 34091,
              "state": "failed",
              "speed": null,
              "pass": false,
              "fail": true,
              "pending": false,
              "context": null,
              "code": "cy.login();\ncy.url().should('contain', '/dashboard');\ncy.xpath('//nav/div[2]/div[2]').should('be.visible').should('have.text', 'Patients').click();\ncy.url().should('contain', '/patients');\ncy.AddPatient();\ncy.readFile('cypress/fixtures/provider.json').then(provider => {\n  cy.xpath('//input[@type=\"search\"]').should('be.visible').type(provider.email.toLowerCase());\n  cy.xpath('//tr[1]/td[2]/div/p').should('be.visible').should('have.text', provider.email.toLowerCase());\n  cy.wait(4000);\n});\ncy.bookappointment();\ncy.xpath('//input[@type=\"search\"]').should('be.visible').clear();\ncy.wait(4000);\ncy.xpath('//nav/div[4]/div[2]').should('be.visible').should('have.text', 'Appointments').click();\ncy.url().should('contain', '/appointments');\ncy.xpath('//div[contains(text(),\"Ad\")]').should('be.visible').should('have.text', 'Add Filter').click();\ncy.wait(3000);\ncy.xpath('//div[contains(text(),\"pe\")]').should('be.visible').should('have.text', 'pending approval').click();\ncy.wait(4000);\ncy.xpath('//tr[1]/td[4]/div/p').should('be.visible').should('have.text', 'pending approval');\ncy.xpath('//tr[1]/td[8]/div[1]/*[1]').scrollIntoView().should('be.visible').click();\ncy.wait(4000);\ncy.xpath('//span[contains(text(),\"pendi\")]').should('be.visible').should('have.text', 'pending approval');\ncy.xpath('//div[contains(text(),\"Acc\")]').should('be.visible').should('have.text', 'Accept').click();\ncy.wait(5000);\ncy.xpath('//span[contains(text(),\"awa\")]').should('be.visible').should('have.text', 'awaiting time');\ncy.xpath('//div[contains(text(),\"As\")]').should('be.visible').should('have.text', 'Assign Provider').click();\ncy.wait(5000);\ncy.xpath('//div[1]/form/div[4]/div/textarea').should('be.visible').clear().type('Priority customer');\ncy.wait(5000);\ncy.xpath('//div[1]/form/div[1]/div[2]').should('be.visible').click();\ncy.wait(3000);\ncy.get('.css-11unzgr>div:nth-child(1)').click();\ncy.xpath('//div[1]/form/div[2]/div[1]/div').should('be.visible').click();\ncy.wait(2000);\ncy.get('.react-datepicker__day--today').scrollIntoView().should('be.visible').click();\ncy.xpath('//div[1]/form/div[2]/div[2]/div').should('be.visible').click();\ncy.get('.rc-time-picker-panel-select:nth-child(1)>ul>li:nth-child(2)').scrollIntoView().should('be.visible').click();\ncy.get('.rc-time-picker-panel-select:nth-child(3)>ul>li:nth-child(1)').should('be.visible').click();\ncy.xpath('//div[1]/form/div[5]/button').should('be.visible').should('have.text', 'Assign').click({\n  force: true\n});\ncy.wait(5000);\ncy.xpath('//span[contains(text(),\"sche\")]').should('be.visible').should('have.text', 'scheduled');",
              "err": {
                "message": "AssertionError: Timed out retrying after 20000ms: Expected to find element: `//*[@class='my-4']/div[1]`, but never found it.",
                "estack": "AssertionError: Timed out retrying after 20000ms: Expected to find element: `//*[@class='my-4']/div[1]`, but never found it.\n    at Context.eval (https://qa.rch.build-release.com/__cypress/tests?p=cypress\\support\\e2e.js:2598:41)",
                "diff": null
              },
              "uuid": "3a55b131-9582-4159-83fa-91e7d4bcbe3f",
              "parentUUID": "f831d8ba-7dbc-4af4-931f-101df30c9ec8",
              "isHook": false,
              "skipped": false
            },
            {
              "title": "At \"Appointment details\" page each label and field should have proper label and validations",
              "fullTitle": "Scheduled Appointment Details Test cases At \"Appointment details\" page each label and field should have proper label and validations",
              "timedOut": null,
              "duration": 20333,
              "state": "failed",
              "speed": null,
              "pass": false,
              "fail": true,
              "pending": false,
              "context": null,
              "code": "cy.xpath('//div[contains(text(),\"Appointment D\")]').should('be.visible').should('have.text', 'Appointment Details');\ncy.xpath('//div[2]/div/div[4]/div[1]').should('be.visible');\ncy.xpath('//div[contains(text(),\"Appointment I\")]').should('have.text', 'Appointment ID');\ncy.xpath('//div[contains(text(),\"Requested F\")]').should('be.visible').should('have.text', 'Requested For');\ncy.xpath('//div[contains(text(),\"St\")]').should('be.visible').should('have.text', 'Status');\ncy.xpath('//div[contains(text(),\"Service A\")]').should('be.visible').should('have.text', 'Service Address');\ncy.xpath('//div[contains(text(),\"Sc\")]').should('be.visible').should('have.text', 'Scheduled On');\ncy.xpath('//div[5]/div[4]/div[1]').should('be.visible').should('have.text', 'Patients');\ncy.xpath('//div[contains(text(),\"Services R\")]').should('be.visible').should('have.text', 'Services Requested');\ncy.xpath('//div[contains(text(),\"Provider D\")]').should('be.visible').should('have.text', 'Provider Details');\ncy.xpath('//div[6]/div[2]/div/div').should('be.visible');\ncy.xpath('//button[@textid=\"cancel.appointment\"]').should('have.text', 'Cancel Appointment');\ncy.xpath('//button[@textid=\"reschedule.appointment\"]').should('have.text', 'Reschedule Appointment');\ncy.xpath('//button[@textid=\"change.provider\"]').should('have.text', 'Change Provider');",
              "err": {
                "message": "AssertionError: Timed out retrying after 20000ms: Expected to find element: `//div[contains(text(),\"Appointment D\")]`, but never found it.",
                "estack": "AssertionError: Timed out retrying after 20000ms: Expected to find element: `//div[contains(text(),\"Appointment D\")]`, but never found it.\n    at Context.eval (https://qa.rch.build-release.com/__cypress/tests?p=cypress\\e2e\\Admin_Testcases\\18_Scheduled.spec.js:150:57)",
                "diff": null
              },
              "uuid": "d2709e69-caa7-4fb1-98e0-1cf52d3b35df",
              "parentUUID": "f831d8ba-7dbc-4af4-931f-101df30c9ec8",
              "isHook": false,
              "skipped": false
            },
            {
              "title": "The unique appointment id should be displayed",
              "fullTitle": "Scheduled Appointment Details Test cases The unique appointment id should be displayed",
              "timedOut": null,
              "duration": 20223,
              "state": "failed",
              "speed": null,
              "pass": false,
              "fail": true,
              "pending": false,
              "context": null,
              "code": "cy.xpath('//div[contains(text(),\"Appointment I\")]').should('have.text', 'Appointment ID');",
              "err": {
                "message": "AssertionError: Timed out retrying after 20000ms: Expected to find element: `//div[contains(text(),\"Appointment I\")]`, but never found it.",
                "estack": "AssertionError: Timed out retrying after 20000ms: Expected to find element: `//div[contains(text(),\"Appointment I\")]`, but never found it.\n    at Context.eval (https://qa.rch.build-release.com/__cypress/tests?p=cypress\\e2e\\Admin_Testcases\\18_Scheduled.spec.js:166:57)",
                "diff": null
              },
              "uuid": "4f55ee46-f853-492d-8941-8c2811664896",
              "parentUUID": "f831d8ba-7dbc-4af4-931f-101df30c9ec8",
              "isHook": false,
              "skipped": false
            },
            {
              "title": "The date requested by the patient should be displayed",
              "fullTitle": "Scheduled Appointment Details Test cases The date requested by the patient should be displayed",
              "timedOut": null,
              "duration": 20294,
              "state": "failed",
              "speed": null,
              "pass": false,
              "fail": true,
              "pending": false,
              "context": null,
              "code": "cy.xpath('//div[contains(text(),\"Requested F\")]').should('be.visible').should('have.text', 'Requested For');",
              "err": {
                "message": "AssertionError: Timed out retrying after 20000ms: Expected to find element: `//div[contains(text(),\"Requested F\")]`, but never found it.",
                "estack": "AssertionError: Timed out retrying after 20000ms: Expected to find element: `//div[contains(text(),\"Requested F\")]`, but never found it.\n    at Context.eval (https://qa.rch.build-release.com/__cypress/tests?p=cypress\\e2e\\Admin_Testcases\\18_Scheduled.spec.js:169:55)",
                "diff": null
              },
              "uuid": "0731a344-6ae7-4ec5-b37e-c3117e57b4d9",
              "parentUUID": "f831d8ba-7dbc-4af4-931f-101df30c9ec8",
              "isHook": false,
              "skipped": false
            },
            {
              "title": "The Service Address where the patient requested the service should be displayed",
              "fullTitle": "Scheduled Appointment Details Test cases The Service Address where the patient requested the service should be displayed",
              "timedOut": null,
              "duration": 20267,
              "state": "failed",
              "speed": null,
              "pass": false,
              "fail": true,
              "pending": false,
              "context": null,
              "code": "cy.xpath('//div[contains(text(),\"Service A\")]').should('be.visible').should('have.text', 'Service Address');",
              "err": {
                "message": "AssertionError: Timed out retrying after 20000ms: Expected to find element: `//div[contains(text(),\"Service A\")]`, but never found it.",
                "estack": "AssertionError: Timed out retrying after 20000ms: Expected to find element: `//div[contains(text(),\"Service A\")]`, but never found it.\n    at Context.eval (https://qa.rch.build-release.com/__cypress/tests?p=cypress\\e2e\\Admin_Testcases\\18_Scheduled.spec.js:172:53)",
                "diff": null
              },
              "uuid": "ee491100-16ed-40a7-9f77-436663586b2c",
              "parentUUID": "f831d8ba-7dbc-4af4-931f-101df30c9ec8",
              "isHook": false,
              "skipped": false
            },
            {
              "title": "As a Admin the user should be navigated to the medical history page of particular patient by clicking on the name card of that particular patient",
              "fullTitle": "Scheduled Appointment Details Test cases As a Admin the user should be navigated to the medical history page of particular patient by clicking on the name card of that particular patient",
              "timedOut": null,
              "duration": 20260,
              "state": "failed",
              "speed": null,
              "pass": false,
              "fail": true,
              "pending": false,
              "context": null,
              "code": "cy.xpath('//div[4]/div[2]/div[1]/div[1]/div[1]/div[1]/*[2]').should('be.visible').click();\ncy.wait(4000);\ncy.url().should('contain', '/medical_history');\ncy.xpath('//div[2]/div/nav/div[1]/div').should('be.visible').should('have.text', 'Medical History');\ncy.get('.h-6 > path').scrollIntoView().should('be.visible').click();\ncy.wait(4000);\ncy.url().should('contain', '/appointments');",
              "err": {
                "message": "AssertionError: Timed out retrying after 20000ms: Expected to find element: `//div[4]/div[2]/div[1]/div[1]/div[1]/div[1]/*[2]`, but never found it.",
                "estack": "AssertionError: Timed out retrying after 20000ms: Expected to find element: `//div[4]/div[2]/div[1]/div[1]/div[1]/div[1]/*[2]`, but never found it.\n    at Context.eval (https://qa.rch.build-release.com/__cypress/tests?p=cypress\\e2e\\Admin_Testcases\\18_Scheduled.spec.js:175:66)",
                "diff": null
              },
              "uuid": "1bcd0a24-1b16-4997-a805-cadcd51283de",
              "parentUUID": "f831d8ba-7dbc-4af4-931f-101df30c9ec8",
              "isHook": false,
              "skipped": false
            },
            {
              "title": "The list of services requested by the patient should be displayed",
              "fullTitle": "Scheduled Appointment Details Test cases The list of services requested by the patient should be displayed",
              "timedOut": null,
              "duration": 20522,
              "state": "failed",
              "speed": null,
              "pass": false,
              "fail": true,
              "pending": false,
              "context": null,
              "code": "cy.xpath('//div[contains(text(),\"Services R\")]').should('be.visible').should('have.text', 'Services Requested');",
              "err": {
                "message": "AssertionError: Timed out retrying after 20000ms: Expected to find element: `//div[contains(text(),\"Services R\")]`, but never found it.",
                "estack": "AssertionError: Timed out retrying after 20000ms: Expected to find element: `//div[contains(text(),\"Services R\")]`, but never found it.\n    at Context.eval (https://qa.rch.build-release.com/__cypress/tests?p=cypress\\e2e\\Admin_Testcases\\18_Scheduled.spec.js:184:54)",
                "diff": null
              },
              "uuid": "d3049fe1-ebf2-4065-a3b1-71b373e575cc",
              "parentUUID": "f831d8ba-7dbc-4af4-931f-101df30c9ec8",
              "isHook": false,
              "skipped": false
            },
            {
              "title": "As a Admin the user can Add \"Comment for Provider\" By clicking on the \"Edit\" icon against it.",
              "fullTitle": "Scheduled Appointment Details Test cases As a Admin the user can Add \"Comment for Provider\" By clicking on the \"Edit\" icon against it.",
              "timedOut": null,
              "duration": 20666,
              "state": "failed",
              "speed": null,
              "pass": false,
              "fail": true,
              "pending": false,
              "context": null,
              "code": "cy.xpath('//div[contains(text(),\"Comment for Provider\")]').should('be.visible').should('contain', 'Comment for Provider');\ncy.get('div.flex.items-center.justify-between> svg').should('be.visible').click();\ncy.xpath('//div[@class=\"mt-1.5 relative\"]/textarea').should('be.visible').clear().type('test1');\ncy.xpath('//div[@class=\"mt-1.5 relative\"]/div/button[2]').should('be.visible').should('have.text', 'Cancel');\ncy.xpath('//div[contains(text(),\"Edit\")]').should('be.visible').should('have.text', 'Edit').click();\ncy.wait(5000);\ncy.xpath('//div[contains(text(),\"test1\")]').should('be.visible').should('have.text', 'test1');\ncy.get('div.flex.items-center.justify-between> svg').should('be.visible').click();\ncy.xpath('//div[@class=\"mt-1.5 relative\"]/textarea').should('be.visible').clear().type('Sample1');\ncy.xpath('//div[contains(text(),\"Edit\")]').should('be.visible').should('have.text', 'Edit').click();\ncy.wait(5000);\ncy.xpath('//div[contains(text(),\"Sample1\")]').should('be.visible').should('have.text', 'Sample1');",
              "err": {
                "message": "AssertionError: Timed out retrying after 20000ms: Expected to find element: `//div[contains(text(),\"Comment for Provider\")]`, but never found it.",
                "estack": "AssertionError: Timed out retrying after 20000ms: Expected to find element: `//div[contains(text(),\"Comment for Provider\")]`, but never found it.\n    at Context.eval (https://qa.rch.build-release.com/__cypress/tests?p=cypress\\e2e\\Admin_Testcases\\18_Scheduled.spec.js:187:64)",
                "diff": null
              },
              "uuid": "66137f3f-bf91-4367-be28-2892eb13da8d",
              "parentUUID": "f831d8ba-7dbc-4af4-931f-101df30c9ec8",
              "isHook": false,
              "skipped": false
            },
            {
              "title": "The Appointment scheduled date and time should be displayed",
              "fullTitle": "Scheduled Appointment Details Test cases The Appointment scheduled date and time should be displayed",
              "timedOut": null,
              "duration": 20683,
              "state": "failed",
              "speed": null,
              "pass": false,
              "fail": true,
              "pending": false,
              "context": null,
              "code": "cy.xpath('//div[contains(text(),\"Sc\")]').should('have.text', 'Scheduled On');\ncy.xpath('//div[3]/div[1]/span').should('be.visible');\ncy.wait(5000);",
              "err": {
                "message": "AssertionError: Timed out retrying after 20000ms: Expected to find element: `//div[contains(text(),\"Sc\")]`, but never found it.",
                "estack": "AssertionError: Timed out retrying after 20000ms: Expected to find element: `//div[contains(text(),\"Sc\")]`, but never found it.\n    at Context.eval (https://qa.rch.build-release.com/__cypress/tests?p=cypress\\e2e\\Admin_Testcases\\18_Scheduled.spec.js:201:46)",
                "diff": null
              },
              "uuid": "bf8135e8-c879-4955-be50-0555b15c8c07",
              "parentUUID": "f831d8ba-7dbc-4af4-931f-101df30c9ec8",
              "isHook": false,
              "skipped": false
            },
            {
              "title": "As a Admin the user should be navigated to the Profile details page of provider by clicking on name card of the provider",
              "fullTitle": "Scheduled Appointment Details Test cases As a Admin the user should be navigated to the Profile details page of provider by clicking on name card of the provider",
              "timedOut": null,
              "duration": 20372,
              "state": "failed",
              "speed": null,
              "pass": false,
              "fail": true,
              "pending": false,
              "context": null,
              "code": "cy.xpath('//div[6]/div[2]/div/div').should('be.visible').click();\ncy.wait(5000);\ncy.url().should('contain', '/providers');\ncy.xpath('//div[contains(text(),\"Provider D\")]').scrollIntoView().should('be.visible').should('have.text', 'Provider Details');\ncy.get('.h-6 > path').scrollIntoView().should('be.visible').click();\ncy.wait(5000);",
              "err": {
                "message": "AssertionError: Timed out retrying after 20000ms: Expected to find element: `//div[6]/div[2]/div/div`, but never found it.",
                "estack": "AssertionError: Timed out retrying after 20000ms: Expected to find element: `//div[6]/div[2]/div/div`, but never found it.\n    at Context.eval (https://qa.rch.build-release.com/__cypress/tests?p=cypress\\e2e\\Admin_Testcases\\18_Scheduled.spec.js:206:41)",
                "diff": null
              },
              "uuid": "316f2b49-5158-4ea6-bfd1-afe15435eac8",
              "parentUUID": "f831d8ba-7dbc-4af4-931f-101df30c9ec8",
              "isHook": false,
              "skipped": false
            },
            {
              "title": "As a Admin the user can chat with provider by clicking on chat icon against the provider",
              "fullTitle": "Scheduled Appointment Details Test cases As a Admin the user can chat with provider by clicking on chat icon against the provider",
              "timedOut": null,
              "duration": 20248,
              "state": "failed",
              "speed": null,
              "pass": false,
              "fail": true,
              "pending": false,
              "context": null,
              "code": "cy.xpath('//div[6]/div[2]/div/div/div[2]/img').should('be.visible').click();\ncy.wait(5000);\ncy.url().should('contain', '/chat');\ncy.xpath('//div[2]/div[1]/div[2]/div[1]/div[1]').should('be.visible').should('have.text', 'Chat');\ncy.get('div.flex.flex-wrap>.h-6').scrollIntoView().should('be.visible').click();\ncy.wait(5000);",
              "err": {
                "message": "AssertionError: Timed out retrying after 20000ms: Expected to find element: `//div[6]/div[2]/div/div/div[2]/img`, but never found it.",
                "estack": "AssertionError: Timed out retrying after 20000ms: Expected to find element: `//div[6]/div[2]/div/div/div[2]/img`, but never found it.\n    at Context.eval (https://qa.rch.build-release.com/__cypress/tests?p=cypress\\e2e\\Admin_Testcases\\18_Scheduled.spec.js:214:52)",
                "diff": null
              },
              "uuid": "d739b7b0-8455-4732-85fd-8c43ec52a54e",
              "parentUUID": "f831d8ba-7dbc-4af4-931f-101df30c9ec8",
              "isHook": false,
              "skipped": false
            },
            {
              "title": "As a Admin the user can should get appointment reschedule window by clicking on \"reschedule Appointment\" button",
              "fullTitle": "Scheduled Appointment Details Test cases As a Admin the user can should get appointment reschedule window by clicking on \"reschedule Appointment\" button",
              "timedOut": null,
              "duration": 20333,
              "state": "failed",
              "speed": null,
              "pass": false,
              "fail": true,
              "pending": false,
              "context": null,
              "code": "cy.xpath('//button[@textid=\"reschedule.appointment\"]').should('have.text', 'Reschedule Appointment').click();\ncy.wait(5000);\ncy.xpath('//div[1]/h3[1]/div[1]/div[1]').should('be.visible').should('have.text', 'Reschedule Appointment');",
              "err": {
                "message": "AssertionError: Timed out retrying after 20000ms: Expected to find element: `//button[@textid=\"reschedule.appointment\"]`, but never found it.",
                "estack": "AssertionError: Timed out retrying after 20000ms: Expected to find element: `//button[@textid=\"reschedule.appointment\"]`, but never found it.\n    at Context.eval (https://qa.rch.build-release.com/__cypress/tests?p=cypress\\e2e\\Admin_Testcases\\18_Scheduled.spec.js:222:60)",
                "diff": null
              },
              "uuid": "450e52a9-7403-4056-a359-b51cdab3050c",
              "parentUUID": "f831d8ba-7dbc-4af4-931f-101df30c9ec8",
              "isHook": false,
              "skipped": false
            },
            {
              "title": "At \"Appointment Reschedule\" page each label and field should have proper label and validations",
              "fullTitle": "Scheduled Appointment Details Test cases At \"Appointment Reschedule\" page each label and field should have proper label and validations",
              "timedOut": null,
              "duration": 20313,
              "state": "failed",
              "speed": null,
              "pass": false,
              "fail": true,
              "pending": false,
              "context": null,
              "code": "cy.xpath('//div[1]/h3[1]/div[1]/div[1]').should('be.visible').should('have.text', 'Reschedule Appointment');\ncy.get('div.hidden>h3>div>svg').should('be.visible');\ncy.xpath('//div[1]/form/div[1]/div[1]/label').should('be.visible').should('have.text', 'Appointment Date');\ncy.xpath('//div[1]/form/div[1]/div[1]/div').should('be.visible');\ncy.xpath('//div[1]/form/div[1]/div[2]/label').should('be.visible').should('have.text', 'Appointment Time');\ncy.xpath('//div[1]/form/div[1]/div[2]/div').should('be.visible'); // cy.xpath('//div[1]/form/div[2]/button').should('be.visible').should('have.text','Reschedule')",
              "err": {
                "message": "AssertionError: Timed out retrying after 20000ms: Expected to find element: `//div[1]/h3[1]/div[1]/div[1]`, but never found it.",
                "estack": "AssertionError: Timed out retrying after 20000ms: Expected to find element: `//div[1]/h3[1]/div[1]/div[1]`, but never found it.\n    at Context.eval (https://qa.rch.build-release.com/__cypress/tests?p=cypress\\e2e\\Admin_Testcases\\18_Scheduled.spec.js:227:46)",
                "diff": null
              },
              "uuid": "d7586f2f-bcf6-495a-a34c-0f265af756dc",
              "parentUUID": "f831d8ba-7dbc-4af4-931f-101df30c9ec8",
              "isHook": false,
              "skipped": false
            },
            {
              "title": "After Selecting Appointment date, Appointment time and by clicking on Rescheduled button the Appointment should be rescheduled",
              "fullTitle": "Scheduled Appointment Details Test cases After Selecting Appointment date, Appointment time and by clicking on Rescheduled button the Appointment should be rescheduled",
              "timedOut": null,
              "duration": 20448,
              "state": "failed",
              "speed": null,
              "pass": false,
              "fail": true,
              "pending": false,
              "context": null,
              "code": "// cy.xpath('//div[1]/form/div[1]/div[1]/div').should('be.visible').click()\ncy.get('.react-datepicker__day--025').scrollIntoView().should('be.visible').click();\ncy.xpath('//div[1]/form/div[1]/div[2]/div').should('be.visible').click();\ncy.get('.rc-time-picker-panel-select:nth-child(1)>ul>li:nth-child(2)').scrollIntoView().should('be.visible').click();\ncy.get('.rc-time-picker-panel-select:nth-child(3)>ul>li:nth-child(1)').should('be.visible').click();\ncy.xpath('//div[1]/form/div[2]/button').should('be.visible').should('have.text', 'Reschedule').click({\n  force: true\n});",
              "err": {
                "message": "AssertionError: Timed out retrying after 20000ms: Expected to find element: `.react-datepicker__day--025`, but never found it.",
                "estack": "AssertionError: Timed out retrying after 20000ms: Expected to find element: `.react-datepicker__day--025`, but never found it.\n    at Context.eval (https://qa.rch.build-release.com/__cypress/tests?p=cypress\\e2e\\Admin_Testcases\\18_Scheduled.spec.js:236:8)",
                "diff": null
              },
              "uuid": "f96b38e6-26f4-4159-a55e-35e94ad4043e",
              "parentUUID": "f831d8ba-7dbc-4af4-931f-101df30c9ec8",
              "isHook": false,
              "skipped": false
            },
            {
              "title": "The Rescheduled date and time should reflect instantly under appointment details",
              "fullTitle": "Scheduled Appointment Details Test cases The Rescheduled date and time should reflect instantly under appointment details",
              "timedOut": null,
              "duration": 20480,
              "state": "failed",
              "speed": null,
              "pass": false,
              "fail": true,
              "pending": false,
              "context": null,
              "code": "cy.xpath('//div[3]/div[1]/span').should('be.visible').should('contain', '25 202');",
              "err": {
                "message": "AssertionError: Timed out retrying after 20000ms: Expected to find element: `//div[3]/div[1]/span`, but never found it.",
                "estack": "AssertionError: Timed out retrying after 20000ms: Expected to find element: `//div[3]/div[1]/span`, but never found it.\n    at Context.eval (https://qa.rch.build-release.com/__cypress/tests?p=cypress\\e2e\\Admin_Testcases\\18_Scheduled.spec.js:245:38)",
                "diff": null
              },
              "uuid": "6354ac94-f022-41a7-893d-ca9a127443be",
              "parentUUID": "f831d8ba-7dbc-4af4-931f-101df30c9ec8",
              "isHook": false,
              "skipped": false
            },
            {
              "title": "As a Admin the user can change the provider assigned by clicking on the change provider button",
              "fullTitle": "Scheduled Appointment Details Test cases As a Admin the user can change the provider assigned by clicking on the change provider button",
              "timedOut": null,
              "duration": 20642,
              "state": "failed",
              "speed": null,
              "pass": false,
              "fail": true,
              "pending": false,
              "context": null,
              "code": "cy.xpath('//button[@textid=\"change.provider\"]').scrollIntoView().should('be.visible').should('have.text', 'Change Provider').click();\ncy.wait(3000);\ncy.xpath('//div[1]/h3[1]/div[1]/div[1]').should('be.visible').should('have.text', 'Change Provider');\ncy.get('div.hidden>h3>div>svg').should('be.visible');\ncy.xpath('//div[1]/form/div[1]/div[1]').should('be.visible').should('have.text', 'Select Provider');\ncy.xpath('//div[1]/form/div[1]/div[2]').should('be.visible').click();\ncy.wait(3000);\ncy.get('.css-11unzgr>div:nth-child(2)').click();\ncy.xpath('//div[1]/form/div[2]/label').should('be.visible').should('have.text', 'Add Comment For Provider');\ncy.xpath('//div[1]/form/div[2]/div/textarea').should('be.visible').clear().type('Value Customer');\ncy.xpath('//div[1]/form/div[3]/button').should('be.visible').should('have.text', 'Assign').click({\n  force: true\n});\ncy.wait(2000);",
              "err": {
                "message": "AssertionError: Timed out retrying after 20000ms: Expected to find element: `//button[@textid=\"change.provider\"]`, but never found it.",
                "estack": "AssertionError: Timed out retrying after 20000ms: Expected to find element: `//button[@textid=\"change.provider\"]`, but never found it.\n    at Context.eval (https://qa.rch.build-release.com/__cypress/tests?p=cypress\\e2e\\Admin_Testcases\\18_Scheduled.spec.js:248:8)",
                "diff": null
              },
              "uuid": "c35dd4f9-ba49-4ef2-a866-40e7155f6d87",
              "parentUUID": "f831d8ba-7dbc-4af4-931f-101df30c9ec8",
              "isHook": false,
              "skipped": false
            },
            {
              "title": "As a Admin the user can cancel the appointment after entering the cancellation reason by clicking on the cancel button",
              "fullTitle": "Scheduled Appointment Details Test cases As a Admin the user can cancel the appointment after entering the cancellation reason by clicking on the cancel button",
              "timedOut": null,
              "duration": 20390,
              "state": "failed",
              "speed": null,
              "pass": false,
              "fail": true,
              "pending": false,
              "context": null,
              "code": "cy.xpath('//button[@textid=\"cancel.appointment\"]').scrollIntoView().should('have.text', 'Cancel Appointment').click({\n  force: true\n});\ncy.wait(3000);\ncy.get('div.hidden>h3>div>div').should('be.visible').should('have.text', 'Confirmation');\ncy.get('div.hidden>h3>div>svg').should('be.visible');\ncy.get('div.hidden>div').should('be.visible').should('have.text', 'Are you sure, want to cancel this appointment.');\ncy.xpath('//div[1]/form[1]/div[1]/div[1]/label[1]/div[1]').should('be.visible').should('have.text', 'Reason For Cancellation');\ncy.xpath('//div[1]/form[1]/div[1]/div[1]/div[1]').should('be.visible');\ncy.xpath('//div[1]/form[1]/div[1]/div[1]/div[1]').should('be.visible').type('Provider not available');\ncy.xpath('//div[1]/form[1]/div[2]/button').should('be.visible').should('have.text', 'Cancel Appointment').click();\ncy.wait(5000);\ncy.xpath('//span[contains(text(),\"can\")]').should('be.visible').should('have.text', 'cancelled');\ncy.logout();",
              "err": {
                "message": "AssertionError: Timed out retrying after 20000ms: Expected to find element: `//button[@textid=\"cancel.appointment\"]`, but never found it.",
                "estack": "AssertionError: Timed out retrying after 20000ms: Expected to find element: `//button[@textid=\"cancel.appointment\"]`, but never found it.\n    at Context.eval (https://qa.rch.build-release.com/__cypress/tests?p=cypress\\e2e\\Admin_Testcases\\18_Scheduled.spec.js:264:8)",
                "diff": null
              },
              "uuid": "cf3052f1-f1b8-4546-8914-54937e40653f",
              "parentUUID": "f831d8ba-7dbc-4af4-931f-101df30c9ec8",
              "isHook": false,
              "skipped": false
            }
          ],
          "suites": [],
          "passes": [],
          "failures": [
            "3a55b131-9582-4159-83fa-91e7d4bcbe3f",
            "d2709e69-caa7-4fb1-98e0-1cf52d3b35df",
            "4f55ee46-f853-492d-8941-8c2811664896",
            "0731a344-6ae7-4ec5-b37e-c3117e57b4d9",
            "ee491100-16ed-40a7-9f77-436663586b2c",
            "1bcd0a24-1b16-4997-a805-cadcd51283de",
            "d3049fe1-ebf2-4065-a3b1-71b373e575cc",
            "66137f3f-bf91-4367-be28-2892eb13da8d",
            "bf8135e8-c879-4955-be50-0555b15c8c07",
            "316f2b49-5158-4ea6-bfd1-afe15435eac8",
            "d739b7b0-8455-4732-85fd-8c43ec52a54e",
            "450e52a9-7403-4056-a359-b51cdab3050c",
            "d7586f2f-bcf6-495a-a34c-0f265af756dc",
            "f96b38e6-26f4-4159-a55e-35e94ad4043e",
            "6354ac94-f022-41a7-893d-ca9a127443be",
            "c35dd4f9-ba49-4ef2-a866-40e7155f6d87",
            "cf3052f1-f1b8-4546-8914-54937e40653f"
          ],
          "pending": [],
          "skipped": [],
          "duration": 360565,
          "root": false,
          "rootEmpty": false,
          "_timeout": 2000
        }
      ],
      "passes": [],
      "failures": [],
      "pending": [],
      "skipped": [],
      "duration": 0,
      "root": true,
      "rootEmpty": true,
      "_timeout": 2000
    }
  ],
  "meta": {
    "mocha": {
      "version": "7.0.1"
    },
    "mochawesome": {
      "options": {
        "quiet": false,
        "reportFilename": "report",
        "saveHtml": true,
        "saveJson": true,
        "consoleReporter": "spec",
        "useInlineDiffs": false,
        "code": true
      },
      "version": "7.0.1"
    },
    "marge": {
      "options": {
        "reportDir": "cypress/reports",
        "reportFilename": "report",
        "overwrite": false,
        "html": true,
        "json": true,
        "charts": true
      },
      "version": "6.0.1"
    }
  }
}