{
  "stats": {
    "suites": 1,
    "tests": 6,
    "passes": 6,
    "pending": 0,
    "failures": 0,
    "start": "2022-04-20T06:01:51.223Z",
    "end": "2022-04-20T06:02:36.039Z",
    "duration": 44816,
    "testsRegistered": 6,
    "passPercent": 100,
    "pendingPercent": 0,
    "other": 0,
    "hasOther": false,
    "skipped": 0,
    "hasSkipped": false
  },
  "results": [
    {
      "uuid": "24c50dbc-c591-4d18-acfb-5aaa61fe7f02",
      "title": "",
      "fullFile": "cypress/integration/Admin_Testcases/02_Settings.spec.js",
      "file": "cypress/integration/Admin_Testcases/02_Settings.spec.js",
      "beforeHooks": [],
      "afterHooks": [],
      "tests": [],
      "suites": [
        {
          "uuid": "6efac035-1fdd-42a0-9544-11846c904a12",
          "title": "Change password Testcases",
          "fullFile": "",
          "file": "",
          "beforeHooks": [],
          "afterHooks": [],
          "tests": [
            {
              "title": "As a Admin I should be able to navigate on change password screen",
              "fullTitle": "Change password Testcases As a Admin I should be able to navigate on change password screen",
              "timedOut": null,
              "duration": 11330,
              "state": "passed",
              "speed": "slow",
              "pass": true,
              "fail": false,
              "pending": false,
              "context": null,
              "code": "cy.login();\ncy.xpath(\"//nav//div[text()='Settings']\").should('be.visible').click();\ncy.url().should('include', '/password');",
              "err": {},
              "uuid": "24d78c4a-8fb1-4a23-bd9f-deca56e42bc5",
              "parentUUID": "6efac035-1fdd-42a0-9544-11846c904a12",
              "isHook": false,
              "skipped": false
            },
            {
              "title": "At Chnage Password page each page should have proper labels",
              "fullTitle": "Change password Testcases At Chnage Password page each page should have proper labels",
              "timedOut": null,
              "duration": 1517,
              "state": "passed",
              "speed": "slow",
              "pass": true,
              "fail": false,
              "pending": false,
              "context": null,
              "code": "cy.get('.text-xl').should('be.visible').and('have.text', 'Change Password');\ncy.xpath(\"//label//div\").eq(0).should('be.visible').and('have.text', 'Old Password');\ncy.xpath(\"//label//div\").eq(1).should('be.visible').and('have.text', 'New Password');\ncy.xpath(\"//label//div\").eq(2).should('be.visible').and('have.text', 'Confirm Password');\ncy.xpath(\"//button//div[text()='Update']\").should('be.visible');",
              "err": {},
              "uuid": "fdbf3760-caaa-486c-8d5b-6821f928ad6d",
              "parentUUID": "6efac035-1fdd-42a0-9544-11846c904a12",
              "isHook": false,
              "skipped": false
            },
            {
              "title": "in empty field proper validation should appear",
              "fullTitle": "Change password Testcases in empty field proper validation should appear",
              "timedOut": null,
              "duration": 372,
              "state": "passed",
              "speed": "slow",
              "pass": true,
              "fail": false,
              "pending": false,
              "context": null,
              "code": "//empty case\ncy.xpath(\"//button//div[text()='Update']\").click();\ncy.contains(\"Old Password is required\").should('be.visible');\ncy.contains(\"New Password is required\").should('be.visible');\ncy.contains(\"New Password is required\").should('be.visible');",
              "err": {},
              "uuid": "e75c2b6e-b9ed-4783-a5a0-16f965f74b25",
              "parentUUID": "6efac035-1fdd-42a0-9544-11846c904a12",
              "isHook": false,
              "skipped": false
            },
            {
              "title": "wrong old password case should be handle proper",
              "fullTitle": "Change password Testcases wrong old password case should be handle proper",
              "timedOut": null,
              "duration": 4915,
              "state": "passed",
              "speed": "slow",
              "pass": true,
              "fail": false,
              "pending": false,
              "context": null,
              "code": "// wrong old password case \nconst password = _faker.default.name + \"@123456\";\ncy.xpath(old_password).type('123456@1235As');\ncy.xpath(new_password).type(password);\ncy.xpath(confirm_password).type(password);\ncy.xpath(\"//button//div[text()='Update']\").click();\ncy.wait(2000);",
              "err": {},
              "uuid": "bf3f2cac-75bf-4fd2-b7f3-52d6360c92ae",
              "parentUUID": "6efac035-1fdd-42a0-9544-11846c904a12",
              "isHook": false,
              "skipped": false
            },
            {
              "title": "password lenth validation should be proper",
              "fullTitle": "Change password Testcases password lenth validation should be proper",
              "timedOut": null,
              "duration": 1710,
              "state": "passed",
              "speed": "slow",
              "pass": true,
              "fail": false,
              "pending": false,
              "context": null,
              "code": "// password length validations\ncy.xpath(old_password).clear().type('1231');\ncy.xpath(new_password).clear().type('sada');\ncy.xpath(confirm_password).clear().type('d');\ncy.xpath(\"//label//div\").eq(2).click();\ncy.get('.text-red-600').eq(0).should('have.text', 'Password is too short - should be 8 chars minimum').and('be.visible');\ncy.get('.text-red-600').eq(1).should('have.text', 'Password should be atleast 8 characters and should contain combination of uppercase, lowercase & numbers').and('be.visible');\ncy.get('.text-red-600').eq(2).should('have.text', 'Both passwords need to be the same').and('be.visible');",
              "err": {},
              "uuid": "e7284cd3-4b74-48b1-8961-19e376eb688a",
              "parentUUID": "6efac035-1fdd-42a0-9544-11846c904a12",
              "isHook": false,
              "skipped": false
            },
            {
              "title": "As a Admin I should be able to change password and admin should be able to login with new password",
              "fullTitle": "Change password Testcases As a Admin I should be able to change password and admin should be able to login with new password",
              "timedOut": null,
              "duration": 9807,
              "state": "passed",
              "speed": "slow",
              "pass": true,
              "fail": false,
              "pending": false,
              "context": null,
              "code": "const cred = __webpack_require__(/*! ../../fixtures/cred.json */ \"./cypress/fixtures/cred.json\");\ncy.xpath(old_password).clear().type(cred.password);\ncy.xpath(new_password).clear().type('Passcode@123');\ncy.xpath(confirm_password).clear().type('Passcode@123');\ncy.xpath(\"//button//div[text()='Update']\").click();\ncy.xpath(\"//div[text()='Sign In']\").should('be.visible');\ncy.contains('changed', {\n  matchCase: false\n});\ncy.get(':nth-child(1) > .mt-1 > .appearance-none').type(cred.email);\ncy.get(':nth-child(2) > .mt-1 > .appearance-none').type('Passcode@123');\ncy.get('.mt-3 > .flex').click();\ncy.xpath(\"//nav//div[text()='Settings']\").should('be.visible').click();\ncy.xpath(old_password).clear().type('Passcode@123');\ncy.xpath(new_password).clear().type(cred.password);\ncy.xpath(confirm_password).clear().type(cred.password);\ncy.xpath(\"//button//div[text()='Update']\").click();",
              "err": {},
              "uuid": "d98b47cf-9e28-4a1d-a8b0-93c42aa28a7f",
              "parentUUID": "6efac035-1fdd-42a0-9544-11846c904a12",
              "isHook": false,
              "skipped": false
            }
          ],
          "suites": [],
          "passes": [
            "24d78c4a-8fb1-4a23-bd9f-deca56e42bc5",
            "fdbf3760-caaa-486c-8d5b-6821f928ad6d",
            "e75c2b6e-b9ed-4783-a5a0-16f965f74b25",
            "bf3f2cac-75bf-4fd2-b7f3-52d6360c92ae",
            "e7284cd3-4b74-48b1-8961-19e376eb688a",
            "d98b47cf-9e28-4a1d-a8b0-93c42aa28a7f"
          ],
          "failures": [],
          "pending": [],
          "skipped": [],
          "duration": 29651,
          "root": false,
          "rootEmpty": false,
          "_timeout": 2000
        }
      ],
      "passes": [],
      "failures": [],
      "pending": [],
      "skipped": [],
      "duration": 0,
      "root": true,
      "rootEmpty": true,
      "_timeout": 2000
    }
  ],
  "meta": {
    "mocha": {
      "version": "7.0.1"
    },
    "mochawesome": {
      "options": {
        "quiet": false,
        "reportFilename": "report",
        "saveHtml": true,
        "saveJson": true,
        "consoleReporter": "spec",
        "useInlineDiffs": false,
        "code": true
      },
      "version": "7.0.1"
    },
    "marge": {
      "options": {
        "reportDir": "cypress/reports",
        "reportFilename": "report",
        "overwrite": false,
        "html": true,
        "json": true,
        "charts": true
      },
      "version": "6.0.1"
    }
  }
}