{
  "stats": {
    "suites": 1,
    "tests": 5,
    "passes": 5,
    "pending": 0,
    "failures": 0,
    "start": "2021-09-21T11:33:47.831Z",
    "end": "2021-09-21T11:33:59.790Z",
    "duration": 11959,
    "testsRegistered": 5,
    "passPercent": 100,
    "pendingPercent": 0,
    "other": 0,
    "hasOther": false,
    "skipped": 0,
    "hasSkipped": false
  },
  "results": [
    {
      "uuid": "cbeb9aaf-776c-445a-82bc-37426418fd81",
      "title": "",
      "fullFile": "cypress/integration/Patient_Testcases/02_Signin.spec.js",
      "file": "cypress/integration/Patient_Testcases/02_Signin.spec.js",
      "beforeHooks": [],
      "afterHooks": [],
      "tests": [],
      "suites": [
        {
          "uuid": "c3344386-228c-40e7-b82b-23ddbb10cf98",
          "title": "signin module test cases",
          "fullFile": "",
          "file": "",
          "beforeHooks": [],
          "afterHooks": [],
          "tests": [
            {
              "title": "As a patient the user should be navigated to the sign in page after clicking signin/signup button on landing page",
              "fullTitle": "signin module test cases As a patient the user should be navigated to the sign in page after clicking signin/signup button on landing page",
              "timedOut": null,
              "duration": 6215,
              "state": "passed",
              "speed": "slow",
              "pass": true,
              "fail": false,
              "pending": false,
              "context": null,
              "code": "cy.visit(cred.PatientUrl);\ncy.url().should('eq', cred.PatientUrl);\ncy.get('#root > div:nth-child(2) > div > div:nth-child(1) > div > div>div:nth-child(2)').should('be.visible').should('have.text', 'Sign In / Sign Up').click();\ncy.url().should('contain', '/login');\ncy.get('[alt=logo]').should('be.visible');",
              "err": {},
              "uuid": "a0ec513c-2567-4e43-990c-a7ef8d6a73db",
              "parentUUID": "c3344386-228c-40e7-b82b-23ddbb10cf98",
              "isHook": false,
              "skipped": false
            },
            {
              "title": "At Sign In page each label and field should have proper label and validations",
              "fullTitle": "signin module test cases At Sign In page each label and field should have proper label and validations",
              "timedOut": null,
              "duration": 337,
              "state": "passed",
              "speed": "slow",
              "pass": true,
              "fail": false,
              "pending": false,
              "context": null,
              "code": "cy.get('.p-10 > :nth-child(1) > img').should('be.visible');\ncy.get('.p-10 > :nth-child(1)').should('be.visible').should('have.text', 'LX Medical');\ncy.get('.text-2xl').should('be.visible').should('have.text', 'Sign In');\ncy.get('.grid > :nth-child(1) > .text-sm > div').should('be.visible').should('have.text', 'Email');\ncy.get(':nth-child(2) > .text-sm > div').should('be.visible').should('have.text', 'Password');\ncy.get('.ml-2 > div').should('be.visible').should('have.text', 'Remember me');\ncy.get(':nth-child(1) > .flex > .h-4').should('be.visible').should('not.be.checked');\ncy.get('.justify-between > a > .text-primary').should('be.visible').should('have.text', 'Forgot Password?');\ncy.get('[href=\"/signup\"] > .flex').should('be.visible').should('contain', 'Create');",
              "err": {},
              "uuid": "8c8044a6-02bb-4401-acb2-57afd4bb70e1",
              "parentUUID": "c3344386-228c-40e7-b82b-23ddbb10cf98",
              "isHook": false,
              "skipped": false
            },
            {
              "title": "As a patient the user should unable to login with no data",
              "fullTitle": "signin module test cases As a patient the user should unable to login with no data",
              "timedOut": null,
              "duration": 251,
              "state": "passed",
              "speed": "slow",
              "pass": true,
              "fail": false,
              "pending": false,
              "context": null,
              "code": "cy.get('.border-2').should('be.visible').should('have.text', 'Sign In').click();\ncy.get(':nth-child(1) > .text-red-600').should('be.visible').should('have.text', 'Required');\ncy.get(':nth-child(2) > .text-red-600').should('be.visible').should('have.text', 'Required');",
              "err": {},
              "uuid": "321ea59e-1ba5-4d5f-ae4a-ce685da878d5",
              "parentUUID": "c3344386-228c-40e7-b82b-23ddbb10cf98",
              "isHook": false,
              "skipped": false
            },
            {
              "title": "As a Patient the user should unable to login with invalid credentials",
              "fullTitle": "signin module test cases As a Patient the user should unable to login with invalid credentials",
              "timedOut": null,
              "duration": 1388,
              "state": "passed",
              "speed": "slow",
              "pass": true,
              "fail": false,
              "pending": false,
              "context": null,
              "code": "cy.get(':nth-child(1) > .mt-1 > .appearance-none').should('be.visible').type('pp@mailinator.com');\ncy.get(':nth-child(2) > .mt-1 > .appearance-none').should('be.visible').type('password');\ncy.get('.border-2').should('be.visible').should('have.text', 'Sign In').click();\ncy.contains('Incorrect Email or Password');",
              "err": {},
              "uuid": "29b1876a-8158-4364-a106-17550fcecdc0",
              "parentUUID": "c3344386-228c-40e7-b82b-23ddbb10cf98",
              "isHook": false,
              "skipped": false
            },
            {
              "title": "As a patient the user should able to login with credentials",
              "fullTitle": "signin module test cases As a patient the user should able to login with credentials",
              "timedOut": null,
              "duration": 1680,
              "state": "passed",
              "speed": "slow",
              "pass": true,
              "fail": false,
              "pending": false,
              "context": null,
              "code": "cy.get(':nth-child(1) > .mt-1 > .appearance-none').should('be.visible').clear().type(cred.pemail);\ncy.get(':nth-child(2) > .mt-1 > .appearance-none').should('be.visible').clear().type(cred.ppassword);\ncy.get('.border-2').should('be.visible').should('have.text', 'Sign In').click();\ncy.url().should('contain', '/home');",
              "err": {},
              "uuid": "63e9a587-e224-4582-9101-9a57351e5fe1",
              "parentUUID": "c3344386-228c-40e7-b82b-23ddbb10cf98",
              "isHook": false,
              "skipped": false
            }
          ],
          "suites": [],
          "passes": [
            "a0ec513c-2567-4e43-990c-a7ef8d6a73db",
            "8c8044a6-02bb-4401-acb2-57afd4bb70e1",
            "321ea59e-1ba5-4d5f-ae4a-ce685da878d5",
            "29b1876a-8158-4364-a106-17550fcecdc0",
            "63e9a587-e224-4582-9101-9a57351e5fe1"
          ],
          "failures": [],
          "pending": [],
          "skipped": [],
          "duration": 9871,
          "root": false,
          "rootEmpty": false,
          "_timeout": 2000
        }
      ],
      "passes": [],
      "failures": [],
      "pending": [],
      "skipped": [],
      "duration": 0,
      "root": true,
      "rootEmpty": true,
      "_timeout": 2000
    }
  ],
  "meta": {
    "mocha": {
      "version": "7.0.1"
    },
    "mochawesome": {
      "options": {
        "quiet": false,
        "reportFilename": "report",
        "saveHtml": true,
        "saveJson": true,
        "consoleReporter": "spec",
        "useInlineDiffs": false,
        "code": true
      },
      "version": "6.2.2"
    },
    "marge": {
      "options": {
        "reportDir": "cypress/reports",
        "reportFilename": "report",
        "overwrite": false,
        "html": true,
        "json": true,
        "charts": true
      },
      "version": "5.2.0"
    }
  }
}