{
  "stats": {
    "suites": 1,
    "tests": 7,
    "passes": 0,
    "pending": 0,
    "failures": 7,
    "start": "2021-12-29T06:51:47.281Z",
    "end": "2021-12-29T06:54:35.722Z",
    "duration": 168441,
    "testsRegistered": 7,
    "passPercent": 0,
    "pendingPercent": 0,
    "other": 0,
    "hasOther": false,
    "skipped": 0,
    "hasSkipped": false
  },
  "results": [
    {
      "uuid": "6b916fdb-dbf9-48bd-a90f-e57552fc72aa",
      "title": "",
      "fullFile": "cypress/integration/Admin_Testcases/05_provider.spec.js",
      "file": "cypress/integration/Admin_Testcases/05_provider.spec.js",
      "beforeHooks": [],
      "afterHooks": [],
      "tests": [],
      "suites": [
        {
          "uuid": "1df96eec-75ec-4fd5-a051-d86f9393ccfa",
          "title": "Provider module testcases",
          "fullFile": "",
          "file": "",
          "beforeHooks": [],
          "afterHooks": [],
          "tests": [
            {
              "title": "As a Admin I should be albe to navigate on invited provider listing page",
              "fullTitle": "Provider module testcases As a Admin I should be albe to navigate on invited provider listing page",
              "timedOut": null,
              "duration": 83905,
              "state": "failed",
              "speed": null,
              "pass": false,
              "fail": true,
              "pending": false,
              "context": null,
              "code": "cy.login();\ncy.get('.space-y-4 > :nth-child(5)').should('be.visible').click();\ncy.url().should('include', '/invitation');",
              "err": {
                "message": "AssertionError: Timed out retrying after 15000ms: Expected to find element: `//input[@name='email']`, but never found it.",
                "estack": "AssertionError: Timed out retrying after 15000ms: Expected to find element: `//input[@name='email']`, but never found it.\n    at Context.eval (https://staging.rch.build-release.com/__cypress/tests?p=cypress\\support\\index.js:251:6)",
                "diff": null
              },
              "uuid": "a8ab90ee-960d-4363-b0b8-66c1d0036a0a",
              "parentUUID": "1df96eec-75ec-4fd5-a051-d86f9393ccfa",
              "isHook": false,
              "skipped": false
            },
            {
              "title": "At invited providers page each label and field should have proper label and proper validations",
              "fullTitle": "Provider module testcases At invited providers page each label and field should have proper label and proper validations",
              "timedOut": null,
              "duration": 15268,
              "state": "failed",
              "speed": null,
              "pass": false,
              "fail": true,
              "pending": false,
              "context": null,
              "code": "cy.get('thead > tr > :nth-child(1) > div').should('be.visible').and('have.text', 'Email/Phone');\ncy.get('tr > :nth-child(2) > div').should('be.visible').and('have.text', 'Invited On');\ncy.get('tr > :nth-child(3) > div').should('be.visible').and('have.text', 'Status');\ncy.get('tr > :nth-child(4) > div').should('be.visible').and('have.text', 'Action');\ncy.xpath(\"//button[@textid='provider.invite']\").should('have.text', 'Invite Provider');\ncy.get('.flex-wrap > .flex').should('be.visible').and('have.text', 'Invite Provider');",
              "err": {
                "message": "AssertionError: Timed out retrying after 15000ms: Expected to find element: `thead > tr > :nth-child(1) > div`, but never found it.",
                "estack": "AssertionError: Timed out retrying after 15000ms: Expected to find element: `thead > tr > :nth-child(1) > div`, but never found it.\n    at Context.eval (https://staging.rch.build-release.com/__cypress/tests?p=cypress\\integration\\Admin_Testcases\\05_provider.spec.js:129:48)",
                "diff": null
              },
              "uuid": "f8a5080d-681d-4793-a11d-e3cb98d719cf",
              "parentUUID": "1df96eec-75ec-4fd5-a051-d86f9393ccfa",
              "isHook": false,
              "skipped": false
            },
            {
              "title": "As a Admin I should be albe to get a pop up window of invite provider by clicking on invite provider button",
              "fullTitle": "Provider module testcases As a Admin I should be albe to get a pop up window of invite provider by clicking on invite provider button",
              "timedOut": null,
              "duration": 15219,
              "state": "failed",
              "speed": null,
              "pass": false,
              "fail": true,
              "pending": false,
              "context": null,
              "code": "cy.get('.flex-wrap > .flex').should('be.visible').and('have.text', 'Invite Provider').click();\ncy.get('div.my-5.text-primary.text-base.font-bold').should('be.visible');",
              "err": {
                "message": "AssertionError: Timed out retrying after 15000ms: Expected to find element: `.flex-wrap > .flex`, but never found it.",
                "estack": "AssertionError: Timed out retrying after 15000ms: Expected to find element: `.flex-wrap > .flex`, but never found it.\n    at Context.eval (https://staging.rch.build-release.com/__cypress/tests?p=cypress\\integration\\Admin_Testcases\\05_provider.spec.js:137:34)",
                "diff": null
              },
              "uuid": "98912a18-a1f9-4c86-829f-6fa335bbdca9",
              "parentUUID": "1df96eec-75ec-4fd5-a051-d86f9393ccfa",
              "isHook": false,
              "skipped": false
            },
            {
              "title": "At invited providers pop up window each label and field should have proper label and proper validations",
              "fullTitle": "Provider module testcases At invited providers pop up window each label and field should have proper label and proper validations",
              "timedOut": null,
              "duration": 15371,
              "state": "failed",
              "speed": null,
              "pass": false,
              "fail": true,
              "pending": false,
              "context": null,
              "code": "cy.get('.my-5').should('be.visible').should('have.text', 'Invite Provider');\ncy.get('.w-5').should('be.visible');\ncy.xpath('//label').eq(0).should('be.visible').and('have.text', 'Phone');\ncy.xpath('//label').eq(1).should('be.visible').and('have.text', 'Email');\ncy.xpath('//label').eq(2).should('be.visible').and('have.text', 'Both');\ncy.xpath('//label').eq(3).should('be.visible').and('have.text', 'Email');\ncy.xpath(\"//input[@type='radio']\").should('be.checked');\ncy.get('.appearance-none').clear().type('sdada@dada@asd.com');\ncy.get('#update-profile').click();\ncy.get('.text-red-600').should('be.visible').and('have.text', 'Please enter valid email');",
              "err": {
                "message": "AssertionError: Timed out retrying after 15000ms: Expected to find element: `.my-5`, but never found it.",
                "estack": "AssertionError: Timed out retrying after 15000ms: Expected to find element: `.my-5`, but never found it.\n    at Context.eval (https://staging.rch.build-release.com/__cypress/tests?p=cypress\\integration\\Admin_Testcases\\05_provider.spec.js:141:21)",
                "diff": null
              },
              "uuid": "518f8a12-5479-4cc2-b07d-20d1ab8f32d9",
              "parentUUID": "1df96eec-75ec-4fd5-a051-d86f9393ccfa",
              "isHook": false,
              "skipped": false
            },
            {
              "title": "As a Admin I shoual be able to invite provider",
              "fullTitle": "Provider module testcases As a Admin I shoual be able to invite provider",
              "timedOut": null,
              "duration": 659,
              "state": "failed",
              "speed": null,
              "pass": false,
              "fail": true,
              "pending": false,
              "context": null,
              "code": "const email = _faker.default.name.firstName() + '@mailinator.com';\ncy.get('.appearance-none').clear().type(email);\ncy.get('#update-profile').click();\ncy.writeFile('cypress/fixtures/provider.json', {\n  email: email\n});\ncy.contains('Invitation sent successfully.');",
              "err": {
                "message": "CypressError: `cy.type()` can only be called on a single element. Your subject contained 2 elements.\n\nhttps://on.cypress.io/type",
                "estack": "CypressError: `cy.type()` can only be called on a single element. Your subject contained 2 elements.\n\nhttps://on.cypress.io/type\n    at Context.type (https://staging.rch.build-release.com/__cypress/runner/cypress_runner.js:151560:76)\n    at Context.<anonymous> (https://staging.rch.build-release.com/__cypress/runner/cypress_runner.js:169833:23)\nFrom Your Spec Code:\n    at Context.eval (https://staging.rch.build-release.com/__cypress/tests?p=cypress\\integration\\Admin_Testcases\\05_provider.spec.js:154:40)",
                "diff": null
              },
              "uuid": "49b61019-756a-4691-884a-6f20edd5187b",
              "parentUUID": "1df96eec-75ec-4fd5-a051-d86f9393ccfa",
              "isHook": false,
              "skipped": false
            },
            {
              "title": "As a Admin I should be able to see invited provider into the provider list",
              "fullTitle": "Provider module testcases As a Admin I should be able to see invited provider into the provider list",
              "timedOut": null,
              "duration": 15242,
              "state": "failed",
              "speed": null,
              "pass": false,
              "fail": true,
              "pending": false,
              "context": null,
              "code": "cy.readFile('cypress/fixtures/provider.json').then(provider => {\n  cy.get('.space-y-4 > .bg-white').click();\n  cy.get(':nth-child(1) > :nth-child(1) > div > .text-gray-900').should('be.visible').and('have.text', provider.email.toLowerCase());\n});",
              "err": {
                "message": "AssertionError: Timed out retrying after 15000ms: Expected to find element: `.space-y-4 > .bg-white`, but never found it.",
                "estack": "AssertionError: Timed out retrying after 15000ms: Expected to find element: `.space-y-4 > .bg-white`, but never found it.\n    at Context.eval (https://staging.rch.build-release.com/__cypress/tests?p=cypress\\integration\\Admin_Testcases\\05_provider.spec.js:163:10)",
                "diff": null
              },
              "uuid": "a6f816c2-db6b-437a-b3c1-b1bf1a74c67b",
              "parentUUID": "1df96eec-75ec-4fd5-a051-d86f9393ccfa",
              "isHook": false,
              "skipped": false
            },
            {
              "title": "As a Admin I should be able to able to resend the password",
              "fullTitle": "Provider module testcases As a Admin I should be able to able to resend the password",
              "timedOut": null,
              "duration": 15264,
              "state": "failed",
              "speed": null,
              "pass": false,
              "fail": true,
              "pending": false,
              "context": null,
              "code": "cy.xpath(\"//div[@textid='resend']\").first().click();\ncy.contains(\"Invitation sent successfully.\").should('be.visible');\ncy.logout();",
              "err": {
                "message": "AssertionError: Timed out retrying after 15000ms: Expected to find element: `//div[@textid='resend']`, but never found it.",
                "estack": "AssertionError: Timed out retrying after 15000ms: Expected to find element: `//div[@textid='resend']`, but never found it.\n    at Context.eval (https://staging.rch.build-release.com/__cypress/tests?p=cypress\\integration\\Admin_Testcases\\05_provider.spec.js:168:8)",
                "diff": null
              },
              "uuid": "c487a465-7e14-442a-b476-5734cd021e42",
              "parentUUID": "1df96eec-75ec-4fd5-a051-d86f9393ccfa",
              "isHook": false,
              "skipped": false
            }
          ],
          "suites": [],
          "passes": [],
          "failures": [
            "a8ab90ee-960d-4363-b0b8-66c1d0036a0a",
            "f8a5080d-681d-4793-a11d-e3cb98d719cf",
            "98912a18-a1f9-4c86-829f-6fa335bbdca9",
            "518f8a12-5479-4cc2-b07d-20d1ab8f32d9",
            "49b61019-756a-4691-884a-6f20edd5187b",
            "a6f816c2-db6b-437a-b3c1-b1bf1a74c67b",
            "c487a465-7e14-442a-b476-5734cd021e42"
          ],
          "pending": [],
          "skipped": [],
          "duration": 160928,
          "root": false,
          "rootEmpty": false,
          "_timeout": 2000
        }
      ],
      "passes": [],
      "failures": [],
      "pending": [],
      "skipped": [],
      "duration": 0,
      "root": true,
      "rootEmpty": true,
      "_timeout": 2000
    }
  ],
  "meta": {
    "mocha": {
      "version": "7.0.1"
    },
    "mochawesome": {
      "options": {
        "quiet": false,
        "reportFilename": "report",
        "saveHtml": true,
        "saveJson": true,
        "consoleReporter": "spec",
        "useInlineDiffs": false,
        "code": true
      },
      "version": "7.0.1"
    },
    "marge": {
      "options": {
        "reportDir": "cypress/reports",
        "reportFilename": "report",
        "overwrite": false,
        "html": true,
        "json": true,
        "charts": true
      },
      "version": "6.0.1"
    }
  }
}