{
  "stats": {
    "suites": 1,
    "tests": 13,
    "passes": 13,
    "pending": 0,
    "failures": 0,
    "start": "2022-09-19T12:47:25.345Z",
    "end": "2022-09-19T12:49:40.341Z",
    "duration": 134996,
    "testsRegistered": 13,
    "passPercent": 100,
    "pendingPercent": 0,
    "other": 0,
    "hasOther": false,
    "skipped": 0,
    "hasSkipped": false
  },
  "results": [
    {
      "uuid": "ba9eb47b-4d8e-4df6-a0a2-037736195057",
      "title": "",
      "fullFile": "cypress\\e2e\\Admin_Testcases\\06_Providers.spec.js",
      "file": "cypress\\e2e\\Admin_Testcases\\06_Providers.spec.js",
      "beforeHooks": [],
      "afterHooks": [],
      "tests": [],
      "suites": [
        {
          "uuid": "d1cf7eea-e912-4506-93d2-25d11b028d84",
          "title": "providers module test case",
          "fullFile": "",
          "file": "",
          "beforeHooks": [],
          "afterHooks": [],
          "tests": [
            {
              "title": "As a admin the user should be navigated to the provides page by clicking on providers tab",
              "fullTitle": "providers module test case As a admin the user should be navigated to the provides page by clicking on providers tab",
              "timedOut": null,
              "duration": 10766,
              "state": "passed",
              "speed": "slow",
              "pass": true,
              "fail": false,
              "pending": false,
              "context": null,
              "code": "cy.login();\ncy.get('.space-y-4 > :nth-child(3)').should('be.visible').and('have.text', 'Providers').click();\ncy.url().should('contain', '/providers');",
              "err": {},
              "uuid": "aa7edefa-408f-4a9d-a2de-32552d0f79db",
              "parentUUID": "d1cf7eea-e912-4506-93d2-25d11b028d84",
              "isHook": false,
              "skipped": false
            },
            {
              "title": "At providers page each label and field should have proper label and proper validations",
              "fullTitle": "providers module test case At providers page each label and field should have proper label and proper validations",
              "timedOut": null,
              "duration": 1517,
              "state": "passed",
              "speed": "fast",
              "pass": true,
              "fail": false,
              "pending": false,
              "context": null,
              "code": "cy.get('div.font-bold').should('be.visible').should('contain', 'Providers');\ncy.get('table>thead>tr>th:nth-child(1)>div').should('be.visible').should('have.text', 'Full Name');\ncy.get('table>thead>tr>th:nth-child(2)>div').should('be.visible').should('have.text', 'Email');\ncy.get('table>thead>tr>th:nth-child(3)>div').should('be.visible').should('have.text', 'Mobile Number');\ncy.get('table>thead>tr>th:nth-child(4)>div').should('be.visible').should('have.text', 'Provider Type');\ncy.get('table>thead>tr>th:nth-child(5)>div').should('be.visible').should('have.text', 'Joined On');\ncy.get('table>thead>tr>th:nth-child(6)>div').should('be.visible').should('have.text', 'Status');\ncy.get('table>thead>tr>th:nth-child(7)>div').should('be.visible').should('have.text', 'Action');\ncy.get('[type=search]').invoke('attr', 'placeholder').should('contain', 'Search for name or email.');\ncy.xpath('//div[contains(text(),\"Ad\")]').should('be.visible').should('contain', 'Add Filter');\ncy.xpath(\"//button[@textid='provider.invite']\").should('be.visible').should('have.text', 'Invite Provider');\ncy.xpath(\"//button[@textid='admin.pending.invites']\").should('be.visible').should('have.text', 'Pending Invitations'); // cy.get('.mt-1:nth-child(2)').should('be.visible').should('have.text','Next')",
              "err": {},
              "uuid": "b611e463-d3eb-449f-a212-d1ce1f5d4233",
              "parentUUID": "d1cf7eea-e912-4506-93d2-25d11b028d84",
              "isHook": false,
              "skipped": false
            },
            {
              "title": "As a admin the user should be able to go the next page of the providers list by clicking on next button",
              "fullTitle": "providers module test case As a admin the user should be able to go the next page of the providers list by clicking on next button",
              "timedOut": null,
              "duration": 47,
              "state": "passed",
              "speed": "fast",
              "pass": true,
              "fail": false,
              "pending": false,
              "context": null,
              "code": "// cy.get('.mt-1:nth-child(2)').should('be.visible').should('have.text','Next').click()",
              "err": {},
              "uuid": "aadd83bd-b519-4ec7-b9e4-e8d0c9b7213a",
              "parentUUID": "d1cf7eea-e912-4506-93d2-25d11b028d84",
              "isHook": false,
              "skipped": false
            },
            {
              "title": "As a admin the user should be able to go the previous page of the providers list by clicking on previous button",
              "fullTitle": "providers module test case As a admin the user should be able to go the previous page of the providers list by clicking on previous button",
              "timedOut": null,
              "duration": 44,
              "state": "passed",
              "speed": "fast",
              "pass": true,
              "fail": false,
              "pending": false,
              "context": null,
              "code": "// cy.get('.mt-1:nth-child(1)').should('be.visible').should('have.text','Previous').click()",
              "err": {},
              "uuid": "2d3b1ab0-0e6c-437e-8dd4-ebbf40bb1f3b",
              "parentUUID": "d1cf7eea-e912-4506-93d2-25d11b028d84",
              "isHook": false,
              "skipped": false
            },
            {
              "title": "As a admin the user should be able to search any prodvider with his name or email",
              "fullTitle": "providers module test case As a admin the user should be able to search any prodvider with his name or email",
              "timedOut": null,
              "duration": 7894,
              "state": "passed",
              "speed": "medium",
              "pass": true,
              "fail": false,
              "pending": false,
              "context": null,
              "code": "cy.xpath('//tr[1]/td[2]/div/p').invoke('text').then(text1 => {\n  cy.get('[type=search]').should('be.visible').type(text1);\n});\ncy.wait(5000);\ncy.get('[type=search]').should('be.visible').clear();\ncy.wait(2000);",
              "err": {},
              "uuid": "8d99d606-290f-4e67-94dc-91f2807f858a",
              "parentUUID": "d1cf7eea-e912-4506-93d2-25d11b028d84",
              "isHook": false,
              "skipped": false
            },
            {
              "title": "As a admin the user should be navigated to the pending invitations page by clicking on \"Pending Invitations\" button.",
              "fullTitle": "providers module test case As a admin the user should be navigated to the pending invitations page by clicking on \"Pending Invitations\" button.",
              "timedOut": null,
              "duration": 12953,
              "state": "passed",
              "speed": "slow",
              "pass": true,
              "fail": false,
              "pending": false,
              "context": null,
              "code": "cy.xpath(\"//button[@textid='admin.pending.invites']\").scrollIntoView().should('be.visible').should('have.text', 'Pending Invitations').click({\n  force: true\n});\ncy.wait(4000);\ncy.url().should('contain', '/invitation');\ncy.wait(4000);\ncy.get('div.flex.flex-wrap>svg').should('be.visible').click();\ncy.wait(4000);\ncy.url().should('contain', '/providers');",
              "err": {},
              "uuid": "db4aa645-f0f5-4ed4-b8f9-e6d58addd872",
              "parentUUID": "d1cf7eea-e912-4506-93d2-25d11b028d84",
              "isHook": false,
              "skipped": false
            },
            {
              "title": "As a admin the user should be navigated to the profile details of any provider by clicking on eye button against that particular provider",
              "fullTitle": "providers module test case As a admin the user should be navigated to the profile details of any provider by clicking on eye button against that particular provider",
              "timedOut": null,
              "duration": 1483,
              "state": "passed",
              "speed": "fast",
              "pass": true,
              "fail": false,
              "pending": false,
              "context": null,
              "code": "cy.get('tr:nth-child(1) > td:nth-child(7) > div > svg:nth-child(1)').scrollIntoView().should('be.visible').click({\n  force: true\n});\ncy.get('.py-8 > .font-bold').should('be.visible').should('contain', 'Provider Details');\ncy.get('.border-b-2').should('be.visible').should('contain', 'Address');\ncy.xpath('//div[contains(text(),\"Line 1\")]').should('be.visible').should('have.text', 'Address Line 1');\ncy.xpath('//div[contains(text(),\"Line 2\")]').should('be.visible').should('have.text', 'Address Line 2');\ncy.xpath('//div[contains(text(),\"Po\")]').should('be.visible').should('have.text', 'Postal Code');\ncy.xpath('//div[contains(text(),\"Ci\")]').should('be.visible').should('have.text', 'City');\ncy.xpath('//div[contains(text(),\"St\")]').should('be.visible').should('have.text', 'State');",
              "err": {},
              "uuid": "391b9d6d-d046-454a-9779-e827ac29e84a",
              "parentUUID": "d1cf7eea-e912-4506-93d2-25d11b028d84",
              "isHook": false,
              "skipped": false
            },
            {
              "title": "As a admin the user should be navigted back to the providers page by clicking on back arrow on profile details page",
              "fullTitle": "providers module test case As a admin the user should be navigted back to the providers page by clicking on back arrow on profile details page",
              "timedOut": null,
              "duration": 308,
              "state": "passed",
              "speed": "fast",
              "pass": true,
              "fail": false,
              "pending": false,
              "context": null,
              "code": "cy.get('.py-8 > .h-6').should('be.visible').click();\ncy.url().should('contain', '/providers');",
              "err": {},
              "uuid": "fd8e502f-6f28-4416-9cb1-3618b5572b7b",
              "parentUUID": "d1cf7eea-e912-4506-93d2-25d11b028d84",
              "isHook": false,
              "skipped": false
            },
            {
              "title": "As a Admin the user should get a pop up of invite provider by Clicking on the \"Invite Provider\" button.",
              "fullTitle": "providers module test case As a Admin the user should get a pop up of invite provider by Clicking on the \"Invite Provider\" button.",
              "timedOut": null,
              "duration": 2553,
              "state": "passed",
              "speed": "fast",
              "pass": true,
              "fail": false,
              "pending": false,
              "context": null,
              "code": "cy.xpath(\"//button[@textid='provider.invite']\").should('be.visible').should('have.text', 'Invite Provider').click();\ncy.wait(2000);\ncy.get('div.hidden>h3>div>svg').should('be.visible').click();",
              "err": {},
              "uuid": "d11282f3-5df9-4f70-9400-1234cfb56c54",
              "parentUUID": "d1cf7eea-e912-4506-93d2-25d11b028d84",
              "isHook": false,
              "skipped": false
            },
            {
              "title": "As a Admin the user can chat with provider by clicking on the chat icon against that provider",
              "fullTitle": "providers module test case As a Admin the user can chat with provider by clicking on the chat icon against that provider",
              "timedOut": null,
              "duration": 4575,
              "state": "passed",
              "speed": "fast",
              "pass": true,
              "fail": false,
              "pending": false,
              "context": null,
              "code": "cy.get('tr:nth-child(1) > td:nth-child(7) > div>div>img').scrollIntoView().should('be.visible').click({\n  force: true\n});\ncy.wait(2000);\ncy.get('div.flex.flex-wrap>svg').scrollIntoView().click();\ncy.wait(2000);",
              "err": {},
              "uuid": "016ff6ec-555f-4c76-b369-4b32382c79c5",
              "parentUUID": "d1cf7eea-e912-4506-93d2-25d11b028d84",
              "isHook": false,
              "skipped": false
            },
            {
              "title": "As a Admin the user can enable or disable any provider with the help of toggle icon under status",
              "fullTitle": "providers module test case As a Admin the user can enable or disable any provider with the help of toggle icon under status",
              "timedOut": null,
              "duration": 9016,
              "state": "passed",
              "speed": "medium",
              "pass": true,
              "fail": false,
              "pending": false,
              "context": null,
              "code": "cy.get('tr:nth-child(1)>td:nth-child(6)>button').scrollIntoView().should('be.visible').click({\n  force: true\n});\ncy.wait(2000);\ncy.xpath('//div[1]/div[2]/button[1]').click();\ncy.wait(2000);\ncy.get('tr:nth-child(1)>td:nth-child(6)>button').scrollIntoView().should('be.visible').click({\n  force: true\n});\ncy.wait(2000);\ncy.xpath('//div[1]/div[2]/button[1]').click();\ncy.wait(2000);",
              "err": {},
              "uuid": "22977127-5456-41fd-ae0e-a78ec414dc84",
              "parentUUID": "d1cf7eea-e912-4506-93d2-25d11b028d84",
              "isHook": false,
              "skipped": false
            },
            {
              "title": "As a Admin the user can change the view of the providers by using filter on full name which make the provider list in alphabetical order from a-z or Z-a",
              "fullTitle": "providers module test case As a Admin the user can change the view of the providers by using filter on full name which make the provider list in alphabetical order from a-z or Z-a",
              "timedOut": null,
              "duration": 4527,
              "state": "passed",
              "speed": "fast",
              "pass": true,
              "fail": false,
              "pending": false,
              "context": null,
              "code": "cy.get('table>thead>tr>th:nth-child(1)>span>svg:nth-child(1)').should('be.visible').click({\n  force: true\n});\ncy.wait(2000);\ncy.get('table>thead>tr>th:nth-child(1)>span>svg:nth-child(2)').should('be.visible').click({\n  force: true\n});\ncy.wait(2000);",
              "err": {},
              "uuid": "2fb5f740-2a8b-40e5-abb5-1dd5cf5c4355",
              "parentUUID": "d1cf7eea-e912-4506-93d2-25d11b028d84",
              "isHook": false,
              "skipped": false
            },
            {
              "title": "As a admin the user can filter the providers based on the provider type like Md,Do etc.",
              "fullTitle": "providers module test case As a admin the user can filter the providers based on the provider type like Md,Do etc.",
              "timedOut": null,
              "duration": 69982,
              "state": "passed",
              "speed": "slow",
              "pass": true,
              "fail": false,
              "pending": false,
              "context": null,
              "code": "cy.xpath('//div[contains(text(),\"Add Filter\")]').should('be.visible').click();\ncy.wait(2000);\ncy.get('div.py-1>div:nth-child(1)').should('be.visible').should('contain', 'md').click();\ncy.wait(2000);\ncy.get('div.flex.flex-wrap>div:nth-child(2)>div:nth-child(1)>svg').should('be.visible').click();\ncy.wait(2000);\ncy.xpath('//div[contains(text(),\"Add Filter\")]').should('be.visible').click();\ncy.wait(2000);\ncy.get('div.py-1>div:nth-child(2)').should('be.visible').should('contain', 'do').click();\ncy.wait(2000);\ncy.get('div.flex.flex-wrap>div:nth-child(2)>div:nth-child(1)>svg').should('be.visible').click();\ncy.wait(2000);\ncy.xpath('//div[contains(text(),\"Add Filter\")]').should('be.visible').click();\ncy.wait(2000);\ncy.get('div.py-1>div:nth-child(3)').should('be.visible').should('contain', 'pa-c').click();\ncy.wait(2000);\ncy.get('div.flex.flex-wrap>div:nth-child(2)>div:nth-child(1)>svg').should('be.visible').click();\ncy.wait(2000);\ncy.xpath('//div[contains(text(),\"Add Filter\")]').should('be.visible').click();\ncy.wait(2000);\ncy.get('div.py-1>div:nth-child(4)').should('be.visible').should('contain', 'np').click();\ncy.wait(2000);\ncy.get('div.flex.flex-wrap>div:nth-child(2)>div:nth-child(1)>svg').should('be.visible').click();\ncy.wait(2000);\ncy.xpath('//div[contains(text(),\"Add Filter\")]').should('be.visible').click();\ncy.wait(2000);\ncy.get('div.py-1>div:nth-child(5)').should('be.visible').should('contain', 'crna').click();\ncy.wait(2000);\ncy.get('div.flex.flex-wrap>div:nth-child(2)>div:nth-child(1)>svg').should('be.visible').click();\ncy.wait(2000);\ncy.xpath('//div[contains(text(),\"Add Filter\")]').should('be.visible').click();\ncy.wait(2000);\ncy.get('div.py-1>div:nth-child(6)').should('be.visible').should('contain', 'nurse').click();\ncy.wait(2000);\ncy.get('div.flex.flex-wrap>div:nth-child(2)>div:nth-child(1)>svg').should('be.visible').click();\ncy.wait(2000);\ncy.xpath('//div[contains(text(),\"Add Filter\")]').should('be.visible').click();\ncy.wait(2000);\ncy.get('div.py-1>div:nth-child(7)').should('be.visible').should('contain', 'paramedic').click();\ncy.wait(2000);\ncy.get('div.flex.flex-wrap>div:nth-child(2)>div:nth-child(1)>svg').should('be.visible').click();\ncy.wait(2000);\ncy.xpath('//div[contains(text(),\"Add Filter\")]').should('be.visible').click();\ncy.wait(2000);\ncy.get('div.py-1>div:nth-child(8)').should('be.visible').should('contain', 'emt').click();\ncy.wait(2000);\ncy.get('div.flex.flex-wrap>div:nth-child(2)>div:nth-child(1)>svg').should('be.visible').click();\ncy.wait(2000);\ncy.logout();",
              "err": {},
              "uuid": "46373654-f0f3-49a1-8ff0-032bad82adbb",
              "parentUUID": "d1cf7eea-e912-4506-93d2-25d11b028d84",
              "isHook": false,
              "skipped": false
            }
          ],
          "suites": [],
          "passes": [
            "aa7edefa-408f-4a9d-a2de-32552d0f79db",
            "b611e463-d3eb-449f-a212-d1ce1f5d4233",
            "aadd83bd-b519-4ec7-b9e4-e8d0c9b7213a",
            "2d3b1ab0-0e6c-437e-8dd4-ebbf40bb1f3b",
            "8d99d606-290f-4e67-94dc-91f2807f858a",
            "db4aa645-f0f5-4ed4-b8f9-e6d58addd872",
            "391b9d6d-d046-454a-9779-e827ac29e84a",
            "fd8e502f-6f28-4416-9cb1-3618b5572b7b",
            "d11282f3-5df9-4f70-9400-1234cfb56c54",
            "016ff6ec-555f-4c76-b369-4b32382c79c5",
            "22977127-5456-41fd-ae0e-a78ec414dc84",
            "2fb5f740-2a8b-40e5-abb5-1dd5cf5c4355",
            "46373654-f0f3-49a1-8ff0-032bad82adbb"
          ],
          "failures": [],
          "pending": [],
          "skipped": [],
          "duration": 125665,
          "root": false,
          "rootEmpty": false,
          "_timeout": 2000
        }
      ],
      "passes": [],
      "failures": [],
      "pending": [],
      "skipped": [],
      "duration": 0,
      "root": true,
      "rootEmpty": true,
      "_timeout": 2000
    }
  ],
  "meta": {
    "mocha": {
      "version": "7.0.1"
    },
    "mochawesome": {
      "options": {
        "quiet": false,
        "reportFilename": "report",
        "saveHtml": true,
        "saveJson": true,
        "consoleReporter": "spec",
        "useInlineDiffs": false,
        "code": true
      },
      "version": "7.0.1"
    },
    "marge": {
      "options": {
        "reportDir": "cypress/reports",
        "reportFilename": "report",
        "overwrite": false,
        "html": true,
        "json": true,
        "charts": true
      },
      "version": "6.0.1"
    }
  }
}