{
  "stats": {
    "suites": 1,
    "tests": 11,
    "passes": 4,
    "pending": 0,
    "failures": 7,
    "start": "2023-04-05T08:35:35.912Z",
    "end": "2023-04-05T08:38:57.508Z",
    "duration": 201596,
    "testsRegistered": 11,
    "passPercent": 36.36363636363637,
    "pendingPercent": 0,
    "other": 0,
    "hasOther": false,
    "skipped": 0,
    "hasSkipped": false
  },
  "results": [
    {
      "uuid": "b1cd3daf-1bef-48b2-9467-07f1cd95a86f",
      "title": "",
      "fullFile": "cypress\\e2e\\Admin_Testcases\\01_login.spec.js",
      "file": "cypress\\e2e\\Admin_Testcases\\01_login.spec.js",
      "beforeHooks": [],
      "afterHooks": [],
      "tests": [],
      "suites": [
        {
          "uuid": "fa542099-2049-4f92-b467-ded4be4544ec",
          "title": "Login module testcases",
          "fullFile": "",
          "file": "",
          "beforeHooks": [],
          "afterHooks": [],
          "tests": [
            {
              "title": "As a Admin I should be able to navigate on login page",
              "fullTitle": "Login module testcases As a Admin I should be able to navigate on login page",
              "timedOut": null,
              "duration": 8191,
              "state": "passed",
              "speed": "medium",
              "pass": true,
              "fail": false,
              "pending": false,
              "context": null,
              "code": "//Launch URL.\ncy.visit(cred.qaUrl); //Verifying that the login page is visible.\ncy.xpath(\"//*[text()='Sign In']\").should('have.text', 'Sign In').and('be.visible');",
              "err": {},
              "uuid": "16a9cc66-4a2e-4623-8dd6-973f3cd18950",
              "parentUUID": "fa542099-2049-4f92-b467-ded4be4544ec",
              "isHook": false,
              "skipped": false
            },
            {
              "title": "At login screen each label and link should be proper",
              "fullTitle": "Login module testcases At login screen each label and link should be proper",
              "timedOut": null,
              "duration": 538,
              "state": "passed",
              "speed": "fast",
              "pass": true,
              "fail": false,
              "pending": false,
              "context": null,
              "code": "//verifing the \"Please enter your credentials to sign in.\" text on sign in page.\ncy.get('.text-gray-500').should('have.text', 'Please enter your credentials to sign in.'); //Verifying that the logo on the sign in page is visible.\ncy.get('[alt=\"logo\"]').invoke('attr', 'src').should('eq', '/static/media/Favicon-Light-20211230.aab62f3c.png'); //Verifying the label \"Email\" input field.\ncy.xpath(\"//label\").eq(0).should('have.text', 'Email'); //Verifying that the \"Email\" input field is present.\ncy.xpath(\"//*[@name='email']\").should('be.visible'); //Verifying the label \"Password\" input field.\ncy.xpath(\"//label\").eq(1).should('have.text', 'Password'); //Verifying that the \"Password\" input field is present.\ncy.xpath(\"//*[@name='password']\").should('be.visible'); //Verifying the label of \"Submit\" button.\ncy.xpath(\"//button[@textid='submit']\").should('be.visible'); //Verifying the \"Forgot Password\" Link.\ncy.get('a').should('have.text', 'Forgot Password?');",
              "err": {},
              "uuid": "53954026-1294-4487-8365-e48867e38864",
              "parentUUID": "fa542099-2049-4f92-b467-ded4be4544ec",
              "isHook": false,
              "skipped": false
            },
            {
              "title": "At login screen Email input field should have proper validation",
              "fullTitle": "Login module testcases At login screen Email input field should have proper validation",
              "timedOut": null,
              "duration": 2564,
              "state": "passed",
              "speed": "fast",
              "pass": true,
              "fail": false,
              "pending": false,
              "context": null,
              "code": "//Clicking inside \"Email\" input field.\ncy.xpath(\"//input[@name='email']\").should('be.visible').clear(); //Clicking outside Email input box.\ncy.get('.py-20').click(); //Verifying validation error for \"Blank data\".\ncy.xpath('//form/div[1]/div[2]').eq(0).should('have.text', 'Required').and('be.visible'); //Entering invalid data into \"Email\" input field.\ncy.xpath(\"//input[@name='email']\").should('be.visible').type('dasd@ asda@'); //Verifying validation error for \"invalid data\".\ncy.xpath('//div[contains(text(),\"val\")]').eq(0).should('have.text', 'Please enter valid email').and('be.visible'); //Clearing data in the \"Email\" input field.\ncy.xpath(\"//input[@name='email']\").clear();",
              "err": {},
              "uuid": "45882f76-4707-4604-a14f-01c7c71c1ad1",
              "parentUUID": "fa542099-2049-4f92-b467-ded4be4544ec",
              "isHook": false,
              "skipped": false
            },
            {
              "title": "At login screen password input field should have proper validation",
              "fullTitle": "Login module testcases At login screen password input field should have proper validation",
              "timedOut": null,
              "duration": 2960,
              "state": "passed",
              "speed": "fast",
              "pass": true,
              "fail": false,
              "pending": false,
              "context": null,
              "code": "//Clicking inside Password input box.\ncy.xpath(\"//*[@name='password']\").should('be.visible').clear(); //Clicking outside Password input box.\ncy.get('.py-20').click(); //Verifying validation error for \"Blank data\".\ncy.xpath('//form/div[2]/div[2]').eq(0).should('have.text', 'Required').and('be.visible'); //Enter Lessthan 8 Characters into \"Password\" input field.\ncy.xpath(\"//*[@name='password']\").should('be.visible').type(\"vsdvd11\"); //Clicking outside Password input box.\ncy.get('.py-20').click(); //Verifying validation error for \"Minimum Characters\".\ncy.xpath('//div[contains(text(),\"8\")]').eq(0).should('have.text', 'Password should have min. 8 characters').and('be.visible'); //Clearing data in the \"Password\" input field.\ncy.xpath(\"//*[@name='password']\").should('be.visible').clear(); //Entering Data with \"Space\" into \"Password\" input field.\ncy.xpath(\"//input[@name='password']\").should('be.visible').clear().type('a b'); //Verifying validation error for \"Space entered into password input field\".\ncy.xpath('//div[contains(text(),\"Sp\")]').should('have.text', 'Space not allowed').and('be.visible');",
              "err": {},
              "uuid": "f9e1499a-bb7c-4da8-9901-80e3d3315a04",
              "parentUUID": "fa542099-2049-4f92-b467-ded4be4544ec",
              "isHook": false,
              "skipped": false
            },
            {
              "title": "At login screen forgot password link text should be visible",
              "fullTitle": "Login module testcases At login screen forgot password link text should be visible",
              "timedOut": null,
              "duration": 20752,
              "state": "failed",
              "speed": null,
              "pass": false,
              "fail": true,
              "pending": false,
              "context": null,
              "code": "//Clicking on \"Forgot Password\" link.\ncy.get('a').should('be.visible').click(); //Verifying that \"Forgot Password\" page is visible.\ncy.get('.text-gray-900').should('have.text', 'Forgot Password? ').and('be.visible'); //Clicking on Back Arrow on \"Forgot Password\" page.\ncy.get('a > .text-primary').click();",
              "err": {
                "message": "AssertionError: Timed out retrying after 20000ms: Expected to find element: `.text-gray-900`, but never found it.",
                "estack": "AssertionError: Timed out retrying after 20000ms: Expected to find element: `.text-gray-900`, but never found it.\n    at Context.eval (https://qa.rch.build-release.com/__cypress/tests?p=cypress\\e2e\\Admin_Testcases\\01_login.spec.js:164:30)",
                "diff": null
              },
              "uuid": "a827c966-b660-4de9-8650-279d9d597af5",
              "parentUUID": "fa542099-2049-4f92-b467-ded4be4544ec",
              "isHook": false,
              "skipped": false
            },
            {
              "title": "I should be unable to login with invalid credential",
              "fullTitle": "Login module testcases I should be unable to login with invalid credential",
              "timedOut": null,
              "duration": 21270,
              "state": "failed",
              "speed": null,
              "pass": false,
              "fail": true,
              "pending": false,
              "context": null,
              "code": "//Entering invalid data into \"Email\" input feld.\ncy.xpath(\"//input[@name='email']\").type('alpha@gmail.com'); //Entering invalid data into \"Password\" input feld.\ncy.xpath(\"//input[@name='password']\").type('Password@321'); //Checking that the \"Submit\" button is Enabled and Clicking on it.\ncy.xpath(\"//button[@textid='submit']\").should('be.enabled').and('be.visible').click(); //Verifying the validation error for invalid Credentials.\ncy.contains('Incorrect email or password');",
              "err": {
                "message": "AssertionError: Timed out retrying after 20000ms: Expected to find element: `//input[@name='password']`, but never found it.",
                "estack": "AssertionError: Timed out retrying after 20000ms: Expected to find element: `//input[@name='password']`, but never found it.\n    at Context.eval (https://qa.rch.build-release.com/__cypress/tests?p=cypress\\e2e\\Admin_Testcases\\01_login.spec.js:172:8)",
                "diff": null
              },
              "uuid": "bf9dde27-3200-4e03-87b1-1b4d91d04de8",
              "parentUUID": "fa542099-2049-4f92-b467-ded4be4544ec",
              "isHook": false,
              "skipped": false
            },
            {
              "title": "I should be able to navigate to Enter Verification code page after login with the valid credeantials",
              "fullTitle": "Login module testcases I should be able to navigate to Enter Verification code page after login with the valid credeantials",
              "timedOut": null,
              "duration": 21505,
              "state": "failed",
              "speed": null,
              "pass": false,
              "fail": true,
              "pending": false,
              "context": null,
              "code": "//Entering Valid data into \"Email\" input feld.\ncy.xpath(\"//input[@name='email']\").clear().type(cred.email); //Entering Valid data into \"Password\" input feld.\ncy.xpath(\"//input[@name='password']\").clear().type(cred.password); //Clicking on \"Submit\" button.\ncy.xpath(\"//button[@textid='submit']\").click();\ncy.wait(3000); //Verifying that the \"OTP Verification\" page is visible after login.\ncy.xpath('//div[contains(text(),\"E\")]').should('be.visible').should('have.text', 'Enter Verification Code');",
              "err": {
                "message": "AssertionError: Timed out retrying after 20000ms: Expected to find element: `//input[@name='password']`, but never found it.",
                "estack": "AssertionError: Timed out retrying after 20000ms: Expected to find element: `//input[@name='password']`, but never found it.\n    at Context.eval (https://qa.rch.build-release.com/__cypress/tests?p=cypress\\e2e\\Admin_Testcases\\01_login.spec.js:182:8)",
                "diff": null
              },
              "uuid": "6f7c7674-6078-4965-939b-eb378afe62a5",
              "parentUUID": "fa542099-2049-4f92-b467-ded4be4544ec",
              "isHook": false,
              "skipped": false
            },
            {
              "title": "At \"Enter Verification Code\" page each label and link should be proper ",
              "fullTitle": "Login module testcases At \"Enter Verification Code\" page each label and link should be proper ",
              "timedOut": null,
              "duration": 20319,
              "state": "failed",
              "speed": null,
              "pass": false,
              "fail": true,
              "pending": false,
              "context": null,
              "code": "//Verify the text of \"Enter Verification\" code header.\ncy.xpath('//*[contains(text(),\"En\")]').should('be.visible').should('have.text', 'Enter Verification Code'); //Verifiying that the back arrow button is visible.\ncy.xpath('//*[@fill=\"currentColor\"]').should('be.visible'); //Verifiying that the \"inbox image\" is visible.\ncy.xpath('//*[@alt=\"EmailIcon\"]').should('be.visible'); //Verify the text below \"inbox image\" is visible and correct.\ncy.xpath('//div[contains(text(),\"6 digit\")]').should('be.visible').should('contain.text', 'A 6 digit verification code has been sent to '); //verifing that the OTP input fields are present.\ncy.xpath(\"//*[@class='my-4']/div[1]\").should('be.visible'); //Verifing that the \"Haven't received OTP\" text is present.\ncy.xpath('//*[contains(text(),\"Hav\")]').should('be.visible').should('have.text', \"Haven't received the OTP?\"); //Verifing the label of \"Resend OTP\" Link.\ncy.xpath('//*[contains(text(),\"Res\")]').should('be.visible').should('have.text', \"Resend OTP\"); //verifying the label of \"submit\" button.\ncy.xpath('//*[@textid=\"submit\"]').should('be.visible').should('have.text', \"Submit\");",
              "err": {
                "message": "AssertionError: Timed out retrying after 20000ms: Expected to find element: `//*[contains(text(),\"En\")]`, but never found it.",
                "estack": "AssertionError: Timed out retrying after 20000ms: Expected to find element: `//*[contains(text(),\"En\")]`, but never found it.\n    at Context.eval (https://qa.rch.build-release.com/__cypress/tests?p=cypress\\e2e\\Admin_Testcases\\01_login.spec.js:191:44)",
                "diff": null
              },
              "uuid": "544f6d20-4dbb-4e4b-a919-ec4ce96a1436",
              "parentUUID": "fa542099-2049-4f92-b467-ded4be4544ec",
              "isHook": false,
              "skipped": false
            },
            {
              "title": "Validate \"Enter Verification Code\" page with Blank Data.",
              "fullTitle": "Login module testcases Validate \"Enter Verification Code\" page with Blank Data.",
              "timedOut": null,
              "duration": 21073,
              "state": "failed",
              "speed": null,
              "pass": false,
              "fail": true,
              "pending": false,
              "context": null,
              "code": "//Clicking on \"Submit\" button with Blank data.\ncy.xpath(\"//*[@textid='submit']\").click(); //Verifiying validation error for blank data.\ncy.xpath('//*[contains(text(),\"valid\")]').should('be.visible').should('have.text', 'Verfication Code is not valid, please re-enter or resend Verfication code');",
              "err": {
                "message": "AssertionError: Timed out retrying after 20000ms: Expected to find element: `//*[@textid='submit']`, but never found it.",
                "estack": "AssertionError: Timed out retrying after 20000ms: Expected to find element: `//*[@textid='submit']`, but never found it.\n    at Context.eval (https://qa.rch.build-release.com/__cypress/tests?p=cypress\\e2e\\Admin_Testcases\\01_login.spec.js:209:8)",
                "diff": null
              },
              "uuid": "b94fd1db-22a3-430b-adec-215d37c7700c",
              "parentUUID": "fa542099-2049-4f92-b467-ded4be4544ec",
              "isHook": false,
              "skipped": false
            },
            {
              "title": "Validate \"Enter Verification Code\" page with invalid Data.",
              "fullTitle": "Login module testcases Validate \"Enter Verification Code\" page with invalid Data.",
              "timedOut": null,
              "duration": 20329,
              "state": "failed",
              "speed": null,
              "pass": false,
              "fail": true,
              "pending": false,
              "context": null,
              "code": "//Enter invalid data into \"Enter verification code\" page.\ncy.xpath(\"//*[@class='my-4']/div[1]\").should('be.visible').type('123456'); //Clicking on \"Submit\" button.\ncy.xpath(\"//*[@textid='submit']\").click();\ncy.wait(2000); //Verifiying validation error for blank data.\ncy.contains('Invalid otp');",
              "err": {
                "message": "AssertionError: Timed out retrying after 20000ms: Expected to find element: `//*[@class='my-4']/div[1]`, but never found it.",
                "estack": "AssertionError: Timed out retrying after 20000ms: Expected to find element: `//*[@class='my-4']/div[1]`, but never found it.\n    at Context.eval (https://qa.rch.build-release.com/__cypress/tests?p=cypress\\e2e\\Admin_Testcases\\01_login.spec.js:215:43)",
                "diff": null
              },
              "uuid": "da1e3264-e18c-4fc4-b6a7-838be72d0f72",
              "parentUUID": "fa542099-2049-4f92-b467-ded4be4544ec",
              "isHook": false,
              "skipped": false
            },
            {
              "title": "After Entering valid OTP and Clicking on Submit button user should be logged in successfully.",
              "fullTitle": "Login module testcases After Entering valid OTP and Clicking on Submit button user should be logged in successfully.",
              "timedOut": null,
              "duration": 43455,
              "state": "failed",
              "speed": null,
              "pass": false,
              "fail": true,
              "pending": false,
              "context": null,
              "code": "//Clicking on \"Back arrow\" icon.\ncy.xpath('//*[@fill=\"currentColor\"]').should('be.visible').click();\ncy.wait(4000); //Entering Valid data into \"Email\" input feld.\ncy.xpath(\"//input[@name='email']\").clear().type(cred.email); //Entering Valid data into \"Password\" input feld.\ncy.xpath(\"//input[@name='password']\").clear().type(cred.password); //Clicking on \"Submit\" button.\ncy.xpath(\"//button[@textid='submit']\").click();\ncy.wait(3000); //Verifying that the \"OTP Verification\" page is visible after login.\ncy.xpath('//div[contains(text(),\"E\")]').should('be.visible').should('have.text', 'Enter Verification Code'); //Enter valid data into \"Enter verification code\" page.\ncy.xpath(\"//*[@class='my-4']/div[1]\").should('be.visible').clear().type('123321'); //Clicking on \"Submit\" button.\ncy.xpath(\"//*[@textid='submit']\").click(); //verifying that the user is logged in successfully.\ncy.url().should('include', '/dashboard');\ncy.logout();",
              "err": {
                "message": "AssertionError: Timed out retrying after 20000ms: expected 'https://qa.rch.build-release.com/' to include '/dashboard'",
                "estack": "AssertionError: Timed out retrying after 20000ms: expected 'https://qa.rch.build-release.com/' to include '/dashboard'\n    at Context.eval (https://qa.rch.build-release.com/__cypress/tests?p=cypress\\e2e\\Admin_Testcases\\01_login.spec.js:240:14)",
                "diff": null
              },
              "uuid": "8e86a2d4-ad2c-41d5-918a-11f95ea48a07",
              "parentUUID": "fa542099-2049-4f92-b467-ded4be4544ec",
              "isHook": false,
              "skipped": false
            }
          ],
          "suites": [],
          "passes": [
            "16a9cc66-4a2e-4623-8dd6-973f3cd18950",
            "53954026-1294-4487-8365-e48867e38864",
            "45882f76-4707-4604-a14f-01c7c71c1ad1",
            "f9e1499a-bb7c-4da8-9901-80e3d3315a04"
          ],
          "failures": [
            "a827c966-b660-4de9-8650-279d9d597af5",
            "bf9dde27-3200-4e03-87b1-1b4d91d04de8",
            "6f7c7674-6078-4965-939b-eb378afe62a5",
            "544f6d20-4dbb-4e4b-a919-ec4ce96a1436",
            "b94fd1db-22a3-430b-adec-215d37c7700c",
            "da1e3264-e18c-4fc4-b6a7-838be72d0f72",
            "8e86a2d4-ad2c-41d5-918a-11f95ea48a07"
          ],
          "pending": [],
          "skipped": [],
          "duration": 182956,
          "root": false,
          "rootEmpty": false,
          "_timeout": 2000
        }
      ],
      "passes": [],
      "failures": [],
      "pending": [],
      "skipped": [],
      "duration": 0,
      "root": true,
      "rootEmpty": true,
      "_timeout": 2000
    }
  ],
  "meta": {
    "mocha": {
      "version": "7.0.1"
    },
    "mochawesome": {
      "options": {
        "quiet": false,
        "reportFilename": "report",
        "saveHtml": true,
        "saveJson": true,
        "consoleReporter": "spec",
        "useInlineDiffs": false,
        "code": true
      },
      "version": "7.0.1"
    },
    "marge": {
      "options": {
        "reportDir": "cypress/reports",
        "reportFilename": "report",
        "overwrite": false,
        "html": true,
        "json": true,
        "charts": true
      },
      "version": "6.0.1"
    }
  }
}