{
  "stats": {
    "suites": 1,
    "tests": 6,
    "passes": 0,
    "pending": 0,
    "failures": 6,
    "start": "2022-03-25T08:19:15.402Z",
    "end": "2022-03-25T08:21:07.390Z",
    "duration": 111988,
    "testsRegistered": 6,
    "passPercent": 0,
    "pendingPercent": 0,
    "other": 0,
    "hasOther": false,
    "skipped": 0,
    "hasSkipped": false
  },
  "results": [
    {
      "uuid": "a12e698c-91dc-4a55-87b6-8f62a9718ec2",
      "title": "",
      "fullFile": "cypress/integration/Admin_Testcases/24_Rejected.spec.js",
      "file": "cypress/integration/Admin_Testcases/24_Rejected.spec.js",
      "beforeHooks": [],
      "afterHooks": [],
      "tests": [],
      "suites": [
        {
          "uuid": "add1fc1c-3240-401e-9d5b-f14bb0cca354",
          "title": "Rejected Appointment Details Test cases",
          "fullFile": "",
          "file": "",
          "beforeHooks": [],
          "afterHooks": [],
          "tests": [
            {
              "title": "As a Admin the user should be navigated to the Appointment Details page of \"Rejected\" appointment by clicking on the eye icon against that appointment",
              "fullTitle": "Rejected Appointment Details Test cases As a Admin the user should be navigated to the Appointment Details page of \"Rejected\" appointment by clicking on the eye icon against that appointment",
              "timedOut": null,
              "duration": 31387,
              "state": "failed",
              "speed": null,
              "pass": false,
              "fail": true,
              "pending": false,
              "context": null,
              "code": "cy.login();\ncy.url().should('contain', '/dashboard');\ncy.get('.space-y-4 > :nth-child(4)').should('be.visible').should('have.text', 'Appointments').click();\ncy.url().should('contain', '/appointments');\ncy.get('.-mx-4>div:nth-child(2)>div:nth-child(2)>div:nth-child(3)').should('be.visible').should('have.text', 'Add Filter').click();\ncy.get('.py-1:nth-child(2)>div:nth-child(8)').should('be.visible').should('have.text', 'rejected').click();\ncy.wait(3000);\ncy.get('tbody>tr:nth-child(1)>td:nth-child(7)>div>svg').scrollIntoView().should('be.visible').click();\ncy.get('.min-h-screen:nth-child(1)>div:nth-child(2)>div:nth-child(2)>div:nth-child(3)>div:nth-child(2)>span').should('be.visible').should('contain', 'rejected');",
              "err": {
                "message": "AssertionError: Timed out retrying after 15000ms: expected '<div#headlessui-menu-item-16.block.rounded-full.mx-1.my-1.text-center.font-medium.px-2.py-2.text-sm.capitalize.cursor-pointer.text-gray-700.hover:bg-primary.hover:text-white>' to have text 'rejected', but the text was 'cancelled'",
                "estack": "AssertionError: Timed out retrying after 15000ms: expected '<div#headlessui-menu-item-16.block.rounded-full.mx-1.my-1.text-center.font-medium.px-2.py-2.text-sm.capitalize.cursor-pointer.text-gray-700.hover:bg-primary.hover:text-white>' to have text 'rejected', but the text was 'cancelled'\n    at Context.eval (https://qa.rch.build-release.com/__cypress/tests?p=cypress\\integration\\Admin_Testcases\\24_Rejected.spec.js:120:72)",
                "diff": "- 'cancelled'\n+ 'rejected'\n"
              },
              "uuid": "cd9d5a28-2d77-46a8-9dff-534b6a549c60",
              "parentUUID": "add1fc1c-3240-401e-9d5b-f14bb0cca354",
              "isHook": false,
              "skipped": false
            },
            {
              "title": "At \"Appointment details\" page each label and field should have proper label and validations",
              "fullTitle": "Rejected Appointment Details Test cases At \"Appointment details\" page each label and field should have proper label and validations",
              "timedOut": null,
              "duration": 15383,
              "state": "failed",
              "speed": null,
              "pass": false,
              "fail": true,
              "pending": false,
              "context": null,
              "code": "cy.get('.space-x-4 > .font-semibold').should('be.visible').should('have.text', 'Appointment Details');\ncy.get('.w-7').should('be.visible');\ncy.get('.border-b.py-3 > .text-primary').should('be.visible');\ncy.get('.min-h-screen:nth-child(1)>div:nth-child(2)>div:nth-child(2)>div:nth-child(1)>div').should('be.visible').should('have.text', 'Appointment ID');\ncy.get('.min-h-screen:nth-child(1)>div:nth-child(2)>div:nth-child(2)>div:nth-child(2)>div').should('be.visible').should('have.text', 'Requested For');\ncy.get('.min-h-screen:nth-child(1)>div:nth-child(2)>div:nth-child(2)>div:nth-child(3)>div:nth-child(1)').should('be.visible').should('have.text', 'Status');\ncy.get('.min-h-screen:nth-child(1)>div:nth-child(2)>div:nth-child(3)>div:nth-child(1)').should('be.visible').should('have.text', 'Patients');\ncy.get('.min-h-screen:nth-child(1)>div:nth-child(2)>div:nth-child(4)>div:nth-child(1)').should('be.visible').should('have.text', 'Services Requested');",
              "err": {
                "message": "AssertionError: Timed out retrying after 15000ms: Expected to find element: `.space-x-4 > .font-semibold`, but never found it.",
                "estack": "AssertionError: Timed out retrying after 15000ms: Expected to find element: `.space-x-4 > .font-semibold`, but never found it.\n    at Context.eval (https://qa.rch.build-release.com/__cypress/tests?p=cypress\\integration\\Admin_Testcases\\24_Rejected.spec.js:126:43)",
                "diff": null
              },
              "uuid": "88ce89ac-8fef-4009-88cc-d9a2c4733960",
              "parentUUID": "add1fc1c-3240-401e-9d5b-f14bb0cca354",
              "isHook": false,
              "skipped": false
            },
            {
              "title": "The unique appointment id should be displayed",
              "fullTitle": "Rejected Appointment Details Test cases The unique appointment id should be displayed",
              "timedOut": null,
              "duration": 15308,
              "state": "failed",
              "speed": null,
              "pass": false,
              "fail": true,
              "pending": false,
              "context": null,
              "code": "cy.get('.min-h-screen:nth-child(1)>div:nth-child(2)>div:nth-child(2)>div:nth-child(1)>div').should('be.visible').should('have.text', 'Appointment ID');",
              "err": {
                "message": "AssertionError: Timed out retrying after 15000ms: Expected to find element: `.min-h-screen:nth-child(1)>div:nth-child(2)>div:nth-child(2)>div:nth-child(1)>div`, but never found it.",
                "estack": "AssertionError: Timed out retrying after 15000ms: Expected to find element: `.min-h-screen:nth-child(1)>div:nth-child(2)>div:nth-child(2)>div:nth-child(1)>div`, but never found it.\n    at Context.eval (https://qa.rch.build-release.com/__cypress/tests?p=cypress\\integration\\Admin_Testcases\\24_Rejected.spec.js:136:97)",
                "diff": null
              },
              "uuid": "3945befd-5f38-40dd-85ea-3626cba3b389",
              "parentUUID": "add1fc1c-3240-401e-9d5b-f14bb0cca354",
              "isHook": false,
              "skipped": false
            },
            {
              "title": "The date requested by the patient should be displayed",
              "fullTitle": "Rejected Appointment Details Test cases The date requested by the patient should be displayed",
              "timedOut": null,
              "duration": 15441,
              "state": "failed",
              "speed": null,
              "pass": false,
              "fail": true,
              "pending": false,
              "context": null,
              "code": "cy.get('.min-h-screen:nth-child(1)>div:nth-child(2)>div:nth-child(2)>div:nth-child(2)>div').should('be.visible').should('have.text', 'Requested For');",
              "err": {
                "message": "AssertionError: Timed out retrying after 15000ms: Expected to find element: `.min-h-screen:nth-child(1)>div:nth-child(2)>div:nth-child(2)>div:nth-child(2)>div`, but never found it.",
                "estack": "AssertionError: Timed out retrying after 15000ms: Expected to find element: `.min-h-screen:nth-child(1)>div:nth-child(2)>div:nth-child(2)>div:nth-child(2)>div`, but never found it.\n    at Context.eval (https://qa.rch.build-release.com/__cypress/tests?p=cypress\\integration\\Admin_Testcases\\24_Rejected.spec.js:139:97)",
                "diff": null
              },
              "uuid": "2847b682-8f3b-4cb9-97e4-effa98d340ce",
              "parentUUID": "add1fc1c-3240-401e-9d5b-f14bb0cca354",
              "isHook": false,
              "skipped": false
            },
            {
              "title": "As a Admin the user should be navigated to the medical history page of particular patient by clicking on the name card of that particular patient",
              "fullTitle": "Rejected Appointment Details Test cases As a Admin the user should be navigated to the medical history page of particular patient by clicking on the name card of that particular patient",
              "timedOut": null,
              "duration": 15365,
              "state": "failed",
              "speed": null,
              "pass": false,
              "fail": true,
              "pending": false,
              "context": null,
              "code": "cy.get('.break-all > .justify-between > .flex > .w-6').should('be.visible').click();\ncy.url().should('contain', '/medical_history');\ncy.get('.py-8 > .h-6').should('be.visible').click();",
              "err": {
                "message": "AssertionError: Timed out retrying after 15000ms: Expected to find element: `.break-all > .justify-between > .flex > .w-6`, but never found it.",
                "estack": "AssertionError: Timed out retrying after 15000ms: Expected to find element: `.break-all > .justify-between > .flex > .w-6`, but never found it.\n    at Context.eval (https://qa.rch.build-release.com/__cypress/tests?p=cypress\\integration\\Admin_Testcases\\24_Rejected.spec.js:142:60)",
                "diff": null
              },
              "uuid": "e54ccf27-805c-4493-90ef-57b3d3150604",
              "parentUUID": "add1fc1c-3240-401e-9d5b-f14bb0cca354",
              "isHook": false,
              "skipped": false
            },
            {
              "title": "The list of services requested by the patient should be displayed",
              "fullTitle": "Rejected Appointment Details Test cases The list of services requested by the patient should be displayed",
              "timedOut": null,
              "duration": 15387,
              "state": "failed",
              "speed": null,
              "pass": false,
              "fail": true,
              "pending": false,
              "context": null,
              "code": "cy.get('.min-h-screen:nth-child(1)>div:nth-child(2)>div:nth-child(4)>div:nth-child(1)').should('be.visible').should('have.text', 'Services Requested');",
              "err": {
                "message": "AssertionError: Timed out retrying after 15000ms: Expected to find element: `.min-h-screen:nth-child(1)>div:nth-child(2)>div:nth-child(4)>div:nth-child(1)`, but never found it.",
                "estack": "AssertionError: Timed out retrying after 15000ms: Expected to find element: `.min-h-screen:nth-child(1)>div:nth-child(2)>div:nth-child(4)>div:nth-child(1)`, but never found it.\n    at Context.eval (https://qa.rch.build-release.com/__cypress/tests?p=cypress\\integration\\Admin_Testcases\\24_Rejected.spec.js:147:93)",
                "diff": null
              },
              "uuid": "ce55f46d-467d-4e5a-9ae6-843251a65725",
              "parentUUID": "add1fc1c-3240-401e-9d5b-f14bb0cca354",
              "isHook": false,
              "skipped": false
            }
          ],
          "suites": [],
          "passes": [],
          "failures": [
            "cd9d5a28-2d77-46a8-9dff-534b6a549c60",
            "88ce89ac-8fef-4009-88cc-d9a2c4733960",
            "3945befd-5f38-40dd-85ea-3626cba3b389",
            "2847b682-8f3b-4cb9-97e4-effa98d340ce",
            "e54ccf27-805c-4493-90ef-57b3d3150604",
            "ce55f46d-467d-4e5a-9ae6-843251a65725"
          ],
          "pending": [],
          "skipped": [],
          "duration": 108271,
          "root": false,
          "rootEmpty": false,
          "_timeout": 2000
        }
      ],
      "passes": [],
      "failures": [],
      "pending": [],
      "skipped": [],
      "duration": 0,
      "root": true,
      "rootEmpty": true,
      "_timeout": 2000
    }
  ],
  "meta": {
    "mocha": {
      "version": "7.0.1"
    },
    "mochawesome": {
      "options": {
        "quiet": false,
        "reportFilename": "report",
        "saveHtml": true,
        "saveJson": true,
        "consoleReporter": "spec",
        "useInlineDiffs": false,
        "code": true
      },
      "version": "7.0.1"
    },
    "marge": {
      "options": {
        "reportDir": "cypress/reports",
        "reportFilename": "report",
        "overwrite": false,
        "html": true,
        "json": true,
        "charts": true
      },
      "version": "6.0.1"
    }
  }
}