{
  "stats": {
    "suites": 1,
    "tests": 3,
    "passes": 0,
    "pending": 0,
    "failures": 3,
    "start": "2022-09-06T06:55:41.523Z",
    "end": "2022-09-06T06:57:14.705Z",
    "duration": 93182,
    "testsRegistered": 3,
    "passPercent": 0,
    "pendingPercent": 0,
    "other": 0,
    "hasOther": false,
    "skipped": 0,
    "hasSkipped": false
  },
  "results": [
    {
      "uuid": "4673d828-bbf0-4436-b08c-ada0e0fa5f81",
      "title": "",
      "fullFile": "cypress\\e2e\\Admin_Testcases\\30_Notifications.spec.js",
      "file": "cypress\\e2e\\Admin_Testcases\\30_Notifications.spec.js",
      "beforeHooks": [],
      "afterHooks": [],
      "tests": [],
      "suites": [
        {
          "uuid": "a8fcdde2-37a3-4d57-b4c6-1800170e83f7",
          "title": "Notifications module testcases",
          "fullFile": "",
          "file": "",
          "beforeHooks": [],
          "afterHooks": [],
          "tests": [
            {
              "title": "As a Admin the user should be navigated to the notifications page by clicking on notifications tab",
              "fullTitle": "Notifications module testcases As a Admin the user should be navigated to the notifications page by clicking on notifications tab",
              "timedOut": null,
              "duration": 42546,
              "state": "failed",
              "speed": null,
              "pass": false,
              "fail": true,
              "pending": false,
              "context": null,
              "code": "cy.login(cred.email, cred.password);\ncy.url().should('contain', '/dashboard');\ncy.get('.space-y-4 > :nth-child(8)').should('be.visible').should('have.text', 'Notifications').click();\ncy.url().should('contain', '/notification');",
              "err": {
                "message": "AssertionError: Timed out retrying after 20000ms: Expected to find element: `input[name=email]`, but never found it.",
                "estack": "AssertionError: Timed out retrying after 20000ms: Expected to find element: `input[name=email]`, but never found it.\n    at Context.eval (https://qa.rch.build-release.com/__cypress/tests?p=cypress\\support\\e2e.js:342:6)",
                "diff": null
              },
              "uuid": "afccc398-f338-4453-85f3-76413dbb0fc6",
              "parentUUID": "a8fcdde2-37a3-4d57-b4c6-1800170e83f7",
              "isHook": false,
              "skipped": false
            },
            {
              "title": "At \"Notifications\" page each label and field should have proper label and validations",
              "fullTitle": "Notifications module testcases At \"Notifications\" page each label and field should have proper label and validations",
              "timedOut": null,
              "duration": 20413,
              "state": "failed",
              "speed": null,
              "pass": false,
              "fail": true,
              "pending": false,
              "context": null,
              "code": "cy.get('.font-bold').should('be.visible').should('contain', 'Notifications');\ncy.get('.mt-7').should('be.visible');",
              "err": {
                "message": "AssertionError: Timed out retrying after 20000ms: Expected to find element: `.font-bold`, but never found it.",
                "estack": "AssertionError: Timed out retrying after 20000ms: Expected to find element: `.font-bold`, but never found it.\n    at Context.eval (https://qa.rch.build-release.com/__cypress/tests?p=cypress\\e2e\\Admin_Testcases\\30_Notifications.spec.js:131:26)",
                "diff": null
              },
              "uuid": "5509e1a6-5d0e-40b6-b16c-d6bbb133590c",
              "parentUUID": "a8fcdde2-37a3-4d57-b4c6-1800170e83f7",
              "isHook": false,
              "skipped": false
            },
            {
              "title": "The Admin the user can able to see all the notifications under notifications page",
              "fullTitle": "Notifications module testcases The Admin the user can able to see all the notifications under notifications page",
              "timedOut": null,
              "duration": 20358,
              "state": "failed",
              "speed": null,
              "pass": false,
              "fail": true,
              "pending": false,
              "context": null,
              "code": "cy.get('.mt-7').should('be.visible');\ncy.get('.mt-7>div:nth-child(1)').should('be.visible');\ncy.get('.mt-7>div:nth-child(2)').should('be.visible');\ncy.logout();",
              "err": {
                "message": "AssertionError: Timed out retrying after 20000ms: Expected to find element: `.mt-7`, but never found it.",
                "estack": "AssertionError: Timed out retrying after 20000ms: Expected to find element: `.mt-7`, but never found it.\n    at Context.eval (https://qa.rch.build-release.com/__cypress/tests?p=cypress\\e2e\\Admin_Testcases\\30_Notifications.spec.js:135:21)",
                "diff": null
              },
              "uuid": "db7240a1-c9b9-4965-a73e-e8138bb654d0",
              "parentUUID": "a8fcdde2-37a3-4d57-b4c6-1800170e83f7",
              "isHook": false,
              "skipped": false
            }
          ],
          "suites": [],
          "passes": [],
          "failures": [
            "afccc398-f338-4453-85f3-76413dbb0fc6",
            "5509e1a6-5d0e-40b6-b16c-d6bbb133590c",
            "db7240a1-c9b9-4965-a73e-e8138bb654d0"
          ],
          "pending": [],
          "skipped": [],
          "duration": 83317,
          "root": false,
          "rootEmpty": false,
          "_timeout": 2000
        }
      ],
      "passes": [],
      "failures": [],
      "pending": [],
      "skipped": [],
      "duration": 0,
      "root": true,
      "rootEmpty": true,
      "_timeout": 2000
    }
  ],
  "meta": {
    "mocha": {
      "version": "7.0.1"
    },
    "mochawesome": {
      "options": {
        "quiet": false,
        "reportFilename": "report",
        "saveHtml": true,
        "saveJson": true,
        "consoleReporter": "spec",
        "useInlineDiffs": false,
        "code": true
      },
      "version": "7.0.1"
    },
    "marge": {
      "options": {
        "reportDir": "cypress/reports",
        "reportFilename": "report",
        "overwrite": false,
        "html": true,
        "json": true,
        "charts": true
      },
      "version": "6.0.1"
    }
  }
}