{
  "stats": {
    "suites": 1,
    "tests": 11,
    "passes": 4,
    "pending": 0,
    "failures": 7,
    "start": "2023-04-04T16:43:14.141Z",
    "end": "2023-04-04T16:46:13.635Z",
    "duration": 179494,
    "testsRegistered": 11,
    "passPercent": 36.36363636363637,
    "pendingPercent": 0,
    "other": 0,
    "hasOther": false,
    "skipped": 0,
    "hasSkipped": false
  },
  "results": [
    {
      "uuid": "33b3cee0-8340-4f98-87e8-52b1c82ae09b",
      "title": "",
      "fullFile": "cypress\\e2e\\Admin_Testcases\\01_login.spec.js",
      "file": "cypress\\e2e\\Admin_Testcases\\01_login.spec.js",
      "beforeHooks": [],
      "afterHooks": [],
      "tests": [],
      "suites": [
        {
          "uuid": "ea7bd8fe-7b13-4c14-9333-5b18e5078009",
          "title": "Login module testcases",
          "fullFile": "",
          "file": "",
          "beforeHooks": [],
          "afterHooks": [],
          "tests": [
            {
              "title": "As a Admin I should be able to navigate on login page",
              "fullTitle": "Login module testcases As a Admin I should be able to navigate on login page",
              "timedOut": null,
              "duration": 7551,
              "state": "passed",
              "speed": "medium",
              "pass": true,
              "fail": false,
              "pending": false,
              "context": null,
              "code": "//Launch URL.\ncy.visit(cred.qaUrl); //Verifying that the login page is visible.\ncy.xpath(\"//*[text()='Sign In']\").should('have.text', 'Sign In').and('be.visible');",
              "err": {},
              "uuid": "3fab05ce-bd80-4602-9f3f-c42f4d7ebbfa",
              "parentUUID": "ea7bd8fe-7b13-4c14-9333-5b18e5078009",
              "isHook": false,
              "skipped": false
            },
            {
              "title": "At login screen each label and link should be proper",
              "fullTitle": "Login module testcases At login screen each label and link should be proper",
              "timedOut": null,
              "duration": 410,
              "state": "passed",
              "speed": "fast",
              "pass": true,
              "fail": false,
              "pending": false,
              "context": null,
              "code": "//verifing the \"Please enter your credentials to sign in.\" text on sign in page.\ncy.get('.text-gray-500').should('have.text', 'Please enter your credentials to sign in.'); //Verifying that the logo on the sign in page is visible.\ncy.get('[alt=\"logo\"]').invoke('attr', 'src').should('eq', '/static/media/Favicon-Light-20211230.aab62f3c.png'); //Verifying the label \"Email\" input field.\ncy.xpath(\"//label\").eq(0).should('have.text', 'Email'); //Verifying that the \"Email\" input field is present.\ncy.xpath(\"//*[@name='email']\").should('be.visible'); //Verifying the label \"Password\" input field.\ncy.xpath(\"//label\").eq(1).should('have.text', 'Password'); //Verifying that the \"Password\" input field is present.\ncy.xpath(\"//*[@name='password']\").should('be.visible'); //Verifying the label of \"Submit\" button.\ncy.xpath(\"//button[@textid='submit']\").should('be.visible'); //Verifying the \"Forgot Password\" Link.\ncy.get('a').should('have.text', 'Forgot Password?');",
              "err": {},
              "uuid": "ee394259-4020-480b-96c0-9907df523046",
              "parentUUID": "ea7bd8fe-7b13-4c14-9333-5b18e5078009",
              "isHook": false,
              "skipped": false
            },
            {
              "title": "At login screen Email input field should have proper validation",
              "fullTitle": "Login module testcases At login screen Email input field should have proper validation",
              "timedOut": null,
              "duration": 3152,
              "state": "passed",
              "speed": "fast",
              "pass": true,
              "fail": false,
              "pending": false,
              "context": null,
              "code": "//Clicking inside \"Email\" input field.\ncy.xpath(\"//input[@name='email']\").should('be.visible').clear(); //Clicking outside Email input box.\ncy.get('.py-20').click(); //Verifying validation error for \"Blank data\".\ncy.xpath('//form/div[1]/div[2]').eq(0).should('have.text', 'Required').and('be.visible'); //Entering invalid data into \"Email\" input field.\ncy.xpath(\"//input[@name='email']\").should('be.visible').type('dasd@ asda@'); //Verifying validation error for \"invalid data\".\ncy.xpath('//div[contains(text(),\"val\")]').eq(0).should('have.text', 'Please enter valid email').and('be.visible'); //Clearing data in the \"Email\" input field.\ncy.xpath(\"//input[@name='email']\").clear();",
              "err": {},
              "uuid": "c26558fb-8ed1-4b52-92c7-9ed0ae6db5b1",
              "parentUUID": "ea7bd8fe-7b13-4c14-9333-5b18e5078009",
              "isHook": false,
              "skipped": false
            },
            {
              "title": "At login screen password input field should have proper validation",
              "fullTitle": "Login module testcases At login screen password input field should have proper validation",
              "timedOut": null,
              "duration": 3075,
              "state": "passed",
              "speed": "fast",
              "pass": true,
              "fail": false,
              "pending": false,
              "context": null,
              "code": "//Clicking inside Password input box.\ncy.xpath(\"//*[@name='password']\").should('be.visible').clear(); //Clicking outside Password input box.\ncy.get('.py-20').click(); //Verifying validation error for \"Blank data\".\ncy.xpath('//form/div[2]/div[2]').eq(0).should('have.text', 'Required').and('be.visible'); //Enter Lessthan 8 Characters into \"Password\" input field.\ncy.xpath(\"//*[@name='password']\").should('be.visible').type(\"vsdvd11\"); //Clicking outside Password input box.\ncy.get('.py-20').click(); //Verifying validation error for \"Minimum Characters\".\ncy.xpath('//div[contains(text(),\"8\")]').eq(0).should('have.text', 'Password should have min. 8 characters').and('be.visible'); //Clearing data in the \"Password\" input field.\ncy.xpath(\"//*[@name='password']\").should('be.visible').clear(); //Entering Data with \"Space\" into \"Password\" input field.\ncy.xpath(\"//input[@name='password']\").should('be.visible').clear().type('a b'); //Verifying validation error for \"Space entered into password input field\".\ncy.xpath('//div[contains(text(),\"Sp\")]').should('have.text', 'Space not allowed').and('be.visible');",
              "err": {},
              "uuid": "c5ce5ada-7cfc-447d-bbbd-0cb7e3ef9359",
              "parentUUID": "ea7bd8fe-7b13-4c14-9333-5b18e5078009",
              "isHook": false,
              "skipped": false
            },
            {
              "title": "At login screen forgot password link text should be visible",
              "fullTitle": "Login module testcases At login screen forgot password link text should be visible",
              "timedOut": null,
              "duration": 20712,
              "state": "failed",
              "speed": null,
              "pass": false,
              "fail": true,
              "pending": false,
              "context": null,
              "code": "//Clicking on \"Forgot Password\" link.\ncy.get('a').should('be.visible').click(); //Verifying that \"Forgot Password\" page is visible.\ncy.get('.text-gray-900').should('have.text', 'Forgot Password? ').and('be.visible'); //Clicking on Back Arrow on \"Forgot Password\" page.\ncy.get('a > .text-primary').click();",
              "err": {
                "message": "AssertionError: Timed out retrying after 20000ms: Expected to find element: `.text-gray-900`, but never found it.",
                "estack": "AssertionError: Timed out retrying after 20000ms: Expected to find element: `.text-gray-900`, but never found it.\n    at Context.eval (https://qa.rch.build-release.com/__cypress/tests?p=cypress\\e2e\\Admin_Testcases\\01_login.spec.js:164:30)",
                "diff": null
              },
              "uuid": "3cebc584-ef48-47ab-a3d6-df24d349413c",
              "parentUUID": "ea7bd8fe-7b13-4c14-9333-5b18e5078009",
              "isHook": false,
              "skipped": false
            },
            {
              "title": "I should be unable to login with invalid credential",
              "fullTitle": "Login module testcases I should be unable to login with invalid credential",
              "timedOut": null,
              "duration": 21084,
              "state": "failed",
              "speed": null,
              "pass": false,
              "fail": true,
              "pending": false,
              "context": null,
              "code": "//Entering invalid data into \"Email\" input feld.\ncy.xpath(\"//input[@name='email']\").type('alpha@gmail.com'); //Entering invalid data into \"Password\" input feld.\ncy.xpath(\"//input[@name='password']\").type('Password@321'); //Checking that the \"Submit\" button is Enabled and Clicking on it.\ncy.xpath(\"//button[@textid='submit']\").should('be.enabled').and('be.visible').click(); //Verifying the validation error for invalid Credentials.\ncy.contains('Incorrect email or password');",
              "err": {
                "message": "AssertionError: Timed out retrying after 20000ms: Expected to find element: `//input[@name='password']`, but never found it.",
                "estack": "AssertionError: Timed out retrying after 20000ms: Expected to find element: `//input[@name='password']`, but never found it.\n    at Context.eval (https://qa.rch.build-release.com/__cypress/tests?p=cypress\\e2e\\Admin_Testcases\\01_login.spec.js:172:8)",
                "diff": null
              },
              "uuid": "c85a67c9-675a-4133-900e-1d6e726408f3",
              "parentUUID": "ea7bd8fe-7b13-4c14-9333-5b18e5078009",
              "isHook": false,
              "skipped": false
            },
            {
              "title": "I should be able to navigate to Enter Verification code page after login with the valid credeantials",
              "fullTitle": "Login module testcases I should be able to navigate to Enter Verification code page after login with the valid credeantials",
              "timedOut": null,
              "duration": 21203,
              "state": "failed",
              "speed": null,
              "pass": false,
              "fail": true,
              "pending": false,
              "context": null,
              "code": "//Entering Valid data into \"Email\" input feld.\ncy.xpath(\"//input[@name='email']\").clear().type(cred.email); //Entering Valid data into \"Password\" input feld.\ncy.xpath(\"//input[@name='password']\").clear().type(cred.password); //Clicking on \"Submit\" button.\ncy.xpath(\"//button[@textid='submit']\").click();\ncy.wait(3000); //Verifying that the \"OTP Verification\" page is visible after login.\ncy.xpath('//div[contains(text(),\"E\")]').should('be.visible').should('have.text', 'Enter Verification Code');",
              "err": {
                "message": "AssertionError: Timed out retrying after 20000ms: Expected to find element: `//input[@name='password']`, but never found it.",
                "estack": "AssertionError: Timed out retrying after 20000ms: Expected to find element: `//input[@name='password']`, but never found it.\n    at Context.eval (https://qa.rch.build-release.com/__cypress/tests?p=cypress\\e2e\\Admin_Testcases\\01_login.spec.js:182:8)",
                "diff": null
              },
              "uuid": "63795c2d-0754-497c-b2e2-cdf7fe7e5c34",
              "parentUUID": "ea7bd8fe-7b13-4c14-9333-5b18e5078009",
              "isHook": false,
              "skipped": false
            },
            {
              "title": "At \"Enter Verification Code\" page each label and link should be proper ",
              "fullTitle": "Login module testcases At \"Enter Verification Code\" page each label and link should be proper ",
              "timedOut": null,
              "duration": 20369,
              "state": "failed",
              "speed": null,
              "pass": false,
              "fail": true,
              "pending": false,
              "context": null,
              "code": "//Verify the text of \"Enter Verification\" code header.\ncy.xpath('//*[contains(text(),\"En\")]').should('be.visible').should('have.text', 'Enter Verification Code'); //Verifiying that the back arrow button is visible.\ncy.xpath('//*[@fill=\"currentColor\"]').should('be.visible'); //Verifiying that the \"inbox image\" is visible.\ncy.xpath('//*[@alt=\"EmailIcon\"]').should('be.visible'); //Verify the text below \"inbox image\" is visible and correct.\ncy.xpath('//div[contains(text(),\"6 digit\")]').should('be.visible').should('contain.text', 'A 6 digit verification code has been sent to '); //verifing that the OTP input fields are present.\ncy.xpath(\"//*[@class='my-4']/div[1]\").should('be.visible'); //Verifing that the \"Haven't received OTP\" text is present.\ncy.xpath('//*[contains(text(),\"Hav\")]').should('be.visible').should('have.text', \"Haven't received the OTP?\"); //Verifing the label of \"Resend OTP\" Link.\ncy.xpath('//*[contains(text(),\"Res\")]').should('be.visible').should('have.text', \"Resend OTP\"); //verifying the label of \"submit\" button.\ncy.xpath('//*[@textid=\"submit\"]').should('be.visible').should('have.text', \"Submit\");",
              "err": {
                "message": "AssertionError: Timed out retrying after 20000ms: Expected to find element: `//*[contains(text(),\"En\")]`, but never found it.",
                "estack": "AssertionError: Timed out retrying after 20000ms: Expected to find element: `//*[contains(text(),\"En\")]`, but never found it.\n    at Context.eval (https://qa.rch.build-release.com/__cypress/tests?p=cypress\\e2e\\Admin_Testcases\\01_login.spec.js:191:44)",
                "diff": null
              },
              "uuid": "dfed08b6-8fe4-4d1d-9a06-012dd9935d3d",
              "parentUUID": "ea7bd8fe-7b13-4c14-9333-5b18e5078009",
              "isHook": false,
              "skipped": false
            },
            {
              "title": "Validate \"Enter Verification Code\" page with Blank Data.",
              "fullTitle": "Login module testcases Validate \"Enter Verification Code\" page with Blank Data.",
              "timedOut": null,
              "duration": 20597,
              "state": "failed",
              "speed": null,
              "pass": false,
              "fail": true,
              "pending": false,
              "context": null,
              "code": "//Clicking on \"Submit\" button with Blank data.\ncy.xpath(\"//*[@textid='submit']\").click(); //Verifiying validation error for blank data.\ncy.xpath('//*[contains(text(),\"valid\")]').should('be.visible').should('have.text', 'Verfication Code is not valid, please re-enter or resend Verfication code');",
              "err": {
                "message": "AssertionError: Timed out retrying after 20000ms: Expected to find element: `//*[@textid='submit']`, but never found it.",
                "estack": "AssertionError: Timed out retrying after 20000ms: Expected to find element: `//*[@textid='submit']`, but never found it.\n    at Context.eval (https://qa.rch.build-release.com/__cypress/tests?p=cypress\\e2e\\Admin_Testcases\\01_login.spec.js:209:8)",
                "diff": null
              },
              "uuid": "76617520-3b4b-4e40-9583-3cce5371625d",
              "parentUUID": "ea7bd8fe-7b13-4c14-9333-5b18e5078009",
              "isHook": false,
              "skipped": false
            },
            {
              "title": "Validate \"Enter Verification Code\" page with invalid Data.",
              "fullTitle": "Login module testcases Validate \"Enter Verification Code\" page with invalid Data.",
              "timedOut": null,
              "duration": 20469,
              "state": "failed",
              "speed": null,
              "pass": false,
              "fail": true,
              "pending": false,
              "context": null,
              "code": "//Enter invalid data into \"Enter verification code\" page.\ncy.xpath(\"//*[@class='my-4']/div[1]\").should('be.visible').type('123456'); //Clicking on \"Submit\" button.\ncy.xpath(\"//*[@textid='submit']\").click();\ncy.wait(2000); //Verifiying validation error for blank data.\ncy.contains('Invalid otp');",
              "err": {
                "message": "AssertionError: Timed out retrying after 20000ms: Expected to find element: `//*[@class='my-4']/div[1]`, but never found it.",
                "estack": "AssertionError: Timed out retrying after 20000ms: Expected to find element: `//*[@class='my-4']/div[1]`, but never found it.\n    at Context.eval (https://qa.rch.build-release.com/__cypress/tests?p=cypress\\e2e\\Admin_Testcases\\01_login.spec.js:215:43)",
                "diff": null
              },
              "uuid": "065a4254-b19f-4b2b-b3c9-2b9373e81662",
              "parentUUID": "ea7bd8fe-7b13-4c14-9333-5b18e5078009",
              "isHook": false,
              "skipped": false
            },
            {
              "title": "After Entering valid OTP and Clicking on Submit button user should be logged in successfully.",
              "fullTitle": "Login module testcases After Entering valid OTP and Clicking on Submit button user should be logged in successfully.",
              "timedOut": null,
              "duration": 30369,
              "state": "failed",
              "speed": null,
              "pass": false,
              "fail": true,
              "pending": false,
              "context": null,
              "code": "//Clicking on \"Back arrow\" icon.\ncy.xpath('//*[@fill=\"currentColor\"]').should('be.visible').click();\ncy.wait(4000); //Entering Valid data into \"Email\" input feld.\ncy.xpath(\"//input[@name='email']\").clear().type(cred.email); //Entering Valid data into \"Password\" input feld.\ncy.xpath(\"//input[@name='password']\").clear().type(cred.password); //Clicking on \"Submit\" button.\ncy.xpath(\"//button[@textid='submit']\").click();\ncy.wait(3000); //Verifying that the \"OTP Verification\" page is visible after login.\ncy.xpath('//div[contains(text(),\"E\")]').should('be.visible').should('have.text', 'Enter Verification Code'); //Enter valid data into \"Enter verification code\" page.\ncy.xpath(\"//*[@class='my-4']/div[1]\").should('be.visible').clear().type('123321'); //Clicking on \"Submit\" button.\ncy.xpath(\"//*[@textid='submit']\").click(); //verifying that the user is logged in successfully.\ncy.url().should('include', '/dashboard');\ncy.logout();",
              "err": {
                "message": "AssertionError: Timed out retrying after 20000ms: expected '<div>' to have text 'Enter Verification Code', but the text was 'Email'",
                "estack": "AssertionError: Timed out retrying after 20000ms: expected '<div>' to have text 'Enter Verification Code', but the text was 'Email'\n    at Context.eval (https://qa.rch.build-release.com/__cypress/tests?p=cypress\\e2e\\Admin_Testcases\\01_login.spec.js:234:66)",
                "diff": "- 'Email'\n+ 'Enter Verification Code'\n"
              },
              "uuid": "0eac6946-4b22-43de-878a-dcf128cb85f3",
              "parentUUID": "ea7bd8fe-7b13-4c14-9333-5b18e5078009",
              "isHook": false,
              "skipped": false
            }
          ],
          "suites": [],
          "passes": [
            "3fab05ce-bd80-4602-9f3f-c42f4d7ebbfa",
            "ee394259-4020-480b-96c0-9907df523046",
            "c26558fb-8ed1-4b52-92c7-9ed0ae6db5b1",
            "c5ce5ada-7cfc-447d-bbbd-0cb7e3ef9359"
          ],
          "failures": [
            "3cebc584-ef48-47ab-a3d6-df24d349413c",
            "c85a67c9-675a-4133-900e-1d6e726408f3",
            "63795c2d-0754-497c-b2e2-cdf7fe7e5c34",
            "dfed08b6-8fe4-4d1d-9a06-012dd9935d3d",
            "76617520-3b4b-4e40-9583-3cce5371625d",
            "065a4254-b19f-4b2b-b3c9-2b9373e81662",
            "0eac6946-4b22-43de-878a-dcf128cb85f3"
          ],
          "pending": [],
          "skipped": [],
          "duration": 168991,
          "root": false,
          "rootEmpty": false,
          "_timeout": 2000
        }
      ],
      "passes": [],
      "failures": [],
      "pending": [],
      "skipped": [],
      "duration": 0,
      "root": true,
      "rootEmpty": true,
      "_timeout": 2000
    }
  ],
  "meta": {
    "mocha": {
      "version": "7.0.1"
    },
    "mochawesome": {
      "options": {
        "quiet": false,
        "reportFilename": "report",
        "saveHtml": true,
        "saveJson": true,
        "consoleReporter": "spec",
        "useInlineDiffs": false,
        "code": true
      },
      "version": "7.0.1"
    },
    "marge": {
      "options": {
        "reportDir": "cypress/reports",
        "reportFilename": "report",
        "overwrite": false,
        "html": true,
        "json": true,
        "charts": true
      },
      "version": "6.0.1"
    }
  }
}