{
  "stats": {
    "suites": 1,
    "tests": 8,
    "passes": 4,
    "pending": 0,
    "failures": 4,
    "start": "2022-04-20T06:03:17.130Z",
    "end": "2022-04-20T06:04:56.261Z",
    "duration": 99131,
    "testsRegistered": 8,
    "passPercent": 50,
    "pendingPercent": 0,
    "other": 0,
    "hasOther": false,
    "skipped": 0,
    "hasSkipped": false
  },
  "results": [
    {
      "uuid": "d526240a-c24e-48e0-ab2c-dddef7206f2a",
      "title": "",
      "fullFile": "cypress/integration/Admin_Testcases/03_profile.spec.js",
      "file": "cypress/integration/Admin_Testcases/03_profile.spec.js",
      "beforeHooks": [],
      "afterHooks": [],
      "tests": [],
      "suites": [
        {
          "uuid": "3cb8a1bd-679e-4920-9e56-aca1f70069d1",
          "title": "Profile module testcases",
          "fullFile": "",
          "file": "",
          "beforeHooks": [],
          "afterHooks": [],
          "tests": [
            {
              "title": "As a Admin I should be able to navigate on Admin Profile",
              "fullTitle": "Profile module testcases As a Admin I should be able to navigate on Admin Profile",
              "timedOut": null,
              "duration": 9793,
              "state": "passed",
              "speed": "slow",
              "pass": true,
              "fail": false,
              "pending": false,
              "context": null,
              "code": "cy.login();\ncy.url().should('contain', '/dashboard');\ncy.get('span.hidden').click();\ncy.get(\".ml-3>div:nth-child(2)>div:nth-child(1)\").should('be.visible').should('have.text', 'Profile').click();\ncy.url().should('include', '/admin/profile');",
              "err": {},
              "uuid": "99cb8484-1579-4ce6-a232-17785bf1f4c6",
              "parentUUID": "3cb8a1bd-679e-4920-9e56-aca1f70069d1",
              "isHook": false,
              "skipped": false
            },
            {
              "title": "At Profile page each label should be proper",
              "fullTitle": "Profile module testcases At Profile page each label should be proper",
              "timedOut": null,
              "duration": 1658,
              "state": "passed",
              "speed": "slow",
              "pass": true,
              "fail": false,
              "pending": false,
              "context": null,
              "code": "cy.get('.text-xl').should('be.visible').and('have.text', 'Profile Details');\ncy.xpath(\"//label//div\").eq(0).should('have.text', 'First Name').and('be.visible');\ncy.xpath(\"//label//div\").eq(1).should('have.text', 'Last Name').and('be.visible');\ncy.xpath(\"//label//div\").eq(2).should('have.text', 'Email').and('be.visible');\ncy.xpath(\"//label//div\").eq(3).should('have.text', 'Phone Number').and('be.visible');",
              "err": {},
              "uuid": "0526742b-e2fa-494e-88df-91e08ec44b08",
              "parentUUID": "3cb8a1bd-679e-4920-9e56-aca1f70069d1",
              "isHook": false,
              "skipped": false
            },
            {
              "title": "At Profile page each field should have proper validations",
              "fullTitle": "Profile module testcases At Profile page each field should have proper validations",
              "timedOut": null,
              "duration": 1453,
              "state": "passed",
              "speed": "slow",
              "pass": true,
              "fail": false,
              "pending": false,
              "context": null,
              "code": "cy.get('.ml-2').click();\ncy.xpath(first_name).clear();\ncy.xpath(last_name).clear();\ncy.xpath(mobile_num).clear();\ncy.get('.flex-1').click();\ncy.get('.text-red-600 ').eq(0).contains('First Name is required');\ncy.get('.text-red-600 ').eq(1).contains('Last Name is required');\ncy.get('.text-red-600 ').eq(2).contains('Phone number required');",
              "err": {},
              "uuid": "70e106e8-727c-48b0-80ac-241fac591c81",
              "parentUUID": "3cb8a1bd-679e-4920-9e56-aca1f70069d1",
              "isHook": false,
              "skipped": false
            },
            {
              "title": "As a Admin I should be able to update my profile details except email",
              "fullTitle": "Profile module testcases As a Admin I should be able to update my profile details except email",
              "timedOut": null,
              "duration": 12879,
              "state": "passed",
              "speed": "slow",
              "pass": true,
              "fail": false,
              "pending": false,
              "context": null,
              "code": "const phone = _faker.default.phone.phoneNumber('##########');\ncy.xpath(first_name).clear().type('LXMedical');\ncy.xpath(last_name).clear().type('Admin');\ncy.xpath(mobile_num).clear().type(phone);\ncy.get('#update-profile').click();\ncy.contains(\"Profile updated sucessfully\");\ncy.logout();",
              "err": {},
              "uuid": "10b81270-6dc8-415b-92d1-a7fe8b3ce18d",
              "parentUUID": "3cb8a1bd-679e-4920-9e56-aca1f70069d1",
              "isHook": false,
              "skipped": false
            },
            {
              "title": "As a Admin the user should able to log out by cliking on logout link via profile icon",
              "fullTitle": "Profile module testcases As a Admin the user should able to log out by cliking on logout link via profile icon",
              "timedOut": null,
              "duration": 15438,
              "state": "failed",
              "speed": null,
              "pass": false,
              "fail": true,
              "pending": false,
              "context": null,
              "code": "cy.get('span.hidden').click();\ncy.get(\".ml-3>div:nth-child(2)>div:nth-child(2)\").should('be.visible').should('have.text', 'Sign Out').click();",
              "err": {
                "message": "AssertionError: Timed out retrying after 15000ms: Expected to find element: `span.hidden`, but never found it.",
                "estack": "AssertionError: Timed out retrying after 15000ms: Expected to find element: `span.hidden`, but never found it.\n    at Context.eval (https://qa.rch.build-release.com/__cypress/tests?p=cypress\\integration\\Admin_Testcases\\03_profile.spec.js:171:8)",
                "diff": null
              },
              "uuid": "e2e9f698-220b-4daf-b3f5-a97c9f45d0c2",
              "parentUUID": "3cb8a1bd-679e-4920-9e56-aca1f70069d1",
              "isHook": false,
              "skipped": false
            },
            {
              "title": "By clicking on log out the user should able to get log out confirmation pop up.",
              "fullTitle": "Profile module testcases By clicking on log out the user should able to get log out confirmation pop up.",
              "timedOut": null,
              "duration": 15442,
              "state": "failed",
              "speed": null,
              "pass": false,
              "fail": true,
              "pending": false,
              "context": null,
              "code": "cy.get(\".mt-3>.mt-2\").should('be.visible').should('have.text', 'Are you sure, you want to sign out?');\ncy.get(\"svg.h-6.w-6\").should('be.visible');\ncy.get(\".mt-5>button:nth-child(2)\").should('be.visible').should('have.text', 'Cancel');\ncy.get(\".mt-5>button:nth-child(1)\").should('be.visible').should('have.text', 'Confirm');",
              "err": {
                "message": "AssertionError: Timed out retrying after 15000ms: Expected to find element: `.mt-3>.mt-2`, but never found it.",
                "estack": "AssertionError: Timed out retrying after 15000ms: Expected to find element: `.mt-3>.mt-2`, but never found it.\n    at Context.eval (https://qa.rch.build-release.com/__cypress/tests?p=cypress\\integration\\Admin_Testcases\\03_profile.spec.js:175:27)",
                "diff": null
              },
              "uuid": "2e0d0ba9-9f68-43f7-92af-b81bf3f57060",
              "parentUUID": "3cb8a1bd-679e-4920-9e56-aca1f70069d1",
              "isHook": false,
              "skipped": false
            },
            {
              "title": "By clicking on on cancel button the log out confirmation pop out should be closed.",
              "fullTitle": "Profile module testcases By clicking on on cancel button the log out confirmation pop out should be closed.",
              "timedOut": null,
              "duration": 15411,
              "state": "failed",
              "speed": null,
              "pass": false,
              "fail": true,
              "pending": false,
              "context": null,
              "code": "cy.get(\".mt-5>button:nth-child(2)\").should('be.visible').should('have.text', 'Cancel').click();\ncy.wait(2000);\ncy.get('span.hidden').click();\ncy.get(\".ml-3>div:nth-child(2)>div:nth-child(2)\").should('be.visible').should('have.text', 'Sign Out').click();\ncy.wait(2000);",
              "err": {
                "message": "AssertionError: Timed out retrying after 15000ms: Expected to find element: `.mt-5>button:nth-child(2)`, but never found it.",
                "estack": "AssertionError: Timed out retrying after 15000ms: Expected to find element: `.mt-5>button:nth-child(2)`, but never found it.\n    at Context.eval (https://qa.rch.build-release.com/__cypress/tests?p=cypress\\integration\\Admin_Testcases\\03_profile.spec.js:181:41)",
                "diff": null
              },
              "uuid": "b6bb50c3-a6e5-4244-9f55-1fcc7af9d54a",
              "parentUUID": "3cb8a1bd-679e-4920-9e56-aca1f70069d1",
              "isHook": false,
              "skipped": false
            },
            {
              "title": "By clicking on confirm button the user should be able to log out of the site.",
              "fullTitle": "Profile module testcases By clicking on confirm button the user should be able to log out of the site.",
              "timedOut": null,
              "duration": 15411,
              "state": "failed",
              "speed": null,
              "pass": false,
              "fail": true,
              "pending": false,
              "context": null,
              "code": "cy.get(\".mt-5>button:nth-child(1)\").should('be.visible').should('have.text', 'Confirm').click();\ncy.wait(2000);",
              "err": {
                "message": "AssertionError: Timed out retrying after 15000ms: Expected to find element: `.mt-5>button:nth-child(1)`, but never found it.",
                "estack": "AssertionError: Timed out retrying after 15000ms: Expected to find element: `.mt-5>button:nth-child(1)`, but never found it.\n    at Context.eval (https://qa.rch.build-release.com/__cypress/tests?p=cypress\\integration\\Admin_Testcases\\03_profile.spec.js:188:41)",
                "diff": null
              },
              "uuid": "013ae61b-b247-4eba-8f76-94475771eb22",
              "parentUUID": "3cb8a1bd-679e-4920-9e56-aca1f70069d1",
              "isHook": false,
              "skipped": false
            }
          ],
          "suites": [],
          "passes": [
            "99cb8484-1579-4ce6-a232-17785bf1f4c6",
            "0526742b-e2fa-494e-88df-91e08ec44b08",
            "70e106e8-727c-48b0-80ac-241fac591c81",
            "10b81270-6dc8-415b-92d1-a7fe8b3ce18d"
          ],
          "failures": [
            "e2e9f698-220b-4daf-b3f5-a97c9f45d0c2",
            "2e0d0ba9-9f68-43f7-92af-b81bf3f57060",
            "b6bb50c3-a6e5-4244-9f55-1fcc7af9d54a",
            "013ae61b-b247-4eba-8f76-94475771eb22"
          ],
          "pending": [],
          "skipped": [],
          "duration": 87485,
          "root": false,
          "rootEmpty": false,
          "_timeout": 2000
        }
      ],
      "passes": [],
      "failures": [],
      "pending": [],
      "skipped": [],
      "duration": 0,
      "root": true,
      "rootEmpty": true,
      "_timeout": 2000
    }
  ],
  "meta": {
    "mocha": {
      "version": "7.0.1"
    },
    "mochawesome": {
      "options": {
        "quiet": false,
        "reportFilename": "report",
        "saveHtml": true,
        "saveJson": true,
        "consoleReporter": "spec",
        "useInlineDiffs": false,
        "code": true
      },
      "version": "7.0.1"
    },
    "marge": {
      "options": {
        "reportDir": "cypress/reports",
        "reportFilename": "report",
        "overwrite": false,
        "html": true,
        "json": true,
        "charts": true
      },
      "version": "6.0.1"
    }
  }
}