{
  "stats": {
    "suites": 1,
    "tests": 9,
    "passes": 9,
    "pending": 0,
    "failures": 0,
    "start": "2022-04-21T08:51:06.694Z",
    "end": "2022-04-21T08:51:34.969Z",
    "duration": 28275,
    "testsRegistered": 9,
    "passPercent": 100,
    "pendingPercent": 0,
    "other": 0,
    "hasOther": false,
    "skipped": 0,
    "hasSkipped": false
  },
  "results": [
    {
      "uuid": "6131680b-c77f-49ce-85c2-55656dc405fc",
      "title": "",
      "fullFile": "cypress/integration/Admin_Testcases/23_Cancelled.spec.js",
      "file": "cypress/integration/Admin_Testcases/23_Cancelled.spec.js",
      "beforeHooks": [],
      "afterHooks": [],
      "tests": [],
      "suites": [
        {
          "uuid": "50225c8a-bcab-4464-92e1-62407fe31b57",
          "title": "Cancelled Appointment Details Test cases",
          "fullFile": "",
          "file": "",
          "beforeHooks": [],
          "afterHooks": [],
          "tests": [
            {
              "title": "As a Admin the user should be navigated to the Appointment Details page of \"Cancelled\" appointment by clicking on the eye icon against that appointment",
              "fullTitle": "Cancelled Appointment Details Test cases As a Admin the user should be navigated to the Appointment Details page of \"Cancelled\" appointment by clicking on the eye icon against that appointment",
              "timedOut": null,
              "duration": 14743,
              "state": "passed",
              "speed": "slow",
              "pass": true,
              "fail": false,
              "pending": false,
              "context": null,
              "code": "cy.login();\ncy.url().should('contain', '/dashboard');\ncy.get('.space-y-4 > :nth-child(4)').should('be.visible').should('have.text', 'Appointments').click();\ncy.url().should('contain', '/appointments');\ncy.get('.-mx-4>div:nth-child(2)>div:nth-child(2)>div:nth-child(3)').should('be.visible').should('have.text', 'Add Filter').click();\ncy.get('.py-1:nth-child(2)>div:nth-child(8)').should('be.visible').should('have.text', 'cancelled').click();\ncy.wait(3000);\ncy.get('tbody>tr:nth-child(1)>td:nth-child(8)>div>svg').scrollIntoView().should('be.visible').click();\ncy.wait(3000);\ncy.get(':nth-child(3) > .font-semibold > .text-sm').should('be.visible').should('contain', 'cancelled');",
              "err": {},
              "uuid": "26cff2d0-054f-4719-b422-d78330f0b3e8",
              "parentUUID": "50225c8a-bcab-4464-92e1-62407fe31b57",
              "isHook": false,
              "skipped": false
            },
            {
              "title": "At \"Appointment details\" page each label and field should have proper label and validations",
              "fullTitle": "Cancelled Appointment Details Test cases At \"Appointment details\" page each label and field should have proper label and validations",
              "timedOut": null,
              "duration": 183,
              "state": "passed",
              "speed": "slow",
              "pass": true,
              "fail": false,
              "pending": false,
              "context": null,
              "code": "cy.get('.space-x-4 > .font-semibold').should('be.visible').should('have.text', 'Appointment Details');\ncy.get('.w-7').should('be.visible');\ncy.get('[textid=\"reactivate.appointment\"]').should('be.visible').should('have.text', 'Re-activate');\ncy.get('.border-b.py-3 > .text-primary').should('be.visible');\ncy.get('.mx-4 > :nth-child(2)>div:nth-child(1)>div').should('be.visible').should('have.text', 'Appointment ID');\ncy.get('.mx-4 > :nth-child(2)>div:nth-child(2)>div').should('be.visible').should('have.text', 'Requested For');\ncy.get('.mx-4 > :nth-child(2)>div:nth-child(3)>div:nth-child(1)').should('be.visible').should('have.text', 'Status'); // cy.get('.gap-x- > :nth-child(2) > .text-gray-500').should('be.visible').should('have.text','Service Address')\ncy.get('.mx-4 > :nth-child(5)>div:nth-child(1)').should('be.visible').should('have.text', 'Patients');\ncy.get('.mx-4 > :nth-child(6)>div:nth-child(1)').should('be.visible').should('have.text', 'Services Requested');",
              "err": {},
              "uuid": "fec6ff68-b931-4607-8e32-1c4bc7030294",
              "parentUUID": "50225c8a-bcab-4464-92e1-62407fe31b57",
              "isHook": false,
              "skipped": false
            },
            {
              "title": "The unique appointment id should be displayed",
              "fullTitle": "Cancelled Appointment Details Test cases The unique appointment id should be displayed",
              "timedOut": null,
              "duration": 34,
              "state": "passed",
              "speed": "fast",
              "pass": true,
              "fail": false,
              "pending": false,
              "context": null,
              "code": "cy.get('.mx-4 > :nth-child(2)>div:nth-child(1)>div').should('be.visible').should('have.text', 'Appointment ID');",
              "err": {},
              "uuid": "4e4a5c45-8684-450c-9fb6-7e31e9949be4",
              "parentUUID": "50225c8a-bcab-4464-92e1-62407fe31b57",
              "isHook": false,
              "skipped": false
            },
            {
              "title": "The date requested by the patient should be displayed",
              "fullTitle": "Cancelled Appointment Details Test cases The date requested by the patient should be displayed",
              "timedOut": null,
              "duration": 49,
              "state": "passed",
              "speed": "medium",
              "pass": true,
              "fail": false,
              "pending": false,
              "context": null,
              "code": "cy.get('.mx-4 > :nth-child(2)>div:nth-child(2)>div').should('be.visible').should('have.text', 'Requested For');",
              "err": {},
              "uuid": "372d39d4-72de-4992-b08e-728bdcd6d9a5",
              "parentUUID": "50225c8a-bcab-4464-92e1-62407fe31b57",
              "isHook": false,
              "skipped": false
            },
            {
              "title": "The Service Address where the patient requested the service should be displayed",
              "fullTitle": "Cancelled Appointment Details Test cases The Service Address where the patient requested the service should be displayed",
              "timedOut": null,
              "duration": 20,
              "state": "passed",
              "speed": "fast",
              "pass": true,
              "fail": false,
              "pending": false,
              "context": null,
              "code": "// cy.get('.gap-x- > :nth-child(2) > .text-gray-500').should('be.visible').should('have.text','Service Address')",
              "err": {},
              "uuid": "b8ea5c62-8946-4b98-bb76-d26c096e63b8",
              "parentUUID": "50225c8a-bcab-4464-92e1-62407fe31b57",
              "isHook": false,
              "skipped": false
            },
            {
              "title": "As a Admin the user should be navigated to the medical history page of particular patient by clicking on the name card of that particular patient",
              "fullTitle": "Cancelled Appointment Details Test cases As a Admin the user should be navigated to the medical history page of particular patient by clicking on the name card of that particular patient",
              "timedOut": null,
              "duration": 4359,
              "state": "passed",
              "speed": "slow",
              "pass": true,
              "fail": false,
              "pending": false,
              "context": null,
              "code": "cy.get('.justify-between > .flex > .w-6').should('be.visible').click();\ncy.wait(4000);\ncy.get('svg.h-6').should('be.visible').click();",
              "err": {},
              "uuid": "b626c95a-cf07-4ae9-96e5-a7b3315d6d0d",
              "parentUUID": "50225c8a-bcab-4464-92e1-62407fe31b57",
              "isHook": false,
              "skipped": false
            },
            {
              "title": "The list of services requested by the patient should be displayed",
              "fullTitle": "Cancelled Appointment Details Test cases The list of services requested by the patient should be displayed",
              "timedOut": null,
              "duration": 302,
              "state": "passed",
              "speed": "slow",
              "pass": true,
              "fail": false,
              "pending": false,
              "context": null,
              "code": "cy.get('.mx-4 > :nth-child(6)>div:nth-child(1)').should('have.text', 'Services Requested');",
              "err": {},
              "uuid": "c69519c7-6b39-48b8-90fe-b17058321d4d",
              "parentUUID": "50225c8a-bcab-4464-92e1-62407fe31b57",
              "isHook": false,
              "skipped": false
            },
            {
              "title": "The cancellation reason added by admin/patient should be reflected",
              "fullTitle": "Cancelled Appointment Details Test cases The cancellation reason added by admin/patient should be reflected",
              "timedOut": null,
              "duration": 49,
              "state": "passed",
              "speed": "medium",
              "pass": true,
              "fail": false,
              "pending": false,
              "context": null,
              "code": "cy.get('.mx-4 > :nth-child(4)>div:nth-child(1)>div>div>div:nth-child(1)').should('be.visible').should('have.text', 'Cancellation Reason');",
              "err": {},
              "uuid": "e9e37d58-a64b-4ce5-8827-0ee82f97bd02",
              "parentUUID": "50225c8a-bcab-4464-92e1-62407fe31b57",
              "isHook": false,
              "skipped": false
            },
            {
              "title": "As a Admin the user can Re-Activate the appointment by clicking on the \"Re-Activate\" button.",
              "fullTitle": "Cancelled Appointment Details Test cases As a Admin the user can Re-Activate the appointment by clicking on the \"Re-Activate\" button.",
              "timedOut": null,
              "duration": 3546,
              "state": "passed",
              "speed": "slow",
              "pass": true,
              "fail": false,
              "pending": false,
              "context": null,
              "code": "cy.get('[textid=\"reactivate.appointment\"]').should('be.visible').should('have.text', 'Re-activate').click();\ncy.contains('Appointment Reactivated successfully');\ncy.wait(3000);\ncy.get(':nth-child(3) > .font-semibold > .text-sm').should('be.visible').should('contain', 'accepted');",
              "err": {},
              "uuid": "81afd457-4e1b-4186-b62b-dec2e9ab54ad",
              "parentUUID": "50225c8a-bcab-4464-92e1-62407fe31b57",
              "isHook": false,
              "skipped": false
            }
          ],
          "suites": [],
          "passes": [
            "26cff2d0-054f-4719-b422-d78330f0b3e8",
            "fec6ff68-b931-4607-8e32-1c4bc7030294",
            "4e4a5c45-8684-450c-9fb6-7e31e9949be4",
            "372d39d4-72de-4992-b08e-728bdcd6d9a5",
            "b8ea5c62-8946-4b98-bb76-d26c096e63b8",
            "b626c95a-cf07-4ae9-96e5-a7b3315d6d0d",
            "c69519c7-6b39-48b8-90fe-b17058321d4d",
            "e9e37d58-a64b-4ce5-8827-0ee82f97bd02",
            "81afd457-4e1b-4186-b62b-dec2e9ab54ad"
          ],
          "failures": [],
          "pending": [],
          "skipped": [],
          "duration": 23285,
          "root": false,
          "rootEmpty": false,
          "_timeout": 2000
        }
      ],
      "passes": [],
      "failures": [],
      "pending": [],
      "skipped": [],
      "duration": 0,
      "root": true,
      "rootEmpty": true,
      "_timeout": 2000
    }
  ],
  "meta": {
    "mocha": {
      "version": "7.0.1"
    },
    "mochawesome": {
      "options": {
        "quiet": false,
        "reportFilename": "report",
        "saveHtml": true,
        "saveJson": true,
        "consoleReporter": "spec",
        "useInlineDiffs": false,
        "code": true
      },
      "version": "7.0.1"
    },
    "marge": {
      "options": {
        "reportDir": "cypress/reports",
        "reportFilename": "report",
        "overwrite": false,
        "html": true,
        "json": true,
        "charts": true
      },
      "version": "6.0.1"
    }
  }
}