{
  "stats": {
    "suites": 1,
    "tests": 12,
    "passes": 0,
    "pending": 0,
    "failures": 12,
    "start": "2021-12-29T07:59:56.214Z",
    "end": "2021-12-29T08:02:39.622Z",
    "duration": 163408,
    "testsRegistered": 12,
    "passPercent": 0,
    "pendingPercent": 0,
    "other": 0,
    "hasOther": false,
    "skipped": 0,
    "hasSkipped": false
  },
  "results": [
    {
      "uuid": "6f7a2622-6e5e-41bb-b1b9-e1b6fca285e1",
      "title": "",
      "fullFile": "cypress/integration/Patient_Testcases/10_Charts_Add_Edit_DeleteFamilyMember.spec.js",
      "file": "cypress/integration/Patient_Testcases/10_Charts_Add_Edit_DeleteFamilyMember.spec.js",
      "beforeHooks": [],
      "afterHooks": [],
      "tests": [],
      "suites": [
        {
          "uuid": "01b46121-5a40-4b41-b9ee-29b257098c33",
          "title": "Add/edit/delete family member testcases",
          "fullFile": "",
          "file": "",
          "beforeHooks": [],
          "afterHooks": [],
          "tests": [
            {
              "title": "As a Patient the user should able to get a pop up window of add family member by clicking on \"add another member\" button on charts page",
              "fullTitle": "Add/edit/delete family member testcases As a Patient the user should able to get a pop up window of add family member by clicking on \"add another member\" button on charts page",
              "timedOut": null,
              "duration": 5362,
              "state": "failed",
              "speed": null,
              "pass": false,
              "fail": true,
              "pending": false,
              "context": null,
              "code": "cy.patientlogin(cred.pemail, cred.ppassword);\ncy.get('[href=\"/charts\"]').should('be.visible').should('have.text', 'Charts').click();\ncy.url().should('contain', '/charts');\ncy.get('.flex-wrap > .flex').should('be.visible').should('have.text', 'Add Another Member').click();",
              "err": {
                "message": "CypressError: `cy.visit()` failed trying to load:\n\nhttps://qa.rch.build-release.com/\n\nWe attempted to make an http request to this URL but the request failed without a response.\n\nWe received this error at the network level:\n\n  > Error: getaddrinfo ENOTFOUND qa.rch.build-release.com\n\nCommon situations why this would fail:\n  - you don't have internet access\n  - you forgot to run / boot your web server\n  - your web server isn't accessible\n  - you have weird network configuration settings on your computer",
                "estack": "CypressError: `cy.visit()` failed trying to load:\n\nhttps://qa.rch.build-release.com/\n\nWe attempted to make an http request to this URL but the request failed without a response.\n\nWe received this error at the network level:\n\n  > Error: getaddrinfo ENOTFOUND qa.rch.build-release.com\n\nCommon situations why this would fail:\n  - you don't have internet access\n  - you forgot to run / boot your web server\n  - your web server isn't accessible\n  - you have weird network configuration settings on your computer\n    at http://localhost:65345/__cypress/runner/cypress_runner.js:156031:82\n    at visitFailedByErr (http://localhost:65345/__cypress/runner/cypress_runner.js:155390:12)\n    at http://localhost:65345/__cypress/runner/cypress_runner.js:156030:11\n    at tryCatcher (http://localhost:65345/__cypress/runner/cypress_runner.js:13212:23)\n    at Promise._settlePromiseFromHandler (http://localhost:65345/__cypress/runner/cypress_runner.js:11147:31)\n    at Promise._settlePromise (http://localhost:65345/__cypress/runner/cypress_runner.js:11204:18)\n    at Promise._settlePromise0 (http://localhost:65345/__cypress/runner/cypress_runner.js:11249:10)\n    at Promise._settlePromises (http://localhost:65345/__cypress/runner/cypress_runner.js:11325:18)\n    at _drainQueueStep (http://localhost:65345/__cypress/runner/cypress_runner.js:7919:12)\n    at _drainQueue (http://localhost:65345/__cypress/runner/cypress_runner.js:7912:9)\n    at Async.../../node_modules/bluebird/js/release/async.js.Async._drainQueues (http://localhost:65345/__cypress/runner/cypress_runner.js:7928:5)\n    at Async.drainQueues (http://localhost:65345/__cypress/runner/cypress_runner.js:7798:14)\nFrom Your Spec Code:\n    at Context.eval (http://localhost:65345/__cypress/tests?p=cypress\\support\\index.js:181:6)\n\nFrom Node.js Internals:\n  Error: getaddrinfo ENOTFOUND qa.rch.build-release.com\n      at GetAddrInfoReqWrap.onlookup [as oncomplete] (dns.js:67:26)\n  ",
                "diff": null
              },
              "uuid": "d351a160-8005-4967-84de-c143a100c5ef",
              "parentUUID": "01b46121-5a40-4b41-b9ee-29b257098c33",
              "isHook": false,
              "skipped": false
            },
            {
              "title": "At add family member page each label and field have proper lable and validations",
              "fullTitle": "Add/edit/delete family member testcases At add family member page each label and field have proper lable and validations",
              "timedOut": null,
              "duration": 15219,
              "state": "failed",
              "speed": null,
              "pass": false,
              "fail": true,
              "pending": false,
              "context": null,
              "code": "cy.get('.hidden > .justify-between > .font-bold').should('be.visible').should('have.text', 'Add Family Member');\ncy.get('.hidden > .justify-between > .w-6').should('be.visible');\ncy.get('.hidden > .mt-6 > .px-4 > :nth-child(1) > :nth-child(1) > .text-sm > div').should('be.visible').should('have.text', 'First Name');\ncy.get('.hidden > .mt-6 > .px-4 > :nth-child(1) > :nth-child(2) > .text-sm > div').should('be.visible').should('have.text', 'Last Name');\ncy.get('.hidden > .mt-6 > .px-4 > :nth-child(2) > div.w-full > .text-sm > div').should('be.visible').should('have.text', 'Date of Birth');\ncy.get('.hidden > .mt-6 > .px-4 > :nth-child(2) > :nth-child(2) > .block').should('be.visible').should('have.text', 'Relationship');\ncy.get('.hidden > .mt-6 > .px-4 > :nth-child(3) > :nth-child(1) > .block').should('be.visible').should('have.text', 'Gender');\ncy.get('.hidden > .mt-6 > .px-4 > .pt-4 > .flex').should('be.visible').should('have.text', 'Add Member').click();\ncy.get(':nth-child(1) > :nth-child(1) > .text-red-600').should('be.visible').should('have.text', 'Required');\ncy.get(':nth-child(1) > :nth-child(2) > .text-red-600').should('be.visible').should('have.text', 'Required');\ncy.get(':nth-child(2) > :nth-child(1) > .text-red-600').should('be.visible').should('have.text', 'Required');\ncy.get(':nth-child(2) > :nth-child(2) > .text-red-600').should('be.visible').should('have.text', 'Required');\ncy.get(':nth-child(3) > :nth-child(1) > .text-red-600').should('be.visible').should('have.text', 'Required');",
              "err": {
                "message": "AssertionError: Timed out retrying after 15000ms: Expected to find element: `.hidden > .justify-between > .font-bold`, but never found it.",
                "estack": "AssertionError: Timed out retrying after 15000ms: Expected to find element: `.hidden > .justify-between > .font-bold`, but never found it.\n    at Context.eval (http://localhost:65345/__cypress/tests?p=cypress\\integration\\Patient_Testcases\\10_Charts_Add_Edit_DeleteFamilyMember.spec.js:144:55)",
                "diff": null
              },
              "uuid": "a2877135-de7c-475b-8024-87e8659550b6",
              "parentUUID": "01b46121-5a40-4b41-b9ee-29b257098c33",
              "isHook": false,
              "skipped": false
            },
            {
              "title": "By filling add family member form and cliking on add member button the family member should be added",
              "fullTitle": "Add/edit/delete family member testcases By filling add family member form and cliking on add member button the family member should be added",
              "timedOut": null,
              "duration": 15193,
              "state": "failed",
              "speed": null,
              "pass": false,
              "fail": true,
              "pending": false,
              "context": null,
              "code": "cy.get('.hidden > .mt-6 > .px-4 > :nth-child(1) > :nth-child(1) > .relative > .appearance-none').should('be.visible').type('shiva');\ncy.get('.hidden > .mt-6 > .px-4 > :nth-child(1) > :nth-child(2) > .relative > .appearance-none').should('be.visible').type('Teja');\ncy.get('.hidden > .mt-6 > .px-4 > :nth-child(2) > div.w-full > .relative > .react-datepicker-wrapper > .react-datepicker__input-container > .appearance-none').should('be.visible').click();\ncy.get('.react-datepicker__day--012').should('be.visible').click();\ncy.get('.hidden > .mt-6 > .px-4 > :nth-child(2) > :nth-child(2) > .font-bold > .css-yk16xz-control').should('be.visible').click();\ncy.get('#react-select-2-option-1').click();\ncy.get('.hidden > .mt-6 > .px-4 > :nth-child(3) > :nth-child(1) > .font-bold > .css-yk16xz-control > .css-1hwfws3').should('be.visible').click();\ncy.get('#react-select-3-option-1').click();\ncy.get('.hidden > .mt-6 > .px-4 > .pt-4 > .flex').should('be.visible').should('have.text', 'Add Member').click();\ncy.contains('Family Member Added successfully');",
              "err": {
                "message": "AssertionError: Timed out retrying after 15000ms: Expected to find element: `.hidden > .mt-6 > .px-4 > :nth-child(1) > :nth-child(1) > .relative > .appearance-none`, but never found it.",
                "estack": "AssertionError: Timed out retrying after 15000ms: Expected to find element: `.hidden > .mt-6 > .px-4 > :nth-child(1) > :nth-child(1) > .relative > .appearance-none`, but never found it.\n    at Context.eval (http://localhost:65345/__cypress/tests?p=cypress\\integration\\Patient_Testcases\\10_Charts_Add_Edit_DeleteFamilyMember.spec.js:159:102)",
                "diff": null
              },
              "uuid": "159e2227-bbbe-4dfb-991e-8a7170d8c338",
              "parentUUID": "01b46121-5a40-4b41-b9ee-29b257098c33",
              "isHook": false,
              "skipped": false
            },
            {
              "title": "The added family member should refelect under charts section",
              "fullTitle": "Add/edit/delete family member testcases The added family member should refelect under charts section",
              "timedOut": null,
              "duration": 15207,
              "state": "failed",
              "speed": null,
              "pass": false,
              "fail": true,
              "pending": false,
              "context": null,
              "code": "cy.get(':nth-child(3) > .bg-white > .justify-between > .text-base').should('be.visible').should('have.text', 'shiva teja');\ncy.get('.h-screen>div:nth-child(2)>div:nth-child(3)>div>div:nth-child(2)>div:nth-child(2)>span').should('be.visible').should('have.text', 'Female');\ncy.patientlogout();",
              "err": {
                "message": "AssertionError: Timed out retrying after 15000ms: Expected to find element: `:nth-child(3) > .bg-white > .justify-between > .text-base`, but never found it.",
                "estack": "AssertionError: Timed out retrying after 15000ms: Expected to find element: `:nth-child(3) > .bg-white > .justify-between > .text-base`, but never found it.\n    at Context.eval (http://localhost:65345/__cypress/tests?p=cypress\\integration\\Patient_Testcases\\10_Charts_Add_Edit_DeleteFamilyMember.spec.js:171:73)",
                "diff": null
              },
              "uuid": "c51869ae-7e16-4d90-92b1-f32f3d5caa03",
              "parentUUID": "01b46121-5a40-4b41-b9ee-29b257098c33",
              "isHook": false,
              "skipped": false
            },
            {
              "title": "As a Patient the user should able to get a pop up window of edit family member by clicking on edit icon against the particular member",
              "fullTitle": "Add/edit/delete family member testcases As a Patient the user should able to get a pop up window of edit family member by clicking on edit icon against the particular member",
              "timedOut": null,
              "duration": 5291,
              "state": "failed",
              "speed": null,
              "pass": false,
              "fail": true,
              "pending": false,
              "context": null,
              "code": "cy.patientlogin(cred.pemail, cred.ppassword);\ncy.get('[href=\"/charts\"]').should('be.visible').should('have.text', 'Charts').click();\ncy.url().should('contain', '/charts');\ncy.get('.h-screen>div:nth-child(2)>div:nth-child(3)').should('be.visible');\ncy.get(':nth-child(3) > .bg-white > .justify-between > .flex > :nth-child(3)').should('be.visible').click();",
              "err": {
                "message": "CypressError: `cy.visit()` failed trying to load:\n\nhttps://qa.rch.build-release.com/\n\nWe attempted to make an http request to this URL but the request failed without a response.\n\nWe received this error at the network level:\n\n  > Error: getaddrinfo ENOTFOUND qa.rch.build-release.com\n\nCommon situations why this would fail:\n  - you don't have internet access\n  - you forgot to run / boot your web server\n  - your web server isn't accessible\n  - you have weird network configuration settings on your computer",
                "estack": "CypressError: `cy.visit()` failed trying to load:\n\nhttps://qa.rch.build-release.com/\n\nWe attempted to make an http request to this URL but the request failed without a response.\n\nWe received this error at the network level:\n\n  > Error: getaddrinfo ENOTFOUND qa.rch.build-release.com\n\nCommon situations why this would fail:\n  - you don't have internet access\n  - you forgot to run / boot your web server\n  - your web server isn't accessible\n  - you have weird network configuration settings on your computer\n    at http://localhost:65345/__cypress/runner/cypress_runner.js:156031:82\n    at visitFailedByErr (http://localhost:65345/__cypress/runner/cypress_runner.js:155390:12)\n    at http://localhost:65345/__cypress/runner/cypress_runner.js:156030:11\n    at tryCatcher (http://localhost:65345/__cypress/runner/cypress_runner.js:13212:23)\n    at Promise._settlePromiseFromHandler (http://localhost:65345/__cypress/runner/cypress_runner.js:11147:31)\n    at Promise._settlePromise (http://localhost:65345/__cypress/runner/cypress_runner.js:11204:18)\n    at Promise._settlePromise0 (http://localhost:65345/__cypress/runner/cypress_runner.js:11249:10)\n    at Promise._settlePromises (http://localhost:65345/__cypress/runner/cypress_runner.js:11325:18)\n    at _drainQueueStep (http://localhost:65345/__cypress/runner/cypress_runner.js:7919:12)\n    at _drainQueue (http://localhost:65345/__cypress/runner/cypress_runner.js:7912:9)\n    at Async.../../node_modules/bluebird/js/release/async.js.Async._drainQueues (http://localhost:65345/__cypress/runner/cypress_runner.js:7928:5)\n    at Async.drainQueues (http://localhost:65345/__cypress/runner/cypress_runner.js:7798:14)\nFrom Your Spec Code:\n    at Context.eval (http://localhost:65345/__cypress/tests?p=cypress\\support\\index.js:181:6)\n\nFrom Node.js Internals:\n  Error: getaddrinfo ENOTFOUND qa.rch.build-release.com\n      at GetAddrInfoReqWrap.onlookup [as oncomplete] (dns.js:67:26)\n  ",
                "diff": null
              },
              "uuid": "e70ef963-19bf-4fa4-97fc-3d8edb0df58e",
              "parentUUID": "01b46121-5a40-4b41-b9ee-29b257098c33",
              "isHook": false,
              "skipped": false
            },
            {
              "title": "At Edit family member window each label and field have proper lable and validations",
              "fullTitle": "Add/edit/delete family member testcases At Edit family member window each label and field have proper lable and validations",
              "timedOut": null,
              "duration": 15204,
              "state": "failed",
              "speed": null,
              "pass": false,
              "fail": true,
              "pending": false,
              "context": null,
              "code": "cy.get('.hidden > .justify-between > .font-bold').should('be.visible').should('have.text', 'Edit Family Member');\ncy.get('.hidden > .justify-between > .w-6').should('be.visible');\ncy.get('.hidden > .mt-6 > .px-4 > :nth-child(1) > :nth-child(1) > .text-sm > div').should('be.visible').should('have.text', 'First Name');\ncy.get('.hidden > .mt-6 > .px-4 > :nth-child(1) > :nth-child(2) > .text-sm > div').should('be.visible').should('have.text', 'Last Name');\ncy.get('.hidden > .mt-6 > .px-4 > :nth-child(2) > div.w-full > .text-sm > div').should('be.visible').should('have.text', 'Date of Birth');\ncy.get('.hidden > .mt-6 > .px-4 > :nth-child(2) > :nth-child(2) > .block').should('be.visible').should('have.text', 'Relationship');\ncy.get('.hidden > .mt-6 > .px-4 > :nth-child(3) > :nth-child(1) > .block').should('be.visible').should('have.text', 'Gender');\ncy.get('.hidden > .mt-6 > .px-4 > .pt-4 > .flex').should('be.visible').should('have.text', 'Save Details');",
              "err": {
                "message": "AssertionError: Timed out retrying after 15000ms: Expected to find element: `.hidden > .justify-between > .font-bold`, but never found it.",
                "estack": "AssertionError: Timed out retrying after 15000ms: Expected to find element: `.hidden > .justify-between > .font-bold`, but never found it.\n    at Context.eval (http://localhost:65345/__cypress/tests?p=cypress\\integration\\Patient_Testcases\\10_Charts_Add_Edit_DeleteFamilyMember.spec.js:184:55)",
                "diff": null
              },
              "uuid": "da1664ef-70e1-4a02-a2a3-c87f6b4a22b9",
              "parentUUID": "01b46121-5a40-4b41-b9ee-29b257098c33",
              "isHook": false,
              "skipped": false
            },
            {
              "title": "After editing the family member details the user can save details by clicking save details button",
              "fullTitle": "Add/edit/delete family member testcases After editing the family member details the user can save details by clicking save details button",
              "timedOut": null,
              "duration": 15231,
              "state": "failed",
              "speed": null,
              "pass": false,
              "fail": true,
              "pending": false,
              "context": null,
              "code": "cy.get('.hidden > .mt-6 > .px-4 > :nth-child(1) > :nth-child(1) > .relative > .appearance-none').should('be.visible').clear().type('Nanda');\ncy.get('.hidden > .mt-6 > .px-4 > :nth-child(1) > :nth-child(2) > .relative > .appearance-none').should('be.visible').clear().type('Kishore');\ncy.get('.hidden > .mt-6 > .px-4 > :nth-child(2) > div.w-full > .relative > .react-datepicker-wrapper > .react-datepicker__input-container > .appearance-none').should('be.visible').click();\ncy.get('.react-datepicker__day--018').should('be.visible').click();\ncy.get('.hidden > .mt-6 > .px-4 > :nth-child(2) > :nth-child(2) > .font-bold > .css-yk16xz-control').should('be.visible').click();\ncy.xpath('//*[@id=\"react-select-2-option-0\"]').click();\ncy.get('.hidden > .mt-6 > .px-4 > :nth-child(3) > :nth-child(1) > .font-bold > .css-yk16xz-control > .css-1hwfws3').should('be.visible').click();\ncy.get('#react-select-3-option-0').click();\ncy.get('.hidden > .mt-6 > .px-4 > .pt-4 > .flex').should('be.visible').should('have.text', 'Save Details').click();\ncy.contains('Family Member Updated Successfully');",
              "err": {
                "message": "AssertionError: Timed out retrying after 15000ms: Expected to find element: `.hidden > .mt-6 > .px-4 > :nth-child(1) > :nth-child(1) > .relative > .appearance-none`, but never found it.",
                "estack": "AssertionError: Timed out retrying after 15000ms: Expected to find element: `.hidden > .mt-6 > .px-4 > :nth-child(1) > :nth-child(1) > .relative > .appearance-none`, but never found it.\n    at Context.eval (http://localhost:65345/__cypress/tests?p=cypress\\integration\\Patient_Testcases\\10_Charts_Add_Edit_DeleteFamilyMember.spec.js:194:102)",
                "diff": null
              },
              "uuid": "6d9de61f-a270-4964-82c8-f679a59f19b6",
              "parentUUID": "01b46121-5a40-4b41-b9ee-29b257098c33",
              "isHook": false,
              "skipped": false
            },
            {
              "title": "The edited details should be refelected under charts section",
              "fullTitle": "Add/edit/delete family member testcases The edited details should be refelected under charts section",
              "timedOut": null,
              "duration": 15273,
              "state": "failed",
              "speed": null,
              "pass": false,
              "fail": true,
              "pending": false,
              "context": null,
              "code": "cy.get(':nth-child(3) > .bg-white > .justify-between > .text-base').should('be.visible').should('have.text', 'nanda kishore');\ncy.get('.h-screen>div:nth-child(2)>div:nth-child(3)>div>div:nth-child(2)>div:nth-child(2)>span').should('be.visible').should('have.text', 'Male');",
              "err": {
                "message": "AssertionError: Timed out retrying after 15000ms: Expected to find element: `:nth-child(3) > .bg-white > .justify-between > .text-base`, but never found it.",
                "estack": "AssertionError: Timed out retrying after 15000ms: Expected to find element: `:nth-child(3) > .bg-white > .justify-between > .text-base`, but never found it.\n    at Context.eval (http://localhost:65345/__cypress/tests?p=cypress\\integration\\Patient_Testcases\\10_Charts_Add_Edit_DeleteFamilyMember.spec.js:206:73)",
                "diff": null
              },
              "uuid": "b5ebb4fe-a68b-460b-a6e9-0ebc85c03fe4",
              "parentUUID": "01b46121-5a40-4b41-b9ee-29b257098c33",
              "isHook": false,
              "skipped": false
            },
            {
              "title": "As a Patient the user should able to get a pop up window of family member delete confirmation by clicking on edit icon against the particular member",
              "fullTitle": "Add/edit/delete family member testcases As a Patient the user should able to get a pop up window of family member delete confirmation by clicking on edit icon against the particular member",
              "timedOut": null,
              "duration": 15252,
              "state": "failed",
              "speed": null,
              "pass": false,
              "fail": true,
              "pending": false,
              "context": null,
              "code": "cy.get('.h-screen>div:nth-child(2)>div:nth-child(3)').should('be.visible');\ncy.get(':nth-child(3) > .bg-white > .justify-between > .flex > :nth-child(2)').should('be.visible').click();",
              "err": {
                "message": "AssertionError: Timed out retrying after 15000ms: Expected to find element: `.h-screen>div:nth-child(2)>div:nth-child(3)`, but never found it.",
                "estack": "AssertionError: Timed out retrying after 15000ms: Expected to find element: `.h-screen>div:nth-child(2)>div:nth-child(3)`, but never found it.\n    at Context.eval (http://localhost:65345/__cypress/tests?p=cypress\\integration\\Patient_Testcases\\10_Charts_Add_Edit_DeleteFamilyMember.spec.js:211:59)",
                "diff": null
              },
              "uuid": "3d5984f1-195a-4f44-8807-2b4c25b13d8b",
              "parentUUID": "01b46121-5a40-4b41-b9ee-29b257098c33",
              "isHook": false,
              "skipped": false
            },
            {
              "title": "At delete member confirmation window each label and field have proper lable and validations",
              "fullTitle": "Add/edit/delete family member testcases At delete member confirmation window each label and field have proper lable and validations",
              "timedOut": null,
              "duration": 15287,
              "state": "failed",
              "speed": null,
              "pass": false,
              "fail": true,
              "pending": false,
              "context": null,
              "code": "cy.get('.mb-4 > .font-bold').should('be.visible').should('have.text', 'Confirmation');\ncy.get('.hidden > .mb-4 > .w-6').should('be.visible');\ncy.get('.hidden > :nth-child(2) > .shadow-corner > .bg-white > .justify-between > .text-primary').should('be.visible').should('have.text', 'nanda kishore');\ncy.get('.hidden > :nth-child(2) > .shadow-corner > .bg-white > .justify-between > .flex > .font-medium').should('be.visible').should('have.text', 'son');\ncy.get('body > div:nth-child(7)>div>div>div:nth-child(1)>div>div:nth-child(1)>div>div>div:nth-child(1)>div').should('be.visible').should('have.text', 'Date of Birth');\ncy.get('body > div:nth-child(7)>div>div>div:nth-child(1)>div>div:nth-child(1)>div>div>div:nth-child(2)>div').should('be.visible').should('have.text', 'Gender');\ncy.get('body > div:nth-child(7)>div>div>div:nth-child(1)>div>div:nth-child(1)>div>div>div:nth-child(2)>span:nth-child(2)').should('be.visible').should('have.text', 'Male');\ncy.get('.hidden > :nth-child(2) > .items-center.mt-6 > .flex').should('be.visible').should('have.text', 'Are you sure, you want to remove this member?');\ncy.get('.hidden > :nth-child(2) > .mb-3 > .flex').should('be.visible').should('have.text', 'Remove');",
              "err": {
                "message": "AssertionError: Timed out retrying after 15000ms: Expected to find element: `.mb-4 > .font-bold`, but never found it.",
                "estack": "AssertionError: Timed out retrying after 15000ms: Expected to find element: `.mb-4 > .font-bold`, but never found it.\n    at Context.eval (http://localhost:65345/__cypress/tests?p=cypress\\integration\\Patient_Testcases\\10_Charts_Add_Edit_DeleteFamilyMember.spec.js:215:34)",
                "diff": null
              },
              "uuid": "8d915637-4980-417c-92b5-f95f15427469",
              "parentUUID": "01b46121-5a40-4b41-b9ee-29b257098c33",
              "isHook": false,
              "skipped": false
            },
            {
              "title": "By clicking on remove button on confirmation window the family member should be deleted",
              "fullTitle": "Add/edit/delete family member testcases By clicking on remove button on confirmation window the family member should be deleted",
              "timedOut": null,
              "duration": 15256,
              "state": "failed",
              "speed": null,
              "pass": false,
              "fail": true,
              "pending": false,
              "context": null,
              "code": "cy.get('.hidden > :nth-child(2) > .mb-3 > .flex').should('be.visible').should('have.text', 'Remove').click();\ncy.contains('Family Member Deleted Successfully');",
              "err": {
                "message": "AssertionError: Timed out retrying after 15000ms: Expected to find element: `.hidden > :nth-child(2) > .mb-3 > .flex`, but never found it.",
                "estack": "AssertionError: Timed out retrying after 15000ms: Expected to find element: `.hidden > :nth-child(2) > .mb-3 > .flex`, but never found it.\n    at Context.eval (http://localhost:65345/__cypress/tests?p=cypress\\integration\\Patient_Testcases\\10_Charts_Add_Edit_DeleteFamilyMember.spec.js:226:55)",
                "diff": null
              },
              "uuid": "4e089e40-ecc7-4597-935f-ed13a0f7a5c9",
              "parentUUID": "01b46121-5a40-4b41-b9ee-29b257098c33",
              "isHook": false,
              "skipped": false
            },
            {
              "title": "The deleted member should not reflect under charts section",
              "fullTitle": "Add/edit/delete family member testcases The deleted member should not reflect under charts section",
              "timedOut": null,
              "duration": 15298,
              "state": "failed",
              "speed": null,
              "pass": false,
              "fail": true,
              "pending": false,
              "context": null,
              "code": "cy.get('.flex-wrap > .font-medium').should('be.visible').should('have.text', '2 Members');\ncy.patientlogout();",
              "err": {
                "message": "AssertionError: Timed out retrying after 15000ms: Expected to find element: `.flex-wrap > .font-medium`, but never found it.",
                "estack": "AssertionError: Timed out retrying after 15000ms: Expected to find element: `.flex-wrap > .font-medium`, but never found it.\n    at Context.eval (http://localhost:65345/__cypress/tests?p=cypress\\integration\\Patient_Testcases\\10_Charts_Add_Edit_DeleteFamilyMember.spec.js:230:41)",
                "diff": null
              },
              "uuid": "366e73a0-b104-4b85-b3fd-1d6c0e66ef2a",
              "parentUUID": "01b46121-5a40-4b41-b9ee-29b257098c33",
              "isHook": false,
              "skipped": false
            }
          ],
          "suites": [],
          "passes": [],
          "failures": [
            "d351a160-8005-4967-84de-c143a100c5ef",
            "a2877135-de7c-475b-8024-87e8659550b6",
            "159e2227-bbbe-4dfb-991e-8a7170d8c338",
            "c51869ae-7e16-4d90-92b1-f32f3d5caa03",
            "e70ef963-19bf-4fa4-97fc-3d8edb0df58e",
            "da1664ef-70e1-4a02-a2a3-c87f6b4a22b9",
            "6d9de61f-a270-4964-82c8-f679a59f19b6",
            "b5ebb4fe-a68b-460b-a6e9-0ebc85c03fe4",
            "3d5984f1-195a-4f44-8807-2b4c25b13d8b",
            "8d915637-4980-417c-92b5-f95f15427469",
            "4e089e40-ecc7-4597-935f-ed13a0f7a5c9",
            "366e73a0-b104-4b85-b3fd-1d6c0e66ef2a"
          ],
          "pending": [],
          "skipped": [],
          "duration": 163073,
          "root": false,
          "rootEmpty": false,
          "_timeout": 2000
        }
      ],
      "passes": [],
      "failures": [],
      "pending": [],
      "skipped": [],
      "duration": 0,
      "root": true,
      "rootEmpty": true,
      "_timeout": 2000
    }
  ],
  "meta": {
    "mocha": {
      "version": "7.0.1"
    },
    "mochawesome": {
      "options": {
        "quiet": false,
        "reportFilename": "report",
        "saveHtml": true,
        "saveJson": true,
        "consoleReporter": "spec",
        "useInlineDiffs": false,
        "code": true
      },
      "version": "7.0.1"
    },
    "marge": {
      "options": {
        "reportDir": "cypress/reports",
        "reportFilename": "report",
        "overwrite": false,
        "html": true,
        "json": true,
        "charts": true
      },
      "version": "6.0.1"
    }
  }
}