{
  "stats": {
    "suites": 1,
    "tests": 6,
    "passes": 0,
    "pending": 0,
    "failures": 6,
    "start": "2022-08-08T05:36:13.032Z",
    "end": "2022-08-08T05:38:06.256Z",
    "duration": 113224,
    "testsRegistered": 6,
    "passPercent": 0,
    "pendingPercent": 0,
    "other": 0,
    "hasOther": false,
    "skipped": 0,
    "hasSkipped": false
  },
  "results": [
    {
      "uuid": "da051d00-be61-481c-88fd-ab80137955cb",
      "title": "",
      "fullFile": "cypress\\e2e\\Admin_Testcases\\02_Settings.spec.js",
      "file": "cypress\\e2e\\Admin_Testcases\\02_Settings.spec.js",
      "beforeHooks": [],
      "afterHooks": [],
      "tests": [],
      "suites": [
        {
          "uuid": "09bb078d-32e3-43aa-a97e-505d16bb8080",
          "title": "Change password Testcases",
          "fullFile": "",
          "file": "",
          "beforeHooks": [],
          "afterHooks": [],
          "tests": [
            {
              "title": "As a Admin I should be able to navigate on change password screen",
              "fullTitle": "Change password Testcases As a Admin I should be able to navigate on change password screen",
              "timedOut": null,
              "duration": 24466,
              "state": "failed",
              "speed": null,
              "pass": false,
              "fail": true,
              "pending": false,
              "context": null,
              "code": "cy.login();\ncy.xpath(\"//nav//div[text()='Settings']\").should('be.visible').click();\ncy.url().should('include', '/password');",
              "err": {
                "message": "AssertionError: Timed out retrying after 15000ms: Expected to find element: `.max-w-xs > img`, but never found it.",
                "estack": "AssertionError: Timed out retrying after 15000ms: Expected to find element: `.max-w-xs > img`, but never found it.\n    at Context.eval (https://qa.rch.build-release.com/__cypress/tests?p=cypress\\support\\e2e.js:345:29)",
                "diff": null
              },
              "uuid": "8df43a0f-913b-415e-8278-5528c47eca62",
              "parentUUID": "09bb078d-32e3-43aa-a97e-505d16bb8080",
              "isHook": false,
              "skipped": false
            },
            {
              "title": "At Chnage Password page each page should have proper labels",
              "fullTitle": "Change password Testcases At Chnage Password page each page should have proper labels",
              "timedOut": null,
              "duration": 15378,
              "state": "failed",
              "speed": null,
              "pass": false,
              "fail": true,
              "pending": false,
              "context": null,
              "code": "cy.get('.text-xl').should('be.visible').and('have.text', 'Change Password');\ncy.xpath(\"//label//div\").eq(0).should('be.visible').and('have.text', 'Old Password');\ncy.xpath(\"//label//div\").eq(1).should('be.visible').and('have.text', 'New Password');\ncy.xpath(\"//label//div\").eq(2).should('be.visible').and('have.text', 'Confirm Password');\ncy.xpath(\"//button//div[text()='Update']\").should('be.visible');",
              "err": {
                "message": "AssertionError: Timed out retrying after 15000ms: Expected to find element: `.text-xl`, but never found it.",
                "estack": "AssertionError: Timed out retrying after 15000ms: Expected to find element: `.text-xl`, but never found it.\n    at Context.eval (https://qa.rch.build-release.com/__cypress/tests?p=cypress\\e2e\\Admin_Testcases\\02_Settings.spec.js:131:24)",
                "diff": null
              },
              "uuid": "e0d39797-76da-4ac1-abba-6dcf77f6843e",
              "parentUUID": "09bb078d-32e3-43aa-a97e-505d16bb8080",
              "isHook": false,
              "skipped": false
            },
            {
              "title": "in empty field proper validation should appear",
              "fullTitle": "Change password Testcases in empty field proper validation should appear",
              "timedOut": null,
              "duration": 15548,
              "state": "failed",
              "speed": null,
              "pass": false,
              "fail": true,
              "pending": false,
              "context": null,
              "code": "//empty case\ncy.xpath(\"//button//div[text()='Update']\").click();\ncy.contains(\"Old Password is required\").should('be.visible');\ncy.contains(\"New Password is required\").should('be.visible');\ncy.contains(\"New Password is required\").should('be.visible');",
              "err": {
                "message": "AssertionError: Timed out retrying after 15000ms: Expected to find element: `//button//div[text()='Update']`, but never found it.",
                "estack": "AssertionError: Timed out retrying after 15000ms: Expected to find element: `//button//div[text()='Update']`, but never found it.\n    at Context.eval (https://qa.rch.build-release.com/__cypress/tests?p=cypress\\e2e\\Admin_Testcases\\02_Settings.spec.js:139:8)",
                "diff": null
              },
              "uuid": "47334414-56d8-4a49-8322-aae880a2f5d5",
              "parentUUID": "09bb078d-32e3-43aa-a97e-505d16bb8080",
              "isHook": false,
              "skipped": false
            },
            {
              "title": "wrong old password case should be handle proper",
              "fullTitle": "Change password Testcases wrong old password case should be handle proper",
              "timedOut": null,
              "duration": 15352,
              "state": "failed",
              "speed": null,
              "pass": false,
              "fail": true,
              "pending": false,
              "context": null,
              "code": "// wrong old password case \nconst password = _faker.default.name + \"@123456\";\ncy.xpath(old_password).type('123456@1235As');\ncy.xpath(new_password).type(password);\ncy.xpath(confirm_password).type(password);\ncy.xpath(\"//button//div[text()='Update']\").click();\ncy.wait(2000);",
              "err": {
                "message": "AssertionError: Timed out retrying after 15000ms: Expected to find element: `//input[@name='oldPassword']`, but never found it.",
                "estack": "AssertionError: Timed out retrying after 15000ms: Expected to find element: `//input[@name='oldPassword']`, but never found it.\n    at Context.eval (https://qa.rch.build-release.com/__cypress/tests?p=cypress\\e2e\\Admin_Testcases\\02_Settings.spec.js:147:8)",
                "diff": null
              },
              "uuid": "b97c51b6-baed-48fa-9d3e-813ec902cc68",
              "parentUUID": "09bb078d-32e3-43aa-a97e-505d16bb8080",
              "isHook": false,
              "skipped": false
            },
            {
              "title": "password lenth validation should be proper",
              "fullTitle": "Change password Testcases password lenth validation should be proper",
              "timedOut": null,
              "duration": 15375,
              "state": "failed",
              "speed": null,
              "pass": false,
              "fail": true,
              "pending": false,
              "context": null,
              "code": "// password length validations\ncy.xpath(old_password).clear().type('1231');\ncy.xpath(new_password).clear().type('sada');\ncy.xpath(confirm_password).clear().type('d');\ncy.xpath(\"//label//div\").eq(2).click();\ncy.get('.text-red-600').eq(0).should('have.text', 'Password is too short - should be 8 chars minimum').and('be.visible');\ncy.get('.text-red-600').eq(1).should('have.text', 'Password should be atleast 8 characters and should contain combination of uppercase, lowercase & numbers').and('be.visible');\ncy.get('.text-red-600').eq(2).should('have.text', 'Both passwords need to be the same').and('be.visible');",
              "err": {
                "message": "AssertionError: Timed out retrying after 15000ms: Expected to find element: `//input[@name='oldPassword']`, but never found it.",
                "estack": "AssertionError: Timed out retrying after 15000ms: Expected to find element: `//input[@name='oldPassword']`, but never found it.\n    at Context.eval (https://qa.rch.build-release.com/__cypress/tests?p=cypress\\e2e\\Admin_Testcases\\02_Settings.spec.js:155:8)",
                "diff": null
              },
              "uuid": "d3e4c365-4c71-4b2d-9a10-b60960c3ba0e",
              "parentUUID": "09bb078d-32e3-43aa-a97e-505d16bb8080",
              "isHook": false,
              "skipped": false
            },
            {
              "title": "As a Admin I should be able to change password and admin should be able to login with new password",
              "fullTitle": "Change password Testcases As a Admin I should be able to change password and admin should be able to login with new password",
              "timedOut": null,
              "duration": 15442,
              "state": "failed",
              "speed": null,
              "pass": false,
              "fail": true,
              "pending": false,
              "context": null,
              "code": "const cred = __webpack_require__(/*! ../../fixtures/cred.json */ \"./cypress/fixtures/cred.json\");\ncy.xpath(old_password).clear().type(cred.password);\ncy.xpath(new_password).clear().type('Passcode@123');\ncy.xpath(confirm_password).clear().type('Passcode@123');\ncy.xpath(\"//button//div[text()='Update']\").click();\ncy.xpath(\"//div[text()='Sign In']\").should('be.visible');\ncy.contains('changed', {\n  matchCase: false\n});\ncy.get(':nth-child(1) > .mt-1 > .appearance-none').type(cred.email);\ncy.get(':nth-child(2) > .mt-1 > .appearance-none').type('Passcode@123');\ncy.get('.mt-3 > .flex').click();\ncy.xpath(\"//nav//div[text()='Settings']\").should('be.visible').click();\ncy.xpath(old_password).clear().type('Passcode@123');\ncy.xpath(new_password).clear().type(cred.password);\ncy.xpath(confirm_password).clear().type(cred.password);\ncy.xpath(\"//button//div[text()='Update']\").click();",
              "err": {
                "message": "AssertionError: Timed out retrying after 15000ms: Expected to find element: `//input[@name='oldPassword']`, but never found it.",
                "estack": "AssertionError: Timed out retrying after 15000ms: Expected to find element: `//input[@name='oldPassword']`, but never found it.\n    at Context.eval (https://qa.rch.build-release.com/__cypress/tests?p=cypress\\e2e\\Admin_Testcases\\02_Settings.spec.js:166:8)",
                "diff": null
              },
              "uuid": "c516f634-db93-463a-9fd8-63587f8b3511",
              "parentUUID": "09bb078d-32e3-43aa-a97e-505d16bb8080",
              "isHook": false,
              "skipped": false
            }
          ],
          "suites": [],
          "passes": [],
          "failures": [
            "8df43a0f-913b-415e-8278-5528c47eca62",
            "e0d39797-76da-4ac1-abba-6dcf77f6843e",
            "47334414-56d8-4a49-8322-aae880a2f5d5",
            "b97c51b6-baed-48fa-9d3e-813ec902cc68",
            "d3e4c365-4c71-4b2d-9a10-b60960c3ba0e",
            "c516f634-db93-463a-9fd8-63587f8b3511"
          ],
          "pending": [],
          "skipped": [],
          "duration": 101561,
          "root": false,
          "rootEmpty": false,
          "_timeout": 2000
        }
      ],
      "passes": [],
      "failures": [],
      "pending": [],
      "skipped": [],
      "duration": 0,
      "root": true,
      "rootEmpty": true,
      "_timeout": 2000
    }
  ],
  "meta": {
    "mocha": {
      "version": "7.0.1"
    },
    "mochawesome": {
      "options": {
        "quiet": false,
        "reportFilename": "report",
        "saveHtml": true,
        "saveJson": true,
        "consoleReporter": "spec",
        "useInlineDiffs": false,
        "code": true
      },
      "version": "7.0.1"
    },
    "marge": {
      "options": {
        "reportDir": "cypress/reports",
        "reportFilename": "report",
        "overwrite": false,
        "html": true,
        "json": true,
        "charts": true
      },
      "version": "6.0.1"
    }
  }
}