{
  "stats": {
    "suites": 1,
    "tests": 16,
    "passes": 0,
    "pending": 0,
    "failures": 16,
    "start": "2022-08-08T05:51:14.242Z",
    "end": "2022-08-08T05:55:41.480Z",
    "duration": 267238,
    "testsRegistered": 16,
    "passPercent": 0,
    "pendingPercent": 0,
    "other": 0,
    "hasOther": false,
    "skipped": 0,
    "hasSkipped": false
  },
  "results": [
    {
      "uuid": "ab4c7390-4444-47c5-a21b-97e4e2c5f2ba",
      "title": "",
      "fullFile": "cypress\\e2e\\Admin_Testcases\\07_Patients.spec.js",
      "file": "cypress\\e2e\\Admin_Testcases\\07_Patients.spec.js",
      "beforeHooks": [],
      "afterHooks": [],
      "tests": [],
      "suites": [
        {
          "uuid": "4a6c0459-1ee9-4c23-8b77-75aa13786cef",
          "title": "Patient management module test cases",
          "fullFile": "",
          "file": "",
          "beforeHooks": [],
          "afterHooks": [],
          "tests": [
            {
              "title": "As a admin the user should be navigated on patients page by clicking on patients tab",
              "fullTitle": "Patient management module test cases As a admin the user should be navigated on patients page by clicking on patients tab",
              "timedOut": null,
              "duration": 23258,
              "state": "failed",
              "speed": null,
              "pass": false,
              "fail": true,
              "pending": false,
              "context": null,
              "code": "cy.login();\ncy.xpath('//nav/div[2]').should('be.visible').should('have.text', 'Patients').click();\ncy.url().should('contain', '/patients');",
              "err": {
                "message": "AssertionError: Timed out retrying after 15000ms: Expected to find element: `.max-w-xs > img`, but never found it.",
                "estack": "AssertionError: Timed out retrying after 15000ms: Expected to find element: `.max-w-xs > img`, but never found it.\n    at Context.eval (https://qa.rch.build-release.com/__cypress/tests?p=cypress\\support\\e2e.js:345:29)",
                "diff": null
              },
              "uuid": "0b51e9d0-0a52-4025-b7d0-d8b19576228b",
              "parentUUID": "4a6c0459-1ee9-4c23-8b77-75aa13786cef",
              "isHook": false,
              "skipped": false
            },
            {
              "title": "At patients page each label and field should have proper label and validations",
              "fullTitle": "Patient management module test cases At patients page each label and field should have proper label and validations",
              "timedOut": null,
              "duration": 15423,
              "state": "failed",
              "speed": null,
              "pass": false,
              "fail": true,
              "pending": false,
              "context": null,
              "code": "cy.xpath('//div[2]/div[1]/div[1]/div[1]').should('be.visible').should('have.text', 'Patients');\ncy.xpath('//div[contains(text(),\"Fu\")]').should('be.visible').should('have.text', 'Full Name');\ncy.xpath('//div[contains(text(),\"Em\")]').should('be.visible').should('have.text', 'Email');\ncy.xpath('//div[contains(text(),\"J\")]').should('be.visible').should('have.text', 'Joined On');\ncy.xpath('//div[contains(text(),\"Su\")]').should('be.visible').should('have.text', 'Subscription');\ncy.xpath('//th[5]/div[1]').scrollIntoView().should('be.visible').should('have.text', 'Appointment');\ncy.xpath('//div[contains(text(),\"St\")]').scrollIntoView().should('be.visible').should('have.text', 'Status');\ncy.xpath('//div[contains(text(),\"Ac\")]').scrollIntoView().should('be.visible').should('have.text', 'Action');\ncy.xpath('//div[contains(text(),\"Add N\")]').should('be.visible').should('have.text', 'Add New Patient');\ncy.xpath('//div[contains(text(),\"Add F\")]').should('be.visible').should('have.text', 'Add Filter');",
              "err": {
                "message": "AssertionError: Timed out retrying after 15000ms: expected '<div.bg-primary.flex.justify-center.items-center.md:col-span-2.p-5>' to have text 'Patients', but the text was ''",
                "estack": "AssertionError: Timed out retrying after 15000ms: expected '<div.bg-primary.flex.justify-center.items-center.md:col-span-2.p-5>' to have text 'Patients', but the text was ''\n    at Context.eval (https://qa.rch.build-release.com/__cypress/tests?p=cypress\\e2e\\Admin_Testcases\\07_Patients.spec.js:128:68)",
                "diff": "+ 'Patients'\n"
              },
              "uuid": "0460f217-247a-4cd5-a844-c0c16f03e5ac",
              "parentUUID": "4a6c0459-1ee9-4c23-8b77-75aa13786cef",
              "isHook": false,
              "skipped": false
            },
            {
              "title": "As a Admin the user will get the add patient form by clicking on the \"Add new patient\" button ",
              "fullTitle": "Patient management module test cases As a Admin the user will get the add patient form by clicking on the \"Add new patient\" button ",
              "timedOut": null,
              "duration": 15359,
              "state": "failed",
              "speed": null,
              "pass": false,
              "fail": true,
              "pending": false,
              "context": null,
              "code": "cy.xpath('//div[contains(text(),\"Add N\")]').should('be.visible').should('have.text', 'Add New Patient').click();\ncy.xpath('//div[5]/div[1]/div[1]/div[1]/div[1]/div[1]').should('be.visible').should('have.text', 'Add New Patient');",
              "err": {
                "message": "AssertionError: Timed out retrying after 15000ms: Expected to find element: `//div[contains(text(),\"Add N\")]`, but never found it.",
                "estack": "AssertionError: Timed out retrying after 15000ms: Expected to find element: `//div[contains(text(),\"Add N\")]`, but never found it.\n    at Context.eval (https://qa.rch.build-release.com/__cypress/tests?p=cypress\\e2e\\Admin_Testcases\\07_Patients.spec.js:140:49)",
                "diff": null
              },
              "uuid": "f0efa296-ab19-457b-80ef-d8f558434dc6",
              "parentUUID": "4a6c0459-1ee9-4c23-8b77-75aa13786cef",
              "isHook": false,
              "skipped": false
            },
            {
              "title": "At Add New Patient page each label and field should have proper label and validations ",
              "fullTitle": "Patient management module test cases At Add New Patient page each label and field should have proper label and validations ",
              "timedOut": null,
              "duration": 15474,
              "state": "failed",
              "speed": null,
              "pass": false,
              "fail": true,
              "pending": false,
              "context": null,
              "code": "cy.xpath('//div[5]/div[1]/div[1]/div[1]/div[1]/div[1]').should('be.visible').should('have.text', 'Add New Patient');\ncy.get('div.hidden>div:nth-child(1)>svg').should('be.visible');\ncy.get('div.hidden > div.mt-6 > div > form>div:nth-child(1)>div:nth-child(1)>label').should('be.visible').should('have.text', 'First Name');\ncy.get('div.hidden > div.mt-6 > div > form>div:nth-child(1)>div:nth-child(1)>div').should('be.visible').click();\ncy.get('div.hidden > div.mt-6 > div > form>div:nth-child(1)>div:nth-child(2)>div').should('be.visible').click();\ncy.wait(3000);\ncy.get('div.hidden > div.mt-6 > div > form>div:nth-child(1)>div:nth-child(1)>div.text-red-600').should('be.visible').should('have.text', 'Required');\ncy.wait(1000);\ncy.get('div.hidden > div.mt-6 > div > form>div:nth-child(1)>div:nth-child(2)>label').scrollIntoView().should('be.visible').should('have.text', 'Last Name');\ncy.get('div.hidden > div.mt-6 > div > form>div:nth-child(2)>div:nth-child(1)>div').should('be.visible').click();\ncy.wait(3000);\ncy.get('div.hidden > div.mt-6 > div > form>div:nth-child(1)>div:nth-child(2)>div.text-red-600').should('be.visible').should('have.text', 'Required');\ncy.wait(1000);\ncy.get('div.hidden > div.mt-6 > div > form>div:nth-child(2)>div:nth-child(1)>label').should('be.visible').should('have.text', 'Phone Number');\ncy.get('div.hidden > div.mt-6 > div > form>div:nth-child(2)>div:nth-child(2)>div').should('be.visible').click();\ncy.wait(3000);\ncy.get('div.hidden > div.mt-6 > div > form>div:nth-child(2)>div:nth-child(1)>div.text-red-600').should('be.visible').should('have.text', 'Required');\ncy.wait(1000);\ncy.get('div.hidden > div.mt-6 > div > form>div:nth-child(2)>div:nth-child(2)>label').should('be.visible').should('have.text', 'Email');\ncy.get('div.hidden > div.mt-6 > div > form>div:nth-child(6)>div:nth-child(1)>div').should('be.visible').click();\ncy.wait(3000);\ncy.get('div.hidden > div.mt-6 > div > form>div:nth-child(2)>div:nth-child(2)>div.text-red-600').should('be.visible').should('have.text', 'Required');\ncy.wait(1000);\ncy.get('div.hidden > div.mt-6 > div > form>div:nth-child(3)>div:nth-child(1)>label').should('be.visible').should('have.text', 'Date of Birth');\ncy.get('div.hidden > div.mt-6 > div > form>div:nth-child(3)>div:nth-child(2)>div:nth-child(1)').should('be.visible').should('have.text', 'Gender');\ncy.get('div.hidden > div.mt-6 > div > form>div:nth-child(3)>div:nth-child(2)>div:nth-child(2)').should('be.visible');\ncy.get('div.hidden > div.mt-6 > div > form>div:nth-child(5)').scrollIntoView().should('be.visible').should('have.text', 'Address');\ncy.get('div.hidden > div.mt-6 > div > form>div:nth-child(6)>div:nth-child(1)>label').scrollIntoView().should('be.visible').should('have.text', 'Address Line 1');\ncy.get('div.hidden > div.mt-6 > div > form>div:nth-child(6)>div:nth-child(1)>div').should('be.visible').click({\n  force: true\n});\ncy.get('div.hidden > div.mt-6 > div > form>div:nth-child(6)>div:nth-child(2)>div').should('be.visible').click();\ncy.wait(3000);\ncy.get('div.hidden > div.mt-6 > div > form>div:nth-child(6)>div:nth-child(1)>div.text-red-600').should('be.visible').should('have.text', 'Required');\ncy.wait(1000);\ncy.get('div.hidden > div.mt-6 > div > form>div:nth-child(6)>div:nth-child(2)>label').should('be.visible').should('contain', 'Address Line 2');\ncy.get('div.hidden > div.mt-6 > div > form>div:nth-child(7)>div:nth-child(1)>label').should('be.visible').should('contain', 'Postal Code');\ncy.get('div.hidden > div.mt-6 > div > form>div:nth-child(7)>div:nth-child(1)>div').should('be.visible');\ncy.get('div.hidden > div.mt-6 > div > form>div:nth-child(7)>div:nth-child(2)>label').should('be.visible').should('contain', 'City');\ncy.get('div.hidden > div.mt-6 > div > form>div:nth-child(7)>div:nth-child(2)>div').should('be.visible');\ncy.get('div.hidden > div.mt-6 > div > form>div:nth-child(8)>div>label').should('be.visible').should('have.text', 'State');\ncy.get('div.hidden > div.mt-6 > div > form>div:nth-child(8)>div>div').should('be.visible');\ncy.get('div.hidden > div.mt-6 > div > form>div:nth-child(9)>button').should('be.visible').should('have.text', 'Continue');\ncy.get('div:nth-child(9) > div > div > div.hidden>div:nth-child(1)>svg').scrollIntoView().should('be.visible').click();",
              "err": {
                "message": "AssertionError: Timed out retrying after 15000ms: Expected to find element: `//div[5]/div[1]/div[1]/div[1]/div[1]/div[1]`, but never found it.",
                "estack": "AssertionError: Timed out retrying after 15000ms: Expected to find element: `//div[5]/div[1]/div[1]/div[1]/div[1]/div[1]`, but never found it.\n    at Context.eval (https://qa.rch.build-release.com/__cypress/tests?p=cypress\\e2e\\Admin_Testcases\\07_Patients.spec.js:144:61)",
                "diff": null
              },
              "uuid": "a2c78626-2832-467a-9844-31853f3281c9",
              "parentUUID": "4a6c0459-1ee9-4c23-8b77-75aa13786cef",
              "isHook": false,
              "skipped": false
            },
            {
              "title": "After filling the form with valid data and clicking on continue the patient should be added ",
              "fullTitle": "Patient management module test cases After filling the form with valid data and clicking on continue the patient should be added ",
              "timedOut": null,
              "duration": 15600,
              "state": "failed",
              "speed": null,
              "pass": false,
              "fail": true,
              "pending": false,
              "context": null,
              "code": "const email = _faker.default.name.firstName() + '@mailinator.com';\nconst fname = _faker.default.name.firstName();\nconst lname = _faker.default.name.firstName();\nconst phone = _faker.default.phone.phoneNumber('(###)-###-####');\ncy.xpath('//tr[1]/td[2]/div/p').invoke('text').then(text2 => {\n  cy.xpath('//tbody/tr[1]/td[7]/div[1]/*[1]').scrollIntoView().should('be.visible').click({\n    force: true\n  });\n  cy.wait(4000);\n  cy.xpath('//div[2]/div[2]/div[2]/div[2]/div[1]/div').invoke('text').then(text1 => {\n    cy.xpath('//div[@id=\"root\"]/div[2]/div[1]/div[2]/div[1]/div[1]/*[1]').scrollIntoView().should('be.visible').click({\n      force: true\n    });\n    cy.wait(4000);\n    cy.get('[textid=\"add.patient\"]').should('be.visible').should('have.text', 'Add New Patient').click();\n    cy.get('div:nth-child(9) > div > div').should('be.visible');\n    cy.get('div.hidden > div.mt-6 > div > form>div:nth-child(1)>div:nth-child(1)>div').should('be.visible').type(fname);\n    cy.get('div.hidden > div.mt-6 > div > form>div:nth-child(1)>div:nth-child(2)>div').should('be.visible').type(lname);\n    cy.get('div.hidden > div.mt-6 > div > form>div:nth-child(2)>div:nth-child(1)>div').should('be.visible').type(text1);\n  });\n  cy.wait(2000);\n  cy.get('div.hidden > div.mt-6 > div > form>div:nth-child(2)>div:nth-child(2)>div').should('be.visible').click();\n  cy.wait(2000);\n  cy.get('div.hidden > div.mt-6 > div > form>div:nth-child(3)>div:nth-child(1)>div').should('be.visible').click();\n  cy.wait(3000);\n  cy.get('div.hidden > div.mt-6 > div > form>div:nth-child(2)>div:nth-child(1)>div.text-red-600').scrollIntoView().should('be.visible').should('have.text', 'An account already exists with this phone number');\n  cy.wait(2000);\n  cy.get('div.hidden > div.mt-6 > div > form>div:nth-child(2)>div:nth-child(2)>div:nth-child(2)').should('be.visible').type(text2);\n});\ncy.wait(2000);\ncy.get('div.hidden > div.mt-6 > div > form>div:nth-child(6)>div:nth-child(1)>div').should('be.visible').click();\ncy.wait(2000);\ncy.get('div.hidden > div.mt-6 > div > form>div:nth-child(2)>div:nth-child(2)>div.text-red-600').should('be.visible').should('have.text', 'An account already exists with this email');\ncy.wait(2000);\ncy.get('div.hidden > div.mt-6 > div > form>div:nth-child(2)>div:nth-child(1)>div:nth-child(2)').should('be.visible').clear().type(phone);\ncy.get('div.hidden > div.mt-6 > div > form>div:nth-child(2)>div:nth-child(2)>div:nth-child(2)').should('be.visible').clear().type(email);\ncy.get('div.hidden > div.mt-6 > div > form>div:nth-child(3)>div:nth-child(1)>div').should('be.visible').click();\ncy.get('.react-datepicker__year-select').select('1990');\ncy.wait(1000);\ncy.get('.react-datepicker__day--015').click();\ncy.get('div.hidden > div.mt-6 > div > form>div:nth-child(3)>div:nth-child(2)>div:nth-child(2)').should('be.visible').click();\ncy.get('div.css-11unzgr>div:nth-child(1)').click();\ncy.get('div.hidden > div.mt-6 > div > form>div:nth-child(6)>div:nth-child(1)>div:nth-child(2)').should('be.visible').type('plot no 92');\ncy.get('div.hidden > div.mt-6 > div > form>div:nth-child(7)>div:nth-child(1)>div').should('be.visible').type('544');\ncy.get('div.hidden > div.mt-6 > div > form>div:nth-child(6)>div:nth-child(1)>div').should('be.visible').click();\ncy.get('div.hidden > div.mt-6 > div > form>div:nth-child(9)>button').should('be.visible').should('have.text', 'Continue').click();\ncy.wait(2000);\ncy.contains('Successfully Registered.');\ncy.writeFile('cypress/fixtures/provider.json', {\n  email: email,\n  phone: phone\n});",
              "err": {
                "message": "AssertionError: Timed out retrying after 15000ms: Expected to find element: `//tr[1]/td[2]/div/p`, but never found it.",
                "estack": "AssertionError: Timed out retrying after 15000ms: Expected to find element: `//tr[1]/td[2]/div/p`, but never found it.\n    at Context.eval (https://qa.rch.build-release.com/__cypress/tests?p=cypress\\e2e\\Admin_Testcases\\07_Patients.spec.js:198:8)",
                "diff": null
              },
              "uuid": "794de49d-7dea-4874-ac5c-009f0e38b226",
              "parentUUID": "4a6c0459-1ee9-4c23-8b77-75aa13786cef",
              "isHook": false,
              "skipped": false
            },
            {
              "title": "The added patient should refelct under patients listing",
              "fullTitle": "Patient management module test cases The added patient should refelct under patients listing",
              "timedOut": null,
              "duration": 15453,
              "state": "failed",
              "speed": null,
              "pass": false,
              "fail": true,
              "pending": false,
              "context": null,
              "code": "cy.readFile('cypress/fixtures/provider.json').then(provider => {\n  cy.get('[type=search]').should('be.visible').type(provider.email.toLowerCase());\n  cy.get('tr:nth-child(1)>td:nth-child(2)').should('be.visible').should('have.text', provider.email.toLowerCase());\n  cy.wait(4000);\n});",
              "err": {
                "message": "AssertionError: Timed out retrying after 15000ms: Expected to find element: `[type=search]`, but never found it.",
                "estack": "AssertionError: Timed out retrying after 15000ms: Expected to find element: `[type=search]`, but never found it.\n    at Context.eval (https://qa.rch.build-release.com/__cypress/tests?p=cypress\\e2e\\Admin_Testcases\\07_Patients.spec.js:249:31)",
                "diff": null
              },
              "uuid": "22fcb33d-3927-4d2c-822b-8c634d9c98e3",
              "parentUUID": "4a6c0459-1ee9-4c23-8b77-75aa13786cef",
              "isHook": false,
              "skipped": false
            },
            {
              "title": "As a admin the user should be navigated to the Book Appointment page by clicking on Book button against patient ",
              "fullTitle": "Patient management module test cases As a admin the user should be navigated to the Book Appointment page by clicking on Book button against patient ",
              "timedOut": null,
              "duration": 15492,
              "state": "failed",
              "speed": null,
              "pass": false,
              "fail": true,
              "pending": false,
              "context": null,
              "code": "cy.get('tr:nth-child(1) > td:nth-child(5)>div>div').scrollIntoView().should('be.visible').click({\n  force: true\n});\ncy.url().should('contain', '/book_appointment');\ncy.wait(5000);\ncy.get('.w-8 > path').scrollIntoView().should('be.visible').click();\ncy.wait(5000);",
              "err": {
                "message": "AssertionError: Timed out retrying after 15000ms: Expected to find element: `tr:nth-child(1) > td:nth-child(5)>div>div`, but never found it.",
                "estack": "AssertionError: Timed out retrying after 15000ms: Expected to find element: `tr:nth-child(1) > td:nth-child(5)>div>div`, but never found it.\n    at Context.eval (https://qa.rch.build-release.com/__cypress/tests?p=cypress\\e2e\\Admin_Testcases\\07_Patients.spec.js:255:8)",
                "diff": null
              },
              "uuid": "69533225-e289-4d68-9ea0-23b12a91b794",
              "parentUUID": "4a6c0459-1ee9-4c23-8b77-75aa13786cef",
              "isHook": false,
              "skipped": false
            },
            {
              "title": "As a Admin the user can chat with patient by clicking on the chat icon against that patient",
              "fullTitle": "Patient management module test cases As a Admin the user can chat with patient by clicking on the chat icon against that patient",
              "timedOut": null,
              "duration": 15435,
              "state": "failed",
              "speed": null,
              "pass": false,
              "fail": true,
              "pending": false,
              "context": null,
              "code": "cy.get('tr:nth-child(1) > td:nth-child(7) > div >div>img').scrollIntoView().should('be.visible').click({\n  force: true\n});\ncy.url().should('contain', '/chat');\ncy.wait(5000);\ncy.get('.flex-wrap > .h-6 > path').should('be.visible').click();\ncy.wait(5000);",
              "err": {
                "message": "AssertionError: Timed out retrying after 15000ms: Expected to find element: `tr:nth-child(1) > td:nth-child(7) > div >div>img`, but never found it.",
                "estack": "AssertionError: Timed out retrying after 15000ms: Expected to find element: `tr:nth-child(1) > td:nth-child(7) > div >div>img`, but never found it.\n    at Context.eval (https://qa.rch.build-release.com/__cypress/tests?p=cypress\\e2e\\Admin_Testcases\\07_Patients.spec.js:264:8)",
                "diff": null
              },
              "uuid": "b9566acc-e586-483f-98a4-981124cae391",
              "parentUUID": "4a6c0459-1ee9-4c23-8b77-75aa13786cef",
              "isHook": false,
              "skipped": false
            },
            {
              "title": "As a Admin the user can enable or disable any patient with the help of toggle icon under status",
              "fullTitle": "Patient management module test cases As a Admin the user can enable or disable any patient with the help of toggle icon under status",
              "timedOut": null,
              "duration": 15512,
              "state": "failed",
              "speed": null,
              "pass": false,
              "fail": true,
              "pending": false,
              "context": null,
              "code": "cy.get('tr:nth-child(1)>td:nth-child(6)>button').scrollIntoView().should('be.visible').click({\n  force: true\n});\ncy.wait(4000);\ncy.get('div.hidden>div:nth-child(2)>div:nth-child(2)>button').click();\ncy.wait(4000);\ncy.get('tr:nth-child(1)>td:nth-child(6)>button').scrollIntoView().should('be.visible').click({\n  force: true\n});\ncy.wait(4000);\ncy.get('div.hidden>div:nth-child(2)>div:nth-child(2)>button').click();\ncy.wait(4000);",
              "err": {
                "message": "AssertionError: Timed out retrying after 15000ms: Expected to find element: `tr:nth-child(1)>td:nth-child(6)>button`, but never found it.",
                "estack": "AssertionError: Timed out retrying after 15000ms: Expected to find element: `tr:nth-child(1)>td:nth-child(6)>button`, but never found it.\n    at Context.eval (https://qa.rch.build-release.com/__cypress/tests?p=cypress\\e2e\\Admin_Testcases\\07_Patients.spec.js:273:8)",
                "diff": null
              },
              "uuid": "ea01b2d8-1d22-4153-bd59-ff15a87fcc13",
              "parentUUID": "4a6c0459-1ee9-4c23-8b77-75aa13786cef",
              "isHook": false,
              "skipped": false
            },
            {
              "title": "As a Admin the user can change the membership of the patient by clicking on the membership plan under subscription",
              "fullTitle": "Patient management module test cases As a Admin the user can change the membership of the patient by clicking on the membership plan under subscription",
              "timedOut": null,
              "duration": 15532,
              "state": "failed",
              "speed": null,
              "pass": false,
              "fail": true,
              "pending": false,
              "context": null,
              "code": "cy.xpath('//tr[1]/td[4]/div/div/button').scrollIntoView().should('be.visible').click({\n  force: true\n});\ncy.wait(5000);\ncy.xpath('//tr[1]/td[4]/div/div/div/div/div[2]').should('be.visible').should('have.text', 'standard').click();\ncy.wait(2000);\ncy.xpath('//div[1]/div[2]/div[3]/button').should('be.visible').should('have.text', 'Confirm').click();\ncy.contains('Patient Membership Changed Successfully');\ncy.wait(2000);\ncy.wait(5000);\ncy.xpath('//tr[1]/td[4]/div/div/button').scrollIntoView().should('be.visible').click({\n  force: true\n});\ncy.wait(5000);\ncy.xpath('//tr[1]/td[4]/div/div/div/div/div[3]').should('be.visible').should('have.text', 'executive').click();\ncy.wait(2000);\ncy.xpath('//div[1]/div[2]/div[3]/button').should('be.visible').should('have.text', 'Confirm').click();\ncy.contains('Patient Membership Changed Successfully');\ncy.wait(2000);\ncy.xpath('//tr[1]/td[4]/div/div/button').scrollIntoView().should('be.visible').click({\n  force: true\n});\ncy.wait(5000);\ncy.xpath('//tr[1]/td[4]/div/div/div/div/div[4]').should('be.visible').should('have.text', 'cypress').click();\ncy.wait(2000);\ncy.xpath('//div[1]/div[2]/div[3]/button').should('be.visible').should('have.text', 'Confirm').click();\ncy.contains('Patient Membership Changed Successfully');\ncy.wait(2000);",
              "err": {
                "message": "AssertionError: Timed out retrying after 15000ms: Expected to find element: `//tr[1]/td[4]/div/div/button`, but never found it.",
                "estack": "AssertionError: Timed out retrying after 15000ms: Expected to find element: `//tr[1]/td[4]/div/div/button`, but never found it.\n    at Context.eval (https://qa.rch.build-release.com/__cypress/tests?p=cypress\\e2e\\Admin_Testcases\\07_Patients.spec.js:287:8)",
                "diff": null
              },
              "uuid": "01ca0686-2f92-414c-83b4-b32109c6b04e",
              "parentUUID": "4a6c0459-1ee9-4c23-8b77-75aa13786cef",
              "isHook": false,
              "skipped": false
            },
            {
              "title": "As a Admin the user can filter the patients based on their membeship plan using the filter button",
              "fullTitle": "Patient management module test cases As a Admin the user can filter the patients based on their membeship plan using the filter button",
              "timedOut": null,
              "duration": 15465,
              "state": "failed",
              "speed": null,
              "pass": false,
              "fail": true,
              "pending": false,
              "context": null,
              "code": "cy.get('div.flex.flex-wrap:nth-child(2)>div:nth-child(2)').should('be.visible').click();\ncy.wait(3000);\ncy.get('div.py-1>div:nth-child(1)').should('be.visible').should('contain', 'basic').click();\ncy.wait(5000);\ncy.get('div.flex.flex-wrap:nth-child(2)>div:nth-child(2)>div:nth-child(3)').scrollIntoView().should('be.visible').click();\ncy.wait(3000);\ncy.get('div.py-1>div:nth-child(2)').should('be.visible').should('contain', 'standard').click();\ncy.wait(5000);\ncy.get('div.flex.flex-wrap:nth-child(2)>div:nth-child(2)>div:nth-child(3)').scrollIntoView().should('be.visible').click();\ncy.wait(3000);\ncy.get('div.py-1>div:nth-child(3)').should('be.visible').should('contain', 'executive').click();\ncy.wait(5000);",
              "err": {
                "message": "AssertionError: Timed out retrying after 15000ms: Expected to find element: `div.flex.flex-wrap:nth-child(2)>div:nth-child(2)`, but never found it.",
                "estack": "AssertionError: Timed out retrying after 15000ms: Expected to find element: `div.flex.flex-wrap:nth-child(2)>div:nth-child(2)`, but never found it.\n    at Context.eval (https://qa.rch.build-release.com/__cypress/tests?p=cypress\\e2e\\Admin_Testcases\\07_Patients.spec.js:317:64)",
                "diff": null
              },
              "uuid": "4dbc1465-5211-440f-8c95-0b7927fad0a6",
              "parentUUID": "4a6c0459-1ee9-4c23-8b77-75aa13786cef",
              "isHook": false,
              "skipped": false
            },
            {
              "title": "As a Admin the user can change the view of the patients listing by using filter on full name which make the patients list in alphabetical order from a-z or Z-a",
              "fullTitle": "Patient management module test cases As a Admin the user can change the view of the patients listing by using filter on full name which make the patients list in alphabetical order from a-z or Z-a",
              "timedOut": null,
              "duration": 15500,
              "state": "failed",
              "speed": null,
              "pass": false,
              "fail": true,
              "pending": false,
              "context": null,
              "code": "cy.get('table>thead>tr>th:nth-child(1)>span>svg:nth-child(1)').should('be.visible').click({\n  force: true\n});\ncy.wait(2000);\ncy.get('table>thead>tr>th:nth-child(1)>span>svg:nth-child(2)').should('be.visible').click({\n  force: true\n});\ncy.wait(2000);",
              "err": {
                "message": "AssertionError: Timed out retrying after 15000ms: Expected to find element: `table>thead>tr>th:nth-child(1)>span>svg:nth-child(1)`, but never found it.",
                "estack": "AssertionError: Timed out retrying after 15000ms: Expected to find element: `table>thead>tr>th:nth-child(1)>span>svg:nth-child(1)`, but never found it.\n    at Context.eval (https://qa.rch.build-release.com/__cypress/tests?p=cypress\\e2e\\Admin_Testcases\\07_Patients.spec.js:331:68)",
                "diff": null
              },
              "uuid": "401fd631-0684-4247-81fa-d46fa9498ef4",
              "parentUUID": "4a6c0459-1ee9-4c23-8b77-75aa13786cef",
              "isHook": false,
              "skipped": false
            },
            {
              "title": "As a admin the user should be navigated to the profile details page of any patient by clicking on eye symbol against that particular patient ",
              "fullTitle": "Patient management module test cases As a admin the user should be navigated to the profile details page of any patient by clicking on eye symbol against that particular patient ",
              "timedOut": null,
              "duration": 15546,
              "state": "failed",
              "speed": null,
              "pass": false,
              "fail": true,
              "pending": false,
              "context": null,
              "code": "cy.xpath('//tbody/tr[1]/td[7]/div[1]/*[1]').scrollIntoView().should('be.visible').click({\n  force: true\n});",
              "err": {
                "message": "AssertionError: Timed out retrying after 15000ms: Expected to find element: `//tbody/tr[1]/td[7]/div[1]/*[1]`, but never found it.",
                "estack": "AssertionError: Timed out retrying after 15000ms: Expected to find element: `//tbody/tr[1]/td[7]/div[1]/*[1]`, but never found it.\n    at Context.eval (https://qa.rch.build-release.com/__cypress/tests?p=cypress\\e2e\\Admin_Testcases\\07_Patients.spec.js:341:8)",
                "diff": null
              },
              "uuid": "bf5c8499-9bbe-43ee-9507-167db026883a",
              "parentUUID": "4a6c0459-1ee9-4c23-8b77-75aa13786cef",
              "isHook": false,
              "skipped": false
            },
            {
              "title": "At profile deatils page of the patient each label and field should have proper label and validations",
              "fullTitle": "Patient management module test cases At profile deatils page of the patient each label and field should have proper label and validations",
              "timedOut": null,
              "duration": 15445,
              "state": "failed",
              "speed": null,
              "pass": false,
              "fail": true,
              "pending": false,
              "context": null,
              "code": "cy.get('.space-x-4 > .font-bold').should('be.visible').should('have.text', 'Patient Details');\ncy.get('.border-primary').should('be.visible').should('have.text', 'Address');\ncy.get('div.space-y-4:nth-child(1)>div:nth-child(1)>div:nth-child(1)>div:nth-child(1)').should('be.visible').should('have.text', 'Address Line 1');\ncy.get('div.space-y-4:nth-child(1)>div:nth-child(1)>div:nth-child(2)>div:nth-child(1)').should('be.visible').should('have.text', 'Address Line 2');\ncy.get('div.space-y-4:nth-child(1)>div:nth-child(2)>div:nth-child(1)>div:nth-child(1)').should('be.visible').should('have.text', 'Postal Code');\ncy.get('div.space-y-4:nth-child(1)>div:nth-child(2)>div:nth-child(2)>div:nth-child(1)').should('be.visible').should('have.text', 'City');\ncy.get('div.space-y-4:nth-child(1)>div:nth-child(3)>div:nth-child(1)>div:nth-child(1)').should('be.visible').should('have.text', 'State');",
              "err": {
                "message": "AssertionError: Timed out retrying after 15000ms: Expected to find element: `.space-x-4 > .font-bold`, but never found it.",
                "estack": "AssertionError: Timed out retrying after 15000ms: Expected to find element: `.space-x-4 > .font-bold`, but never found it.\n    at Context.eval (https://qa.rch.build-release.com/__cypress/tests?p=cypress\\e2e\\Admin_Testcases\\07_Patients.spec.js:346:39)",
                "diff": null
              },
              "uuid": "2a1bef04-6d21-41ac-a915-8f1a2934488b",
              "parentUUID": "4a6c0459-1ee9-4c23-8b77-75aa13786cef",
              "isHook": false,
              "skipped": false
            },
            {
              "title": "As a admin the user should be navigated back to the patients page by clicking on back symbol on profile details page",
              "fullTitle": "Patient management module test cases As a admin the user should be navigated back to the patients page by clicking on back symbol on profile details page",
              "timedOut": null,
              "duration": 15572,
              "state": "failed",
              "speed": null,
              "pass": false,
              "fail": true,
              "pending": false,
              "context": null,
              "code": "cy.get('.h-6 > path').should('be.visible').click();\ncy.url().should('contain', '/patients');",
              "err": {
                "message": "AssertionError: Timed out retrying after 15000ms: Expected to find element: `.h-6 > path`, but never found it.",
                "estack": "AssertionError: Timed out retrying after 15000ms: Expected to find element: `.h-6 > path`, but never found it.\n    at Context.eval (https://qa.rch.build-release.com/__cypress/tests?p=cypress\\e2e\\Admin_Testcases\\07_Patients.spec.js:355:27)",
                "diff": null
              },
              "uuid": "8af8f4a9-ca5b-44e8-be81-3a0f84ef3291",
              "parentUUID": "4a6c0459-1ee9-4c23-8b77-75aa13786cef",
              "isHook": false,
              "skipped": false
            },
            {
              "title": "As a admin the user should able to search any patient by his name or email",
              "fullTitle": "Patient management module test cases As a admin the user should able to search any patient by his name or email",
              "timedOut": null,
              "duration": 15693,
              "state": "failed",
              "speed": null,
              "pass": false,
              "fail": true,
              "pending": false,
              "context": null,
              "code": "cy.get('div.flex.flex-wrap:nth-child(2)>div:nth-child(2)>div:nth-child(1)>svg').scrollIntoView().should('be.visible').click();\ncy.wait(5000);\ncy.xpath('//tr[1]/td[1]/div/p').invoke('text').then(text1 => {\n  cy.xpath('//tr[1]/td[2]/div/p').invoke('text').then(text2 => {\n    cy.get('[type=search]').should('be.visible').clear();\n    cy.get('[type=search]').should('be.visible').type(text2);\n    cy.wait(5000);\n    cy.get('tr:nth-child(1)>td:nth-child(2)').should('be.visible').should('have.text', text2);\n  });\n  cy.wait(2000);\n  cy.get('[type=search]').should('be.visible').clear().type(text1);\n  cy.wait(2000);\n  cy.get('tr:nth-child(1)>td:nth-child(1)').should('be.visible').should('have.text', text1);\n  cy.wait(2000);\n});\ncy.get('[type=search]').should('be.visible').clear();\ncy.wait(2000);\ncy.logout();",
              "err": {
                "message": "AssertionError: Timed out retrying after 15000ms: Expected to find element: `div.flex.flex-wrap:nth-child(2)>div:nth-child(2)>div:nth-child(1)>svg`, but never found it.",
                "estack": "AssertionError: Timed out retrying after 15000ms: Expected to find element: `div.flex.flex-wrap:nth-child(2)>div:nth-child(2)>div:nth-child(1)>svg`, but never found it.\n    at Context.eval (https://qa.rch.build-release.com/__cypress/tests?p=cypress\\e2e\\Admin_Testcases\\07_Patients.spec.js:359:8)",
                "diff": null
              },
              "uuid": "1ac89da3-b358-4dfd-ba2d-c24613c3f439",
              "parentUUID": "4a6c0459-1ee9-4c23-8b77-75aa13786cef",
              "isHook": false,
              "skipped": false
            }
          ],
          "suites": [],
          "passes": [],
          "failures": [
            "0b51e9d0-0a52-4025-b7d0-d8b19576228b",
            "0460f217-247a-4cd5-a844-c0c16f03e5ac",
            "f0efa296-ab19-457b-80ef-d8f558434dc6",
            "a2c78626-2832-467a-9844-31853f3281c9",
            "794de49d-7dea-4874-ac5c-009f0e38b226",
            "22fcb33d-3927-4d2c-822b-8c634d9c98e3",
            "69533225-e289-4d68-9ea0-23b12a91b794",
            "b9566acc-e586-483f-98a4-981124cae391",
            "ea01b2d8-1d22-4153-bd59-ff15a87fcc13",
            "01ca0686-2f92-414c-83b4-b32109c6b04e",
            "4dbc1465-5211-440f-8c95-0b7927fad0a6",
            "401fd631-0684-4247-81fa-d46fa9498ef4",
            "bf5c8499-9bbe-43ee-9507-167db026883a",
            "2a1bef04-6d21-41ac-a915-8f1a2934488b",
            "8af8f4a9-ca5b-44e8-be81-3a0f84ef3291",
            "1ac89da3-b358-4dfd-ba2d-c24613c3f439"
          ],
          "pending": [],
          "skipped": [],
          "duration": 255759,
          "root": false,
          "rootEmpty": false,
          "_timeout": 2000
        }
      ],
      "passes": [],
      "failures": [],
      "pending": [],
      "skipped": [],
      "duration": 0,
      "root": true,
      "rootEmpty": true,
      "_timeout": 2000
    }
  ],
  "meta": {
    "mocha": {
      "version": "7.0.1"
    },
    "mochawesome": {
      "options": {
        "quiet": false,
        "reportFilename": "report",
        "saveHtml": true,
        "saveJson": true,
        "consoleReporter": "spec",
        "useInlineDiffs": false,
        "code": true
      },
      "version": "7.0.1"
    },
    "marge": {
      "options": {
        "reportDir": "cypress/reports",
        "reportFilename": "report",
        "overwrite": false,
        "html": true,
        "json": true,
        "charts": true
      },
      "version": "6.0.1"
    }
  }
}