{
  "stats": {
    "suites": 1,
    "tests": 8,
    "passes": 0,
    "pending": 0,
    "failures": 8,
    "start": "2021-09-29T05:17:01.627Z",
    "end": "2021-09-29T05:19:19.761Z",
    "duration": 138134,
    "testsRegistered": 8,
    "passPercent": 0,
    "pendingPercent": 0,
    "other": 0,
    "hasOther": false,
    "skipped": 0,
    "hasSkipped": false
  },
  "results": [
    {
      "uuid": "0a75e621-8b34-4269-858d-1740b8f7efb2",
      "title": "",
      "fullFile": "cypress/integration/Admin_Testcases/13_ProviderChat.spec.js",
      "file": "cypress/integration/Admin_Testcases/13_ProviderChat.spec.js",
      "beforeHooks": [],
      "afterHooks": [],
      "tests": [],
      "suites": [
        {
          "uuid": "12c5761b-42dc-4a8f-8b05-5110013d6ae2",
          "title": "Provider Chat module testcases",
          "fullFile": "",
          "file": "",
          "beforeHooks": [],
          "afterHooks": [],
          "tests": [
            {
              "title": "As a Admin the user should be navigated to the provider chat page of any patient by clicking on chats icon against that particular provider",
              "fullTitle": "Provider Chat module testcases As a Admin the user should be navigated to the provider chat page of any patient by clicking on chats icon against that particular provider",
              "timedOut": null,
              "duration": 26901,
              "state": "failed",
              "speed": null,
              "pass": false,
              "fail": true,
              "pending": false,
              "context": null,
              "code": "cy.login(cred.email, cred.password);\ncy.url().should('contain', '/patients');\ncy.get('.space-y-4 > :nth-child(4)').should('be.visible').and('have.text', 'Providers').click();\ncy.get('.bg-white > .w-full').should('be.visible').type('p2@mailinator.com');\ncy.wait(2000);\ncy.get('tr:nth-child(1) > td:nth-child(5) > div > svg:nth-child(2)').scrollIntoView().click();\ncy.url().should('contain', '/chat');",
              "err": {
                "message": "AssertionError: Timed out retrying after 15000ms: Expected to find element: `tr:nth-child(1) > td:nth-child(5) > div > svg:nth-child(2)`, but never found it.",
                "estack": "AssertionError: Timed out retrying after 15000ms: Expected to find element: `tr:nth-child(1) > td:nth-child(5) > div > svg:nth-child(2)`, but never found it.\n    at Context.eval (https://qa.rch.build-release.com/__cypress/tests?p=cypress\\integration\\Admin_Testcases\\13_ProviderChat.spec.js:142:8)",
                "diff": null
              },
              "uuid": "f32ea2f1-3b9b-4dd2-8f8a-b1d10e64adef",
              "parentUUID": "12c5761b-42dc-4a8f-8b05-5110013d6ae2",
              "isHook": false,
              "skipped": false
            },
            {
              "title": "At \"Chats\" page each label and field should have proper label and validations",
              "fullTitle": "Provider Chat module testcases At \"Chats\" page each label and field should have proper label and validations",
              "timedOut": null,
              "duration": 15270,
              "state": "failed",
              "speed": null,
              "pass": false,
              "fail": true,
              "pending": false,
              "context": null,
              "code": "cy.get('.font-bold').should('be.visible').should('have.text', 'Chat');\ncy.get('.flex-wrap > .h-6').should('be.visible');\ncy.get('.rounded-3xl').should('be.visible');\ncy.get('.w-full > .cursor-pointer').should('be.visible');",
              "err": {
                "message": "AssertionError: Timed out retrying after 15000ms: expected '<div.font-bold.text-xl.text-primary.pt-8.pb-10>' to have text 'Chat', but the text was 'Providers'",
                "estack": "AssertionError: Timed out retrying after 15000ms: expected '<div.font-bold.text-xl.text-primary.pt-8.pb-10>' to have text 'Chat', but the text was 'Providers'\n    at Context.eval (https://qa.rch.build-release.com/__cypress/tests?p=cypress\\integration\\Admin_Testcases\\13_ProviderChat.spec.js:146:47)",
                "diff": "- 'Providers'\n+ 'Chat'\n"
              },
              "uuid": "6baa310a-664e-467a-89a3-991c51dbf9cc",
              "parentUUID": "12c5761b-42dc-4a8f-8b05-5110013d6ae2",
              "isHook": false,
              "skipped": false
            },
            {
              "title": "The user should able to see all the chats between the Admin and provider",
              "fullTitle": "Provider Chat module testcases The user should able to see all the chats between the Admin and provider",
              "timedOut": null,
              "duration": 15272,
              "state": "failed",
              "speed": null,
              "pass": false,
              "fail": true,
              "pending": false,
              "context": null,
              "code": "cy.get('div:nth-child(1) > div > div > div > div.p-3.rounded-lg.relative.bg-primary.text-white').scrollIntoView().should('be.visible').should('contain', 'hi');\ncy.get('div.pb-6 > div > div > div > a > div').scrollIntoView().should('be.visible');",
              "err": {
                "message": "AssertionError: Timed out retrying after 15000ms: Expected to find element: `div:nth-child(1) > div > div > div > div.p-3.rounded-lg.relative.bg-primary.text-white`, but never found it.",
                "estack": "AssertionError: Timed out retrying after 15000ms: Expected to find element: `div:nth-child(1) > div > div > div > div.p-3.rounded-lg.relative.bg-primary.text-white`, but never found it.\n    at Context.eval (https://qa.rch.build-release.com/__cypress/tests?p=cypress\\integration\\Admin_Testcases\\13_ProviderChat.spec.js:152:8)",
                "diff": null
              },
              "uuid": "21def71f-7d7d-45e9-9256-330a70cb8d31",
              "parentUUID": "12c5761b-42dc-4a8f-8b05-5110013d6ae2",
              "isHook": false,
              "skipped": false
            },
            {
              "title": "As a Admin the user should able to send message to the provider",
              "fullTitle": "Provider Chat module testcases As a Admin the user should able to send message to the provider",
              "timedOut": null,
              "duration": 15242,
              "state": "failed",
              "speed": null,
              "pass": false,
              "fail": true,
              "pending": false,
              "context": null,
              "code": "cy.get('.w-full > .bg-white').should('be.visible').type('hi');\ncy.wait(2000);\ncy.get('.w-full > .cursor-pointer').should('be.visible').click();\ncy.wait(3000);",
              "err": {
                "message": "AssertionError: Timed out retrying after 15000ms: Expected to find element: `.w-full > .bg-white`, but never found it.",
                "estack": "AssertionError: Timed out retrying after 15000ms: Expected to find element: `.w-full > .bg-white`, but never found it.\n    at Context.eval (https://qa.rch.build-release.com/__cypress/tests?p=cypress\\integration\\Admin_Testcases\\13_ProviderChat.spec.js:156:35)",
                "diff": null
              },
              "uuid": "ddf929e9-f90b-4b98-af0f-d4baad6a968f",
              "parentUUID": "12c5761b-42dc-4a8f-8b05-5110013d6ae2",
              "isHook": false,
              "skipped": false
            },
            {
              "title": "The message sent by Admin should be received by the Provider",
              "fullTitle": "Provider Chat module testcases The message sent by Admin should be received by the Provider",
              "timedOut": null,
              "duration": 15305,
              "state": "failed",
              "speed": null,
              "pass": false,
              "fail": true,
              "pending": false,
              "context": null,
              "code": "cy.get('div.pb-6 > div > div > div > div.p-3.rounded-lg.relative.bg-primary.text-white').should('be.visible').should('contain', 'hi');",
              "err": {
                "message": "AssertionError: Timed out retrying after 15000ms: Expected to find element: `div.pb-6 > div > div > div > div.p-3.rounded-lg.relative.bg-primary.text-white`, but never found it.",
                "estack": "AssertionError: Timed out retrying after 15000ms: Expected to find element: `div.pb-6 > div > div > div > div.p-3.rounded-lg.relative.bg-primary.text-white`, but never found it.\n    at Context.eval (https://qa.rch.build-release.com/__cypress/tests?p=cypress\\integration\\Admin_Testcases\\13_ProviderChat.spec.js:162:94)",
                "diff": null
              },
              "uuid": "d2ee1a71-9764-4ff6-aea6-6f85d2d7d27d",
              "parentUUID": "12c5761b-42dc-4a8f-8b05-5110013d6ae2",
              "isHook": false,
              "skipped": false
            },
            {
              "title": "As a Admin the user can able to send the documents and images by clicking on attachments icon",
              "fullTitle": "Provider Chat module testcases As a Admin the user can able to send the documents and images by clicking on attachments icon",
              "timedOut": null,
              "duration": 15282,
              "state": "failed",
              "speed": null,
              "pass": false,
              "fail": true,
              "pending": false,
              "context": null,
              "code": "cy.get('.opacity-0').attachFile('faf.jpg');\ncy.wait(2000);\ncy.get('.w-60 > img').should('be.visible');\ncy.get('.opacity-0').attachFile('file.pdf');\ncy.wait(2000);\ncy.get('.w-60 > :nth-child(1) > img').should('be.visible');",
              "err": {
                "message": "AssertionError: Timed out retrying after 15000ms: Expected to find element: `.opacity-0`, but never found it.",
                "estack": "AssertionError: Timed out retrying after 15000ms: Expected to find element: `.opacity-0`, but never found it.\n    at Context.eval (https://qa.rch.build-release.com/__cypress/tests?p=cypress\\integration\\Admin_Testcases\\13_ProviderChat.spec.js:165:8)",
                "diff": null
              },
              "uuid": "5a722580-462e-4a5a-b8b2-5a78f0169d60",
              "parentUUID": "12c5761b-42dc-4a8f-8b05-5110013d6ae2",
              "isHook": false,
              "skipped": false
            },
            {
              "title": "The Admin can see the full length image on a separate window by clicking on that particular image",
              "fullTitle": "Provider Chat module testcases The Admin can see the full length image on a separate window by clicking on that particular image",
              "timedOut": null,
              "duration": 15249,
              "state": "failed",
              "speed": null,
              "pass": false,
              "fail": true,
              "pending": false,
              "context": null,
              "code": "cy.get('div:nth-child(11) > div > div > div > a > div').scrollIntoView().should('be.visible').click();\ncy.wait(3000);",
              "err": {
                "message": "AssertionError: Timed out retrying after 15000ms: Expected to find element: `div:nth-child(11) > div > div > div > a > div`, but never found it.",
                "estack": "AssertionError: Timed out retrying after 15000ms: Expected to find element: `div:nth-child(11) > div > div > div > a > div`, but never found it.\n    at Context.eval (https://qa.rch.build-release.com/__cypress/tests?p=cypress\\integration\\Admin_Testcases\\13_ProviderChat.spec.js:173:8)",
                "diff": null
              },
              "uuid": "56f3147e-a03b-458b-8170-748810bec845",
              "parentUUID": "12c5761b-42dc-4a8f-8b05-5110013d6ae2",
              "isHook": false,
              "skipped": false
            },
            {
              "title": "The Admin can open the document in a separate window by clicking on the particular document",
              "fullTitle": "Provider Chat module testcases The Admin can open the document in a separate window by clicking on the particular document",
              "timedOut": null,
              "duration": 15278,
              "state": "failed",
              "speed": null,
              "pass": false,
              "fail": true,
              "pending": false,
              "context": null,
              "code": "cy.get('div.pb-6 > div > div > div > a > div').scrollIntoView().should('be.visible').click();\ncy.wait(3000);\ncy.logout();",
              "err": {
                "message": "AssertionError: Timed out retrying after 15000ms: Expected to find element: `div.pb-6 > div > div > div > a > div`, but never found it.",
                "estack": "AssertionError: Timed out retrying after 15000ms: Expected to find element: `div.pb-6 > div > div > div > a > div`, but never found it.\n    at Context.eval (https://qa.rch.build-release.com/__cypress/tests?p=cypress\\integration\\Admin_Testcases\\13_ProviderChat.spec.js:177:8)",
                "diff": null
              },
              "uuid": "11a95781-89ed-42f2-80aa-3a0646c1916f",
              "parentUUID": "12c5761b-42dc-4a8f-8b05-5110013d6ae2",
              "isHook": false,
              "skipped": false
            }
          ],
          "suites": [],
          "passes": [],
          "failures": [
            "f32ea2f1-3b9b-4dd2-8f8a-b1d10e64adef",
            "6baa310a-664e-467a-89a3-991c51dbf9cc",
            "21def71f-7d7d-45e9-9256-330a70cb8d31",
            "ddf929e9-f90b-4b98-af0f-d4baad6a968f",
            "d2ee1a71-9764-4ff6-aea6-6f85d2d7d27d",
            "5a722580-462e-4a5a-b8b2-5a78f0169d60",
            "56f3147e-a03b-458b-8170-748810bec845",
            "11a95781-89ed-42f2-80aa-3a0646c1916f"
          ],
          "pending": [],
          "skipped": [],
          "duration": 133799,
          "root": false,
          "rootEmpty": false,
          "_timeout": 2000
        }
      ],
      "passes": [],
      "failures": [],
      "pending": [],
      "skipped": [],
      "duration": 0,
      "root": true,
      "rootEmpty": true,
      "_timeout": 2000
    }
  ],
  "meta": {
    "mocha": {
      "version": "7.0.1"
    },
    "mochawesome": {
      "options": {
        "quiet": false,
        "reportFilename": "report",
        "saveHtml": true,
        "saveJson": true,
        "consoleReporter": "spec",
        "useInlineDiffs": false,
        "code": true
      },
      "version": "6.2.2"
    },
    "marge": {
      "options": {
        "reportDir": "cypress/reports",
        "reportFilename": "report",
        "overwrite": false,
        "html": true,
        "json": true,
        "charts": true
      },
      "version": "5.2.0"
    }
  }
}