{
  "stats": {
    "suites": 1,
    "tests": 8,
    "passes": 8,
    "pending": 0,
    "failures": 0,
    "start": "2022-08-25T07:02:10.536Z",
    "end": "2022-08-25T07:03:09.922Z",
    "duration": 59386,
    "testsRegistered": 8,
    "passPercent": 100,
    "pendingPercent": 0,
    "other": 0,
    "hasOther": false,
    "skipped": 0,
    "hasSkipped": false
  },
  "results": [
    {
      "uuid": "de2662c2-1c76-48df-ba1a-fc6b8c47921f",
      "title": "",
      "fullFile": "cypress\\e2e\\Admin_Testcases\\14_ProviderChat.spec.js",
      "file": "cypress\\e2e\\Admin_Testcases\\14_ProviderChat.spec.js",
      "beforeHooks": [],
      "afterHooks": [],
      "tests": [],
      "suites": [
        {
          "uuid": "5dfa18a5-6c2f-496b-93c4-a26883417bc3",
          "title": "Provider Chat module testcases",
          "fullFile": "",
          "file": "",
          "beforeHooks": [],
          "afterHooks": [],
          "tests": [
            {
              "title": "As a Admin the user should be navigated to the provider chat page of any patient by clicking on chats icon against that particular provider",
              "fullTitle": "Provider Chat module testcases As a Admin the user should be navigated to the provider chat page of any patient by clicking on chats icon against that particular provider",
              "timedOut": null,
              "duration": 14414,
              "state": "passed",
              "speed": "slow",
              "pass": true,
              "fail": false,
              "pending": false,
              "context": null,
              "code": "cy.login(cred.email, cred.password);\ncy.url().should('contain', '/dashboard');\ncy.get('.space-y-4 > :nth-child(3)').should('be.visible').should('have.text', 'Providers').click();\ncy.url().should('contain', '/providers');\ncy.xpath('//tr[1]/td[2]/div/p').invoke('text').then(text1 => {\n  cy.get('[type=search]').should('be.visible').type(text1);\n  cy.wait(2000);\n});\ncy.get('tr:nth-child(1) > td:nth-child(7) > div>div>img').scrollIntoView().should('be.visible').click({\n  force: true\n});\ncy.url().should('contain', '/chat');",
              "err": {},
              "uuid": "33de59c4-cda8-4a53-a042-baf878fdadc9",
              "parentUUID": "5dfa18a5-6c2f-496b-93c4-a26883417bc3",
              "isHook": false,
              "skipped": false
            },
            {
              "title": "At \"Chats\" page each label and field should have proper label and validations",
              "fullTitle": "Provider Chat module testcases At \"Chats\" page each label and field should have proper label and validations",
              "timedOut": null,
              "duration": 735,
              "state": "passed",
              "speed": "fast",
              "pass": true,
              "fail": false,
              "pending": false,
              "context": null,
              "code": "cy.get('.font-bold').should('be.visible').should('have.text', 'Chat');\ncy.get('.flex-wrap > .h-6').should('be.visible');\ncy.get('.rounded-3xl').should('be.visible');\ncy.get('.w-full > .cursor-pointer').should('be.visible');",
              "err": {},
              "uuid": "3678a54b-1ee8-442d-add8-4662d35e308e",
              "parentUUID": "5dfa18a5-6c2f-496b-93c4-a26883417bc3",
              "isHook": false,
              "skipped": false
            },
            {
              "title": "As a Admin the user should able to send message to the provider",
              "fullTitle": "Provider Chat module testcases As a Admin the user should able to send message to the provider",
              "timedOut": null,
              "duration": 6150,
              "state": "passed",
              "speed": "medium",
              "pass": true,
              "fail": false,
              "pending": false,
              "context": null,
              "code": "cy.get('.w-full > .bg-white').should('be.visible').type('hi');\ncy.wait(2000);\ncy.get('.w-full > .cursor-pointer').should('be.visible').click();\ncy.wait(3000);",
              "err": {},
              "uuid": "8e5b8a53-c8e1-4bf3-85c6-13df595d0b01",
              "parentUUID": "5dfa18a5-6c2f-496b-93c4-a26883417bc3",
              "isHook": false,
              "skipped": false
            },
            {
              "title": "The message sent by Admin should be received by the Provider",
              "fullTitle": "Provider Chat module testcases The message sent by Admin should be received by the Provider",
              "timedOut": null,
              "duration": 112,
              "state": "passed",
              "speed": "fast",
              "pass": true,
              "fail": false,
              "pending": false,
              "context": null,
              "code": "cy.get('div.pb-6 > div > div > div > div.p-3.rounded-lg.relative.bg-primary.text-white').should('be.visible').should('contain', 'hi');",
              "err": {},
              "uuid": "ee25926c-4c6a-4a8c-907f-a8ad0f4625d2",
              "parentUUID": "5dfa18a5-6c2f-496b-93c4-a26883417bc3",
              "isHook": false,
              "skipped": false
            },
            {
              "title": "As a Admin the user can able to send the documents and images by clicking on attachments icon",
              "fullTitle": "Provider Chat module testcases As a Admin the user can able to send the documents and images by clicking on attachments icon",
              "timedOut": null,
              "duration": 4475,
              "state": "passed",
              "speed": "fast",
              "pass": true,
              "fail": false,
              "pending": false,
              "context": null,
              "code": "cy.get('.opacity-0').attachFile('faf.jpg');\ncy.wait(2000);\ncy.get('.w-60 > img').should('be.visible');\ncy.get('.opacity-0').attachFile('file.pdf');\ncy.wait(2000);\ncy.get('.w-60 > :nth-child(1) > img').should('be.visible');",
              "err": {},
              "uuid": "2ac9712b-b93f-4fbb-aed4-4627635e4645",
              "parentUUID": "5dfa18a5-6c2f-496b-93c4-a26883417bc3",
              "isHook": false,
              "skipped": false
            },
            {
              "title": "The user should able to see all the chats between the Admin and provider",
              "fullTitle": "Provider Chat module testcases The user should able to see all the chats between the Admin and provider",
              "timedOut": null,
              "duration": 6240,
              "state": "passed",
              "speed": "medium",
              "pass": true,
              "fail": false,
              "pending": false,
              "context": null,
              "code": "cy.get('#chatList>div:nth-child(1)').scrollIntoView().should('be.visible');\ncy.wait(2000);\ncy.get('#chatList>div:nth-child(2)').scrollIntoView().should('be.visible');\ncy.wait(2000);\ncy.get('#chatList>div:nth-child(3)').scrollIntoView().should('be.visible');\ncy.wait(2000);",
              "err": {},
              "uuid": "013b93f9-8a03-4d69-af32-8dec9627c3db",
              "parentUUID": "5dfa18a5-6c2f-496b-93c4-a26883417bc3",
              "isHook": false,
              "skipped": false
            },
            {
              "title": "The Admin can see the full length image on a separate window by clicking on that particular image",
              "fullTitle": "Provider Chat module testcases The Admin can see the full length image on a separate window by clicking on that particular image",
              "timedOut": null,
              "duration": 3389,
              "state": "passed",
              "speed": "fast",
              "pass": true,
              "fail": false,
              "pending": false,
              "context": null,
              "code": "cy.xpath('//div[2]/div[1]/div[1]/div[1]/a[1]/div[1]/img[1]').scrollIntoView().should('be.visible').click();\ncy.wait(3000);",
              "err": {},
              "uuid": "743f4924-a340-4d77-a373-232753d9f4a1",
              "parentUUID": "5dfa18a5-6c2f-496b-93c4-a26883417bc3",
              "isHook": false,
              "skipped": false
            },
            {
              "title": "The Admin can open the document in a separate window by clicking on the particular document",
              "fullTitle": "Provider Chat module testcases The Admin can open the document in a separate window by clicking on the particular document",
              "timedOut": null,
              "duration": 13897,
              "state": "passed",
              "speed": "slow",
              "pass": true,
              "fail": false,
              "pending": false,
              "context": null,
              "code": "cy.xpath('//div[3]/div[1]/div[1]/div[1]/a[1]/div[1]/div[1]/img[1]').scrollIntoView().should('be.visible').click();\ncy.wait(3000);\ncy.logout();",
              "err": {},
              "uuid": "614a5435-b076-4783-9977-9ba41afc39ed",
              "parentUUID": "5dfa18a5-6c2f-496b-93c4-a26883417bc3",
              "isHook": false,
              "skipped": false
            }
          ],
          "suites": [],
          "passes": [
            "33de59c4-cda8-4a53-a042-baf878fdadc9",
            "3678a54b-1ee8-442d-add8-4662d35e308e",
            "8e5b8a53-c8e1-4bf3-85c6-13df595d0b01",
            "ee25926c-4c6a-4a8c-907f-a8ad0f4625d2",
            "2ac9712b-b93f-4fbb-aed4-4627635e4645",
            "013b93f9-8a03-4d69-af32-8dec9627c3db",
            "743f4924-a340-4d77-a373-232753d9f4a1",
            "614a5435-b076-4783-9977-9ba41afc39ed"
          ],
          "failures": [],
          "pending": [],
          "skipped": [],
          "duration": 49412,
          "root": false,
          "rootEmpty": false,
          "_timeout": 2000
        }
      ],
      "passes": [],
      "failures": [],
      "pending": [],
      "skipped": [],
      "duration": 0,
      "root": true,
      "rootEmpty": true,
      "_timeout": 2000
    }
  ],
  "meta": {
    "mocha": {
      "version": "7.0.1"
    },
    "mochawesome": {
      "options": {
        "quiet": false,
        "reportFilename": "report",
        "saveHtml": true,
        "saveJson": true,
        "consoleReporter": "spec",
        "useInlineDiffs": false,
        "code": true
      },
      "version": "7.0.1"
    },
    "marge": {
      "options": {
        "reportDir": "cypress/reports",
        "reportFilename": "report",
        "overwrite": false,
        "html": true,
        "json": true,
        "charts": true
      },
      "version": "6.0.1"
    }
  }
}