{
  "stats": {
    "suites": 1,
    "tests": 6,
    "passes": 0,
    "pending": 0,
    "failures": 6,
    "start": "2022-02-16T07:48:57.234Z",
    "end": "2022-02-16T07:50:23.294Z",
    "duration": 86060,
    "testsRegistered": 6,
    "passPercent": 0,
    "pendingPercent": 0,
    "other": 0,
    "hasOther": false,
    "skipped": 0,
    "hasSkipped": false
  },
  "results": [
    {
      "uuid": "7ab1c7b3-7e51-4d4c-8717-e0944df597d4",
      "title": "",
      "fullFile": "cypress/integration/Admin_Testcases/07_Patient_Management.spec.js",
      "file": "cypress/integration/Admin_Testcases/07_Patient_Management.spec.js",
      "beforeHooks": [],
      "afterHooks": [],
      "tests": [],
      "suites": [
        {
          "uuid": "9ac8830f-6c9e-40cc-97a2-7213f2bcc795",
          "title": "Patient management module test cases",
          "fullFile": "",
          "file": "",
          "beforeHooks": [],
          "afterHooks": [],
          "tests": [
            {
              "title": "As a admin the user should be navigated on patients page by clicking on patients tab",
              "fullTitle": "Patient management module test cases As a admin the user should be navigated on patients page by clicking on patients tab",
              "timedOut": null,
              "duration": 6105,
              "state": "failed",
              "speed": null,
              "pass": false,
              "fail": true,
              "pending": false,
              "context": null,
              "code": "cy.login();\ncy.get('.space-y-4 > :nth-child(3)').should('be.visible').should('have.text', 'Patients').click();\ncy.url().should('contain', '/patients');",
              "err": {
                "message": "CypressError: `cy.visit()` failed trying to load:\n\nhttps://qa.rch.build-release.com/admin\n\nWe attempted to make an http request to this URL but the request failed without a response.\n\nWe received this error at the network level:\n\n  > Error: getaddrinfo ENOTFOUND qa.rch.build-release.com\n\nCommon situations why this would fail:\n  - you don't have internet access\n  - you forgot to run / boot your web server\n  - your web server isn't accessible\n  - you have weird network configuration settings on your computer",
                "estack": "CypressError: `cy.visit()` failed trying to load:\n\nhttps://qa.rch.build-release.com/admin\n\nWe attempted to make an http request to this URL but the request failed without a response.\n\nWe received this error at the network level:\n\n  > Error: getaddrinfo ENOTFOUND qa.rch.build-release.com\n\nCommon situations why this would fail:\n  - you don't have internet access\n  - you forgot to run / boot your web server\n  - your web server isn't accessible\n  - you have weird network configuration settings on your computer\n    at http://localhost:63469/__cypress/runner/cypress_runner.js:156031:82\n    at visitFailedByErr (http://localhost:63469/__cypress/runner/cypress_runner.js:155390:12)\n    at http://localhost:63469/__cypress/runner/cypress_runner.js:156030:11\n    at tryCatcher (http://localhost:63469/__cypress/runner/cypress_runner.js:13212:23)\n    at Promise._settlePromiseFromHandler (http://localhost:63469/__cypress/runner/cypress_runner.js:11147:31)\n    at Promise._settlePromise (http://localhost:63469/__cypress/runner/cypress_runner.js:11204:18)\n    at Promise._settlePromise0 (http://localhost:63469/__cypress/runner/cypress_runner.js:11249:10)\n    at Promise._settlePromises (http://localhost:63469/__cypress/runner/cypress_runner.js:11325:18)\n    at _drainQueueStep (http://localhost:63469/__cypress/runner/cypress_runner.js:7919:12)\n    at _drainQueue (http://localhost:63469/__cypress/runner/cypress_runner.js:7912:9)\n    at Async.../../node_modules/bluebird/js/release/async.js.Async._drainQueues (http://localhost:63469/__cypress/runner/cypress_runner.js:7928:5)\n    at Async.drainQueues (http://localhost:63469/__cypress/runner/cypress_runner.js:7798:14)\nFrom Your Spec Code:\n    at Context.eval (http://localhost:63469/__cypress/tests?p=cypress\\support\\index.js:320:6)\n\nFrom Node.js Internals:\n  Error: getaddrinfo ENOTFOUND qa.rch.build-release.com\n      at GetAddrInfoReqWrap.onlookup [as oncomplete] (dns.js:67:26)\n  ",
                "diff": null
              },
              "uuid": "aa4c6dc3-534c-43b6-823f-b610b7fea98e",
              "parentUUID": "9ac8830f-6c9e-40cc-97a2-7213f2bcc795",
              "isHook": false,
              "skipped": false
            },
            {
              "title": "At patients page each label and field should have proper label and validations",
              "fullTitle": "Patient management module test cases At patients page each label and field should have proper label and validations",
              "timedOut": null,
              "duration": 15939,
              "state": "failed",
              "speed": null,
              "pass": false,
              "fail": true,
              "pending": false,
              "context": null,
              "code": "cy.get('.font-bold').should('be.visible').should('have.text', 'Patients');\ncy.get('table>thead>tr>th:nth-child(1)').should('be.visible').should('have.text', 'Full Name');\ncy.get('table>thead>tr>th:nth-child(2)').should('be.visible').should('have.text', 'Email');\ncy.get('table>thead>tr>th:nth-child(3)').should('be.visible').should('have.text', 'Mobile Number');\ncy.get('table>thead>tr>th:nth-child(4)').should('be.visible').should('have.text', 'Joined On');\ncy.get('table>thead>tr>th:nth-child(5)').should('be.visible').should('have.text', 'Subscription');\ncy.get('table>thead>tr>th:nth-child(6)').scrollIntoView().should('be.visible').should('have.text', 'Appointment');\ncy.get('table>thead>tr>th:nth-child(7)').scrollIntoView().should('be.visible').should('have.text', 'Action');",
              "err": {
                "message": "AssertionError: Timed out retrying after 15000ms: Expected to find element: `.font-bold`, but never found it.",
                "estack": "AssertionError: Timed out retrying after 15000ms: Expected to find element: `.font-bold`, but never found it.\n    at Context.eval (http://localhost:63469/__cypress/tests?p=cypress\\integration\\Admin_Testcases\\07_Patient_Management.spec.js:107:26)",
                "diff": null
              },
              "uuid": "3bcb5c1a-5d07-48b8-b01f-ce4b23c414d0",
              "parentUUID": "9ac8830f-6c9e-40cc-97a2-7213f2bcc795",
              "isHook": false,
              "skipped": false
            },
            {
              "title": "As a admin the user should be navigated to the profile details page of any patient by clicking on eye symbol against that particular patient ",
              "fullTitle": "Patient management module test cases As a admin the user should be navigated to the profile details page of any patient by clicking on eye symbol against that particular patient ",
              "timedOut": null,
              "duration": 15754,
              "state": "failed",
              "speed": null,
              "pass": false,
              "fail": true,
              "pending": false,
              "context": null,
              "code": "cy.get('tr:nth-child(1) > td:nth-child(7) > div > svg:nth-child(1) > path:nth-child(2)').scrollIntoView().should('be.visible').click({\n  force: true\n});",
              "err": {
                "message": "AssertionError: Timed out retrying after 15000ms: Expected to find element: `tr:nth-child(1) > td:nth-child(7) > div > svg:nth-child(1) > path:nth-child(2)`, but never found it.",
                "estack": "AssertionError: Timed out retrying after 15000ms: Expected to find element: `tr:nth-child(1) > td:nth-child(7) > div > svg:nth-child(1) > path:nth-child(2)`, but never found it.\n    at Context.eval (http://localhost:63469/__cypress/tests?p=cypress\\integration\\Admin_Testcases\\07_Patient_Management.spec.js:117:8)",
                "diff": null
              },
              "uuid": "943460d1-c136-459d-a022-b99ac796fadc",
              "parentUUID": "9ac8830f-6c9e-40cc-97a2-7213f2bcc795",
              "isHook": false,
              "skipped": false
            },
            {
              "title": "At profile deatils page of the patient each label and field should have proper label and validations",
              "fullTitle": "Patient management module test cases At profile deatils page of the patient each label and field should have proper label and validations",
              "timedOut": null,
              "duration": 15873,
              "state": "failed",
              "speed": null,
              "pass": false,
              "fail": true,
              "pending": false,
              "context": null,
              "code": "cy.get('.space-x-4 > .font-bold').should('be.visible').should('have.text', 'Patient Details');\ncy.get('.border-primary').should('be.visible').should('have.text', 'Address');\ncy.get('div.space-y-4:nth-child(1)>div:nth-child(1)>div:nth-child(1)>div:nth-child(1)').should('be.visible').should('have.text', 'Address Line 1');\ncy.get('div.space-y-4:nth-child(1)>div:nth-child(1)>div:nth-child(2)>div:nth-child(1)').should('be.visible').should('have.text', 'Address Line 2');\ncy.get('div.space-y-4:nth-child(1)>div:nth-child(2)>div:nth-child(1)>div:nth-child(1)').should('be.visible').should('have.text', 'Postal Code');\ncy.get('div.space-y-4:nth-child(1)>div:nth-child(2)>div:nth-child(2)>div:nth-child(1)').should('be.visible').should('have.text', 'City');\ncy.get('div.space-y-4:nth-child(1)>div:nth-child(3)>div:nth-child(1)>div:nth-child(1)').should('be.visible').should('have.text', 'State');",
              "err": {
                "message": "AssertionError: Timed out retrying after 15000ms: Expected to find element: `.space-x-4 > .font-bold`, but never found it.",
                "estack": "AssertionError: Timed out retrying after 15000ms: Expected to find element: `.space-x-4 > .font-bold`, but never found it.\n    at Context.eval (http://localhost:63469/__cypress/tests?p=cypress\\integration\\Admin_Testcases\\07_Patient_Management.spec.js:122:39)",
                "diff": null
              },
              "uuid": "810238fe-580e-4ba0-ae47-314042e4d74d",
              "parentUUID": "9ac8830f-6c9e-40cc-97a2-7213f2bcc795",
              "isHook": false,
              "skipped": false
            },
            {
              "title": "As a admin the user should be navigated back to the patients page by clicking on back symbol on profile details page",
              "fullTitle": "Patient management module test cases As a admin the user should be navigated back to the patients page by clicking on back symbol on profile details page",
              "timedOut": null,
              "duration": 15844,
              "state": "failed",
              "speed": null,
              "pass": false,
              "fail": true,
              "pending": false,
              "context": null,
              "code": "cy.get('.h-6 > path').should('be.visible').click();",
              "err": {
                "message": "AssertionError: Timed out retrying after 15000ms: Expected to find element: `.h-6 > path`, but never found it.",
                "estack": "AssertionError: Timed out retrying after 15000ms: Expected to find element: `.h-6 > path`, but never found it.\n    at Context.eval (http://localhost:63469/__cypress/tests?p=cypress\\integration\\Admin_Testcases\\07_Patient_Management.spec.js:131:27)",
                "diff": null
              },
              "uuid": "67490864-c8c7-435a-9cee-6aae93805198",
              "parentUUID": "9ac8830f-6c9e-40cc-97a2-7213f2bcc795",
              "isHook": false,
              "skipped": false
            },
            {
              "title": "As a admin the user should able to search any patient by his name or email",
              "fullTitle": "Patient management module test cases As a admin the user should able to search any patient by his name or email",
              "timedOut": null,
              "duration": 15833,
              "state": "failed",
              "speed": null,
              "pass": false,
              "fail": true,
              "pending": false,
              "context": null,
              "code": "cy.get('.bg-white > .w-full').should('be.visible').type('pawan');\ncy.wait(2000);\ncy.get('.bg-white > .w-full').clear();\ncy.get('.bg-white > .w-full').should('be.visible').type('pavann@mailinator.com');\ncy.wait(2000);\ncy.get('.bg-white > .w-full').clear();\ncy.logout();",
              "err": {
                "message": "AssertionError: Timed out retrying after 15000ms: Expected to find element: `.bg-white > .w-full`, but never found it.",
                "estack": "AssertionError: Timed out retrying after 15000ms: Expected to find element: `.bg-white > .w-full`, but never found it.\n    at Context.eval (http://localhost:63469/__cypress/tests?p=cypress\\integration\\Admin_Testcases\\07_Patient_Management.spec.js:134:35)",
                "diff": null
              },
              "uuid": "d61350d2-35b8-4f9d-8f28-72aeb5bd35e6",
              "parentUUID": "9ac8830f-6c9e-40cc-97a2-7213f2bcc795",
              "isHook": false,
              "skipped": false
            }
          ],
          "suites": [],
          "passes": [],
          "failures": [
            "aa4c6dc3-534c-43b6-823f-b610b7fea98e",
            "3bcb5c1a-5d07-48b8-b01f-ce4b23c414d0",
            "943460d1-c136-459d-a022-b99ac796fadc",
            "810238fe-580e-4ba0-ae47-314042e4d74d",
            "67490864-c8c7-435a-9cee-6aae93805198",
            "d61350d2-35b8-4f9d-8f28-72aeb5bd35e6"
          ],
          "pending": [],
          "skipped": [],
          "duration": 85348,
          "root": false,
          "rootEmpty": false,
          "_timeout": 2000
        }
      ],
      "passes": [],
      "failures": [],
      "pending": [],
      "skipped": [],
      "duration": 0,
      "root": true,
      "rootEmpty": true,
      "_timeout": 2000
    }
  ],
  "meta": {
    "mocha": {
      "version": "7.0.1"
    },
    "mochawesome": {
      "options": {
        "quiet": false,
        "reportFilename": "report",
        "saveHtml": true,
        "saveJson": true,
        "consoleReporter": "spec",
        "useInlineDiffs": false,
        "code": true
      },
      "version": "7.0.1"
    },
    "marge": {
      "options": {
        "reportDir": "cypress/reports",
        "reportFilename": "report",
        "overwrite": false,
        "html": true,
        "json": true,
        "charts": true
      },
      "version": "6.0.1"
    }
  }
}