{
  "stats": {
    "suites": 1,
    "tests": 4,
    "passes": 4,
    "pending": 0,
    "failures": 0,
    "start": "2021-09-21T15:18:41.894Z",
    "end": "2021-09-21T15:19:16.978Z",
    "duration": 35084,
    "testsRegistered": 4,
    "passPercent": 100,
    "pendingPercent": 0,
    "other": 0,
    "hasOther": false,
    "skipped": 0,
    "hasSkipped": false
  },
  "results": [
    {
      "uuid": "6ef44f2b-a134-467b-8230-63d5b87968f3",
      "title": "",
      "fullFile": "cypress/integration/Admin_Testcases/10_PatientCharts_Reports.spec.js",
      "file": "cypress/integration/Admin_Testcases/10_PatientCharts_Reports.spec.js",
      "beforeHooks": [],
      "afterHooks": [],
      "tests": [],
      "suites": [
        {
          "uuid": "e696b403-705b-4d81-9908-2a64c624bf11",
          "title": "Reports module testcases",
          "fullFile": "",
          "file": "",
          "beforeHooks": [],
          "afterHooks": [],
          "tests": [
            {
              "title": "As a Admin the user should navigated to the Reports page by clicking on \"Reports\" tab",
              "fullTitle": "Reports module testcases As a Admin the user should navigated to the Reports page by clicking on \"Reports\" tab",
              "timedOut": null,
              "duration": 23640,
              "state": "passed",
              "speed": "slow",
              "pass": true,
              "fail": false,
              "pending": false,
              "context": null,
              "code": "cy.login(cred.email, cred.password);\ncy.url().should('contain', '/patients');\ncy.get('.bg-white > .w-full').should('be.visible').type('pawankumar@yopmail.com');\ncy.wait(2000);\ncy.get('tr:nth-child(1) > td:nth-child(7) > div > svg:nth-child(1) > path:nth-child(1)').scrollIntoView().should('be.visible').click();\ncy.url().should('contain', '/address');\ncy.get('.border-transparent').should('be.visible').should('contain', 'Charts').click();\ncy.url().should('contain', '/charts');\ncy.get('.h-screen>div:nth-child(2)>div:nth-child(2)').should('be.visible').click();\ncy.url().should('contain', '/medical_history');\ncy.get('.flex-grow > .border-b > .flex > .border-transparent').should('be.visible').should('contain', 'Reports').click();\ncy.url().should('contain', '/reports');",
              "err": {},
              "uuid": "debde482-2d27-4f31-a476-6647c5bcfa3f",
              "parentUUID": "e696b403-705b-4d81-9908-2a64c624bf11",
              "isHook": false,
              "skipped": false
            },
            {
              "title": "At \"Reports\" page each label and field should have proper label and validations",
              "fullTitle": "Reports module testcases At \"Reports\" page each label and field should have proper label and validations",
              "timedOut": null,
              "duration": 866,
              "state": "passed",
              "speed": "slow",
              "pass": true,
              "fail": false,
              "pending": false,
              "context": null,
              "code": "cy.get('.font-bold').should('be.visible').should('contain', 'Showing 3 Reports');\ncy.get('.p-3').should('be.visible');\ncy.get(':nth-child(1) > a > .justify-between').should('be.visible');\ncy.get(':nth-child(1) > a > .justify-between > span.text-primary').should('be.visible').should('contain', 'COVID RT-PCR');\ncy.get(':nth-child(1) > a > .justify-between > .flex > .text-gray-600').should('be.visible').should('contain', 'Aug 18 2021');\ncy.get(':nth-child(1) > a > .justify-between > .flex > .bg-lightBlue').should('be.visible');\ncy.get(':nth-child(2) > a > .justify-between').should('be.visible');\ncy.get(':nth-child(2) > a > .justify-between > span.text-primary').should('be.visible').should('contain', 'COVID RT-PCR');\ncy.get(':nth-child(2) > a > .justify-between > .flex > .text-gray-600').should('be.visible').should('contain', 'Aug 18 2021');\ncy.get(':nth-child(2) > a > .justify-between > .flex > .bg-lightBlue').should('be.visible');\ncy.get(':nth-child(3) > a > .justify-between').should('be.visible');\ncy.get(':nth-child(3) > a > .justify-between > span.text-primary').should('be.visible').should('contain', 'COVID RT-PCR');\ncy.get(':nth-child(3) > a > .justify-between > .flex > .text-gray-600').should('be.visible').should('contain', 'Aug 18 2021');\ncy.get(':nth-child(3) > a > .justify-between > .flex > .bg-lightBlue').should('be.visible');",
              "err": {},
              "uuid": "b18027ef-8e3d-4d3f-8cef-514ba10f84ed",
              "parentUUID": "e696b403-705b-4d81-9908-2a64c624bf11",
              "isHook": false,
              "skipped": false
            },
            {
              "title": "As a Admin the user should able to see all the reports uploaded by him for the particular patient",
              "fullTitle": "Reports module testcases As a Admin the user should able to see all the reports uploaded by him for the particular patient",
              "timedOut": null,
              "duration": 131,
              "state": "passed",
              "speed": "slow",
              "pass": true,
              "fail": false,
              "pending": false,
              "context": null,
              "code": "cy.get(':nth-child(1) > a > .justify-between').should('be.visible');\ncy.get(':nth-child(2) > a > .justify-between').should('be.visible');\ncy.get(':nth-child(3) > a > .justify-between').should('be.visible');",
              "err": {},
              "uuid": "23c883b4-cb10-430f-85b5-8120abdc6293",
              "parentUUID": "e696b403-705b-4d81-9908-2a64c624bf11",
              "isHook": false,
              "skipped": false
            },
            {
              "title": "The user able view any report by clicking on that report",
              "fullTitle": "Reports module testcases The user able view any report by clicking on that report",
              "timedOut": null,
              "duration": 4807,
              "state": "passed",
              "speed": "slow",
              "pass": true,
              "fail": false,
              "pending": false,
              "context": null,
              "code": "cy.get(':nth-child(1) > a > .justify-between').should('be.visible').click();\ncy.get(':nth-child(2) > a > .justify-between').should('be.visible').click();\ncy.get(':nth-child(3) > a > .justify-between').should('be.visible').click();\ncy.logout();",
              "err": {},
              "uuid": "32f56d12-fa14-4ed6-ba38-ea6764125fa1",
              "parentUUID": "e696b403-705b-4d81-9908-2a64c624bf11",
              "isHook": false,
              "skipped": false
            }
          ],
          "suites": [],
          "passes": [
            "debde482-2d27-4f31-a476-6647c5bcfa3f",
            "b18027ef-8e3d-4d3f-8cef-514ba10f84ed",
            "23c883b4-cb10-430f-85b5-8120abdc6293",
            "32f56d12-fa14-4ed6-ba38-ea6764125fa1"
          ],
          "failures": [],
          "pending": [],
          "skipped": [],
          "duration": 29444,
          "root": false,
          "rootEmpty": false,
          "_timeout": 2000
        }
      ],
      "passes": [],
      "failures": [],
      "pending": [],
      "skipped": [],
      "duration": 0,
      "root": true,
      "rootEmpty": true,
      "_timeout": 2000
    }
  ],
  "meta": {
    "mocha": {
      "version": "7.0.1"
    },
    "mochawesome": {
      "options": {
        "quiet": false,
        "reportFilename": "report",
        "saveHtml": true,
        "saveJson": true,
        "consoleReporter": "spec",
        "useInlineDiffs": false,
        "code": true
      },
      "version": "6.2.2"
    },
    "marge": {
      "options": {
        "reportDir": "cypress/reports",
        "reportFilename": "report",
        "overwrite": false,
        "html": true,
        "json": true,
        "charts": true
      },
      "version": "5.2.0"
    }
  }
}