<!doctype html>
<html lang="en"><head><meta charSet="utf-8"/><meta http-equiv="X-UA-Compatible" content="IE=edge"/><meta name="viewport" content="width=device-width, initial-scale=1"/><title>Mochawesome Report</title><link rel="stylesheet" href="assets\app.css"/></head><body data-raw="{&quot;stats&quot;:{&quot;suites&quot;:1,&quot;tests&quot;:18,&quot;passes&quot;:0,&quot;pending&quot;:0,&quot;failures&quot;:18,&quot;start&quot;:&quot;2022-06-21T10:42:33.299Z&quot;,&quot;end&quot;:&quot;2022-06-21T10:48:51.487Z&quot;,&quot;duration&quot;:378188,&quot;testsRegistered&quot;:18,&quot;passPercent&quot;:0,&quot;pendingPercent&quot;:0,&quot;other&quot;:0,&quot;hasOther&quot;:false,&quot;skipped&quot;:0,&quot;hasSkipped&quot;:false},&quot;results&quot;:[{&quot;uuid&quot;:&quot;25ddc1b1-4d8d-43cb-91cb-a6c590f27afe&quot;,&quot;title&quot;:&quot;&quot;,&quot;fullFile&quot;:&quot;cypress\\e2e\\Admin_Testcases\\15_BookAppointmet.spec.js&quot;,&quot;file&quot;:&quot;cypress\\e2e\\Admin_Testcases\\15_BookAppointmet.spec.js&quot;,&quot;beforeHooks&quot;:[],&quot;afterHooks&quot;:[],&quot;tests&quot;:[],&quot;suites&quot;:[{&quot;uuid&quot;:&quot;66f5f2a8-a4a3-4e66-a2f8-e18c4f6afd26&quot;,&quot;title&quot;:&quot;Book Appointment module testcases&quot;,&quot;fullFile&quot;:&quot;&quot;,&quot;file&quot;:&quot;&quot;,&quot;beforeHooks&quot;:[],&quot;afterHooks&quot;:[],&quot;tests&quot;:[{&quot;title&quot;:&quot;As a Admin the user should be navigated to the \&quot;Select Service\&quot; page of Book appointment section by clicking on \&quot;Book\&quot; button against the paticular patient.&quot;,&quot;fullTitle&quot;:&quot;Book Appointment module testcases As a Admin the user should be navigated to the \&quot;Select Service\&quot; page of Book appointment section by clicking on \&quot;Book\&quot; button against the paticular patient.&quot;,&quot;duration&quot;:108079,&quot;state&quot;:&quot;failed&quot;,&quot;pass&quot;:false,&quot;fail&quot;:true,&quot;pending&quot;:false,&quot;code&quot;:&quot;cy.login(cred.email, cred.password);\ncy.url().should(&#x27;contain&#x27;, &#x27;/dashboard&#x27;); //Click patient tab on the left side tray\ncy.xpath(&#x27;//nav/div[2]/div[2]&#x27;).should(&#x27;be.visible&#x27;).should(&#x27;have.text&#x27;, &#x27;Patients&#x27;).click();\ncy.url().should(&#x27;contain&#x27;, &#x27;/patients&#x27;); //Add new patient custom command\ncy.AddPatient();\ncy.readFile(&#x27;cypress/fixtures/provider.json&#x27;).then(provider =&gt; {\n  //search added patient    \n  cy.get(&#x27;[type=search]&#x27;).should(&#x27;be.visible&#x27;).type(provider.email.toLowerCase()); //Checking email is present in the list\n  cy.get(&#x27;tr:nth-child(1)&gt;td:nth-child(2)&#x27;).should(&#x27;be.visible&#x27;).should(&#x27;have.text&#x27;, provider.email.toLowerCase());\n  cy.wait(4000);\n}); //Click On Book Button against patient\ncy.xpath(&#x27;//tr[1]/td[5]/div[1]/div[1]&#x27;).should(&#x27;be.visible&#x27;).should(&#x27;have.text&#x27;, &#x27;Book&#x27;).click();\ncy.url().should(&#x27;contain&#x27;, &#x27;/book_appointment&#x27;);&quot;,&quot;err&quot;:{&quot;message&quot;:&quot;CypressError: Timed out retrying after 15050ms: `cy.click()` failed because this element is `disabled`:\n\n`&lt;button type=\&quot;submit\&quot; textid=\&quot;continue\&quot; class=\&quot;flex justify-center items-center  text-sm font-bold rounded-md shadow-sm text-white border-2 px-16 py-3 hover:font-bold focus:outline-none \n bg-gray-500 cursor-not-allowed hover:border-gray-400 mx-0 w-1/2\&quot; disabled=\&quot;\&quot;&gt;...&lt;/button&gt;`\n\nFix this problem, or use `{force: true}` to disable error checking.\n\nhttps://on.cypress.io/element-cannot-be-interacted-with&quot;,&quot;estack&quot;:&quot;CypressError: Timed out retrying after 15050ms: `cy.click()` failed because this element is `disabled`:\n\n`&lt;button type=\&quot;submit\&quot; textid=\&quot;continue\&quot; class=\&quot;flex justify-center items-center  text-sm font-bold rounded-md shadow-sm text-white border-2 px-16 py-3 hover:font-bold focus:outline-none \n bg-gray-500 cursor-not-allowed hover:border-gray-400 mx-0 w-1/2\&quot; disabled=\&quot;\&quot;&gt;...&lt;/button&gt;`\n\nFix this problem, or use `{force: true}` to disable error checking.\n\nhttps://on.cypress.io/element-cannot-be-interacted-with\n    at $Cy.ensureNotDisabled (https://qa.rch.build-release.com/__cypress/runner/cypress_runner.js:161792:76)\n    at runAllChecks (https://qa.rch.build-release.com/__cypress/runner/cypress_runner.js:147668:14)\n    at retryActionability (https://qa.rch.build-release.com/__cypress/runner/cypress_runner.js:147745:16)\n    at tryCatcher (https://qa.rch.build-release.com/__cypress/runner/cypress_runner.js:13012:23)\n    at Function.Promise.attempt.Promise.try (https://qa.rch.build-release.com/__cypress/runner/cypress_runner.js:10286:29)\n    at whenStable (https://qa.rch.build-release.com/__cypress/runner/cypress_runner.js:166930:65)\n    at https://qa.rch.build-release.com/__cypress/runner/cypress_runner.js:166385:14\n    at tryCatcher (https://qa.rch.build-release.com/__cypress/runner/cypress_runner.js:13012:23)\n    at Promise._settlePromiseFromHandler (https://qa.rch.build-release.com/__cypress/runner/cypress_runner.js:10947:31)\n    at Promise._settlePromise (https://qa.rch.build-release.com/__cypress/runner/cypress_runner.js:11004:18)\n    at Promise._settlePromise0 (https://qa.rch.build-release.com/__cypress/runner/cypress_runner.js:11049:10)\n    at Promise._settlePromises (https://qa.rch.build-release.com/__cypress/runner/cypress_runner.js:11129:18)\n    at Promise._fulfill (https://qa.rch.build-release.com/__cypress/runner/cypress_runner.js:11073:18)\n    at https://qa.rch.build-release.com/__cypress/runner/cypress_runner.js:12687:46\nFrom Your Spec Code:\n    at Context.eval (https://qa.rch.build-release.com/__cypress/tests?p=cypress\\support\\e2e.js:380:125)&quot;},&quot;uuid&quot;:&quot;48a72b28-1f0a-4309-b793-6433dd39cc5e&quot;,&quot;parentUUID&quot;:&quot;66f5f2a8-a4a3-4e66-a2f8-e18c4f6afd26&quot;,&quot;isHook&quot;:false,&quot;skipped&quot;:false},{&quot;title&quot;:&quot;At \&quot;Select Service\&quot; page each label and field should have proper label and validations&quot;,&quot;fullTitle&quot;:&quot;Book Appointment module testcases At \&quot;Select Service\&quot; page each label and field should have proper label and validations&quot;,&quot;duration&quot;:16312,&quot;state&quot;:&quot;failed&quot;,&quot;pass&quot;:false,&quot;fail&quot;:true,&quot;pending&quot;:false,&quot;code&quot;:&quot;cy.xpath(&#x27;//div[contains(text(),\&quot;Book\&quot;)]&#x27;).should(&#x27;be.visible&#x27;).should(&#x27;have.text&#x27;, &#x27;Book Appointment&#x27;);\ncy.get(&#x27;.cursor-pointer &gt; .w-8&#x27;).should(&#x27;be.visible&#x27;);\ncy.xpath(&#x27;//div[contains(text(),\&quot;Select Service\&quot;)]&#x27;).should(&#x27;be.visible&#x27;).should(&#x27;have.text&#x27;, &#x27;Select Service&#x27;);\ncy.xpath(&#x27;//div[contains(text(),\&quot;Members\&quot;)]&#x27;).should(&#x27;be.visible&#x27;).should(&#x27;have.text&#x27;, &#x27;Members receive 15% discount &amp; $100 travel fee waived on invoice.&#x27;);\ncy.xpath(&#x27;//form[1]/div[1]/div[2]/div[1]/*[1]&#x27;).should(&#x27;be.visible&#x27;);\ncy.xpath(&#x27;//input[@type=\&quot;search\&quot;]&#x27;).should(&#x27;be.visible&#x27;).invoke(&#x27;attr&#x27;, &#x27;placeholder&#x27;).should(&#x27;contain&#x27;, &#x27;Search a service...&#x27;);\ncy.xpath(&#x27;//div[contains(text(),\&quot;Tele\&quot;)]&#x27;).should(&#x27;be.visible&#x27;).should(&#x27;have.text&#x27;, &#x27;Telemedicine Service&#x27;);\ncy.xpath(&#x27;//div[1]/div[1]/div[1]/div[1]/div[1]/input[1]&#x27;).should(&#x27;be.visible&#x27;).should(&#x27;not.be.checked&#x27;);\ncy.xpath(&#x27;//div[contains(text(),\&quot;Vital\&quot;)]&#x27;).should(&#x27;be.visible&#x27;).should(&#x27;have.text&#x27;, &#x27;Vital Checkup&#x27;);\ncy.xpath(&#x27;//div[2]/div[1]/div[1]/div[1]/div[1]/input[1]&#x27;).should(&#x27;be.visible&#x27;).should(&#x27;not.be.checked&#x27;);\ncy.xpath(&#x27;//div[contains(text(),\&quot;Sutu\&quot;)]&#x27;).should(&#x27;be.visible&#x27;).should(&#x27;have.text&#x27;, &#x27;Suture Removal&#x27;);\ncy.xpath(&#x27;//div[3]/div[1]/div[1]/div[1]/div[1]/input[1]&#x27;).should(&#x27;be.visible&#x27;).should(&#x27;not.be.checked&#x27;);\ncy.xpath(&#x27;//div[contains(text(),\&quot;Blood\&quot;)]&#x27;).should(&#x27;be.visible&#x27;).should(&#x27;have.text&#x27;, &#x27;Blood draw Covid-19 Antibody &#x27;);\ncy.xpath(&#x27;//div[4]/div[1]/div[1]/div[1]/div[1]/input[1]&#x27;).should(&#x27;be.visible&#x27;).should(&#x27;not.be.checked&#x27;);\ncy.xpath(&#x27;//div[contains(text(),\&quot;Vacc\&quot;)]&#x27;).should(&#x27;be.visible&#x27;).should(&#x27;have.text&#x27;, &#x27;In-home Vaccination&#x27;);\ncy.xpath(&#x27;//div[5]/div[1]/div[1]/div[1]/div[1]/input[1]&#x27;).should(&#x27;be.visible&#x27;).should(&#x27;not.be.checked&#x27;);\ncy.xpath(&#x27;//div[contains(text(),\&quot;well\&quot;)]&#x27;).should(&#x27;be.visible&#x27;).should(&#x27;have.text&#x27;, &#x27;In-Home health/wellness infusion&#x27;);\ncy.xpath(&#x27;//div[6]/div[1]/div[1]/div[1]/div[1]/input[1]&#x27;).should(&#x27;be.visible&#x27;).should(&#x27;not.be.checked&#x27;);\ncy.xpath(&#x27;//div[contains(text(),\&quot;Con\&quot;)]&#x27;).should(&#x27;be.visible&#x27;).should(&#x27;have.text&#x27;, &#x27;Continue&#x27;).click();&quot;,&quot;err&quot;:{&quot;message&quot;:&quot;AssertionError: Timed out retrying after 15000ms: expected &#x27;[ &lt;div.text-xs.cursor-pointer.font-medium.break-words.inline-block.p-1.px-8.shadow.hover:shadow-corner.rounded.bg-primary.text-white&gt;, 9 more... ]&#x27; to have text &#x27;Book Appointment&#x27;, but the text was &#x27;BookBookBookBookBookBookBookBookBookBook&#x27;&quot;,&quot;estack&quot;:&quot;AssertionError: Timed out retrying after 15000ms: expected &#x27;[ &lt;div.text-xs.cursor-pointer.font-medium.break-words.inline-block.p-1.px-8.shadow.hover:shadow-corner.rounded.bg-primary.text-white&gt;, 9 more... ]&#x27; to have text &#x27;Book Appointment&#x27;, but the text was &#x27;BookBookBookBookBookBookBookBookBookBook&#x27;\n    at Context.eval (https://qa.rch.build-release.com/__cypress/tests?p=cypress\\e2e\\Admin_Testcases\\15_BookAppointmet.spec.js:144:69)&quot;,&quot;diff&quot;:&quot;- &#x27;BookBookBookBookBookBookBookBookBookBook&#x27;\n+ &#x27;Book Appointment&#x27;\n&quot;},&quot;uuid&quot;:&quot;22f93069-8996-4be5-b4e1-71c94de5bc36&quot;,&quot;parentUUID&quot;:&quot;66f5f2a8-a4a3-4e66-a2f8-e18c4f6afd26&quot;,&quot;isHook&quot;:false,&quot;skipped&quot;:false},{&quot;title&quot;:&quot;As a Admin the user can search any service from the search bar using the service name of that particular service&quot;,&quot;fullTitle&quot;:&quot;Book Appointment module testcases As a Admin the user can search any service from the search bar using the service name of that particular service&quot;,&quot;duration&quot;:17690,&quot;state&quot;:&quot;failed&quot;,&quot;pass&quot;:false,&quot;fail&quot;:true,&quot;pending&quot;:false,&quot;code&quot;:&quot;cy.xpath(&#x27;//input[@type=\&quot;search\&quot;]&#x27;).should(&#x27;be.visible&#x27;).type(&#x27;Suture&#x27;);\ncy.wait(4000);\ncy.xpath(&#x27;//div[contains(text(),\&quot;Sutu\&quot;)]&#x27;).should(&#x27;be.visible&#x27;).should(&#x27;have.text&#x27;, &#x27;Suture Removal&#x27;);\ncy.xpath(&#x27;//div[1]/div[1]/div[1]/div[1]/div[1]/input[1]&#x27;).should(&#x27;be.visible&#x27;).should(&#x27;not.be.checked&#x27;).check();\ncy.xpath(&#x27;//input[@type=\&quot;search\&quot;]&#x27;).should(&#x27;be.visible&#x27;).clear();\ncy.wait(4000);\ncy.xpath(&#x27;//div[1]/div[1]/div[1]/div[1]/div[1]/input[1]&#x27;).should(&#x27;be.visible&#x27;).should(&#x27;not.be.checked&#x27;).check();\ncy.contains(&#x27;\&quot;Telemedicine Visit\&quot; service cannot be availed with any other services.&#x27;);&quot;,&quot;err&quot;:{&quot;message&quot;:&quot;CypressError: Timed out retrying after 15000ms: `cy.type()` failed because this element:\n\n`&lt;input class=\&quot;w-full rounded pr-0.5 py-2 outline-none text-sm\&quot; autocomplete=\&quot;off\&quot; placeholder=\&quot;Search for name or email.\&quot; type=\&quot;search\&quot; name=\&quot;search\&quot; value=\&quot;\&quot;&gt;`\n\nis being covered by another element:\n\n`&lt;div class=\&quot;ReactModal__Overlay ReactModal__Overlay--after-open\&quot; style=\&quot;position: fixed; inset: 0px; background: rgba(25, 31, 41, 0.51); z-index: 100;\&quot;&gt;...&lt;/div&gt;`\n\nFix this problem, or use {force: true} to disable error checking.\n\nhttps://on.cypress.io/element-cannot-be-interacted-with&quot;,&quot;estack&quot;:&quot;CypressError: Timed out retrying after 15000ms: `cy.type()` failed because this element:\n\n`&lt;input class=\&quot;w-full rounded pr-0.5 py-2 outline-none text-sm\&quot; autocomplete=\&quot;off\&quot; placeholder=\&quot;Search for name or email.\&quot; type=\&quot;search\&quot; name=\&quot;search\&quot; value=\&quot;\&quot;&gt;`\n\nis being covered by another element:\n\n`&lt;div class=\&quot;ReactModal__Overlay ReactModal__Overlay--after-open\&quot; style=\&quot;position: fixed; inset: 0px; background: rgba(25, 31, 41, 0.51); z-index: 100;\&quot;&gt;...&lt;/div&gt;`\n\nFix this problem, or use {force: true} to disable error checking.\n\nhttps://on.cypress.io/element-cannot-be-interacted-with\n    at $Cy.ensureDescendents (https://qa.rch.build-release.com/__cypress/runner/cypress_runner.js:162000:78)\n    at ensureDescendents (https://qa.rch.build-release.com/__cypress/runner/cypress_runner.js:147392:8)\n    at ensureDescendentsAndScroll (https://qa.rch.build-release.com/__cypress/runner/cypress_runner.js:147399:14)\n    at ensureElIsNotCovered (https://qa.rch.build-release.com/__cypress/runner/cypress_runner.js:147531:5)\n    at runAllChecks (https://qa.rch.build-release.com/__cypress/runner/cypress_runner.js:147721:52)\n    at retryActionability (https://qa.rch.build-release.com/__cypress/runner/cypress_runner.js:147745:16)\n    at tryCatcher (https://qa.rch.build-release.com/__cypress/runner/cypress_runner.js:13012:23)\n    at Function.Promise.attempt.Promise.try (https://qa.rch.build-release.com/__cypress/runner/cypress_runner.js:10286:29)\n    at whenStable (https://qa.rch.build-release.com/__cypress/runner/cypress_runner.js:166930:65)\n    at https://qa.rch.build-release.com/__cypress/runner/cypress_runner.js:166385:14\n    at tryCatcher (https://qa.rch.build-release.com/__cypress/runner/cypress_runner.js:13012:23)\n    at Promise._settlePromiseFromHandler (https://qa.rch.build-release.com/__cypress/runner/cypress_runner.js:10947:31)\n    at Promise._settlePromise (https://qa.rch.build-release.com/__cypress/runner/cypress_runner.js:11004:18)\n    at Promise._settlePromise0 (https://qa.rch.build-release.com/__cypress/runner/cypress_runner.js:11049:10)\n    at Promise._settlePromises (https://qa.rch.build-release.com/__cypress/runner/cypress_runner.js:11129:18)\n    at Promise._fulfill (https://qa.rch.build-release.com/__cypress/runner/cypress_runner.js:11073:18)\n    at https://qa.rch.build-release.com/__cypress/runner/cypress_runner.js:12687:46\nFrom Your Spec Code:\n    at Context.eval (https://qa.rch.build-release.com/__cypress/tests?p=cypress\\e2e\\Admin_Testcases\\15_BookAppointmet.spec.js:165:62)&quot;},&quot;uuid&quot;:&quot;b1caa1bc-eac4-42f9-9b36-521dd9995a37&quot;,&quot;parentUUID&quot;:&quot;66f5f2a8-a4a3-4e66-a2f8-e18c4f6afd26&quot;,&quot;isHook&quot;:false,&quot;skipped&quot;:false},{&quot;title&quot;:&quot;After selcecting the required service/services and clicking on Clicking on \&quot;Continue\&quot; button, user should be navigated to the \&quot;Select Patient\&quot; page.&quot;,&quot;fullTitle&quot;:&quot;Book Appointment module testcases After selcecting the required service/services and clicking on Clicking on \&quot;Continue\&quot; button, user should be navigated to the \&quot;Select Patient\&quot; page.&quot;,&quot;duration&quot;:16491,&quot;state&quot;:&quot;failed&quot;,&quot;pass&quot;:false,&quot;fail&quot;:true,&quot;pending&quot;:false,&quot;code&quot;:&quot;cy.xpath(&#x27;//div[4]/div[1]/div[1]/div[1]/div[1]/input[1]&#x27;).should(&#x27;be.visible&#x27;).should(&#x27;not.be.checked&#x27;).check({\n  force: true\n});\ncy.xpath(&#x27;//div[5]/div[1]/div[1]/div[1]/div[1]/input[1]&#x27;).should(&#x27;be.visible&#x27;).should(&#x27;not.be.checked&#x27;).check({\n  force: true\n});\ncy.wait(2000);\ncy.xpath(&#x27;//div[contains(text(),\&quot;Con\&quot;)]&#x27;).should(&#x27;be.visible&#x27;).should(&#x27;have.text&#x27;, &#x27;Continue&#x27;).click();\ncy.wait(4000);\ncy.xpath(&#x27;//span[contains(text(),\&quot;self\&quot;)]&#x27;).should(&#x27;be.visible&#x27;).should(&#x27;have.text&#x27;, &#x27;self&#x27;);&quot;,&quot;err&quot;:{&quot;message&quot;:&quot;AssertionError: Timed out retrying after 15000ms: Expected to find element: `//div[4]/div[1]/div[1]/div[1]/div[1]/input[1]`, but never found it.&quot;,&quot;estack&quot;:&quot;AssertionError: Timed out retrying after 15000ms: Expected to find element: `//div[4]/div[1]/div[1]/div[1]/div[1]/input[1]`, but never found it.\n    at Context.eval (https://qa.rch.build-release.com/__cypress/tests?p=cypress\\e2e\\Admin_Testcases\\15_BookAppointmet.spec.js:175:63)&quot;},&quot;uuid&quot;:&quot;d45de4a3-be66-4eab-bf6f-694d916f84cf&quot;,&quot;parentUUID&quot;:&quot;66f5f2a8-a4a3-4e66-a2f8-e18c4f6afd26&quot;,&quot;isHook&quot;:false,&quot;skipped&quot;:false},{&quot;title&quot;:&quot;At \&quot;Select Patient\&quot; page each label and field should have proper label and validations&quot;,&quot;fullTitle&quot;:&quot;Book Appointment module testcases At \&quot;Select Patient\&quot; page each label and field should have proper label and validations&quot;,&quot;duration&quot;:16889,&quot;state&quot;:&quot;failed&quot;,&quot;pass&quot;:false,&quot;fail&quot;:true,&quot;pending&quot;:false,&quot;code&quot;:&quot;cy.xpath(&#x27;//span[contains(text(),\&quot;self\&quot;)]&#x27;).should(&#x27;be.visible&#x27;).should(&#x27;have.text&#x27;, &#x27;self&#x27;);\ncy.xpath(&#x27;//div[contains(text(),\&quot;Date\&quot;)]&#x27;).should(&#x27;be.visible&#x27;).should(&#x27;have.text&#x27;, &#x27;Date of Birth&#x27;);\ncy.xpath(&#x27;//div[contains(text(),\&quot;Gender\&quot;)]&#x27;).should(&#x27;be.visible&#x27;).should(&#x27;have.text&#x27;, &#x27;Gender&#x27;);\ncy.xpath(&#x27;//div[contains(text(),\&quot;Please\&quot;)]&#x27;).should(&#x27;be.visible&#x27;).should(&#x27;have.text&#x27;, &#x27;Please describe your primary symptomsâ€¦&#x27;);\ncy.xpath(&#x27;//textarea[@label=\&quot;primary.symptoms\&quot;]&#x27;).should(&#x27;be.visible&#x27;); // cy.xpath(&#x27;//input[@name=\&quot;patients[0].image1\&quot;]&#x27;).should(&#x27;be.visible&#x27;)\n// cy.xpath(&#x27;//input[@name=\&quot;patients[0].image2\&quot;]&#x27;).should(&#x27;be.visible&#x27;)\ncy.xpath(&#x27;//div[contains(text(),\&quot;Add A\&quot;)]&#x27;).should(&#x27;be.visible&#x27;).should(&#x27;have.text&#x27;, &#x27;Add Another Family Member&#x27;);\ncy.xpath(&#x27;//div[contains(text(),\&quot;Con\&quot;)]&#x27;).should(&#x27;be.visible&#x27;).should(&#x27;have.text&#x27;, &#x27;Continue&#x27;).click();\ncy.wait(2000);\ncy.xpath(&#x27;//span[contains(text(),\&quot;required\&quot;)]&#x27;).should(&#x27;be.visible&#x27;).should(&#x27;have.text&#x27;, &#x27;Primary Symptoms are required&#x27;);&quot;,&quot;err&quot;:{&quot;message&quot;:&quot;AssertionError: Timed out retrying after 15000ms: Expected to find element: `//span[contains(text(),\&quot;self\&quot;)]`, but never found it.&quot;,&quot;estack&quot;:&quot;AssertionError: Timed out retrying after 15000ms: Expected to find element: `//span[contains(text(),\&quot;self\&quot;)]`, but never found it.\n    at Context.eval (https://qa.rch.build-release.com/__cypress/tests?p=cypress\\e2e\\Admin_Testcases\\15_BookAppointmet.spec.js:187:49)&quot;},&quot;uuid&quot;:&quot;1c4fd5c8-109b-45aa-858b-2e304a3cee79&quot;,&quot;parentUUID&quot;:&quot;66f5f2a8-a4a3-4e66-a2f8-e18c4f6afd26&quot;,&quot;isHook&quot;:false,&quot;skipped&quot;:false},{&quot;title&quot;:&quot;As a Admin the user should can add another member by clicking on \&quot;Add Another Family Member\&quot; button on \&quot;Select Patient\&quot; page.&quot;,&quot;fullTitle&quot;:&quot;Book Appointment module testcases As a Admin the user should can add another member by clicking on \&quot;Add Another Family Member\&quot; button on \&quot;Select Patient\&quot; page.&quot;,&quot;duration&quot;:16074,&quot;state&quot;:&quot;failed&quot;,&quot;pass&quot;:false,&quot;fail&quot;:true,&quot;pending&quot;:false,&quot;code&quot;:&quot;cy.xpath(&#x27;//div[contains(text(),\&quot;Add A\&quot;)]&#x27;).should(&#x27;be.visible&#x27;).should(&#x27;have.text&#x27;, &#x27;Add Another Family Member&#x27;).click();\ncy.wait(4000);\ncy.xpath(&#x27;//div[@class=\&quot;font-bold text-primary\&quot;]&#x27;).should(&#x27;be.visible&#x27;).should(&#x27;have.text&#x27;, &#x27;Add Minor &amp; Symptoms&#x27;);\ncy.addfamilymember();\ncy.wait(4000);&quot;,&quot;err&quot;:{&quot;message&quot;:&quot;AssertionError: Timed out retrying after 15000ms: Expected to find element: `//div[contains(text(),\&quot;Add A\&quot;)]`, but never found it.&quot;,&quot;estack&quot;:&quot;AssertionError: Timed out retrying after 15000ms: Expected to find element: `//div[contains(text(),\&quot;Add A\&quot;)]`, but never found it.\n    at Context.eval (https://qa.rch.build-release.com/__cypress/tests?p=cypress\\e2e\\Admin_Testcases\\15_BookAppointmet.spec.js:200:49)&quot;},&quot;uuid&quot;:&quot;022be383-a228-4036-882c-c651fa780318&quot;,&quot;parentUUID&quot;:&quot;66f5f2a8-a4a3-4e66-a2f8-e18c4f6afd26&quot;,&quot;isHook&quot;:false,&quot;skipped&quot;:false},{&quot;title&quot;:&quot;After Selecting patients,adding primary symptoms and clicking on \&quot;Continue\&quot; button, the user should be navigated to the \&quot;Date&amp;Time\&quot; page.&quot;,&quot;fullTitle&quot;:&quot;Book Appointment module testcases After Selecting patients,adding primary symptoms and clicking on \&quot;Continue\&quot; button, the user should be navigated to the \&quot;Date&amp;Time\&quot; page.&quot;,&quot;duration&quot;:15729,&quot;state&quot;:&quot;failed&quot;,&quot;pass&quot;:false,&quot;fail&quot;:true,&quot;pending&quot;:false,&quot;code&quot;:&quot;cy.xpath(&#x27;//form[1]/div[1]/div[2]/div[1]/div[1]&#x27;).should(&#x27;be.visible&#x27;).click();\ncy.contains(&#x27;You have selected Single Type of Service&#x27;);\ncy.get(&#x27;.cursor-pointer &gt; .w-8&#x27;).should(&#x27;be.visible&#x27;).click();\ncy.wait(4000);\ncy.xpath(&#x27;//input[@type=\&quot;search\&quot;]&#x27;).should(&#x27;be.visible&#x27;).type(&#x27;In-home covid&#x27;);\ncy.wait(4000);\ncy.xpath(&#x27;//div[1]/div[1]/div[1]/div[1]/div[1]/input[1]&#x27;).should(&#x27;be.visible&#x27;).should(&#x27;not.be.checked&#x27;).check();\ncy.xpath(&#x27;//div[2]/div[1]/div[1]/div[1]/div[1]/input[1]&#x27;).should(&#x27;be.visible&#x27;).should(&#x27;not.be.checked&#x27;).check();\ncy.xpath(&#x27;//div[contains(text(),\&quot;Con\&quot;)]&#x27;).should(&#x27;be.visible&#x27;).should(&#x27;have.text&#x27;, &#x27;Continue&#x27;).click();\ncy.wait(4000);\ncy.xpath(&#x27;//div[1]/div[1]/div[2]/div[2]/div/div/div/textarea&#x27;).should(&#x27;be.visible&#x27;).type(&#x27;Fever&#x27;);\ncy.xpath(&#x27;//input[@name=\&quot;patients[0].image1\&quot;]&#x27;).attachFile(&#x27;image1.jpg&#x27;);\ncy.wait(2000);\ncy.xpath(&#x27;//input[@name=\&quot;patients[0].image2\&quot;]&#x27;).attachFile(&#x27;image2.jpg&#x27;);\ncy.wait(2000); // cy.xpath(&#x27;//form[1]/div[1]/div[2]/div[1]/div[1]&#x27;).should(&#x27;be.visible&#x27;).click()\ncy.xpath(&#x27;//div[2]/div[1]/div[2]/div[2]/div/div/div/textarea&#x27;).should(&#x27;be.visible&#x27;).clear().type(&#x27;puking&#x27;);\ncy.xpath(&#x27;//input[@name=\&quot;patients[1].image1\&quot;]&#x27;).attachFile(&#x27;image3.jpg&#x27;);\ncy.wait(2000);\ncy.xpath(&#x27;//input[@name=\&quot;patients[1].image2\&quot;]&#x27;).attachFile(&#x27;image4.jpg&#x27;);\ncy.wait(2000);\ncy.xpath(&#x27;//div[contains(text(),\&quot;Con\&quot;)]&#x27;).should(&#x27;be.visible&#x27;).should(&#x27;have.text&#x27;, &#x27;Continue&#x27;).click();\ncy.wait(4000);\ncy.xpath(&#x27;//div[contains(text(),\&quot;Preferred A\&quot;)]&#x27;).should(&#x27;be.visible&#x27;).should(&#x27;have.text&#x27;, &#x27;Preferred Appointment Date&#x27;);&quot;,&quot;err&quot;:{&quot;message&quot;:&quot;AssertionError: Timed out retrying after 15000ms: Expected to find element: `//form[1]/div[1]/div[2]/div[1]/div[1]`, but never found it.&quot;,&quot;estack&quot;:&quot;AssertionError: Timed out retrying after 15000ms: Expected to find element: `//form[1]/div[1]/div[2]/div[1]/div[1]`, but never found it.\n    at Context.eval (https://qa.rch.build-release.com/__cypress/tests?p=cypress\\e2e\\Admin_Testcases\\15_BookAppointmet.spec.js:207:55)&quot;},&quot;uuid&quot;:&quot;d3bf1187-b72e-47bb-8e88-dd1e77f1cabf&quot;,&quot;parentUUID&quot;:&quot;66f5f2a8-a4a3-4e66-a2f8-e18c4f6afd26&quot;,&quot;isHook&quot;:false,&quot;skipped&quot;:false},{&quot;title&quot;:&quot;At \&quot;Date&amp;Time\&quot; page each label and field should have proper label and validations&quot;,&quot;fullTitle&quot;:&quot;Book Appointment module testcases At \&quot;Date&amp;Time\&quot; page each label and field should have proper label and validations&quot;,&quot;duration&quot;:15517,&quot;state&quot;:&quot;failed&quot;,&quot;pass&quot;:false,&quot;fail&quot;:true,&quot;pending&quot;:false,&quot;code&quot;:&quot;cy.xpath(&#x27;//div[contains(text(),\&quot;Preferred A\&quot;)]&#x27;).should(&#x27;be.visible&#x27;).should(&#x27;have.text&#x27;, &#x27;Preferred Appointment Date&#x27;);\ncy.xpath(&#x27;//input[@type=\&quot;text\&quot;]&#x27;).should(&#x27;be.visible&#x27;);\ncy.xpath(&#x27;//div[contains(text(),\&quot;T\&quot;)]&#x27;).should(&#x27;be.visible&#x27;).should(&#x27;have.text&#x27;, &#x27;Preferred Time Slot&#x27;);\ncy.xpath(&#x27;//input[@name=\&quot;MORNING\&quot;]&#x27;).should(&#x27;be.visible&#x27;).should(&#x27;not.be.checked&#x27;);\ncy.xpath(&#x27;//label[@for=\&quot;MORNING\&quot;]&#x27;).should(&#x27;be.visible&#x27;).should(&#x27;have.text&#x27;, &#x27;Morning&#x27;);\ncy.xpath(&#x27;//input[@name=\&quot;AFTERNOON\&quot;]&#x27;).should(&#x27;be.visible&#x27;).should(&#x27;not.be.checked&#x27;);\ncy.xpath(&#x27;//label[@for=\&quot;AFTERNOON\&quot;]&#x27;).should(&#x27;be.visible&#x27;).should(&#x27;have.text&#x27;, &#x27;Afternoon&#x27;);\ncy.xpath(&#x27;//input[@name=\&quot;EVENING\&quot;]&#x27;).should(&#x27;be.visible&#x27;).should(&#x27;not.be.checked&#x27;);\ncy.xpath(&#x27;//label[@for=\&quot;EVENING\&quot;]&#x27;).should(&#x27;be.visible&#x27;).should(&#x27;have.text&#x27;, &#x27;Evening&#x27;);\ncy.xpath(&#x27;//input[@name=\&quot;ASAP\&quot;]&#x27;).should(&#x27;be.visible&#x27;).should(&#x27;not.be.checked&#x27;);\ncy.xpath(&#x27;//label[@for=\&quot;ASAP\&quot;]&#x27;).should(&#x27;be.visible&#x27;).should(&#x27;have.text&#x27;, &#x27;ASAP&#x27;);\ncy.xpath(&#x27;//div[contains(text(),\&quot;Service A\&quot;)]&#x27;).should(&#x27;be.visible&#x27;).should(&#x27;have.text&#x27;, &#x27;Service Address&#x27;);\ncy.xpath(&#x27;//div[2]/div[2]/div[1]/div[2]/*[1]&#x27;).should(&#x27;be.visible&#x27;);\ncy.xpath(&#x27;//div[contains(text(),\&quot;Ed\&quot;)]&#x27;).should(&#x27;be.visible&#x27;).should(&#x27;have.text&#x27;, &#x27;Edit&#x27;);\ncy.xpath(&#x27;//button[@textid=\&quot;book.appointment\&quot;]&#x27;).should(&#x27;be.visible&#x27;).should(&#x27;have.text&#x27;, &#x27;Book Appointment&#x27;).click();\ncy.contains(&#x27;Preferred Appointment Date is required.&#x27;);\ncy.contains(&#x27;Preferred Time Slot is required.&#x27;);\ncy.xpath(&#x27;//input[@name=\&quot;ASAP\&quot;]&#x27;).should(&#x27;be.visible&#x27;).should(&#x27;not.be.checked&#x27;).check();\ncy.wait(2000);\ncy.xpath(&#x27;//input[@name=\&quot;MORNING\&quot;]&#x27;).should(&#x27;be.visible&#x27;).should(&#x27;not.be.checked&#x27;).should(&#x27;be.disabled&#x27;);\ncy.xpath(&#x27;//input[@name=\&quot;AFTERNOON\&quot;]&#x27;).should(&#x27;be.visible&#x27;).should(&#x27;not.be.checked&#x27;).should(&#x27;be.disabled&#x27;);\ncy.xpath(&#x27;//input[@name=\&quot;EVENING\&quot;]&#x27;).should(&#x27;be.visible&#x27;).should(&#x27;not.be.checked&#x27;).should(&#x27;be.disabled&#x27;);\ncy.xpath(&#x27;//input[@name=\&quot;ASAP\&quot;]&#x27;).should(&#x27;be.visible&#x27;).uncheck();\ncy.wait(2000);\ncy.xpath(&#x27;//input[@name=\&quot;AFTERNOON\&quot;]&#x27;).should(&#x27;be.visible&#x27;).should(&#x27;not.be.checked&#x27;).check();\ncy.xpath(&#x27;//input[@name=\&quot;EVENING\&quot;]&#x27;).should(&#x27;be.visible&#x27;).should(&#x27;not.be.checked&#x27;).check();\ncy.xpath(&#x27;//input[@name=\&quot;MORNING\&quot;]&#x27;).should(&#x27;be.visible&#x27;).should(&#x27;not.be.checked&#x27;).should(&#x27;be.disabled&#x27;);\ncy.xpath(&#x27;//input[@name=\&quot;ASAP\&quot;]&#x27;).should(&#x27;be.visible&#x27;).should(&#x27;not.be.checked&#x27;).check();\ncy.wait(2000);\ncy.xpath(&#x27;//input[@name=\&quot;ASAP\&quot;]&#x27;).should(&#x27;be.visible&#x27;).uncheck();\ncy.wait(2000);&quot;,&quot;err&quot;:{&quot;message&quot;:&quot;AssertionError: Timed out retrying after 15000ms: Expected to find element: `//div[contains(text(),\&quot;Preferred A\&quot;)]`, but never found it.&quot;,&quot;estack&quot;:&quot;AssertionError: Timed out retrying after 15000ms: Expected to find element: `//div[contains(text(),\&quot;Preferred A\&quot;)]`, but never found it.\n    at Context.eval (https://qa.rch.build-release.com/__cypress/tests?p=cypress\\e2e\\Admin_Testcases\\15_BookAppointmet.spec.js:233:55)&quot;},&quot;uuid&quot;:&quot;de548f32-cddc-41a5-ab13-57242a34a132&quot;,&quot;parentUUID&quot;:&quot;66f5f2a8-a4a3-4e66-a2f8-e18c4f6afd26&quot;,&quot;isHook&quot;:false,&quot;skipped&quot;:false},{&quot;title&quot;:&quot;As a Admin the user should be navigated to the service address edit page by clicking on edit symbol against the service address&quot;,&quot;fullTitle&quot;:&quot;Book Appointment module testcases As a Admin the user should be navigated to the service address edit page by clicking on edit symbol against the service address&quot;,&quot;duration&quot;:15789,&quot;state&quot;:&quot;failed&quot;,&quot;pass&quot;:false,&quot;fail&quot;:true,&quot;pending&quot;:false,&quot;code&quot;:&quot;cy.xpath(&#x27;//div[contains(text(),\&quot;Ed\&quot;)]&#x27;).should(&#x27;be.visible&#x27;).should(&#x27;have.text&#x27;, &#x27;Edit&#x27;).click();\ncy.wait(4000);\ncy.xpath(&#x27;//div[@class=\&quot;font-bold text-primary\&quot;]&#x27;).should(&#x27;be.visible&#x27;).should(&#x27;have.text&#x27;, &#x27;Edit Address&#x27;);&quot;,&quot;err&quot;:{&quot;message&quot;:&quot;AssertionError: Timed out retrying after 15000ms: Expected to find element: `//div[contains(text(),\&quot;Ed\&quot;)]`, but never found it.&quot;,&quot;estack&quot;:&quot;AssertionError: Timed out retrying after 15000ms: Expected to find element: `//div[contains(text(),\&quot;Ed\&quot;)]`, but never found it.\n    at Context.eval (https://qa.rch.build-release.com/__cypress/tests?p=cypress\\e2e\\Admin_Testcases\\15_BookAppointmet.spec.js:266:46)&quot;},&quot;uuid&quot;:&quot;fb4d44c5-b501-48f6-8d80-d12543def6a7&quot;,&quot;parentUUID&quot;:&quot;66f5f2a8-a4a3-4e66-a2f8-e18c4f6afd26&quot;,&quot;isHook&quot;:false,&quot;skipped&quot;:false},{&quot;title&quot;:&quot;As a Admin the user can able to close the Edit service Address window by Clicking on the cross icon&quot;,&quot;fullTitle&quot;:&quot;Book Appointment module testcases As a Admin the user can able to close the Edit service Address window by Clicking on the cross icon&quot;,&quot;duration&quot;:15717,&quot;state&quot;:&quot;failed&quot;,&quot;pass&quot;:false,&quot;fail&quot;:true,&quot;pending&quot;:false,&quot;code&quot;:&quot;cy.get(&#x27;div.hidden&gt;div:nth-child(1)&gt;svg&#x27;).should(&#x27;be.visible&#x27;).click();\ncy.wait(2000);\ncy.xpath(&#x27;//div[contains(text(),\&quot;Ed\&quot;)]&#x27;).should(&#x27;be.visible&#x27;).should(&#x27;have.text&#x27;, &#x27;Edit&#x27;).click();\ncy.wait(4000);\ncy.xpath(&#x27;//div[@class=\&quot;font-bold text-primary\&quot;]&#x27;).should(&#x27;be.visible&#x27;).should(&#x27;have.text&#x27;, &#x27;Edit Address&#x27;);&quot;,&quot;err&quot;:{&quot;message&quot;:&quot;AssertionError: Timed out retrying after 15000ms: expected &#x27;&lt;svg.w-6.h-6.text-primary.cursor-pointer&gt;&#x27; to be &#x27;visible&#x27;\n\nThis element `&lt;svg.w-6.h-6.text-primary.cursor-pointer&gt;` is not visible because it has CSS property: `position: fixed` and it&#x27;s being covered by another element:\n\n`&lt;div class=\&quot;ReactModal__Overlay ReactModal__Overlay--after-open\&quot; style=\&quot;position: fixed; inset: 0px; background: rgba(25, 31, 41, 0.51); z-index: 100;\&quot;&gt;...&lt;/div&gt;`&quot;,&quot;estack&quot;:&quot;AssertionError: Timed out retrying after 15000ms: expected &#x27;&lt;svg.w-6.h-6.text-primary.cursor-pointer&gt;&#x27; to be &#x27;visible&#x27;\n\nThis element `&lt;svg.w-6.h-6.text-primary.cursor-pointer&gt;` is not visible because it has CSS property: `position: fixed` and it&#x27;s being covered by another element:\n\n`&lt;div class=\&quot;ReactModal__Overlay ReactModal__Overlay--after-open\&quot; style=\&quot;position: fixed; inset: 0px; background: rgba(25, 31, 41, 0.51); z-index: 100;\&quot;&gt;...&lt;/div&gt;`\n    at Context.eval (https://qa.rch.build-release.com/__cypress/tests?p=cypress\\e2e\\Admin_Testcases\\15_BookAppointmet.spec.js:271:47)&quot;},&quot;uuid&quot;:&quot;c8bccdad-f66a-4526-af96-8edcddfdf54f&quot;,&quot;parentUUID&quot;:&quot;66f5f2a8-a4a3-4e66-a2f8-e18c4f6afd26&quot;,&quot;isHook&quot;:false,&quot;skipped&quot;:false},{&quot;title&quot;:&quot;At \&quot;Service Address\&quot; Edit window each label and field should have proper label and validations&quot;,&quot;fullTitle&quot;:&quot;Book Appointment module testcases At \&quot;Service Address\&quot; Edit window each label and field should have proper label and validations&quot;,&quot;duration&quot;:15698,&quot;state&quot;:&quot;failed&quot;,&quot;pass&quot;:false,&quot;fail&quot;:true,&quot;pending&quot;:false,&quot;code&quot;:&quot;cy.xpath(&#x27;//div[@class=\&quot;font-bold text-primary\&quot;]&#x27;).should(&#x27;be.visible&#x27;).should(&#x27;have.text&#x27;, &#x27;Edit Address&#x27;);\ncy.get(&#x27;div.hidden&gt;div:nth-child(1)&gt;svg&#x27;).should(&#x27;be.visible&#x27;);\ncy.xpath(&#x27;//div[1]/div[2]/form[1]/div[1]/div[1]/label[1]/div[1]&#x27;).should(&#x27;be.visible&#x27;).should(&#x27;have.text&#x27;, &#x27;Address Line 1&#x27;);\ncy.xpath(&#x27;//div[1]/div[2]/form[1]/div[1]/div[1]/div[1]/input[1]&#x27;).should(&#x27;be.visible&#x27;);\ncy.xpath(&#x27;//div[1]/div[2]/form[1]/div[2]/div[1]/label[1]/div[1]&#x27;).should(&#x27;be.visible&#x27;).should(&#x27;contain&#x27;, &#x27;Address Line 2&#x27;);\ncy.xpath(&#x27;//div[1]/div[2]/form[1]/div[2]/div[1]/div[1]/input[1]&#x27;).should(&#x27;be.visible&#x27;);\ncy.xpath(&#x27;//div[1]/div[2]/form[1]/div[3]/div[1]/label[1]/div[1]&#x27;).should(&#x27;be.visible&#x27;).should(&#x27;have.text&#x27;, &#x27;Postal Code&#x27;);\ncy.xpath(&#x27;//div[1]/div[2]/form/div[3]/div[1]/div/input&#x27;).should(&#x27;be.visible&#x27;);\ncy.xpath(&#x27;//div[1]/div[2]/form/div[3]/div[2]/label/div&#x27;).should(&#x27;be.visible&#x27;).should(&#x27;have.text&#x27;, &#x27;City&#x27;);\ncy.xpath(&#x27;//div[1]/div[2]/form/div[3]/div[2]/div/input&#x27;).should(&#x27;be.visible&#x27;);\ncy.xpath(&#x27;//div[1]/div[2]/form/div[4]/div/label/div&#x27;).should(&#x27;be.visible&#x27;).should(&#x27;have.text&#x27;, &#x27;State&#x27;);\ncy.xpath(&#x27;//div[1]/div[2]/form/div[4]/div/div/input&#x27;).should(&#x27;be.visible&#x27;);\ncy.xpath(&#x27;//div[1]/div[2]/form/div[5]/button&#x27;).should(&#x27;be.visible&#x27;).should(&#x27;contain&#x27;, &#x27;Save Address&#x27;);&quot;,&quot;err&quot;:{&quot;message&quot;:&quot;AssertionError: Timed out retrying after 15000ms: expected &#x27;&lt;div.font-bold.text-primary&gt;&#x27; to be &#x27;visible&#x27;\n\nThis element `&lt;div.font-bold.text-primary&gt;` is not visible because it has CSS property: `position: fixed` and it&#x27;s being covered by another element:\n\n`&lt;div class=\&quot;ReactModal__Overlay ReactModal__Overlay--after-open\&quot; style=\&quot;position: fixed; inset: 0px; background: rgba(25, 31, 41, 0.51); z-index: 100;\&quot;&gt;...&lt;/div&gt;`&quot;,&quot;estack&quot;:&quot;AssertionError: Timed out retrying after 15000ms: expected &#x27;&lt;div.font-bold.text-primary&gt;&#x27; to be &#x27;visible&#x27;\n\nThis element `&lt;div.font-bold.text-primary&gt;` is not visible because it has CSS property: `position: fixed` and it&#x27;s being covered by another element:\n\n`&lt;div class=\&quot;ReactModal__Overlay ReactModal__Overlay--after-open\&quot; style=\&quot;position: fixed; inset: 0px; background: rgba(25, 31, 41, 0.51); z-index: 100;\&quot;&gt;...&lt;/div&gt;`\n    at Context.eval (https://qa.rch.build-release.com/__cypress/tests?p=cypress\\e2e\\Admin_Testcases\\15_BookAppointmet.spec.js:278:56)&quot;},&quot;uuid&quot;:&quot;77985fcb-90b9-4ced-ac93-02d872e13264&quot;,&quot;parentUUID&quot;:&quot;66f5f2a8-a4a3-4e66-a2f8-e18c4f6afd26&quot;,&quot;isHook&quot;:false,&quot;skipped&quot;:false},{&quot;title&quot;:&quot;After editing the address and clicking on save address button the user should able to save the service address&quot;,&quot;fullTitle&quot;:&quot;Book Appointment module testcases After editing the address and clicking on save address button the user should able to save the service address&quot;,&quot;duration&quot;:15694,&quot;state&quot;:&quot;failed&quot;,&quot;pass&quot;:false,&quot;fail&quot;:true,&quot;pending&quot;:false,&quot;code&quot;:&quot;cy.xpath(&#x27;//div[1]/div[2]/form[1]/div[1]/div[1]/div[1]/input[1]&#x27;).should(&#x27;be.visible&#x27;).clear().type(&#x27;plot no 75&#x27;);\ncy.xpath(&#x27;//div[1]/div[2]/form/div[3]/div[1]/div/input&#x27;).should(&#x27;be.visible&#x27;).clear().type(&#x27;54456&#x27;);\ncy.xpath(&#x27;//div[1]/div[2]/form[1]/div[2]/div[1]/div[1]/input[1]&#x27;).should(&#x27;be.visible&#x27;).clear().type(&#x27;park lane&#x27;);\ncy.wait(2000);\ncy.xpath(&#x27;//div[1]/div[2]/form/div[5]/button&#x27;).should(&#x27;be.visible&#x27;).should(&#x27;contain&#x27;, &#x27;Save Address&#x27;).click();\ncy.wait(2000);\ncy.xpath(&#x27;//div[2]/span&#x27;).should(&#x27;be.visible&#x27;).should(&#x27;contain&#x27;, &#x27;plot no 75&#x27;);\ncy.xpath(&#x27;//div[2]/span&#x27;).should(&#x27;be.visible&#x27;).should(&#x27;contain&#x27;, &#x27;park lane&#x27;);\ncy.xpath(&#x27;//div[2]/span&#x27;).should(&#x27;be.visible&#x27;).should(&#x27;contain&#x27;, &#x27;NEILLSVILLE&#x27;);&quot;,&quot;err&quot;:{&quot;message&quot;:&quot;AssertionError: Timed out retrying after 15000ms: Expected to find element: `//div[1]/div[2]/form[1]/div[1]/div[1]/div[1]/input[1]`, but never found it.&quot;,&quot;estack&quot;:&quot;AssertionError: Timed out retrying after 15000ms: Expected to find element: `//div[1]/div[2]/form[1]/div[1]/div[1]/div[1]/input[1]`, but never found it.\n    at Context.eval (https://qa.rch.build-release.com/__cypress/tests?p=cypress\\e2e\\Admin_Testcases\\15_BookAppointmet.spec.js:293:71)&quot;},&quot;uuid&quot;:&quot;d0e048ca-6f73-4b70-a140-e96420e40f4a&quot;,&quot;parentUUID&quot;:&quot;66f5f2a8-a4a3-4e66-a2f8-e18c4f6afd26&quot;,&quot;isHook&quot;:false,&quot;skipped&quot;:false},{&quot;title&quot;:&quot;As a Admin the user can able select the appointment date by clicking on calendar icon against the preferred appointment date field.&quot;,&quot;fullTitle&quot;:&quot;Book Appointment module testcases As a Admin the user can able select the appointment date by clicking on calendar icon against the preferred appointment date field.&quot;,&quot;duration&quot;:998,&quot;state&quot;:&quot;failed&quot;,&quot;pass&quot;:false,&quot;fail&quot;:true,&quot;pending&quot;:false,&quot;code&quot;:&quot;cy.xpath(&#x27;//input[@type=\&quot;text\&quot;]&#x27;).should(&#x27;be.visible&#x27;).click();\ncy.get(&#x27;.react-datepicker__day--today&#x27;).click();&quot;,&quot;err&quot;:{&quot;message&quot;:&quot;CypressError: `cy.click()` can only be called on a single element. Your subject contained 4 elements. Pass `{ multiple: true }` if you want to serially click each element.\n\nhttps://on.cypress.io/click&quot;,&quot;estack&quot;:&quot;CypressError: `cy.click()` can only be called on a single element. Your subject contained 4 elements. Pass `{ multiple: true }` if you want to serially click each element.\n\nhttps://on.cypress.io/click\n    at mouseAction (https://qa.rch.build-release.com/__cypress/runner/cypress_runner.js:149685:76)\n    at Context.click (https://qa.rch.build-release.com/__cypress/runner/cypress_runner.js:149864:14)\n    at Context.&lt;anonymous&gt; (https://qa.rch.build-release.com/__cypress/runner/cypress_runner.js:171662:19)\nFrom Your Spec Code:\n    at Context.eval (https://qa.rch.build-release.com/__cypress/tests?p=cypress\\e2e\\Admin_Testcases\\15_BookAppointmet.spec.js:304:60)&quot;},&quot;uuid&quot;:&quot;cc616297-3d2c-4933-8eba-7e0e6d815e1c&quot;,&quot;parentUUID&quot;:&quot;66f5f2a8-a4a3-4e66-a2f8-e18c4f6afd26&quot;,&quot;isHook&quot;:false,&quot;skipped&quot;:false},{&quot;title&quot;:&quot;As a Admin the user can able to select the appointment time by checking the check boxes in preferred time slot.&quot;,&quot;fullTitle&quot;:&quot;Book Appointment module testcases As a Admin the user can able to select the appointment time by checking the check boxes in preferred time slot.&quot;,&quot;duration&quot;:15954,&quot;state&quot;:&quot;failed&quot;,&quot;pass&quot;:false,&quot;fail&quot;:true,&quot;pending&quot;:false,&quot;code&quot;:&quot;cy.xpath(&#x27;//input[@name=\&quot;EVENING\&quot;]&#x27;).should(&#x27;be.visible&#x27;).should(&#x27;not.be.checked&#x27;).check();\ncy.xpath(&#x27;//input[@name=\&quot;MORNING\&quot;]&#x27;).should(&#x27;be.visible&#x27;).should(&#x27;not.be.checked&#x27;).check();&quot;,&quot;err&quot;:{&quot;message&quot;:&quot;AssertionError: Timed out retrying after 15000ms: Expected to find element: `//input[@name=\&quot;EVENING\&quot;]`, but never found it.&quot;,&quot;estack&quot;:&quot;AssertionError: Timed out retrying after 15000ms: Expected to find element: `//input[@name=\&quot;EVENING\&quot;]`, but never found it.\n    at Context.eval (https://qa.rch.build-release.com/__cypress/tests?p=cypress\\e2e\\Admin_Testcases\\15_BookAppointmet.spec.js:308:42)&quot;},&quot;uuid&quot;:&quot;df00d0a4-8908-4cef-9eaf-09e424c7145e&quot;,&quot;parentUUID&quot;:&quot;66f5f2a8-a4a3-4e66-a2f8-e18c4f6afd26&quot;,&quot;isHook&quot;:false,&quot;skipped&quot;:false},{&quot;title&quot;:&quot;After selecting \&quot;Preferred Date\&quot;, \&quot;Preferred Time\&quot; and clicking on \&quot;Book Appointment\&quot; button the user should get the booking confirmation&quot;,&quot;fullTitle&quot;:&quot;Book Appointment module testcases After selecting \&quot;Preferred Date\&quot;, \&quot;Preferred Time\&quot; and clicking on \&quot;Book Appointment\&quot; button the user should get the booking confirmation&quot;,&quot;duration&quot;:15771,&quot;state&quot;:&quot;failed&quot;,&quot;pass&quot;:false,&quot;fail&quot;:true,&quot;pending&quot;:false,&quot;code&quot;:&quot;cy.xpath(&#x27;//button[@textid=\&quot;book.appointment\&quot;]&#x27;).should(&#x27;be.visible&#x27;).should(&#x27;have.text&#x27;, &#x27;Book Appointment&#x27;).click();\ncy.contains(&#x27;Appointment Added successfully &#x27;);\ncy.wait(4000);\ncy.xpath(&#x27;//div[@class=\&quot;font-bold text-primary\&quot;]&#x27;).should(&#x27;be.visible&#x27;).should(&#x27;have.text&#x27;, &#x27;Confirmation&#x27;);&quot;,&quot;err&quot;:{&quot;message&quot;:&quot;AssertionError: Timed out retrying after 15000ms: Expected to find element: `//button[@textid=\&quot;book.appointment\&quot;]`, but never found it.&quot;,&quot;estack&quot;:&quot;AssertionError: Timed out retrying after 15000ms: Expected to find element: `//button[@textid=\&quot;book.appointment\&quot;]`, but never found it.\n    at Context.eval (https://qa.rch.build-release.com/__cypress/tests?p=cypress\\e2e\\Admin_Testcases\\15_BookAppointmet.spec.js:312:54)&quot;},&quot;uuid&quot;:&quot;70a1631a-483b-456b-8403-d67e33b84d5e&quot;,&quot;parentUUID&quot;:&quot;66f5f2a8-a4a3-4e66-a2f8-e18c4f6afd26&quot;,&quot;isHook&quot;:false,&quot;skipped&quot;:false},{&quot;title&quot;:&quot;By clicking on continue button booking confirmation page the user should be navigated to the patients page&quot;,&quot;fullTitle&quot;:&quot;Book Appointment module testcases By clicking on continue button booking confirmation page the user should be navigated to the patients page&quot;,&quot;duration&quot;:15781,&quot;state&quot;:&quot;failed&quot;,&quot;pass&quot;:false,&quot;fail&quot;:true,&quot;pending&quot;:false,&quot;code&quot;:&quot;cy.xpath(&#x27;//div[1]/div[2]/div[3]/button&#x27;).should(&#x27;be.visible&#x27;).should(&#x27;have.text&#x27;, &#x27;Continue&#x27;).click();\ncy.wait(4000);\ncy.url().should(&#x27;contain&#x27;, &#x27;/patients&#x27;);&quot;,&quot;err&quot;:{&quot;message&quot;:&quot;AssertionError: Timed out retrying after 15000ms: Expected to find element: `//div[1]/div[2]/div[3]/button`, but never found it.&quot;,&quot;estack&quot;:&quot;AssertionError: Timed out retrying after 15000ms: Expected to find element: `//div[1]/div[2]/div[3]/button`, but never found it.\n    at Context.eval (https://qa.rch.build-release.com/__cypress/tests?p=cypress\\e2e\\Admin_Testcases\\15_BookAppointmet.spec.js:318:47)&quot;},&quot;uuid&quot;:&quot;ec34408e-f3cd-4342-8475-280d07e4eab5&quot;,&quot;parentUUID&quot;:&quot;66f5f2a8-a4a3-4e66-a2f8-e18c4f6afd26&quot;,&quot;isHook&quot;:false,&quot;skipped&quot;:false},{&quot;title&quot;:&quot;The booked appointment should refelect instantly under apointment page and also on patient side&quot;,&quot;fullTitle&quot;:&quot;Book Appointment module testcases The booked appointment should refelect instantly under apointment page and also on patient side&quot;,&quot;duration&quot;:15827,&quot;state&quot;:&quot;failed&quot;,&quot;pass&quot;:false,&quot;fail&quot;:true,&quot;pending&quot;:false,&quot;code&quot;:&quot;cy.xpath(&#x27;//div[contains(text(),\&quot;Appointments\&quot;)]&#x27;).should(&#x27;be.visible&#x27;).should(&#x27;have.text&#x27;, &#x27;Appointments&#x27;).click();\ncy.wait(4000);\ncy.xpath(&#x27;//tr[1]/td[4]/div/p&#x27;).should(&#x27;be.visible&#x27;).should(&#x27;have.text&#x27;, &#x27;pending approval&#x27;);&quot;,&quot;err&quot;:{&quot;message&quot;:&quot;AssertionError: Timed out retrying after 15000ms: expected &#x27;&lt;div.truncate&gt;&#x27; to be &#x27;visible&#x27;\n\nThis element `&lt;div.truncate&gt;` is not visible because it has CSS property: `position: fixed` and it&#x27;s being covered by another element:\n\n`&lt;div class=\&quot;ReactModal__Overlay ReactModal__Overlay--after-open\&quot; style=\&quot;position: fixed; inset: 0px; background: rgba(25, 31, 41, 0.51); z-index: 100;\&quot;&gt;...&lt;/div&gt;`&quot;,&quot;estack&quot;:&quot;AssertionError: Timed out retrying after 15000ms: expected &#x27;&lt;div.truncate&gt;&#x27; to be &#x27;visible&#x27;\n\nThis element `&lt;div.truncate&gt;` is not visible because it has CSS property: `position: fixed` and it&#x27;s being covered by another element:\n\n`&lt;div class=\&quot;ReactModal__Overlay ReactModal__Overlay--after-open\&quot; style=\&quot;position: fixed; inset: 0px; background: rgba(25, 31, 41, 0.51); z-index: 100;\&quot;&gt;...&lt;/div&gt;`\n    at Context.eval (https://qa.rch.build-release.com/__cypress/tests?p=cypress\\e2e\\Admin_Testcases\\15_BookAppointmet.spec.js:323:56)&quot;},&quot;uuid&quot;:&quot;27056d26-e882-4167-a9a3-d8b87691618d&quot;,&quot;parentUUID&quot;:&quot;66f5f2a8-a4a3-4e66-a2f8-e18c4f6afd26&quot;,&quot;isHook&quot;:false,&quot;skipped&quot;:false},{&quot;title&quot;:&quot;The primary symptoms and Service Address added by the patient should reflect on the appointment name card&quot;,&quot;fullTitle&quot;:&quot;Book Appointment module testcases The primary symptoms and Service Address added by the patient should reflect on the appointment name card&quot;,&quot;duration&quot;:15793,&quot;state&quot;:&quot;failed&quot;,&quot;pass&quot;:false,&quot;fail&quot;:true,&quot;pending&quot;:false,&quot;code&quot;:&quot;cy.xpath(&#x27;//tr[1]/td[8]/div[1]/*[1]&#x27;).scrollIntoView().should(&#x27;be.visible&#x27;).click();\ncy.wait(4000);\ncy.xpath(&#x27;//div[4]/div[2]/div[1]/div/div[2]/div[2]&#x27;).should(&#x27;be.visible&#x27;).should(&#x27;have.text&#x27;, &#x27;Fever&#x27;);\ncy.xpath(&#x27;//div[4]/div[2]/div[2]/div/div[2]/div[2]&#x27;).should(&#x27;be.visible&#x27;).should(&#x27;have.text&#x27;, &#x27;puking&#x27;);\ncy.xpath(&#x27;//div[2]/div[2]/span&#x27;).should(&#x27;be.visible&#x27;).should(&#x27;contain&#x27;, &#x27;MORNING | EVENING&#x27;);\ncy.xpath(&#x27;//div[2]/div/div[2]/div[3]/div/span&#x27;).should(&#x27;be.visible&#x27;).should(&#x27;contain&#x27;, &#x27;plot no 75&#x27;);\ncy.xpath(&#x27;//div[2]/div/div[2]/div[3]/div/span&#x27;).should(&#x27;be.visible&#x27;).should(&#x27;contain&#x27;, &#x27;54456&#x27;);\ncy.logout();&quot;,&quot;err&quot;:{&quot;message&quot;:&quot;AssertionError: Timed out retrying after 15000ms: Expected to find element: `//tr[1]/td[8]/div[1]/*[1]`, but never found it.&quot;,&quot;estack&quot;:&quot;AssertionError: Timed out retrying after 15000ms: Expected to find element: `//tr[1]/td[8]/div[1]/*[1]`, but never found it.\n    at Context.eval (https://qa.rch.build-release.com/__cypress/tests?p=cypress\\e2e\\Admin_Testcases\\15_BookAppointmet.spec.js:328:8)&quot;},&quot;uuid&quot;:&quot;175cdf7e-a807-49a0-9d34-af7094085b6f&quot;,&quot;parentUUID&quot;:&quot;66f5f2a8-a4a3-4e66-a2f8-e18c4f6afd26&quot;,&quot;isHook&quot;:false,&quot;skipped&quot;:false}],&quot;suites&quot;:[],&quot;passes&quot;:[],&quot;failures&quot;:[&quot;48a72b28-1f0a-4309-b793-6433dd39cc5e&quot;,&quot;22f93069-8996-4be5-b4e1-71c94de5bc36&quot;,&quot;b1caa1bc-eac4-42f9-9b36-521dd9995a37&quot;,&quot;d45de4a3-be66-4eab-bf6f-694d916f84cf&quot;,&quot;1c4fd5c8-109b-45aa-858b-2e304a3cee79&quot;,&quot;022be383-a228-4036-882c-c651fa780318&quot;,&quot;d3bf1187-b72e-47bb-8e88-dd1e77f1cabf&quot;,&quot;de548f32-cddc-41a5-ab13-57242a34a132&quot;,&quot;fb4d44c5-b501-48f6-8d80-d12543def6a7&quot;,&quot;c8bccdad-f66a-4526-af96-8edcddfdf54f&quot;,&quot;77985fcb-90b9-4ced-ac93-02d872e13264&quot;,&quot;d0e048ca-6f73-4b70-a140-e96420e40f4a&quot;,&quot;cc616297-3d2c-4933-8eba-7e0e6d815e1c&quot;,&quot;df00d0a4-8908-4cef-9eaf-09e424c7145e&quot;,&quot;70a1631a-483b-456b-8403-d67e33b84d5e&quot;,&quot;ec34408e-f3cd-4342-8475-280d07e4eab5&quot;,&quot;27056d26-e882-4167-a9a3-d8b87691618d&quot;,&quot;175cdf7e-a807-49a0-9d34-af7094085b6f&quot;],&quot;pending&quot;:[],&quot;skipped&quot;:[],&quot;duration&quot;:365803,&quot;root&quot;:false,&quot;rootEmpty&quot;:false,&quot;_timeout&quot;:2000}],&quot;passes&quot;:[],&quot;failures&quot;:[],&quot;pending&quot;:[],&quot;skipped&quot;:[],&quot;duration&quot;:0,&quot;root&quot;:true,&quot;rootEmpty&quot;:true,&quot;_timeout&quot;:2000}],&quot;meta&quot;:{&quot;mocha&quot;:{&quot;version&quot;:&quot;7.0.1&quot;},&quot;mochawesome&quot;:{&quot;options&quot;:{&quot;quiet&quot;:false,&quot;reportFilename&quot;:&quot;report&quot;,&quot;saveHtml&quot;:true,&quot;saveJson&quot;:true,&quot;consoleReporter&quot;:&quot;spec&quot;,&quot;useInlineDiffs&quot;:false,&quot;code&quot;:true},&quot;version&quot;:&quot;7.0.1&quot;},&quot;marge&quot;:{&quot;options&quot;:{&quot;reportDir&quot;:&quot;cypress/reports&quot;,&quot;reportFilename&quot;:&quot;report&quot;,&quot;overwrite&quot;:false,&quot;html&quot;:true,&quot;json&quot;:true,&quot;charts&quot;:true},&quot;version&quot;:&quot;6.0.1&quot;}}}" data-config="{&quot;reportFilename&quot;:&quot;report&quot;,&quot;reportDir&quot;:&quot;cypress/reports&quot;,&quot;reportTitle&quot;:&quot;LxMedical&quot;,&quot;reportPageTitle&quot;:&quot;Mochawesome Report&quot;,&quot;inline&quot;:false,&quot;inlineAssets&quot;:false,&quot;cdn&quot;:false,&quot;charts&quot;:true,&quot;enableCharts&quot;:true,&quot;code&quot;:true,&quot;enableCode&quot;:true,&quot;autoOpen&quot;:false,&quot;overwrite&quot;:false,&quot;timestamp&quot;:false,&quot;ts&quot;:false,&quot;showPassed&quot;:true,&quot;showFailed&quot;:true,&quot;showPending&quot;:true,&quot;showSkipped&quot;:false,&quot;showHooks&quot;:&quot;failed&quot;,&quot;saveJson&quot;:true,&quot;saveHtml&quot;:true,&quot;dev&quot;:false,&quot;assetsDir&quot;:&quot;cypress\\reports\\assets&quot;,&quot;jsonFile&quot;:&quot;C:\\LX Medical\\LxMedical\\cypress\\reports\\report.json&quot;,&quot;htmlFile&quot;:&quot;C:\\LX Medical\\LxMedical\\cypress\\reports\\report.html&quot;}"><div id="report"></div><script src="assets\app.js"></script></body></html>