{
  "stats": {
    "suites": 1,
    "tests": 8,
    "passes": 8,
    "pending": 0,
    "failures": 0,
    "start": "2022-04-21T06:48:07.062Z",
    "end": "2022-04-21T06:49:19.166Z",
    "duration": 72104,
    "testsRegistered": 8,
    "passPercent": 100,
    "pendingPercent": 0,
    "other": 0,
    "hasOther": false,
    "skipped": 0,
    "hasSkipped": false
  },
  "results": [
    {
      "uuid": "3884c931-a725-4505-8307-a489232886bd",
      "title": "",
      "fullFile": "cypress/integration/Admin_Testcases/13_PatientChat.spec.js",
      "file": "cypress/integration/Admin_Testcases/13_PatientChat.spec.js",
      "beforeHooks": [],
      "afterHooks": [],
      "tests": [],
      "suites": [
        {
          "uuid": "eefb02bb-8d81-4bd1-8da6-0e6a5d001f7a",
          "title": "Patient Chat module testcases",
          "fullFile": "",
          "file": "",
          "beforeHooks": [],
          "afterHooks": [],
          "tests": [
            {
              "title": "As a Admin the user should be navigated to the patient chat page of any patient by clicking on chats icon against that particular patient",
              "fullTitle": "Patient Chat module testcases As a Admin the user should be navigated to the patient chat page of any patient by clicking on chats icon against that particular patient",
              "timedOut": null,
              "duration": 35397,
              "state": "passed",
              "speed": "slow",
              "pass": true,
              "fail": false,
              "pending": false,
              "context": null,
              "code": "cy.login(cred.email, cred.password);\ncy.url().should('contain', '/dashboard');\ncy.get('.space-y-4 > :nth-child(2)').should('be.visible').should('have.text', 'Patients').click();\ncy.url().should('contain', '/patients');\ncy.AddPatient();\ncy.readFile('cypress/fixtures/provider.json').then(provider => {\n  cy.get('[type=search]').should('be.visible').type(provider.email.toLowerCase());\n  cy.get('tr:nth-child(1)>td:nth-child(2)').should('be.visible').should('have.text', provider.email.toLowerCase());\n  cy.wait(4000);\n});\ncy.get('tr:nth-child(1) > td:nth-child(7) > div>div>img').scrollIntoView().should('be.visible').click();\ncy.url().should('contain', '/chat');",
              "err": {},
              "uuid": "9afa03b5-4c59-4ed5-95a9-8b5bb7f3175a",
              "parentUUID": "eefb02bb-8d81-4bd1-8da6-0e6a5d001f7a",
              "isHook": false,
              "skipped": false
            },
            {
              "title": "At \"Chats\" page each label and field should have proper label and validations",
              "fullTitle": "Patient Chat module testcases At \"Chats\" page each label and field should have proper label and validations",
              "timedOut": null,
              "duration": 2970,
              "state": "passed",
              "speed": "slow",
              "pass": true,
              "fail": false,
              "pending": false,
              "context": null,
              "code": "cy.get('.font-bold').should('be.visible').should('have.text', 'Chat');\ncy.get('.flex-wrap > .h-6').should('be.visible');\ncy.get('div.flex.h-full>div').should('be.visible');\ncy.get('.rounded-3xl').should('be.visible');\ncy.get('.w-full > .cursor-pointer').should('be.visible');",
              "err": {},
              "uuid": "1c8f19af-2ca5-486f-9663-2f0bc4b0aacc",
              "parentUUID": "eefb02bb-8d81-4bd1-8da6-0e6a5d001f7a",
              "isHook": false,
              "skipped": false
            },
            {
              "title": "As a Admin the user should able to send message to the patients",
              "fullTitle": "Patient Chat module testcases As a Admin the user should able to send message to the patients",
              "timedOut": null,
              "duration": 5582,
              "state": "passed",
              "speed": "slow",
              "pass": true,
              "fail": false,
              "pending": false,
              "context": null,
              "code": "cy.get('.w-full > .bg-white').should('be.visible').type('hi');\ncy.wait(2000);\ncy.get('.w-full > .cursor-pointer').should('be.visible').click();\ncy.wait(3000);",
              "err": {},
              "uuid": "748ea3b4-1785-4cc5-84c2-91ba40c434ac",
              "parentUUID": "eefb02bb-8d81-4bd1-8da6-0e6a5d001f7a",
              "isHook": false,
              "skipped": false
            },
            {
              "title": "The message sent by Admin should be received by the Patients",
              "fullTitle": "Patient Chat module testcases The message sent by Admin should be received by the Patients",
              "timedOut": null,
              "duration": 75,
              "state": "passed",
              "speed": "medium",
              "pass": true,
              "fail": false,
              "pending": false,
              "context": null,
              "code": "cy.get('div.pb-6 > div > div > div > div.p-3.rounded-lg.relative.bg-primary.text-white').should('be.visible').should('contain', 'hi');",
              "err": {},
              "uuid": "4f830cea-7d58-4e3c-9699-ac1d0449c70b",
              "parentUUID": "eefb02bb-8d81-4bd1-8da6-0e6a5d001f7a",
              "isHook": false,
              "skipped": false
            },
            {
              "title": "As a Admin the user can able to send the documents and images by clicking on attachments icon",
              "fullTitle": "Patient Chat module testcases As a Admin the user can able to send the documents and images by clicking on attachments icon",
              "timedOut": null,
              "duration": 4261,
              "state": "passed",
              "speed": "slow",
              "pass": true,
              "fail": false,
              "pending": false,
              "context": null,
              "code": "cy.get('.opacity-0').attachFile('faf.jpg');\ncy.wait(2000);\ncy.get('.w-60 > img').should('be.visible');\ncy.get('.opacity-0').attachFile('file.pdf');\ncy.wait(2000);\ncy.get('.pb-6>div>div>div>a>div').should('be.visible');",
              "err": {},
              "uuid": "1c8e4f5a-7821-42af-8fa6-b224bae1483e",
              "parentUUID": "eefb02bb-8d81-4bd1-8da6-0e6a5d001f7a",
              "isHook": false,
              "skipped": false
            },
            {
              "title": "The user should able to see all the chats between the Admin and patients",
              "fullTitle": "Patient Chat module testcases The user should able to see all the chats between the Admin and patients",
              "timedOut": null,
              "duration": 1269,
              "state": "passed",
              "speed": "slow",
              "pass": true,
              "fail": false,
              "pending": false,
              "context": null,
              "code": "cy.get('#chatList>div:nth-child(1)').scrollIntoView().should('be.visible').should('contain', 'hi');\ncy.get('#chatList>div:nth-child(2)').should('be.visible');\ncy.get('#chatList>div:nth-child(3)').should('be.visible');",
              "err": {},
              "uuid": "f625bf63-4e33-4542-8bf8-c7654c23b0aa",
              "parentUUID": "eefb02bb-8d81-4bd1-8da6-0e6a5d001f7a",
              "isHook": false,
              "skipped": false
            },
            {
              "title": "The Admin can see the full length image on a separate window by clicking on that particular image",
              "fullTitle": "Patient Chat module testcases The Admin can see the full length image on a separate window by clicking on that particular image",
              "timedOut": null,
              "duration": 3291,
              "state": "passed",
              "speed": "slow",
              "pass": true,
              "fail": false,
              "pending": false,
              "context": null,
              "code": "cy.get('.w-60 > img').scrollIntoView().should('be.visible').click();\ncy.wait(3000);",
              "err": {},
              "uuid": "9331b81a-5959-42eb-9291-482177b69ad5",
              "parentUUID": "eefb02bb-8d81-4bd1-8da6-0e6a5d001f7a",
              "isHook": false,
              "skipped": false
            },
            {
              "title": "The Admin can open the document in a separate window by clicking on the particular document",
              "fullTitle": "Patient Chat module testcases The Admin can open the document in a separate window by clicking on the particular document",
              "timedOut": null,
              "duration": 9141,
              "state": "passed",
              "speed": "slow",
              "pass": true,
              "fail": false,
              "pending": false,
              "context": null,
              "code": "cy.get('.pb-6>div>div>div>a>div').scrollIntoView().should('be.visible').click();\ncy.wait(3000);\ncy.logout();",
              "err": {},
              "uuid": "52af3357-6979-4520-b0f7-a1a338d47390",
              "parentUUID": "eefb02bb-8d81-4bd1-8da6-0e6a5d001f7a",
              "isHook": false,
              "skipped": false
            }
          ],
          "suites": [],
          "passes": [
            "9afa03b5-4c59-4ed5-95a9-8b5bb7f3175a",
            "1c8f19af-2ca5-486f-9663-2f0bc4b0aacc",
            "748ea3b4-1785-4cc5-84c2-91ba40c434ac",
            "4f830cea-7d58-4e3c-9699-ac1d0449c70b",
            "1c8e4f5a-7821-42af-8fa6-b224bae1483e",
            "f625bf63-4e33-4542-8bf8-c7654c23b0aa",
            "9331b81a-5959-42eb-9291-482177b69ad5",
            "52af3357-6979-4520-b0f7-a1a338d47390"
          ],
          "failures": [],
          "pending": [],
          "skipped": [],
          "duration": 61986,
          "root": false,
          "rootEmpty": false,
          "_timeout": 2000
        }
      ],
      "passes": [],
      "failures": [],
      "pending": [],
      "skipped": [],
      "duration": 0,
      "root": true,
      "rootEmpty": true,
      "_timeout": 2000
    }
  ],
  "meta": {
    "mocha": {
      "version": "7.0.1"
    },
    "mochawesome": {
      "options": {
        "quiet": false,
        "reportFilename": "report",
        "saveHtml": true,
        "saveJson": true,
        "consoleReporter": "spec",
        "useInlineDiffs": false,
        "code": true
      },
      "version": "7.0.1"
    },
    "marge": {
      "options": {
        "reportDir": "cypress/reports",
        "reportFilename": "report",
        "overwrite": false,
        "html": true,
        "json": true,
        "charts": true
      },
      "version": "6.0.1"
    }
  }
}