{
  "stats": {
    "suites": 1,
    "tests": 16,
    "passes": 0,
    "pending": 0,
    "failures": 16,
    "start": "2022-08-08T06:52:05.686Z",
    "end": "2022-08-08T06:56:32.725Z",
    "duration": 267039,
    "testsRegistered": 16,
    "passPercent": 0,
    "pendingPercent": 0,
    "other": 0,
    "hasOther": false,
    "skipped": 0,
    "hasSkipped": false
  },
  "results": [
    {
      "uuid": "6e702a49-4ae9-421b-bf7d-0611623c9eb7",
      "title": "",
      "fullFile": "cypress\\e2e\\Admin_Testcases\\18_Scheduled.spec.js",
      "file": "cypress\\e2e\\Admin_Testcases\\18_Scheduled.spec.js",
      "beforeHooks": [],
      "afterHooks": [],
      "tests": [],
      "suites": [
        {
          "uuid": "c2eff628-ee48-4fc8-b18c-4918934e88ab",
          "title": "Scheduled Appointment Details Test cases",
          "fullFile": "",
          "file": "",
          "beforeHooks": [],
          "afterHooks": [],
          "tests": [
            {
              "title": "As a Admin the user should be navigated to the Appointment Details page of \"Scheduled\" appointment by clicking on the eye icon against that appointment",
              "fullTitle": "Scheduled Appointment Details Test cases As a Admin the user should be navigated to the Appointment Details page of \"Scheduled\" appointment by clicking on the eye icon against that appointment",
              "timedOut": null,
              "duration": 27669,
              "state": "failed",
              "speed": null,
              "pass": false,
              "fail": true,
              "pending": false,
              "context": null,
              "code": "cy.login();\ncy.url().should('contain', '/dashboard');\ncy.xpath('//nav/div[2]/div[2]').should('be.visible').should('have.text', 'Patients').click();\ncy.url().should('contain', '/patients');\ncy.AddPatient();\ncy.readFile('cypress/fixtures/provider.json').then(provider => {\n  cy.xpath('//input[@type=\"search\"]').should('be.visible').type(provider.email.toLowerCase());\n  cy.xpath('//tr[1]/td[2]/div/p').should('be.visible').should('have.text', provider.email.toLowerCase());\n  cy.wait(4000);\n});\ncy.bookappointment();\ncy.xpath('//input[@type=\"search\"]').should('be.visible').clear();\ncy.wait(4000);\ncy.xpath('//nav/div[4]/div[2]').should('be.visible').should('have.text', 'Appointments').click();\ncy.url().should('contain', '/appointments');\ncy.xpath('//div[contains(text(),\"Ad\")]').should('be.visible').should('have.text', 'Add Filter').click();\ncy.wait(3000);\ncy.xpath('//div[contains(text(),\"pe\")]').should('be.visible').should('have.text', 'pending approval').click();\ncy.wait(4000);\ncy.xpath('//tr[1]/td[4]/div/p').should('be.visible').should('have.text', 'pending approval');\ncy.xpath('//tr[1]/td[8]/div[1]/*[1]').scrollIntoView().should('be.visible').click();\ncy.wait(4000);\ncy.xpath('//span[contains(text(),\"pendi\")]').should('be.visible').should('have.text', 'pending approval');\ncy.xpath('//div[contains(text(),\"Acc\")]').should('be.visible').should('have.text', 'Accept').click();\ncy.wait(5000);\ncy.xpath('//span[contains(text(),\"awa\")]').should('be.visible').should('have.text', 'awaiting time');\ncy.xpath('//div[contains(text(),\"As\")]').should('be.visible').should('have.text', 'Assign Provider').click();\ncy.wait(5000);\ncy.xpath('//div[1]/div[2]/form/div[4]/div').should('be.visible').type('Priority customer');\ncy.wait(5000);\ncy.xpath('//div[1]/div[2]/form/div[1]/div[2]/div/div[1]').should('be.visible').click();\ncy.wait(3000);\ncy.get('.css-11unzgr>div:nth-child(1)').click();\ncy.xpath('//div[1]/div[2]/form/div[2]/div[1]/div[1]').should('be.visible').click();\ncy.wait(2000);\ncy.get('.react-datepicker__day--today').scrollIntoView().should('be.visible').click();\ncy.xpath('//div[1]/div[2]/form/div[2]/div[2]/div[1]').should('be.visible').click();\ncy.get('.rc-time-picker-panel-select:nth-child(1)>ul>li:nth-child(2)').scrollIntoView().should('be.visible').click();\ncy.get('.rc-time-picker-panel-select:nth-child(3)>ul>li:nth-child(1)').should('be.visible').click();\ncy.xpath('//div[1]/div[2]/form/div[5]/button').should('be.visible').should('have.text', 'Assign').click();\ncy.wait(5000);\ncy.xpath('//span[contains(text(),\"sche\")]').should('be.visible').should('have.text', 'scheduled');",
              "err": {
                "message": "AssertionError: Timed out retrying after 15000ms: Expected to find element: `.max-w-xs > img`, but never found it.",
                "estack": "AssertionError: Timed out retrying after 15000ms: Expected to find element: `.max-w-xs > img`, but never found it.\n    at Context.eval (https://qa.rch.build-release.com/__cypress/tests?p=cypress\\support\\e2e.js:345:29)",
                "diff": null
              },
              "uuid": "c44afbfb-abf8-4701-a3b2-5c893511ca79",
              "parentUUID": "c2eff628-ee48-4fc8-b18c-4918934e88ab",
              "isHook": false,
              "skipped": false
            },
            {
              "title": "At \"Appointment details\" page each label and field should have proper label and validations",
              "fullTitle": "Scheduled Appointment Details Test cases At \"Appointment details\" page each label and field should have proper label and validations",
              "timedOut": null,
              "duration": 15413,
              "state": "failed",
              "speed": null,
              "pass": false,
              "fail": true,
              "pending": false,
              "context": null,
              "code": "cy.xpath('//div[contains(text(),\"Appointment D\")]').should('be.visible').should('have.text', 'Appointment Details');\ncy.xpath('//div[1]/div[2]/div[1]/div[1]/div[1]/*[1]').should('be.visible');\ncy.xpath('//*[@id=\"root\"]/div[2]/div/div[2]/div/div[2]/div[1]/div').should('be.visible');\ncy.xpath('//div[contains(text(),\"Appointment I\")]').should('have.text', 'Appointment ID');\ncy.xpath('//div[contains(text(),\"Requested F\")]').should('be.visible').should('have.text', 'Requested For');\ncy.xpath('//div[contains(text(),\"St\")]').should('be.visible').should('have.text', 'Status');\ncy.xpath('//div[contains(text(),\"Service A\")]').should('be.visible').should('have.text', 'Service Address');\ncy.xpath('//div[contains(text(),\"Sc\")]').should('be.visible').should('have.text', 'Scheduled On');\ncy.xpath('//div[2]/div[4]/div[1]').should('be.visible').should('have.text', 'Patients');\ncy.xpath('//div[contains(text(),\"Services R\")]').should('be.visible').should('have.text', 'Services Requested');\ncy.xpath('//div[contains(text(),\"Provider D\")]').should('be.visible').should('have.text', 'Provider Details');\ncy.xpath('//div[6]/div[2]/div/div').should('be.visible');\ncy.xpath('//button[@textid=\"cancel.appointment\"]').should('have.text', 'Cancel Appointment');\ncy.xpath('//button[@textid=\"reschedule.appointment\"]').should('have.text', 'Reschedule Appointment');\ncy.xpath('//button[@textid=\"change.provider\"]').should('have.text', 'Change Provider');",
              "err": {
                "message": "AssertionError: Timed out retrying after 15000ms: Expected to find element: `//div[contains(text(),\"Appointment D\")]`, but never found it.",
                "estack": "AssertionError: Timed out retrying after 15000ms: Expected to find element: `//div[contains(text(),\"Appointment D\")]`, but never found it.\n    at Context.eval (https://qa.rch.build-release.com/__cypress/tests?p=cypress\\e2e\\Admin_Testcases\\18_Scheduled.spec.js:148:57)",
                "diff": null
              },
              "uuid": "5e5ae593-7cf6-4498-8667-40641964b904",
              "parentUUID": "c2eff628-ee48-4fc8-b18c-4918934e88ab",
              "isHook": false,
              "skipped": false
            },
            {
              "title": "The unique appointment id should be displayed",
              "fullTitle": "Scheduled Appointment Details Test cases The unique appointment id should be displayed",
              "timedOut": null,
              "duration": 15435,
              "state": "failed",
              "speed": null,
              "pass": false,
              "fail": true,
              "pending": false,
              "context": null,
              "code": "cy.xpath('//div[contains(text(),\"Appointment I\")]').should('have.text', 'Appointment ID');",
              "err": {
                "message": "AssertionError: Timed out retrying after 15000ms: Expected to find element: `//div[contains(text(),\"Appointment I\")]`, but never found it.",
                "estack": "AssertionError: Timed out retrying after 15000ms: Expected to find element: `//div[contains(text(),\"Appointment I\")]`, but never found it.\n    at Context.eval (https://qa.rch.build-release.com/__cypress/tests?p=cypress\\e2e\\Admin_Testcases\\18_Scheduled.spec.js:165:57)",
                "diff": null
              },
              "uuid": "271daa65-e45f-4fa8-8a92-4dc5c8773a01",
              "parentUUID": "c2eff628-ee48-4fc8-b18c-4918934e88ab",
              "isHook": false,
              "skipped": false
            },
            {
              "title": "The date requested by the patient should be displayed",
              "fullTitle": "Scheduled Appointment Details Test cases The date requested by the patient should be displayed",
              "timedOut": null,
              "duration": 15402,
              "state": "failed",
              "speed": null,
              "pass": false,
              "fail": true,
              "pending": false,
              "context": null,
              "code": "cy.xpath('//div[contains(text(),\"Requested F\")]').should('be.visible').should('have.text', 'Requested For');",
              "err": {
                "message": "AssertionError: Timed out retrying after 15000ms: Expected to find element: `//div[contains(text(),\"Requested F\")]`, but never found it.",
                "estack": "AssertionError: Timed out retrying after 15000ms: Expected to find element: `//div[contains(text(),\"Requested F\")]`, but never found it.\n    at Context.eval (https://qa.rch.build-release.com/__cypress/tests?p=cypress\\e2e\\Admin_Testcases\\18_Scheduled.spec.js:168:55)",
                "diff": null
              },
              "uuid": "f7fc177a-48d0-43f0-9142-d032cf69135b",
              "parentUUID": "c2eff628-ee48-4fc8-b18c-4918934e88ab",
              "isHook": false,
              "skipped": false
            },
            {
              "title": "The Service Address where the patient requested the service should be displayed",
              "fullTitle": "Scheduled Appointment Details Test cases The Service Address where the patient requested the service should be displayed",
              "timedOut": null,
              "duration": 15406,
              "state": "failed",
              "speed": null,
              "pass": false,
              "fail": true,
              "pending": false,
              "context": null,
              "code": "cy.xpath('//div[contains(text(),\"Service A\")]').should('be.visible').should('have.text', 'Service Address');",
              "err": {
                "message": "AssertionError: Timed out retrying after 15000ms: Expected to find element: `//div[contains(text(),\"Service A\")]`, but never found it.",
                "estack": "AssertionError: Timed out retrying after 15000ms: Expected to find element: `//div[contains(text(),\"Service A\")]`, but never found it.\n    at Context.eval (https://qa.rch.build-release.com/__cypress/tests?p=cypress\\e2e\\Admin_Testcases\\18_Scheduled.spec.js:171:53)",
                "diff": null
              },
              "uuid": "9bb3de46-6c84-47ca-8c52-ad6e0023968b",
              "parentUUID": "c2eff628-ee48-4fc8-b18c-4918934e88ab",
              "isHook": false,
              "skipped": false
            },
            {
              "title": "As a Admin the user should be navigated to the medical history page of particular patient by clicking on the name card of that particular patient",
              "fullTitle": "Scheduled Appointment Details Test cases As a Admin the user should be navigated to the medical history page of particular patient by clicking on the name card of that particular patient",
              "timedOut": null,
              "duration": 15374,
              "state": "failed",
              "speed": null,
              "pass": false,
              "fail": true,
              "pending": false,
              "context": null,
              "code": "cy.xpath('//div[4]/div[2]/div[1]/div[1]/div[1]/div[1]/*[2]').should('be.visible').click();\ncy.wait(4000);\ncy.url().should('contain', '/medical_history');\ncy.xpath('//div[2]/div/nav/div[1]/div').should('be.visible').should('have.text', 'Medical History');\ncy.xpath('//div[@id=\"root\"]/div[2]/div[1]/div[2]/div[1]/div[1]/*[1]').scrollIntoView().should('be.visible').click();\ncy.wait(4000);\ncy.url().should('contain', '/appointments');",
              "err": {
                "message": "AssertionError: Timed out retrying after 15000ms: Expected to find element: `//div[4]/div[2]/div[1]/div[1]/div[1]/div[1]/*[2]`, but never found it.",
                "estack": "AssertionError: Timed out retrying after 15000ms: Expected to find element: `//div[4]/div[2]/div[1]/div[1]/div[1]/div[1]/*[2]`, but never found it.\n    at Context.eval (https://qa.rch.build-release.com/__cypress/tests?p=cypress\\e2e\\Admin_Testcases\\18_Scheduled.spec.js:174:66)",
                "diff": null
              },
              "uuid": "c7642b95-644e-467a-87dc-11a83fbebcb2",
              "parentUUID": "c2eff628-ee48-4fc8-b18c-4918934e88ab",
              "isHook": false,
              "skipped": false
            },
            {
              "title": "The list of services requested by the patient should be displayed",
              "fullTitle": "Scheduled Appointment Details Test cases The list of services requested by the patient should be displayed",
              "timedOut": null,
              "duration": 15443,
              "state": "failed",
              "speed": null,
              "pass": false,
              "fail": true,
              "pending": false,
              "context": null,
              "code": "cy.xpath('//div[contains(text(),\"Services R\")]').should('be.visible').should('have.text', 'Services Requested');",
              "err": {
                "message": "AssertionError: Timed out retrying after 15000ms: Expected to find element: `//div[contains(text(),\"Services R\")]`, but never found it.",
                "estack": "AssertionError: Timed out retrying after 15000ms: Expected to find element: `//div[contains(text(),\"Services R\")]`, but never found it.\n    at Context.eval (https://qa.rch.build-release.com/__cypress/tests?p=cypress\\e2e\\Admin_Testcases\\18_Scheduled.spec.js:183:54)",
                "diff": null
              },
              "uuid": "5f7225f9-7fd3-49ac-ac2b-48b346e55d07",
              "parentUUID": "c2eff628-ee48-4fc8-b18c-4918934e88ab",
              "isHook": false,
              "skipped": false
            },
            {
              "title": "The Appointment scheduled date and time should be displayed",
              "fullTitle": "Scheduled Appointment Details Test cases The Appointment scheduled date and time should be displayed",
              "timedOut": null,
              "duration": 15446,
              "state": "failed",
              "speed": null,
              "pass": false,
              "fail": true,
              "pending": false,
              "context": null,
              "code": "cy.xpath('//div[contains(text(),\"Sc\")]').should('have.text', 'Scheduled On');\ncy.xpath('//div[3]/div[1]/span').should('be.visible');\ncy.wait(5000);",
              "err": {
                "message": "AssertionError: Timed out retrying after 15000ms: Expected to find element: `//div[contains(text(),\"Sc\")]`, but never found it.",
                "estack": "AssertionError: Timed out retrying after 15000ms: Expected to find element: `//div[contains(text(),\"Sc\")]`, but never found it.\n    at Context.eval (https://qa.rch.build-release.com/__cypress/tests?p=cypress\\e2e\\Admin_Testcases\\18_Scheduled.spec.js:186:46)",
                "diff": null
              },
              "uuid": "37692a74-ca44-4f98-a51f-baa405a9a558",
              "parentUUID": "c2eff628-ee48-4fc8-b18c-4918934e88ab",
              "isHook": false,
              "skipped": false
            },
            {
              "title": "As a Admin the user should be navigated to the Profile details page of provider by clicking on name card of the provider",
              "fullTitle": "Scheduled Appointment Details Test cases As a Admin the user should be navigated to the Profile details page of provider by clicking on name card of the provider",
              "timedOut": null,
              "duration": 15551,
              "state": "failed",
              "speed": null,
              "pass": false,
              "fail": true,
              "pending": false,
              "context": null,
              "code": "cy.xpath('//div[6]/div[2]/div/div').should('be.visible').click();\ncy.wait(5000);\ncy.url().should('contain', '/providers');\ncy.xpath('//div[contains(text(),\"Provider D\")]').scrollIntoView().should('be.visible').should('have.text', 'Provider Details');\ncy.xpath('//div[@id=\"root\"]/div[2]/div[1]/div[2]/div[1]/div[1]/*[1]').scrollIntoView().should('be.visible').click();\ncy.wait(5000);",
              "err": {
                "message": "AssertionError: Timed out retrying after 15000ms: Expected to find element: `//div[6]/div[2]/div/div`, but never found it.",
                "estack": "AssertionError: Timed out retrying after 15000ms: Expected to find element: `//div[6]/div[2]/div/div`, but never found it.\n    at Context.eval (https://qa.rch.build-release.com/__cypress/tests?p=cypress\\e2e\\Admin_Testcases\\18_Scheduled.spec.js:191:41)",
                "diff": null
              },
              "uuid": "0dd2ffc9-83f3-49db-b108-8b964a52d8e9",
              "parentUUID": "c2eff628-ee48-4fc8-b18c-4918934e88ab",
              "isHook": false,
              "skipped": false
            },
            {
              "title": "As a Admin the user can chat with provider by clicking on chat icon against the provider",
              "fullTitle": "Scheduled Appointment Details Test cases As a Admin the user can chat with provider by clicking on chat icon against the provider",
              "timedOut": null,
              "duration": 15502,
              "state": "failed",
              "speed": null,
              "pass": false,
              "fail": true,
              "pending": false,
              "context": null,
              "code": "cy.xpath('//div[6]/div[2]/div/div/div[2]/img').should('be.visible').click();\ncy.wait(5000);\ncy.url().should('contain', '/chat');\ncy.xpath('//div[2]/div[1]/div[2]/div[1]/div[1]').should('be.visible').should('have.text', 'Chat');\ncy.xpath('//div[2]/div[1]/div[2]/div[1]/*[1]').should('be.visible').click();\ncy.wait(5000);",
              "err": {
                "message": "AssertionError: Timed out retrying after 15000ms: Expected to find element: `//div[6]/div[2]/div/div/div[2]/img`, but never found it.",
                "estack": "AssertionError: Timed out retrying after 15000ms: Expected to find element: `//div[6]/div[2]/div/div/div[2]/img`, but never found it.\n    at Context.eval (https://qa.rch.build-release.com/__cypress/tests?p=cypress\\e2e\\Admin_Testcases\\18_Scheduled.spec.js:199:52)",
                "diff": null
              },
              "uuid": "46b6da55-0e16-48f6-84e7-f2ca1989d4aa",
              "parentUUID": "c2eff628-ee48-4fc8-b18c-4918934e88ab",
              "isHook": false,
              "skipped": false
            },
            {
              "title": "As a Admin the user can should get appointment reschedule window by clicking on \"reschedule Appointment\" button",
              "fullTitle": "Scheduled Appointment Details Test cases As a Admin the user can should get appointment reschedule window by clicking on \"reschedule Appointment\" button",
              "timedOut": null,
              "duration": 15440,
              "state": "failed",
              "speed": null,
              "pass": false,
              "fail": true,
              "pending": false,
              "context": null,
              "code": "cy.xpath('//button[@textid=\"reschedule.appointment\"]').should('have.text', 'Reschedule Appointment').click();\ncy.wait(5000);\ncy.xpath('//div[6]/div/div/div[1]/div[1]/div').should('be.visible').should('have.text', 'Reschedule Appointment');",
              "err": {
                "message": "AssertionError: Timed out retrying after 15000ms: Expected to find element: `//button[@textid=\"reschedule.appointment\"]`, but never found it.",
                "estack": "AssertionError: Timed out retrying after 15000ms: Expected to find element: `//button[@textid=\"reschedule.appointment\"]`, but never found it.\n    at Context.eval (https://qa.rch.build-release.com/__cypress/tests?p=cypress\\e2e\\Admin_Testcases\\18_Scheduled.spec.js:207:60)",
                "diff": null
              },
              "uuid": "f7bd8ba3-966f-44f8-a425-7046c4867253",
              "parentUUID": "c2eff628-ee48-4fc8-b18c-4918934e88ab",
              "isHook": false,
              "skipped": false
            },
            {
              "title": "At \"Appointment Reschedule\" page each label and field should have proper label and validations",
              "fullTitle": "Scheduled Appointment Details Test cases At \"Appointment Reschedule\" page each label and field should have proper label and validations",
              "timedOut": null,
              "duration": 15515,
              "state": "failed",
              "speed": null,
              "pass": false,
              "fail": true,
              "pending": false,
              "context": null,
              "code": "cy.xpath('//div[6]/div/div/div[1]/div[1]/div').should('be.visible').should('have.text', 'Reschedule Appointment');\ncy.xpath('//div[1]/div[2]/form/div[1]/div[1]/label/div').should('be.visible').should('have.text', 'Appointment Date');\ncy.xpath('//div[1]/div[2]/form/div[1]/div[1]/div').should('be.visible');\ncy.xpath('//div[1]/div[2]/form/div[1]/div[2]/label').should('be.visible').should('have.text', 'Appointment Time');\ncy.xpath('//div[1]/div[2]/form/div[1]/div[2]/div').should('be.visible');\ncy.xpath('//div[1]/div[2]/form/div[2]/button').should('be.visible').should('have.text', 'Reschedule');",
              "err": {
                "message": "AssertionError: Timed out retrying after 15000ms: Expected to find element: `//div[6]/div/div/div[1]/div[1]/div`, but never found it.",
                "estack": "AssertionError: Timed out retrying after 15000ms: Expected to find element: `//div[6]/div/div/div[1]/div[1]/div`, but never found it.\n    at Context.eval (https://qa.rch.build-release.com/__cypress/tests?p=cypress\\e2e\\Admin_Testcases\\18_Scheduled.spec.js:212:52)",
                "diff": null
              },
              "uuid": "76e08368-bb96-4cf3-a8c4-6a33ba44ebd8",
              "parentUUID": "c2eff628-ee48-4fc8-b18c-4918934e88ab",
              "isHook": false,
              "skipped": false
            },
            {
              "title": "After Selecting Appointment date, Appointment time and by clicking on Rescheduled button the Appointment should be rescheduled",
              "fullTitle": "Scheduled Appointment Details Test cases After Selecting Appointment date, Appointment time and by clicking on Rescheduled button the Appointment should be rescheduled",
              "timedOut": null,
              "duration": 15477,
              "state": "failed",
              "speed": null,
              "pass": false,
              "fail": true,
              "pending": false,
              "context": null,
              "code": "cy.xpath('//div[1]/div[2]/form/div[1]/div[1]/div').should('be.visible').click();\ncy.get('.react-datepicker__day--025').scrollIntoView().should('be.visible').click();\ncy.xpath('//div[1]/div[2]/form/div[1]/div[2]/div').should('be.visible').click();\ncy.get('.rc-time-picker-panel-select:nth-child(1)>ul>li:nth-child(2)').scrollIntoView().should('be.visible').click();\ncy.get('.rc-time-picker-panel-select:nth-child(3)>ul>li:nth-child(1)').should('be.visible').click();\ncy.xpath('//div[1]/div[2]/form/div[2]/button').should('be.visible').should('have.text', 'Reschedule').click({\n  force: true\n});",
              "err": {
                "message": "AssertionError: Timed out retrying after 15000ms: Expected to find element: `//div[1]/div[2]/form/div[1]/div[1]/div`, but never found it.",
                "estack": "AssertionError: Timed out retrying after 15000ms: Expected to find element: `//div[1]/div[2]/form/div[1]/div[1]/div`, but never found it.\n    at Context.eval (https://qa.rch.build-release.com/__cypress/tests?p=cypress\\e2e\\Admin_Testcases\\18_Scheduled.spec.js:220:56)",
                "diff": null
              },
              "uuid": "f0f18860-2631-4406-8348-fae98766d0c0",
              "parentUUID": "c2eff628-ee48-4fc8-b18c-4918934e88ab",
              "isHook": false,
              "skipped": false
            },
            {
              "title": "The Rescheduled date and time should reflect instantly under appointment details",
              "fullTitle": "Scheduled Appointment Details Test cases The Rescheduled date and time should reflect instantly under appointment details",
              "timedOut": null,
              "duration": 15529,
              "state": "failed",
              "speed": null,
              "pass": false,
              "fail": true,
              "pending": false,
              "context": null,
              "code": "cy.xpath('//div[3]/div[1]/span').should('be.visible').should('contain', '25 202');",
              "err": {
                "message": "AssertionError: Timed out retrying after 15000ms: Expected to find element: `//div[3]/div[1]/span`, but never found it.",
                "estack": "AssertionError: Timed out retrying after 15000ms: Expected to find element: `//div[3]/div[1]/span`, but never found it.\n    at Context.eval (https://qa.rch.build-release.com/__cypress/tests?p=cypress\\e2e\\Admin_Testcases\\18_Scheduled.spec.js:230:38)",
                "diff": null
              },
              "uuid": "907a441b-02d3-4a10-8e2b-e94710540246",
              "parentUUID": "c2eff628-ee48-4fc8-b18c-4918934e88ab",
              "isHook": false,
              "skipped": false
            },
            {
              "title": "As a Admin the user can change the provider assigned by clicking on the change provider button",
              "fullTitle": "Scheduled Appointment Details Test cases As a Admin the user can change the provider assigned by clicking on the change provider button",
              "timedOut": null,
              "duration": 15511,
              "state": "failed",
              "speed": null,
              "pass": false,
              "fail": true,
              "pending": false,
              "context": null,
              "code": "cy.xpath('//button[@textid=\"change.provider\"]').should('have.text', 'Change Provider').click();\ncy.wait(3000);\ncy.xpath('//div[7]/div/div/div[1]/div[1]/div').should('be.visible').should('have.text', 'Change Provider');\ncy.xpath('//div[1]/div[2]/form/div[1]/div[1]').should('be.visible').should('have.text', 'Select Provider');\ncy.xpath('//div[1]/div[2]/form/div[1]/div[2]').should('be.visible').click();\ncy.wait(3000);\ncy.get('.css-11unzgr>div:nth-child(2)').click();\ncy.xpath('//div[1]/div[2]/form/div[2]/label').should('be.visible').should('have.text', 'Add Comment For Provider');\ncy.xpath('//div[1]/div[2]/form/div[2]/div').should('be.visible').type('Value Customer');\ncy.xpath('//div[1]/div[2]/form/div[3]/button').should('be.visible').should('have.text', 'Assign').click();\ncy.wait(3000);",
              "err": {
                "message": "AssertionError: Timed out retrying after 15000ms: Expected to find element: `//button[@textid=\"change.provider\"]`, but never found it.",
                "estack": "AssertionError: Timed out retrying after 15000ms: Expected to find element: `//button[@textid=\"change.provider\"]`, but never found it.\n    at Context.eval (https://qa.rch.build-release.com/__cypress/tests?p=cypress\\e2e\\Admin_Testcases\\18_Scheduled.spec.js:233:53)",
                "diff": null
              },
              "uuid": "c772f5a1-293d-424e-ab5d-eb7691d8fa4a",
              "parentUUID": "c2eff628-ee48-4fc8-b18c-4918934e88ab",
              "isHook": false,
              "skipped": false
            },
            {
              "title": "As a Admin the user can cancel the appointment after entering the cancellation reason by clicking on the cancel button",
              "fullTitle": "Scheduled Appointment Details Test cases As a Admin the user can cancel the appointment after entering the cancellation reason by clicking on the cancel button",
              "timedOut": null,
              "duration": 15483,
              "state": "failed",
              "speed": null,
              "pass": false,
              "fail": true,
              "pending": false,
              "context": null,
              "code": "cy.xpath('//button[@textid=\"cancel.appointment\"]').should('be.visible').should('have.text', 'Cancel Appointment').click();\ncy.wait(3000);\ncy.xpath('//div[3]/div/div/div[1]/div[1]/div').should('be.visible').should('have.text', 'Confirmation');\ncy.xpath('//div[3]/div[1]/div[1]/div[1]/div[1]/*[1]').should('be.visible');\ncy.xpath('//div[3]/div/div/div[1]/div[2]/div').should('be.visible').should('have.text', 'Are you sure, want to cancel this appointment.');\ncy.xpath('//div[1]/div[2]/form/div[1]/div/label/div').should('be.visible').should('have.text', 'Reason For Cancellation');\ncy.xpath('//div[1]/div[2]/form/div[1]/div/div/textarea').should('be.visible');\ncy.xpath('//div[1]/div[2]/form/div[1]/div/div/textarea').should('be.visible').type('Provider not available');\ncy.xpath('//div[1]/div[2]/form/div[2]/button').should('be.visible').should('have.text', 'Cancel Appointment').click();\ncy.wait(5000);\ncy.xpath('//span[contains(text(),\"can\")]').should('be.visible').should('have.text', 'cancelled');\ncy.logout();",
              "err": {
                "message": "AssertionError: Timed out retrying after 15000ms: Expected to find element: `//button[@textid=\"cancel.appointment\"]`, but never found it.",
                "estack": "AssertionError: Timed out retrying after 15000ms: Expected to find element: `//button[@textid=\"cancel.appointment\"]`, but never found it.\n    at Context.eval (https://qa.rch.build-release.com/__cypress/tests?p=cypress\\e2e\\Admin_Testcases\\18_Scheduled.spec.js:246:56)",
                "diff": null
              },
              "uuid": "b1fd23ff-a050-4162-aa42-d223e6730d85",
              "parentUUID": "c2eff628-ee48-4fc8-b18c-4918934e88ab",
              "isHook": false,
              "skipped": false
            }
          ],
          "suites": [],
          "passes": [],
          "failures": [
            "c44afbfb-abf8-4701-a3b2-5c893511ca79",
            "5e5ae593-7cf6-4498-8667-40641964b904",
            "271daa65-e45f-4fa8-8a92-4dc5c8773a01",
            "f7fc177a-48d0-43f0-9142-d032cf69135b",
            "9bb3de46-6c84-47ca-8c52-ad6e0023968b",
            "c7642b95-644e-467a-87dc-11a83fbebcb2",
            "5f7225f9-7fd3-49ac-ac2b-48b346e55d07",
            "37692a74-ca44-4f98-a51f-baa405a9a558",
            "0dd2ffc9-83f3-49db-b108-8b964a52d8e9",
            "46b6da55-0e16-48f6-84e7-f2ca1989d4aa",
            "f7bd8ba3-966f-44f8-a425-7046c4867253",
            "76e08368-bb96-4cf3-a8c4-6a33ba44ebd8",
            "f0f18860-2631-4406-8348-fae98766d0c0",
            "907a441b-02d3-4a10-8e2b-e94710540246",
            "c772f5a1-293d-424e-ab5d-eb7691d8fa4a",
            "b1fd23ff-a050-4162-aa42-d223e6730d85"
          ],
          "pending": [],
          "skipped": [],
          "duration": 259596,
          "root": false,
          "rootEmpty": false,
          "_timeout": 2000
        }
      ],
      "passes": [],
      "failures": [],
      "pending": [],
      "skipped": [],
      "duration": 0,
      "root": true,
      "rootEmpty": true,
      "_timeout": 2000
    }
  ],
  "meta": {
    "mocha": {
      "version": "7.0.1"
    },
    "mochawesome": {
      "options": {
        "quiet": false,
        "reportFilename": "report",
        "saveHtml": true,
        "saveJson": true,
        "consoleReporter": "spec",
        "useInlineDiffs": false,
        "code": true
      },
      "version": "7.0.1"
    },
    "marge": {
      "options": {
        "reportDir": "cypress/reports",
        "reportFilename": "report",
        "overwrite": false,
        "html": true,
        "json": true,
        "charts": true
      },
      "version": "6.0.1"
    }
  }
}