{
  "stats": {
    "suites": 1,
    "tests": 10,
    "passes": 0,
    "pending": 0,
    "failures": 10,
    "start": "2022-04-20T08:17:34.350Z",
    "end": "2022-04-20T08:20:26.126Z",
    "duration": 171776,
    "testsRegistered": 10,
    "passPercent": 0,
    "pendingPercent": 0,
    "other": 0,
    "hasOther": false,
    "skipped": 0,
    "hasSkipped": false
  },
  "results": [
    {
      "uuid": "d71263f7-e2cb-4c87-b675-db93e1efc5e7",
      "title": "",
      "fullFile": "cypress/integration/Admin_Testcases/20_AwaitingPayment.spec.js",
      "file": "cypress/integration/Admin_Testcases/20_AwaitingPayment.spec.js",
      "beforeHooks": [],
      "afterHooks": [],
      "tests": [],
      "suites": [
        {
          "uuid": "22825830-2c7b-4c3f-86b3-e00793885795",
          "title": "Awaiting Payment Appointment Details Test cases",
          "fullFile": "",
          "file": "",
          "beforeHooks": [],
          "afterHooks": [],
          "tests": [
            {
              "title": "As a Admin the user should be navigated to the Appointment Details page of Awaiting Payment appointment by clicking on the eye icon against that particular appointment",
              "fullTitle": "Awaiting Payment Appointment Details Test cases As a Admin the user should be navigated to the Appointment Details page of Awaiting Payment appointment by clicking on the eye icon against that particular appointment",
              "timedOut": null,
              "duration": 26968,
              "state": "failed",
              "speed": null,
              "pass": false,
              "fail": true,
              "pending": false,
              "context": null,
              "code": "cy.login();\ncy.url().should('contain', '/dashboard');\ncy.get('.space-y-4 > :nth-child(4)').should('be.visible').should('have.text', 'Appointments').click();\ncy.url().should('contain', '/appointments');\ncy.get('.-mx-4>div:nth-child(2)>div:nth-child(2)>div:nth-child(3)').should('be.visible').should('have.text', 'Add Filter').click();\ncy.get('.py-1:nth-child(2)>div:nth-child(6)').should('be.visible').should('have.text', 'awaiting payment').click();\ncy.wait(3000);\ncy.get('tbody>tr:nth-child(1)>td:nth-child(8)>div>svg').scrollIntoView().should('be.visible').click();\ncy.get(':nth-child(3) > .font-semibold > .text-sm').should('be.visible').should('contain', 'awaiting payment');",
              "err": {
                "message": "AssertionError: Timed out retrying after 15000ms: Expected to find element: `tbody>tr:nth-child(1)>td:nth-child(8)>div>svg`, but never found it.",
                "estack": "AssertionError: Timed out retrying after 15000ms: Expected to find element: `tbody>tr:nth-child(1)>td:nth-child(8)>div>svg`, but never found it.\n    at Context.eval (https://qa.rch.build-release.com/__cypress/tests?p=cypress\\integration\\Admin_Testcases\\20_AwaitingPayment.spec.js:122:8)",
                "diff": null
              },
              "uuid": "7cb16ff7-04c6-4de8-bef7-cff07a227acf",
              "parentUUID": "22825830-2c7b-4c3f-86b3-e00793885795",
              "isHook": false,
              "skipped": false
            },
            {
              "title": "At \"Appointment details\" page each label and field should have proper label and validations",
              "fullTitle": "Awaiting Payment Appointment Details Test cases At \"Appointment details\" page each label and field should have proper label and validations",
              "timedOut": null,
              "duration": 15279,
              "state": "failed",
              "speed": null,
              "pass": false,
              "fail": true,
              "pending": false,
              "context": null,
              "code": "cy.get('.space-x-4 > .font-semibold').should('be.visible').should('have.text', 'Appointment Details');\ncy.get('.w-7').should('be.visible');\ncy.get('.min-h-screen.pb-2>div:nth-child(2)>div:nth-child(1)>div:nth-child(1)').should('be.visible');\ncy.get('.mx-4 > :nth-child(2)>div:nth-child(1)>div').should('be.visible').should('have.text', 'Appointment ID');\ncy.get('.mx-4 > :nth-child(2)>div:nth-child(2)>div').should('be.visible').should('have.text', 'Requested For');\ncy.get('.mx-4 > :nth-child(2)>div:nth-child(3)>div:nth-child(1)').should('be.visible').should('have.text', 'Status');\ncy.get('.mx-4 > :nth-child(3)>div:nth-child(2)>div').should('be.visible').should('have.text', 'Service Address');\ncy.get('.mx-4 > :nth-child(3)>div:nth-child(1)>div').should('be.visible').should('have.text', 'Scheduled On');\ncy.get('.mx-4 > :nth-child(4)>div:nth-child(1)').should('be.visible').should('have.text', 'Patients');\ncy.get('.mx-4 > :nth-child(5)>div:nth-child(1)').should('be.visible').should('have.text', 'Services Requested');\ncy.get('.mx-4 > :nth-child(6)>div:nth-child(1)').should('be.visible').should('have.text', 'Provider Details');\ncy.get('.py-4:nth-child(6)>div:nth-child(2)>div:nth-child(1)').should('be.visible');\ncy.get('.mx-4 > :nth-child(7)>div:nth-child(1)').should('be.visible').should('have.text', 'Payment Details');",
              "err": {
                "message": "AssertionError: Timed out retrying after 15000ms: Expected to find element: `.space-x-4 > .font-semibold`, but never found it.",
                "estack": "AssertionError: Timed out retrying after 15000ms: Expected to find element: `.space-x-4 > .font-semibold`, but never found it.\n    at Context.eval (https://qa.rch.build-release.com/__cypress/tests?p=cypress\\integration\\Admin_Testcases\\20_AwaitingPayment.spec.js:126:43)",
                "diff": null
              },
              "uuid": "231a283d-2286-49ae-abd6-58788afb8f1e",
              "parentUUID": "22825830-2c7b-4c3f-86b3-e00793885795",
              "isHook": false,
              "skipped": false
            },
            {
              "title": "The unique appointment id should be displayed",
              "fullTitle": "Awaiting Payment Appointment Details Test cases The unique appointment id should be displayed",
              "timedOut": null,
              "duration": 15277,
              "state": "failed",
              "speed": null,
              "pass": false,
              "fail": true,
              "pending": false,
              "context": null,
              "code": "cy.get('.mx-4 > :nth-child(2)>div:nth-child(1)>div').should('be.visible').should('have.text', 'Appointment ID');",
              "err": {
                "message": "AssertionError: Timed out retrying after 15000ms: Expected to find element: `.mx-4 > :nth-child(2)>div:nth-child(1)>div`, but never found it.",
                "estack": "AssertionError: Timed out retrying after 15000ms: Expected to find element: `.mx-4 > :nth-child(2)>div:nth-child(1)>div`, but never found it.\n    at Context.eval (https://qa.rch.build-release.com/__cypress/tests?p=cypress\\integration\\Admin_Testcases\\20_AwaitingPayment.spec.js:141:58)",
                "diff": null
              },
              "uuid": "8412ae81-0af0-4d8c-8a23-a7bf3f9f0dd4",
              "parentUUID": "22825830-2c7b-4c3f-86b3-e00793885795",
              "isHook": false,
              "skipped": false
            },
            {
              "title": "The date requested by the patient should be displayed",
              "fullTitle": "Awaiting Payment Appointment Details Test cases The date requested by the patient should be displayed",
              "timedOut": null,
              "duration": 15341,
              "state": "failed",
              "speed": null,
              "pass": false,
              "fail": true,
              "pending": false,
              "context": null,
              "code": "cy.get('.mx-4 > :nth-child(2)>div:nth-child(2)>div').should('be.visible').should('have.text', 'Requested For');",
              "err": {
                "message": "AssertionError: Timed out retrying after 15000ms: Expected to find element: `.mx-4 > :nth-child(2)>div:nth-child(2)>div`, but never found it.",
                "estack": "AssertionError: Timed out retrying after 15000ms: Expected to find element: `.mx-4 > :nth-child(2)>div:nth-child(2)>div`, but never found it.\n    at Context.eval (https://qa.rch.build-release.com/__cypress/tests?p=cypress\\integration\\Admin_Testcases\\20_AwaitingPayment.spec.js:144:58)",
                "diff": null
              },
              "uuid": "78c31f26-9886-428e-bf92-130ca4624817",
              "parentUUID": "22825830-2c7b-4c3f-86b3-e00793885795",
              "isHook": false,
              "skipped": false
            },
            {
              "title": "The Service Address where the patient requested the service should be displayed",
              "fullTitle": "Awaiting Payment Appointment Details Test cases The Service Address where the patient requested the service should be displayed",
              "timedOut": null,
              "duration": 15297,
              "state": "failed",
              "speed": null,
              "pass": false,
              "fail": true,
              "pending": false,
              "context": null,
              "code": "cy.get('.mx-4 > :nth-child(3)>div:nth-child(2)>div').should('be.visible').should('have.text', 'Service Address');",
              "err": {
                "message": "AssertionError: Timed out retrying after 15000ms: Expected to find element: `.mx-4 > :nth-child(3)>div:nth-child(2)>div`, but never found it.",
                "estack": "AssertionError: Timed out retrying after 15000ms: Expected to find element: `.mx-4 > :nth-child(3)>div:nth-child(2)>div`, but never found it.\n    at Context.eval (https://qa.rch.build-release.com/__cypress/tests?p=cypress\\integration\\Admin_Testcases\\20_AwaitingPayment.spec.js:147:58)",
                "diff": null
              },
              "uuid": "9cea4739-567e-4c9f-8220-8ca0699dd3b3",
              "parentUUID": "22825830-2c7b-4c3f-86b3-e00793885795",
              "isHook": false,
              "skipped": false
            },
            {
              "title": "As a Admin the user should be navigated to the medical history page of particular patient by clicking on the name card of that particular patient",
              "fullTitle": "Awaiting Payment Appointment Details Test cases As a Admin the user should be navigated to the medical history page of particular patient by clicking on the name card of that particular patient",
              "timedOut": null,
              "duration": 15314,
              "state": "failed",
              "speed": null,
              "pass": false,
              "fail": true,
              "pending": false,
              "context": null,
              "code": "cy.get('.justify-between > .flex > .w-6').should('be.visible').click();\ncy.wait(4000);\ncy.get('svg.h-6').should('be.visible').click();",
              "err": {
                "message": "AssertionError: Timed out retrying after 15000ms: Expected to find element: `.justify-between > .flex > .w-6`, but never found it.",
                "estack": "AssertionError: Timed out retrying after 15000ms: Expected to find element: `.justify-between > .flex > .w-6`, but never found it.\n    at Context.eval (https://qa.rch.build-release.com/__cypress/tests?p=cypress\\integration\\Admin_Testcases\\20_AwaitingPayment.spec.js:150:47)",
                "diff": null
              },
              "uuid": "af29be8b-d953-4104-af0e-9908ba660f21",
              "parentUUID": "22825830-2c7b-4c3f-86b3-e00793885795",
              "isHook": false,
              "skipped": false
            },
            {
              "title": "The list of services requested by the patient should be displayed",
              "fullTitle": "Awaiting Payment Appointment Details Test cases The list of services requested by the patient should be displayed",
              "timedOut": null,
              "duration": 15263,
              "state": "failed",
              "speed": null,
              "pass": false,
              "fail": true,
              "pending": false,
              "context": null,
              "code": "cy.get('.mx-4 > :nth-child(5)>div:nth-child(1)').should('have.text', 'Services Requested');",
              "err": {
                "message": "AssertionError: Timed out retrying after 15000ms: Expected to find element: `.mx-4 > :nth-child(5)>div:nth-child(1)`, but never found it.",
                "estack": "AssertionError: Timed out retrying after 15000ms: Expected to find element: `.mx-4 > :nth-child(5)>div:nth-child(1)`, but never found it.\n    at Context.eval (https://qa.rch.build-release.com/__cypress/tests?p=cypress\\integration\\Admin_Testcases\\20_AwaitingPayment.spec.js:155:54)",
                "diff": null
              },
              "uuid": "6e6a03c6-7d03-4c0c-8384-7085d0447151",
              "parentUUID": "22825830-2c7b-4c3f-86b3-e00793885795",
              "isHook": false,
              "skipped": false
            },
            {
              "title": "The Appointment scheduled date and time should be displayed",
              "fullTitle": "Awaiting Payment Appointment Details Test cases The Appointment scheduled date and time should be displayed",
              "timedOut": null,
              "duration": 15346,
              "state": "failed",
              "speed": null,
              "pass": false,
              "fail": true,
              "pending": false,
              "context": null,
              "code": "cy.get('.py-6:nth-child(3)>div:nth-child(1)>span').should('be.visible');\ncy.wait(5000);",
              "err": {
                "message": "AssertionError: Timed out retrying after 15000ms: Expected to find element: `.py-6:nth-child(3)>div:nth-child(1)>span`, but never found it.",
                "estack": "AssertionError: Timed out retrying after 15000ms: Expected to find element: `.py-6:nth-child(3)>div:nth-child(1)>span`, but never found it.\n    at Context.eval (https://qa.rch.build-release.com/__cypress/tests?p=cypress\\integration\\Admin_Testcases\\20_AwaitingPayment.spec.js:158:56)",
                "diff": null
              },
              "uuid": "1d447b9c-f119-4366-b07c-6e4d667d8e34",
              "parentUUID": "22825830-2c7b-4c3f-86b3-e00793885795",
              "isHook": false,
              "skipped": false
            },
            {
              "title": "As a Admin the user should be navigated to the Profile details page of provider by clicking on name card of the provider",
              "fullTitle": "Awaiting Payment Appointment Details Test cases As a Admin the user should be navigated to the Profile details page of provider by clicking on name card of the provider",
              "timedOut": null,
              "duration": 15283,
              "state": "failed",
              "speed": null,
              "pass": false,
              "fail": true,
              "pending": false,
              "context": null,
              "code": "cy.get('.py-4:nth-child(6)>div:nth-child(2)>div:nth-child(1)').should('be.visible').click();\ncy.wait(5000);\ncy.url().should('contain', '/providers');\ncy.get('.col-span-12 > div:nth-child(1) > div').should('be.visible');\ncy.get('.space-x-4.text-primary > svg').should('be.visible').click();\ncy.wait(5000);",
              "err": {
                "message": "AssertionError: Timed out retrying after 15000ms: Expected to find element: `.py-4:nth-child(6)>div:nth-child(2)>div:nth-child(1)`, but never found it.",
                "estack": "AssertionError: Timed out retrying after 15000ms: Expected to find element: `.py-4:nth-child(6)>div:nth-child(2)>div:nth-child(1)`, but never found it.\n    at Context.eval (https://qa.rch.build-release.com/__cypress/tests?p=cypress\\integration\\Admin_Testcases\\20_AwaitingPayment.spec.js:162:68)",
                "diff": null
              },
              "uuid": "bff7a78d-48a2-4f7d-a25e-92facb9808c0",
              "parentUUID": "22825830-2c7b-4c3f-86b3-e00793885795",
              "isHook": false,
              "skipped": false
            },
            {
              "title": "As a Admin the user can chat with provider by clicking on chat icon against the provider",
              "fullTitle": "Awaiting Payment Appointment Details Test cases As a Admin the user can chat with provider by clicking on chat icon against the provider",
              "timedOut": null,
              "duration": 15341,
              "state": "failed",
              "speed": null,
              "pass": false,
              "fail": true,
              "pending": false,
              "context": null,
              "code": "cy.get('.py-4:nth-child(6)>div:nth-child(2)>div:nth-child(1)>div>div:nth-child(2)').should('be.visible').click();\ncy.wait(5000);\ncy.url().should('contain', '/chat');\ncy.get('.space-x-4.text-primary > svg').should('be.visible').click();\ncy.wait(5000);\ncy.logout();",
              "err": {
                "message": "AssertionError: Timed out retrying after 15000ms: Expected to find element: `.py-4:nth-child(6)>div:nth-child(2)>div:nth-child(1)>div>div:nth-child(2)`, but never found it.",
                "estack": "AssertionError: Timed out retrying after 15000ms: Expected to find element: `.py-4:nth-child(6)>div:nth-child(2)>div:nth-child(1)>div>div:nth-child(2)`, but never found it.\n    at Context.eval (https://qa.rch.build-release.com/__cypress/tests?p=cypress\\integration\\Admin_Testcases\\20_AwaitingPayment.spec.js:170:89)",
                "diff": null
              },
              "uuid": "e0049666-7ba6-4182-b788-2622508b024c",
              "parentUUID": "22825830-2c7b-4c3f-86b3-e00793885795",
              "isHook": false,
              "skipped": false
            }
          ],
          "suites": [],
          "passes": [],
          "failures": [
            "7cb16ff7-04c6-4de8-bef7-cff07a227acf",
            "231a283d-2286-49ae-abd6-58788afb8f1e",
            "8412ae81-0af0-4d8c-8a23-a7bf3f9f0dd4",
            "78c31f26-9886-428e-bf92-130ca4624817",
            "9cea4739-567e-4c9f-8220-8ca0699dd3b3",
            "af29be8b-d953-4104-af0e-9908ba660f21",
            "6e6a03c6-7d03-4c0c-8384-7085d0447151",
            "1d447b9c-f119-4366-b07c-6e4d667d8e34",
            "bff7a78d-48a2-4f7d-a25e-92facb9808c0",
            "e0049666-7ba6-4182-b788-2622508b024c"
          ],
          "pending": [],
          "skipped": [],
          "duration": 164709,
          "root": false,
          "rootEmpty": false,
          "_timeout": 2000
        }
      ],
      "passes": [],
      "failures": [],
      "pending": [],
      "skipped": [],
      "duration": 0,
      "root": true,
      "rootEmpty": true,
      "_timeout": 2000
    }
  ],
  "meta": {
    "mocha": {
      "version": "7.0.1"
    },
    "mochawesome": {
      "options": {
        "quiet": false,
        "reportFilename": "report",
        "saveHtml": true,
        "saveJson": true,
        "consoleReporter": "spec",
        "useInlineDiffs": false,
        "code": true
      },
      "version": "7.0.1"
    },
    "marge": {
      "options": {
        "reportDir": "cypress/reports",
        "reportFilename": "report",
        "overwrite": false,
        "html": true,
        "json": true,
        "charts": true
      },
      "version": "6.0.1"
    }
  }
}