{
  "stats": {
    "suites": 1,
    "tests": 4,
    "passes": 4,
    "pending": 0,
    "failures": 0,
    "start": "2021-09-21T12:55:47.455Z",
    "end": "2021-09-21T12:56:07.982Z",
    "duration": 20527,
    "testsRegistered": 4,
    "passPercent": 100,
    "pendingPercent": 0,
    "other": 0,
    "hasOther": false,
    "skipped": 0,
    "hasSkipped": false
  },
  "results": [
    {
      "uuid": "ca50556a-b529-4b6c-86fe-b13f34692346",
      "title": "",
      "fullFile": "cypress/integration/Patient_Testcases/04_Sign_out.spec.js",
      "file": "cypress/integration/Patient_Testcases/04_Sign_out.spec.js",
      "beforeHooks": [],
      "afterHooks": [],
      "tests": [],
      "suites": [
        {
          "uuid": "254889e5-65b0-4cbc-b463-ae04d609baf9",
          "title": "Sign Out Module Test Cases",
          "fullFile": "",
          "file": "",
          "beforeHooks": [],
          "afterHooks": [],
          "tests": [
            {
              "title": "As a Patient the user should able to log out by clicking on log out tab under account setting tab",
              "fullTitle": "Sign Out Module Test Cases As a Patient the user should able to log out by clicking on log out tab under account setting tab",
              "timedOut": null,
              "duration": 15528,
              "state": "passed",
              "speed": "slow",
              "pass": true,
              "fail": false,
              "pending": false,
              "context": null,
              "code": "cy.visit(cred.PatientUrl);\ncy.get('.bg-white > .mx-auto > .w-44').should('be.visible').click();\ncy.url().should('contain', '/login');\ncy.get(':nth-child(1) > .mt-1 > .appearance-none').should('be.visible').clear().type(cred.pemail);\ncy.get(':nth-child(2) > .mt-1 > .appearance-none').should('be.visible').clear().type(cred.ppassword);\ncy.get('.border-2').should('be.visible').should('have.text', 'Sign In').click();\ncy.url().should('contain', '/home');\ncy.get('.p-1 > .h-7').should('be.visible').click();\ncy.url().should('contain', '/profile');\ncy.get('.space-y-8 > :nth-child(3)').should('be.visible').should('have.text', 'Account Settings').click();\ncy.url().should('contain', '/settings');",
              "err": {},
              "uuid": "37189acd-b6e4-4860-9a88-a9661da076b9",
              "parentUUID": "254889e5-65b0-4cbc-b463-ae04d609baf9",
              "isHook": false,
              "skipped": false
            },
            {
              "title": "By clicking on log out the user should able  to get  log out confirmation pop up",
              "fullTitle": "Sign Out Module Test Cases By clicking on log out the user should able  to get  log out confirmation pop up",
              "timedOut": null,
              "duration": 753,
              "state": "passed",
              "speed": "slow",
              "pass": true,
              "fail": false,
              "pending": false,
              "context": null,
              "code": "cy.get('.flex-wrap > :nth-child(2)').should('be.visible').should('have.text', 'Logout').click();\ncy.get('.justify-between > .font-bold').should('be.visible').should('have.text', 'Confirmation');\ncy.get('.hidden > :nth-child(2) > .items-center.mt-6 > .flex').should('be.visible').should('contain', 'Are you sure');\ncy.get('.hidden > :nth-child(2) > .mb-3 > .flex').should('be.visible').should('have.text', 'Logout');",
              "err": {},
              "uuid": "5072e195-1062-4f5e-bbc0-73a21b1614da",
              "parentUUID": "254889e5-65b0-4cbc-b463-ae04d609baf9",
              "isHook": false,
              "skipped": false
            },
            {
              "title": "By clicking on cross symbol on the log out confirmation pop out should disappear",
              "fullTitle": "Sign Out Module Test Cases By clicking on cross symbol on the log out confirmation pop out should disappear",
              "timedOut": null,
              "duration": 149,
              "state": "passed",
              "speed": "slow",
              "pass": true,
              "fail": false,
              "pending": false,
              "context": null,
              "code": "cy.get('.hidden > .justify-between > .w-6 > path').should('be.visible').click();\ncy.url().should('contain', '/settings');",
              "err": {},
              "uuid": "47a8d01c-907e-455f-ab38-3cd05cd491bb",
              "parentUUID": "254889e5-65b0-4cbc-b463-ae04d609baf9",
              "isHook": false,
              "skipped": false
            },
            {
              "title": "By clicking on logout button the user should be able to log out of the site",
              "fullTitle": "Sign Out Module Test Cases By clicking on logout button the user should be able to log out of the site",
              "timedOut": null,
              "duration": 979,
              "state": "passed",
              "speed": "slow",
              "pass": true,
              "fail": false,
              "pending": false,
              "context": null,
              "code": "cy.get('.flex-wrap > :nth-child(2)').should('be.visible').should('have.text', 'Logout').click();\ncy.get('.justify-between > .font-bold').should('be.visible').should('have.text', 'Confirmation');\ncy.get('.hidden > :nth-child(2) > .mb-3 > .flex').should('be.visible').should('have.text', 'Logout').click();\ncy.url().should('eq', cred.PatientUrl);",
              "err": {},
              "uuid": "d2ac691d-2257-441a-8880-674c8adedcfd",
              "parentUUID": "254889e5-65b0-4cbc-b463-ae04d609baf9",
              "isHook": false,
              "skipped": false
            }
          ],
          "suites": [],
          "passes": [
            "37189acd-b6e4-4860-9a88-a9661da076b9",
            "5072e195-1062-4f5e-bbc0-73a21b1614da",
            "47a8d01c-907e-455f-ab38-3cd05cd491bb",
            "d2ac691d-2257-441a-8880-674c8adedcfd"
          ],
          "failures": [],
          "pending": [],
          "skipped": [],
          "duration": 17409,
          "root": false,
          "rootEmpty": false,
          "_timeout": 2000
        }
      ],
      "passes": [],
      "failures": [],
      "pending": [],
      "skipped": [],
      "duration": 0,
      "root": true,
      "rootEmpty": true,
      "_timeout": 2000
    }
  ],
  "meta": {
    "mocha": {
      "version": "7.0.1"
    },
    "mochawesome": {
      "options": {
        "quiet": false,
        "reportFilename": "report",
        "saveHtml": true,
        "saveJson": true,
        "consoleReporter": "spec",
        "useInlineDiffs": false,
        "code": true
      },
      "version": "6.2.2"
    },
    "marge": {
      "options": {
        "reportDir": "cypress/reports",
        "reportFilename": "report",
        "overwrite": false,
        "html": true,
        "json": true,
        "charts": true
      },
      "version": "5.2.0"
    }
  }
}