{
  "stats": {
    "suites": 1,
    "tests": 3,
    "passes": 3,
    "pending": 0,
    "failures": 0,
    "start": "2022-08-23T16:05:43.246Z",
    "end": "2022-08-23T16:06:21.923Z",
    "duration": 38677,
    "testsRegistered": 3,
    "passPercent": 100,
    "pendingPercent": 0,
    "other": 0,
    "hasOther": false,
    "skipped": 0,
    "hasSkipped": false
  },
  "results": [
    {
      "uuid": "ab0c5e25-02dc-4223-a85e-a04ca1ca3ecc",
      "title": "",
      "fullFile": "cypress\\e2e\\Admin_Testcases\\30_Notifications.spec.js",
      "file": "cypress\\e2e\\Admin_Testcases\\30_Notifications.spec.js",
      "beforeHooks": [],
      "afterHooks": [],
      "tests": [],
      "suites": [
        {
          "uuid": "fefae647-d530-4390-a81b-3636ae32b0ee",
          "title": "Notifications module testcases",
          "fullFile": "",
          "file": "",
          "beforeHooks": [],
          "afterHooks": [],
          "tests": [
            {
              "title": "As a Admin the user should be navigated to the notifications page by clicking on notifications tab",
              "fullTitle": "Notifications module testcases As a Admin the user should be navigated to the notifications page by clicking on notifications tab",
              "timedOut": null,
              "duration": 15762,
              "state": "passed",
              "speed": "slow",
              "pass": true,
              "fail": false,
              "pending": false,
              "context": null,
              "code": "cy.login(cred.email, cred.password);\ncy.url().should('contain', '/dashboard');\ncy.get('.space-y-4 > :nth-child(8)').should('be.visible').should('have.text', 'Notifications').click();\ncy.url().should('contain', '/notification');",
              "err": {},
              "uuid": "a10d2d86-7bef-4810-8128-1851b64998fd",
              "parentUUID": "fefae647-d530-4390-a81b-3636ae32b0ee",
              "isHook": false,
              "skipped": false
            },
            {
              "title": "At \"Notifications\" page each label and field should have proper label and validations",
              "fullTitle": "Notifications module testcases At \"Notifications\" page each label and field should have proper label and validations",
              "timedOut": null,
              "duration": 1255,
              "state": "passed",
              "speed": "fast",
              "pass": true,
              "fail": false,
              "pending": false,
              "context": null,
              "code": "cy.get('.font-bold').should('be.visible').should('contain', 'Notifications');\ncy.get('.mt-7').should('be.visible');",
              "err": {},
              "uuid": "5e79a8a7-42ae-4f05-883d-6ae7bdd4e62f",
              "parentUUID": "fefae647-d530-4390-a81b-3636ae32b0ee",
              "isHook": false,
              "skipped": false
            },
            {
              "title": "The Admin the user can able to see all the notifications under notifications page",
              "fullTitle": "Notifications module testcases The Admin the user can able to see all the notifications under notifications page",
              "timedOut": null,
              "duration": 10188,
              "state": "passed",
              "speed": "slow",
              "pass": true,
              "fail": false,
              "pending": false,
              "context": null,
              "code": "cy.get('.mt-7').should('be.visible');\ncy.get('.mt-7>div:nth-child(1)').should('be.visible');\ncy.get('.mt-7>div:nth-child(2)').should('be.visible');\ncy.logout();",
              "err": {},
              "uuid": "32f90ecb-4c07-4bf9-a4a8-56e14ee81d06",
              "parentUUID": "fefae647-d530-4390-a81b-3636ae32b0ee",
              "isHook": false,
              "skipped": false
            }
          ],
          "suites": [],
          "passes": [
            "a10d2d86-7bef-4810-8128-1851b64998fd",
            "5e79a8a7-42ae-4f05-883d-6ae7bdd4e62f",
            "32f90ecb-4c07-4bf9-a4a8-56e14ee81d06"
          ],
          "failures": [],
          "pending": [],
          "skipped": [],
          "duration": 27205,
          "root": false,
          "rootEmpty": false,
          "_timeout": 2000
        }
      ],
      "passes": [],
      "failures": [],
      "pending": [],
      "skipped": [],
      "duration": 0,
      "root": true,
      "rootEmpty": true,
      "_timeout": 2000
    }
  ],
  "meta": {
    "mocha": {
      "version": "7.0.1"
    },
    "mochawesome": {
      "options": {
        "quiet": false,
        "reportFilename": "report",
        "saveHtml": true,
        "saveJson": true,
        "consoleReporter": "spec",
        "useInlineDiffs": false,
        "code": true
      },
      "version": "7.0.1"
    },
    "marge": {
      "options": {
        "reportDir": "cypress/reports",
        "reportFilename": "report",
        "overwrite": false,
        "html": true,
        "json": true,
        "charts": true
      },
      "version": "6.0.1"
    }
  }
}