{
  "stats": {
    "suites": 1,
    "tests": 1,
    "passes": 0,
    "pending": 0,
    "failures": 1,
    "start": "2022-06-22T14:58:34.949Z",
    "end": "2022-06-22T14:59:18.744Z",
    "duration": 43795,
    "testsRegistered": 1,
    "passPercent": 0,
    "pendingPercent": 0,
    "other": 0,
    "hasOther": false,
    "skipped": 0,
    "hasSkipped": false
  },
  "results": [
    {
      "uuid": "47a4e3c2-add6-40ad-b760-b43ae7d2794d",
      "title": "",
      "fullFile": "cypress\\e2e\\Admin_Testcases\\19_On_The_Way.spec.js",
      "file": "cypress\\e2e\\Admin_Testcases\\19_On_The_Way.spec.js",
      "beforeHooks": [],
      "afterHooks": [],
      "tests": [],
      "suites": [
        {
          "uuid": "ada2d7c0-fc21-4419-91cc-d5db4b5022c8",
          "title": "On The Way Appointment Details Test cases",
          "fullFile": "",
          "file": "",
          "beforeHooks": [],
          "afterHooks": [],
          "tests": [
            {
              "title": "As a Admin the user should be navigated to the Appointment Details page of \"On The Way\" appointment by clicking on the eye icon against that appointment",
              "fullTitle": "On The Way Appointment Details Test cases As a Admin the user should be navigated to the Appointment Details page of \"On The Way\" appointment by clicking on the eye icon against that appointment",
              "timedOut": null,
              "duration": 34205,
              "state": "failed",
              "speed": null,
              "pass": false,
              "fail": true,
              "pending": false,
              "context": null,
              "code": "cy.login();\ncy.url().should('contain', '/dashboard');\ncy.get('.space-y-4 > :nth-child(4)').should('be.visible').should('have.text', 'Appointments').click();\ncy.url().should('contain', '/appointments');\ncy.get('.-mx-4>div:nth-child(2)>div:nth-child(2)>div:nth-child(3)').should('be.visible').should('have.text', 'Add Filter').click();\ncy.get('.py-1:nth-child(2)>div:nth-child(5)').should('be.visible').should('have.text', 'on the way').click();\ncy.wait(4000);\ncy.xpath('//div[contains(text(),\"N\")]').should('not.be.visible').then(() => {\n  cy.get('tbody>tr:nth-child(1)>td:nth-child(8)>div>svg').scrollIntoView().should('be.visible').click();\n  cy.wait(4000);\n  cy.get(':nth-child(3) > .font-semibold > .text-sm').should('be.visible').should('contain', 'on the way');\n});\nit('At \"Appointment details\" page each label and field should have proper label and validations', () => {\n  cy.get('.space-x-4 > .font-semibold').should('be.visible').should('have.text', 'Appointment Details');\n  cy.get('.w-7').should('be.visible');\n  cy.get('.min-h-screen.pb-2>div:nth-child(2)>div:nth-child(1)>div:nth-child(1)').should('be.visible');\n  cy.get('.mx-4 > :nth-child(2)>div:nth-child(1)>div').should('be.visible').should('have.text', 'Appointment ID');\n  cy.get('.mx-4 > :nth-child(2)>div:nth-child(2)>div').should('be.visible').should('have.text', 'Requested For');\n  cy.get('.mx-4 > :nth-child(2)>div:nth-child(3)>div:nth-child(1)').should('be.visible').should('have.text', 'Status');\n  cy.get('.mx-4 > :nth-child(3)>div:nth-child(2)>div').should('be.visible').should('have.text', 'Service Address');\n  cy.get('.mx-4 > :nth-child(3)>div:nth-child(1)>div').should('be.visible').should('have.text', 'Scheduled On');\n  cy.get('.mx-4 > :nth-child(4)>div:nth-child(1)').should('be.visible').should('have.text', 'Patients');\n  cy.get('.mx-4 > :nth-child(5)>div:nth-child(1)').should('be.visible').should('have.text', 'Services Requested');\n  cy.get('.mx-4 > :nth-child(6)>div:nth-child(1)').should('be.visible').should('have.text', 'Provider Details');\n  cy.get('.py-4:nth-child(6)>div:nth-child(2)>div:nth-child(1)').should('be.visible');\n  cy.get('[textid=\"cancel.appointment\"]').should('have.text', 'Cancel Appointment');\n});\nit('The unique appointment id should be displayed', () => {\n  cy.get('.mx-4 > :nth-child(2)>div:nth-child(1)>div').should('be.visible').should('have.text', 'Appointment ID');\n});\nit('The date requested by the patient should be displayed', () => {\n  cy.get('.mx-4 > :nth-child(2)>div:nth-child(2)>div').should('be.visible').should('have.text', 'Requested For');\n});\nit('The Service Address where the patient requested the service should be displayed', () => {\n  cy.get('.mx-4 > :nth-child(3)>div:nth-child(2)>div').should('be.visible').should('have.text', 'Service Address');\n});\nit('As a Admin the user should be navigated to the medical history page of particular patient by clicking on the name card of that particular patient', () => {\n  cy.get('.justify-between > .flex > .w-6').should('be.visible').click();\n  cy.wait(4000);\n  cy.get('svg.h-6').should('be.visible').click();\n});\nit('The list of services requested by the patient should be displayed', () => {\n  cy.get('.mx-4 > :nth-child(5)>div:nth-child(1)').should('have.text', 'Services Requested');\n});\nit('The Appointment scheduled date and time should be displayed', () => {\n  cy.get('.py-6:nth-child(3)>div:nth-child(1)>span').should('be.visible');\n  cy.wait(5000);\n});\nit('As a Admin the user should be navigated to the Profile details page of provider by clicking on name card of the provider', () => {\n  cy.get('.py-4:nth-child(6)>div:nth-child(2)>div:nth-child(1)').should('be.visible').click();\n  cy.wait(5000);\n  cy.url().should('contain', '/providers');\n  cy.get('.col-span-12 > div:nth-child(1) > div').should('be.visible');\n  cy.get('.space-x-4.text-primary > svg').should('be.visible').click();\n  cy.wait(5000);\n});\nit('As a Admin the user can chat with provider by clicking on chat icon against the provider', () => {\n  cy.get('.py-4:nth-child(6)>div:nth-child(2)>div:nth-child(1)>div>div:nth-child(2)').should('be.visible').click();\n  cy.wait(5000);\n  cy.url().should('contain', '/chat');\n  cy.get('.space-x-4.text-primary > svg').should('be.visible').click();\n  cy.wait(5000);\n});\nit('As a Admin the user can cancel the appointment after entering the cancellation reason by clicking on the cancel button', () => {\n  cy.get('[textid=\"cancel.appointment\"]').should('be.visible').should('have.text', 'Cancel Appointment').click();\n  cy.wait(3000);\n  cy.get('.hidden>div:nth-child(1)>div').should('be.visible').should('have.text', 'Confirmation');\n  cy.get('.hidden>div:nth-child(1)>svg').should('be.visible');\n  cy.get('div.hidden>div:nth-child(2)>div').should('be.visible').should('have.text', 'Are you sure, want to cancel this appointment.');\n  cy.get('div.hidden>div:nth-child(2)>form>div:nth-child(1)>div>label').should('be.visible').should('have.text', 'Reason For Cancellation');\n  cy.get('div.hidden>div:nth-child(2)>form>div:nth-child(1)>div>div>textarea').should('be.visible');\n  cy.get('div.hidden>div:nth-child(2)>form>div:nth-child(1)>div>div>textarea').should('be.visible').type('Provider not available');\n  cy.get('div.hidden>div:nth-child(2)>form>div:nth-child(2)>button').should('be.visible').should('have.text', 'Cancel Appointment').click();\n  cy.wait(5000);\n  cy.get(':nth-child(3) > .font-semibold > .text-sm').should('be.visible').should('have.text', 'cancelled');\n});\ncy.logout();",
              "err": {
                "message": "AssertionError: Timed out retrying after 15000ms: expected '[ <div.truncate>, 2 more... ]' not to be 'visible'",
                "estack": "AssertionError: Timed out retrying after 15000ms: expected '[ <div.truncate>, 2 more... ]' not to be 'visible'\n    at Context.eval (https://qa.rch.build-release.com/__cypress/tests?p=cypress\\e2e\\Admin_Testcases\\19_On_The_Way.spec.js:111:45)",
                "diff": null
              },
              "uuid": "5c9a252d-b71d-49cb-ae03-e316f7e59971",
              "parentUUID": "ada2d7c0-fc21-4419-91cc-d5db4b5022c8",
              "isHook": false,
              "skipped": false
            }
          ],
          "suites": [],
          "passes": [],
          "failures": [
            "5c9a252d-b71d-49cb-ae03-e316f7e59971"
          ],
          "pending": [],
          "skipped": [],
          "duration": 34205,
          "root": false,
          "rootEmpty": false,
          "_timeout": 2000
        }
      ],
      "passes": [],
      "failures": [],
      "pending": [],
      "skipped": [],
      "duration": 0,
      "root": true,
      "rootEmpty": true,
      "_timeout": 2000
    }
  ],
  "meta": {
    "mocha": {
      "version": "7.0.1"
    },
    "mochawesome": {
      "options": {
        "quiet": false,
        "reportFilename": "report",
        "saveHtml": true,
        "saveJson": true,
        "consoleReporter": "spec",
        "useInlineDiffs": false,
        "code": true
      },
      "version": "7.0.1"
    },
    "marge": {
      "options": {
        "reportDir": "cypress/reports",
        "reportFilename": "report",
        "overwrite": false,
        "html": true,
        "json": true,
        "charts": true
      },
      "version": "6.0.1"
    }
  }
}