{
  "stats": {
    "suites": 1,
    "tests": 8,
    "passes": 8,
    "pending": 0,
    "failures": 0,
    "start": "2021-09-21T11:30:53.688Z",
    "end": "2021-09-21T11:31:31.923Z",
    "duration": 38235,
    "testsRegistered": 8,
    "passPercent": 100,
    "pendingPercent": 0,
    "other": 0,
    "hasOther": false,
    "skipped": 0,
    "hasSkipped": false
  },
  "results": [
    {
      "uuid": "6a02aa2b-4c9f-43a5-8149-21af3ec10be6",
      "title": "",
      "fullFile": "cypress/integration/Admin_Testcases/12_PatientChat.spec.js",
      "file": "cypress/integration/Admin_Testcases/12_PatientChat.spec.js",
      "beforeHooks": [],
      "afterHooks": [],
      "tests": [],
      "suites": [
        {
          "uuid": "20a28e3b-0739-42df-b31e-e0a347ffb50e",
          "title": "Patient Chat module testcases",
          "fullFile": "",
          "file": "",
          "beforeHooks": [],
          "afterHooks": [],
          "tests": [
            {
              "title": "As a Admin the user should be navigated to the patient chat page of any patient by clicking on chats icon against that particular patient",
              "fullTitle": "Patient Chat module testcases As a Admin the user should be navigated to the patient chat page of any patient by clicking on chats icon against that particular patient",
              "timedOut": null,
              "duration": 11210,
              "state": "passed",
              "speed": "slow",
              "pass": true,
              "fail": false,
              "pending": false,
              "context": null,
              "code": "cy.login(cred.email, cred.password);\ncy.url().should('contain', '/patients');\ncy.get('.bg-white > .w-full').should('be.visible').type('pawankumar@yopmail.com');\ncy.wait(2000);\ncy.get('tr:nth-child(1) > td:nth-child(7) > div > div > svg > path').scrollIntoView().click({\n  force: true\n});\ncy.url().should('contain', '/chat');",
              "err": {},
              "uuid": "6fb5a867-9e5e-43b2-a04c-6b0e62454bf1",
              "parentUUID": "20a28e3b-0739-42df-b31e-e0a347ffb50e",
              "isHook": false,
              "skipped": false
            },
            {
              "title": "At \"Chats\" page each label and field should have proper label and validations",
              "fullTitle": "Patient Chat module testcases At \"Chats\" page each label and field should have proper label and validations",
              "timedOut": null,
              "duration": 1295,
              "state": "passed",
              "speed": "slow",
              "pass": true,
              "fail": false,
              "pending": false,
              "context": null,
              "code": "cy.get('.font-bold').should('be.visible').should('have.text', 'Chat');\ncy.get('.flex-wrap > .h-6').should('be.visible');\ncy.get('.rounded-3xl').should('be.visible');\ncy.get('.w-full > .cursor-pointer').should('be.visible');",
              "err": {},
              "uuid": "a195b0c0-fa69-44d7-8926-54ce741316bf",
              "parentUUID": "20a28e3b-0739-42df-b31e-e0a347ffb50e",
              "isHook": false,
              "skipped": false
            },
            {
              "title": "The user should able to see all the chats between the Admin and patients",
              "fullTitle": "Patient Chat module testcases The user should able to see all the chats between the Admin and patients",
              "timedOut": null,
              "duration": 2115,
              "state": "passed",
              "speed": "slow",
              "pass": true,
              "fail": false,
              "pending": false,
              "context": null,
              "code": "cy.get('div:nth-child(1) > div > div > div > div.p-3.rounded-lg.relative.bg-lightChatGray').scrollIntoView().should('be.visible').should('contain', 'hi');\ncy.get('div.pb-6 > div > div > div > a > div').scrollIntoView().should('be.visible');",
              "err": {},
              "uuid": "80d9b2e1-af89-441f-ad80-6e3fcf83cdd5",
              "parentUUID": "20a28e3b-0739-42df-b31e-e0a347ffb50e",
              "isHook": false,
              "skipped": false
            },
            {
              "title": "As a Admin the user should able to send message to the patients",
              "fullTitle": "Patient Chat module testcases As a Admin the user should able to send message to the patients",
              "timedOut": null,
              "duration": 5732,
              "state": "passed",
              "speed": "slow",
              "pass": true,
              "fail": false,
              "pending": false,
              "context": null,
              "code": "cy.get('.w-full > .bg-white').should('be.visible').type('hi');\ncy.wait(2000);\ncy.get('.w-full > .cursor-pointer').should('be.visible').click();\ncy.wait(3000);",
              "err": {},
              "uuid": "dc8cacef-35fa-40f8-9b17-1c04c6c1b175",
              "parentUUID": "20a28e3b-0739-42df-b31e-e0a347ffb50e",
              "isHook": false,
              "skipped": false
            },
            {
              "title": "The message sent by Admin should be received by the Patients",
              "fullTitle": "Patient Chat module testcases The message sent by Admin should be received by the Patients",
              "timedOut": null,
              "duration": 56,
              "state": "passed",
              "speed": "medium",
              "pass": true,
              "fail": false,
              "pending": false,
              "context": null,
              "code": "cy.get('div.pb-6 > div > div > div > div.p-3.rounded-lg.relative.bg-primary.text-white').should('be.visible').should('contain', 'hi');",
              "err": {},
              "uuid": "2c659b4b-7352-4391-bced-bcef9bb184b8",
              "parentUUID": "20a28e3b-0739-42df-b31e-e0a347ffb50e",
              "isHook": false,
              "skipped": false
            },
            {
              "title": "As a Admin the user can able to send the documents and images by clicking on attachments icon",
              "fullTitle": "Patient Chat module testcases As a Admin the user can able to send the documents and images by clicking on attachments icon",
              "timedOut": null,
              "duration": 4425,
              "state": "passed",
              "speed": "slow",
              "pass": true,
              "fail": false,
              "pending": false,
              "context": null,
              "code": "cy.get('.opacity-0').attachFile('faf.jpg');\ncy.wait(2000);\ncy.get('.w-60 > img').should('be.visible');\ncy.get('.opacity-0').attachFile('file.pdf');\ncy.wait(2000);\ncy.get('.w-60 > :nth-child(1) > img').should('be.visible');",
              "err": {},
              "uuid": "fa3ce527-16f5-427a-86fa-05715a513a36",
              "parentUUID": "20a28e3b-0739-42df-b31e-e0a347ffb50e",
              "isHook": false,
              "skipped": false
            },
            {
              "title": "The Admin can see the full length image on a separate window by clicking on that particular image",
              "fullTitle": "Patient Chat module testcases The Admin can see the full length image on a separate window by clicking on that particular image",
              "timedOut": null,
              "duration": 3279,
              "state": "passed",
              "speed": "slow",
              "pass": true,
              "fail": false,
              "pending": false,
              "context": null,
              "code": "cy.get('div:nth-child(14) > div > div > div > a > div').scrollIntoView().should('be.visible').click();\ncy.wait(3000);",
              "err": {},
              "uuid": "a11def5b-87eb-40bd-90ea-7b75d8f67813",
              "parentUUID": "20a28e3b-0739-42df-b31e-e0a347ffb50e",
              "isHook": false,
              "skipped": false
            },
            {
              "title": "The Admin can open the document in a separate window by clicking on the particular document",
              "fullTitle": "Patient Chat module testcases The Admin can open the document in a separate window by clicking on the particular document",
              "timedOut": null,
              "duration": 5456,
              "state": "passed",
              "speed": "slow",
              "pass": true,
              "fail": false,
              "pending": false,
              "context": null,
              "code": "cy.get('#chatList > div.pb-6 > div > div > div > a > div').scrollIntoView().should('be.visible').click();\ncy.wait(3000);\ncy.logout();",
              "err": {},
              "uuid": "a85e122f-6377-42ef-9344-45c1bf20268b",
              "parentUUID": "20a28e3b-0739-42df-b31e-e0a347ffb50e",
              "isHook": false,
              "skipped": false
            }
          ],
          "suites": [],
          "passes": [
            "6fb5a867-9e5e-43b2-a04c-6b0e62454bf1",
            "a195b0c0-fa69-44d7-8926-54ce741316bf",
            "80d9b2e1-af89-441f-ad80-6e3fcf83cdd5",
            "dc8cacef-35fa-40f8-9b17-1c04c6c1b175",
            "2c659b4b-7352-4391-bced-bcef9bb184b8",
            "fa3ce527-16f5-427a-86fa-05715a513a36",
            "a11def5b-87eb-40bd-90ea-7b75d8f67813",
            "a85e122f-6377-42ef-9344-45c1bf20268b"
          ],
          "failures": [],
          "pending": [],
          "skipped": [],
          "duration": 33568,
          "root": false,
          "rootEmpty": false,
          "_timeout": 2000
        }
      ],
      "passes": [],
      "failures": [],
      "pending": [],
      "skipped": [],
      "duration": 0,
      "root": true,
      "rootEmpty": true,
      "_timeout": 2000
    }
  ],
  "meta": {
    "mocha": {
      "version": "7.0.1"
    },
    "mochawesome": {
      "options": {
        "quiet": false,
        "reportFilename": "report",
        "saveHtml": true,
        "saveJson": true,
        "consoleReporter": "spec",
        "useInlineDiffs": false,
        "code": true
      },
      "version": "6.2.2"
    },
    "marge": {
      "options": {
        "reportDir": "cypress/reports",
        "reportFilename": "report",
        "overwrite": false,
        "html": true,
        "json": true,
        "charts": true
      },
      "version": "5.2.0"
    }
  }
}