{
  "stats": {
    "suites": 1,
    "tests": 10,
    "passes": 6,
    "pending": 0,
    "failures": 4,
    "start": "2022-04-21T06:17:40.233Z",
    "end": "2022-04-21T06:19:04.824Z",
    "duration": 84591,
    "testsRegistered": 10,
    "passPercent": 60,
    "pendingPercent": 0,
    "other": 0,
    "hasOther": false,
    "skipped": 0,
    "hasSkipped": false
  },
  "results": [
    {
      "uuid": "71600d6b-064b-449f-9497-da1f03a2c970",
      "title": "",
      "fullFile": "cypress/integration/Admin_Testcases/05_invite_providers.spec.js",
      "file": "cypress/integration/Admin_Testcases/05_invite_providers.spec.js",
      "beforeHooks": [],
      "afterHooks": [],
      "tests": [],
      "suites": [
        {
          "uuid": "357d6888-a19a-4ae4-ad64-f6a09c5c2682",
          "title": "Provider module testcases",
          "fullFile": "",
          "file": "",
          "beforeHooks": [],
          "afterHooks": [],
          "tests": [
            {
              "title": "As a Admin I should be albe to navigate on invited provider listing page",
              "fullTitle": "Provider module testcases As a Admin I should be albe to navigate on invited provider listing page",
              "timedOut": null,
              "duration": 8679,
              "state": "passed",
              "speed": "slow",
              "pass": true,
              "fail": false,
              "pending": false,
              "context": null,
              "code": "cy.login();\ncy.get('.space-y-4 > :nth-child(3)').should('be.visible').should('have.text', 'Providers').click();\ncy.url().should('include', '/providers');\ncy.get('div.space-x-4.flex > button:nth-child(1)').should('be.visible').should('have.text', 'Pending Invitations').click();\ncy.url().should('include', '/invitation');",
              "err": {},
              "uuid": "02bb228d-a5cb-4b19-9b54-f359bab1f201",
              "parentUUID": "357d6888-a19a-4ae4-ad64-f6a09c5c2682",
              "isHook": false,
              "skipped": false
            },
            {
              "title": "At invited providers page each label and field should have proper label and proper validations",
              "fullTitle": "Provider module testcases At invited providers page each label and field should have proper label and proper validations",
              "timedOut": null,
              "duration": 2069,
              "state": "passed",
              "speed": "slow",
              "pass": true,
              "fail": false,
              "pending": false,
              "context": null,
              "code": "cy.get('thead > tr > :nth-child(1) > div').should('be.visible').and('have.text', 'Email');\ncy.get('thead > tr > :nth-child(2) > div').should('be.visible').should('contain', 'Phone Number');\ncy.get('thead > tr > :nth-child(3) > div').should('be.visible').and('have.text', 'Invited On');\ncy.get('thead > tr > :nth-child(4) > div').should('be.visible').and('have.text', 'Status');\ncy.get('thead > tr > :nth-child(5) > div').should('be.visible').and('contain', 'Action');\ncy.xpath(\"//button[@textid='provider.invite']\").should('be.visible').should('have.text', 'Invite Provider');\ncy.get('div.flex.flex-wrap>div:nth-child(1)>div').should('be.visible').and('contain', 'Invited Providers');",
              "err": {},
              "uuid": "db3d4663-a775-4010-a641-5972c3250737",
              "parentUUID": "357d6888-a19a-4ae4-ad64-f6a09c5c2682",
              "isHook": false,
              "skipped": false
            },
            {
              "title": "As a admin the user should be able to go the next page of the pending invitations list by clicking on next button",
              "fullTitle": "Provider module testcases As a admin the user should be able to go the next page of the pending invitations list by clicking on next button",
              "timedOut": null,
              "duration": 209,
              "state": "passed",
              "speed": "slow",
              "pass": true,
              "fail": false,
              "pending": false,
              "context": null,
              "code": "cy.get('.mt-1:nth-child(2)').should('be.visible').should('have.text', 'Next').click();",
              "err": {},
              "uuid": "5bba31aa-1e89-4b08-a5fa-481d49db4c51",
              "parentUUID": "357d6888-a19a-4ae4-ad64-f6a09c5c2682",
              "isHook": false,
              "skipped": false
            },
            {
              "title": "As a admin the user should be able to go the previous page of the pending invitations list by clicking on previous button",
              "fullTitle": "Provider module testcases As a admin the user should be able to go the previous page of the pending invitations list by clicking on previous button",
              "timedOut": null,
              "duration": 480,
              "state": "passed",
              "speed": "slow",
              "pass": true,
              "fail": false,
              "pending": false,
              "context": null,
              "code": "cy.get('.mt-1:nth-child(1)').should('be.visible').should('have.text', 'Previous').click();",
              "err": {},
              "uuid": "09eb99e1-f666-4e11-b7ee-dc1f5b294ffa",
              "parentUUID": "357d6888-a19a-4ae4-ad64-f6a09c5c2682",
              "isHook": false,
              "skipped": false
            },
            {
              "title": "As a Admin I should be albe to get a pop up window of invite provider by clicking on invite provider button",
              "fullTitle": "Provider module testcases As a Admin I should be albe to get a pop up window of invite provider by clicking on invite provider button",
              "timedOut": null,
              "duration": 189,
              "state": "passed",
              "speed": "slow",
              "pass": true,
              "fail": false,
              "pending": false,
              "context": null,
              "code": "cy.xpath(\"//button[@textid='provider.invite']\").should('have.text', 'Invite Provider').click();\ncy.get('div.my-5.text-primary.text-base.font-bold').should('be.visible');",
              "err": {},
              "uuid": "7a2bb740-863f-45bd-afc6-480007ce31e8",
              "parentUUID": "357d6888-a19a-4ae4-ad64-f6a09c5c2682",
              "isHook": false,
              "skipped": false
            },
            {
              "title": "At invited providers pop up window each label and field should have proper label and proper validations",
              "fullTitle": "Provider module testcases At invited providers pop up window each label and field should have proper label and proper validations",
              "timedOut": null,
              "duration": 1152,
              "state": "passed",
              "speed": "slow",
              "pass": true,
              "fail": false,
              "pending": false,
              "context": null,
              "code": "cy.get('.my-5').should('be.visible').should('have.text', 'Invite Provider');\ncy.get('.w-5').should('be.visible');\ncy.get('form>div:nth-child(1)>label').should('be.visible').and('have.text', 'Email');\ncy.get('form>div:nth-child(1)>div').should('be.visible');\ncy.get('form>div:nth-child(2)>label').should('be.visible').and('contain', 'Phone Number');\ncy.get('form>div:nth-child(2)>div').should('be.visible');\ncy.get('form>div:nth-child(3)>button:nth-child(1)').should('be.visible').and('have.text', 'Cancel');\ncy.get('form>div:nth-child(3)>button:nth-child(2)').should('be.visible').and('have.text', 'Invite');\ncy.get('form>div:nth-child(1)>div').clear().type('sdada@dada@asd.com');\ncy.get('#update-profile').click();\ncy.get('.text-red-600').should('be.visible').and('have.text', 'Email is not valid');",
              "err": {},
              "uuid": "7e8748d3-a1c1-4311-b805-403c23070925",
              "parentUUID": "357d6888-a19a-4ae4-ad64-f6a09c5c2682",
              "isHook": false,
              "skipped": false
            },
            {
              "title": "As a Admin I shoual be able to invite provider",
              "fullTitle": "Provider module testcases As a Admin I shoual be able to invite provider",
              "timedOut": null,
              "duration": 16767,
              "state": "failed",
              "speed": null,
              "pass": false,
              "fail": true,
              "pending": false,
              "context": null,
              "code": "const email = _faker.default.name.firstName() + '@mailinator.com';\nconst phone = _faker.default.phone.phoneNumber('(###)-###-####');\ncy.get('form>div:nth-child(1)>div>input').clear().type(email);\ncy.get('form>div:nth-child(2)>div>input').clear().type(phone);\ncy.get('#update-profile').click();\ncy.writeFile('cypress/fixtures/provider.json', {\n  email: email,\n  phone: phone\n});\ncy.contains('Invitation sent successfully.');",
              "err": {
                "message": "AssertionError: Timed out retrying after 15000ms: Expected to find content: 'Invitation sent successfully.' but never did.",
                "estack": "AssertionError: Timed out retrying after 15000ms: Expected to find content: 'Invitation sent successfully.' but never did.\n    at Context.eval (https://qa.rch.build-release.com/__cypress/tests?p=cypress\\integration\\Admin_Testcases\\05_invite_providers.spec.js:174:8)",
                "diff": null
              },
              "uuid": "9d9608fe-86a1-417f-8f03-358c8a6a7699",
              "parentUUID": "357d6888-a19a-4ae4-ad64-f6a09c5c2682",
              "isHook": false,
              "skipped": false
            },
            {
              "title": "As a Admin I should be able to see invited provider into the provider list",
              "fullTitle": "Provider module testcases As a Admin I should be able to see invited provider into the provider list",
              "timedOut": null,
              "duration": 15625,
              "state": "failed",
              "speed": null,
              "pass": false,
              "fail": true,
              "pending": false,
              "context": null,
              "code": "cy.readFile('cypress/fixtures/provider.json').then(provider => {\n  cy.get(':nth-child(1) > :nth-child(1) > div > .text-gray-900').should('be.visible').and('have.text', provider.email.toLowerCase());\n});",
              "err": {
                "message": "AssertionError: Timed out retrying after 15000ms: expected '<p.text-gray-900.whitespace-no-wrap>' to have text 'idella@mailinator.com', but the text was 'paula@mailinator.com'",
                "estack": "AssertionError: Timed out retrying after 15000ms: expected '<p.text-gray-900.whitespace-no-wrap>' to have text 'idella@mailinator.com', but the text was 'paula@mailinator.com'\n    at Context.eval (https://qa.rch.build-release.com/__cypress/tests?p=cypress\\integration\\Admin_Testcases\\05_invite_providers.spec.js:178:91)",
                "diff": "- 'paula@mailinator.com'\n+ 'idella@mailinator.com'\n"
              },
              "uuid": "9c8b6ceb-1545-4fdb-af24-c7d4b5d3d72f",
              "parentUUID": "357d6888-a19a-4ae4-ad64-f6a09c5c2682",
              "isHook": false,
              "skipped": false
            },
            {
              "title": "As a admin the user should be able to search any prodvider with his name or email",
              "fullTitle": "Provider module testcases As a admin the user should be able to search any prodvider with his name or email",
              "timedOut": null,
              "duration": 15858,
              "state": "failed",
              "speed": null,
              "pass": false,
              "fail": true,
              "pending": false,
              "context": null,
              "code": "cy.readFile('cypress/fixtures/provider.json').then(provider => {\n  cy.get('[type=search]').should('be.visible').type(provider.email.toLowerCase());\n  cy.wait(5000);\n  cy.get('tr:nth-child(1)>td:nth-child(1)').should('be.visible').should('have.text', provider.email.toLowerCase());\n  cy.wait(2000);\n  cy.get('[type=search]').should('be.visible').clear().type(provider.phone);\n  cy.get('tr:nth-child(1)>td:nth-child(2)').should('be.visible').should('contain', provider.phone);\n});",
              "err": {
                "message": "CypressError: Timed out retrying after 15000ms: `cy.type()` failed because this element:\n\n`<input class=\"w-full rounded pr-0.5 py-2 outline-none text-sm\" autocomplete=\"off\" placeholder=\"Search for phone or email.\" type=\"search\" name=\"search\" value=\"\">`\n\nis being covered by another element:\n\n`<div class=\"ReactModal__Overlay ReactModal__Overlay--after-open\" style=\"position: fixed; inset: 0px; background: rgba(25, 31, 41, 0.51); z-index: 100;\">...</div>`\n\nFix this problem, or use {force: true} to disable error checking.\n\nhttps://on.cypress.io/element-cannot-be-interacted-with",
                "estack": "CypressError: Timed out retrying after 15000ms: `cy.type()` failed because this element:\n\n`<input class=\"w-full rounded pr-0.5 py-2 outline-none text-sm\" autocomplete=\"off\" placeholder=\"Search for phone or email.\" type=\"search\" name=\"search\" value=\"\">`\n\nis being covered by another element:\n\n`<div class=\"ReactModal__Overlay ReactModal__Overlay--after-open\" style=\"position: fixed; inset: 0px; background: rgba(25, 31, 41, 0.51); z-index: 100;\">...</div>`\n\nFix this problem, or use {force: true} to disable error checking.\n\nhttps://on.cypress.io/element-cannot-be-interacted-with\n    at $Cy.ensureDescendents (https://qa.rch.build-release.com/__cypress/runner/cypress_runner.js:160645:87)\n    at ensureDescendents (https://qa.rch.build-release.com/__cypress/runner/cypress_runner.js:147543:8)\n    at ensureDescendentsAndScroll (https://qa.rch.build-release.com/__cypress/runner/cypress_runner.js:147550:14)\n    at ensureElIsNotCovered (https://qa.rch.build-release.com/__cypress/runner/cypress_runner.js:147684:5)\n    at runAllChecks (https://qa.rch.build-release.com/__cypress/runner/cypress_runner.js:147871:52)\n    at retryActionability (https://qa.rch.build-release.com/__cypress/runner/cypress_runner.js:147894:16)\n    at tryCatcher (https://qa.rch.build-release.com/__cypress/runner/cypress_runner.js:13212:23)\n    at Function.Promise.attempt.Promise.try (https://qa.rch.build-release.com/__cypress/runner/cypress_runner.js:10486:29)\n    at tryFn (https://qa.rch.build-release.com/__cypress/runner/cypress_runner.js:165305:61)\n    at whenStable (https://qa.rch.build-release.com/__cypress/runner/cypress_runner.js:165344:14)\n    at https://qa.rch.build-release.com/__cypress/runner/cypress_runner.js:164831:18\n    at tryCatcher (https://qa.rch.build-release.com/__cypress/runner/cypress_runner.js:13212:23)\n    at Promise._settlePromiseFromHandler (https://qa.rch.build-release.com/__cypress/runner/cypress_runner.js:11147:31)\n    at Promise._settlePromise (https://qa.rch.build-release.com/__cypress/runner/cypress_runner.js:11204:18)\n    at Promise._settlePromise0 (https://qa.rch.build-release.com/__cypress/runner/cypress_runner.js:11249:10)\n    at Promise._settlePromises (https://qa.rch.build-release.com/__cypress/runner/cypress_runner.js:11329:18)\nFrom Your Spec Code:\n    at Context.eval (https://qa.rch.build-release.com/__cypress/tests?p=cypress\\integration\\Admin_Testcases\\05_invite_providers.spec.js:183:52)",
                "diff": null
              },
              "uuid": "aa2aa2c6-21b1-429a-8604-ec0e0422889d",
              "parentUUID": "357d6888-a19a-4ae4-ad64-f6a09c5c2682",
              "isHook": false,
              "skipped": false
            },
            {
              "title": "As a Admin I should be able to able to resend the invitation code.",
              "fullTitle": "Provider module testcases As a Admin I should be able to able to resend the invitation code.",
              "timedOut": null,
              "duration": 15506,
              "state": "failed",
              "speed": null,
              "pass": false,
              "fail": true,
              "pending": false,
              "context": null,
              "code": "cy.xpath(\"//div[@textid='resend']\").first().click();\ncy.contains(\"Invitation sent successfully.\").should('be.visible');\ncy.logout();",
              "err": {
                "message": "CypressError: Timed out retrying after 15050ms: `cy.click()` failed because this element:\n\n`<div class=\"uppercase cursor-pointer\" textid=\"resend\">...</div>`\n\nis being covered by another element:\n\n`<div class=\"ReactModal__Overlay ReactModal__Overlay--after-open\" style=\"position: fixed; inset: 0px; background: rgba(25, 31, 41, 0.51); z-index: 100;\">...</div>`\n\nFix this problem, or use {force: true} to disable error checking.\n\nhttps://on.cypress.io/element-cannot-be-interacted-with",
                "estack": "CypressError: Timed out retrying after 15050ms: `cy.click()` failed because this element:\n\n`<div class=\"uppercase cursor-pointer\" textid=\"resend\">...</div>`\n\nis being covered by another element:\n\n`<div class=\"ReactModal__Overlay ReactModal__Overlay--after-open\" style=\"position: fixed; inset: 0px; background: rgba(25, 31, 41, 0.51); z-index: 100;\">...</div>`\n\nFix this problem, or use {force: true} to disable error checking.\n\nhttps://on.cypress.io/element-cannot-be-interacted-with\n    at $Cy.ensureDescendents (https://qa.rch.build-release.com/__cypress/runner/cypress_runner.js:160645:87)\n    at ensureDescendents (https://qa.rch.build-release.com/__cypress/runner/cypress_runner.js:147543:8)\n    at ensureDescendentsAndScroll (https://qa.rch.build-release.com/__cypress/runner/cypress_runner.js:147550:14)\n    at ensureElIsNotCovered (https://qa.rch.build-release.com/__cypress/runner/cypress_runner.js:147684:5)\n    at runAllChecks (https://qa.rch.build-release.com/__cypress/runner/cypress_runner.js:147871:52)\n    at retryActionability (https://qa.rch.build-release.com/__cypress/runner/cypress_runner.js:147894:16)\n    at tryCatcher (https://qa.rch.build-release.com/__cypress/runner/cypress_runner.js:13212:23)\n    at Function.Promise.attempt.Promise.try (https://qa.rch.build-release.com/__cypress/runner/cypress_runner.js:10486:29)\n    at tryFn (https://qa.rch.build-release.com/__cypress/runner/cypress_runner.js:165305:61)\n    at whenStable (https://qa.rch.build-release.com/__cypress/runner/cypress_runner.js:165344:14)\n    at https://qa.rch.build-release.com/__cypress/runner/cypress_runner.js:164831:18\n    at tryCatcher (https://qa.rch.build-release.com/__cypress/runner/cypress_runner.js:13212:23)\n    at Promise._settlePromiseFromHandler (https://qa.rch.build-release.com/__cypress/runner/cypress_runner.js:11147:31)\n    at Promise._settlePromise (https://qa.rch.build-release.com/__cypress/runner/cypress_runner.js:11204:18)\n    at Promise._settlePromise0 (https://qa.rch.build-release.com/__cypress/runner/cypress_runner.js:11249:10)\n    at Promise._settlePromises (https://qa.rch.build-release.com/__cypress/runner/cypress_runner.js:11329:18)\nFrom Your Spec Code:\n    at Context.eval (https://qa.rch.build-release.com/__cypress/tests?p=cypress\\integration\\Admin_Testcases\\05_invite_providers.spec.js:192:49)",
                "diff": null
              },
              "uuid": "71a24969-d7b2-4c9d-86a6-d8a950ac6985",
              "parentUUID": "357d6888-a19a-4ae4-ad64-f6a09c5c2682",
              "isHook": false,
              "skipped": false
            }
          ],
          "suites": [],
          "passes": [
            "02bb228d-a5cb-4b19-9b54-f359bab1f201",
            "db3d4663-a775-4010-a641-5972c3250737",
            "5bba31aa-1e89-4b08-a5fa-481d49db4c51",
            "09eb99e1-f666-4e11-b7ee-dc1f5b294ffa",
            "7a2bb740-863f-45bd-afc6-480007ce31e8",
            "7e8748d3-a1c1-4311-b805-403c23070925"
          ],
          "failures": [
            "9d9608fe-86a1-417f-8f03-358c8a6a7699",
            "9c8b6ceb-1545-4fdb-af24-c7d4b5d3d72f",
            "aa2aa2c6-21b1-429a-8604-ec0e0422889d",
            "71a24969-d7b2-4c9d-86a6-d8a950ac6985"
          ],
          "pending": [],
          "skipped": [],
          "duration": 76534,
          "root": false,
          "rootEmpty": false,
          "_timeout": 2000
        }
      ],
      "passes": [],
      "failures": [],
      "pending": [],
      "skipped": [],
      "duration": 0,
      "root": true,
      "rootEmpty": true,
      "_timeout": 2000
    }
  ],
  "meta": {
    "mocha": {
      "version": "7.0.1"
    },
    "mochawesome": {
      "options": {
        "quiet": false,
        "reportFilename": "report",
        "saveHtml": true,
        "saveJson": true,
        "consoleReporter": "spec",
        "useInlineDiffs": false,
        "code": true
      },
      "version": "7.0.1"
    },
    "marge": {
      "options": {
        "reportDir": "cypress/reports",
        "reportFilename": "report",
        "overwrite": false,
        "html": true,
        "json": true,
        "charts": true
      },
      "version": "6.0.1"
    }
  }
}