{
  "stats": {
    "suites": 1,
    "tests": 12,
    "passes": 0,
    "pending": 0,
    "failures": 12,
    "start": "2022-08-08T06:47:51.963Z",
    "end": "2022-08-08T06:51:16.793Z",
    "duration": 204830,
    "testsRegistered": 12,
    "passPercent": 0,
    "pendingPercent": 0,
    "other": 0,
    "hasOther": false,
    "skipped": 0,
    "hasSkipped": false
  },
  "results": [
    {
      "uuid": "2b73608d-a1d6-496f-b9b7-4e0285a713d6",
      "title": "",
      "fullFile": "cypress\\e2e\\Admin_Testcases\\17_Awaiting_Time.spec.js",
      "file": "cypress\\e2e\\Admin_Testcases\\17_Awaiting_Time.spec.js",
      "beforeHooks": [],
      "afterHooks": [],
      "tests": [],
      "suites": [
        {
          "uuid": "d43d729e-fa63-42c5-afef-a2b61ff4530f",
          "title": "Awaiting Time Appointment Details Test cases",
          "fullFile": "",
          "file": "",
          "beforeHooks": [],
          "afterHooks": [],
          "tests": [
            {
              "title": "As a Admin the user should be navigated to the Appointment Details page of \"Awaiting Time\" appointment by clicking on the eye icon against that appointment",
              "fullTitle": "Awaiting Time Appointment Details Test cases As a Admin the user should be navigated to the Appointment Details page of \"Awaiting Time\" appointment by clicking on the eye icon against that appointment",
              "timedOut": null,
              "duration": 27552,
              "state": "failed",
              "speed": null,
              "pass": false,
              "fail": true,
              "pending": false,
              "context": null,
              "code": "cy.login();\ncy.url().should('contain', '/dashboard');\ncy.xpath('//nav/div[2]/div[2]').should('be.visible').should('have.text', 'Patients').click();\ncy.url().should('contain', '/patients');\ncy.AddPatient();\ncy.readFile('cypress/fixtures/provider.json').then(provider => {\n  cy.xpath('//input[@type=\"search\"]').should('be.visible').type(provider.email.toLowerCase());\n  cy.xpath('//tr[1]/td[2]/div/p').should('be.visible').should('have.text', provider.email.toLowerCase());\n  cy.wait(4000);\n});\ncy.bookappointment();\ncy.xpath('//input[@type=\"search\"]').should('be.visible').clear();\ncy.wait(4000);\ncy.xpath('//nav/div[4]/div[2]').should('be.visible').should('have.text', 'Appointments').click();\ncy.url().should('contain', '/appointments');\ncy.xpath('//div[contains(text(),\"Ad\")]').should('be.visible').should('have.text', 'Add Filter').click();\ncy.wait(3000);\ncy.xpath('//div[contains(text(),\"pe\")]').should('be.visible').should('have.text', 'pending approval').click();\ncy.wait(4000);\ncy.xpath('//tr[1]/td[4]/div/p').should('be.visible').should('have.text', 'pending approval');\ncy.xpath('//tr[1]/td[8]/div[1]/*[1]').scrollIntoView().should('be.visible').click();\ncy.wait(4000);\ncy.xpath('//span[contains(text(),\"pendi\")]').should('be.visible').should('have.text', 'pending approval');\ncy.xpath('//div[contains(text(),\"Acc\")]').should('be.visible').should('have.text', 'Accept').click();\ncy.wait(5000);\ncy.xpath('//span[contains(text(),\"awa\")]').should('be.visible').should('have.text', 'awaiting time');",
              "err": {
                "message": "AssertionError: Timed out retrying after 15000ms: Expected to find element: `.max-w-xs > img`, but never found it.",
                "estack": "AssertionError: Timed out retrying after 15000ms: Expected to find element: `.max-w-xs > img`, but never found it.\n    at Context.eval (https://qa.rch.build-release.com/__cypress/tests?p=cypress\\support\\e2e.js:345:29)",
                "diff": null
              },
              "uuid": "0e2c1405-e1be-4acc-9514-47f42e8e3f5e",
              "parentUUID": "d43d729e-fa63-42c5-afef-a2b61ff4530f",
              "isHook": false,
              "skipped": false
            },
            {
              "title": "At \"Appointment details\" page each label and field should have proper label and validations",
              "fullTitle": "Awaiting Time Appointment Details Test cases At \"Appointment details\" page each label and field should have proper label and validations",
              "timedOut": null,
              "duration": 15462,
              "state": "failed",
              "speed": null,
              "pass": false,
              "fail": true,
              "pending": false,
              "context": null,
              "code": "cy.xpath('//div[contains(text(),\"Appointment D\")]').should('be.visible').should('have.text', 'Appointment Details');\ncy.xpath('//div[1]/div[2]/div[1]/div[1]/div[1]/*[1]').should('be.visible');\ncy.xpath('//*[@id=\"root\"]/div[2]/div/div[2]/div/div[2]/div[1]/div').should('be.visible');\ncy.xpath('//div[contains(text(),\"Appointment I\")]').should('have.text', 'Appointment ID');\ncy.xpath('//div[contains(text(),\"As\")]').should('be.visible').should('have.text', 'Assign Provider');\ncy.xpath('//div[contains(text(),\"Requested F\")]').should('be.visible').should('have.text', 'Requested For');\ncy.xpath('//div[contains(text(),\"St\")]').should('be.visible').should('have.text', 'Status');\ncy.xpath('//div[contains(text(),\"Service A\")]').should('be.visible').should('have.text', 'Service Address');\ncy.xpath('//div[2]/div[4]/div[1]').should('be.visible').should('have.text', 'Patients');\ncy.xpath('//div[contains(text(),\"Services R\")]').should('be.visible').should('have.text', 'Services Requested');\ncy.xpath('//button[@textid=\"cancel.appointment\"]').should('have.text', 'Cancel Appointment');",
              "err": {
                "message": "AssertionError: Timed out retrying after 15000ms: Expected to find element: `//div[contains(text(),\"Appointment D\")]`, but never found it.",
                "estack": "AssertionError: Timed out retrying after 15000ms: Expected to find element: `//div[contains(text(),\"Appointment D\")]`, but never found it.\n    at Context.eval (https://qa.rch.build-release.com/__cypress/tests?p=cypress\\e2e\\Admin_Testcases\\17_Awaiting_Time.spec.js:132:57)",
                "diff": null
              },
              "uuid": "190e9135-d922-4fe4-a10f-e7bb3d4a0ca4",
              "parentUUID": "d43d729e-fa63-42c5-afef-a2b61ff4530f",
              "isHook": false,
              "skipped": false
            },
            {
              "title": "The unique appointment id should be displayed",
              "fullTitle": "Awaiting Time Appointment Details Test cases The unique appointment id should be displayed",
              "timedOut": null,
              "duration": 15419,
              "state": "failed",
              "speed": null,
              "pass": false,
              "fail": true,
              "pending": false,
              "context": null,
              "code": "cy.xpath('//div[contains(text(),\"Appointment I\")]').should('have.text', 'Appointment ID');",
              "err": {
                "message": "AssertionError: Timed out retrying after 15000ms: Expected to find element: `//div[contains(text(),\"Appointment I\")]`, but never found it.",
                "estack": "AssertionError: Timed out retrying after 15000ms: Expected to find element: `//div[contains(text(),\"Appointment I\")]`, but never found it.\n    at Context.eval (https://qa.rch.build-release.com/__cypress/tests?p=cypress\\e2e\\Admin_Testcases\\17_Awaiting_Time.spec.js:145:57)",
                "diff": null
              },
              "uuid": "d7a652bf-6e8e-4316-a1e7-2df5bfa32b85",
              "parentUUID": "d43d729e-fa63-42c5-afef-a2b61ff4530f",
              "isHook": false,
              "skipped": false
            },
            {
              "title": "The date requested by the patient should be displayed",
              "fullTitle": "Awaiting Time Appointment Details Test cases The date requested by the patient should be displayed",
              "timedOut": null,
              "duration": 15410,
              "state": "failed",
              "speed": null,
              "pass": false,
              "fail": true,
              "pending": false,
              "context": null,
              "code": "cy.xpath('//div[contains(text(),\"Requested F\")]').should('be.visible').should('have.text', 'Requested For');",
              "err": {
                "message": "AssertionError: Timed out retrying after 15000ms: Expected to find element: `//div[contains(text(),\"Requested F\")]`, but never found it.",
                "estack": "AssertionError: Timed out retrying after 15000ms: Expected to find element: `//div[contains(text(),\"Requested F\")]`, but never found it.\n    at Context.eval (https://qa.rch.build-release.com/__cypress/tests?p=cypress\\e2e\\Admin_Testcases\\17_Awaiting_Time.spec.js:148:55)",
                "diff": null
              },
              "uuid": "851f20a1-7e4d-445a-8e15-4a781be5348b",
              "parentUUID": "d43d729e-fa63-42c5-afef-a2b61ff4530f",
              "isHook": false,
              "skipped": false
            },
            {
              "title": "The Service Address where the patient requested the service should be displayed",
              "fullTitle": "Awaiting Time Appointment Details Test cases The Service Address where the patient requested the service should be displayed",
              "timedOut": null,
              "duration": 15361,
              "state": "failed",
              "speed": null,
              "pass": false,
              "fail": true,
              "pending": false,
              "context": null,
              "code": "cy.xpath('//div[contains(text(),\"Service A\")]').should('be.visible').should('have.text', 'Service Address');",
              "err": {
                "message": "AssertionError: Timed out retrying after 15000ms: Expected to find element: `//div[contains(text(),\"Service A\")]`, but never found it.",
                "estack": "AssertionError: Timed out retrying after 15000ms: Expected to find element: `//div[contains(text(),\"Service A\")]`, but never found it.\n    at Context.eval (https://qa.rch.build-release.com/__cypress/tests?p=cypress\\e2e\\Admin_Testcases\\17_Awaiting_Time.spec.js:151:53)",
                "diff": null
              },
              "uuid": "d2866e22-e4e5-4077-bdb4-adf6a86df063",
              "parentUUID": "d43d729e-fa63-42c5-afef-a2b61ff4530f",
              "isHook": false,
              "skipped": false
            },
            {
              "title": "As a Admin the user should be navigated to the medical history page of particular patient by clicking on the name card of that particular patient",
              "fullTitle": "Awaiting Time Appointment Details Test cases As a Admin the user should be navigated to the medical history page of particular patient by clicking on the name card of that particular patient",
              "timedOut": null,
              "duration": 15533,
              "state": "failed",
              "speed": null,
              "pass": false,
              "fail": true,
              "pending": false,
              "context": null,
              "code": "cy.xpath('//div[4]/div[2]/div[1]/div[1]/div[1]/div[1]/*[2]').should('be.visible').click();\ncy.wait(4000);\ncy.url().should('contain', '/medical_history');\ncy.xpath('//div[2]/div/nav/div[1]/div').should('be.visible').should('have.text', 'Medical History');\ncy.xpath('//div[@id=\"root\"]/div[2]/div[1]/div[2]/div[1]/div[1]/*[1]').scrollIntoView().should('be.visible').click();\ncy.wait(4000);\ncy.url().should('contain', '/appointments');",
              "err": {
                "message": "AssertionError: Timed out retrying after 15000ms: Expected to find element: `//div[4]/div[2]/div[1]/div[1]/div[1]/div[1]/*[2]`, but never found it.",
                "estack": "AssertionError: Timed out retrying after 15000ms: Expected to find element: `//div[4]/div[2]/div[1]/div[1]/div[1]/div[1]/*[2]`, but never found it.\n    at Context.eval (https://qa.rch.build-release.com/__cypress/tests?p=cypress\\e2e\\Admin_Testcases\\17_Awaiting_Time.spec.js:154:66)",
                "diff": null
              },
              "uuid": "d9056e72-4224-4b9c-9302-0cfb8a45dccc",
              "parentUUID": "d43d729e-fa63-42c5-afef-a2b61ff4530f",
              "isHook": false,
              "skipped": false
            },
            {
              "title": "The list of services requested by the patient should be displayed",
              "fullTitle": "Awaiting Time Appointment Details Test cases The list of services requested by the patient should be displayed",
              "timedOut": null,
              "duration": 15462,
              "state": "failed",
              "speed": null,
              "pass": false,
              "fail": true,
              "pending": false,
              "context": null,
              "code": "cy.xpath('//div[contains(text(),\"Services R\")]').should('be.visible').should('have.text', 'Services Requested');",
              "err": {
                "message": "AssertionError: Timed out retrying after 15000ms: Expected to find element: `//div[contains(text(),\"Services R\")]`, but never found it.",
                "estack": "AssertionError: Timed out retrying after 15000ms: Expected to find element: `//div[contains(text(),\"Services R\")]`, but never found it.\n    at Context.eval (https://qa.rch.build-release.com/__cypress/tests?p=cypress\\e2e\\Admin_Testcases\\17_Awaiting_Time.spec.js:163:54)",
                "diff": null
              },
              "uuid": "218e619d-5d6b-4565-8548-6268c9f8f24f",
              "parentUUID": "d43d729e-fa63-42c5-afef-a2b61ff4530f",
              "isHook": false,
              "skipped": false
            },
            {
              "title": "As a Admin the user can assign a provider to the Appointment By clicking on the \"Assign Provider\" button",
              "fullTitle": "Awaiting Time Appointment Details Test cases As a Admin the user can assign a provider to the Appointment By clicking on the \"Assign Provider\" button",
              "timedOut": null,
              "duration": 15409,
              "state": "failed",
              "speed": null,
              "pass": false,
              "fail": true,
              "pending": false,
              "context": null,
              "code": "cy.xpath('//div[contains(text(),\"As\")]').should('be.visible').should('have.text', 'Assign Provider').click();\ncy.wait(5000);",
              "err": {
                "message": "AssertionError: Timed out retrying after 15000ms: Expected to find element: `//div[contains(text(),\"As\")]`, but never found it.",
                "estack": "AssertionError: Timed out retrying after 15000ms: Expected to find element: `//div[contains(text(),\"As\")]`, but never found it.\n    at Context.eval (https://qa.rch.build-release.com/__cypress/tests?p=cypress\\e2e\\Admin_Testcases\\17_Awaiting_Time.spec.js:166:46)",
                "diff": null
              },
              "uuid": "9e69cd43-0536-458d-b035-65fefca46381",
              "parentUUID": "d43d729e-fa63-42c5-afef-a2b61ff4530f",
              "isHook": false,
              "skipped": false
            },
            {
              "title": "At \"Assign provider\" page each label and field should have proper label and validations",
              "fullTitle": "Awaiting Time Appointment Details Test cases At \"Assign provider\" page each label and field should have proper label and validations",
              "timedOut": null,
              "duration": 15550,
              "state": "failed",
              "speed": null,
              "pass": false,
              "fail": true,
              "pending": false,
              "context": null,
              "code": "cy.xpath('//body/div[5]/div/div/div[1]/div[1]/div').should('be.visible').should('have.text', 'Assign Provider');\ncy.xpath('//div[5]/div[1]/div[1]/div[1]/div[1]/*[1]').should('be.visible');\ncy.xpath('//div[1]/div[2]/form/div[1]/div[1]').should('be.visible').should('have.text', 'Select Provider');\ncy.xpath('//div[1]/div[2]/form/div[1]/div[2]/div/div[1]').should('be.visible');\ncy.xpath('//div[1]/div[2]/form/div[2]/div[1]/label').should('be.visible').should('have.text', 'Appointment Date');\ncy.xpath('//div[1]/div[2]/form/div[2]/div[1]/div[1]').should('be.visible');\ncy.xpath('//div[1]/div[2]/form/div[2]/div[2]/label').should('be.visible').should('have.text', 'Appointment Time');\ncy.xpath('//div[1]/div[2]/form/div[2]/div[2]/div[1]').should('be.visible');\ncy.xpath('//div[1]/div[2]/form/div[4]/label').should('be.visible').should('have.text', 'Add Comment For Provider');\ncy.xpath('//div[1]/div[2]/form/div[4]/div').should('be.visible');\ncy.xpath('//div[1]/div[2]/form/div[5]/button').should('be.visible').should('have.text', 'Assign');",
              "err": {
                "message": "AssertionError: Timed out retrying after 15000ms: Expected to find element: `//body/div[5]/div/div/div[1]/div[1]/div`, but never found it.",
                "estack": "AssertionError: Timed out retrying after 15000ms: Expected to find element: `//body/div[5]/div/div/div[1]/div[1]/div`, but never found it.\n    at Context.eval (https://qa.rch.build-release.com/__cypress/tests?p=cypress\\e2e\\Admin_Testcases\\17_Awaiting_Time.spec.js:170:57)",
                "diff": null
              },
              "uuid": "b410846f-19a9-4bba-9f89-c53f6118f89c",
              "parentUUID": "d43d729e-fa63-42c5-afef-a2b61ff4530f",
              "isHook": false,
              "skipped": false
            },
            {
              "title": "As a Admin the user can add comments for the provider at the time of assigning the provider",
              "fullTitle": "Awaiting Time Appointment Details Test cases As a Admin the user can add comments for the provider at the time of assigning the provider",
              "timedOut": null,
              "duration": 15507,
              "state": "failed",
              "speed": null,
              "pass": false,
              "fail": true,
              "pending": false,
              "context": null,
              "code": "cy.xpath('//div[1]/div[2]/form/div[4]/div').should('be.visible').type('Priority customer');\ncy.wait(5000);",
              "err": {
                "message": "AssertionError: Timed out retrying after 15000ms: Expected to find element: `//div[1]/div[2]/form/div[4]/div`, but never found it.",
                "estack": "AssertionError: Timed out retrying after 15000ms: Expected to find element: `//div[1]/div[2]/form/div[4]/div`, but never found it.\n    at Context.eval (https://qa.rch.build-release.com/__cypress/tests?p=cypress\\e2e\\Admin_Testcases\\17_Awaiting_Time.spec.js:183:49)",
                "diff": null
              },
              "uuid": "c5a0dd48-c048-429b-95b6-80465f266726",
              "parentUUID": "d43d729e-fa63-42c5-afef-a2b61ff4530f",
              "isHook": false,
              "skipped": false
            },
            {
              "title": "After filling Assign provider form and clicking on \"Assign\" button the provider should be assigned and status should be changed to provider assigned",
              "fullTitle": "Awaiting Time Appointment Details Test cases After filling Assign provider form and clicking on \"Assign\" button the provider should be assigned and status should be changed to provider assigned",
              "timedOut": null,
              "duration": 15479,
              "state": "failed",
              "speed": null,
              "pass": false,
              "fail": true,
              "pending": false,
              "context": null,
              "code": "cy.xpath('//div[1]/div[2]/form/div[1]/div[2]/div/div[1]').should('be.visible').click();\ncy.wait(3000);\ncy.get('.css-11unzgr>div:nth-child(1)').click();\ncy.xpath('//div[1]/div[2]/form/div[2]/div[1]/div[1]').should('be.visible').click();\ncy.wait(2000);\ncy.get('.react-datepicker__day--today').scrollIntoView().should('be.visible').click();\ncy.xpath('//div[1]/div[2]/form/div[2]/div[2]/div[1]').should('be.visible').click();\ncy.get('.rc-time-picker-panel-select:nth-child(1)>ul>li:nth-child(2)').scrollIntoView().should('be.visible').click();\ncy.get('.rc-time-picker-panel-select:nth-child(3)>ul>li:nth-child(1)').should('be.visible').click();\ncy.xpath('//div[1]/div[2]/form/div[5]/button').should('be.visible').should('have.text', 'Assign').click();\ncy.wait(5000);\ncy.xpath('//span[contains(text(),\"sche\")]').should('be.visible').should('have.text', 'scheduled');",
              "err": {
                "message": "AssertionError: Timed out retrying after 15000ms: Expected to find element: `//div[1]/div[2]/form/div[1]/div[2]/div/div[1]`, but never found it.",
                "estack": "AssertionError: Timed out retrying after 15000ms: Expected to find element: `//div[1]/div[2]/form/div[1]/div[2]/div/div[1]`, but never found it.\n    at Context.eval (https://qa.rch.build-release.com/__cypress/tests?p=cypress\\e2e\\Admin_Testcases\\17_Awaiting_Time.spec.js:187:63)",
                "diff": null
              },
              "uuid": "127c4294-2274-4522-8c09-dae3e3d2aa18",
              "parentUUID": "d43d729e-fa63-42c5-afef-a2b61ff4530f",
              "isHook": false,
              "skipped": false
            },
            {
              "title": "As a Admin the user can cancel the appointment after entering the cancellation reason by clicking on the cancel button",
              "fullTitle": "Awaiting Time Appointment Details Test cases As a Admin the user can cancel the appointment after entering the cancellation reason by clicking on the cancel button",
              "timedOut": null,
              "duration": 15485,
              "state": "failed",
              "speed": null,
              "pass": false,
              "fail": true,
              "pending": false,
              "context": null,
              "code": "cy.xpath('//button[@textid=\"cancel.appointment\"]').should('have.text', 'Cancel Appointment').click();\ncy.wait(3000);\ncy.xpath('//div[3]/div/div/div[1]/div[1]/div').should('be.visible').should('have.text', 'Confirmation');\ncy.xpath('//div[3]/div[1]/div[1]/div[1]/div[1]/*[1]').should('be.visible');\ncy.xpath('//div[3]/div/div/div[1]/div[2]/div').should('be.visible').should('have.text', 'Are you sure, want to cancel this appointment.');\ncy.xpath('//div[1]/div[2]/form/div[1]/div/label/div').should('be.visible').should('have.text', 'Reason For Cancellation');\ncy.xpath('//div[1]/div[2]/form/div[1]/div/div/textarea').should('be.visible');\ncy.xpath('//div[1]/div[2]/form/div[1]/div/div/textarea').should('be.visible').type('Provider not available');\ncy.xpath('//div[1]/div[2]/form/div[2]/button').should('be.visible').should('have.text', 'Cancel Appointment').click();\ncy.wait(5000);\ncy.xpath('//span[contains(text(),\"can\")]').should('be.visible').should('have.text', 'cancelled');\ncy.logout();",
              "err": {
                "message": "AssertionError: Timed out retrying after 15000ms: Expected to find element: `//button[@textid=\"cancel.appointment\"]`, but never found it.",
                "estack": "AssertionError: Timed out retrying after 15000ms: Expected to find element: `//button[@textid=\"cancel.appointment\"]`, but never found it.\n    at Context.eval (https://qa.rch.build-release.com/__cypress/tests?p=cypress\\e2e\\Admin_Testcases\\17_Awaiting_Time.spec.js:201:56)",
                "diff": null
              },
              "uuid": "c8260267-bcfb-4b16-8e19-d1af522ed70c",
              "parentUUID": "d43d729e-fa63-42c5-afef-a2b61ff4530f",
              "isHook": false,
              "skipped": false
            }
          ],
          "suites": [],
          "passes": [],
          "failures": [
            "0e2c1405-e1be-4acc-9514-47f42e8e3f5e",
            "190e9135-d922-4fe4-a10f-e7bb3d4a0ca4",
            "d7a652bf-6e8e-4316-a1e7-2df5bfa32b85",
            "851f20a1-7e4d-445a-8e15-4a781be5348b",
            "d2866e22-e4e5-4077-bdb4-adf6a86df063",
            "d9056e72-4224-4b9c-9302-0cfb8a45dccc",
            "218e619d-5d6b-4565-8548-6268c9f8f24f",
            "9e69cd43-0536-458d-b035-65fefca46381",
            "b410846f-19a9-4bba-9f89-c53f6118f89c",
            "c5a0dd48-c048-429b-95b6-80465f266726",
            "127c4294-2274-4522-8c09-dae3e3d2aa18",
            "c8260267-bcfb-4b16-8e19-d1af522ed70c"
          ],
          "pending": [],
          "skipped": [],
          "duration": 197629,
          "root": false,
          "rootEmpty": false,
          "_timeout": 2000
        }
      ],
      "passes": [],
      "failures": [],
      "pending": [],
      "skipped": [],
      "duration": 0,
      "root": true,
      "rootEmpty": true,
      "_timeout": 2000
    }
  ],
  "meta": {
    "mocha": {
      "version": "7.0.1"
    },
    "mochawesome": {
      "options": {
        "quiet": false,
        "reportFilename": "report",
        "saveHtml": true,
        "saveJson": true,
        "consoleReporter": "spec",
        "useInlineDiffs": false,
        "code": true
      },
      "version": "7.0.1"
    },
    "marge": {
      "options": {
        "reportDir": "cypress/reports",
        "reportFilename": "report",
        "overwrite": false,
        "html": true,
        "json": true,
        "charts": true
      },
      "version": "6.0.1"
    }
  }
}