{
  "stats": {
    "suites": 1,
    "tests": 13,
    "passes": 2,
    "pending": 0,
    "failures": 11,
    "start": "2022-08-03T12:31:42.604Z",
    "end": "2022-08-03T12:35:06.887Z",
    "duration": 204283,
    "testsRegistered": 13,
    "passPercent": 15.384615384615385,
    "pendingPercent": 0,
    "other": 0,
    "hasOther": false,
    "skipped": 0,
    "hasSkipped": false
  },
  "results": [
    {
      "uuid": "b4f556c6-e531-45ef-8f22-5b7c801ade5a",
      "title": "",
      "fullFile": "cypress\\e2e\\Admin_Testcases\\06_Providers.spec.js",
      "file": "cypress\\e2e\\Admin_Testcases\\06_Providers.spec.js",
      "beforeHooks": [],
      "afterHooks": [],
      "tests": [],
      "suites": [
        {
          "uuid": "b12ce420-360a-4d8c-8617-c14664ddb430",
          "title": "providers module test case",
          "fullFile": "",
          "file": "",
          "beforeHooks": [],
          "afterHooks": [],
          "tests": [
            {
              "title": "As a admin the user should be navigated to the provides page by clicking on providers tab",
              "fullTitle": "providers module test case As a admin the user should be navigated to the provides page by clicking on providers tab",
              "timedOut": null,
              "duration": 37183,
              "state": "failed",
              "speed": null,
              "pass": false,
              "fail": true,
              "pending": false,
              "context": null,
              "code": "cy.login();\ncy.get('.space-y-4 > :nth-child(3)').should('be.visible').and('have.text', 'Providers').click();\ncy.url().should('contain', '/providers');",
              "err": {
                "message": "AssertionError: Timed out retrying after 15000ms: Expected to find element: `.max-w-xs > img`, but never found it.",
                "estack": "AssertionError: Timed out retrying after 15000ms: Expected to find element: `.max-w-xs > img`, but never found it.\n    at Context.eval (https://qa.rch.build-release.com/__cypress/tests?p=cypress\\support\\e2e.js:345:29)",
                "diff": null
              },
              "uuid": "214e9627-51b6-4d21-846b-0ed476e655dd",
              "parentUUID": "b12ce420-360a-4d8c-8617-c14664ddb430",
              "isHook": false,
              "skipped": false
            },
            {
              "title": "At providers page each label and field should have proper label and proper validations",
              "fullTitle": "providers module test case At providers page each label and field should have proper label and proper validations",
              "timedOut": null,
              "duration": 15507,
              "state": "failed",
              "speed": null,
              "pass": false,
              "fail": true,
              "pending": false,
              "context": null,
              "code": "cy.get('div.font-bold').should('be.visible').should('contain', 'Providers');\ncy.get('table>thead>tr>th:nth-child(1)>div').should('be.visible').should('have.text', 'Full Name');\ncy.get('table>thead>tr>th:nth-child(2)>div').should('be.visible').should('have.text', 'Email');\ncy.get('table>thead>tr>th:nth-child(3)>div').should('be.visible').should('have.text', 'Mobile Number');\ncy.get('table>thead>tr>th:nth-child(4)>div').should('be.visible').should('have.text', 'Provider Type');\ncy.get('table>thead>tr>th:nth-child(5)>div').should('be.visible').should('have.text', 'Joined On');\ncy.get('table>thead>tr>th:nth-child(6)>div').should('be.visible').should('have.text', 'Status');\ncy.get('table>thead>tr>th:nth-child(7)>div').should('be.visible').should('have.text', 'Action');\ncy.get('[type=search]').invoke('attr', 'placeholder').should('contain', 'Search for name or email.');\ncy.get('#headlessui-menu-button-4').should('be.visible').should('contain', 'Add Filter');\ncy.xpath(\"//button[@textid='provider.invite']\").should('be.visible').should('have.text', 'Invite Provider');\ncy.xpath(\"//button[@textid='admin.pending.invites']\").should('be.visible').should('have.text', 'Pending Invitations'); // cy.get('.mt-1:nth-child(2)').should('be.visible').should('have.text','Next')",
              "err": {
                "message": "AssertionError: Timed out retrying after 15000ms: expected '[ <div.text-gray-500.text-xs.mb-8.font-bold>, 1 more... ]' to contain 'Providers'",
                "estack": "AssertionError: Timed out retrying after 15000ms: expected '[ <div.text-gray-500.text-xs.mb-8.font-bold>, 1 more... ]' to contain 'Providers'\n    at Context.eval (https://qa.rch.build-release.com/__cypress/tests?p=cypress\\e2e\\Admin_Testcases\\06_Providers.spec.js:107:50)",
                "diff": null
              },
              "uuid": "15e56ac1-c793-4239-8720-ac0a626b2126",
              "parentUUID": "b12ce420-360a-4d8c-8617-c14664ddb430",
              "isHook": false,
              "skipped": false
            },
            {
              "title": "As a admin the user should be able to go the next page of the providers list by clicking on next button",
              "fullTitle": "providers module test case As a admin the user should be able to go the next page of the providers list by clicking on next button",
              "timedOut": null,
              "duration": 64,
              "state": "passed",
              "speed": "fast",
              "pass": true,
              "fail": false,
              "pending": false,
              "context": null,
              "code": "// cy.get('.mt-1:nth-child(2)').should('be.visible').should('have.text','Next').click()",
              "err": {},
              "uuid": "ea4a42a3-552b-4547-aa8a-5c8e0187f107",
              "parentUUID": "b12ce420-360a-4d8c-8617-c14664ddb430",
              "isHook": false,
              "skipped": false
            },
            {
              "title": "As a admin the user should be able to go the previous page of the providers list by clicking on previous button",
              "fullTitle": "providers module test case As a admin the user should be able to go the previous page of the providers list by clicking on previous button",
              "timedOut": null,
              "duration": 70,
              "state": "passed",
              "speed": "fast",
              "pass": true,
              "fail": false,
              "pending": false,
              "context": null,
              "code": "// cy.get('.mt-1:nth-child(1)').should('be.visible').should('have.text','Previous').click()",
              "err": {},
              "uuid": "11ddf7cd-39a1-45d4-bde3-85a6caabf87f",
              "parentUUID": "b12ce420-360a-4d8c-8617-c14664ddb430",
              "isHook": false,
              "skipped": false
            },
            {
              "title": "As a admin the user should be able to search any prodvider with his name or email",
              "fullTitle": "providers module test case As a admin the user should be able to search any prodvider with his name or email",
              "timedOut": null,
              "duration": 15416,
              "state": "failed",
              "speed": null,
              "pass": false,
              "fail": true,
              "pending": false,
              "context": null,
              "code": "cy.xpath('//tr[1]/td[2]/div/p').invoke('text').then(text1 => {\n  cy.get('[type=search]').should('be.visible').type(text1);\n});\ncy.wait(5000);\ncy.get('[type=search]').should('be.visible').clear();\ncy.wait(2000);",
              "err": {
                "message": "AssertionError: Timed out retrying after 15000ms: Expected to find element: `//tr[1]/td[2]/div/p`, but never found it.",
                "estack": "AssertionError: Timed out retrying after 15000ms: Expected to find element: `//tr[1]/td[2]/div/p`, but never found it.\n    at Context.eval (https://qa.rch.build-release.com/__cypress/tests?p=cypress\\e2e\\Admin_Testcases\\06_Providers.spec.js:125:8)",
                "diff": null
              },
              "uuid": "b34b357d-9630-4a21-bf2b-ff0721f79f76",
              "parentUUID": "b12ce420-360a-4d8c-8617-c14664ddb430",
              "isHook": false,
              "skipped": false
            },
            {
              "title": "As a admin the user should be navigated to the pending invitations page by clicking on \"Pending Invitations\" button.",
              "fullTitle": "providers module test case As a admin the user should be navigated to the pending invitations page by clicking on \"Pending Invitations\" button.",
              "timedOut": null,
              "duration": 15451,
              "state": "failed",
              "speed": null,
              "pass": false,
              "fail": true,
              "pending": false,
              "context": null,
              "code": "cy.xpath(\"//button[@textid='admin.pending.invites']\").scrollIntoView().should('be.visible').should('have.text', 'Pending Invitations').click({\n  force: true\n});\ncy.wait(4000);\ncy.url().should('contain', '/invitation');\ncy.wait(4000);\ncy.get('div.flex.flex-wrap>svg').should('be.visible').click();\ncy.wait(4000);\ncy.url().should('contain', '/providers');",
              "err": {
                "message": "AssertionError: Timed out retrying after 15000ms: Expected to find element: `//button[@textid='admin.pending.invites']`, but never found it.",
                "estack": "AssertionError: Timed out retrying after 15000ms: Expected to find element: `//button[@textid='admin.pending.invites']`, but never found it.\n    at Context.eval (https://qa.rch.build-release.com/__cypress/tests?p=cypress\\e2e\\Admin_Testcases\\06_Providers.spec.js:133:8)",
                "diff": null
              },
              "uuid": "57e5007a-42aa-4be4-97a4-958560c75b82",
              "parentUUID": "b12ce420-360a-4d8c-8617-c14664ddb430",
              "isHook": false,
              "skipped": false
            },
            {
              "title": "As a admin the user should be navigated to the profile details of any provider by clicking on eye button against that particular provider",
              "fullTitle": "providers module test case As a admin the user should be navigated to the profile details of any provider by clicking on eye button against that particular provider",
              "timedOut": null,
              "duration": 15501,
              "state": "failed",
              "speed": null,
              "pass": false,
              "fail": true,
              "pending": false,
              "context": null,
              "code": "cy.get('tr:nth-child(1) > td:nth-child(7) > div > svg:nth-child(1)').scrollIntoView().should('be.visible').click({\n  force: true\n});\ncy.get('.py-8 > .font-bold').should('be.visible').should('contain', 'Provider Details');\ncy.get('.border-b-2').should('be.visible').should('contain', 'Address');\ncy.xpath('//div[contains(text(),\"Line 1\")]').should('be.visible').should('have.text', 'Address Line 1');\ncy.xpath('//div[contains(text(),\"Line 2\")]').should('be.visible').should('have.text', 'Address Line 2');\ncy.xpath('//div[contains(text(),\"Po\")]').should('be.visible').should('have.text', 'Postal Code');\ncy.xpath('//div[contains(text(),\"Ci\")]').should('be.visible').should('have.text', 'City');\ncy.xpath('//div[contains(text(),\"St\")]').should('be.visible').should('have.text', 'State');",
              "err": {
                "message": "AssertionError: Timed out retrying after 15000ms: Expected to find element: `tr:nth-child(1) > td:nth-child(7) > div > svg:nth-child(1)`, but never found it.",
                "estack": "AssertionError: Timed out retrying after 15000ms: Expected to find element: `tr:nth-child(1) > td:nth-child(7) > div > svg:nth-child(1)`, but never found it.\n    at Context.eval (https://qa.rch.build-release.com/__cypress/tests?p=cypress\\e2e\\Admin_Testcases\\06_Providers.spec.js:144:8)",
                "diff": null
              },
              "uuid": "e9189ba0-c001-4090-9981-85ca05d0a475",
              "parentUUID": "b12ce420-360a-4d8c-8617-c14664ddb430",
              "isHook": false,
              "skipped": false
            },
            {
              "title": "As a admin the user should be navigted back to the providers page by clicking on back arrow on profile details page",
              "fullTitle": "providers module test case As a admin the user should be navigted back to the providers page by clicking on back arrow on profile details page",
              "timedOut": null,
              "duration": 15525,
              "state": "failed",
              "speed": null,
              "pass": false,
              "fail": true,
              "pending": false,
              "context": null,
              "code": "cy.get('.py-8 > .h-6').should('be.visible').click();\ncy.url().should('contain', '/providers');",
              "err": {
                "message": "AssertionError: Timed out retrying after 15000ms: Expected to find element: `.py-8 > .h-6`, but never found it.",
                "estack": "AssertionError: Timed out retrying after 15000ms: Expected to find element: `.py-8 > .h-6`, but never found it.\n    at Context.eval (https://qa.rch.build-release.com/__cypress/tests?p=cypress\\e2e\\Admin_Testcases\\06_Providers.spec.js:156:28)",
                "diff": null
              },
              "uuid": "5fbb05d1-3c94-4b27-89fc-ca44867e35c1",
              "parentUUID": "b12ce420-360a-4d8c-8617-c14664ddb430",
              "isHook": false,
              "skipped": false
            },
            {
              "title": "As a Admin the user should get a pop up of invite provider by Clicking on the \"Invite Provider\" button.",
              "fullTitle": "providers module test case As a Admin the user should get a pop up of invite provider by Clicking on the \"Invite Provider\" button.",
              "timedOut": null,
              "duration": 15498,
              "state": "failed",
              "speed": null,
              "pass": false,
              "fail": true,
              "pending": false,
              "context": null,
              "code": "cy.xpath(\"//button[@textid='provider.invite']\").should('be.visible').should('have.text', 'Invite Provider').click();\ncy.wait(2000);\ncy.get('div:nth-child(9) > div > div>svg').should('be.visible').click();",
              "err": {
                "message": "AssertionError: Timed out retrying after 15000ms: Expected to find element: `//button[@textid='provider.invite']`, but never found it.",
                "estack": "AssertionError: Timed out retrying after 15000ms: Expected to find element: `//button[@textid='provider.invite']`, but never found it.\n    at Context.eval (https://qa.rch.build-release.com/__cypress/tests?p=cypress\\e2e\\Admin_Testcases\\06_Providers.spec.js:160:53)",
                "diff": null
              },
              "uuid": "c6310b0d-71cf-48d0-b237-21c2ba4551db",
              "parentUUID": "b12ce420-360a-4d8c-8617-c14664ddb430",
              "isHook": false,
              "skipped": false
            },
            {
              "title": "As a Admin the user can chat with provider by clicking on the chat icon against that provider",
              "fullTitle": "providers module test case As a Admin the user can chat with provider by clicking on the chat icon against that provider",
              "timedOut": null,
              "duration": 15521,
              "state": "failed",
              "speed": null,
              "pass": false,
              "fail": true,
              "pending": false,
              "context": null,
              "code": "cy.get('tr:nth-child(1) > td:nth-child(7) > div>div>img').scrollIntoView().should('be.visible').click({\n  force: true\n});\ncy.wait(2000);\ncy.get('div.flex.flex-wrap>svg').click();\ncy.wait(2000);",
              "err": {
                "message": "AssertionError: Timed out retrying after 15000ms: Expected to find element: `tr:nth-child(1) > td:nth-child(7) > div>div>img`, but never found it.",
                "estack": "AssertionError: Timed out retrying after 15000ms: Expected to find element: `tr:nth-child(1) > td:nth-child(7) > div>div>img`, but never found it.\n    at Context.eval (https://qa.rch.build-release.com/__cypress/tests?p=cypress\\e2e\\Admin_Testcases\\06_Providers.spec.js:165:8)",
                "diff": null
              },
              "uuid": "b159471e-ec3c-4f0c-9a27-0b4b422a673e",
              "parentUUID": "b12ce420-360a-4d8c-8617-c14664ddb430",
              "isHook": false,
              "skipped": false
            },
            {
              "title": "As a Admin the user can enable or disable any provider with the help of toggle icon under status",
              "fullTitle": "providers module test case As a Admin the user can enable or disable any provider with the help of toggle icon under status",
              "timedOut": null,
              "duration": 15517,
              "state": "failed",
              "speed": null,
              "pass": false,
              "fail": true,
              "pending": false,
              "context": null,
              "code": "cy.get('tr:nth-child(1)>td:nth-child(6)>button').scrollIntoView().should('be.visible').click({\n  force: true\n});\ncy.wait(2000);\ncy.get('div.hidden>div:nth-child(2)>div:nth-child(2)>button').click();\ncy.wait(2000);\ncy.get('tr:nth-child(1)>td:nth-child(6)>button').scrollIntoView().should('be.visible').click({\n  force: true\n});\ncy.wait(2000);\ncy.get('div.hidden>div:nth-child(2)>div:nth-child(2)>button').click();\ncy.wait(2000);",
              "err": {
                "message": "AssertionError: Timed out retrying after 15000ms: Expected to find element: `tr:nth-child(1)>td:nth-child(6)>button`, but never found it.",
                "estack": "AssertionError: Timed out retrying after 15000ms: Expected to find element: `tr:nth-child(1)>td:nth-child(6)>button`, but never found it.\n    at Context.eval (https://qa.rch.build-release.com/__cypress/tests?p=cypress\\e2e\\Admin_Testcases\\06_Providers.spec.js:173:8)",
                "diff": null
              },
              "uuid": "f34bbe0f-cec4-4d72-972a-1c5a5cae7743",
              "parentUUID": "b12ce420-360a-4d8c-8617-c14664ddb430",
              "isHook": false,
              "skipped": false
            },
            {
              "title": "As a Admin the user can change the view of the providers by using filter on full name which make the provider list in alphabetical order from a-z or Z-a",
              "fullTitle": "providers module test case As a Admin the user can change the view of the providers by using filter on full name which make the provider list in alphabetical order from a-z or Z-a",
              "timedOut": null,
              "duration": 15485,
              "state": "failed",
              "speed": null,
              "pass": false,
              "fail": true,
              "pending": false,
              "context": null,
              "code": "cy.get('table>thead>tr>th:nth-child(1)>span>svg:nth-child(1)').should('be.visible').click({\n  force: true\n});\ncy.wait(2000);\ncy.get('table>thead>tr>th:nth-child(1)>span>svg:nth-child(2)').should('be.visible').click({\n  force: true\n});\ncy.wait(2000);",
              "err": {
                "message": "AssertionError: Timed out retrying after 15000ms: Expected to find element: `table>thead>tr>th:nth-child(1)>span>svg:nth-child(1)`, but never found it.",
                "estack": "AssertionError: Timed out retrying after 15000ms: Expected to find element: `table>thead>tr>th:nth-child(1)>span>svg:nth-child(1)`, but never found it.\n    at Context.eval (https://qa.rch.build-release.com/__cypress/tests?p=cypress\\e2e\\Admin_Testcases\\06_Providers.spec.js:187:68)",
                "diff": null
              },
              "uuid": "ebc11ce0-a0ae-47f7-93bb-dfe6d13c24e4",
              "parentUUID": "b12ce420-360a-4d8c-8617-c14664ddb430",
              "isHook": false,
              "skipped": false
            },
            {
              "title": "As a admin the user can filter the providers based on the provider type like Md,Do etc.",
              "fullTitle": "providers module test case As a admin the user can filter the providers based on the provider type like Md,Do etc.",
              "timedOut": null,
              "duration": 15564,
              "state": "failed",
              "speed": null,
              "pass": false,
              "fail": true,
              "pending": false,
              "context": null,
              "code": "cy.get('div.flex.flex-wrap:nth-child(2)>div:nth-child(2)').should('be.visible').click();\ncy.wait(2000);\ncy.get('div.py-1>div:nth-child(1)').should('be.visible').should('contain', 'md').click();\ncy.wait(2000);\ncy.get('div.flex.flex-wrap:nth-child(2)>div:nth-child(2)>div:nth-child(1)>svg').should('be.visible').click();\ncy.wait(2000);\ncy.get('div.flex.flex-wrap:nth-child(2)>div:nth-child(2)').should('be.visible').click();\ncy.wait(2000);\ncy.get('div.py-1>div:nth-child(2)').should('be.visible').should('contain', 'do').click();\ncy.wait(2000);\ncy.get('div.flex.flex-wrap:nth-child(2)>div:nth-child(2)>div:nth-child(1)>svg').should('be.visible').click();\ncy.wait(2000);\ncy.get('div.flex.flex-wrap:nth-child(2)>div:nth-child(2)').should('be.visible').click();\ncy.wait(2000);\ncy.get('div.py-1>div:nth-child(3)').should('be.visible').should('contain', 'pa-c').click();\ncy.wait(2000);\ncy.get('div.flex.flex-wrap:nth-child(2)>div:nth-child(2)>div:nth-child(1)>svg').should('be.visible').click();\ncy.wait(2000);\ncy.get('div.flex.flex-wrap:nth-child(2)>div:nth-child(2)').should('be.visible').click();\ncy.wait(2000);\ncy.get('div.py-1>div:nth-child(4)').should('be.visible').should('contain', 'np').click();\ncy.wait(2000);\ncy.get('div.flex.flex-wrap:nth-child(2)>div:nth-child(2)>div:nth-child(1)>svg').should('be.visible').click();\ncy.wait(2000);\ncy.get('div.flex.flex-wrap:nth-child(2)>div:nth-child(2)').should('be.visible').click();\ncy.wait(2000);\ncy.get('div.py-1>div:nth-child(5)').should('be.visible').should('contain', 'crna').click();\ncy.wait(2000);\ncy.get('div.flex.flex-wrap:nth-child(2)>div:nth-child(2)>div:nth-child(1)>svg').should('be.visible').click();\ncy.wait(2000);\ncy.get('div.flex.flex-wrap:nth-child(2)>div:nth-child(2)').should('be.visible').click();\ncy.wait(2000);\ncy.get('div.py-1>div:nth-child(6)').should('be.visible').should('contain', 'nurse').click();\ncy.wait(2000);\ncy.get('div.flex.flex-wrap:nth-child(2)>div:nth-child(2)>div:nth-child(1)>svg').should('be.visible').click();\ncy.wait(2000);\ncy.get('div.flex.flex-wrap:nth-child(2)>div:nth-child(2)').should('be.visible').click();\ncy.wait(2000);\ncy.get('div.py-1>div:nth-child(7)').should('be.visible').should('contain', 'paramedic').click();\ncy.wait(2000);\ncy.get('div.flex.flex-wrap:nth-child(2)>div:nth-child(2)>div:nth-child(1)>svg').should('be.visible').click();\ncy.wait(2000);\ncy.get('div.flex.flex-wrap:nth-child(2)>div:nth-child(2)').should('be.visible').click();\ncy.wait(2000);\ncy.get('div.py-1>div:nth-child(8)').should('be.visible').should('contain', 'emt').click();\ncy.wait(2000);\ncy.get('div.flex.flex-wrap:nth-child(2)>div:nth-child(2)>div:nth-child(1)>svg').should('be.visible').click();\ncy.wait(2000);\ncy.logout();",
              "err": {
                "message": "AssertionError: Timed out retrying after 15000ms: Expected to find element: `div.flex.flex-wrap:nth-child(2)>div:nth-child(2)`, but never found it.",
                "estack": "AssertionError: Timed out retrying after 15000ms: Expected to find element: `div.flex.flex-wrap:nth-child(2)>div:nth-child(2)`, but never found it.\n    at Context.eval (https://qa.rch.build-release.com/__cypress/tests?p=cypress\\e2e\\Admin_Testcases\\06_Providers.spec.js:197:64)",
                "diff": null
              },
              "uuid": "4f3edc1f-b81f-4050-a56c-9992a1003b9b",
              "parentUUID": "b12ce420-360a-4d8c-8617-c14664ddb430",
              "isHook": false,
              "skipped": false
            }
          ],
          "suites": [],
          "passes": [
            "ea4a42a3-552b-4547-aa8a-5c8e0187f107",
            "11ddf7cd-39a1-45d4-bde3-85a6caabf87f"
          ],
          "failures": [
            "214e9627-51b6-4d21-846b-0ed476e655dd",
            "15e56ac1-c793-4239-8720-ac0a626b2126",
            "b34b357d-9630-4a21-bf2b-ff0721f79f76",
            "57e5007a-42aa-4be4-97a4-958560c75b82",
            "e9189ba0-c001-4090-9981-85ca05d0a475",
            "5fbb05d1-3c94-4b27-89fc-ca44867e35c1",
            "c6310b0d-71cf-48d0-b237-21c2ba4551db",
            "b159471e-ec3c-4f0c-9a27-0b4b422a673e",
            "f34bbe0f-cec4-4d72-972a-1c5a5cae7743",
            "ebc11ce0-a0ae-47f7-93bb-dfe6d13c24e4",
            "4f3edc1f-b81f-4050-a56c-9992a1003b9b"
          ],
          "pending": [],
          "skipped": [],
          "duration": 192302,
          "root": false,
          "rootEmpty": false,
          "_timeout": 2000
        }
      ],
      "passes": [],
      "failures": [],
      "pending": [],
      "skipped": [],
      "duration": 0,
      "root": true,
      "rootEmpty": true,
      "_timeout": 2000
    }
  ],
  "meta": {
    "mocha": {
      "version": "7.0.1"
    },
    "mochawesome": {
      "options": {
        "quiet": false,
        "reportFilename": "report",
        "saveHtml": true,
        "saveJson": true,
        "consoleReporter": "spec",
        "useInlineDiffs": false,
        "code": true
      },
      "version": "7.0.1"
    },
    "marge": {
      "options": {
        "reportDir": "cypress/reports",
        "reportFilename": "report",
        "overwrite": false,
        "html": true,
        "json": true,
        "charts": true
      },
      "version": "6.0.1"
    }
  }
}