{
  "stats": {
    "suites": 1,
    "tests": 8,
    "passes": 7,
    "pending": 0,
    "failures": 1,
    "start": "2022-04-20T05:33:27.513Z",
    "end": "2022-04-20T05:34:13.456Z",
    "duration": 45943,
    "testsRegistered": 8,
    "passPercent": 87.5,
    "pendingPercent": 0,
    "other": 0,
    "hasOther": false,
    "skipped": 0,
    "hasSkipped": false
  },
  "results": [
    {
      "uuid": "682fc198-3451-4259-8202-e381c44ef313",
      "title": "",
      "fullFile": "cypress/integration/Admin_Testcases/01_login.spec.js",
      "file": "cypress/integration/Admin_Testcases/01_login.spec.js",
      "beforeHooks": [],
      "afterHooks": [],
      "tests": [],
      "suites": [
        {
          "uuid": "5048a24d-214f-45c9-bdb6-ed270dc7085b",
          "title": "Login module testcases",
          "fullFile": "",
          "file": "",
          "beforeHooks": [],
          "afterHooks": [],
          "tests": [
            {
              "title": "As a Admin I should be able to navigate on login page",
              "fullTitle": "Login module testcases As a Admin I should be able to navigate on login page",
              "timedOut": null,
              "duration": 6814,
              "state": "passed",
              "speed": "slow",
              "pass": true,
              "fail": false,
              "pending": false,
              "context": null,
              "code": "cy.visit(cred.qaUrl);\ncy.xpath(\"//*[text()='Sign In']\").should('have.text', 'Sign In').and('be.visible');",
              "err": {},
              "uuid": "9d03af2f-f0a1-4fd3-83c6-ad1e0609b44a",
              "parentUUID": "5048a24d-214f-45c9-bdb6-ed270dc7085b",
              "isHook": false,
              "skipped": false
            },
            {
              "title": "At login screen each label and link should be proper",
              "fullTitle": "Login module testcases At login screen each label and link should be proper",
              "timedOut": null,
              "duration": 15274,
              "state": "failed",
              "speed": null,
              "pass": false,
              "fail": true,
              "pending": false,
              "context": null,
              "code": "cy.get('.text-gray-500').should('have.text', 'Please enter your credentials to sign in.');\ncy.get('[alt=\"logo\"]').invoke('attr', 'src').should('eq', '/static/media/logo2.9ba2ea85.png');\ncy.xpath(\"//label\").eq(0).should('have.text', 'Email');\ncy.xpath(\"//label\").eq(1).should('have.text', 'Password');\ncy.xpath(\"//button[@textid='submit']\").should('be.visible');\ncy.get('a').should('have.text', 'Forgot Password?');",
              "err": {
                "message": "AssertionError: Timed out retrying after 15000ms: expected '/static/media/Favicon-Light-20211230.aab62f3c.png' to equal '/static/media/logo2.9ba2ea85.png'",
                "estack": "AssertionError: Timed out retrying after 15000ms: expected '/static/media/Favicon-Light-20211230.aab62f3c.png' to equal '/static/media/logo2.9ba2ea85.png'\n    at Context.eval (https://qa.rch.build-release.com/__cypress/tests?p=cypress\\integration\\Admin_Testcases\\01_login.spec.js:120:50)",
                "diff": "- '/static/media/Favicon-Light-20211230.aab62f3c.png'\n+ '/static/media/logo2.9ba2ea85.png'\n"
              },
              "uuid": "be66116d-17d5-4cac-8f7a-dced6dacb328",
              "parentUUID": "5048a24d-214f-45c9-bdb6-ed270dc7085b",
              "isHook": false,
              "skipped": false
            },
            {
              "title": "At login screen each field should have proper validation",
              "fullTitle": "Login module testcases At login screen each field should have proper validation",
              "timedOut": null,
              "duration": 1528,
              "state": "passed",
              "speed": "slow",
              "pass": true,
              "fail": false,
              "pending": false,
              "context": null,
              "code": "cy.xpath(\"//input[@name='email']\").should('be.visible').clear().type('dasd@asda@').clear();\ncy.get('.py-20').click();\ncy.get('.text-red-600').eq(0).should('have.text', 'Required').and('be.visible');\ncy.xpath(\"//input[@name='email']\").should('be.visible').type('dasd@asda@');\ncy.get('.text-red-600').eq(0).should('have.text', 'Please enter valid email').and('be.visible');\ncy.xpath(\"//input[@name='email']\").clear();",
              "err": {},
              "uuid": "5d15978e-7d65-4633-b40e-adc07057bc19",
              "parentUUID": "5048a24d-214f-45c9-bdb6-ed270dc7085b",
              "isHook": false,
              "skipped": false
            },
            {
              "title": "At login screen password field should have proper validation",
              "fullTitle": "Login module testcases At login screen password field should have proper validation",
              "timedOut": null,
              "duration": 875,
              "state": "passed",
              "speed": "slow",
              "pass": true,
              "fail": false,
              "pending": false,
              "context": null,
              "code": "cy.xpath(\"//input[@name='password']\").should('be.visible').clear().type('dasd@asda@').clear();\ncy.get('.py-20').click();\ncy.get('.text-red-600').eq(1).should('have.text', 'Required').and('be.visible');",
              "err": {},
              "uuid": "121df01b-b929-45c2-bfb2-e59b27bb1c68",
              "parentUUID": "5048a24d-214f-45c9-bdb6-ed270dc7085b",
              "isHook": false,
              "skipped": false
            },
            {
              "title": "At login screen forgot password link text should be visible",
              "fullTitle": "Login module testcases At login screen forgot password link text should be visible",
              "timedOut": null,
              "duration": 1793,
              "state": "passed",
              "speed": "slow",
              "pass": true,
              "fail": false,
              "pending": false,
              "context": null,
              "code": "cy.get('a').should('be.visible').click();\ncy.get('.text-gray-900').should('have.text', 'Forgot Password? ').and('be.visible');\ncy.get('a > .text-primary').click();",
              "err": {},
              "uuid": "77a9455d-03ae-4dde-92c7-aafaaa37e713",
              "parentUUID": "5048a24d-214f-45c9-bdb6-ed270dc7085b",
              "isHook": false,
              "skipped": false
            },
            {
              "title": "I should unable to login with invalid credential",
              "fullTitle": "Login module testcases I should unable to login with invalid credential",
              "timedOut": null,
              "duration": 3079,
              "state": "passed",
              "speed": "slow",
              "pass": true,
              "fail": false,
              "pending": false,
              "context": null,
              "code": "cy.xpath(\"//input[@name='email']\").type('alpha@gmail.com');\ncy.xpath(\"//input[@name='password']\").type('Password@321');\ncy.xpath(\"//button[@textid='submit']\").should('be.enabled').and('be.visible').click();\ncy.contains('Incorrect email or password');",
              "err": {},
              "uuid": "703d614d-7a49-4ccb-8d16-a443ac3fa036",
              "parentUUID": "5048a24d-214f-45c9-bdb6-ed270dc7085b",
              "isHook": false,
              "skipped": false
            },
            {
              "title": "I should be able to login with the valid credeantial",
              "fullTitle": "Login module testcases I should be able to login with the valid credeantial",
              "timedOut": null,
              "duration": 2642,
              "state": "passed",
              "speed": "slow",
              "pass": true,
              "fail": false,
              "pending": false,
              "context": null,
              "code": "cy.xpath(\"//input[@name='email']\").clear().type(cred.email);\ncy.xpath(\"//input[@name='password']\").clear().type(cred.password);\ncy.xpath(\"//button[@textid='submit']\").click();\ncy.get('.max-w-xs > img').should('be.visible'); // cy.url().should('include', '/dashboard')",
              "err": {},
              "uuid": "aca60c74-1f4e-4f8e-a1cc-d614187a77a9",
              "parentUUID": "5048a24d-214f-45c9-bdb6-ed270dc7085b",
              "isHook": false,
              "skipped": false
            },
            {
              "title": "As a Admin I should be able to logout successfully",
              "fullTitle": "Login module testcases As a Admin I should be able to logout successfully",
              "timedOut": null,
              "duration": 6111,
              "state": "passed",
              "speed": "slow",
              "pass": true,
              "fail": false,
              "pending": false,
              "context": null,
              "code": "cy.logout();",
              "err": {},
              "uuid": "dac99e30-6136-43f9-bb97-72cf066fe908",
              "parentUUID": "5048a24d-214f-45c9-bdb6-ed270dc7085b",
              "isHook": false,
              "skipped": false
            }
          ],
          "suites": [],
          "passes": [
            "9d03af2f-f0a1-4fd3-83c6-ad1e0609b44a",
            "5d15978e-7d65-4633-b40e-adc07057bc19",
            "121df01b-b929-45c2-bfb2-e59b27bb1c68",
            "77a9455d-03ae-4dde-92c7-aafaaa37e713",
            "703d614d-7a49-4ccb-8d16-a443ac3fa036",
            "aca60c74-1f4e-4f8e-a1cc-d614187a77a9",
            "dac99e30-6136-43f9-bb97-72cf066fe908"
          ],
          "failures": [
            "be66116d-17d5-4cac-8f7a-dced6dacb328"
          ],
          "pending": [],
          "skipped": [],
          "duration": 38116,
          "root": false,
          "rootEmpty": false,
          "_timeout": 2000
        }
      ],
      "passes": [],
      "failures": [],
      "pending": [],
      "skipped": [],
      "duration": 0,
      "root": true,
      "rootEmpty": true,
      "_timeout": 2000
    }
  ],
  "meta": {
    "mocha": {
      "version": "7.0.1"
    },
    "mochawesome": {
      "options": {
        "quiet": false,
        "reportFilename": "report",
        "saveHtml": true,
        "saveJson": true,
        "consoleReporter": "spec",
        "useInlineDiffs": false,
        "code": true
      },
      "version": "7.0.1"
    },
    "marge": {
      "options": {
        "reportDir": "cypress/reports",
        "reportFilename": "report",
        "overwrite": false,
        "html": true,
        "json": true,
        "charts": true
      },
      "version": "6.0.1"
    }
  }
}