{
  "stats": {
    "suites": 1,
    "tests": 11,
    "passes": 0,
    "pending": 0,
    "failures": 11,
    "start": "2022-03-28T06:30:17.223Z",
    "end": "2022-03-28T06:38:23.628Z",
    "duration": 486405,
    "testsRegistered": 11,
    "passPercent": 0,
    "pendingPercent": 0,
    "other": 0,
    "hasOther": false,
    "skipped": 0,
    "hasSkipped": false
  },
  "results": [
    {
      "uuid": "905d06a6-9be1-40c5-9afd-b644a1047046",
      "title": "",
      "fullFile": "cypress/integration/Admin_Testcases/18_ProviderDispatched.spec.js",
      "file": "cypress/integration/Admin_Testcases/18_ProviderDispatched.spec.js",
      "beforeHooks": [],
      "afterHooks": [],
      "tests": [],
      "suites": [
        {
          "uuid": "9310a66f-63c5-48af-8aef-c9cb559635dc",
          "title": "Provider Dispatched Appointment Details Test cases",
          "fullFile": "",
          "file": "",
          "beforeHooks": [],
          "afterHooks": [],
          "tests": [
            {
              "title": "As a Admin the user should be navigated to the Appointment Details page of Accepted appointment by clicking on the eye icon against that appointment",
              "fullTitle": "Provider Dispatched Appointment Details Test cases As a Admin the user should be navigated to the Appointment Details page of Accepted appointment by clicking on the eye icon against that appointment",
              "timedOut": null,
              "duration": 35173,
              "state": "failed",
              "speed": null,
              "pass": false,
              "fail": true,
              "pending": false,
              "context": null,
              "code": "cy.login();\ncy.url().should('contain', '/dashboard');\ncy.get('.space-y-4 > :nth-child(4)').should('be.visible').should('have.text', 'Appointments').click();\ncy.url().should('contain', '/appointments');\ncy.get('.-mx-4>div:nth-child(2)>div:nth-child(2)>div:nth-child(3)').should('be.visible').should('have.text', 'Add Filter').click();\ncy.get('.py-1:nth-child(2)>div:nth-child(5)').should('be.visible').should('have.text', 'provider dispatched').click();\ncy.get('tbody>tr:nth-child(1)>td:nth-child(7)>div>svg').scrollIntoView().should('be.visible').click();\ncy.get('.min-h-screen:nth-child(1)>div:nth-child(2)>div:nth-child(2)>div:nth-child(3)>div:nth-child(2)>span').should('be.visible').should('contain', 'provider dispatched');",
              "err": {
                "message": "CypressError: `cy.screenshot()` timed out waiting `30000ms` to complete.",
                "estack": "CypressError: `cy.screenshot()` timed out waiting `30000ms` to complete.\n    at http://localhost:61327/__cypress/runner/cypress_runner.js:157422:81\n    at tryCatcher (http://localhost:61327/__cypress/runner/cypress_runner.js:13212:23)\n    at http://localhost:61327/__cypress/runner/cypress_runner.js:8334:41\n    at tryCatcher (http://localhost:61327/__cypress/runner/cypress_runner.js:13212:23)\n    at Promise._settlePromiseFromHandler (http://localhost:61327/__cypress/runner/cypress_runner.js:11147:31)\n    at Promise._settlePromise (http://localhost:61327/__cypress/runner/cypress_runner.js:11204:18)\n    at Promise._settlePromise0 (http://localhost:61327/__cypress/runner/cypress_runner.js:11249:10)\n    at Promise._settlePromises (http://localhost:61327/__cypress/runner/cypress_runner.js:11325:18)\n    at _drainQueueStep (http://localhost:61327/__cypress/runner/cypress_runner.js:7919:12)\n    at _drainQueue (http://localhost:61327/__cypress/runner/cypress_runner.js:7912:9)\n    at Async.../../node_modules/bluebird/js/release/async.js.Async._drainQueues (http://localhost:61327/__cypress/runner/cypress_runner.js:7928:5)\n    at Async.drainQueues (http://localhost:61327/__cypress/runner/cypress_runner.js:7798:14)",
                "diff": null
              },
              "uuid": "145120c3-7d48-4478-9b9c-6e55869f90ed",
              "parentUUID": "9310a66f-63c5-48af-8aef-c9cb559635dc",
              "isHook": false,
              "skipped": false
            },
            {
              "title": "At \"Appointment details\" page each label and field should have proper label and validations",
              "fullTitle": "Provider Dispatched Appointment Details Test cases At \"Appointment details\" page each label and field should have proper label and validations",
              "timedOut": null,
              "duration": 45117,
              "state": "failed",
              "speed": null,
              "pass": false,
              "fail": true,
              "pending": false,
              "context": null,
              "code": "cy.get('.space-x-4 > .font-semibold').should('be.visible').should('have.text', 'Appointment Details');\ncy.get('.w-7').should('be.visible');\ncy.get('.border-b.py-3 > .text-primary').should('be.visible');\ncy.get('.min-h-screen:nth-child(1)>div:nth-child(2)>div:nth-child(2)>div:nth-child(1)>div').should('be.visible').should('have.text', 'Appointment ID');\ncy.get('.min-h-screen:nth-child(1)>div:nth-child(2)>div:nth-child(2)>div:nth-child(2)>div').should('be.visible').should('have.text', 'Requested For');\ncy.get('.min-h-screen:nth-child(1)>div:nth-child(2)>div:nth-child(2)>div:nth-child(3)>div:nth-child(1)').should('be.visible').should('have.text', 'Status');\ncy.get('.min-h-screen:nth-child(1)>div:nth-child(2)>div:nth-child(3)>div:nth-child(1)>div').should('be.visible').should('have.text', 'Scheduled On');\ncy.get('.min-h-screen:nth-child(1)>div:nth-child(2)>div:nth-child(4)>div:nth-child(1)').should('be.visible').should('have.text', 'Patients');\ncy.get('.py-4.capitalize > :nth-child(1)').should('be.visible').should('have.text', 'Services Requested');\ncy.get('.py-4:nth-child(6)>div:nth-child(1)').should('be.visible').should('have.text', 'Provider Details');\ncy.get('.py-4:nth-child(6)>div:nth-child(2)>div:nth-child(1)').should('be.visible');\ncy.get('.py-4:nth-child(6)>div:nth-child(2)>div:nth-child(2)').should('be.visible');\ncy.get('[textid=\"cancel.appointment\"]').should('have.text', 'Cancel Appointment');",
              "err": {
                "message": "CypressError: `cy.screenshot()` timed out waiting `30000ms` to complete.",
                "estack": "CypressError: `cy.screenshot()` timed out waiting `30000ms` to complete.\n    at http://localhost:61327/__cypress/runner/cypress_runner.js:157422:81\n    at tryCatcher (http://localhost:61327/__cypress/runner/cypress_runner.js:13212:23)\n    at http://localhost:61327/__cypress/runner/cypress_runner.js:8334:41\n    at tryCatcher (http://localhost:61327/__cypress/runner/cypress_runner.js:13212:23)\n    at Promise._settlePromiseFromHandler (http://localhost:61327/__cypress/runner/cypress_runner.js:11147:31)\n    at Promise._settlePromise (http://localhost:61327/__cypress/runner/cypress_runner.js:11204:18)\n    at Promise._settlePromise0 (http://localhost:61327/__cypress/runner/cypress_runner.js:11249:10)\n    at Promise._settlePromises (http://localhost:61327/__cypress/runner/cypress_runner.js:11325:18)\n    at _drainQueueStep (http://localhost:61327/__cypress/runner/cypress_runner.js:7919:12)\n    at _drainQueue (http://localhost:61327/__cypress/runner/cypress_runner.js:7912:9)\n    at Async.../../node_modules/bluebird/js/release/async.js.Async._drainQueues (http://localhost:61327/__cypress/runner/cypress_runner.js:7928:5)\n    at Async.drainQueues (http://localhost:61327/__cypress/runner/cypress_runner.js:7798:14)",
                "diff": null
              },
              "uuid": "e9c44126-b7c2-417c-aae0-f45fa84f5485",
              "parentUUID": "9310a66f-63c5-48af-8aef-c9cb559635dc",
              "isHook": false,
              "skipped": false
            },
            {
              "title": "The unique appointment id should be displayed",
              "fullTitle": "Provider Dispatched Appointment Details Test cases The unique appointment id should be displayed",
              "timedOut": null,
              "duration": 45123,
              "state": "failed",
              "speed": null,
              "pass": false,
              "fail": true,
              "pending": false,
              "context": null,
              "code": "cy.get('.min-h-screen:nth-child(1)>div:nth-child(2)>div:nth-child(2)>div:nth-child(1)>div').should('be.visible').should('have.text', 'Appointment ID');",
              "err": {
                "message": "CypressError: `cy.screenshot()` timed out waiting `30000ms` to complete.",
                "estack": "CypressError: `cy.screenshot()` timed out waiting `30000ms` to complete.\n    at http://localhost:61327/__cypress/runner/cypress_runner.js:157422:81\n    at tryCatcher (http://localhost:61327/__cypress/runner/cypress_runner.js:13212:23)\n    at http://localhost:61327/__cypress/runner/cypress_runner.js:8334:41\n    at tryCatcher (http://localhost:61327/__cypress/runner/cypress_runner.js:13212:23)\n    at Promise._settlePromiseFromHandler (http://localhost:61327/__cypress/runner/cypress_runner.js:11147:31)\n    at Promise._settlePromise (http://localhost:61327/__cypress/runner/cypress_runner.js:11204:18)\n    at Promise._settlePromise0 (http://localhost:61327/__cypress/runner/cypress_runner.js:11249:10)\n    at Promise._settlePromises (http://localhost:61327/__cypress/runner/cypress_runner.js:11325:18)\n    at _drainQueueStep (http://localhost:61327/__cypress/runner/cypress_runner.js:7919:12)\n    at _drainQueue (http://localhost:61327/__cypress/runner/cypress_runner.js:7912:9)\n    at Async.../../node_modules/bluebird/js/release/async.js.Async._drainQueues (http://localhost:61327/__cypress/runner/cypress_runner.js:7928:5)\n    at Async.drainQueues (http://localhost:61327/__cypress/runner/cypress_runner.js:7798:14)",
                "diff": null
              },
              "uuid": "1b1742d1-415d-4000-9289-29025840141c",
              "parentUUID": "9310a66f-63c5-48af-8aef-c9cb559635dc",
              "isHook": false,
              "skipped": false
            },
            {
              "title": "The date requested by the patient should be displayed",
              "fullTitle": "Provider Dispatched Appointment Details Test cases The date requested by the patient should be displayed",
              "timedOut": null,
              "duration": 45096,
              "state": "failed",
              "speed": null,
              "pass": false,
              "fail": true,
              "pending": false,
              "context": null,
              "code": "cy.get('.min-h-screen:nth-child(1)>div:nth-child(2)>div:nth-child(2)>div:nth-child(2)>div').should('be.visible').should('have.text', 'Requested For');",
              "err": {
                "message": "CypressError: `cy.screenshot()` timed out waiting `30000ms` to complete.",
                "estack": "CypressError: `cy.screenshot()` timed out waiting `30000ms` to complete.\n    at http://localhost:61327/__cypress/runner/cypress_runner.js:157422:81\n    at tryCatcher (http://localhost:61327/__cypress/runner/cypress_runner.js:13212:23)\n    at http://localhost:61327/__cypress/runner/cypress_runner.js:8334:41\n    at tryCatcher (http://localhost:61327/__cypress/runner/cypress_runner.js:13212:23)\n    at Promise._settlePromiseFromHandler (http://localhost:61327/__cypress/runner/cypress_runner.js:11147:31)\n    at Promise._settlePromise (http://localhost:61327/__cypress/runner/cypress_runner.js:11204:18)\n    at Promise._settlePromise0 (http://localhost:61327/__cypress/runner/cypress_runner.js:11249:10)\n    at Promise._settlePromises (http://localhost:61327/__cypress/runner/cypress_runner.js:11325:18)\n    at _drainQueueStep (http://localhost:61327/__cypress/runner/cypress_runner.js:7919:12)\n    at _drainQueue (http://localhost:61327/__cypress/runner/cypress_runner.js:7912:9)\n    at Async.../../node_modules/bluebird/js/release/async.js.Async._drainQueues (http://localhost:61327/__cypress/runner/cypress_runner.js:7928:5)\n    at Async.drainQueues (http://localhost:61327/__cypress/runner/cypress_runner.js:7798:14)",
                "diff": null
              },
              "uuid": "4a60d942-f5fd-45e7-ba8a-72804ca48424",
              "parentUUID": "9310a66f-63c5-48af-8aef-c9cb559635dc",
              "isHook": false,
              "skipped": false
            },
            {
              "title": "As a Admin the user should be navigated to the medical history page of particular patient by clicking on the name card of that particular patient",
              "fullTitle": "Provider Dispatched Appointment Details Test cases As a Admin the user should be navigated to the medical history page of particular patient by clicking on the name card of that particular patient",
              "timedOut": null,
              "duration": 45132,
              "state": "failed",
              "speed": null,
              "pass": false,
              "fail": true,
              "pending": false,
              "context": null,
              "code": "cy.get('.min-h-screen:nth-child(1)>div:nth-child(2)>div:nth-child(4)>div:nth-child(2)>div>div>div:nth-child(1)>div').should('be.visible').click();\ncy.url().should('contain', '/medical_history');\ncy.get('.py-8 > .h-6').should('be.visible').click();",
              "err": {
                "message": "CypressError: `cy.screenshot()` timed out waiting `30000ms` to complete.",
                "estack": "CypressError: `cy.screenshot()` timed out waiting `30000ms` to complete.\n    at http://localhost:61327/__cypress/runner/cypress_runner.js:157422:81\n    at tryCatcher (http://localhost:61327/__cypress/runner/cypress_runner.js:13212:23)\n    at http://localhost:61327/__cypress/runner/cypress_runner.js:8334:41\n    at tryCatcher (http://localhost:61327/__cypress/runner/cypress_runner.js:13212:23)\n    at Promise._settlePromiseFromHandler (http://localhost:61327/__cypress/runner/cypress_runner.js:11147:31)\n    at Promise._settlePromise (http://localhost:61327/__cypress/runner/cypress_runner.js:11204:18)\n    at Promise._settlePromise0 (http://localhost:61327/__cypress/runner/cypress_runner.js:11249:10)\n    at Promise._settlePromises (http://localhost:61327/__cypress/runner/cypress_runner.js:11325:18)\n    at _drainQueueStep (http://localhost:61327/__cypress/runner/cypress_runner.js:7919:12)\n    at _drainQueue (http://localhost:61327/__cypress/runner/cypress_runner.js:7912:9)\n    at Async.../../node_modules/bluebird/js/release/async.js.Async._drainQueues (http://localhost:61327/__cypress/runner/cypress_runner.js:7928:5)\n    at Async.drainQueues (http://localhost:61327/__cypress/runner/cypress_runner.js:7798:14)",
                "diff": null
              },
              "uuid": "28cad4f1-e9db-4796-b02c-5de2ca156e83",
              "parentUUID": "9310a66f-63c5-48af-8aef-c9cb559635dc",
              "isHook": false,
              "skipped": false
            },
            {
              "title": "The list of services requested by the patient should be displayed",
              "fullTitle": "Provider Dispatched Appointment Details Test cases The list of services requested by the patient should be displayed",
              "timedOut": null,
              "duration": 45107,
              "state": "failed",
              "speed": null,
              "pass": false,
              "fail": true,
              "pending": false,
              "context": null,
              "code": "cy.get('.py-4.capitalize > :nth-child(1)').should('be.visible').should('have.text', 'Services Requested');",
              "err": {
                "message": "CypressError: `cy.screenshot()` timed out waiting `30000ms` to complete.",
                "estack": "CypressError: `cy.screenshot()` timed out waiting `30000ms` to complete.\n    at http://localhost:61327/__cypress/runner/cypress_runner.js:157422:81\n    at tryCatcher (http://localhost:61327/__cypress/runner/cypress_runner.js:13212:23)\n    at http://localhost:61327/__cypress/runner/cypress_runner.js:8334:41\n    at tryCatcher (http://localhost:61327/__cypress/runner/cypress_runner.js:13212:23)\n    at Promise._settlePromiseFromHandler (http://localhost:61327/__cypress/runner/cypress_runner.js:11147:31)\n    at Promise._settlePromise (http://localhost:61327/__cypress/runner/cypress_runner.js:11204:18)\n    at Promise._settlePromise0 (http://localhost:61327/__cypress/runner/cypress_runner.js:11249:10)\n    at Promise._settlePromises (http://localhost:61327/__cypress/runner/cypress_runner.js:11325:18)\n    at _drainQueueStep (http://localhost:61327/__cypress/runner/cypress_runner.js:7919:12)\n    at _drainQueue (http://localhost:61327/__cypress/runner/cypress_runner.js:7912:9)\n    at Async.../../node_modules/bluebird/js/release/async.js.Async._drainQueues (http://localhost:61327/__cypress/runner/cypress_runner.js:7928:5)\n    at Async.drainQueues (http://localhost:61327/__cypress/runner/cypress_runner.js:7798:14)",
                "diff": null
              },
              "uuid": "31211516-bbf5-4d99-851f-606e4179986b",
              "parentUUID": "9310a66f-63c5-48af-8aef-c9cb559635dc",
              "isHook": false,
              "skipped": false
            },
            {
              "title": "The Appointment scheduled date and time should be displayed",
              "fullTitle": "Provider Dispatched Appointment Details Test cases The Appointment scheduled date and time should be displayed",
              "timedOut": null,
              "duration": 45084,
              "state": "failed",
              "speed": null,
              "pass": false,
              "fail": true,
              "pending": false,
              "context": null,
              "code": "cy.get('.py-6:nth-child(3)>div>span').should('be.visible');\ncy.wait(5000);",
              "err": {
                "message": "CypressError: `cy.screenshot()` timed out waiting `30000ms` to complete.",
                "estack": "CypressError: `cy.screenshot()` timed out waiting `30000ms` to complete.\n    at http://localhost:61327/__cypress/runner/cypress_runner.js:157422:81\n    at tryCatcher (http://localhost:61327/__cypress/runner/cypress_runner.js:13212:23)\n    at http://localhost:61327/__cypress/runner/cypress_runner.js:8334:41\n    at tryCatcher (http://localhost:61327/__cypress/runner/cypress_runner.js:13212:23)\n    at Promise._settlePromiseFromHandler (http://localhost:61327/__cypress/runner/cypress_runner.js:11147:31)\n    at Promise._settlePromise (http://localhost:61327/__cypress/runner/cypress_runner.js:11204:18)\n    at Promise._settlePromise0 (http://localhost:61327/__cypress/runner/cypress_runner.js:11249:10)\n    at Promise._settlePromises (http://localhost:61327/__cypress/runner/cypress_runner.js:11325:18)\n    at _drainQueueStep (http://localhost:61327/__cypress/runner/cypress_runner.js:7919:12)\n    at _drainQueue (http://localhost:61327/__cypress/runner/cypress_runner.js:7912:9)\n    at Async.../../node_modules/bluebird/js/release/async.js.Async._drainQueues (http://localhost:61327/__cypress/runner/cypress_runner.js:7928:5)\n    at Async.drainQueues (http://localhost:61327/__cypress/runner/cypress_runner.js:7798:14)",
                "diff": null
              },
              "uuid": "d8295d31-45b2-4a3b-9936-908511f3b706",
              "parentUUID": "9310a66f-63c5-48af-8aef-c9cb559635dc",
              "isHook": false,
              "skipped": false
            },
            {
              "title": "As a Admin the user should be navigated to the Profile details page of provider by clicking on name card of the provider",
              "fullTitle": "Provider Dispatched Appointment Details Test cases As a Admin the user should be navigated to the Profile details page of provider by clicking on name card of the provider",
              "timedOut": null,
              "duration": 45106,
              "state": "failed",
              "speed": null,
              "pass": false,
              "fail": true,
              "pending": false,
              "context": null,
              "code": "cy.get('.py-4:nth-child(6)>div:nth-child(2)>div:nth-child(1)').should('be.visible').click();\ncy.url().should('contain', '/providers');\ncy.get('.col-span-12 > div:nth-child(1) > div').should('be.visible');\ncy.get('.space-x-4.text-primary > svg').should('be.visible').click();",
              "err": {
                "message": "CypressError: `cy.screenshot()` timed out waiting `30000ms` to complete.",
                "estack": "CypressError: `cy.screenshot()` timed out waiting `30000ms` to complete.\n    at http://localhost:61327/__cypress/runner/cypress_runner.js:157422:81\n    at tryCatcher (http://localhost:61327/__cypress/runner/cypress_runner.js:13212:23)\n    at http://localhost:61327/__cypress/runner/cypress_runner.js:8334:41\n    at tryCatcher (http://localhost:61327/__cypress/runner/cypress_runner.js:13212:23)\n    at Promise._settlePromiseFromHandler (http://localhost:61327/__cypress/runner/cypress_runner.js:11147:31)\n    at Promise._settlePromise (http://localhost:61327/__cypress/runner/cypress_runner.js:11204:18)\n    at Promise._settlePromise0 (http://localhost:61327/__cypress/runner/cypress_runner.js:11249:10)\n    at Promise._settlePromises (http://localhost:61327/__cypress/runner/cypress_runner.js:11325:18)\n    at _drainQueueStep (http://localhost:61327/__cypress/runner/cypress_runner.js:7919:12)\n    at _drainQueue (http://localhost:61327/__cypress/runner/cypress_runner.js:7912:9)\n    at Async.../../node_modules/bluebird/js/release/async.js.Async._drainQueues (http://localhost:61327/__cypress/runner/cypress_runner.js:7928:5)\n    at Async.drainQueues (http://localhost:61327/__cypress/runner/cypress_runner.js:7798:14)",
                "diff": null
              },
              "uuid": "698a35e1-264e-4bbc-bd65-33252f1e129d",
              "parentUUID": "9310a66f-63c5-48af-8aef-c9cb559635dc",
              "isHook": false,
              "skipped": false
            },
            {
              "title": "As a Admin the user can chat with provider by clicking on chat icon against the provider",
              "fullTitle": "Provider Dispatched Appointment Details Test cases As a Admin the user can chat with provider by clicking on chat icon against the provider",
              "timedOut": null,
              "duration": 45104,
              "state": "failed",
              "speed": null,
              "pass": false,
              "fail": true,
              "pending": false,
              "context": null,
              "code": "cy.get('.py-4:nth-child(6)>div:nth-child(2)>div:nth-child(1)>div>div:nth-child(2)').should('be.visible').click();\ncy.url().should('contain', '/chat');\ncy.get('.space-x-4.text-primary > svg').should('be.visible').click();\ncy.wait(5000);",
              "err": {
                "message": "CypressError: `cy.screenshot()` timed out waiting `30000ms` to complete.",
                "estack": "CypressError: `cy.screenshot()` timed out waiting `30000ms` to complete.\n    at http://localhost:61327/__cypress/runner/cypress_runner.js:157422:81\n    at tryCatcher (http://localhost:61327/__cypress/runner/cypress_runner.js:13212:23)\n    at http://localhost:61327/__cypress/runner/cypress_runner.js:8334:41\n    at tryCatcher (http://localhost:61327/__cypress/runner/cypress_runner.js:13212:23)\n    at Promise._settlePromiseFromHandler (http://localhost:61327/__cypress/runner/cypress_runner.js:11147:31)\n    at Promise._settlePromise (http://localhost:61327/__cypress/runner/cypress_runner.js:11204:18)\n    at Promise._settlePromise0 (http://localhost:61327/__cypress/runner/cypress_runner.js:11249:10)\n    at Promise._settlePromises (http://localhost:61327/__cypress/runner/cypress_runner.js:11325:18)\n    at _drainQueueStep (http://localhost:61327/__cypress/runner/cypress_runner.js:7919:12)\n    at _drainQueue (http://localhost:61327/__cypress/runner/cypress_runner.js:7912:9)\n    at Async.../../node_modules/bluebird/js/release/async.js.Async._drainQueues (http://localhost:61327/__cypress/runner/cypress_runner.js:7928:5)\n    at Async.drainQueues (http://localhost:61327/__cypress/runner/cypress_runner.js:7798:14)",
                "diff": null
              },
              "uuid": "05d75886-8db9-4803-aec1-ddb1b43335d6",
              "parentUUID": "9310a66f-63c5-48af-8aef-c9cb559635dc",
              "isHook": false,
              "skipped": false
            },
            {
              "title": "As a Admin the user can view the chat between the patient and provider",
              "fullTitle": "Provider Dispatched Appointment Details Test cases As a Admin the user can view the chat between the patient and provider",
              "timedOut": null,
              "duration": 45109,
              "state": "failed",
              "speed": null,
              "pass": false,
              "fail": true,
              "pending": false,
              "context": null,
              "code": "cy.get('.py-4:nth-child(6)>div:nth-child(2)>div:nth-child(2)').should('be.visible').click();\ncy.url().should('contain', '/chat_view');\ncy.get('.pl-5 > div.font-semibold.capitalize').should('be.visible').should('have.text', 'Chat between Patient and Provider');\ncy.get('.min-h-screen>div>div:nth-child(2)>div>div:nth-child(1)>div:nth-child(1)>svg').should('be.visible').click();",
              "err": {
                "message": "CypressError: `cy.screenshot()` timed out waiting `30000ms` to complete.",
                "estack": "CypressError: `cy.screenshot()` timed out waiting `30000ms` to complete.\n    at http://localhost:61327/__cypress/runner/cypress_runner.js:157422:81\n    at tryCatcher (http://localhost:61327/__cypress/runner/cypress_runner.js:13212:23)\n    at http://localhost:61327/__cypress/runner/cypress_runner.js:8334:41\n    at tryCatcher (http://localhost:61327/__cypress/runner/cypress_runner.js:13212:23)\n    at Promise._settlePromiseFromHandler (http://localhost:61327/__cypress/runner/cypress_runner.js:11147:31)\n    at Promise._settlePromise (http://localhost:61327/__cypress/runner/cypress_runner.js:11204:18)\n    at Promise._settlePromise0 (http://localhost:61327/__cypress/runner/cypress_runner.js:11249:10)\n    at Promise._settlePromises (http://localhost:61327/__cypress/runner/cypress_runner.js:11325:18)\n    at _drainQueueStep (http://localhost:61327/__cypress/runner/cypress_runner.js:7919:12)\n    at _drainQueue (http://localhost:61327/__cypress/runner/cypress_runner.js:7912:9)\n    at Async.../../node_modules/bluebird/js/release/async.js.Async._drainQueues (http://localhost:61327/__cypress/runner/cypress_runner.js:7928:5)\n    at Async.drainQueues (http://localhost:61327/__cypress/runner/cypress_runner.js:7798:14)",
                "diff": null
              },
              "uuid": "ef877f29-69bd-4559-a96f-2f7df3de6ad9",
              "parentUUID": "9310a66f-63c5-48af-8aef-c9cb559635dc",
              "isHook": false,
              "skipped": false
            },
            {
              "title": "As a Admin the user can cancel the appointment after entering the cancellation reason by clicking on the cancel button",
              "fullTitle": "Provider Dispatched Appointment Details Test cases As a Admin the user can cancel the appointment after entering the cancellation reason by clicking on the cancel button",
              "timedOut": null,
              "duration": 45102,
              "state": "failed",
              "speed": null,
              "pass": false,
              "fail": true,
              "pending": false,
              "context": null,
              "code": "cy.get('[textid=\"cancel.appointment\"]').should('have.text', 'Cancel Appointment').click();\ncy.get('.hidden > .mt-6 > form > .pt-2 > div.w-full > .mt-1 > .resize-y').should('be.visible').type('Provider not available');\ncy.get('.hidden>div:nth-child(2)>form>div:nth-child(2)>button').should('be.visible').should('have.text', 'Cancel Appointment').click();\ncy.wait(5000);\ncy.get(':nth-child(3) > .font-semibold > .text-sm').should('be.visible').should('have.text', 'cancelled');",
              "err": {
                "message": "CypressError: `cy.screenshot()` timed out waiting `30000ms` to complete.",
                "estack": "CypressError: `cy.screenshot()` timed out waiting `30000ms` to complete.\n    at http://localhost:61327/__cypress/runner/cypress_runner.js:157422:81\n    at tryCatcher (http://localhost:61327/__cypress/runner/cypress_runner.js:13212:23)\n    at http://localhost:61327/__cypress/runner/cypress_runner.js:8334:41\n    at tryCatcher (http://localhost:61327/__cypress/runner/cypress_runner.js:13212:23)\n    at Promise._settlePromiseFromHandler (http://localhost:61327/__cypress/runner/cypress_runner.js:11147:31)\n    at Promise._settlePromise (http://localhost:61327/__cypress/runner/cypress_runner.js:11204:18)\n    at Promise._settlePromise0 (http://localhost:61327/__cypress/runner/cypress_runner.js:11249:10)\n    at Promise._settlePromises (http://localhost:61327/__cypress/runner/cypress_runner.js:11325:18)\n    at _drainQueueStep (http://localhost:61327/__cypress/runner/cypress_runner.js:7919:12)\n    at _drainQueue (http://localhost:61327/__cypress/runner/cypress_runner.js:7912:9)\n    at Async.../../node_modules/bluebird/js/release/async.js.Async._drainQueues (http://localhost:61327/__cypress/runner/cypress_runner.js:7928:5)\n    at Async.drainQueues (http://localhost:61327/__cypress/runner/cypress_runner.js:7798:14)",
                "diff": null
              },
              "uuid": "1b0f4e12-4a0e-4615-8efc-0f2f4b4f03b1",
              "parentUUID": "9310a66f-63c5-48af-8aef-c9cb559635dc",
              "isHook": false,
              "skipped": false
            }
          ],
          "suites": [],
          "passes": [],
          "failures": [
            "145120c3-7d48-4478-9b9c-6e55869f90ed",
            "e9c44126-b7c2-417c-aae0-f45fa84f5485",
            "1b1742d1-415d-4000-9289-29025840141c",
            "4a60d942-f5fd-45e7-ba8a-72804ca48424",
            "28cad4f1-e9db-4796-b02c-5de2ca156e83",
            "31211516-bbf5-4d99-851f-606e4179986b",
            "d8295d31-45b2-4a3b-9936-908511f3b706",
            "698a35e1-264e-4bbc-bd65-33252f1e129d",
            "05d75886-8db9-4803-aec1-ddb1b43335d6",
            "ef877f29-69bd-4559-a96f-2f7df3de6ad9",
            "1b0f4e12-4a0e-4615-8efc-0f2f4b4f03b1"
          ],
          "pending": [],
          "skipped": [],
          "duration": 486253,
          "root": false,
          "rootEmpty": false,
          "_timeout": 2000
        }
      ],
      "passes": [],
      "failures": [],
      "pending": [],
      "skipped": [],
      "duration": 0,
      "root": true,
      "rootEmpty": true,
      "_timeout": 2000
    }
  ],
  "meta": {
    "mocha": {
      "version": "7.0.1"
    },
    "mochawesome": {
      "options": {
        "quiet": false,
        "reportFilename": "report",
        "saveHtml": true,
        "saveJson": true,
        "consoleReporter": "spec",
        "useInlineDiffs": false,
        "code": true
      },
      "version": "7.0.1"
    },
    "marge": {
      "options": {
        "reportDir": "cypress/reports",
        "reportFilename": "report",
        "overwrite": false,
        "html": true,
        "json": true,
        "charts": true
      },
      "version": "6.0.1"
    }
  }
}