{
  "stats": {
    "suites": 1,
    "tests": 8,
    "passes": 8,
    "pending": 0,
    "failures": 0,
    "start": "2022-12-19T04:30:25.412Z",
    "end": "2022-12-19T04:31:01.264Z",
    "duration": 35852,
    "testsRegistered": 8,
    "passPercent": 100,
    "pendingPercent": 0,
    "other": 0,
    "hasOther": false,
    "skipped": 0,
    "hasSkipped": false
  },
  "results": [
    {
      "uuid": "ee38ec33-fcfb-4f61-8b0e-dc1c6fcda9ae",
      "title": "",
      "fullFile": "cypress\\e2e\\Admin_Testcases\\03_profile.spec.js",
      "file": "cypress\\e2e\\Admin_Testcases\\03_profile.spec.js",
      "beforeHooks": [],
      "afterHooks": [],
      "tests": [],
      "suites": [
        {
          "uuid": "a1b51497-3131-4e35-bf06-bae62121f701",
          "title": "Profile module testcases",
          "fullFile": "",
          "file": "",
          "beforeHooks": [],
          "afterHooks": [],
          "tests": [
            {
              "title": "As a Admin I should be able to navigate on Admin Profile",
              "fullTitle": "Profile module testcases As a Admin I should be able to navigate on Admin Profile",
              "timedOut": null,
              "duration": 10493,
              "state": "passed",
              "speed": "slow",
              "pass": true,
              "fail": false,
              "pending": false,
              "context": null,
              "code": "cy.login();\ncy.url().should('contain', '/dashboard');\ncy.get('span.hidden').click();\ncy.get(\".ml-3>div:nth-child(2)>div:nth-child(1)\").should('be.visible').should('have.text', 'Profile').click();\ncy.url().should('include', '/admin/profile');",
              "err": {},
              "uuid": "80a64191-ccf8-493d-9d1d-c4d145a229c1",
              "parentUUID": "a1b51497-3131-4e35-bf06-bae62121f701",
              "isHook": false,
              "skipped": false
            },
            {
              "title": "At Profile page each label should be proper",
              "fullTitle": "Profile module testcases At Profile page each label should be proper",
              "timedOut": null,
              "duration": 339,
              "state": "passed",
              "speed": "fast",
              "pass": true,
              "fail": false,
              "pending": false,
              "context": null,
              "code": "cy.get('.text-xl').should('be.visible').and('have.text', 'Profile Details');\ncy.xpath(\"//label//div\").eq(0).should('have.text', 'First Name').and('be.visible');\ncy.xpath(\"//label//div\").eq(1).should('have.text', 'Last Name').and('be.visible');\ncy.xpath(\"//label//div\").eq(2).should('have.text', 'Email').and('be.visible');\ncy.xpath(\"//label//div\").eq(3).should('have.text', 'Phone Number').and('be.visible');",
              "err": {},
              "uuid": "b8d32053-5c3f-4656-883f-238d23be85c9",
              "parentUUID": "a1b51497-3131-4e35-bf06-bae62121f701",
              "isHook": false,
              "skipped": false
            },
            {
              "title": "At Profile page each field should have proper validations",
              "fullTitle": "Profile module testcases At Profile page each field should have proper validations",
              "timedOut": null,
              "duration": 1397,
              "state": "passed",
              "speed": "fast",
              "pass": true,
              "fail": false,
              "pending": false,
              "context": null,
              "code": "cy.get('.ml-2').click();\ncy.xpath(first_name).clear();\ncy.xpath(last_name).clear();\ncy.xpath(mobile_num).clear();\ncy.get('.flex-1').click();\ncy.get('.text-red-600 ').eq(0).contains('First Name is required');\ncy.get('.text-red-600 ').eq(1).contains('Last Name is required');\ncy.get('.text-red-600 ').eq(2).contains('Phone number required');",
              "err": {},
              "uuid": "8c185765-aed3-4a27-8c46-9dd554833aec",
              "parentUUID": "a1b51497-3131-4e35-bf06-bae62121f701",
              "isHook": false,
              "skipped": false
            },
            {
              "title": "As a Admin I should be able to update my profile details except email",
              "fullTitle": "Profile module testcases As a Admin I should be able to update my profile details except email",
              "timedOut": null,
              "duration": 2785,
              "state": "passed",
              "speed": "fast",
              "pass": true,
              "fail": false,
              "pending": false,
              "context": null,
              "code": "const phone = _faker.default.phone.phoneNumber('##########');\ncy.xpath(first_name).clear().type('LXMedical');\ncy.xpath(last_name).clear().type('Admin');\ncy.xpath(mobile_num).clear().type(phone);\ncy.get('#update-profile').click();\ncy.contains(\"Profile updated sucessfully\");",
              "err": {},
              "uuid": "6e3cb081-6d08-47da-b8e2-76791eabe955",
              "parentUUID": "a1b51497-3131-4e35-bf06-bae62121f701",
              "isHook": false,
              "skipped": false
            },
            {
              "title": "As a Admin the user should able to log out by cliking on logout link via profile icon",
              "fullTitle": "Profile module testcases As a Admin the user should able to log out by cliking on logout link via profile icon",
              "timedOut": null,
              "duration": 3432,
              "state": "passed",
              "speed": "fast",
              "pass": true,
              "fail": false,
              "pending": false,
              "context": null,
              "code": "cy.get('span.hidden').click();\ncy.get(\".ml-3>div:nth-child(2)>div:nth-child(2)\").should('be.visible').should('have.text', 'Sign Out').click();",
              "err": {},
              "uuid": "da67efd0-6404-4ee9-a371-9f20d8318231",
              "parentUUID": "a1b51497-3131-4e35-bf06-bae62121f701",
              "isHook": false,
              "skipped": false
            },
            {
              "title": "By clicking on log out the user should able to get log out confirmation pop up.",
              "fullTitle": "Profile module testcases By clicking on log out the user should able to get log out confirmation pop up.",
              "timedOut": null,
              "duration": 100,
              "state": "passed",
              "speed": "fast",
              "pass": true,
              "fail": false,
              "pending": false,
              "context": null,
              "code": "cy.get(\".mt-3>.mt-2\").should('be.visible').should('have.text', 'Are you sure, you want to sign out?');\ncy.get(\"svg.h-6.w-6\").should('be.visible');\ncy.get(\".mt-5>button:nth-child(2)\").should('be.visible').should('have.text', 'Cancel');\ncy.get(\".mt-5>button:nth-child(1)\").should('be.visible').should('have.text', 'Confirm');",
              "err": {},
              "uuid": "e691482b-59d5-4c74-9c9e-a70af5f4b310",
              "parentUUID": "a1b51497-3131-4e35-bf06-bae62121f701",
              "isHook": false,
              "skipped": false
            },
            {
              "title": "By clicking on on cancel button the log out confirmation pop out should be closed.",
              "fullTitle": "Profile module testcases By clicking on on cancel button the log out confirmation pop out should be closed.",
              "timedOut": null,
              "duration": 4711,
              "state": "passed",
              "speed": "fast",
              "pass": true,
              "fail": false,
              "pending": false,
              "context": null,
              "code": "cy.get(\".mt-5>button:nth-child(2)\").should('be.visible').should('have.text', 'Cancel').click();\ncy.wait(2000);\ncy.get('span.hidden').click();\ncy.get(\".ml-3>div:nth-child(2)>div:nth-child(2)\").should('be.visible').should('have.text', 'Sign Out').click();\ncy.wait(2000);",
              "err": {},
              "uuid": "f1721789-f4c5-49d9-b890-ca78e2e45763",
              "parentUUID": "a1b51497-3131-4e35-bf06-bae62121f701",
              "isHook": false,
              "skipped": false
            },
            {
              "title": "By clicking on confirm button the user should be able to log out of the site.",
              "fullTitle": "Profile module testcases By clicking on confirm button the user should be able to log out of the site.",
              "timedOut": null,
              "duration": 2274,
              "state": "passed",
              "speed": "fast",
              "pass": true,
              "fail": false,
              "pending": false,
              "context": null,
              "code": "cy.get(\".mt-5>button:nth-child(1)\").should('be.visible').should('have.text', 'Confirm').click();\ncy.wait(2000);",
              "err": {},
              "uuid": "bf75fb70-f8bb-406b-b612-e87da7a8e05e",
              "parentUUID": "a1b51497-3131-4e35-bf06-bae62121f701",
              "isHook": false,
              "skipped": false
            }
          ],
          "suites": [],
          "passes": [
            "80a64191-ccf8-493d-9d1d-c4d145a229c1",
            "b8d32053-5c3f-4656-883f-238d23be85c9",
            "8c185765-aed3-4a27-8c46-9dd554833aec",
            "6e3cb081-6d08-47da-b8e2-76791eabe955",
            "da67efd0-6404-4ee9-a371-9f20d8318231",
            "e691482b-59d5-4c74-9c9e-a70af5f4b310",
            "f1721789-f4c5-49d9-b890-ca78e2e45763",
            "bf75fb70-f8bb-406b-b612-e87da7a8e05e"
          ],
          "failures": [],
          "pending": [],
          "skipped": [],
          "duration": 25531,
          "root": false,
          "rootEmpty": false,
          "_timeout": 2000
        }
      ],
      "passes": [],
      "failures": [],
      "pending": [],
      "skipped": [],
      "duration": 0,
      "root": true,
      "rootEmpty": true,
      "_timeout": 2000
    }
  ],
  "meta": {
    "mocha": {
      "version": "7.0.1"
    },
    "mochawesome": {
      "options": {
        "quiet": false,
        "reportFilename": "report",
        "saveHtml": true,
        "saveJson": true,
        "consoleReporter": "spec",
        "useInlineDiffs": false,
        "code": true
      },
      "version": "7.0.1"
    },
    "marge": {
      "options": {
        "reportDir": "cypress/reports",
        "reportFilename": "report",
        "overwrite": false,
        "html": true,
        "json": true,
        "charts": true
      },
      "version": "6.0.1"
    }
  }
}