{
  "stats": {
    "suites": 1,
    "tests": 8,
    "passes": 0,
    "pending": 0,
    "failures": 8,
    "start": "2022-03-25T07:44:44.088Z",
    "end": "2022-03-25T07:47:12.810Z",
    "duration": 148722,
    "testsRegistered": 8,
    "passPercent": 0,
    "pendingPercent": 0,
    "other": 0,
    "hasOther": false,
    "skipped": 0,
    "hasSkipped": false
  },
  "results": [
    {
      "uuid": "cb6d9032-4273-4fe0-9163-313e87bd5cf0",
      "title": "",
      "fullFile": "cypress/integration/Admin_Testcases/15_Requested.Spec.js",
      "file": "cypress/integration/Admin_Testcases/15_Requested.Spec.js",
      "beforeHooks": [],
      "afterHooks": [],
      "tests": [],
      "suites": [
        {
          "uuid": "a2ada919-8c75-4422-b591-607eb88e5a03",
          "title": "Requested Appointment Details Test cases",
          "fullFile": "",
          "file": "",
          "beforeHooks": [],
          "afterHooks": [],
          "tests": [
            {
              "title": "As a Admin the user should be navigated to the Appointment Details page of Requested appointment by clicking on the eye icon against that appointment",
              "fullTitle": "Requested Appointment Details Test cases As a Admin the user should be navigated to the Appointment Details page of Requested appointment by clicking on the eye icon against that appointment",
              "timedOut": null,
              "duration": 35830,
              "state": "failed",
              "speed": null,
              "pass": false,
              "fail": true,
              "pending": false,
              "context": null,
              "code": "cy.login();\ncy.url().should('contain', '/dashboard');\ncy.get('.space-y-4 > :nth-child(2)').should('be.visible').should('have.text', 'Patients').click();\ncy.url().should('contain', '/patients');\ncy.get('.bg-white > .w-full').type('pvnkumar80@gmail.com');\ncy.get('.flex > .text-xs').should('be.visible').should('have.text', 'Book').click();\ncy.url().should('contain', '/book_appointment');\ncy.get('.my-4>div:nth-child(2)>div>form>div>div:nth-child(1)>div:nth-child(1)>div>div').click();\ncy.get('.react-datepicker__day--today').click();\ncy.get('.my-4>div:nth-child(2)>div>form>div>div:nth-child(1)>div:nth-child(2)>div:nth-child(2)>div>input').should('be.visible').check();\ncy.get('.my-4>div:nth-child(2)>div>form>div>div:nth-child(3)').click();\ncy.get('form>.px-8>div:nth-child(3)>div:nth-child(2)>div:nth-child(2)>div>div').type('Fever');\ncy.get('.my-8 > .flex').should('be.visible').should('have.text', 'Continue').click();\ncy.get('form>div>div:nth-child(2)>div:nth-child(3)>div:nth-child(3)').click();\ncy.get('form>div>div>div>[type=button]').should('be.visible').should('have.text', 'Continue').click();\ncy.wait(2000);\ncy.contains('Appointment Added successfully');\ncy.xpath('/html/body/div[7]/div/div/div[1]/div[2]/div[3]/button').should('be.visible').should('have.text', 'Continue').click();\ncy.get('.flex>div>nav>div:nth-child(4)').should('be.visible').should('have.text', 'Appointments').click();\ncy.get('table>tbody>tr:nth-child(1)>td:nth-child(4)').should('be.visible').should('have.text', 'requested');\ncy.get('table>tbody>tr:nth-child(1)>td:nth-child(7)').should('be.visible').click();\ncy.get(':nth-child(3) > .font-semibold > .text-sm').should('be.visible').should('have.text', 'requested');",
              "err": {
                "message": "AssertionError: Timed out retrying after 15000ms: expected '[ <div.text-xs.cursor-pointer.font-medium.break-words.inline-block.p-1.px-8.shadow.hover:shadow-corner.rounded.bg-primary.text-white>, 2 more... ]' to have text 'Book', but the text was 'BookPreviousNext'",
                "estack": "AssertionError: Timed out retrying after 15000ms: expected '[ <div.text-xs.cursor-pointer.font-medium.break-words.inline-block.p-1.px-8.shadow.hover:shadow-corner.rounded.bg-primary.text-white>, 2 more... ]' to have text 'Book', but the text was 'BookPreviousNext'\n    at Context.eval (https://qa.rch.build-release.com/__cypress/tests?p=cypress\\integration\\Admin_Testcases\\15_Requested.Spec.js:120:53)",
                "diff": "- 'BookPreviousNext'\n+ 'Book'\n"
              },
              "uuid": "a4a8bc8b-826b-4b1c-99fb-65ed9a3fd3d6",
              "parentUUID": "a2ada919-8c75-4422-b591-607eb88e5a03",
              "isHook": false,
              "skipped": false
            },
            {
              "title": "At \"Appointment details\" page each label and field should have proper label and validations",
              "fullTitle": "Requested Appointment Details Test cases At \"Appointment details\" page each label and field should have proper label and validations",
              "timedOut": null,
              "duration": 15392,
              "state": "failed",
              "speed": null,
              "pass": false,
              "fail": true,
              "pending": false,
              "context": null,
              "code": "cy.get('.space-x-4 > .font-semibold').should('be.visible').should('have.text', 'Appointment Details');\ncy.get('.w-7').should('be.visible');\ncy.get('.border-b.py-3 > .text-primary').should('be.visible');\ncy.get('[textid=\"admin.appointment.accept\"]').should('be.visible').should('have.text', 'Accept');\ncy.get('[textid=\"admin.appointment.reject\"]').should('be.visible').should('have.text', 'Reject');\ncy.get(':nth-child(1) > .text-gray-500').should('be.visible').should('have.text', 'Appointment ID');\ncy.get('.flex.capitalize > .text-gray-500').should('be.visible').should('have.text', 'Requested For');\ncy.get(':nth-child(3) > .text-gray-500').should('be.visible').should('have.text', 'Status');\ncy.get('.mx-4 > :nth-child(3) > :nth-child(1)').should('be.visible').should('have.text', 'Patients');\ncy.get('.py-4.capitalize > :nth-child(1)').should('be.visible').should('have.text', 'Services Requested');\ncy.get('.min-h-screen>div:nth-child(2)>div:nth-child(5)>button').should('be.visible').should('have.text', 'Cancel Appointment');",
              "err": {
                "message": "AssertionError: Timed out retrying after 15000ms: Expected to find element: `.space-x-4 > .font-semibold`, but never found it.",
                "estack": "AssertionError: Timed out retrying after 15000ms: Expected to find element: `.space-x-4 > .font-semibold`, but never found it.\n    at Context.eval (https://qa.rch.build-release.com/__cypress/tests?p=cypress\\integration\\Admin_Testcases\\15_Requested.Spec.js:139:43)",
                "diff": null
              },
              "uuid": "4a5f3930-7fd7-4463-977d-f1a95ce78da4",
              "parentUUID": "a2ada919-8c75-4422-b591-607eb88e5a03",
              "isHook": false,
              "skipped": false
            },
            {
              "title": "The unique appointment id should be displayed",
              "fullTitle": "Requested Appointment Details Test cases The unique appointment id should be displayed",
              "timedOut": null,
              "duration": 15530,
              "state": "failed",
              "speed": null,
              "pass": false,
              "fail": true,
              "pending": false,
              "context": null,
              "code": "cy.get(':nth-child(1) > .text-gray-500').should('be.visible').should('have.text', 'Appointment ID');",
              "err": {
                "message": "AssertionError: Timed out retrying after 15000ms: Expected to find element: `:nth-child(1) > .text-gray-500`, but never found it.",
                "estack": "AssertionError: Timed out retrying after 15000ms: Expected to find element: `:nth-child(1) > .text-gray-500`, but never found it.\n    at Context.eval (https://qa.rch.build-release.com/__cypress/tests?p=cypress\\integration\\Admin_Testcases\\15_Requested.Spec.js:152:46)",
                "diff": null
              },
              "uuid": "03d802af-9b7a-4a81-98a8-3df97384de84",
              "parentUUID": "a2ada919-8c75-4422-b591-607eb88e5a03",
              "isHook": false,
              "skipped": false
            },
            {
              "title": "The date requested by the patient should be displayed",
              "fullTitle": "Requested Appointment Details Test cases The date requested by the patient should be displayed",
              "timedOut": null,
              "duration": 15420,
              "state": "failed",
              "speed": null,
              "pass": false,
              "fail": true,
              "pending": false,
              "context": null,
              "code": "cy.get('.flex.capitalize > .text-gray-500').should('be.visible').should('have.text', 'Requested For');",
              "err": {
                "message": "AssertionError: Timed out retrying after 15000ms: Expected to find element: `.flex.capitalize > .text-gray-500`, but never found it.",
                "estack": "AssertionError: Timed out retrying after 15000ms: Expected to find element: `.flex.capitalize > .text-gray-500`, but never found it.\n    at Context.eval (https://qa.rch.build-release.com/__cypress/tests?p=cypress\\integration\\Admin_Testcases\\15_Requested.Spec.js:155:49)",
                "diff": null
              },
              "uuid": "189a8dae-61a6-46f2-8943-8d78c2d2a7f7",
              "parentUUID": "a2ada919-8c75-4422-b591-607eb88e5a03",
              "isHook": false,
              "skipped": false
            },
            {
              "title": "As a Admin the user should be navigated to the medical history page of particular patient by clicking on the name card of that particular patient",
              "fullTitle": "Requested Appointment Details Test cases As a Admin the user should be navigated to the medical history page of particular patient by clicking on the name card of that particular patient",
              "timedOut": null,
              "duration": 15374,
              "state": "failed",
              "speed": null,
              "pass": false,
              "fail": true,
              "pending": false,
              "context": null,
              "code": "cy.get('.justify-between > .flex > .w-6').should('be.visible').click();\ncy.get('.py-8 > .h-6').should('be.visible').click();",
              "err": {
                "message": "AssertionError: Timed out retrying after 15000ms: Expected to find element: `.justify-between > .flex > .w-6`, but never found it.",
                "estack": "AssertionError: Timed out retrying after 15000ms: Expected to find element: `.justify-between > .flex > .w-6`, but never found it.\n    at Context.eval (https://qa.rch.build-release.com/__cypress/tests?p=cypress\\integration\\Admin_Testcases\\15_Requested.Spec.js:158:47)",
                "diff": null
              },
              "uuid": "d9ae6d1d-9775-4ec4-9005-fa095b6c30fe",
              "parentUUID": "a2ada919-8c75-4422-b591-607eb88e5a03",
              "isHook": false,
              "skipped": false
            },
            {
              "title": "The list of services requested by the patient should be displayed",
              "fullTitle": "Requested Appointment Details Test cases The list of services requested by the patient should be displayed",
              "timedOut": null,
              "duration": 15395,
              "state": "failed",
              "speed": null,
              "pass": false,
              "fail": true,
              "pending": false,
              "context": null,
              "code": "cy.get('.py-4.capitalize > :nth-child(1)').should('be.visible').should('have.text', 'Services Requested');",
              "err": {
                "message": "AssertionError: Timed out retrying after 15000ms: Expected to find element: `.py-4.capitalize > :nth-child(1)`, but never found it.",
                "estack": "AssertionError: Timed out retrying after 15000ms: Expected to find element: `.py-4.capitalize > :nth-child(1)`, but never found it.\n    at Context.eval (https://qa.rch.build-release.com/__cypress/tests?p=cypress\\integration\\Admin_Testcases\\15_Requested.Spec.js:162:48)",
                "diff": null
              },
              "uuid": "7573765b-4507-4b59-8940-45852a3804f2",
              "parentUUID": "a2ada919-8c75-4422-b591-607eb88e5a03",
              "isHook": false,
              "skipped": false
            },
            {
              "title": "As a Admin the user can accept the Appointment By clicking on the \"Accept\" button",
              "fullTitle": "Requested Appointment Details Test cases As a Admin the user can accept the Appointment By clicking on the \"Accept\" button",
              "timedOut": null,
              "duration": 15478,
              "state": "failed",
              "speed": null,
              "pass": false,
              "fail": true,
              "pending": false,
              "context": null,
              "code": "cy.get('[textid=\"admin.appointment.accept\"]').should('be.visible').should('have.text', 'Accept').click();\ncy.wait(5000);\ncy.get(':nth-child(3) > .font-semibold > .text-sm').should('be.visible').should('have.text', 'accepted');",
              "err": {
                "message": "AssertionError: Timed out retrying after 15000ms: Expected to find element: `[textid=\"admin.appointment.accept\"]`, but never found it.",
                "estack": "AssertionError: Timed out retrying after 15000ms: Expected to find element: `[textid=\"admin.appointment.accept\"]`, but never found it.\n    at Context.eval (https://qa.rch.build-release.com/__cypress/tests?p=cypress\\integration\\Admin_Testcases\\15_Requested.Spec.js:165:51)",
                "diff": null
              },
              "uuid": "43aab210-6130-4baa-a00f-091d8b9eb7f8",
              "parentUUID": "a2ada919-8c75-4422-b591-607eb88e5a03",
              "isHook": false,
              "skipped": false
            },
            {
              "title": "As a Admin the user can cancel the appointment after entering the cancellation reason by clicking on the cancel button",
              "fullTitle": "Requested Appointment Details Test cases As a Admin the user can cancel the appointment after entering the cancellation reason by clicking on the cancel button",
              "timedOut": null,
              "duration": 15399,
              "state": "failed",
              "speed": null,
              "pass": false,
              "fail": true,
              "pending": false,
              "context": null,
              "code": "cy.get('.min-h-screen>div:nth-child(2)>div:nth-child(5)>button').should('have.text', 'Cancel Appointment').click();\ncy.get('.hidden > .mt-6 > form > .pt-2 > div.w-full > .mt-1 > .resize-y').should('be.visible').type('Provider not available');\ncy.get('.hidden>div:nth-child(2)>form>div:nth-child(2)>button').should('be.visible').should('have.text', 'Cancel Appointment').click();\ncy.wait(5000);\ncy.get(':nth-child(3) > .font-semibold > .text-sm').should('be.visible').should('have.text', 'cancelled');",
              "err": {
                "message": "AssertionError: Timed out retrying after 15000ms: Expected to find element: `.min-h-screen>div:nth-child(2)>div:nth-child(5)>button`, but never found it.",
                "estack": "AssertionError: Timed out retrying after 15000ms: Expected to find element: `.min-h-screen>div:nth-child(2)>div:nth-child(5)>button`, but never found it.\n    at Context.eval (https://qa.rch.build-release.com/__cypress/tests?p=cypress\\integration\\Admin_Testcases\\15_Requested.Spec.js:170:70)",
                "diff": null
              },
              "uuid": "9b90949c-f012-465b-aed5-6c923fe480a3",
              "parentUUID": "a2ada919-8c75-4422-b591-607eb88e5a03",
              "isHook": false,
              "skipped": false
            }
          ],
          "suites": [],
          "passes": [],
          "failures": [
            "a4a8bc8b-826b-4b1c-99fb-65ed9a3fd3d6",
            "4a5f3930-7fd7-4463-977d-f1a95ce78da4",
            "03d802af-9b7a-4a81-98a8-3df97384de84",
            "189a8dae-61a6-46f2-8943-8d78c2d2a7f7",
            "d9ae6d1d-9775-4ec4-9005-fa095b6c30fe",
            "7573765b-4507-4b59-8940-45852a3804f2",
            "43aab210-6130-4baa-a00f-091d8b9eb7f8",
            "9b90949c-f012-465b-aed5-6c923fe480a3"
          ],
          "pending": [],
          "skipped": [],
          "duration": 143818,
          "root": false,
          "rootEmpty": false,
          "_timeout": 2000
        }
      ],
      "passes": [],
      "failures": [],
      "pending": [],
      "skipped": [],
      "duration": 0,
      "root": true,
      "rootEmpty": true,
      "_timeout": 2000
    }
  ],
  "meta": {
    "mocha": {
      "version": "7.0.1"
    },
    "mochawesome": {
      "options": {
        "quiet": false,
        "reportFilename": "report",
        "saveHtml": true,
        "saveJson": true,
        "consoleReporter": "spec",
        "useInlineDiffs": false,
        "code": true
      },
      "version": "7.0.1"
    },
    "marge": {
      "options": {
        "reportDir": "cypress/reports",
        "reportFilename": "report",
        "overwrite": false,
        "html": true,
        "json": true,
        "charts": true
      },
      "version": "6.0.1"
    }
  }
}