<!doctype html>
<html lang="en"><head><meta charSet="utf-8"/><meta http-equiv="X-UA-Compatible" content="IE=edge"/><meta name="viewport" content="width=device-width, initial-scale=1"/><title>Mochawesome Report</title><link rel="stylesheet" href="assets\app.css"/></head><body data-raw="{&quot;stats&quot;:{&quot;suites&quot;:1,&quot;tests&quot;:18,&quot;passes&quot;:0,&quot;pending&quot;:0,&quot;failures&quot;:18,&quot;start&quot;:&quot;2023-04-04T18:25:41.712Z&quot;,&quot;end&quot;:&quot;2023-04-04T18:32:15.294Z&quot;,&quot;duration&quot;:393582,&quot;testsRegistered&quot;:18,&quot;passPercent&quot;:0,&quot;pendingPercent&quot;:0,&quot;other&quot;:0,&quot;hasOther&quot;:false,&quot;skipped&quot;:0,&quot;hasSkipped&quot;:false},&quot;results&quot;:[{&quot;uuid&quot;:&quot;26cc5786-a29f-4360-a006-dcf9b6ce8eb3&quot;,&quot;title&quot;:&quot;&quot;,&quot;fullFile&quot;:&quot;cypress\\e2e\\Admin_Testcases\\15_BookAppointmet.spec.js&quot;,&quot;file&quot;:&quot;cypress\\e2e\\Admin_Testcases\\15_BookAppointmet.spec.js&quot;,&quot;beforeHooks&quot;:[],&quot;afterHooks&quot;:[],&quot;tests&quot;:[],&quot;suites&quot;:[{&quot;uuid&quot;:&quot;889f686f-2cf6-453a-a130-c28be13ad0be&quot;,&quot;title&quot;:&quot;Book Appointment module testcases&quot;,&quot;fullFile&quot;:&quot;&quot;,&quot;file&quot;:&quot;&quot;,&quot;beforeHooks&quot;:[],&quot;afterHooks&quot;:[],&quot;tests&quot;:[{&quot;title&quot;:&quot;As a Admin the user should be navigated to the \&quot;Select Service\&quot; page of Book appointment section by clicking on \&quot;Book\&quot; button against the paticular patient.&quot;,&quot;fullTitle&quot;:&quot;Book Appointment module testcases As a Admin the user should be navigated to the \&quot;Select Service\&quot; page of Book appointment section by clicking on \&quot;Book\&quot; button against the paticular patient.&quot;,&quot;duration&quot;:35965,&quot;state&quot;:&quot;failed&quot;,&quot;pass&quot;:false,&quot;fail&quot;:true,&quot;pending&quot;:false,&quot;code&quot;:&quot;cy.login(cred.email, cred.password);\ncy.url().should(&#x27;contain&#x27;, &#x27;/dashboard&#x27;); //Click patient tab on the left side tray\ncy.xpath(&#x27;//nav/div[2]/div[2]&#x27;).should(&#x27;be.visible&#x27;).should(&#x27;have.text&#x27;, &#x27;Patients&#x27;).click();\ncy.url().should(&#x27;contain&#x27;, &#x27;/patients&#x27;); //Add new patient custom command\ncy.AddPatient();\ncy.readFile(&#x27;cypress/fixtures/provider.json&#x27;).then(provider =&gt; {\n  //search added patient    \n  cy.get(&#x27;[type=search]&#x27;).should(&#x27;be.visible&#x27;).type(provider.email.toLowerCase()); //Checking email is present in the list\n  cy.get(&#x27;tr:nth-child(1)&gt;td:nth-child(2)&#x27;).should(&#x27;be.visible&#x27;).should(&#x27;have.text&#x27;, provider.email.toLowerCase());\n  cy.wait(4000);\n}); //Click On Book Button against patient\ncy.xpath(&#x27;//tr[1]/td[5]/div[1]/div[1]&#x27;).should(&#x27;be.visible&#x27;).should(&#x27;have.text&#x27;, &#x27;Book&#x27;).click();\ncy.url().should(&#x27;contain&#x27;, &#x27;/book_appointment&#x27;);&quot;,&quot;err&quot;:{&quot;message&quot;:&quot;AssertionError: Timed out retrying after 20000ms: Expected to find element: `//*[@class=&#x27;my-4&#x27;]/div[1]`, but never found it.&quot;,&quot;estack&quot;:&quot;AssertionError: Timed out retrying after 20000ms: Expected to find element: `//*[@class=&#x27;my-4&#x27;]/div[1]`, but never found it.\n    at Context.eval (https://qa.rch.build-release.com/__cypress/tests?p=cypress\\support\\e2e.js:2598:41)&quot;},&quot;uuid&quot;:&quot;f7998439-a7c1-453a-bba4-3437efadb172&quot;,&quot;parentUUID&quot;:&quot;889f686f-2cf6-453a-a130-c28be13ad0be&quot;,&quot;isHook&quot;:false,&quot;skipped&quot;:false},{&quot;title&quot;:&quot;At \&quot;Select Service\&quot; page each label and field should have proper label and validations&quot;,&quot;fullTitle&quot;:&quot;Book Appointment module testcases At \&quot;Select Service\&quot; page each label and field should have proper label and validations&quot;,&quot;duration&quot;:20295,&quot;state&quot;:&quot;failed&quot;,&quot;pass&quot;:false,&quot;fail&quot;:true,&quot;pending&quot;:false,&quot;code&quot;:&quot;cy.xpath(&#x27;//div[contains(text(),\&quot;Book\&quot;)]&#x27;).should(&#x27;be.visible&#x27;).should(&#x27;have.text&#x27;, &#x27;Book Appointment&#x27;);\ncy.get(&#x27;.cursor-pointer &gt; .w-8&#x27;).should(&#x27;be.visible&#x27;);\ncy.xpath(&#x27;//div[contains(text(),\&quot;Select Service\&quot;)]&#x27;).should(&#x27;be.visible&#x27;).should(&#x27;have.text&#x27;, &#x27;Select Service&#x27;);\ncy.xpath(&#x27;//div[contains(text(),\&quot;Members\&quot;)]&#x27;).should(&#x27;be.visible&#x27;).should(&#x27;have.text&#x27;, &#x27;Members receive 15% discount &amp; $100 travel fee waived on invoice.&#x27;);\ncy.xpath(&#x27;//form[1]/div[1]/div[2]/div[1]/*[1]&#x27;).should(&#x27;be.visible&#x27;);\ncy.xpath(&#x27;//input[@type=\&quot;search\&quot;]&#x27;).should(&#x27;be.visible&#x27;).invoke(&#x27;attr&#x27;, &#x27;placeholder&#x27;).should(&#x27;contain&#x27;, &#x27;Search a service...&#x27;);\ncy.xpath(&#x27;//div[contains(text(),\&quot;Tele\&quot;)]&#x27;).should(&#x27;be.visible&#x27;).should(&#x27;have.text&#x27;, &#x27;Telemedicine Service&#x27;);\ncy.xpath(&#x27;//div[1]/div[1]/div[1]/div[1]/div[1]/input[1]&#x27;).should(&#x27;be.visible&#x27;).should(&#x27;not.be.checked&#x27;);\ncy.xpath(&#x27;//div[contains(text(),\&quot;Vital\&quot;)]&#x27;).should(&#x27;be.visible&#x27;).should(&#x27;have.text&#x27;, &#x27;Vital Checkup&#x27;);\ncy.xpath(&#x27;//div[2]/div[1]/div[1]/div[1]/div[1]/input[1]&#x27;).should(&#x27;be.visible&#x27;).should(&#x27;not.be.checked&#x27;);\ncy.xpath(&#x27;//div[contains(text(),\&quot;Sutu\&quot;)]&#x27;).should(&#x27;be.visible&#x27;).should(&#x27;have.text&#x27;, &#x27;Suture Removal&#x27;);\ncy.xpath(&#x27;//div[3]/div[1]/div[1]/div[1]/div[1]/input[1]&#x27;).should(&#x27;be.visible&#x27;).should(&#x27;not.be.checked&#x27;);\ncy.xpath(&#x27;//div[contains(text(),\&quot;Blood\&quot;)]&#x27;).scrollIntoView().should(&#x27;be.visible&#x27;).should(&#x27;have.text&#x27;, &#x27;Blood draw Covid-19 Antibody &#x27;);\ncy.xpath(&#x27;//div[4]/div[1]/div[1]/div[1]/div[1]/input[1]&#x27;).should(&#x27;be.visible&#x27;).should(&#x27;not.be.checked&#x27;);\ncy.xpath(&#x27;//div[contains(text(),\&quot;Vacc\&quot;)]&#x27;).should(&#x27;be.visible&#x27;).should(&#x27;have.text&#x27;, &#x27;In-home Vaccination&#x27;);\ncy.xpath(&#x27;//div[5]/div[1]/div[1]/div[1]/div[1]/input[1]&#x27;).should(&#x27;be.visible&#x27;).should(&#x27;not.be.checked&#x27;);\ncy.xpath(&#x27;//div[contains(text(),\&quot;well\&quot;)]&#x27;).should(&#x27;be.visible&#x27;).should(&#x27;have.text&#x27;, &#x27;In-Home health/wellness infusion&#x27;);\ncy.xpath(&#x27;//div[6]/div[1]/div[1]/div[1]/div[1]/input[1]&#x27;).should(&#x27;be.visible&#x27;).should(&#x27;not.be.checked&#x27;);\ncy.xpath(&#x27;//div[contains(text(),\&quot;Con\&quot;)]&#x27;).should(&#x27;be.visible&#x27;).should(&#x27;have.text&#x27;, &#x27;Continue&#x27;).click();&quot;,&quot;err&quot;:{&quot;message&quot;:&quot;AssertionError: Timed out retrying after 20000ms: Expected to find element: `//div[contains(text(),\&quot;Book\&quot;)]`, but never found it.&quot;,&quot;estack&quot;:&quot;AssertionError: Timed out retrying after 20000ms: Expected to find element: `//div[contains(text(),\&quot;Book\&quot;)]`, but never found it.\n    at Context.eval (https://qa.rch.build-release.com/__cypress/tests?p=cypress\\e2e\\Admin_Testcases\\15_BookAppointmet.spec.js:144:48)&quot;},&quot;uuid&quot;:&quot;c5aeffae-2351-4823-ad49-d2bb82531544&quot;,&quot;parentUUID&quot;:&quot;889f686f-2cf6-453a-a130-c28be13ad0be&quot;,&quot;isHook&quot;:false,&quot;skipped&quot;:false},{&quot;title&quot;:&quot;As a Admin the user can search any service from the search bar using the service name of that particular service&quot;,&quot;fullTitle&quot;:&quot;Book Appointment module testcases As a Admin the user can search any service from the search bar using the service name of that particular service&quot;,&quot;duration&quot;:20262,&quot;state&quot;:&quot;failed&quot;,&quot;pass&quot;:false,&quot;fail&quot;:true,&quot;pending&quot;:false,&quot;code&quot;:&quot;cy.xpath(&#x27;//input[@type=\&quot;search\&quot;]&#x27;).should(&#x27;be.visible&#x27;).type(&#x27;Suture&#x27;);\ncy.wait(4000);\ncy.xpath(&#x27;//div[contains(text(),\&quot;Sutu\&quot;)]&#x27;).should(&#x27;be.visible&#x27;).should(&#x27;contain&#x27;, &#x27;Suture Removal&#x27;);\ncy.xpath(&#x27;//div[1]/div[1]/div[1]/div[1]/div[1]/input[1]&#x27;).should(&#x27;be.visible&#x27;).should(&#x27;not.be.checked&#x27;).check();\ncy.xpath(&#x27;//input[@type=\&quot;search\&quot;]&#x27;).should(&#x27;be.visible&#x27;).clear();\ncy.wait(4000);\ncy.xpath(&#x27;//div[contains(text(),\&quot;Tele\&quot;)]&#x27;).scrollIntoView().should(&#x27;be.visible&#x27;).click();\ncy.contains(&#x27;\&quot;Telemedicine Visit\&quot; service cannot be availed with any other services.&#x27;);&quot;,&quot;err&quot;:{&quot;message&quot;:&quot;AssertionError: Timed out retrying after 20000ms: Expected to find element: `//input[@type=\&quot;search\&quot;]`, but never found it.&quot;,&quot;estack&quot;:&quot;AssertionError: Timed out retrying after 20000ms: Expected to find element: `//input[@type=\&quot;search\&quot;]`, but never found it.\n    at Context.eval (https://qa.rch.build-release.com/__cypress/tests?p=cypress\\e2e\\Admin_Testcases\\15_BookAppointmet.spec.js:165:41)&quot;},&quot;uuid&quot;:&quot;98af29fc-1299-47eb-8a02-d6ad9d0bd510&quot;,&quot;parentUUID&quot;:&quot;889f686f-2cf6-453a-a130-c28be13ad0be&quot;,&quot;isHook&quot;:false,&quot;skipped&quot;:false},{&quot;title&quot;:&quot;After selcecting the required service/services and clicking on Clicking on \&quot;Continue\&quot; button, user should be navigated to the \&quot;Select Patient\&quot; page.&quot;,&quot;fullTitle&quot;:&quot;Book Appointment module testcases After selcecting the required service/services and clicking on Clicking on \&quot;Continue\&quot; button, user should be navigated to the \&quot;Select Patient\&quot; page.&quot;,&quot;duration&quot;:20253,&quot;state&quot;:&quot;failed&quot;,&quot;pass&quot;:false,&quot;fail&quot;:true,&quot;pending&quot;:false,&quot;code&quot;:&quot;cy.xpath(&#x27;//div[4]/div[1]/div[1]/div[1]/div[1]/input[1]&#x27;).should(&#x27;be.visible&#x27;).should(&#x27;not.be.checked&#x27;).check({\n  force: true\n});\ncy.xpath(&#x27;//div[5]/div[1]/div[1]/div[1]/div[1]/input[1]&#x27;).should(&#x27;be.visible&#x27;).should(&#x27;not.be.checked&#x27;).check({\n  force: true\n});\ncy.wait(2000);\ncy.xpath(&#x27;//div[contains(text(),\&quot;Con\&quot;)]&#x27;).should(&#x27;be.visible&#x27;).should(&#x27;have.text&#x27;, &#x27;Continue&#x27;).click();\ncy.wait(4000);\ncy.xpath(&#x27;//span[contains(text(),\&quot;self\&quot;)]&#x27;).should(&#x27;be.visible&#x27;).should(&#x27;have.text&#x27;, &#x27;self&#x27;);&quot;,&quot;err&quot;:{&quot;message&quot;:&quot;AssertionError: Timed out retrying after 20000ms: Expected to find element: `//div[4]/div[1]/div[1]/div[1]/div[1]/input[1]`, but never found it.&quot;,&quot;estack&quot;:&quot;AssertionError: Timed out retrying after 20000ms: Expected to find element: `//div[4]/div[1]/div[1]/div[1]/div[1]/input[1]`, but never found it.\n    at Context.eval (https://qa.rch.build-release.com/__cypress/tests?p=cypress\\e2e\\Admin_Testcases\\15_BookAppointmet.spec.js:175:63)&quot;},&quot;uuid&quot;:&quot;535bae9b-5de0-4824-89c1-bda9f5cdcf92&quot;,&quot;parentUUID&quot;:&quot;889f686f-2cf6-453a-a130-c28be13ad0be&quot;,&quot;isHook&quot;:false,&quot;skipped&quot;:false},{&quot;title&quot;:&quot;At \&quot;Select Patient\&quot; page each label and field should have proper label and validations&quot;,&quot;fullTitle&quot;:&quot;Book Appointment module testcases At \&quot;Select Patient\&quot; page each label and field should have proper label and validations&quot;,&quot;duration&quot;:20269,&quot;state&quot;:&quot;failed&quot;,&quot;pass&quot;:false,&quot;fail&quot;:true,&quot;pending&quot;:false,&quot;code&quot;:&quot;cy.xpath(&#x27;//span[contains(text(),\&quot;self\&quot;)]&#x27;).should(&#x27;be.visible&#x27;).should(&#x27;have.text&#x27;, &#x27;self&#x27;);\ncy.xpath(&#x27;//div[contains(text(),\&quot;Date\&quot;)]&#x27;).should(&#x27;be.visible&#x27;).should(&#x27;have.text&#x27;, &#x27;Date of Birth&#x27;);\ncy.xpath(&#x27;//div[contains(text(),\&quot;Gender\&quot;)]&#x27;).should(&#x27;be.visible&#x27;).should(&#x27;have.text&#x27;, &#x27;Gender&#x27;);\ncy.xpath(&#x27;//div[contains(text(),\&quot;Please\&quot;)]&#x27;).should(&#x27;be.visible&#x27;).should(&#x27;have.text&#x27;, &#x27;Please describe your primary symptomsâ€¦&#x27;);\ncy.xpath(&#x27;//textarea[@label=\&quot;primary.symptoms\&quot;]&#x27;).should(&#x27;be.visible&#x27;); // cy.xpath(&#x27;//input[@name=\&quot;patients[0].image1\&quot;]&#x27;).should(&#x27;be.visible&#x27;)\n// cy.xpath(&#x27;//input[@name=\&quot;patients[0].image2\&quot;]&#x27;).should(&#x27;be.visible&#x27;)\ncy.xpath(&#x27;//div[contains(text(),\&quot;Add A\&quot;)]&#x27;).should(&#x27;be.visible&#x27;).should(&#x27;have.text&#x27;, &#x27;Add Another Family Member&#x27;);\ncy.xpath(&#x27;//div[contains(text(),\&quot;Con\&quot;)]&#x27;).should(&#x27;be.visible&#x27;).should(&#x27;have.text&#x27;, &#x27;Continue&#x27;).click();\ncy.wait(2000);\ncy.xpath(&#x27;//span[contains(text(),\&quot;required\&quot;)]&#x27;).should(&#x27;be.visible&#x27;).should(&#x27;have.text&#x27;, &#x27;Primary Symptoms are required&#x27;);&quot;,&quot;err&quot;:{&quot;message&quot;:&quot;AssertionError: Timed out retrying after 20000ms: Expected to find element: `//span[contains(text(),\&quot;self\&quot;)]`, but never found it.&quot;,&quot;estack&quot;:&quot;AssertionError: Timed out retrying after 20000ms: Expected to find element: `//span[contains(text(),\&quot;self\&quot;)]`, but never found it.\n    at Context.eval (https://qa.rch.build-release.com/__cypress/tests?p=cypress\\e2e\\Admin_Testcases\\15_BookAppointmet.spec.js:187:49)&quot;},&quot;uuid&quot;:&quot;3f847039-aee4-4019-b546-38db93b0241b&quot;,&quot;parentUUID&quot;:&quot;889f686f-2cf6-453a-a130-c28be13ad0be&quot;,&quot;isHook&quot;:false,&quot;skipped&quot;:false},{&quot;title&quot;:&quot;As a Admin the user should can add another member by clicking on \&quot;Add Another Family Member\&quot; button on \&quot;Select Patient\&quot; page.&quot;,&quot;fullTitle&quot;:&quot;Book Appointment module testcases As a Admin the user should can add another member by clicking on \&quot;Add Another Family Member\&quot; button on \&quot;Select Patient\&quot; page.&quot;,&quot;duration&quot;:20291,&quot;state&quot;:&quot;failed&quot;,&quot;pass&quot;:false,&quot;fail&quot;:true,&quot;pending&quot;:false,&quot;code&quot;:&quot;cy.xpath(&#x27;//div[contains(text(),\&quot;Add A\&quot;)]&#x27;).should(&#x27;be.visible&#x27;).should(&#x27;have.text&#x27;, &#x27;Add Another Family Member&#x27;).click();\ncy.wait(4000);\ncy.xpath(&#x27;//div[1]/h3[1]/div[1]/div[1]&#x27;).should(&#x27;be.visible&#x27;).should(&#x27;have.text&#x27;, &#x27;Add Minor &amp; Symptoms&#x27;);\ncy.addfamilymember();\ncy.wait(4000);&quot;,&quot;err&quot;:{&quot;message&quot;:&quot;AssertionError: Timed out retrying after 20000ms: Expected to find element: `//div[contains(text(),\&quot;Add A\&quot;)]`, but never found it.&quot;,&quot;estack&quot;:&quot;AssertionError: Timed out retrying after 20000ms: Expected to find element: `//div[contains(text(),\&quot;Add A\&quot;)]`, but never found it.\n    at Context.eval (https://qa.rch.build-release.com/__cypress/tests?p=cypress\\e2e\\Admin_Testcases\\15_BookAppointmet.spec.js:200:49)&quot;},&quot;uuid&quot;:&quot;31473d31-627d-4782-90e9-8936bba4c6d8&quot;,&quot;parentUUID&quot;:&quot;889f686f-2cf6-453a-a130-c28be13ad0be&quot;,&quot;isHook&quot;:false,&quot;skipped&quot;:false},{&quot;title&quot;:&quot;After Selecting patients,adding primary symptoms and clicking on \&quot;Continue\&quot; button, the user should be navigated to the \&quot;Date&amp;Time\&quot; page.&quot;,&quot;fullTitle&quot;:&quot;Book Appointment module testcases After Selecting patients,adding primary symptoms and clicking on \&quot;Continue\&quot; button, the user should be navigated to the \&quot;Date&amp;Time\&quot; page.&quot;,&quot;duration&quot;:20283,&quot;state&quot;:&quot;failed&quot;,&quot;pass&quot;:false,&quot;fail&quot;:true,&quot;pending&quot;:false,&quot;code&quot;:&quot;cy.xpath(&#x27;//form[1]/div[1]/div[2]/div[1]/div[1]&#x27;).should(&#x27;be.visible&#x27;).click();\ncy.contains(&#x27;You have selected Single Type of Service&#x27;);\ncy.get(&#x27;.cursor-pointer &gt; .w-8&#x27;).should(&#x27;be.visible&#x27;).click();\ncy.wait(4000);\ncy.xpath(&#x27;//input[@type=\&quot;search\&quot;]&#x27;).should(&#x27;be.visible&#x27;).type(&#x27;In-home covid&#x27;);\ncy.wait(4000);\ncy.xpath(&#x27;//div[1]/div[1]/div[1]/div[1]/div[1]/input[1]&#x27;).should(&#x27;be.visible&#x27;).should(&#x27;not.be.checked&#x27;).check();\ncy.xpath(&#x27;//div[2]/div[1]/div[1]/div[1]/div[1]/input[1]&#x27;).should(&#x27;be.visible&#x27;).should(&#x27;not.be.checked&#x27;).check();\ncy.xpath(&#x27;//div[contains(text(),\&quot;Con\&quot;)]&#x27;).should(&#x27;be.visible&#x27;).should(&#x27;have.text&#x27;, &#x27;Continue&#x27;).click();\ncy.wait(4000);\ncy.xpath(&#x27;//div[1]/div[1]/div[2]/div[2]/div/div/div/textarea&#x27;).should(&#x27;be.visible&#x27;).type(&#x27;Fever&#x27;);\ncy.xpath(&#x27;//input[@name=\&quot;patients[0].image1\&quot;]&#x27;).attachFile(&#x27;image1.jpg&#x27;);\ncy.wait(2000);\ncy.xpath(&#x27;//input[@name=\&quot;patients[0].image2\&quot;]&#x27;).attachFile(&#x27;image2.jpg&#x27;);\ncy.wait(2000); // cy.xpath(&#x27;//form[1]/div[1]/div[2]/div[1]/div[1]&#x27;).should(&#x27;be.visible&#x27;).click()\ncy.xpath(&#x27;//div[2]/div[1]/div[2]/div[2]/div/div/div/textarea&#x27;).should(&#x27;be.visible&#x27;).clear().type(&#x27;puking&#x27;);\ncy.xpath(&#x27;//input[@name=\&quot;patients[1].image1\&quot;]&#x27;).attachFile(&#x27;image3.jpg&#x27;);\ncy.wait(2000);\ncy.xpath(&#x27;//input[@name=\&quot;patients[1].image2\&quot;]&#x27;).attachFile(&#x27;image4.jpg&#x27;);\ncy.wait(2000);\ncy.xpath(&#x27;//div[contains(text(),\&quot;Con\&quot;)]&#x27;).should(&#x27;be.visible&#x27;).should(&#x27;have.text&#x27;, &#x27;Continue&#x27;).click();\ncy.wait(4000);\ncy.xpath(&#x27;//div[contains(text(),\&quot;Preferred A\&quot;)]&#x27;).should(&#x27;be.visible&#x27;).should(&#x27;have.text&#x27;, &#x27;Preferred Appointment Date&#x27;);&quot;,&quot;err&quot;:{&quot;message&quot;:&quot;AssertionError: Timed out retrying after 20000ms: Expected to find element: `//form[1]/div[1]/div[2]/div[1]/div[1]`, but never found it.&quot;,&quot;estack&quot;:&quot;AssertionError: Timed out retrying after 20000ms: Expected to find element: `//form[1]/div[1]/div[2]/div[1]/div[1]`, but never found it.\n    at Context.eval (https://qa.rch.build-release.com/__cypress/tests?p=cypress\\e2e\\Admin_Testcases\\15_BookAppointmet.spec.js:207:55)&quot;},&quot;uuid&quot;:&quot;b1edf378-4176-452a-875f-24c567115d9b&quot;,&quot;parentUUID&quot;:&quot;889f686f-2cf6-453a-a130-c28be13ad0be&quot;,&quot;isHook&quot;:false,&quot;skipped&quot;:false},{&quot;title&quot;:&quot;At \&quot;Date&amp;Time\&quot; page each label and field should have proper label and validations&quot;,&quot;fullTitle&quot;:&quot;Book Appointment module testcases At \&quot;Date&amp;Time\&quot; page each label and field should have proper label and validations&quot;,&quot;duration&quot;:20394,&quot;state&quot;:&quot;failed&quot;,&quot;pass&quot;:false,&quot;fail&quot;:true,&quot;pending&quot;:false,&quot;code&quot;:&quot;cy.xpath(&#x27;//div[contains(text(),\&quot;Preferred A\&quot;)]&#x27;).should(&#x27;be.visible&#x27;).should(&#x27;have.text&#x27;, &#x27;Preferred Appointment Date&#x27;);\ncy.xpath(&#x27;//input[@type=\&quot;text\&quot;]&#x27;).should(&#x27;be.visible&#x27;);\ncy.xpath(&#x27;//div[contains(text(),\&quot;T\&quot;)]&#x27;).should(&#x27;be.visible&#x27;).should(&#x27;have.text&#x27;, &#x27;Preferred Time Slot&#x27;);\ncy.xpath(&#x27;//input[@name=\&quot;MORNING\&quot;]&#x27;).should(&#x27;be.visible&#x27;).should(&#x27;not.be.checked&#x27;);\ncy.xpath(&#x27;//label[@for=\&quot;MORNING\&quot;]&#x27;).should(&#x27;be.visible&#x27;).should(&#x27;have.text&#x27;, &#x27;Morning&#x27;);\ncy.xpath(&#x27;//input[@name=\&quot;AFTERNOON\&quot;]&#x27;).should(&#x27;be.visible&#x27;).should(&#x27;not.be.checked&#x27;);\ncy.xpath(&#x27;//label[@for=\&quot;AFTERNOON\&quot;]&#x27;).should(&#x27;be.visible&#x27;).should(&#x27;have.text&#x27;, &#x27;Afternoon&#x27;);\ncy.xpath(&#x27;//input[@name=\&quot;EVENING\&quot;]&#x27;).should(&#x27;be.visible&#x27;).should(&#x27;not.be.checked&#x27;);\ncy.xpath(&#x27;//label[@for=\&quot;EVENING\&quot;]&#x27;).should(&#x27;be.visible&#x27;).should(&#x27;have.text&#x27;, &#x27;Evening&#x27;);\ncy.xpath(&#x27;//input[@name=\&quot;ASAP\&quot;]&#x27;).should(&#x27;be.visible&#x27;).should(&#x27;not.be.checked&#x27;);\ncy.xpath(&#x27;//label[@for=\&quot;ASAP\&quot;]&#x27;).should(&#x27;be.visible&#x27;).should(&#x27;have.text&#x27;, &#x27;ASAP&#x27;);\ncy.xpath(&#x27;//div[contains(text(),\&quot;Service A\&quot;)]&#x27;).should(&#x27;be.visible&#x27;).should(&#x27;have.text&#x27;, &#x27;Service Address&#x27;);\ncy.xpath(&#x27;//div[2]/div[2]/div[1]/div[2]/*[1]&#x27;).should(&#x27;be.visible&#x27;);\ncy.xpath(&#x27;//div[contains(text(),\&quot;Ed\&quot;)]&#x27;).should(&#x27;be.visible&#x27;).should(&#x27;have.text&#x27;, &#x27;Edit&#x27;);\ncy.xpath(&#x27;//button[@textid=\&quot;book.appointment\&quot;]&#x27;).should(&#x27;be.visible&#x27;).should(&#x27;have.text&#x27;, &#x27;Book Appointment&#x27;).click();\ncy.contains(&#x27;Preferred Appointment Date is required.&#x27;);\ncy.contains(&#x27;Preferred Time Slot is required.&#x27;);\ncy.xpath(&#x27;//input[@name=\&quot;ASAP\&quot;]&#x27;).should(&#x27;be.visible&#x27;).should(&#x27;not.be.checked&#x27;).check();\ncy.wait(2000);\ncy.xpath(&#x27;//input[@name=\&quot;MORNING\&quot;]&#x27;).should(&#x27;be.visible&#x27;).should(&#x27;not.be.checked&#x27;).should(&#x27;be.disabled&#x27;);\ncy.xpath(&#x27;//input[@name=\&quot;AFTERNOON\&quot;]&#x27;).should(&#x27;be.visible&#x27;).should(&#x27;not.be.checked&#x27;).should(&#x27;be.disabled&#x27;);\ncy.xpath(&#x27;//input[@name=\&quot;EVENING\&quot;]&#x27;).should(&#x27;be.visible&#x27;).should(&#x27;not.be.checked&#x27;).should(&#x27;be.disabled&#x27;);\ncy.xpath(&#x27;//input[@name=\&quot;ASAP\&quot;]&#x27;).should(&#x27;be.visible&#x27;).uncheck();\ncy.wait(2000);\ncy.xpath(&#x27;//input[@name=\&quot;AFTERNOON\&quot;]&#x27;).should(&#x27;be.visible&#x27;).should(&#x27;not.be.checked&#x27;).check();\ncy.xpath(&#x27;//input[@name=\&quot;EVENING\&quot;]&#x27;).should(&#x27;be.visible&#x27;).should(&#x27;not.be.checked&#x27;).check();\ncy.xpath(&#x27;//input[@name=\&quot;MORNING\&quot;]&#x27;).should(&#x27;be.visible&#x27;).should(&#x27;not.be.checked&#x27;).should(&#x27;be.disabled&#x27;);\ncy.xpath(&#x27;//input[@name=\&quot;ASAP\&quot;]&#x27;).should(&#x27;be.visible&#x27;).should(&#x27;not.be.checked&#x27;).check();\ncy.wait(2000);\ncy.xpath(&#x27;//input[@name=\&quot;ASAP\&quot;]&#x27;).should(&#x27;be.visible&#x27;).uncheck();\ncy.wait(2000);&quot;,&quot;err&quot;:{&quot;message&quot;:&quot;AssertionError: Timed out retrying after 20000ms: Expected to find element: `//div[contains(text(),\&quot;Preferred A\&quot;)]`, but never found it.&quot;,&quot;estack&quot;:&quot;AssertionError: Timed out retrying after 20000ms: Expected to find element: `//div[contains(text(),\&quot;Preferred A\&quot;)]`, but never found it.\n    at Context.eval (https://qa.rch.build-release.com/__cypress/tests?p=cypress\\e2e\\Admin_Testcases\\15_BookAppointmet.spec.js:233:55)&quot;},&quot;uuid&quot;:&quot;8483ae1f-b965-4bd5-bcc7-948b7e1760b5&quot;,&quot;parentUUID&quot;:&quot;889f686f-2cf6-453a-a130-c28be13ad0be&quot;,&quot;isHook&quot;:false,&quot;skipped&quot;:false},{&quot;title&quot;:&quot;As a Admin the user should be navigated to the service address edit page by clicking on edit symbol against the service address&quot;,&quot;fullTitle&quot;:&quot;Book Appointment module testcases As a Admin the user should be navigated to the service address edit page by clicking on edit symbol against the service address&quot;,&quot;duration&quot;:20276,&quot;state&quot;:&quot;failed&quot;,&quot;pass&quot;:false,&quot;fail&quot;:true,&quot;pending&quot;:false,&quot;code&quot;:&quot;cy.xpath(&#x27;//div[contains(text(),\&quot;Ed\&quot;)]&#x27;).should(&#x27;be.visible&#x27;).should(&#x27;have.text&#x27;, &#x27;Edit&#x27;).click();\ncy.wait(4000);\ncy.xpath(&#x27;//div[1]/h3[1]/div[1]/div&#x27;).should(&#x27;be.visible&#x27;).should(&#x27;have.text&#x27;, &#x27;Edit Address&#x27;);&quot;,&quot;err&quot;:{&quot;message&quot;:&quot;AssertionError: Timed out retrying after 20000ms: Expected to find element: `//div[contains(text(),\&quot;Ed\&quot;)]`, but never found it.&quot;,&quot;estack&quot;:&quot;AssertionError: Timed out retrying after 20000ms: Expected to find element: `//div[contains(text(),\&quot;Ed\&quot;)]`, but never found it.\n    at Context.eval (https://qa.rch.build-release.com/__cypress/tests?p=cypress\\e2e\\Admin_Testcases\\15_BookAppointmet.spec.js:266:46)&quot;},&quot;uuid&quot;:&quot;0b56ae75-f2e3-4d17-a110-29d75e229e03&quot;,&quot;parentUUID&quot;:&quot;889f686f-2cf6-453a-a130-c28be13ad0be&quot;,&quot;isHook&quot;:false,&quot;skipped&quot;:false},{&quot;title&quot;:&quot;As a Admin the user can able to close the Edit service Address window by Clicking on the cross icon&quot;,&quot;fullTitle&quot;:&quot;Book Appointment module testcases As a Admin the user can able to close the Edit service Address window by Clicking on the cross icon&quot;,&quot;duration&quot;:20326,&quot;state&quot;:&quot;failed&quot;,&quot;pass&quot;:false,&quot;fail&quot;:true,&quot;pending&quot;:false,&quot;code&quot;:&quot;cy.get(&#x27;div.hidden&gt;h3&gt;div&gt;svg&#x27;).should(&#x27;be.visible&#x27;).click();\ncy.wait(2000);\ncy.xpath(&#x27;//div[contains(text(),\&quot;Ed\&quot;)]&#x27;).should(&#x27;be.visible&#x27;).should(&#x27;have.text&#x27;, &#x27;Edit&#x27;).click();\ncy.wait(4000);\ncy.xpath(&#x27;//div[1]/h3[1]/div[1]/div&#x27;).should(&#x27;be.visible&#x27;).should(&#x27;have.text&#x27;, &#x27;Edit Address&#x27;);&quot;,&quot;err&quot;:{&quot;message&quot;:&quot;AssertionError: Timed out retrying after 20000ms: Expected to find element: `div.hidden&gt;h3&gt;div&gt;svg`, but never found it.&quot;,&quot;estack&quot;:&quot;AssertionError: Timed out retrying after 20000ms: Expected to find element: `div.hidden&gt;h3&gt;div&gt;svg`, but never found it.\n    at Context.eval (https://qa.rch.build-release.com/__cypress/tests?p=cypress\\e2e\\Admin_Testcases\\15_BookAppointmet.spec.js:271:37)&quot;},&quot;uuid&quot;:&quot;33a798dd-ba07-43b3-bdcf-2e1c2c635548&quot;,&quot;parentUUID&quot;:&quot;889f686f-2cf6-453a-a130-c28be13ad0be&quot;,&quot;isHook&quot;:false,&quot;skipped&quot;:false},{&quot;title&quot;:&quot;At \&quot;Service Address\&quot; Edit window each label and field should have proper label and validations&quot;,&quot;fullTitle&quot;:&quot;Book Appointment module testcases At \&quot;Service Address\&quot; Edit window each label and field should have proper label and validations&quot;,&quot;duration&quot;:20272,&quot;state&quot;:&quot;failed&quot;,&quot;pass&quot;:false,&quot;fail&quot;:true,&quot;pending&quot;:false,&quot;code&quot;:&quot;cy.xpath(&#x27;//div[1]/h3[1]/div[1]/div&#x27;).should(&#x27;be.visible&#x27;).should(&#x27;have.text&#x27;, &#x27;Edit Address&#x27;);\ncy.get(&#x27;div.hidden&gt;h3&gt;div&gt;svg&#x27;).should(&#x27;be.visible&#x27;);\ncy.xpath(&#x27;//div[1]/form/div[1]/div/label&#x27;).should(&#x27;be.visible&#x27;).should(&#x27;have.text&#x27;, &#x27;Address Line 1&#x27;);\ncy.xpath(&#x27;//div[1]/form/div[1]/div/div&#x27;).should(&#x27;be.visible&#x27;);\ncy.xpath(&#x27;//div[1]/form/div[2]/div/label&#x27;).should(&#x27;be.visible&#x27;).should(&#x27;contain&#x27;, &#x27;Address Line 2&#x27;);\ncy.xpath(&#x27;//div[1]/form/div[2]/div/div&#x27;).should(&#x27;be.visible&#x27;);\ncy.xpath(&#x27;//div[1]/form/div[3]/div[1]/label&#x27;).should(&#x27;be.visible&#x27;).should(&#x27;have.text&#x27;, &#x27;Postal Code&#x27;);\ncy.xpath(&#x27;//div[1]/form/div[3]/div[1]/div&#x27;).should(&#x27;be.visible&#x27;);\ncy.xpath(&#x27;//div[1]/form/div[3]/div[2]/div/div/div[1]&#x27;).should(&#x27;be.visible&#x27;).should(&#x27;have.text&#x27;, &#x27;City&#x27;);\ncy.xpath(&#x27;//div[1]/form/div[3]/div[2]/div/div/div[2]&#x27;).should(&#x27;be.visible&#x27;);\ncy.xpath(&#x27;//div[1]/form/div[4]/div/label&#x27;).should(&#x27;be.visible&#x27;).should(&#x27;have.text&#x27;, &#x27;State&#x27;);\ncy.xpath(&#x27;//div[1]/form/div[4]/div/div&#x27;).should(&#x27;be.visible&#x27;);\ncy.xpath(&#x27;//div[1]/form[1]/div[5]&#x27;).should(&#x27;be.visible&#x27;).should(&#x27;contain&#x27;, &#x27;Save Address&#x27;);&quot;,&quot;err&quot;:{&quot;message&quot;:&quot;AssertionError: Timed out retrying after 20000ms: Expected to find element: `//div[1]/h3[1]/div[1]/div`, but never found it.&quot;,&quot;estack&quot;:&quot;AssertionError: Timed out retrying after 20000ms: Expected to find element: `//div[1]/h3[1]/div[1]/div`, but never found it.\n    at Context.eval (https://qa.rch.build-release.com/__cypress/tests?p=cypress\\e2e\\Admin_Testcases\\15_BookAppointmet.spec.js:278:43)&quot;},&quot;uuid&quot;:&quot;156f9efa-db1b-4ae6-8659-24bb5cf2575e&quot;,&quot;parentUUID&quot;:&quot;889f686f-2cf6-453a-a130-c28be13ad0be&quot;,&quot;isHook&quot;:false,&quot;skipped&quot;:false},{&quot;title&quot;:&quot;After editing the address and clicking on save address button the user should able to save the service address&quot;,&quot;fullTitle&quot;:&quot;Book Appointment module testcases After editing the address and clicking on save address button the user should able to save the service address&quot;,&quot;duration&quot;:20505,&quot;state&quot;:&quot;failed&quot;,&quot;pass&quot;:false,&quot;fail&quot;:true,&quot;pending&quot;:false,&quot;code&quot;:&quot;cy.xpath(&#x27;//div[1]/form/div[1]/div/div&#x27;).should(&#x27;be.visible&#x27;).clear().type(&#x27;plot no 75&#x27;);\ncy.xpath(&#x27;//div[1]/form/div[3]/div[1]/div&#x27;).should(&#x27;be.visible&#x27;).clear().type(&#x27;54456&#x27;);\ncy.xpath(&#x27;//div[1]/form/div[2]/div/div&#x27;).should(&#x27;be.visible&#x27;).clear().type(&#x27;park lane&#x27;);\ncy.xpath(&#x27;//div[1]/form/div[3]/div[2]/div/div/div[2]&#x27;).should(&#x27;be.visible&#x27;).click();\ncy.wait(2000);\ncy.xpath(&#x27;//*[@class=\&quot; css-yt9ioa-option\&quot;][contains(text(),\&quot;MUSCODA\&quot;)]&#x27;).scrollIntoView().click();\ncy.wait(2000);\ncy.xpath(&#x27;//div[1]/form[1]/div[5]&#x27;).should(&#x27;be.visible&#x27;).should(&#x27;contain&#x27;, &#x27;Save Address&#x27;).click();\ncy.wait(2000);\ncy.xpath(&#x27;//div[2]/span&#x27;).should(&#x27;be.visible&#x27;).should(&#x27;contain&#x27;, &#x27;plot no 75&#x27;);\ncy.xpath(&#x27;//div[2]/span&#x27;).should(&#x27;be.visible&#x27;).should(&#x27;contain&#x27;, &#x27;park lane&#x27;);\ncy.xpath(&#x27;//div[2]/span&#x27;).should(&#x27;be.visible&#x27;).should(&#x27;contain&#x27;, &#x27;MUSCODA&#x27;);&quot;,&quot;err&quot;:{&quot;message&quot;:&quot;CypressError: Timed out retrying after 20000ms: `cy.clear()` failed because it requires a valid clearable element.\n\nThe element cleared was:\n\n  &gt; `&lt;div class=\&quot;absolute inset-y-0 right-0 pr-3 flex items-center\&quot;&gt;&lt;/div&gt;`\n\nA clearable element matches one of the following selectors:\n  &#x27;a[href]&#x27;\n  &#x27;area[href]&#x27;\n  &#x27;input&#x27;\n  &#x27;select&#x27;\n  &#x27;textarea&#x27;\n  &#x27;button&#x27;\n  &#x27;iframe&#x27;\n  &#x27;[tabindex]&#x27;\n  &#x27;[contenteditable]&#x27;\n\nhttps://on.cypress.io/clear&quot;,&quot;estack&quot;:&quot;CypressError: Timed out retrying after 20000ms: `cy.clear()` failed because it requires a valid clearable element.\n\nThe element cleared was:\n\n  &gt; `&lt;div class=\&quot;absolute inset-y-0 right-0 pr-3 flex items-center\&quot;&gt;&lt;/div&gt;`\n\nA clearable element matches one of the following selectors:\n  &#x27;a[href]&#x27;\n  &#x27;area[href]&#x27;\n  &#x27;input&#x27;\n  &#x27;select&#x27;\n  &#x27;textarea&#x27;\n  &#x27;button&#x27;\n  &#x27;iframe&#x27;\n  &#x27;[tabindex]&#x27;\n  &#x27;[contenteditable]&#x27;\n\nhttps://on.cypress.io/clear\n    at throwError (https://qa.rch.build-release.com/__cypress/runner/cypress_runner.js:152361:78)\n    at onReady (https://qa.rch.build-release.com/__cypress/runner/cypress_runner.js:152388:15)\n    at runAllChecks (https://qa.rch.build-release.com/__cypress/runner/cypress_runner.js:147736:14)\n    at retryActionability (https://qa.rch.build-release.com/__cypress/runner/cypress_runner.js:147745:16)\n    at tryCatcher (https://qa.rch.build-release.com/__cypress/runner/cypress_runner.js:13012:23)\n    at Function.Promise.attempt.Promise.try (https://qa.rch.build-release.com/__cypress/runner/cypress_runner.js:10286:29)\n    at whenStable (https://qa.rch.build-release.com/__cypress/runner/cypress_runner.js:166930:65)\n    at https://qa.rch.build-release.com/__cypress/runner/cypress_runner.js:166385:14\n    at tryCatcher (https://qa.rch.build-release.com/__cypress/runner/cypress_runner.js:13012:23)\n    at Promise._settlePromiseFromHandler (https://qa.rch.build-release.com/__cypress/runner/cypress_runner.js:10947:31)\n    at Promise._settlePromise (https://qa.rch.build-release.com/__cypress/runner/cypress_runner.js:11004:18)\n    at Promise._settlePromise0 (https://qa.rch.build-release.com/__cypress/runner/cypress_runner.js:11049:10)\n    at Promise._settlePromises (https://qa.rch.build-release.com/__cypress/runner/cypress_runner.js:11129:18)\n    at Promise._fulfill (https://qa.rch.build-release.com/__cypress/runner/cypress_runner.js:11073:18)\n    at https://qa.rch.build-release.com/__cypress/runner/cypress_runner.js:12687:46\nFrom Your Spec Code:\n    at Context.eval (https://qa.rch.build-release.com/__cypress/tests?p=cypress\\e2e\\Admin_Testcases\\15_BookAppointmet.spec.js:293:67)&quot;},&quot;uuid&quot;:&quot;f3dec789-4227-40db-81f0-7a506bbb07ca&quot;,&quot;parentUUID&quot;:&quot;889f686f-2cf6-453a-a130-c28be13ad0be&quot;,&quot;isHook&quot;:false,&quot;skipped&quot;:false},{&quot;title&quot;:&quot;As a Admin the user can able select the appointment date by clicking on calendar icon against the preferred appointment date field.&quot;,&quot;fullTitle&quot;:&quot;Book Appointment module testcases As a Admin the user can able select the appointment date by clicking on calendar icon against the preferred appointment date field.&quot;,&quot;duration&quot;:20407,&quot;state&quot;:&quot;failed&quot;,&quot;pass&quot;:false,&quot;fail&quot;:true,&quot;pending&quot;:false,&quot;code&quot;:&quot;cy.xpath(&#x27;//input[@type=\&quot;text\&quot;]&#x27;).should(&#x27;be.visible&#x27;).click();\ncy.get(&#x27;.react-datepicker__day--today&#x27;).click();&quot;,&quot;err&quot;:{&quot;message&quot;:&quot;AssertionError: Timed out retrying after 20000ms: Expected to find element: `//input[@type=\&quot;text\&quot;]`, but never found it.&quot;,&quot;estack&quot;:&quot;AssertionError: Timed out retrying after 20000ms: Expected to find element: `//input[@type=\&quot;text\&quot;]`, but never found it.\n    at Context.eval (https://qa.rch.build-release.com/__cypress/tests?p=cypress\\e2e\\Admin_Testcases\\15_BookAppointmet.spec.js:307:39)&quot;},&quot;uuid&quot;:&quot;a9a61c7e-c7a0-47d3-9776-5b24ed8a4202&quot;,&quot;parentUUID&quot;:&quot;889f686f-2cf6-453a-a130-c28be13ad0be&quot;,&quot;isHook&quot;:false,&quot;skipped&quot;:false},{&quot;title&quot;:&quot;As a Admin the user can able to select the appointment time by checking the check boxes in preferred time slot.&quot;,&quot;fullTitle&quot;:&quot;Book Appointment module testcases As a Admin the user can able to select the appointment time by checking the check boxes in preferred time slot.&quot;,&quot;duration&quot;:20276,&quot;state&quot;:&quot;failed&quot;,&quot;pass&quot;:false,&quot;fail&quot;:true,&quot;pending&quot;:false,&quot;code&quot;:&quot;cy.xpath(&#x27;//input[@name=\&quot;EVENING\&quot;]&#x27;).should(&#x27;be.visible&#x27;).should(&#x27;not.be.checked&#x27;).check();\ncy.xpath(&#x27;//input[@name=\&quot;MORNING\&quot;]&#x27;).should(&#x27;be.visible&#x27;).should(&#x27;not.be.checked&#x27;).check();&quot;,&quot;err&quot;:{&quot;message&quot;:&quot;AssertionError: Timed out retrying after 20000ms: Expected to find element: `//input[@name=\&quot;EVENING\&quot;]`, but never found it.&quot;,&quot;estack&quot;:&quot;AssertionError: Timed out retrying after 20000ms: Expected to find element: `//input[@name=\&quot;EVENING\&quot;]`, but never found it.\n    at Context.eval (https://qa.rch.build-release.com/__cypress/tests?p=cypress\\e2e\\Admin_Testcases\\15_BookAppointmet.spec.js:311:42)&quot;},&quot;uuid&quot;:&quot;0100b60d-3624-4fcc-943d-6c9f900a9f46&quot;,&quot;parentUUID&quot;:&quot;889f686f-2cf6-453a-a130-c28be13ad0be&quot;,&quot;isHook&quot;:false,&quot;skipped&quot;:false},{&quot;title&quot;:&quot;After selecting \&quot;Preferred Date\&quot;, \&quot;Preferred Time\&quot; and clicking on \&quot;Book Appointment\&quot; button the user should get the booking confirmation&quot;,&quot;fullTitle&quot;:&quot;Book Appointment module testcases After selecting \&quot;Preferred Date\&quot;, \&quot;Preferred Time\&quot; and clicking on \&quot;Book Appointment\&quot; button the user should get the booking confirmation&quot;,&quot;duration&quot;:20345,&quot;state&quot;:&quot;failed&quot;,&quot;pass&quot;:false,&quot;fail&quot;:true,&quot;pending&quot;:false,&quot;code&quot;:&quot;cy.xpath(&#x27;//button[@textid=\&quot;book.appointment\&quot;]&#x27;).should(&#x27;be.visible&#x27;).should(&#x27;have.text&#x27;, &#x27;Book Appointment&#x27;).click();\ncy.contains(&#x27;Appointment Added successfully &#x27;);\ncy.wait(4000);\ncy.xpath(&#x27;//div[1]/h3[1]/div[1]/div&#x27;).should(&#x27;be.visible&#x27;).should(&#x27;have.text&#x27;, &#x27;Confirmation&#x27;);\ncy.get(&#x27;div.hidden&gt;h3&gt;div&gt;svg&#x27;).should(&#x27;be.visible&#x27;);&quot;,&quot;err&quot;:{&quot;message&quot;:&quot;AssertionError: Timed out retrying after 20000ms: Expected to find element: `//button[@textid=\&quot;book.appointment\&quot;]`, but never found it.&quot;,&quot;estack&quot;:&quot;AssertionError: Timed out retrying after 20000ms: Expected to find element: `//button[@textid=\&quot;book.appointment\&quot;]`, but never found it.\n    at Context.eval (https://qa.rch.build-release.com/__cypress/tests?p=cypress\\e2e\\Admin_Testcases\\15_BookAppointmet.spec.js:315:54)&quot;},&quot;uuid&quot;:&quot;1db06ac0-d4db-4e58-b293-62a3c2506deb&quot;,&quot;parentUUID&quot;:&quot;889f686f-2cf6-453a-a130-c28be13ad0be&quot;,&quot;isHook&quot;:false,&quot;skipped&quot;:false},{&quot;title&quot;:&quot;By clicking on continue button booking confirmation page the user should be navigated to the patients page&quot;,&quot;fullTitle&quot;:&quot;Book Appointment module testcases By clicking on continue button booking confirmation page the user should be navigated to the patients page&quot;,&quot;duration&quot;:20320,&quot;state&quot;:&quot;failed&quot;,&quot;pass&quot;:false,&quot;fail&quot;:true,&quot;pending&quot;:false,&quot;code&quot;:&quot;cy.xpath(&#x27;//div[1]/div[3]/button&#x27;).should(&#x27;be.visible&#x27;).should(&#x27;have.text&#x27;, &#x27;Continue&#x27;).click();\ncy.wait(4000);\ncy.url().should(&#x27;contain&#x27;, &#x27;/patients&#x27;);&quot;,&quot;err&quot;:{&quot;message&quot;:&quot;AssertionError: Timed out retrying after 20000ms: Expected to find element: `//div[1]/div[3]/button`, but never found it.&quot;,&quot;estack&quot;:&quot;AssertionError: Timed out retrying after 20000ms: Expected to find element: `//div[1]/div[3]/button`, but never found it.\n    at Context.eval (https://qa.rch.build-release.com/__cypress/tests?p=cypress\\e2e\\Admin_Testcases\\15_BookAppointmet.spec.js:322:40)&quot;},&quot;uuid&quot;:&quot;7099ac9c-4e2e-493b-b49e-5a14c787173b&quot;,&quot;parentUUID&quot;:&quot;889f686f-2cf6-453a-a130-c28be13ad0be&quot;,&quot;isHook&quot;:false,&quot;skipped&quot;:false},{&quot;title&quot;:&quot;The booked appointment should refelect instantly under apointment page and also on patient side&quot;,&quot;fullTitle&quot;:&quot;Book Appointment module testcases The booked appointment should refelect instantly under apointment page and also on patient side&quot;,&quot;duration&quot;:20338,&quot;state&quot;:&quot;failed&quot;,&quot;pass&quot;:false,&quot;fail&quot;:true,&quot;pending&quot;:false,&quot;code&quot;:&quot;cy.xpath(&#x27;//div[contains(text(),\&quot;Appointments\&quot;)]&#x27;).should(&#x27;be.visible&#x27;).should(&#x27;have.text&#x27;, &#x27;Appointments&#x27;).click();\ncy.wait(4000);\ncy.xpath(&#x27;//tr[1]/td[4]/div/p&#x27;).should(&#x27;be.visible&#x27;).should(&#x27;have.text&#x27;, &#x27;pending approval&#x27;);&quot;,&quot;err&quot;:{&quot;message&quot;:&quot;AssertionError: Timed out retrying after 20000ms: Expected to find element: `//div[contains(text(),\&quot;Appointments\&quot;)]`, but never found it.&quot;,&quot;estack&quot;:&quot;AssertionError: Timed out retrying after 20000ms: Expected to find element: `//div[contains(text(),\&quot;Appointments\&quot;)]`, but never found it.\n    at Context.eval (https://qa.rch.build-release.com/__cypress/tests?p=cypress\\e2e\\Admin_Testcases\\15_BookAppointmet.spec.js:327:56)&quot;},&quot;uuid&quot;:&quot;69f477e9-9d7e-4857-ba70-8e8c7564652c&quot;,&quot;parentUUID&quot;:&quot;889f686f-2cf6-453a-a130-c28be13ad0be&quot;,&quot;isHook&quot;:false,&quot;skipped&quot;:false},{&quot;title&quot;:&quot;The primary symptoms and Service Address added by the patient should reflect on the appointment name card&quot;,&quot;fullTitle&quot;:&quot;Book Appointment module testcases The primary symptoms and Service Address added by the patient should reflect on the appointment name card&quot;,&quot;duration&quot;:20341,&quot;state&quot;:&quot;failed&quot;,&quot;pass&quot;:false,&quot;fail&quot;:true,&quot;pending&quot;:false,&quot;code&quot;:&quot;cy.xpath(&#x27;//tr[1]/td[8]/div[1]/*[1]&#x27;).scrollIntoView().should(&#x27;be.visible&#x27;).click();\ncy.wait(4000);\ncy.xpath(&#x27;//div[4]/div[2]/div[1]/div/div[2]/div[2]&#x27;).should(&#x27;be.visible&#x27;).should(&#x27;have.text&#x27;, &#x27;Fever&#x27;);\ncy.xpath(&#x27;//div[4]/div[2]/div[2]/div/div[2]/div[2]&#x27;).should(&#x27;be.visible&#x27;).should(&#x27;have.text&#x27;, &#x27;puking&#x27;);\ncy.xpath(&#x27;//div[2]/div[2]/span&#x27;).should(&#x27;be.visible&#x27;).should(&#x27;contain&#x27;, &#x27;MORNING | EVENING&#x27;);\ncy.xpath(&#x27;//div[3]/div/div/span&#x27;).should(&#x27;be.visible&#x27;).should(&#x27;contain&#x27;, &#x27;plot no 75&#x27;);\ncy.xpath(&#x27;//div[3]/div/div/span&#x27;).should(&#x27;be.visible&#x27;).should(&#x27;contain&#x27;, &#x27;54456&#x27;);\ncy.logout();&quot;,&quot;err&quot;:{&quot;message&quot;:&quot;AssertionError: Timed out retrying after 20000ms: Expected to find element: `//tr[1]/td[8]/div[1]/*[1]`, but never found it.&quot;,&quot;estack&quot;:&quot;AssertionError: Timed out retrying after 20000ms: Expected to find element: `//tr[1]/td[8]/div[1]/*[1]`, but never found it.\n    at Context.eval (https://qa.rch.build-release.com/__cypress/tests?p=cypress\\e2e\\Admin_Testcases\\15_BookAppointmet.spec.js:332:8)&quot;},&quot;uuid&quot;:&quot;a2a56e96-e482-4631-ba26-25dadec83681&quot;,&quot;parentUUID&quot;:&quot;889f686f-2cf6-453a-a130-c28be13ad0be&quot;,&quot;isHook&quot;:false,&quot;skipped&quot;:false}],&quot;suites&quot;:[],&quot;passes&quot;:[],&quot;failures&quot;:[&quot;f7998439-a7c1-453a-bba4-3437efadb172&quot;,&quot;c5aeffae-2351-4823-ad49-d2bb82531544&quot;,&quot;98af29fc-1299-47eb-8a02-d6ad9d0bd510&quot;,&quot;535bae9b-5de0-4824-89c1-bda9f5cdcf92&quot;,&quot;3f847039-aee4-4019-b546-38db93b0241b&quot;,&quot;31473d31-627d-4782-90e9-8936bba4c6d8&quot;,&quot;b1edf378-4176-452a-875f-24c567115d9b&quot;,&quot;8483ae1f-b965-4bd5-bcc7-948b7e1760b5&quot;,&quot;0b56ae75-f2e3-4d17-a110-29d75e229e03&quot;,&quot;33a798dd-ba07-43b3-bdcf-2e1c2c635548&quot;,&quot;156f9efa-db1b-4ae6-8659-24bb5cf2575e&quot;,&quot;f3dec789-4227-40db-81f0-7a506bbb07ca&quot;,&quot;a9a61c7e-c7a0-47d3-9776-5b24ed8a4202&quot;,&quot;0100b60d-3624-4fcc-943d-6c9f900a9f46&quot;,&quot;1db06ac0-d4db-4e58-b293-62a3c2506deb&quot;,&quot;7099ac9c-4e2e-493b-b49e-5a14c787173b&quot;,&quot;69f477e9-9d7e-4857-ba70-8e8c7564652c&quot;,&quot;a2a56e96-e482-4631-ba26-25dadec83681&quot;],&quot;pending&quot;:[],&quot;skipped&quot;:[],&quot;duration&quot;:381418,&quot;root&quot;:false,&quot;rootEmpty&quot;:false,&quot;_timeout&quot;:2000}],&quot;passes&quot;:[],&quot;failures&quot;:[],&quot;pending&quot;:[],&quot;skipped&quot;:[],&quot;duration&quot;:0,&quot;root&quot;:true,&quot;rootEmpty&quot;:true,&quot;_timeout&quot;:2000}],&quot;meta&quot;:{&quot;mocha&quot;:{&quot;version&quot;:&quot;7.0.1&quot;},&quot;mochawesome&quot;:{&quot;options&quot;:{&quot;quiet&quot;:false,&quot;reportFilename&quot;:&quot;report&quot;,&quot;saveHtml&quot;:true,&quot;saveJson&quot;:true,&quot;consoleReporter&quot;:&quot;spec&quot;,&quot;useInlineDiffs&quot;:false,&quot;code&quot;:true},&quot;version&quot;:&quot;7.0.1&quot;},&quot;marge&quot;:{&quot;options&quot;:{&quot;reportDir&quot;:&quot;cypress/reports&quot;,&quot;reportFilename&quot;:&quot;report&quot;,&quot;overwrite&quot;:false,&quot;html&quot;:true,&quot;json&quot;:true,&quot;charts&quot;:true},&quot;version&quot;:&quot;6.0.1&quot;}}}" data-config="{&quot;reportFilename&quot;:&quot;report&quot;,&quot;reportDir&quot;:&quot;cypress/reports&quot;,&quot;reportTitle&quot;:&quot;LxMedical&quot;,&quot;reportPageTitle&quot;:&quot;Mochawesome Report&quot;,&quot;inline&quot;:false,&quot;inlineAssets&quot;:false,&quot;cdn&quot;:false,&quot;charts&quot;:true,&quot;enableCharts&quot;:true,&quot;code&quot;:true,&quot;enableCode&quot;:true,&quot;autoOpen&quot;:false,&quot;overwrite&quot;:false,&quot;timestamp&quot;:false,&quot;ts&quot;:false,&quot;showPassed&quot;:true,&quot;showFailed&quot;:true,&quot;showPending&quot;:true,&quot;showSkipped&quot;:false,&quot;showHooks&quot;:&quot;failed&quot;,&quot;saveJson&quot;:true,&quot;saveHtml&quot;:true,&quot;dev&quot;:false,&quot;assetsDir&quot;:&quot;cypress\\reports\\assets&quot;,&quot;jsonFile&quot;:&quot;C:\\LX Medical\\LxMedical\\cypress\\reports\\report.json&quot;,&quot;htmlFile&quot;:&quot;C:\\LX Medical\\LxMedical\\cypress\\reports\\report.html&quot;}"><div id="report"></div><script src="assets\app.js"></script></body></html>