{
  "stats": {
    "suites": 1,
    "tests": 18,
    "passes": 0,
    "pending": 0,
    "failures": 18,
    "start": "2022-08-08T06:38:13.705Z",
    "end": "2022-08-08T06:43:12.294Z",
    "duration": 298589,
    "testsRegistered": 18,
    "passPercent": 0,
    "pendingPercent": 0,
    "other": 0,
    "hasOther": false,
    "skipped": 0,
    "hasSkipped": false
  },
  "results": [
    {
      "uuid": "fadbbbf0-f911-49a4-9d0b-5f060431e5fd",
      "title": "",
      "fullFile": "cypress\\e2e\\Admin_Testcases\\15_BookAppointmet.spec.js",
      "file": "cypress\\e2e\\Admin_Testcases\\15_BookAppointmet.spec.js",
      "beforeHooks": [],
      "afterHooks": [],
      "tests": [],
      "suites": [
        {
          "uuid": "7dfca980-48b8-4283-942f-827ab073661f",
          "title": "Book Appointment module testcases",
          "fullFile": "",
          "file": "",
          "beforeHooks": [],
          "afterHooks": [],
          "tests": [
            {
              "title": "As a Admin the user should be navigated to the \"Select Service\" page of Book appointment section by clicking on \"Book\" button against the paticular patient.",
              "fullTitle": "Book Appointment module testcases As a Admin the user should be navigated to the \"Select Service\" page of Book appointment section by clicking on \"Book\" button against the paticular patient.",
              "timedOut": null,
              "duration": 25138,
              "state": "failed",
              "speed": null,
              "pass": false,
              "fail": true,
              "pending": false,
              "context": null,
              "code": "cy.login(cred.email, cred.password);\ncy.url().should('contain', '/dashboard'); //Click patient tab on the left side tray\ncy.xpath('//nav/div[2]/div[2]').should('be.visible').should('have.text', 'Patients').click();\ncy.url().should('contain', '/patients'); //Add new patient custom command\ncy.AddPatient();\ncy.readFile('cypress/fixtures/provider.json').then(provider => {\n  //search added patient    \n  cy.get('[type=search]').should('be.visible').type(provider.email.toLowerCase()); //Checking email is present in the list\n  cy.get('tr:nth-child(1)>td:nth-child(2)').should('be.visible').should('have.text', provider.email.toLowerCase());\n  cy.wait(4000);\n}); //Click On Book Button against patient\ncy.xpath('//tr[1]/td[5]/div[1]/div[1]').should('be.visible').should('have.text', 'Book').click();\ncy.url().should('contain', '/book_appointment');",
              "err": {
                "message": "AssertionError: Timed out retrying after 15000ms: Expected to find element: `.max-w-xs > img`, but never found it.",
                "estack": "AssertionError: Timed out retrying after 15000ms: Expected to find element: `.max-w-xs > img`, but never found it.\n    at Context.eval (https://qa.rch.build-release.com/__cypress/tests?p=cypress\\support\\e2e.js:345:29)",
                "diff": null
              },
              "uuid": "6402957f-352a-4dcb-bfe2-a42401fc366c",
              "parentUUID": "7dfca980-48b8-4283-942f-827ab073661f",
              "isHook": false,
              "skipped": false
            },
            {
              "title": "At \"Select Service\" page each label and field should have proper label and validations",
              "fullTitle": "Book Appointment module testcases At \"Select Service\" page each label and field should have proper label and validations",
              "timedOut": null,
              "duration": 15421,
              "state": "failed",
              "speed": null,
              "pass": false,
              "fail": true,
              "pending": false,
              "context": null,
              "code": "cy.xpath('//div[contains(text(),\"Book\")]').should('be.visible').should('have.text', 'Book Appointment');\ncy.get('.cursor-pointer > .w-8').should('be.visible');\ncy.xpath('//div[contains(text(),\"Select Service\")]').should('be.visible').should('have.text', 'Select Service');\ncy.xpath('//div[contains(text(),\"Members\")]').should('be.visible').should('have.text', 'Members receive 15% discount & $100 travel fee waived on invoice.');\ncy.xpath('//form[1]/div[1]/div[2]/div[1]/*[1]').should('be.visible');\ncy.xpath('//input[@type=\"search\"]').should('be.visible').invoke('attr', 'placeholder').should('contain', 'Search a service...');\ncy.xpath('//div[contains(text(),\"Tele\")]').should('be.visible').should('have.text', 'Telemedicine Service');\ncy.xpath('//div[1]/div[1]/div[1]/div[1]/div[1]/input[1]').should('be.visible').should('not.be.checked');\ncy.xpath('//div[contains(text(),\"Vital\")]').should('be.visible').should('have.text', 'Vital Checkup');\ncy.xpath('//div[2]/div[1]/div[1]/div[1]/div[1]/input[1]').should('be.visible').should('not.be.checked');\ncy.xpath('//div[contains(text(),\"Sutu\")]').should('be.visible').should('have.text', 'Suture Removal');\ncy.xpath('//div[3]/div[1]/div[1]/div[1]/div[1]/input[1]').should('be.visible').should('not.be.checked');\ncy.xpath('//div[contains(text(),\"Blood\")]').should('be.visible').should('have.text', 'Blood draw Covid-19 Antibody ');\ncy.xpath('//div[4]/div[1]/div[1]/div[1]/div[1]/input[1]').should('be.visible').should('not.be.checked');\ncy.xpath('//div[contains(text(),\"Vacc\")]').should('be.visible').should('have.text', 'In-home Vaccination');\ncy.xpath('//div[5]/div[1]/div[1]/div[1]/div[1]/input[1]').should('be.visible').should('not.be.checked');\ncy.xpath('//div[contains(text(),\"well\")]').should('be.visible').should('have.text', 'In-Home health/wellness infusion');\ncy.xpath('//div[6]/div[1]/div[1]/div[1]/div[1]/input[1]').should('be.visible').should('not.be.checked');\ncy.xpath('//div[contains(text(),\"Con\")]').should('be.visible').should('have.text', 'Continue').click();",
              "err": {
                "message": "AssertionError: Timed out retrying after 15000ms: Expected to find element: `//div[contains(text(),\"Book\")]`, but never found it.",
                "estack": "AssertionError: Timed out retrying after 15000ms: Expected to find element: `//div[contains(text(),\"Book\")]`, but never found it.\n    at Context.eval (https://qa.rch.build-release.com/__cypress/tests?p=cypress\\e2e\\Admin_Testcases\\15_BookAppointmet.spec.js:144:48)",
                "diff": null
              },
              "uuid": "c43ece04-a972-4e68-a4dd-08c66ea7d0e7",
              "parentUUID": "7dfca980-48b8-4283-942f-827ab073661f",
              "isHook": false,
              "skipped": false
            },
            {
              "title": "As a Admin the user can search any service from the search bar using the service name of that particular service",
              "fullTitle": "Book Appointment module testcases As a Admin the user can search any service from the search bar using the service name of that particular service",
              "timedOut": null,
              "duration": 15405,
              "state": "failed",
              "speed": null,
              "pass": false,
              "fail": true,
              "pending": false,
              "context": null,
              "code": "cy.xpath('//input[@type=\"search\"]').should('be.visible').type('Suture');\ncy.wait(4000);\ncy.xpath('//div[contains(text(),\"Sutu\")]').should('be.visible').should('have.text', 'Suture Removal');\ncy.xpath('//div[1]/div[1]/div[1]/div[1]/div[1]/input[1]').should('be.visible').should('not.be.checked').check();\ncy.xpath('//input[@type=\"search\"]').should('be.visible').clear();\ncy.wait(4000);\ncy.xpath('//div[1]/div[1]/div[1]/div[1]/div[1]/input[1]').should('be.visible').should('not.be.checked').check();\ncy.contains('\"Telemedicine Visit\" service cannot be availed with any other services.');",
              "err": {
                "message": "AssertionError: Timed out retrying after 15000ms: Expected to find element: `//input[@type=\"search\"]`, but never found it.",
                "estack": "AssertionError: Timed out retrying after 15000ms: Expected to find element: `//input[@type=\"search\"]`, but never found it.\n    at Context.eval (https://qa.rch.build-release.com/__cypress/tests?p=cypress\\e2e\\Admin_Testcases\\15_BookAppointmet.spec.js:165:41)",
                "diff": null
              },
              "uuid": "6a96bc07-622f-4290-b82d-1be5bbbfe7a4",
              "parentUUID": "7dfca980-48b8-4283-942f-827ab073661f",
              "isHook": false,
              "skipped": false
            },
            {
              "title": "After selcecting the required service/services and clicking on Clicking on \"Continue\" button, user should be navigated to the \"Select Patient\" page.",
              "fullTitle": "Book Appointment module testcases After selcecting the required service/services and clicking on Clicking on \"Continue\" button, user should be navigated to the \"Select Patient\" page.",
              "timedOut": null,
              "duration": 15352,
              "state": "failed",
              "speed": null,
              "pass": false,
              "fail": true,
              "pending": false,
              "context": null,
              "code": "cy.xpath('//div[4]/div[1]/div[1]/div[1]/div[1]/input[1]').should('be.visible').should('not.be.checked').check({\n  force: true\n});\ncy.xpath('//div[5]/div[1]/div[1]/div[1]/div[1]/input[1]').should('be.visible').should('not.be.checked').check({\n  force: true\n});\ncy.wait(2000);\ncy.xpath('//div[contains(text(),\"Con\")]').should('be.visible').should('have.text', 'Continue').click();\ncy.wait(4000);\ncy.xpath('//span[contains(text(),\"self\")]').should('be.visible').should('have.text', 'self');",
              "err": {
                "message": "AssertionError: Timed out retrying after 15000ms: Expected to find element: `//div[4]/div[1]/div[1]/div[1]/div[1]/input[1]`, but never found it.",
                "estack": "AssertionError: Timed out retrying after 15000ms: Expected to find element: `//div[4]/div[1]/div[1]/div[1]/div[1]/input[1]`, but never found it.\n    at Context.eval (https://qa.rch.build-release.com/__cypress/tests?p=cypress\\e2e\\Admin_Testcases\\15_BookAppointmet.spec.js:175:63)",
                "diff": null
              },
              "uuid": "365d4cd7-2b2b-4de3-8587-09ef79d1564d",
              "parentUUID": "7dfca980-48b8-4283-942f-827ab073661f",
              "isHook": false,
              "skipped": false
            },
            {
              "title": "At \"Select Patient\" page each label and field should have proper label and validations",
              "fullTitle": "Book Appointment module testcases At \"Select Patient\" page each label and field should have proper label and validations",
              "timedOut": null,
              "duration": 15369,
              "state": "failed",
              "speed": null,
              "pass": false,
              "fail": true,
              "pending": false,
              "context": null,
              "code": "cy.xpath('//span[contains(text(),\"self\")]').should('be.visible').should('have.text', 'self');\ncy.xpath('//div[contains(text(),\"Date\")]').should('be.visible').should('have.text', 'Date of Birth');\ncy.xpath('//div[contains(text(),\"Gender\")]').should('be.visible').should('have.text', 'Gender');\ncy.xpath('//div[contains(text(),\"Please\")]').should('be.visible').should('have.text', 'Please describe your primary symptomsâ€¦');\ncy.xpath('//textarea[@label=\"primary.symptoms\"]').should('be.visible'); // cy.xpath('//input[@name=\"patients[0].image1\"]').should('be.visible')\n// cy.xpath('//input[@name=\"patients[0].image2\"]').should('be.visible')\ncy.xpath('//div[contains(text(),\"Add A\")]').should('be.visible').should('have.text', 'Add Another Family Member');\ncy.xpath('//div[contains(text(),\"Con\")]').should('be.visible').should('have.text', 'Continue').click();\ncy.wait(2000);\ncy.xpath('//span[contains(text(),\"required\")]').should('be.visible').should('have.text', 'Primary Symptoms are required');",
              "err": {
                "message": "AssertionError: Timed out retrying after 15000ms: Expected to find element: `//span[contains(text(),\"self\")]`, but never found it.",
                "estack": "AssertionError: Timed out retrying after 15000ms: Expected to find element: `//span[contains(text(),\"self\")]`, but never found it.\n    at Context.eval (https://qa.rch.build-release.com/__cypress/tests?p=cypress\\e2e\\Admin_Testcases\\15_BookAppointmet.spec.js:187:49)",
                "diff": null
              },
              "uuid": "f71834b0-9262-4f07-a345-49e7397191f8",
              "parentUUID": "7dfca980-48b8-4283-942f-827ab073661f",
              "isHook": false,
              "skipped": false
            },
            {
              "title": "As a Admin the user should can add another member by clicking on \"Add Another Family Member\" button on \"Select Patient\" page.",
              "fullTitle": "Book Appointment module testcases As a Admin the user should can add another member by clicking on \"Add Another Family Member\" button on \"Select Patient\" page.",
              "timedOut": null,
              "duration": 15482,
              "state": "failed",
              "speed": null,
              "pass": false,
              "fail": true,
              "pending": false,
              "context": null,
              "code": "cy.xpath('//div[contains(text(),\"Add A\")]').should('be.visible').should('have.text', 'Add Another Family Member').click();\ncy.wait(4000);\ncy.xpath('//div[@class=\"font-bold text-primary\"]').should('be.visible').should('have.text', 'Add Minor & Symptoms');\ncy.addfamilymember();\ncy.wait(4000);",
              "err": {
                "message": "AssertionError: Timed out retrying after 15000ms: Expected to find element: `//div[contains(text(),\"Add A\")]`, but never found it.",
                "estack": "AssertionError: Timed out retrying after 15000ms: Expected to find element: `//div[contains(text(),\"Add A\")]`, but never found it.\n    at Context.eval (https://qa.rch.build-release.com/__cypress/tests?p=cypress\\e2e\\Admin_Testcases\\15_BookAppointmet.spec.js:200:49)",
                "diff": null
              },
              "uuid": "94765319-75e2-4c4a-82d0-82c52490ed2f",
              "parentUUID": "7dfca980-48b8-4283-942f-827ab073661f",
              "isHook": false,
              "skipped": false
            },
            {
              "title": "After Selecting patients,adding primary symptoms and clicking on \"Continue\" button, the user should be navigated to the \"Date&Time\" page.",
              "fullTitle": "Book Appointment module testcases After Selecting patients,adding primary symptoms and clicking on \"Continue\" button, the user should be navigated to the \"Date&Time\" page.",
              "timedOut": null,
              "duration": 15468,
              "state": "failed",
              "speed": null,
              "pass": false,
              "fail": true,
              "pending": false,
              "context": null,
              "code": "cy.xpath('//form[1]/div[1]/div[2]/div[1]/div[1]').should('be.visible').click();\ncy.contains('You have selected Single Type of Service');\ncy.get('.cursor-pointer > .w-8').should('be.visible').click();\ncy.wait(4000);\ncy.xpath('//input[@type=\"search\"]').should('be.visible').type('In-home covid');\ncy.wait(4000);\ncy.xpath('//div[1]/div[1]/div[1]/div[1]/div[1]/input[1]').should('be.visible').should('not.be.checked').check();\ncy.xpath('//div[2]/div[1]/div[1]/div[1]/div[1]/input[1]').should('be.visible').should('not.be.checked').check();\ncy.xpath('//div[contains(text(),\"Con\")]').should('be.visible').should('have.text', 'Continue').click();\ncy.wait(4000);\ncy.xpath('//div[1]/div[1]/div[2]/div[2]/div/div/div/textarea').should('be.visible').type('Fever');\ncy.xpath('//input[@name=\"patients[0].image1\"]').attachFile('image1.jpg');\ncy.wait(2000);\ncy.xpath('//input[@name=\"patients[0].image2\"]').attachFile('image2.jpg');\ncy.wait(2000); // cy.xpath('//form[1]/div[1]/div[2]/div[1]/div[1]').should('be.visible').click()\ncy.xpath('//div[2]/div[1]/div[2]/div[2]/div/div/div/textarea').should('be.visible').clear().type('puking');\ncy.xpath('//input[@name=\"patients[1].image1\"]').attachFile('image3.jpg');\ncy.wait(2000);\ncy.xpath('//input[@name=\"patients[1].image2\"]').attachFile('image4.jpg');\ncy.wait(2000);\ncy.xpath('//div[contains(text(),\"Con\")]').should('be.visible').should('have.text', 'Continue').click();\ncy.wait(4000);\ncy.xpath('//div[contains(text(),\"Preferred A\")]').should('be.visible').should('have.text', 'Preferred Appointment Date');",
              "err": {
                "message": "AssertionError: Timed out retrying after 15000ms: Expected to find element: `//form[1]/div[1]/div[2]/div[1]/div[1]`, but never found it.",
                "estack": "AssertionError: Timed out retrying after 15000ms: Expected to find element: `//form[1]/div[1]/div[2]/div[1]/div[1]`, but never found it.\n    at Context.eval (https://qa.rch.build-release.com/__cypress/tests?p=cypress\\e2e\\Admin_Testcases\\15_BookAppointmet.spec.js:207:55)",
                "diff": null
              },
              "uuid": "cf0a4ef2-f1fe-4ebe-bda7-bd3b32ec6e3f",
              "parentUUID": "7dfca980-48b8-4283-942f-827ab073661f",
              "isHook": false,
              "skipped": false
            },
            {
              "title": "At \"Date&Time\" page each label and field should have proper label and validations",
              "fullTitle": "Book Appointment module testcases At \"Date&Time\" page each label and field should have proper label and validations",
              "timedOut": null,
              "duration": 15453,
              "state": "failed",
              "speed": null,
              "pass": false,
              "fail": true,
              "pending": false,
              "context": null,
              "code": "cy.xpath('//div[contains(text(),\"Preferred A\")]').should('be.visible').should('have.text', 'Preferred Appointment Date');\ncy.xpath('//input[@type=\"text\"]').should('be.visible');\ncy.xpath('//div[contains(text(),\"T\")]').should('be.visible').should('have.text', 'Preferred Time Slot');\ncy.xpath('//input[@name=\"MORNING\"]').should('be.visible').should('not.be.checked');\ncy.xpath('//label[@for=\"MORNING\"]').should('be.visible').should('have.text', 'Morning');\ncy.xpath('//input[@name=\"AFTERNOON\"]').should('be.visible').should('not.be.checked');\ncy.xpath('//label[@for=\"AFTERNOON\"]').should('be.visible').should('have.text', 'Afternoon');\ncy.xpath('//input[@name=\"EVENING\"]').should('be.visible').should('not.be.checked');\ncy.xpath('//label[@for=\"EVENING\"]').should('be.visible').should('have.text', 'Evening');\ncy.xpath('//input[@name=\"ASAP\"]').should('be.visible').should('not.be.checked');\ncy.xpath('//label[@for=\"ASAP\"]').should('be.visible').should('have.text', 'ASAP');\ncy.xpath('//div[contains(text(),\"Service A\")]').should('be.visible').should('have.text', 'Service Address');\ncy.xpath('//div[2]/div[2]/div[1]/div[2]/*[1]').should('be.visible');\ncy.xpath('//div[contains(text(),\"Ed\")]').should('be.visible').should('have.text', 'Edit');\ncy.xpath('//button[@textid=\"book.appointment\"]').should('be.visible').should('have.text', 'Book Appointment').click();\ncy.contains('Preferred Appointment Date is required.');\ncy.contains('Preferred Time Slot is required.');\ncy.xpath('//input[@name=\"ASAP\"]').should('be.visible').should('not.be.checked').check();\ncy.wait(2000);\ncy.xpath('//input[@name=\"MORNING\"]').should('be.visible').should('not.be.checked').should('be.disabled');\ncy.xpath('//input[@name=\"AFTERNOON\"]').should('be.visible').should('not.be.checked').should('be.disabled');\ncy.xpath('//input[@name=\"EVENING\"]').should('be.visible').should('not.be.checked').should('be.disabled');\ncy.xpath('//input[@name=\"ASAP\"]').should('be.visible').uncheck();\ncy.wait(2000);\ncy.xpath('//input[@name=\"AFTERNOON\"]').should('be.visible').should('not.be.checked').check();\ncy.xpath('//input[@name=\"EVENING\"]').should('be.visible').should('not.be.checked').check();\ncy.xpath('//input[@name=\"MORNING\"]').should('be.visible').should('not.be.checked').should('be.disabled');\ncy.xpath('//input[@name=\"ASAP\"]').should('be.visible').should('not.be.checked').check();\ncy.wait(2000);\ncy.xpath('//input[@name=\"ASAP\"]').should('be.visible').uncheck();\ncy.wait(2000);",
              "err": {
                "message": "AssertionError: Timed out retrying after 15000ms: Expected to find element: `//div[contains(text(),\"Preferred A\")]`, but never found it.",
                "estack": "AssertionError: Timed out retrying after 15000ms: Expected to find element: `//div[contains(text(),\"Preferred A\")]`, but never found it.\n    at Context.eval (https://qa.rch.build-release.com/__cypress/tests?p=cypress\\e2e\\Admin_Testcases\\15_BookAppointmet.spec.js:233:55)",
                "diff": null
              },
              "uuid": "d0618ac9-3ca3-4dd4-88d4-2e68b417d48d",
              "parentUUID": "7dfca980-48b8-4283-942f-827ab073661f",
              "isHook": false,
              "skipped": false
            },
            {
              "title": "As a Admin the user should be navigated to the service address edit page by clicking on edit symbol against the service address",
              "fullTitle": "Book Appointment module testcases As a Admin the user should be navigated to the service address edit page by clicking on edit symbol against the service address",
              "timedOut": null,
              "duration": 15407,
              "state": "failed",
              "speed": null,
              "pass": false,
              "fail": true,
              "pending": false,
              "context": null,
              "code": "cy.xpath('//div[contains(text(),\"Ed\")]').should('be.visible').should('have.text', 'Edit').click();\ncy.wait(4000);\ncy.xpath('//div[@class=\"font-bold text-primary\"]').should('be.visible').should('have.text', 'Edit Address');",
              "err": {
                "message": "AssertionError: Timed out retrying after 15000ms: Expected to find element: `//div[contains(text(),\"Ed\")]`, but never found it.",
                "estack": "AssertionError: Timed out retrying after 15000ms: Expected to find element: `//div[contains(text(),\"Ed\")]`, but never found it.\n    at Context.eval (https://qa.rch.build-release.com/__cypress/tests?p=cypress\\e2e\\Admin_Testcases\\15_BookAppointmet.spec.js:266:46)",
                "diff": null
              },
              "uuid": "becb94c8-cdf8-410d-a385-7759624ccf84",
              "parentUUID": "7dfca980-48b8-4283-942f-827ab073661f",
              "isHook": false,
              "skipped": false
            },
            {
              "title": "As a Admin the user can able to close the Edit service Address window by Clicking on the cross icon",
              "fullTitle": "Book Appointment module testcases As a Admin the user can able to close the Edit service Address window by Clicking on the cross icon",
              "timedOut": null,
              "duration": 15456,
              "state": "failed",
              "speed": null,
              "pass": false,
              "fail": true,
              "pending": false,
              "context": null,
              "code": "cy.get('div.hidden>div:nth-child(1)>svg').should('be.visible').click();\ncy.wait(2000);\ncy.xpath('//div[contains(text(),\"Ed\")]').should('be.visible').should('have.text', 'Edit').click();\ncy.wait(4000);\ncy.xpath('//div[@class=\"font-bold text-primary\"]').should('be.visible').should('have.text', 'Edit Address');",
              "err": {
                "message": "AssertionError: Timed out retrying after 15000ms: Expected to find element: `div.hidden>div:nth-child(1)>svg`, but never found it.",
                "estack": "AssertionError: Timed out retrying after 15000ms: Expected to find element: `div.hidden>div:nth-child(1)>svg`, but never found it.\n    at Context.eval (https://qa.rch.build-release.com/__cypress/tests?p=cypress\\e2e\\Admin_Testcases\\15_BookAppointmet.spec.js:271:47)",
                "diff": null
              },
              "uuid": "c46a5bed-e624-4989-83e4-15f73c4a626f",
              "parentUUID": "7dfca980-48b8-4283-942f-827ab073661f",
              "isHook": false,
              "skipped": false
            },
            {
              "title": "At \"Service Address\" Edit window each label and field should have proper label and validations",
              "fullTitle": "Book Appointment module testcases At \"Service Address\" Edit window each label and field should have proper label and validations",
              "timedOut": null,
              "duration": 15514,
              "state": "failed",
              "speed": null,
              "pass": false,
              "fail": true,
              "pending": false,
              "context": null,
              "code": "cy.xpath('//div[@class=\"font-bold text-primary\"]').should('be.visible').should('have.text', 'Edit Address');\ncy.get('div.hidden>div:nth-child(1)>svg').should('be.visible');\ncy.xpath('//div[1]/div[2]/form[1]/div[1]/div[1]/label[1]/div[1]').should('be.visible').should('have.text', 'Address Line 1');\ncy.xpath('//div[1]/div[2]/form[1]/div[1]/div[1]/div[1]/input[1]').should('be.visible');\ncy.xpath('//div[1]/div[2]/form[1]/div[2]/div[1]/label[1]/div[1]').should('be.visible').should('contain', 'Address Line 2');\ncy.xpath('//div[1]/div[2]/form[1]/div[2]/div[1]/div[1]/input[1]').should('be.visible');\ncy.xpath('//div[1]/div[2]/form[1]/div[3]/div[1]/label[1]/div[1]').should('be.visible').should('have.text', 'Postal Code');\ncy.xpath('//div[1]/div[2]/form/div[3]/div[1]/div/input').should('be.visible');\ncy.xpath('//div[1]/div[2]/form/div[3]/div[2]/label/div').should('be.visible').should('have.text', 'City');\ncy.xpath('//div[1]/div[2]/form/div[3]/div[2]/div/input').should('be.visible');\ncy.xpath('//div[1]/div[2]/form/div[4]/div/label/div').should('be.visible').should('have.text', 'State');\ncy.xpath('//div[1]/div[2]/form/div[4]/div/div/input').should('be.visible');\ncy.xpath('//div[1]/div[2]/form/div[5]/button').should('be.visible').should('contain', 'Save Address');",
              "err": {
                "message": "AssertionError: Timed out retrying after 15000ms: Expected to find element: `//div[@class=\"font-bold text-primary\"]`, but never found it.",
                "estack": "AssertionError: Timed out retrying after 15000ms: Expected to find element: `//div[@class=\"font-bold text-primary\"]`, but never found it.\n    at Context.eval (https://qa.rch.build-release.com/__cypress/tests?p=cypress\\e2e\\Admin_Testcases\\15_BookAppointmet.spec.js:278:56)",
                "diff": null
              },
              "uuid": "60d8d713-bdc6-44dc-b26a-e3a72d43017a",
              "parentUUID": "7dfca980-48b8-4283-942f-827ab073661f",
              "isHook": false,
              "skipped": false
            },
            {
              "title": "After editing the address and clicking on save address button the user should able to save the service address",
              "fullTitle": "Book Appointment module testcases After editing the address and clicking on save address button the user should able to save the service address",
              "timedOut": null,
              "duration": 15447,
              "state": "failed",
              "speed": null,
              "pass": false,
              "fail": true,
              "pending": false,
              "context": null,
              "code": "cy.xpath('//div[1]/div[2]/form[1]/div[1]/div[1]/div[1]/input[1]').should('be.visible').clear().type('plot no 75');\ncy.xpath('//div[1]/div[2]/form/div[3]/div[1]/div/input').should('be.visible').clear().type('54456');\ncy.xpath('//div[1]/div[2]/form[1]/div[2]/div[1]/div[1]/input[1]').should('be.visible').clear().type('park lane');\ncy.wait(2000);\ncy.xpath('//div[1]/div[2]/form/div[5]/button').should('be.visible').should('contain', 'Save Address').click();\ncy.wait(2000);\ncy.xpath('//div[2]/span').should('be.visible').should('contain', 'plot no 75');\ncy.xpath('//div[2]/span').should('be.visible').should('contain', 'park lane');\ncy.xpath('//div[2]/span').should('be.visible').should('contain', 'NEILLSVILLE');",
              "err": {
                "message": "AssertionError: Timed out retrying after 15000ms: Expected to find element: `//div[1]/div[2]/form[1]/div[1]/div[1]/div[1]/input[1]`, but never found it.",
                "estack": "AssertionError: Timed out retrying after 15000ms: Expected to find element: `//div[1]/div[2]/form[1]/div[1]/div[1]/div[1]/input[1]`, but never found it.\n    at Context.eval (https://qa.rch.build-release.com/__cypress/tests?p=cypress\\e2e\\Admin_Testcases\\15_BookAppointmet.spec.js:293:71)",
                "diff": null
              },
              "uuid": "a4aa3aea-292e-4b91-91cb-643f991a35aa",
              "parentUUID": "7dfca980-48b8-4283-942f-827ab073661f",
              "isHook": false,
              "skipped": false
            },
            {
              "title": "As a Admin the user can able select the appointment date by clicking on calendar icon against the preferred appointment date field.",
              "fullTitle": "Book Appointment module testcases As a Admin the user can able select the appointment date by clicking on calendar icon against the preferred appointment date field.",
              "timedOut": null,
              "duration": 15531,
              "state": "failed",
              "speed": null,
              "pass": false,
              "fail": true,
              "pending": false,
              "context": null,
              "code": "cy.xpath('//input[@type=\"text\"]').should('be.visible').click();\ncy.get('.react-datepicker__day--today').click();",
              "err": {
                "message": "AssertionError: Timed out retrying after 15000ms: Expected to find element: `//input[@type=\"text\"]`, but never found it.",
                "estack": "AssertionError: Timed out retrying after 15000ms: Expected to find element: `//input[@type=\"text\"]`, but never found it.\n    at Context.eval (https://qa.rch.build-release.com/__cypress/tests?p=cypress\\e2e\\Admin_Testcases\\15_BookAppointmet.spec.js:304:39)",
                "diff": null
              },
              "uuid": "f4db923b-87af-4021-8aad-209fd6a74af4",
              "parentUUID": "7dfca980-48b8-4283-942f-827ab073661f",
              "isHook": false,
              "skipped": false
            },
            {
              "title": "As a Admin the user can able to select the appointment time by checking the check boxes in preferred time slot.",
              "fullTitle": "Book Appointment module testcases As a Admin the user can able to select the appointment time by checking the check boxes in preferred time slot.",
              "timedOut": null,
              "duration": 15482,
              "state": "failed",
              "speed": null,
              "pass": false,
              "fail": true,
              "pending": false,
              "context": null,
              "code": "cy.xpath('//input[@name=\"EVENING\"]').should('be.visible').should('not.be.checked').check();\ncy.xpath('//input[@name=\"MORNING\"]').should('be.visible').should('not.be.checked').check();",
              "err": {
                "message": "AssertionError: Timed out retrying after 15000ms: Expected to find element: `//input[@name=\"EVENING\"]`, but never found it.",
                "estack": "AssertionError: Timed out retrying after 15000ms: Expected to find element: `//input[@name=\"EVENING\"]`, but never found it.\n    at Context.eval (https://qa.rch.build-release.com/__cypress/tests?p=cypress\\e2e\\Admin_Testcases\\15_BookAppointmet.spec.js:308:42)",
                "diff": null
              },
              "uuid": "a55fbddf-cefe-4077-80b8-c1a953789958",
              "parentUUID": "7dfca980-48b8-4283-942f-827ab073661f",
              "isHook": false,
              "skipped": false
            },
            {
              "title": "After selecting \"Preferred Date\", \"Preferred Time\" and clicking on \"Book Appointment\" button the user should get the booking confirmation",
              "fullTitle": "Book Appointment module testcases After selecting \"Preferred Date\", \"Preferred Time\" and clicking on \"Book Appointment\" button the user should get the booking confirmation",
              "timedOut": null,
              "duration": 15524,
              "state": "failed",
              "speed": null,
              "pass": false,
              "fail": true,
              "pending": false,
              "context": null,
              "code": "cy.xpath('//button[@textid=\"book.appointment\"]').should('be.visible').should('have.text', 'Book Appointment').click();\ncy.contains('Appointment Added successfully ');\ncy.wait(4000);\ncy.xpath('//div[@class=\"font-bold text-primary\"]').should('be.visible').should('have.text', 'Confirmation');",
              "err": {
                "message": "AssertionError: Timed out retrying after 15000ms: Expected to find element: `//button[@textid=\"book.appointment\"]`, but never found it.",
                "estack": "AssertionError: Timed out retrying after 15000ms: Expected to find element: `//button[@textid=\"book.appointment\"]`, but never found it.\n    at Context.eval (https://qa.rch.build-release.com/__cypress/tests?p=cypress\\e2e\\Admin_Testcases\\15_BookAppointmet.spec.js:312:54)",
                "diff": null
              },
              "uuid": "7f60c6a1-e9c9-4a89-9c9d-ecb1b68c0e79",
              "parentUUID": "7dfca980-48b8-4283-942f-827ab073661f",
              "isHook": false,
              "skipped": false
            },
            {
              "title": "By clicking on continue button booking confirmation page the user should be navigated to the patients page",
              "fullTitle": "Book Appointment module testcases By clicking on continue button booking confirmation page the user should be navigated to the patients page",
              "timedOut": null,
              "duration": 15495,
              "state": "failed",
              "speed": null,
              "pass": false,
              "fail": true,
              "pending": false,
              "context": null,
              "code": "cy.xpath('//div[1]/div[2]/div[3]/button').should('be.visible').should('have.text', 'Continue').click();\ncy.wait(4000);\ncy.url().should('contain', '/patients');",
              "err": {
                "message": "AssertionError: Timed out retrying after 15000ms: Expected to find element: `//div[1]/div[2]/div[3]/button`, but never found it.",
                "estack": "AssertionError: Timed out retrying after 15000ms: Expected to find element: `//div[1]/div[2]/div[3]/button`, but never found it.\n    at Context.eval (https://qa.rch.build-release.com/__cypress/tests?p=cypress\\e2e\\Admin_Testcases\\15_BookAppointmet.spec.js:318:47)",
                "diff": null
              },
              "uuid": "005ae868-c450-4302-ab61-750dac191d0e",
              "parentUUID": "7dfca980-48b8-4283-942f-827ab073661f",
              "isHook": false,
              "skipped": false
            },
            {
              "title": "The booked appointment should refelect instantly under apointment page and also on patient side",
              "fullTitle": "Book Appointment module testcases The booked appointment should refelect instantly under apointment page and also on patient side",
              "timedOut": null,
              "duration": 15556,
              "state": "failed",
              "speed": null,
              "pass": false,
              "fail": true,
              "pending": false,
              "context": null,
              "code": "cy.xpath('//div[contains(text(),\"Appointments\")]').should('be.visible').should('have.text', 'Appointments').click();\ncy.wait(4000);\ncy.xpath('//tr[1]/td[4]/div/p').should('be.visible').should('have.text', 'pending approval');",
              "err": {
                "message": "AssertionError: Timed out retrying after 15000ms: Expected to find element: `//div[contains(text(),\"Appointments\")]`, but never found it.",
                "estack": "AssertionError: Timed out retrying after 15000ms: Expected to find element: `//div[contains(text(),\"Appointments\")]`, but never found it.\n    at Context.eval (https://qa.rch.build-release.com/__cypress/tests?p=cypress\\e2e\\Admin_Testcases\\15_BookAppointmet.spec.js:323:56)",
                "diff": null
              },
              "uuid": "12783060-b5b9-4044-8ba0-a670ba8d5326",
              "parentUUID": "7dfca980-48b8-4283-942f-827ab073661f",
              "isHook": false,
              "skipped": false
            },
            {
              "title": "The primary symptoms and Service Address added by the patient should reflect on the appointment name card",
              "fullTitle": "Book Appointment module testcases The primary symptoms and Service Address added by the patient should reflect on the appointment name card",
              "timedOut": null,
              "duration": 15537,
              "state": "failed",
              "speed": null,
              "pass": false,
              "fail": true,
              "pending": false,
              "context": null,
              "code": "cy.xpath('//tr[1]/td[8]/div[1]/*[1]').scrollIntoView().should('be.visible').click();\ncy.wait(4000);\ncy.xpath('//div[4]/div[2]/div[1]/div/div[2]/div[2]').should('be.visible').should('have.text', 'Fever');\ncy.xpath('//div[4]/div[2]/div[2]/div/div[2]/div[2]').should('be.visible').should('have.text', 'puking');\ncy.xpath('//div[2]/div[2]/span').should('be.visible').should('contain', 'MORNING | EVENING');\ncy.xpath('//div[2]/div/div[2]/div[3]/div/span').should('be.visible').should('contain', 'plot no 75');\ncy.xpath('//div[2]/div/div[2]/div[3]/div/span').should('be.visible').should('contain', '54456');\ncy.logout();",
              "err": {
                "message": "AssertionError: Timed out retrying after 15000ms: Expected to find element: `//tr[1]/td[8]/div[1]/*[1]`, but never found it.",
                "estack": "AssertionError: Timed out retrying after 15000ms: Expected to find element: `//tr[1]/td[8]/div[1]/*[1]`, but never found it.\n    at Context.eval (https://qa.rch.build-release.com/__cypress/tests?p=cypress\\e2e\\Admin_Testcases\\15_BookAppointmet.spec.js:328:8)",
                "diff": null
              },
              "uuid": "b4cb715d-2729-45cf-b332-9c180b35c3ec",
              "parentUUID": "7dfca980-48b8-4283-942f-827ab073661f",
              "isHook": false,
              "skipped": false
            }
          ],
          "suites": [],
          "passes": [],
          "failures": [
            "6402957f-352a-4dcb-bfe2-a42401fc366c",
            "c43ece04-a972-4e68-a4dd-08c66ea7d0e7",
            "6a96bc07-622f-4290-b82d-1be5bbbfe7a4",
            "365d4cd7-2b2b-4de3-8587-09ef79d1564d",
            "f71834b0-9262-4f07-a345-49e7397191f8",
            "94765319-75e2-4c4a-82d0-82c52490ed2f",
            "cf0a4ef2-f1fe-4ebe-bda7-bd3b32ec6e3f",
            "d0618ac9-3ca3-4dd4-88d4-2e68b417d48d",
            "becb94c8-cdf8-410d-a385-7759624ccf84",
            "c46a5bed-e624-4989-83e4-15f73c4a626f",
            "60d8d713-bdc6-44dc-b26a-e3a72d43017a",
            "a4aa3aea-292e-4b91-91cb-643f991a35aa",
            "f4db923b-87af-4021-8aad-209fd6a74af4",
            "a55fbddf-cefe-4077-80b8-c1a953789958",
            "7f60c6a1-e9c9-4a89-9c9d-ecb1b68c0e79",
            "005ae868-c450-4302-ab61-750dac191d0e",
            "12783060-b5b9-4044-8ba0-a670ba8d5326",
            "b4cb715d-2729-45cf-b332-9c180b35c3ec"
          ],
          "pending": [],
          "skipped": [],
          "duration": 288037,
          "root": false,
          "rootEmpty": false,
          "_timeout": 2000
        }
      ],
      "passes": [],
      "failures": [],
      "pending": [],
      "skipped": [],
      "duration": 0,
      "root": true,
      "rootEmpty": true,
      "_timeout": 2000
    }
  ],
  "meta": {
    "mocha": {
      "version": "7.0.1"
    },
    "mochawesome": {
      "options": {
        "quiet": false,
        "reportFilename": "report",
        "saveHtml": true,
        "saveJson": true,
        "consoleReporter": "spec",
        "useInlineDiffs": false,
        "code": true
      },
      "version": "7.0.1"
    },
    "marge": {
      "options": {
        "reportDir": "cypress/reports",
        "reportFilename": "report",
        "overwrite": false,
        "html": true,
        "json": true,
        "charts": true
      },
      "version": "6.0.1"
    }
  }
}