{
  "stats": {
    "suites": 1,
    "tests": 10,
    "passes": 0,
    "pending": 0,
    "failures": 10,
    "start": "2022-02-14T12:38:34.378Z",
    "end": "2022-02-14T12:41:25.574Z",
    "duration": 171196,
    "testsRegistered": 10,
    "passPercent": 0,
    "pendingPercent": 0,
    "other": 0,
    "hasOther": false,
    "skipped": 0,
    "hasSkipped": false
  },
  "results": [
    {
      "uuid": "20b7fbb9-e544-4456-9ff2-ba1074d2cfb1",
      "title": "",
      "fullFile": "cypress/integration/Admin_Testcases/06_Provider-management.spec.js",
      "file": "cypress/integration/Admin_Testcases/06_Provider-management.spec.js",
      "beforeHooks": [],
      "afterHooks": [],
      "tests": [],
      "suites": [
        {
          "uuid": "0c838b04-09ef-438d-89dc-4ad3af3f1459",
          "title": "provider management module test case",
          "fullFile": "",
          "file": "",
          "beforeHooks": [],
          "afterHooks": [],
          "tests": [
            {
              "title": "As a admin the user should be navigated to the provides page by clicking on providers tab",
              "fullTitle": "provider management module test case As a admin the user should be navigated to the provides page by clicking on providers tab",
              "timedOut": null,
              "duration": 25871,
              "state": "failed",
              "speed": null,
              "pass": false,
              "fail": true,
              "pending": false,
              "context": null,
              "code": "cy.login();\ncy.get('.space-y-4 > :nth-child(5)').should('be.visible').and('have.text', 'Invitation').click();\ncy.url().should('contain', '/invitation');",
              "err": {
                "message": "AssertionError: Timed out retrying after 15000ms: expected '<div.group.relative.rounded-md.px-3.py-2.flex.items-center.text-sm.font-medium.cursor-pointer.text-white.hover:text-black.hover:bg-gray-400.false.>' to have text 'Invitation', but the text was 'Patient Services'",
                "estack": "AssertionError: Timed out retrying after 15000ms: expected '<div.group.relative.rounded-md.px-3.py-2.flex.items-center.text-sm.font-medium.cursor-pointer.text-white.hover:text-black.hover:bg-gray-400.false.>' to have text 'Invitation', but the text was 'Patient Services'\n    at Context.eval (https://qa.rch.build-release.com/__cypress/tests?p=cypress\\integration\\Admin_Testcases\\06_Provider-management.spec.js:103:63)",
                "diff": "- 'Patient Services'\n+ 'Invitation'\n"
              },
              "uuid": "d9bf53f5-7d90-40bf-8f25-9104d7020118",
              "parentUUID": "0c838b04-09ef-438d-89dc-4ad3af3f1459",
              "isHook": false,
              "skipped": false
            },
            {
              "title": "At invited providers page each label and field should have proper label and proper validations",
              "fullTitle": "provider management module test case At invited providers page each label and field should have proper label and proper validations",
              "timedOut": null,
              "duration": 15687,
              "state": "failed",
              "speed": null,
              "pass": false,
              "fail": true,
              "pending": false,
              "context": null,
              "code": "cy.get('.text-xl').should('be.visible').should('contain', 'Invited Providers');\ncy.get('table>thead>tr>th:nth-child(1)>div').should('be.visible').should('have.text', 'Email/Phone');\ncy.get('table>thead>tr>th:nth-child(2)>div').should('be.visible').should('have.text', 'Invited On');\ncy.get('table>thead>tr>th:nth-child(3)>div').should('be.visible').should('have.text', 'Status');\ncy.get('table>thead>tr>th:nth-child(4)>div').should('be.visible').should('have.text', 'Action');\ncy.get('[type=search]').invoke('attr', 'placeholder').should('contain', 'Search for phone or email.');\ncy.get('.text-xl').should('be.visible').should('contain', 'Providers');\ncy.get('.flex-wrap > .flex').should('be.visible').should('contain', 'Invite Provider');\ncy.get('.flex-1 > .ml-3').should('be.visible').should('have.text', 'Next');",
              "err": {
                "message": "AssertionError: Timed out retrying after 15000ms: expected '<div.font-bold.text-xl.text-primary.pb-2>' to contain 'Invited Providers'",
                "estack": "AssertionError: Timed out retrying after 15000ms: expected '<div.font-bold.text-xl.text-primary.pb-2>' to contain 'Invited Providers'\n    at Context.eval (https://qa.rch.build-release.com/__cypress/tests?p=cypress\\integration\\Admin_Testcases\\06_Provider-management.spec.js:107:45)",
                "diff": null
              },
              "uuid": "f240861e-dc39-4c91-b652-8501ecd65555",
              "parentUUID": "0c838b04-09ef-438d-89dc-4ad3af3f1459",
              "isHook": false,
              "skipped": false
            },
            {
              "title": "As a admin the user should be able to go the next page of the providers list by clicking on next button",
              "fullTitle": "provider management module test case As a admin the user should be able to go the next page of the providers list by clicking on next button",
              "timedOut": null,
              "duration": 15604,
              "state": "failed",
              "speed": null,
              "pass": false,
              "fail": true,
              "pending": false,
              "context": null,
              "code": "cy.get('.flex-1 > .ml-3').should('be.visible').click();",
              "err": {
                "message": "AssertionError: Timed out retrying after 15000ms: Expected to find element: `.flex-1 > .ml-3`, but never found it.",
                "estack": "AssertionError: Timed out retrying after 15000ms: Expected to find element: `.flex-1 > .ml-3`, but never found it.\n    at Context.eval (https://qa.rch.build-release.com/__cypress/tests?p=cypress\\integration\\Admin_Testcases\\06_Provider-management.spec.js:118:31)",
                "diff": null
              },
              "uuid": "90996603-b80c-4341-b02e-e54716e67b5d",
              "parentUUID": "0c838b04-09ef-438d-89dc-4ad3af3f1459",
              "isHook": false,
              "skipped": false
            },
            {
              "title": "As a admin the user should be able to go the previous page of the providers list by clicking on previous button",
              "fullTitle": "provider management module test case As a admin the user should be able to go the previous page of the providers list by clicking on previous button",
              "timedOut": null,
              "duration": 15618,
              "state": "failed",
              "speed": null,
              "pass": false,
              "fail": true,
              "pending": false,
              "context": null,
              "code": "cy.get('.px-4 > .flex-1 > :nth-child(1)').should('be.visible').click();",
              "err": {
                "message": "AssertionError: Timed out retrying after 15000ms: Expected to find element: `.px-4 > .flex-1 > :nth-child(1)`, but never found it.",
                "estack": "AssertionError: Timed out retrying after 15000ms: Expected to find element: `.px-4 > .flex-1 > :nth-child(1)`, but never found it.\n    at Context.eval (https://qa.rch.build-release.com/__cypress/tests?p=cypress\\integration\\Admin_Testcases\\06_Provider-management.spec.js:121:47)",
                "diff": null
              },
              "uuid": "cb830b0f-2f6f-46bb-966f-b1dc35fd1422",
              "parentUUID": "0c838b04-09ef-438d-89dc-4ad3af3f1459",
              "isHook": false,
              "skipped": false
            },
            {
              "title": "As a admin the user should be able to search any invited prodvider with his phone number or email",
              "fullTitle": "provider management module test case As a admin the user should be able to search any invited prodvider with his phone number or email",
              "timedOut": null,
              "duration": 15602,
              "state": "failed",
              "speed": null,
              "pass": false,
              "fail": true,
              "pending": false,
              "context": null,
              "code": "cy.get('[type=search]').should('be.visible').type('ricky@mailinator.com');\ncy.wait(5000);",
              "err": {
                "message": "AssertionError: Timed out retrying after 15000ms: Expected to find element: `[type=search]`, but never found it.",
                "estack": "AssertionError: Timed out retrying after 15000ms: Expected to find element: `[type=search]`, but never found it.\n    at Context.eval (https://qa.rch.build-release.com/__cypress/tests?p=cypress\\integration\\Admin_Testcases\\06_Provider-management.spec.js:124:29)",
                "diff": null
              },
              "uuid": "0d0e3ae1-b63c-48f8-a523-acd8b883d234",
              "parentUUID": "0c838b04-09ef-438d-89dc-4ad3af3f1459",
              "isHook": false,
              "skipped": false
            },
            {
              "title": "As a admin the user should be navigated to the existing providers page by clicking providers tab",
              "fullTitle": "provider management module test case As a admin the user should be navigated to the existing providers page by clicking providers tab",
              "timedOut": null,
              "duration": 15611,
              "state": "failed",
              "speed": null,
              "pass": false,
              "fail": true,
              "pending": false,
              "context": null,
              "code": "cy.get('.space-y-4 > :nth-child(4)').should('be.visible').and('have.text', 'Providers').click();\ncy.url().should('contain', '/providers');",
              "err": {
                "message": "AssertionError: Timed out retrying after 15000ms: expected '<div.group.relative.rounded-md.px-3.py-2.flex.items-center.text-sm.font-medium.cursor-pointer.text-white.hover:text-black.hover:bg-gray-400.false.>' to have text 'Providers', but the text was 'Appointments'",
                "estack": "AssertionError: Timed out retrying after 15000ms: expected '<div.group.relative.rounded-md.px-3.py-2.flex.items-center.text-sm.font-medium.cursor-pointer.text-white.hover:text-black.hover:bg-gray-400.false.>' to have text 'Providers', but the text was 'Appointments'\n    at Context.eval (https://qa.rch.build-release.com/__cypress/tests?p=cypress\\integration\\Admin_Testcases\\06_Provider-management.spec.js:128:63)",
                "diff": "- 'Appointments'\n+ 'Providers'\n"
              },
              "uuid": "2255b467-c2d8-40da-b9c2-28c59a3a6e70",
              "parentUUID": "0c838b04-09ef-438d-89dc-4ad3af3f1459",
              "isHook": false,
              "skipped": false
            },
            {
              "title": "At onboarded providers page each label and field should have proper labe and proper validations",
              "fullTitle": "provider management module test case At onboarded providers page each label and field should have proper labe and proper validations",
              "timedOut": null,
              "duration": 15696,
              "state": "failed",
              "speed": null,
              "pass": false,
              "fail": true,
              "pending": false,
              "context": null,
              "code": "cy.get('.font-bold').should('be.visible').should('have.text', 'Providers');\ncy.get('table>thead>tr>th:nth-child(1)').should('be.visible').should('have.text', 'Full Name');\ncy.get('table>thead>tr>th:nth-child(2)').should('be.visible').should('have.text', 'Email');\ncy.get('table>thead>tr>th:nth-child(3)').should('be.visible').should('have.text', 'Mobile Number');\ncy.get('table>thead>tr>th:nth-child(4)').should('be.visible').should('have.text', 'Joined On');\ncy.get('table>thead>tr>th:nth-child(5)').should('be.visible').should('have.text', 'Action');\ncy.get('[type=search]').invoke('attr', 'placeholder').should('contain', 'Search for name or email.');",
              "err": {
                "message": "AssertionError: Timed out retrying after 15000ms: expected '<div.font-bold.text-xl.text-primary.pb-2>' to have text 'Providers', but the text was 'Dashboard'",
                "estack": "AssertionError: Timed out retrying after 15000ms: expected '<div.font-bold.text-xl.text-primary.pb-2>' to have text 'Providers', but the text was 'Dashboard'\n    at Context.eval (https://qa.rch.build-release.com/__cypress/tests?p=cypress\\integration\\Admin_Testcases\\06_Provider-management.spec.js:132:47)",
                "diff": "- 'Dashboard'\n+ 'Providers'\n"
              },
              "uuid": "58e1cefc-5eb2-48f7-a3b8-d2abe16c9d4d",
              "parentUUID": "0c838b04-09ef-438d-89dc-4ad3af3f1459",
              "isHook": false,
              "skipped": false
            },
            {
              "title": "As a admin the user should be navigated to the profile details of any provider by clicking on eye button against that particular provider",
              "fullTitle": "provider management module test case As a admin the user should be navigated to the profile details of any provider by clicking on eye button against that particular provider",
              "timedOut": null,
              "duration": 15852,
              "state": "failed",
              "speed": null,
              "pass": false,
              "fail": true,
              "pending": false,
              "context": null,
              "code": "cy.get('tr:nth-child(1) > td:nth-child(5) > div > svg:nth-child(1) > path:nth-child(1)').should('be.visible').click();\ncy.get('.py-8 > .font-bold').should('be.visible').should('contain', 'Provider Details');\ncy.get('.border-b-2').should('be.visible').should('contain', 'Address');\ncy.get('div.col-span-12.mt-4 > div.mt-4.space-y-4>div:nth-child(1)>div:nth-child(1)>div:nth-child(1)').should('be.visible').should('have.text', 'Address Line 1');\ncy.get('div.col-span-12.mt-4 > div.mt-4.space-y-4>div:nth-child(1)>div:nth-child(2)>div:nth-child(1)').should('be.visible').should('have.text', 'Address Line 2');\ncy.get('div.col-span-12.mt-4 > div.mt-4.space-y-4>div:nth-child(2)>div:nth-child(1)>div:nth-child(1)').should('be.visible').should('have.text', 'Postal Code');\ncy.get('div.col-span-12.mt-4 > div.mt-4.space-y-4>div:nth-child(2)>div:nth-child(2)>div:nth-child(1)').should('be.visible').should('have.text', 'City');\ncy.get('div.col-span-12.mt-4 > div.mt-4.space-y-4>div:nth-child(3)>div:nth-child(1)>div:nth-child(1)').should('be.visible').should('have.text', 'State');",
              "err": {
                "message": "AssertionError: Timed out retrying after 15000ms: Expected to find element: `tr:nth-child(1) > td:nth-child(5) > div > svg:nth-child(1) > path:nth-child(1)`, but never found it.",
                "estack": "AssertionError: Timed out retrying after 15000ms: Expected to find element: `tr:nth-child(1) > td:nth-child(5) > div > svg:nth-child(1) > path:nth-child(1)`, but never found it.\n    at Context.eval (https://qa.rch.build-release.com/__cypress/tests?p=cypress\\integration\\Admin_Testcases\\06_Provider-management.spec.js:141:94)",
                "diff": null
              },
              "uuid": "4393eb37-a369-47ac-a81c-eb58369829ff",
              "parentUUID": "0c838b04-09ef-438d-89dc-4ad3af3f1459",
              "isHook": false,
              "skipped": false
            },
            {
              "title": "As a admin the user should be navigted back to the onboarded providers page by clicking on back arrow on profile details page",
              "fullTitle": "provider management module test case As a admin the user should be navigted back to the onboarded providers page by clicking on back arrow on profile details page",
              "timedOut": null,
              "duration": 15594,
              "state": "failed",
              "speed": null,
              "pass": false,
              "fail": true,
              "pending": false,
              "context": null,
              "code": "cy.get('.py-8 > .h-6').should('be.visible').click();",
              "err": {
                "message": "AssertionError: Timed out retrying after 15000ms: Expected to find element: `.py-8 > .h-6`, but never found it.",
                "estack": "AssertionError: Timed out retrying after 15000ms: Expected to find element: `.py-8 > .h-6`, but never found it.\n    at Context.eval (https://qa.rch.build-release.com/__cypress/tests?p=cypress\\integration\\Admin_Testcases\\06_Provider-management.spec.js:151:28)",
                "diff": null
              },
              "uuid": "61579c0a-fb07-460f-843b-9969b578fb60",
              "parentUUID": "0c838b04-09ef-438d-89dc-4ad3af3f1459",
              "isHook": false,
              "skipped": false
            },
            {
              "title": "As a admin the user should be able to search any onboarded prodvider with his name or email",
              "fullTitle": "provider management module test case As a admin the user should be able to search any onboarded prodvider with his name or email",
              "timedOut": null,
              "duration": 15608,
              "state": "failed",
              "speed": null,
              "pass": false,
              "fail": true,
              "pending": false,
              "context": null,
              "code": "cy.get('[type=search]').should('be.visible').type('ankit.jaiswal@crownstack.com');\ncy.wait(5000);\ncy.get('[type=search]').clear();\ncy.wait(2000);\ncy.get('[type=search]').should('be.visible').type('Nishant Mishra');\ncy.wait(2000);\ncy.get('[type=search]').clear();\ncy.logout();",
              "err": {
                "message": "AssertionError: Timed out retrying after 15000ms: Expected to find element: `[type=search]`, but never found it.",
                "estack": "AssertionError: Timed out retrying after 15000ms: Expected to find element: `[type=search]`, but never found it.\n    at Context.eval (https://qa.rch.build-release.com/__cypress/tests?p=cypress\\integration\\Admin_Testcases\\06_Provider-management.spec.js:154:29)",
                "diff": null
              },
              "uuid": "9d106b80-b3d4-4c72-9a58-7226808b45ca",
              "parentUUID": "0c838b04-09ef-438d-89dc-4ad3af3f1459",
              "isHook": false,
              "skipped": false
            }
          ],
          "suites": [],
          "passes": [],
          "failures": [
            "d9bf53f5-7d90-40bf-8f25-9104d7020118",
            "f240861e-dc39-4c91-b652-8501ecd65555",
            "90996603-b80c-4341-b02e-e54716e67b5d",
            "cb830b0f-2f6f-46bb-966f-b1dc35fd1422",
            "0d0e3ae1-b63c-48f8-a523-acd8b883d234",
            "2255b467-c2d8-40da-b9c2-28c59a3a6e70",
            "58e1cefc-5eb2-48f7-a3b8-d2abe16c9d4d",
            "4393eb37-a369-47ac-a81c-eb58369829ff",
            "61579c0a-fb07-460f-843b-9969b578fb60",
            "9d106b80-b3d4-4c72-9a58-7226808b45ca"
          ],
          "pending": [],
          "skipped": [],
          "duration": 166743,
          "root": false,
          "rootEmpty": false,
          "_timeout": 2000
        }
      ],
      "passes": [],
      "failures": [],
      "pending": [],
      "skipped": [],
      "duration": 0,
      "root": true,
      "rootEmpty": true,
      "_timeout": 2000
    }
  ],
  "meta": {
    "mocha": {
      "version": "7.0.1"
    },
    "mochawesome": {
      "options": {
        "quiet": false,
        "reportFilename": "report",
        "saveHtml": true,
        "saveJson": true,
        "consoleReporter": "spec",
        "useInlineDiffs": false,
        "code": true
      },
      "version": "7.0.1"
    },
    "marge": {
      "options": {
        "reportDir": "cypress/reports",
        "reportFilename": "report",
        "overwrite": false,
        "html": true,
        "json": true,
        "charts": true
      },
      "version": "6.0.1"
    }
  }
}