{
  "stats": {
    "suites": 1,
    "tests": 4,
    "passes": 0,
    "pending": 0,
    "failures": 4,
    "start": "2022-08-08T07:43:11.663Z",
    "end": "2022-08-08T07:44:32.092Z",
    "duration": 80429,
    "testsRegistered": 4,
    "passPercent": 0,
    "pendingPercent": 0,
    "other": 0,
    "hasOther": false,
    "skipped": 0,
    "hasSkipped": false
  },
  "results": [
    {
      "uuid": "127aa751-8a7a-46af-87ed-7cc2b6158aa8",
      "title": "",
      "fullFile": "cypress\\e2e\\Admin_Testcases\\31_Patient_Notifications.spec.js",
      "file": "cypress\\e2e\\Admin_Testcases\\31_Patient_Notifications.spec.js",
      "beforeHooks": [],
      "afterHooks": [],
      "tests": [],
      "suites": [
        {
          "uuid": "5789f136-1762-4dd5-b30c-37adf738ce76",
          "title": "Patient Notifications module testcases",
          "fullFile": "",
          "file": "",
          "beforeHooks": [],
          "afterHooks": [],
          "tests": [
            {
              "title": "As a Admin the user should be \"Patient Notifications\" section of any patient by clicking on \"Notifications\" tab under patients details page.",
              "fullTitle": "Patient Notifications module testcases As a Admin the user should be \"Patient Notifications\" section of any patient by clicking on \"Notifications\" tab under patients details page.",
              "timedOut": null,
              "duration": 24329,
              "state": "failed",
              "speed": null,
              "pass": false,
              "fail": true,
              "pending": false,
              "context": null,
              "code": "cy.login(cred.email, cred.password);\ncy.url().should('contain', '/dashboard'); //Click patient tab on the left side tray\ncy.xpath('//nav/div[2]/div[2]').should('be.visible').should('have.text', 'Patients').click();\ncy.url().should('contain', '/patients'); //Add new patient custom command\ncy.AddPatient();\ncy.readFile('cypress/fixtures/provider.json').then(provider => {\n  //search added patient    \n  cy.xpath('//input[@type=\"search\"]').should('be.visible').type(provider.email.toLowerCase()); //Checking email is present in the list\n  cy.xpath('//tr[1]/td[2]').should('be.visible').should('have.text', provider.email.toLowerCase());\n  cy.wait(4000);\n}); //Click on eye icon against patient \ncy.xpath('//tr[1]/td[7]/div[1]/*[1]').scrollIntoView().should('be.visible').click();\ncy.url().should('contain', '/address'); //Click on Notifications tab in patient profile\ncy.xpath('//div[3]/div[1]/nav[1]/div[4]/div[1]').should('be.visible').should('contain', 'Notifications').click();\ncy.url().should('contain', '/notification');",
              "err": {
                "message": "AssertionError: Timed out retrying after 15000ms: Expected to find element: `.max-w-xs > img`, but never found it.",
                "estack": "AssertionError: Timed out retrying after 15000ms: Expected to find element: `.max-w-xs > img`, but never found it.\n    at Context.eval (https://qa.rch.build-release.com/__cypress/tests?p=cypress\\support\\e2e.js:345:29)",
                "diff": null
              },
              "uuid": "3c12cb46-7fd2-4dbd-9d65-bd24a707e0bd",
              "parentUUID": "5789f136-1762-4dd5-b30c-37adf738ce76",
              "isHook": false,
              "skipped": false
            },
            {
              "title": "At \"Patient Notifications\" page each label and field should have proper label and validations",
              "fullTitle": "Patient Notifications module testcases At \"Patient Notifications\" page each label and field should have proper label and validations",
              "timedOut": null,
              "duration": 15527,
              "state": "failed",
              "speed": null,
              "pass": false,
              "fail": true,
              "pending": false,
              "context": null,
              "code": "//validating all fields and labels\ncy.xpath('//div[contains(text(),\"E\")]').should('be.visible').should('contain', 'Email Notifications');\ncy.xpath('//div[4]/div/div[1]/button').should('be.visible').should('be.enabled');\ncy.xpath('//div[contains(text(),\"T\")]').should('be.visible').should('contain', 'Text Notifications');\ncy.xpath('//div[4]/div/div[2]/button').should('be.visible').should('be.enabled');",
              "err": {
                "message": "AssertionError: Timed out retrying after 15000ms: expected '<div>' to contain 'Email Notifications'",
                "estack": "AssertionError: Timed out retrying after 15000ms: expected '<div>' to contain 'Email Notifications'\n    at Context.eval (https://qa.rch.build-release.com/__cypress/tests?p=cypress\\e2e\\Admin_Testcases\\31_Patient_Notifications.spec.js:148:66)",
                "diff": null
              },
              "uuid": "9daca1d6-8b92-4b54-a834-fb085c0266b0",
              "parentUUID": "5789f136-1762-4dd5-b30c-37adf738ce76",
              "isHook": false,
              "skipped": false
            },
            {
              "title": "As a Admin the user can switch ON/OFF the Email Notifications using the toggle button against it.",
              "fullTitle": "Patient Notifications module testcases As a Admin the user can switch ON/OFF the Email Notifications using the toggle button against it.",
              "timedOut": null,
              "duration": 15420,
              "state": "failed",
              "speed": null,
              "pass": false,
              "fail": true,
              "pending": false,
              "context": null,
              "code": "//Validating toggle button against email notifications\ncy.xpath('//div[4]/div/div[1]/button').should('be.visible').should('be.enabled').click();\ncy.contains('Notifications Setting Changed');\ncy.xpath('//div[4]/div/div[1]/button').should('be.visible').click();\ncy.contains('Notifications Setting Changed');\ncy.xpath('//div[4]/div/div[1]/button').should('be.visible').should('be.enabled');",
              "err": {
                "message": "AssertionError: Timed out retrying after 15000ms: Expected to find element: `//div[4]/div/div[1]/button`, but never found it.",
                "estack": "AssertionError: Timed out retrying after 15000ms: Expected to find element: `//div[4]/div/div[1]/button`, but never found it.\n    at Context.eval (https://qa.rch.build-release.com/__cypress/tests?p=cypress\\e2e\\Admin_Testcases\\31_Patient_Notifications.spec.js:155:44)",
                "diff": null
              },
              "uuid": "ac5b9c79-49ec-48d0-b3e8-01932c8a9eb6",
              "parentUUID": "5789f136-1762-4dd5-b30c-37adf738ce76",
              "isHook": false,
              "skipped": false
            },
            {
              "title": "As a Admin the user can switch ON/OFF the Text Notifications using the toggle button against it.",
              "fullTitle": "Patient Notifications module testcases As a Admin the user can switch ON/OFF the Text Notifications using the toggle button against it.",
              "timedOut": null,
              "duration": 15463,
              "state": "failed",
              "speed": null,
              "pass": false,
              "fail": true,
              "pending": false,
              "context": null,
              "code": "//Validating toggle button against Text notifications\ncy.xpath('//div[4]/div/div[2]/button').should('be.visible').should('be.enabled').click();\ncy.contains('Notifications Setting Changed');\ncy.xpath('//div[4]/div/div[2]/button').should('be.visible').click();\ncy.contains('Notifications Setting Changed');\ncy.xpath('//div[4]/div/div[2]/button').should('be.visible').should('be.enabled');",
              "err": {
                "message": "AssertionError: Timed out retrying after 15000ms: Expected to find element: `//div[4]/div/div[2]/button`, but never found it.",
                "estack": "AssertionError: Timed out retrying after 15000ms: Expected to find element: `//div[4]/div/div[2]/button`, but never found it.\n    at Context.eval (https://qa.rch.build-release.com/__cypress/tests?p=cypress\\e2e\\Admin_Testcases\\31_Patient_Notifications.spec.js:163:44)",
                "diff": null
              },
              "uuid": "2d036d9e-c35e-4a80-a188-360c1a5d41cb",
              "parentUUID": "5789f136-1762-4dd5-b30c-37adf738ce76",
              "isHook": false,
              "skipped": false
            }
          ],
          "suites": [],
          "passes": [],
          "failures": [
            "3c12cb46-7fd2-4dbd-9d65-bd24a707e0bd",
            "9daca1d6-8b92-4b54-a834-fb085c0266b0",
            "ac5b9c79-49ec-48d0-b3e8-01932c8a9eb6",
            "2d036d9e-c35e-4a80-a188-360c1a5d41cb"
          ],
          "pending": [],
          "skipped": [],
          "duration": 70739,
          "root": false,
          "rootEmpty": false,
          "_timeout": 2000
        }
      ],
      "passes": [],
      "failures": [],
      "pending": [],
      "skipped": [],
      "duration": 0,
      "root": true,
      "rootEmpty": true,
      "_timeout": 2000
    }
  ],
  "meta": {
    "mocha": {
      "version": "7.0.1"
    },
    "mochawesome": {
      "options": {
        "quiet": false,
        "reportFilename": "report",
        "saveHtml": true,
        "saveJson": true,
        "consoleReporter": "spec",
        "useInlineDiffs": false,
        "code": true
      },
      "version": "7.0.1"
    },
    "marge": {
      "options": {
        "reportDir": "cypress/reports",
        "reportFilename": "report",
        "overwrite": false,
        "html": true,
        "json": true,
        "charts": true
      },
      "version": "6.0.1"
    }
  }
}