{
  "stats": {
    "suites": 1,
    "tests": 16,
    "passes": 16,
    "pending": 0,
    "failures": 0,
    "start": "2022-04-21T06:31:17.967Z",
    "end": "2022-04-21T06:34:39.750Z",
    "duration": 201783,
    "testsRegistered": 16,
    "passPercent": 100,
    "pendingPercent": 0,
    "other": 0,
    "hasOther": false,
    "skipped": 0,
    "hasSkipped": false
  },
  "results": [
    {
      "uuid": "2073307c-cb35-4ac6-89c4-0a0e5de0b1d1",
      "title": "",
      "fullFile": "cypress/integration/Admin_Testcases/07_Patients.spec.js",
      "file": "cypress/integration/Admin_Testcases/07_Patients.spec.js",
      "beforeHooks": [],
      "afterHooks": [],
      "tests": [],
      "suites": [
        {
          "uuid": "be7c75ff-0afc-4631-97e3-dc3e4bb9a23e",
          "title": "Patient management module test cases",
          "fullFile": "",
          "file": "",
          "beforeHooks": [],
          "afterHooks": [],
          "tests": [
            {
              "title": "As a admin the user should be navigated on patients page by clicking on patients tab",
              "fullTitle": "Patient management module test cases As a admin the user should be navigated on patients page by clicking on patients tab",
              "timedOut": null,
              "duration": 8726,
              "state": "passed",
              "speed": "slow",
              "pass": true,
              "fail": false,
              "pending": false,
              "context": null,
              "code": "cy.login();\ncy.get('.space-y-4 > :nth-child(2)').should('be.visible').should('have.text', 'Patients').click();\ncy.url().should('contain', '/patients');",
              "err": {},
              "uuid": "eafcbcb8-d94d-48f6-a426-02761f83fab8",
              "parentUUID": "be7c75ff-0afc-4631-97e3-dc3e4bb9a23e",
              "isHook": false,
              "skipped": false
            },
            {
              "title": "At patients page each label and field should have proper label and validations",
              "fullTitle": "Patient management module test cases At patients page each label and field should have proper label and validations",
              "timedOut": null,
              "duration": 2185,
              "state": "passed",
              "speed": "slow",
              "pass": true,
              "fail": false,
              "pending": false,
              "context": null,
              "code": "cy.get('div.font-bold').should('be.visible').should('have.text', 'Patients');\ncy.get('table>thead>tr>th:nth-child(1)').should('be.visible').should('have.text', 'Full Name');\ncy.get('table>thead>tr>th:nth-child(2)').should('be.visible').should('have.text', 'Email');\ncy.get('table>thead>tr>th:nth-child(3)').should('be.visible').should('have.text', 'Joined On');\ncy.get('table>thead>tr>th:nth-child(4)').should('be.visible').should('have.text', 'Subscription');\ncy.get('table>thead>tr>th:nth-child(5)').scrollIntoView().should('be.visible').should('have.text', 'Appointment');\ncy.get('table>thead>tr>th:nth-child(6)').scrollIntoView().should('be.visible').should('have.text', 'Status');\ncy.get('table>thead>tr>th:nth-child(7)').scrollIntoView().should('be.visible').should('have.text', 'Action');\ncy.get('[textid=\"add.patient\"]').should('be.visible').should('have.text', 'Add New Patient');\ncy.get('div.flex.flex-wrap:nth-child(2)>div:nth-child(2)').should('be.visible').should('have.text', 'Add Filter');",
              "err": {},
              "uuid": "26e13766-797a-4ea4-b912-48d2f50d4982",
              "parentUUID": "be7c75ff-0afc-4631-97e3-dc3e4bb9a23e",
              "isHook": false,
              "skipped": false
            },
            {
              "title": "As a Admin the user will get the add patient form by clicking on the \"Add new patient\" button ",
              "fullTitle": "Patient management module test cases As a Admin the user will get the add patient form by clicking on the \"Add new patient\" button ",
              "timedOut": null,
              "duration": 420,
              "state": "passed",
              "speed": "slow",
              "pass": true,
              "fail": false,
              "pending": false,
              "context": null,
              "code": "cy.get('[textid=\"add.patient\"]').should('be.visible').should('have.text', 'Add New Patient').click();\ncy.get('div:nth-child(9) > div > div').should('be.visible');",
              "err": {},
              "uuid": "3843e7f0-bc18-4aec-bfa6-0387ba4f5c75",
              "parentUUID": "be7c75ff-0afc-4631-97e3-dc3e4bb9a23e",
              "isHook": false,
              "skipped": false
            },
            {
              "title": "At Add New Patient page each label and field should have proper label and validations ",
              "fullTitle": "Patient management module test cases At Add New Patient page each label and field should have proper label and validations ",
              "timedOut": null,
              "duration": 25427,
              "state": "passed",
              "speed": "slow",
              "pass": true,
              "fail": false,
              "pending": false,
              "context": null,
              "code": "cy.get('div:nth-child(9) > div > div > div.hidden>div:nth-child(1)>div').should('be.visible').should('have.text', 'Add New Patient').click();\ncy.get('div:nth-child(9) > div > div > div.hidden>div:nth-child(1)>svg').should('be.visible');\ncy.get('div.hidden > div.mt-6 > div > form>div:nth-child(1)>div:nth-child(1)>label').should('be.visible').should('have.text', 'First Name');\ncy.get('div.hidden > div.mt-6 > div > form>div:nth-child(1)>div:nth-child(1)>div').should('be.visible').click();\ncy.get('div.hidden > div.mt-6 > div > form>div:nth-child(1)>div:nth-child(2)>div').should('be.visible').click();\ncy.wait(3000);\ncy.get('div.hidden > div.mt-6 > div > form>div:nth-child(1)>div:nth-child(1)>div.text-red-600').should('be.visible').should('have.text', 'Required');\ncy.wait(1000);\ncy.get('div.hidden > div.mt-6 > div > form>div:nth-child(1)>div:nth-child(2)>label').scrollIntoView().should('be.visible').should('have.text', 'Last Name');\ncy.get('div.hidden > div.mt-6 > div > form>div:nth-child(2)>div:nth-child(1)>div').should('be.visible').click();\ncy.wait(3000);\ncy.get('div.hidden > div.mt-6 > div > form>div:nth-child(1)>div:nth-child(2)>div.text-red-600').should('be.visible').should('have.text', 'Required');\ncy.wait(1000);\ncy.get('div.hidden > div.mt-6 > div > form>div:nth-child(2)>div:nth-child(1)>label').should('be.visible').should('have.text', 'Phone Number');\ncy.get('div.hidden > div.mt-6 > div > form>div:nth-child(2)>div:nth-child(2)>div').should('be.visible').click();\ncy.wait(3000);\ncy.get('div.hidden > div.mt-6 > div > form>div:nth-child(2)>div:nth-child(1)>div.text-red-600').should('be.visible').should('have.text', 'Required');\ncy.wait(1000);\ncy.get('div.hidden > div.mt-6 > div > form>div:nth-child(2)>div:nth-child(2)>label').should('be.visible').should('have.text', 'Email');\ncy.get('div.hidden > div.mt-6 > div > form>div:nth-child(6)>div:nth-child(1)>div').should('be.visible').click();\ncy.wait(3000);\ncy.get('div.hidden > div.mt-6 > div > form>div:nth-child(2)>div:nth-child(2)>div.text-red-600').should('be.visible').should('have.text', 'Required');\ncy.wait(1000);\ncy.get('div.hidden > div.mt-6 > div > form>div:nth-child(3)>div:nth-child(1)>label').should('be.visible').should('have.text', 'Date of Birth');\ncy.get('div.hidden > div.mt-6 > div > form>div:nth-child(3)>div:nth-child(2)>div:nth-child(1)').should('be.visible').should('have.text', 'Gender');\ncy.get('div.hidden > div.mt-6 > div > form>div:nth-child(3)>div:nth-child(2)>div:nth-child(2)').should('be.visible');\ncy.get('div.hidden > div.mt-6 > div > form>div:nth-child(5)').scrollIntoView().should('be.visible').should('have.text', 'Address');\ncy.get('div.hidden > div.mt-6 > div > form>div:nth-child(6)>div:nth-child(1)>label').scrollIntoView().should('be.visible').should('have.text', 'Address Line 1');\ncy.get('div.hidden > div.mt-6 > div > form>div:nth-child(6)>div:nth-child(1)>div').should('be.visible').click({\n  force: true\n});\ncy.get('div.hidden > div.mt-6 > div > form>div:nth-child(6)>div:nth-child(2)>div').should('be.visible').click();\ncy.wait(3000);\ncy.get('div.hidden > div.mt-6 > div > form>div:nth-child(6)>div:nth-child(1)>div.text-red-600').should('be.visible').should('have.text', 'Required');\ncy.wait(1000);\ncy.get('div.hidden > div.mt-6 > div > form>div:nth-child(6)>div:nth-child(2)>label').should('be.visible').should('contain', 'Address Line 2');\ncy.get('div.hidden > div.mt-6 > div > form>div:nth-child(7)>div:nth-child(1)>label').should('be.visible').should('contain', 'Postal Code');\ncy.get('div.hidden > div.mt-6 > div > form>div:nth-child(7)>div:nth-child(1)>div').should('be.visible');\ncy.get('div.hidden > div.mt-6 > div > form>div:nth-child(7)>div:nth-child(2)>label').should('be.visible').should('contain', 'City');\ncy.get('div.hidden > div.mt-6 > div > form>div:nth-child(7)>div:nth-child(2)>div').should('be.visible');\ncy.get('div.hidden > div.mt-6 > div > form>div:nth-child(8)>div>label').should('be.visible').should('have.text', 'State');\ncy.get('div.hidden > div.mt-6 > div > form>div:nth-child(8)>div>div').should('be.visible');\ncy.get('div.hidden > div.mt-6 > div > form>div:nth-child(9)>button').should('be.visible').should('have.text', 'Continue');\ncy.get('div:nth-child(9) > div > div > div.hidden>div:nth-child(1)>svg').scrollIntoView().should('be.visible').click();",
              "err": {},
              "uuid": "5c6ce85a-60a1-4f18-988f-2a0263c48afe",
              "parentUUID": "be7c75ff-0afc-4631-97e3-dc3e4bb9a23e",
              "isHook": false,
              "skipped": false
            },
            {
              "title": "After filling the form with valid data and clicking on continue the patient should be added ",
              "fullTitle": "Patient management module test cases After filling the form with valid data and clicking on continue the patient should be added ",
              "timedOut": null,
              "duration": 31297,
              "state": "passed",
              "speed": "slow",
              "pass": true,
              "fail": false,
              "pending": false,
              "context": null,
              "code": "const email = _faker.default.name.firstName() + '@mailinator.com';\nconst fname = _faker.default.name.firstName();\nconst lname = _faker.default.name.firstName();\nconst phone = _faker.default.phone.phoneNumber('(###)-###-####');\ncy.get('[textid=\"add.patient\"]').should('be.visible').should('have.text', 'Add New Patient').click();\ncy.get('div:nth-child(9) > div > div').should('be.visible');\ncy.get('div.hidden > div.mt-6 > div > form>div:nth-child(1)>div:nth-child(1)>div').should('be.visible').type(fname);\ncy.get('div.hidden > div.mt-6 > div > form>div:nth-child(1)>div:nth-child(2)>div').should('be.visible').type(lname);\ncy.get('div.hidden > div.mt-6 > div > form>div:nth-child(2)>div:nth-child(1)>div').should('be.visible').type('(949)-449-4847');\ncy.wait(2000);\ncy.get('div.hidden > div.mt-6 > div > form>div:nth-child(2)>div:nth-child(2)>div').should('be.visible').click();\ncy.wait(2000);\ncy.get('div.hidden > div.mt-6 > div > form>div:nth-child(3)>div:nth-child(1)>div').should('be.visible').click();\ncy.wait(3000);\ncy.get('div.hidden > div.mt-6 > div > form>div:nth-child(2)>div:nth-child(1)>div.text-red-600').scrollIntoView().should('be.visible').should('have.text', 'An account already exists with this phone number');\ncy.wait(2000);\ncy.get('div.hidden > div.mt-6 > div > form>div:nth-child(2)>div:nth-child(2)>div:nth-child(2)').should('be.visible').type('pvnkumar80@gmail.com');\ncy.wait(2000);\ncy.get('div.hidden > div.mt-6 > div > form>div:nth-child(6)>div:nth-child(1)>div').should('be.visible').click();\ncy.wait(2000);\ncy.get('div.hidden > div.mt-6 > div > form>div:nth-child(2)>div:nth-child(2)>div.text-red-600').should('be.visible').should('have.text', 'An account already exists with this email');\ncy.wait(2000);\ncy.get('div.hidden > div.mt-6 > div > form>div:nth-child(2)>div:nth-child(1)>div:nth-child(2)').should('be.visible').clear().type(phone);\ncy.get('div.hidden > div.mt-6 > div > form>div:nth-child(2)>div:nth-child(2)>div:nth-child(2)').should('be.visible').clear().type(email);\ncy.get('div.hidden > div.mt-6 > div > form>div:nth-child(3)>div:nth-child(1)>div').should('be.visible').click();\ncy.get('.react-datepicker__year-select').select('1990');\ncy.wait(1000);\ncy.get('.react-datepicker__day--015').click();\ncy.get('div.hidden > div.mt-6 > div > form>div:nth-child(3)>div:nth-child(2)>div:nth-child(2)').should('be.visible').click();\ncy.get('div.css-11unzgr>div:nth-child(1)').click();\ncy.get('div.hidden > div.mt-6 > div > form>div:nth-child(6)>div:nth-child(1)>div:nth-child(2)').should('be.visible').type('plot no 92');\ncy.get('div.hidden > div.mt-6 > div > form>div:nth-child(7)>div:nth-child(1)>div').should('be.visible').type('544');\ncy.get('div.hidden > div.mt-6 > div > form>div:nth-child(6)>div:nth-child(1)>div').should('be.visible').click();\ncy.get('div.hidden > div.mt-6 > div > form>div:nth-child(9)>button').should('be.visible').should('have.text', 'Continue').click();\ncy.wait(2000);\ncy.contains('Successfully Registered.');\ncy.writeFile('cypress/fixtures/provider.json', {\n  email: email,\n  phone: phone\n});",
              "err": {},
              "uuid": "78fab7d6-9e28-49e6-8a9c-61f1844a9bf4",
              "parentUUID": "be7c75ff-0afc-4631-97e3-dc3e4bb9a23e",
              "isHook": false,
              "skipped": false
            },
            {
              "title": "The added patient should refelct under patients listing",
              "fullTitle": "Patient management module test cases The added patient should refelct under patients listing",
              "timedOut": null,
              "duration": 5707,
              "state": "passed",
              "speed": "slow",
              "pass": true,
              "fail": false,
              "pending": false,
              "context": null,
              "code": "cy.readFile('cypress/fixtures/provider.json').then(provider => {\n  cy.get('[type=search]').should('be.visible').type(provider.email.toLowerCase());\n  cy.get('tr:nth-child(1)>td:nth-child(2)').should('be.visible').should('have.text', provider.email.toLowerCase());\n  cy.wait(4000);\n});",
              "err": {},
              "uuid": "eb5d7c4b-a74c-4b80-ba34-280ce9e90049",
              "parentUUID": "be7c75ff-0afc-4631-97e3-dc3e4bb9a23e",
              "isHook": false,
              "skipped": false
            },
            {
              "title": "As a admin the user should be navigated to the Book Appointment page by clicking on Book button against patient ",
              "fullTitle": "Patient management module test cases As a admin the user should be navigated to the Book Appointment page by clicking on Book button against patient ",
              "timedOut": null,
              "duration": 10464,
              "state": "passed",
              "speed": "slow",
              "pass": true,
              "fail": false,
              "pending": false,
              "context": null,
              "code": "cy.get('tr:nth-child(1) > td:nth-child(5)>div>div').scrollIntoView().should('be.visible').click({\n  force: true\n});\ncy.url().should('contain', '/book_appointment');\ncy.wait(5000);\ncy.get('.w-8 > path').scrollIntoView().should('be.visible').click();\ncy.wait(5000);",
              "err": {},
              "uuid": "f98e7df7-3b18-4013-bdcb-558bd736f66a",
              "parentUUID": "be7c75ff-0afc-4631-97e3-dc3e4bb9a23e",
              "isHook": false,
              "skipped": false
            },
            {
              "title": "As a Admin the user can chat with patient by clicking on the chat icon against that patient",
              "fullTitle": "Patient management module test cases As a Admin the user can chat with patient by clicking on the chat icon against that patient",
              "timedOut": null,
              "duration": 10552,
              "state": "passed",
              "speed": "slow",
              "pass": true,
              "fail": false,
              "pending": false,
              "context": null,
              "code": "cy.get('tr:nth-child(1) > td:nth-child(7) > div >div>img').scrollIntoView().should('be.visible').click({\n  force: true\n});\ncy.url().should('contain', '/chat');\ncy.wait(5000);\ncy.get('.flex-wrap > .h-6 > path').should('be.visible').click();\ncy.wait(5000);",
              "err": {},
              "uuid": "c0aa5a27-cd56-4f14-870d-8f9d9e273de7",
              "parentUUID": "be7c75ff-0afc-4631-97e3-dc3e4bb9a23e",
              "isHook": false,
              "skipped": false
            },
            {
              "title": "As a Admin the user can enable or disable any patient with the help of toggle icon under status",
              "fullTitle": "Patient management module test cases As a Admin the user can enable or disable any patient with the help of toggle icon under status",
              "timedOut": null,
              "duration": 16883,
              "state": "passed",
              "speed": "slow",
              "pass": true,
              "fail": false,
              "pending": false,
              "context": null,
              "code": "cy.get('tr:nth-child(1)>td:nth-child(6)>button').scrollIntoView().should('be.visible').click({\n  force: true\n});\ncy.wait(4000);\ncy.get('div.hidden>div:nth-child(2)>div:nth-child(2)>button').click();\ncy.wait(4000);\ncy.get('tr:nth-child(1)>td:nth-child(6)>button').scrollIntoView().should('be.visible').click({\n  force: true\n});\ncy.wait(4000);\ncy.get('div.hidden>div:nth-child(2)>div:nth-child(2)>button').click();\ncy.wait(4000);",
              "err": {},
              "uuid": "ff4ade6d-e74a-4c68-9150-877f34968908",
              "parentUUID": "be7c75ff-0afc-4631-97e3-dc3e4bb9a23e",
              "isHook": false,
              "skipped": false
            },
            {
              "title": "As a Admin the user can change the membership of the patient by clicking on the membership plan under subscription",
              "fullTitle": "Patient management module test cases As a Admin the user can change the membership of the patient by clicking on the membership plan under subscription",
              "timedOut": null,
              "duration": 20943,
              "state": "passed",
              "speed": "slow",
              "pass": true,
              "fail": false,
              "pending": false,
              "context": null,
              "code": "cy.get('tr:nth-child(1)>td:nth-child(4)>div>div:nth-child(2)').scrollIntoView().should('be.visible').click({\n  force: true\n});\ncy.wait(5000);\ncy.get('div.hidden>div:nth-child(2)>div:nth-child(3)>button').click();\ncy.wait(5000);\ncy.get('tr:nth-child(1)>td:nth-child(4)>div>div:nth-child(1)').scrollIntoView().should('be.visible').click({\n  force: true\n});\ncy.wait(5000);\ncy.get('div.hidden>div:nth-child(2)>div:nth-child(3)>button').click();\ncy.wait(5000);",
              "err": {},
              "uuid": "10c2eed4-1894-4c48-a0c2-49e97f7bf4e3",
              "parentUUID": "be7c75ff-0afc-4631-97e3-dc3e4bb9a23e",
              "isHook": false,
              "skipped": false
            },
            {
              "title": "As a Admin the user can filter the patients based on their membeship plan using the filter button",
              "fullTitle": "Patient management module test cases As a Admin the user can filter the patients based on their membeship plan using the filter button",
              "timedOut": null,
              "duration": 26172,
              "state": "passed",
              "speed": "slow",
              "pass": true,
              "fail": false,
              "pending": false,
              "context": null,
              "code": "cy.get('div.flex.flex-wrap:nth-child(2)>div:nth-child(2)').should('be.visible').click();\ncy.wait(3000);\ncy.get('div.py-1>div:nth-child(1)').should('be.visible').should('contain', 'basic').click();\ncy.wait(5000);\ncy.get('div.flex.flex-wrap:nth-child(2)>div:nth-child(2)>div:nth-child(3)').scrollIntoView().should('be.visible').click();\ncy.wait(3000);\ncy.get('div.py-1>div:nth-child(2)').should('be.visible').should('contain', 'standard').click();\ncy.wait(5000);\ncy.get('div.flex.flex-wrap:nth-child(2)>div:nth-child(2)>div:nth-child(3)').scrollIntoView().should('be.visible').click();\ncy.wait(3000);\ncy.get('div.py-1>div:nth-child(3)').should('be.visible').should('contain', 'executive').click();\ncy.wait(5000);",
              "err": {},
              "uuid": "a76b11ac-fdc0-4238-b931-063889e2e73c",
              "parentUUID": "be7c75ff-0afc-4631-97e3-dc3e4bb9a23e",
              "isHook": false,
              "skipped": false
            },
            {
              "title": "As a Admin the user can change the view of the patients listing by using filter on full name which make the patients list in alphabetical order from a-z or Z-a",
              "fullTitle": "Patient management module test cases As a Admin the user can change the view of the patients listing by using filter on full name which make the patients list in alphabetical order from a-z or Z-a",
              "timedOut": null,
              "duration": 4294,
              "state": "passed",
              "speed": "slow",
              "pass": true,
              "fail": false,
              "pending": false,
              "context": null,
              "code": "cy.get('table>thead>tr>th:nth-child(1)>span>svg:nth-child(1)').should('be.visible').click({\n  force: true\n});\ncy.wait(2000);\ncy.get('table>thead>tr>th:nth-child(1)>span>svg:nth-child(2)').should('be.visible').click({\n  force: true\n});\ncy.wait(2000);",
              "err": {},
              "uuid": "8ed82c10-6837-4e5b-a994-b2f154c797f4",
              "parentUUID": "be7c75ff-0afc-4631-97e3-dc3e4bb9a23e",
              "isHook": false,
              "skipped": false
            },
            {
              "title": "As a admin the user should be navigated to the profile details page of any patient by clicking on eye symbol against that particular patient ",
              "fullTitle": "Patient management module test cases As a admin the user should be navigated to the profile details page of any patient by clicking on eye symbol against that particular patient ",
              "timedOut": null,
              "duration": 200,
              "state": "passed",
              "speed": "slow",
              "pass": true,
              "fail": false,
              "pending": false,
              "context": null,
              "code": "cy.get('tr:nth-child(1) > td:nth-child(7) > div > svg:nth-child(1) > path:nth-child(2)').scrollIntoView().should('be.visible').click({\n  force: true\n});",
              "err": {},
              "uuid": "e5cee6f4-5ff5-4587-bf40-cb692f11a317",
              "parentUUID": "be7c75ff-0afc-4631-97e3-dc3e4bb9a23e",
              "isHook": false,
              "skipped": false
            },
            {
              "title": "At profile deatils page of the patient each label and field should have proper label and validations",
              "fullTitle": "Patient management module test cases At profile deatils page of the patient each label and field should have proper label and validations",
              "timedOut": null,
              "duration": 3245,
              "state": "passed",
              "speed": "slow",
              "pass": true,
              "fail": false,
              "pending": false,
              "context": null,
              "code": "cy.get('.space-x-4 > .font-bold').should('be.visible').should('have.text', 'Patient Details');\ncy.get('.border-primary').should('be.visible').should('have.text', 'Address');\ncy.get('div.space-y-4:nth-child(1)>div:nth-child(1)>div:nth-child(1)>div:nth-child(1)').should('be.visible').should('have.text', 'Address Line 1');\ncy.get('div.space-y-4:nth-child(1)>div:nth-child(1)>div:nth-child(2)>div:nth-child(1)').should('be.visible').should('have.text', 'Address Line 2');\ncy.get('div.space-y-4:nth-child(1)>div:nth-child(2)>div:nth-child(1)>div:nth-child(1)').should('be.visible').should('have.text', 'Postal Code');\ncy.get('div.space-y-4:nth-child(1)>div:nth-child(2)>div:nth-child(2)>div:nth-child(1)').should('be.visible').should('have.text', 'City');\ncy.get('div.space-y-4:nth-child(1)>div:nth-child(3)>div:nth-child(1)>div:nth-child(1)').should('be.visible').should('have.text', 'State');",
              "err": {},
              "uuid": "b492700c-ffdc-4657-a4db-ed93e3cc3d33",
              "parentUUID": "be7c75ff-0afc-4631-97e3-dc3e4bb9a23e",
              "isHook": false,
              "skipped": false
            },
            {
              "title": "As a admin the user should be navigated back to the patients page by clicking on back symbol on profile details page",
              "fullTitle": "Patient management module test cases As a admin the user should be navigated back to the patients page by clicking on back symbol on profile details page",
              "timedOut": null,
              "duration": 221,
              "state": "passed",
              "speed": "slow",
              "pass": true,
              "fail": false,
              "pending": false,
              "context": null,
              "code": "cy.get('.h-6 > path').should('be.visible').click();\ncy.url().should('contain', '/patients');",
              "err": {},
              "uuid": "73b967f9-05ed-4430-ba31-f3553c44a4ae",
              "parentUUID": "be7c75ff-0afc-4631-97e3-dc3e4bb9a23e",
              "isHook": false,
              "skipped": false
            },
            {
              "title": "As a admin the user should able to search any patient by his name or email",
              "fullTitle": "Patient management module test cases As a admin the user should able to search any patient by his name or email",
              "timedOut": null,
              "duration": 26705,
              "state": "passed",
              "speed": "slow",
              "pass": true,
              "fail": false,
              "pending": false,
              "context": null,
              "code": "cy.get('div.flex.flex-wrap:nth-child(2)>div:nth-child(2)>div:nth-child(1)>svg').scrollIntoView().should('be.visible').click();\ncy.wait(5000);\ncy.get('[type=search]').should('be.visible').clear();\ncy.get('[type=search]').should('be.visible').type('pvnkumar80@gmail.com');\ncy.wait(5000);\ncy.get('tr:nth-child(1)>td:nth-child(2)').should('be.visible').should('have.text', 'pvnkumar80@gmail.com');\ncy.wait(2000);\ncy.get('[type=search]').should('be.visible').clear().type('Pavan Kumar');\ncy.wait(2000);\ncy.get('tr:nth-child(1)>td:nth-child(1)').should('be.visible').should('have.text', 'Pavan Kumar');\ncy.wait(2000);\ncy.get('[type=search]').should('be.visible').clear();\ncy.wait(2000);\ncy.logout();",
              "err": {},
              "uuid": "91b93112-93b4-4ff5-80fc-d5826a309cfb",
              "parentUUID": "be7c75ff-0afc-4631-97e3-dc3e4bb9a23e",
              "isHook": false,
              "skipped": false
            }
          ],
          "suites": [],
          "passes": [
            "eafcbcb8-d94d-48f6-a426-02761f83fab8",
            "26e13766-797a-4ea4-b912-48d2f50d4982",
            "3843e7f0-bc18-4aec-bfa6-0387ba4f5c75",
            "5c6ce85a-60a1-4f18-988f-2a0263c48afe",
            "78fab7d6-9e28-49e6-8a9c-61f1844a9bf4",
            "eb5d7c4b-a74c-4b80-ba34-280ce9e90049",
            "f98e7df7-3b18-4013-bdcb-558bd736f66a",
            "c0aa5a27-cd56-4f14-870d-8f9d9e273de7",
            "ff4ade6d-e74a-4c68-9150-877f34968908",
            "10c2eed4-1894-4c48-a0c2-49e97f7bf4e3",
            "a76b11ac-fdc0-4238-b931-063889e2e73c",
            "8ed82c10-6837-4e5b-a994-b2f154c797f4",
            "e5cee6f4-5ff5-4587-bf40-cb692f11a317",
            "b492700c-ffdc-4657-a4db-ed93e3cc3d33",
            "73b967f9-05ed-4430-ba31-f3553c44a4ae",
            "91b93112-93b4-4ff5-80fc-d5826a309cfb"
          ],
          "failures": [],
          "pending": [],
          "skipped": [],
          "duration": 193441,
          "root": false,
          "rootEmpty": false,
          "_timeout": 2000
        }
      ],
      "passes": [],
      "failures": [],
      "pending": [],
      "skipped": [],
      "duration": 0,
      "root": true,
      "rootEmpty": true,
      "_timeout": 2000
    }
  ],
  "meta": {
    "mocha": {
      "version": "7.0.1"
    },
    "mochawesome": {
      "options": {
        "quiet": false,
        "reportFilename": "report",
        "saveHtml": true,
        "saveJson": true,
        "consoleReporter": "spec",
        "useInlineDiffs": false,
        "code": true
      },
      "version": "7.0.1"
    },
    "marge": {
      "options": {
        "reportDir": "cypress/reports",
        "reportFilename": "report",
        "overwrite": false,
        "html": true,
        "json": true,
        "charts": true
      },
      "version": "6.0.1"
    }
  }
}