{
  "stats": {
    "suites": 1,
    "tests": 8,
    "passes": 0,
    "pending": 0,
    "failures": 8,
    "start": "2021-12-29T08:34:21.771Z",
    "end": "2021-12-29T08:36:34.297Z",
    "duration": 132526,
    "testsRegistered": 8,
    "passPercent": 0,
    "pendingPercent": 0,
    "other": 0,
    "hasOther": false,
    "skipped": 0,
    "hasSkipped": false
  },
  "results": [
    {
      "uuid": "acc64400-e754-4f6e-a504-c9492daf85db",
      "title": "",
      "fullFile": "cypress/integration/Patient_Testcases/14_Chat.spec.js",
      "file": "cypress/integration/Patient_Testcases/14_Chat.spec.js",
      "beforeHooks": [],
      "afterHooks": [],
      "tests": [],
      "suites": [
        {
          "uuid": "3f49bf47-3d9f-4afa-83d6-5cc449caf02f",
          "title": "chat module testcases",
          "fullFile": "",
          "file": "",
          "beforeHooks": [],
          "afterHooks": [],
          "tests": [
            {
              "title": "As a Patient the user should be navigated to the chats page by clicking on chats tab",
              "fullTitle": "chat module testcases As a Patient the user should be navigated to the chats page by clicking on chats tab",
              "timedOut": null,
              "duration": 18887,
              "state": "failed",
              "speed": null,
              "pass": false,
              "fail": true,
              "pending": false,
              "context": null,
              "code": "cy.patientlogin(cred.pemail, cred.ppassword);\ncy.url().should('contain', '/home');\ncy.get('[href=\"/chat\"]').should('be.visible').should('have.text', 'Chat').click();\ncy.url().should('contain', '/chat');",
              "err": {
                "message": "AssertionError: Timed out retrying after 15000ms: expected '<div.text-gray-500.text-xs.mb-8.font-bold>' to have text 'Sign In / Sign Up', but the text was 'Please enter your credentials to sign in.'",
                "estack": "AssertionError: Timed out retrying after 15000ms: expected '<div.text-gray-500.text-xs.mb-8.font-bold>' to have text 'Sign In / Sign Up', but the text was 'Please enter your credentials to sign in.'\n    at Context.eval (https://qa.rch.build-release.com/__cypress/tests?p=cypress\\support\\index.js:182:113)",
                "diff": "- 'Please enter your credentials to sign in.'\n+ 'Sign In / Sign Up'\n"
              },
              "uuid": "d78eb746-2927-4021-816a-8f2e0a72ad06",
              "parentUUID": "3f49bf47-3d9f-4afa-83d6-5cc449caf02f",
              "isHook": false,
              "skipped": false
            },
            {
              "title": "At \"Chats\" page each label and field should have proper label and validations",
              "fullTitle": "chat module testcases At \"Chats\" page each label and field should have proper label and validations",
              "timedOut": null,
              "duration": 15240,
              "state": "failed",
              "speed": null,
              "pass": false,
              "fail": true,
              "pending": false,
              "context": null,
              "code": "cy.get('.w-10').should('be.visible');\ncy.get('.w-full > .bg-white').should('be.visible');\ncy.get('.w-full > .cursor-pointer').should('be.visible');",
              "err": {
                "message": "AssertionError: Timed out retrying after 15000ms: Expected to find element: `.w-10`, but never found it.",
                "estack": "AssertionError: Timed out retrying after 15000ms: Expected to find element: `.w-10`, but never found it.\n    at Context.eval (https://qa.rch.build-release.com/__cypress/tests?p=cypress\\integration\\Patient_Testcases\\14_Chat.spec.js:143:21)",
                "diff": null
              },
              "uuid": "636d6387-e4f7-4008-ad8e-de37ec28e1c6",
              "parentUUID": "3f49bf47-3d9f-4afa-83d6-5cc449caf02f",
              "isHook": false,
              "skipped": false
            },
            {
              "title": "The user should able to see all the chats between the user and the Admin",
              "fullTitle": "chat module testcases The user should able to see all the chats between the user and the Admin",
              "timedOut": null,
              "duration": 15204,
              "state": "failed",
              "speed": null,
              "pass": false,
              "fail": true,
              "pending": false,
              "context": null,
              "code": "cy.get('div:nth-child(1) > div > div > div > div.p-3.rounded-lg.relative.bg-primary.text-white').scrollIntoView().should('be.visible').should('contain', 'hi');\ncy.get('div.pb-6 > div > div > div > a > div').scrollIntoView().should('be.visible');",
              "err": {
                "message": "AssertionError: Timed out retrying after 15000ms: Expected to find element: `div:nth-child(1) > div > div > div > div.p-3.rounded-lg.relative.bg-primary.text-white`, but never found it.",
                "estack": "AssertionError: Timed out retrying after 15000ms: Expected to find element: `div:nth-child(1) > div > div > div > div.p-3.rounded-lg.relative.bg-primary.text-white`, but never found it.\n    at Context.eval (https://qa.rch.build-release.com/__cypress/tests?p=cypress\\integration\\Patient_Testcases\\14_Chat.spec.js:148:8)",
                "diff": null
              },
              "uuid": "1bcbe17e-e524-4b98-ade0-da19183c9edf",
              "parentUUID": "3f49bf47-3d9f-4afa-83d6-5cc449caf02f",
              "isHook": false,
              "skipped": false
            },
            {
              "title": "As a Patient the user should able to send message to the Admin",
              "fullTitle": "chat module testcases As a Patient the user should able to send message to the Admin",
              "timedOut": null,
              "duration": 15234,
              "state": "failed",
              "speed": null,
              "pass": false,
              "fail": true,
              "pending": false,
              "context": null,
              "code": "cy.get('.w-full > .bg-white').should('be.visible').type('hi');\ncy.wait(2000);\ncy.get('.w-full > .cursor-pointer').should('be.visible').click();\ncy.wait(3000);",
              "err": {
                "message": "AssertionError: Timed out retrying after 15000ms: Expected to find element: `.w-full > .bg-white`, but never found it.",
                "estack": "AssertionError: Timed out retrying after 15000ms: Expected to find element: `.w-full > .bg-white`, but never found it.\n    at Context.eval (https://qa.rch.build-release.com/__cypress/tests?p=cypress\\integration\\Patient_Testcases\\14_Chat.spec.js:152:35)",
                "diff": null
              },
              "uuid": "4392f8ae-ed60-4bea-81ac-492e825638ed",
              "parentUUID": "3f49bf47-3d9f-4afa-83d6-5cc449caf02f",
              "isHook": false,
              "skipped": false
            },
            {
              "title": "The message sent by patient should be received by the Admin",
              "fullTitle": "chat module testcases The message sent by patient should be received by the Admin",
              "timedOut": null,
              "duration": 15222,
              "state": "failed",
              "speed": null,
              "pass": false,
              "fail": true,
              "pending": false,
              "context": null,
              "code": "cy.get('div.pb-6 > div > div > div > div.p-3.rounded-lg.relative.bg-primary.text-white').should('be.visible').should('contain', 'hi');",
              "err": {
                "message": "AssertionError: Timed out retrying after 15000ms: Expected to find element: `div.pb-6 > div > div > div > div.p-3.rounded-lg.relative.bg-primary.text-white`, but never found it.",
                "estack": "AssertionError: Timed out retrying after 15000ms: Expected to find element: `div.pb-6 > div > div > div > div.p-3.rounded-lg.relative.bg-primary.text-white`, but never found it.\n    at Context.eval (https://qa.rch.build-release.com/__cypress/tests?p=cypress\\integration\\Patient_Testcases\\14_Chat.spec.js:158:94)",
                "diff": null
              },
              "uuid": "0cf2decd-394e-4552-bb96-600a09af85d8",
              "parentUUID": "3f49bf47-3d9f-4afa-83d6-5cc449caf02f",
              "isHook": false,
              "skipped": false
            },
            {
              "title": "As Patient the user can able to send the documents and images by clicking on attachments icon",
              "fullTitle": "chat module testcases As Patient the user can able to send the documents and images by clicking on attachments icon",
              "timedOut": null,
              "duration": 15221,
              "state": "failed",
              "speed": null,
              "pass": false,
              "fail": true,
              "pending": false,
              "context": null,
              "code": "cy.get('.opacity-0').attachFile('faf.jpg');\ncy.wait(2000);\ncy.get('.w-60 > img').should('be.visible');\ncy.get('.opacity-0').attachFile('file.pdf');\ncy.wait(2000);\ncy.get('.w-60 > :nth-child(1) > img').should('be.visible');",
              "err": {
                "message": "AssertionError: Timed out retrying after 15000ms: Expected to find element: `.opacity-0`, but never found it.",
                "estack": "AssertionError: Timed out retrying after 15000ms: Expected to find element: `.opacity-0`, but never found it.\n    at Context.eval (https://qa.rch.build-release.com/__cypress/tests?p=cypress\\integration\\Patient_Testcases\\14_Chat.spec.js:161:8)",
                "diff": null
              },
              "uuid": "819a6ad1-d801-44fc-8482-51fba2b3fdb8",
              "parentUUID": "3f49bf47-3d9f-4afa-83d6-5cc449caf02f",
              "isHook": false,
              "skipped": false
            },
            {
              "title": "The patient can see the full length image on a separate window by clicking on that particular image",
              "fullTitle": "chat module testcases The patient can see the full length image on a separate window by clicking on that particular image",
              "timedOut": null,
              "duration": 15499,
              "state": "failed",
              "speed": null,
              "pass": false,
              "fail": true,
              "pending": false,
              "context": null,
              "code": "cy.get('div:nth-child(14) > div > div > div > a > div').scrollIntoView().should('be.visible').click();\ncy.wait(3000);",
              "err": {
                "message": "AssertionError: Timed out retrying after 15000ms: Expected to find element: `div:nth-child(14) > div > div > div > a > div`, but never found it.",
                "estack": "AssertionError: Timed out retrying after 15000ms: Expected to find element: `div:nth-child(14) > div > div > div > a > div`, but never found it.\n    at Context.eval (https://qa.rch.build-release.com/__cypress/tests?p=cypress\\integration\\Patient_Testcases\\14_Chat.spec.js:169:8)",
                "diff": null
              },
              "uuid": "eca27b08-5901-4a43-b154-31a066e0b8ba",
              "parentUUID": "3f49bf47-3d9f-4afa-83d6-5cc449caf02f",
              "isHook": false,
              "skipped": false
            },
            {
              "title": "The patient can open the document in a separate window by clicking on the particular document",
              "fullTitle": "chat module testcases The patient can open the document in a separate window by clicking on the particular document",
              "timedOut": null,
              "duration": 15264,
              "state": "failed",
              "speed": null,
              "pass": false,
              "fail": true,
              "pending": false,
              "context": null,
              "code": "cy.get('div.pb-6 > div > div > div > a > div').scrollIntoView().should('be.visible').click();\ncy.wait(3000);",
              "err": {
                "message": "AssertionError: Timed out retrying after 15000ms: Expected to find element: `div.pb-6 > div > div > div > a > div`, but never found it.",
                "estack": "AssertionError: Timed out retrying after 15000ms: Expected to find element: `div.pb-6 > div > div > div > a > div`, but never found it.\n    at Context.eval (https://qa.rch.build-release.com/__cypress/tests?p=cypress\\integration\\Patient_Testcases\\14_Chat.spec.js:173:8)",
                "diff": null
              },
              "uuid": "cc611657-64e4-4406-bb8a-3ba129007d52",
              "parentUUID": "3f49bf47-3d9f-4afa-83d6-5cc449caf02f",
              "isHook": false,
              "skipped": false
            }
          ],
          "suites": [],
          "passes": [],
          "failures": [
            "d78eb746-2927-4021-816a-8f2e0a72ad06",
            "636d6387-e4f7-4008-ad8e-de37ec28e1c6",
            "1bcbe17e-e524-4b98-ade0-da19183c9edf",
            "4392f8ae-ed60-4bea-81ac-492e825638ed",
            "0cf2decd-394e-4552-bb96-600a09af85d8",
            "819a6ad1-d801-44fc-8482-51fba2b3fdb8",
            "eca27b08-5901-4a43-b154-31a066e0b8ba",
            "cc611657-64e4-4406-bb8a-3ba129007d52"
          ],
          "pending": [],
          "skipped": [],
          "duration": 125771,
          "root": false,
          "rootEmpty": false,
          "_timeout": 2000
        }
      ],
      "passes": [],
      "failures": [],
      "pending": [],
      "skipped": [],
      "duration": 0,
      "root": true,
      "rootEmpty": true,
      "_timeout": 2000
    }
  ],
  "meta": {
    "mocha": {
      "version": "7.0.1"
    },
    "mochawesome": {
      "options": {
        "quiet": false,
        "reportFilename": "report",
        "saveHtml": true,
        "saveJson": true,
        "consoleReporter": "spec",
        "useInlineDiffs": false,
        "code": true
      },
      "version": "7.0.1"
    },
    "marge": {
      "options": {
        "reportDir": "cypress/reports",
        "reportFilename": "report",
        "overwrite": false,
        "html": true,
        "json": true,
        "charts": true
      },
      "version": "6.0.1"
    }
  }
}