{
  "stats": {
    "suites": 1,
    "tests": 13,
    "passes": 0,
    "pending": 0,
    "failures": 13,
    "start": "2022-04-21T07:07:15.490Z",
    "end": "2022-04-21T07:10:49.381Z",
    "duration": 213891,
    "testsRegistered": 13,
    "passPercent": 0,
    "pendingPercent": 0,
    "other": 0,
    "hasOther": false,
    "skipped": 0,
    "hasSkipped": false
  },
  "results": [
    {
      "uuid": "999baec5-70cd-4f29-8f0b-e98c25b84aec",
      "title": "",
      "fullFile": "cypress/integration/Admin_Testcases/22_Completed.spec.js",
      "file": "cypress/integration/Admin_Testcases/22_Completed.spec.js",
      "beforeHooks": [],
      "afterHooks": [],
      "tests": [],
      "suites": [
        {
          "uuid": "93190f73-ad00-4b69-920d-a73e6dc1b0a7",
          "title": "completed Appointment Details Test cases",
          "fullFile": "",
          "file": "",
          "beforeHooks": [],
          "afterHooks": [],
          "tests": [
            {
              "title": "As a Admin the user should be navigated to the Appointment Details page of completed appointment by clicking on the eye icon against that particular appointment",
              "fullTitle": "completed Appointment Details Test cases As a Admin the user should be navigated to the Appointment Details page of completed appointment by clicking on the eye icon against that particular appointment",
              "timedOut": null,
              "duration": 22987,
              "state": "failed",
              "speed": null,
              "pass": false,
              "fail": true,
              "pending": false,
              "context": null,
              "code": "cy.login();\ncy.url().should('contain', '/dashboard');\ncy.get('.space-y-4 > :nth-child(4)').should('be.visible').should('have.text', 'Appointments').click();\ncy.url().should('contain', '/appointments');\ncy.get('.-mx-4>div:nth-child(2)>div:nth-child(2)>div:nth-child(3)').should('be.visible').should('have.text', 'Add Filter').click();\ncy.get('.py-1:nth-child(2)>div:nth-child(10)').should('be.visible').should('have.text', 'completed').click();\ncy.wait(3000);\ncy.get('tbody>tr:nth-child(1)>td:nth-child(8)>div>svg').scrollIntoView().should('be.visible').click();\ncy.wait(3000);\ncy.get(':nth-child(3) > .font-semibold > .text-sm').should('be.visible').should('contain', 'completed');",
              "err": {
                "message": "AssertionError: Timed out retrying after 15000ms: Expected to find element: `.py-1:nth-child(2)>div:nth-child(10)`, but never found it.",
                "estack": "AssertionError: Timed out retrying after 15000ms: Expected to find element: `.py-1:nth-child(2)>div:nth-child(10)`, but never found it.\n    at Context.eval (https://qa.rch.build-release.com/__cypress/tests?p=cypress\\integration\\Admin_Testcases\\22_Completed.spec.js:120:52)",
                "diff": null
              },
              "uuid": "c193a8a7-7da9-4ace-bbda-0b1cd3ba8de6",
              "parentUUID": "93190f73-ad00-4b69-920d-a73e6dc1b0a7",
              "isHook": false,
              "skipped": false
            },
            {
              "title": "At \"Appointment details\" page each label and field should have proper label and validations",
              "fullTitle": "completed Appointment Details Test cases At \"Appointment details\" page each label and field should have proper label and validations",
              "timedOut": null,
              "duration": 15376,
              "state": "failed",
              "speed": null,
              "pass": false,
              "fail": true,
              "pending": false,
              "context": null,
              "code": "cy.get('.space-x-4 > .font-semibold').should('be.visible').should('have.text', 'Appointment Details');\ncy.get('.w-7').should('be.visible');\ncy.get('[textid=\"admin.appointment.add.report\"]').should('be.visible').should('have.text', 'Add Report');\ncy.get('.min-h-screen.pb-2>div:nth-child(2)>div:nth-child(1)>div:nth-child(1)').should('be.visible');\ncy.get('.mx-4 > :nth-child(2)>div:nth-child(1)>div').should('be.visible').should('have.text', 'Appointment ID');\ncy.get('.mx-4 > :nth-child(2)>div:nth-child(2)>div').should('be.visible').should('have.text', 'Requested For');\ncy.get('.mx-4 > :nth-child(2)>div:nth-child(3)>div:nth-child(1)').should('be.visible').should('have.text', 'Status');\ncy.get('.mx-4 > :nth-child(3)>div:nth-child(2)>div').should('be.visible').should('have.text', 'Service Address');\ncy.get('.mx-4 > :nth-child(3)>div:nth-child(1)>div').should('be.visible').should('have.text', 'Completed On');\ncy.get('.mx-4 > :nth-child(4)>div:nth-child(1)').should('be.visible').should('have.text', 'Patients');\ncy.get('.mx-4 > :nth-child(5)>div:nth-child(1)').should('be.visible').should('have.text', 'Services Requested');\ncy.get('.mx-4 > :nth-child(6)>div:nth-child(1)').should('be.visible').should('have.text', 'Provider Details');\ncy.get('.py-4:nth-child(6)>div:nth-child(2)>div:nth-child(1)').should('be.visible');\ncy.get('.mx-4 > :nth-child(7)>div:nth-child(1)').should('be.visible').should('have.text', 'Payment Details');\ncy.get('.mx-4 > :nth-child(7)>div:nth-child(3)>div:nth-child(1)').should('be.visible').should('have.text', 'Payment Mode');\ncy.get('[textid=\"download.invoice\"]').should('be.visible').should('have.text', 'Download Invoice');",
              "err": {
                "message": "AssertionError: Timed out retrying after 15000ms: Expected to find element: `.space-x-4 > .font-semibold`, but never found it.",
                "estack": "AssertionError: Timed out retrying after 15000ms: Expected to find element: `.space-x-4 > .font-semibold`, but never found it.\n    at Context.eval (https://qa.rch.build-release.com/__cypress/tests?p=cypress\\integration\\Admin_Testcases\\22_Completed.spec.js:127:43)",
                "diff": null
              },
              "uuid": "21286923-c7ce-45b7-bdcd-1267eef12bbf",
              "parentUUID": "93190f73-ad00-4b69-920d-a73e6dc1b0a7",
              "isHook": false,
              "skipped": false
            },
            {
              "title": "The unique appointment id should be displayed",
              "fullTitle": "completed Appointment Details Test cases The unique appointment id should be displayed",
              "timedOut": null,
              "duration": 15342,
              "state": "failed",
              "speed": null,
              "pass": false,
              "fail": true,
              "pending": false,
              "context": null,
              "code": "cy.get('.mx-4 > :nth-child(2)>div:nth-child(1)>div').should('be.visible').should('have.text', 'Appointment ID');",
              "err": {
                "message": "AssertionError: Timed out retrying after 15000ms: Expected to find element: `.mx-4 > :nth-child(2)>div:nth-child(1)>div`, but never found it.",
                "estack": "AssertionError: Timed out retrying after 15000ms: Expected to find element: `.mx-4 > :nth-child(2)>div:nth-child(1)>div`, but never found it.\n    at Context.eval (https://qa.rch.build-release.com/__cypress/tests?p=cypress\\integration\\Admin_Testcases\\22_Completed.spec.js:145:58)",
                "diff": null
              },
              "uuid": "adfd5b9e-5819-41cc-8462-7f1282577fa4",
              "parentUUID": "93190f73-ad00-4b69-920d-a73e6dc1b0a7",
              "isHook": false,
              "skipped": false
            },
            {
              "title": "The date requested by the patient should be displayed",
              "fullTitle": "completed Appointment Details Test cases The date requested by the patient should be displayed",
              "timedOut": null,
              "duration": 15299,
              "state": "failed",
              "speed": null,
              "pass": false,
              "fail": true,
              "pending": false,
              "context": null,
              "code": "cy.get('.mx-4 > :nth-child(2)>div:nth-child(2)>div').should('be.visible').should('have.text', 'Requested For');",
              "err": {
                "message": "AssertionError: Timed out retrying after 15000ms: Expected to find element: `.mx-4 > :nth-child(2)>div:nth-child(2)>div`, but never found it.",
                "estack": "AssertionError: Timed out retrying after 15000ms: Expected to find element: `.mx-4 > :nth-child(2)>div:nth-child(2)>div`, but never found it.\n    at Context.eval (https://qa.rch.build-release.com/__cypress/tests?p=cypress\\integration\\Admin_Testcases\\22_Completed.spec.js:148:58)",
                "diff": null
              },
              "uuid": "9632a3bf-0ee2-4e0c-9a4f-f70647c27a9f",
              "parentUUID": "93190f73-ad00-4b69-920d-a73e6dc1b0a7",
              "isHook": false,
              "skipped": false
            },
            {
              "title": "The Service Address where the patient requested the service should be displayed",
              "fullTitle": "completed Appointment Details Test cases The Service Address where the patient requested the service should be displayed",
              "timedOut": null,
              "duration": 15447,
              "state": "failed",
              "speed": null,
              "pass": false,
              "fail": true,
              "pending": false,
              "context": null,
              "code": "cy.get('.mx-4 > :nth-child(3)>div:nth-child(2)>div').should('be.visible').should('have.text', 'Service Address');",
              "err": {
                "message": "AssertionError: Timed out retrying after 15000ms: Expected to find element: `.mx-4 > :nth-child(3)>div:nth-child(2)>div`, but never found it.",
                "estack": "AssertionError: Timed out retrying after 15000ms: Expected to find element: `.mx-4 > :nth-child(3)>div:nth-child(2)>div`, but never found it.\n    at Context.eval (https://qa.rch.build-release.com/__cypress/tests?p=cypress\\integration\\Admin_Testcases\\22_Completed.spec.js:151:58)",
                "diff": null
              },
              "uuid": "76e6b802-2b43-47f3-b7a9-56d047dd9d43",
              "parentUUID": "93190f73-ad00-4b69-920d-a73e6dc1b0a7",
              "isHook": false,
              "skipped": false
            },
            {
              "title": "As a Admin the user should be navigated to the medical history page of particular patient by clicking on the name card of that particular patient",
              "fullTitle": "completed Appointment Details Test cases As a Admin the user should be navigated to the medical history page of particular patient by clicking on the name card of that particular patient",
              "timedOut": null,
              "duration": 15365,
              "state": "failed",
              "speed": null,
              "pass": false,
              "fail": true,
              "pending": false,
              "context": null,
              "code": "cy.get('.justify-between > .flex > .w-6').should('be.visible').click();\ncy.wait(4000);\ncy.get('svg.h-6').should('be.visible').click();",
              "err": {
                "message": "AssertionError: Timed out retrying after 15000ms: Expected to find element: `.justify-between > .flex > .w-6`, but never found it.",
                "estack": "AssertionError: Timed out retrying after 15000ms: Expected to find element: `.justify-between > .flex > .w-6`, but never found it.\n    at Context.eval (https://qa.rch.build-release.com/__cypress/tests?p=cypress\\integration\\Admin_Testcases\\22_Completed.spec.js:154:47)",
                "diff": null
              },
              "uuid": "b7b40d51-3b26-4dc3-b263-b358a9ddd8e3",
              "parentUUID": "93190f73-ad00-4b69-920d-a73e6dc1b0a7",
              "isHook": false,
              "skipped": false
            },
            {
              "title": "The list of services requested by the patient should be displayed",
              "fullTitle": "completed Appointment Details Test cases The list of services requested by the patient should be displayed",
              "timedOut": null,
              "duration": 15389,
              "state": "failed",
              "speed": null,
              "pass": false,
              "fail": true,
              "pending": false,
              "context": null,
              "code": "cy.get('.mx-4 > :nth-child(5)>div:nth-child(1)').should('have.text', 'Services Requested');",
              "err": {
                "message": "AssertionError: Timed out retrying after 15000ms: Expected to find element: `.mx-4 > :nth-child(5)>div:nth-child(1)`, but never found it.",
                "estack": "AssertionError: Timed out retrying after 15000ms: Expected to find element: `.mx-4 > :nth-child(5)>div:nth-child(1)`, but never found it.\n    at Context.eval (https://qa.rch.build-release.com/__cypress/tests?p=cypress\\integration\\Admin_Testcases\\22_Completed.spec.js:159:54)",
                "diff": null
              },
              "uuid": "268c8e48-9c2a-4acf-8353-d326fe0bf819",
              "parentUUID": "93190f73-ad00-4b69-920d-a73e6dc1b0a7",
              "isHook": false,
              "skipped": false
            },
            {
              "title": "The Appointment Completed date and time should be displayed",
              "fullTitle": "completed Appointment Details Test cases The Appointment Completed date and time should be displayed",
              "timedOut": null,
              "duration": 15381,
              "state": "failed",
              "speed": null,
              "pass": false,
              "fail": true,
              "pending": false,
              "context": null,
              "code": "cy.get('.py-6:nth-child(3)>div:nth-child(1)>span').should('be.visible');\ncy.wait(5000);",
              "err": {
                "message": "AssertionError: Timed out retrying after 15000ms: Expected to find element: `.py-6:nth-child(3)>div:nth-child(1)>span`, but never found it.",
                "estack": "AssertionError: Timed out retrying after 15000ms: Expected to find element: `.py-6:nth-child(3)>div:nth-child(1)>span`, but never found it.\n    at Context.eval (https://qa.rch.build-release.com/__cypress/tests?p=cypress\\integration\\Admin_Testcases\\22_Completed.spec.js:162:56)",
                "diff": null
              },
              "uuid": "29df68b1-df9f-4d06-b421-098525fa8837",
              "parentUUID": "93190f73-ad00-4b69-920d-a73e6dc1b0a7",
              "isHook": false,
              "skipped": false
            },
            {
              "title": "As a Admin the user should be navigated to the Profile details page of provider by clicking on name card of the provider",
              "fullTitle": "completed Appointment Details Test cases As a Admin the user should be navigated to the Profile details page of provider by clicking on name card of the provider",
              "timedOut": null,
              "duration": 15445,
              "state": "failed",
              "speed": null,
              "pass": false,
              "fail": true,
              "pending": false,
              "context": null,
              "code": "cy.get('.py-4:nth-child(6)>div:nth-child(2)>div:nth-child(1)').should('be.visible').click();\ncy.wait(5000);\ncy.url().should('contain', '/providers');\ncy.get('.col-span-12 > div:nth-child(1) > div').should('be.visible');\ncy.get('.space-x-4.text-primary > svg').should('be.visible').click();\ncy.wait(5000);",
              "err": {
                "message": "AssertionError: Timed out retrying after 15000ms: Expected to find element: `.py-4:nth-child(6)>div:nth-child(2)>div:nth-child(1)`, but never found it.",
                "estack": "AssertionError: Timed out retrying after 15000ms: Expected to find element: `.py-4:nth-child(6)>div:nth-child(2)>div:nth-child(1)`, but never found it.\n    at Context.eval (https://qa.rch.build-release.com/__cypress/tests?p=cypress\\integration\\Admin_Testcases\\22_Completed.spec.js:166:68)",
                "diff": null
              },
              "uuid": "cab306aa-94bd-41f1-9f30-312e0153c37b",
              "parentUUID": "93190f73-ad00-4b69-920d-a73e6dc1b0a7",
              "isHook": false,
              "skipped": false
            },
            {
              "title": "As a Admin the user can chat with provider by clicking on chat icon against the provider",
              "fullTitle": "completed Appointment Details Test cases As a Admin the user can chat with provider by clicking on chat icon against the provider",
              "timedOut": null,
              "duration": 15339,
              "state": "failed",
              "speed": null,
              "pass": false,
              "fail": true,
              "pending": false,
              "context": null,
              "code": "cy.get('.py-4:nth-child(6)>div:nth-child(2)>div:nth-child(1)>div>div:nth-child(2)').should('be.visible').click();\ncy.wait(5000);\ncy.url().should('contain', '/chat');\ncy.get('.space-x-4.text-primary > svg').should('be.visible').click();\ncy.wait(5000);",
              "err": {
                "message": "AssertionError: Timed out retrying after 15000ms: Expected to find element: `.py-4:nth-child(6)>div:nth-child(2)>div:nth-child(1)>div>div:nth-child(2)`, but never found it.",
                "estack": "AssertionError: Timed out retrying after 15000ms: Expected to find element: `.py-4:nth-child(6)>div:nth-child(2)>div:nth-child(1)>div>div:nth-child(2)`, but never found it.\n    at Context.eval (https://qa.rch.build-release.com/__cypress/tests?p=cypress\\integration\\Admin_Testcases\\22_Completed.spec.js:174:89)",
                "diff": null
              },
              "uuid": "4344af36-f96b-48fc-9f86-82894ea2a171",
              "parentUUID": "93190f73-ad00-4b69-920d-a73e6dc1b0a7",
              "isHook": false,
              "skipped": false
            },
            {
              "title": "As a Admin the user can add reports by clicking on the Add Report button",
              "fullTitle": "completed Appointment Details Test cases As a Admin the user can add reports by clicking on the Add Report button",
              "timedOut": null,
              "duration": 15383,
              "state": "failed",
              "speed": null,
              "pass": false,
              "fail": true,
              "pending": false,
              "context": null,
              "code": "cy.get('[textid=\"admin.appointment.add.report\"]').should('be.visible').should('have.text', 'Add Report').click();\ncy.get('.hidden:nth-child(1)>div:nth-child(1)>div').should('be.visible').should('have.text', 'Add Report');\ncy.get('.hidden:nth-child(1)>div:nth-child(1)>svg').should('be.visible');\ncy.get('.hidden:nth-child(1)>div>form>div:nth-child(1)>div:nth-child(1)').should('be.visible').should('have.text', 'Select Patient');\ncy.get('.hidden:nth-child(1)>div>form>div:nth-child(1)>div:nth-child(2)').should('be.visible').click();\ncy.get('.css-1n7v3ny-option').should('be.visible').click();\ncy.get('.hidden:nth-child(1)>div>form>div:nth-child(2)>label').should('be.visible').should('have.text', 'Report Name');\ncy.get('.hidden:nth-child(1)>div>form>div:nth-child(2)>div').should('be.visible').type('Report');\ncy.get('.hidden:nth-child(1)>div>form>div:nth-child(3)>input').attachFile('file.pdf');\ncy.wait(10000);\ncy.get('.hidden:nth-child(1)>div>form>div:nth-child(4)>button').should('be.visible').should('have.text', 'Submit').click();\ncy.wait(3000);\ncy.contains('Report Added successfully');",
              "err": {
                "message": "AssertionError: Timed out retrying after 15000ms: Expected to find element: `[textid=\"admin.appointment.add.report\"]`, but never found it.",
                "estack": "AssertionError: Timed out retrying after 15000ms: Expected to find element: `[textid=\"admin.appointment.add.report\"]`, but never found it.\n    at Context.eval (https://qa.rch.build-release.com/__cypress/tests?p=cypress\\integration\\Admin_Testcases\\22_Completed.spec.js:181:55)",
                "diff": null
              },
              "uuid": "d510e625-7321-46cd-a404-19d13ef30ad2",
              "parentUUID": "93190f73-ad00-4b69-920d-a73e6dc1b0a7",
              "isHook": false,
              "skipped": false
            },
            {
              "title": "As a Admin the user can download the invoice by clicking \"Download Invoice\" button",
              "fullTitle": "completed Appointment Details Test cases As a Admin the user can download the invoice by clicking \"Download Invoice\" button",
              "timedOut": null,
              "duration": 15433,
              "state": "failed",
              "speed": null,
              "pass": false,
              "fail": true,
              "pending": false,
              "context": null,
              "code": "cy.get('[textid=\"download.invoice\"]').should('be.visible').should('have.text', 'Download Invoice').click();\ncy.logout();",
              "err": {
                "message": "AssertionError: Timed out retrying after 15000ms: Expected to find element: `[textid=\"download.invoice\"]`, but never found it.",
                "estack": "AssertionError: Timed out retrying after 15000ms: Expected to find element: `[textid=\"download.invoice\"]`, but never found it.\n    at Context.eval (https://qa.rch.build-release.com/__cypress/tests?p=cypress\\integration\\Admin_Testcases\\22_Completed.spec.js:196:43)",
                "diff": null
              },
              "uuid": "f663ab93-d465-4920-ba78-294bffdf3f52",
              "parentUUID": "93190f73-ad00-4b69-920d-a73e6dc1b0a7",
              "isHook": false,
              "skipped": false
            },
            {
              "title": "As a Admin the user can click on the \"View Results\" button to view the report added",
              "fullTitle": "completed Appointment Details Test cases As a Admin the user can click on the \"View Results\" button to view the report added",
              "timedOut": null,
              "duration": 15623,
              "state": "failed",
              "speed": null,
              "pass": false,
              "fail": true,
              "pending": false,
              "context": null,
              "code": "cy.get('.min-h-screen:nth-child(1)>div:nth-child(2)>div:nth-child(4)>div:nth-child(2)>div:nth-child(1)>a>div>div:nth-child(2)').should('be.visible').should('have.text', 'View Results').click();",
              "err": {
                "message": "AssertionError: Timed out retrying after 15000ms: Expected to find element: `.min-h-screen:nth-child(1)>div:nth-child(2)>div:nth-child(4)>div:nth-child(2)>div:nth-child(1)>a>div>div:nth-child(2)`, but never found it.",
                "estack": "AssertionError: Timed out retrying after 15000ms: Expected to find element: `.min-h-screen:nth-child(1)>div:nth-child(2)>div:nth-child(4)>div:nth-child(2)>div:nth-child(1)>a>div>div:nth-child(2)`, but never found it.\n    at Context.eval (https://qa.rch.build-release.com/__cypress/tests?p=cypress\\integration\\Admin_Testcases\\22_Completed.spec.js:200:133)",
                "diff": null
              },
              "uuid": "57bc4165-da53-49d0-9c3d-62b91fa5f661",
              "parentUUID": "93190f73-ad00-4b69-920d-a73e6dc1b0a7",
              "isHook": false,
              "skipped": false
            }
          ],
          "suites": [],
          "passes": [],
          "failures": [
            "c193a8a7-7da9-4ace-bbda-0b1cd3ba8de6",
            "21286923-c7ce-45b7-bdcd-1267eef12bbf",
            "adfd5b9e-5819-41cc-8462-7f1282577fa4",
            "9632a3bf-0ee2-4e0c-9a4f-f70647c27a9f",
            "76e6b802-2b43-47f3-b7a9-56d047dd9d43",
            "b7b40d51-3b26-4dc3-b263-b358a9ddd8e3",
            "268c8e48-9c2a-4acf-8353-d326fe0bf819",
            "29df68b1-df9f-4d06-b421-098525fa8837",
            "cab306aa-94bd-41f1-9f30-312e0153c37b",
            "4344af36-f96b-48fc-9f86-82894ea2a171",
            "d510e625-7321-46cd-a404-19d13ef30ad2",
            "f663ab93-d465-4920-ba78-294bffdf3f52",
            "57bc4165-da53-49d0-9c3d-62b91fa5f661"
          ],
          "pending": [],
          "skipped": [],
          "duration": 207809,
          "root": false,
          "rootEmpty": false,
          "_timeout": 2000
        }
      ],
      "passes": [],
      "failures": [],
      "pending": [],
      "skipped": [],
      "duration": 0,
      "root": true,
      "rootEmpty": true,
      "_timeout": 2000
    }
  ],
  "meta": {
    "mocha": {
      "version": "7.0.1"
    },
    "mochawesome": {
      "options": {
        "quiet": false,
        "reportFilename": "report",
        "saveHtml": true,
        "saveJson": true,
        "consoleReporter": "spec",
        "useInlineDiffs": false,
        "code": true
      },
      "version": "7.0.1"
    },
    "marge": {
      "options": {
        "reportDir": "cypress/reports",
        "reportFilename": "report",
        "overwrite": false,
        "html": true,
        "json": true,
        "charts": true
      },
      "version": "6.0.1"
    }
  }
}