{
  "stats": {
    "suites": 1,
    "tests": 2,
    "passes": 2,
    "pending": 0,
    "failures": 0,
    "start": "2021-09-29T05:26:15.488Z",
    "end": "2021-09-29T05:26:28.583Z",
    "duration": 13095,
    "testsRegistered": 2,
    "passPercent": 100,
    "pendingPercent": 0,
    "other": 0,
    "hasOther": false,
    "skipped": 0,
    "hasSkipped": false
  },
  "results": [
    {
      "uuid": "39332e8d-45e2-4ac5-9df1-d161c8ed3e50",
      "title": "",
      "fullFile": "cypress/integration/Patient_Testcases/09_Charts.spec.js",
      "file": "cypress/integration/Patient_Testcases/09_Charts.spec.js",
      "beforeHooks": [],
      "afterHooks": [],
      "tests": [],
      "suites": [
        {
          "uuid": "e90370a7-b0dd-440f-958c-a8044e7917cd",
          "title": "Charts Module Test Cases",
          "fullFile": "",
          "file": "",
          "beforeHooks": [],
          "afterHooks": [],
          "tests": [
            {
              "title": "As a patient the user user should be navigated to the charts page by clicking on charts tab",
              "fullTitle": "Charts Module Test Cases As a patient the user user should be navigated to the charts page by clicking on charts tab",
              "timedOut": null,
              "duration": 7808,
              "state": "passed",
              "speed": "slow",
              "pass": true,
              "fail": false,
              "pending": false,
              "context": null,
              "code": "cy.patientlogin(cred.pemail, cred.ppassword);\ncy.get('[href=\"/charts\"]').should('be.visible').should('have.text', 'Charts').click();\ncy.url().should('contain', '/charts');",
              "err": {},
              "uuid": "d72bb2db-82a6-4582-9f02-3979072dbf30",
              "parentUUID": "e90370a7-b0dd-440f-958c-a8044e7917cd",
              "isHook": false,
              "skipped": false
            },
            {
              "title": "At Charts page each label and field should have proper label and validations",
              "fullTitle": "Charts Module Test Cases At Charts page each label and field should have proper label and validations",
              "timedOut": null,
              "duration": 1304,
              "state": "passed",
              "speed": "slow",
              "pass": true,
              "fail": false,
              "pending": false,
              "context": null,
              "code": "cy.get('.font-medium > .inline').should('be.visible').should('have.text', 'Members');\ncy.get('.flex-wrap > .flex').should('be.visible').should('have.text', 'Add Another Member');\ncy.get(':nth-child(1) > .bg-white > .justify-between > .text-base').should('be.visible');\ncy.get('.h-screen>div:nth-child(2)>div:nth-child(1)').should('be.visible');\ncy.get(':nth-child(1) > .bg-white > .justify-between > .flex > .font-medium').should('be.visible').should('have.text', 'self');\ncy.get(':nth-child(1) > .bg-white > .justify-between > .flex > .px-1 > .w-4 > path').should('be.visible');\ncy.get('.h-screen>div:nth-child(2)>div:nth-child(1)>div>div:nth-child(2)>div:nth-child(1)>div').should('be.visible').should('have.text', 'Date of Birth');\ncy.get('.h-screen>div:nth-child(2)>div:nth-child(1)>div>div:nth-child(2)>div:nth-child(2)>div').should('be.visible').should('have.text', 'Gender');",
              "err": {},
              "uuid": "3bd375de-ff79-413a-8066-b98ab8de1ca2",
              "parentUUID": "e90370a7-b0dd-440f-958c-a8044e7917cd",
              "isHook": false,
              "skipped": false
            }
          ],
          "suites": [],
          "passes": [
            "d72bb2db-82a6-4582-9f02-3979072dbf30",
            "3bd375de-ff79-413a-8066-b98ab8de1ca2"
          ],
          "failures": [],
          "pending": [],
          "skipped": [],
          "duration": 9112,
          "root": false,
          "rootEmpty": false,
          "_timeout": 2000
        }
      ],
      "passes": [],
      "failures": [],
      "pending": [],
      "skipped": [],
      "duration": 0,
      "root": true,
      "rootEmpty": true,
      "_timeout": 2000
    }
  ],
  "meta": {
    "mocha": {
      "version": "7.0.1"
    },
    "mochawesome": {
      "options": {
        "quiet": false,
        "reportFilename": "report",
        "saveHtml": true,
        "saveJson": true,
        "consoleReporter": "spec",
        "useInlineDiffs": false,
        "code": true
      },
      "version": "6.2.2"
    },
    "marge": {
      "options": {
        "reportDir": "cypress/reports",
        "reportFilename": "report",
        "overwrite": false,
        "html": true,
        "json": true,
        "charts": true
      },
      "version": "5.2.0"
    }
  }
}