{
  "stats": {
    "suites": 1,
    "tests": 14,
    "passes": 0,
    "pending": 0,
    "failures": 14,
    "start": "2022-06-21T10:11:34.318Z",
    "end": "2022-06-21T10:15:53.661Z",
    "duration": 259343,
    "testsRegistered": 14,
    "passPercent": 0,
    "pendingPercent": 0,
    "other": 0,
    "hasOther": false,
    "skipped": 0,
    "hasSkipped": false
  },
  "results": [
    {
      "uuid": "d028773f-42ae-4400-b24b-edffda3b7b9c",
      "title": "",
      "fullFile": "cypress\\e2e\\Admin_Testcases\\08_PatientCharts_Add_Edit_Delete.spec.js",
      "file": "cypress\\e2e\\Admin_Testcases\\08_PatientCharts_Add_Edit_Delete.spec.js",
      "beforeHooks": [],
      "afterHooks": [],
      "tests": [],
      "suites": [
        {
          "uuid": "2f2ccd8e-9023-450f-bc70-a9a9e97a8cae",
          "title": "Add/edit/delete family member testcases",
          "fullFile": "",
          "file": "",
          "beforeHooks": [],
          "afterHooks": [],
          "tests": [
            {
              "title": "As a Admin the should be navigated to the patient charts section by clicking on charts tab on patient profile of particular patient.",
              "fullTitle": "Add/edit/delete family member testcases As a Admin the should be navigated to the patient charts section by clicking on charts tab on patient profile of particular patient.",
              "timedOut": null,
              "duration": 43243,
              "state": "failed",
              "speed": null,
              "pass": false,
              "fail": true,
              "pending": false,
              "context": null,
              "code": "cy.login(cred.email, cred.password);\ncy.url().should('contain', '/dashboard');\ncy.get('.space-y-4 > :nth-child(2)').should('be.visible').should('have.text', 'Patients').click();\ncy.url().should('contain', '/patients');\ncy.AddPatient();\ncy.readFile('cypress/fixtures/provider.json').then(provider => {\n  cy.get('[type=search]').should('be.visible').type(provider.email.toLowerCase());\n  cy.get('tr:nth-child(1)>td:nth-child(2)').should('be.visible').should('have.text', provider.email.toLowerCase());\n  cy.wait(4000);\n});\ncy.get('tr:nth-child(1) > td:nth-child(7) > div > svg:nth-child(1) > path:nth-child(1)').scrollIntoView().should('be.visible').click();\ncy.url().should('contain', '/address');\ncy.get('nav.flex.flex-wrap>div:nth-child(2)>div').should('be.visible').should('contain', 'Charts').click();\ncy.url().should('contain', '/charts');",
              "err": {
                "message": "CypressError: Timed out retrying after 15050ms: `cy.click()` failed because this element is `disabled`:\n\n`<button type=\"submit\" textid=\"continue\" class=\"flex justify-center items-center  text-sm font-bold rounded-md shadow-sm text-white border-2 px-16 py-3 hover:font-bold focus:outline-none \n bg-gray-500 cursor-not-allowed hover:border-gray-400 mx-0 w-1/2\" disabled=\"\">...</button>`\n\nFix this problem, or use `{force: true}` to disable error checking.\n\nhttps://on.cypress.io/element-cannot-be-interacted-with",
                "estack": "CypressError: Timed out retrying after 15050ms: `cy.click()` failed because this element is `disabled`:\n\n`<button type=\"submit\" textid=\"continue\" class=\"flex justify-center items-center  text-sm font-bold rounded-md shadow-sm text-white border-2 px-16 py-3 hover:font-bold focus:outline-none \n bg-gray-500 cursor-not-allowed hover:border-gray-400 mx-0 w-1/2\" disabled=\"\">...</button>`\n\nFix this problem, or use `{force: true}` to disable error checking.\n\nhttps://on.cypress.io/element-cannot-be-interacted-with\n    at $Cy.ensureNotDisabled (https://qa.rch.build-release.com/__cypress/runner/cypress_runner.js:161792:76)\n    at runAllChecks (https://qa.rch.build-release.com/__cypress/runner/cypress_runner.js:147668:14)\n    at retryActionability (https://qa.rch.build-release.com/__cypress/runner/cypress_runner.js:147745:16)\n    at tryCatcher (https://qa.rch.build-release.com/__cypress/runner/cypress_runner.js:13012:23)\n    at Function.Promise.attempt.Promise.try (https://qa.rch.build-release.com/__cypress/runner/cypress_runner.js:10286:29)\n    at whenStable (https://qa.rch.build-release.com/__cypress/runner/cypress_runner.js:166930:65)\n    at https://qa.rch.build-release.com/__cypress/runner/cypress_runner.js:166385:14\n    at tryCatcher (https://qa.rch.build-release.com/__cypress/runner/cypress_runner.js:13012:23)\n    at Promise._settlePromiseFromHandler (https://qa.rch.build-release.com/__cypress/runner/cypress_runner.js:10947:31)\n    at Promise._settlePromise (https://qa.rch.build-release.com/__cypress/runner/cypress_runner.js:11004:18)\n    at Promise._settlePromise0 (https://qa.rch.build-release.com/__cypress/runner/cypress_runner.js:11049:10)\n    at Promise._settlePromises (https://qa.rch.build-release.com/__cypress/runner/cypress_runner.js:11129:18)\n    at Promise._fulfill (https://qa.rch.build-release.com/__cypress/runner/cypress_runner.js:11073:18)\n    at https://qa.rch.build-release.com/__cypress/runner/cypress_runner.js:12687:46\nFrom Your Spec Code:\n    at Context.eval (https://qa.rch.build-release.com/__cypress/tests?p=cypress\\support\\e2e.js:380:125)",
                "diff": null
              },
              "uuid": "f50b9f6b-fc4f-4cee-bfdd-095c35220b98",
              "parentUUID": "2f2ccd8e-9023-450f-bc70-a9a9e97a8cae",
              "isHook": false,
              "skipped": false
            },
            {
              "title": "At Charts page each label and field should have proper label and validations",
              "fullTitle": "Add/edit/delete family member testcases At Charts page each label and field should have proper label and validations",
              "timedOut": null,
              "duration": 15557,
              "state": "failed",
              "speed": null,
              "pass": false,
              "fail": true,
              "pending": false,
              "context": null,
              "code": "cy.get('.font-medium > .inline').should('be.visible').should('have.text', 'Members');\ncy.get('.flex-wrap > .flex').should('be.visible').should('have.text', 'Add Another Member');\ncy.get(':nth-child(1) > .bg-white > .justify-between > .text-base').should('be.visible');\ncy.get('.h-screen>div:nth-child(2)>div:nth-child(1)').should('be.visible');\ncy.get(':nth-child(1) > .bg-white > .justify-between > .flex > .font-medium').should('be.visible').should('have.text', 'self');\ncy.get('.h-screen>div:nth-child(2)>div:nth-child(1)>div>div:nth-child(2)>div:nth-child(1)>div').should('be.visible').should('have.text', 'Date of Birth');\ncy.get('.h-screen>div:nth-child(2)>div:nth-child(1)>div>div:nth-child(2)>div:nth-child(2)>div').should('be.visible').should('have.text', 'Gender');",
              "err": {
                "message": "AssertionError: Timed out retrying after 15000ms: Expected to find element: `.font-medium > .inline`, but never found it.",
                "estack": "AssertionError: Timed out retrying after 15000ms: Expected to find element: `.font-medium > .inline`, but never found it.\n    at Context.eval (https://qa.rch.build-release.com/__cypress/tests?p=cypress\\e2e\\Admin_Testcases\\08_PatientCharts_Add_Edit_Delete.spec.js:141:38)",
                "diff": null
              },
              "uuid": "217d1a07-8ffa-4f5f-9d49-2a0b44dbda02",
              "parentUUID": "2f2ccd8e-9023-450f-bc70-a9a9e97a8cae",
              "isHook": false,
              "skipped": false
            },
            {
              "title": "As a Admin the user should able to get a pop up window of add family member by clicking on \"add another member\" button on charts page",
              "fullTitle": "Add/edit/delete family member testcases As a Admin the user should able to get a pop up window of add family member by clicking on \"add another member\" button on charts page",
              "timedOut": null,
              "duration": 15637,
              "state": "failed",
              "speed": null,
              "pass": false,
              "fail": true,
              "pending": false,
              "context": null,
              "code": "cy.get('.flex-wrap > .flex').should('be.visible').should('have.text', 'Add Another Member').click();",
              "err": {
                "message": "AssertionError: Timed out retrying after 15000ms: expected '[ <button.flex.justify-center.items-center.text-sm.font-bold.rounded-md.shadow-sm.text-white.border-2.px-4.py-3.hover:font-bold.focus:outline-none.bg-primary.cursor-pointer.hover:border-primary>, 1 more... ]' to have text 'Add Another Member', but the text was 'Add New PatientAdd Filter'",
                "estack": "AssertionError: Timed out retrying after 15000ms: expected '[ <button.flex.justify-center.items-center.text-sm.font-bold.rounded-md.shadow-sm.text-white.border-2.px-4.py-3.hover:font-bold.focus:outline-none.bg-primary.cursor-pointer.hover:border-primary>, 1 more... ]' to have text 'Add Another Member', but the text was 'Add New PatientAdd Filter'\n    at Context.eval (https://qa.rch.build-release.com/__cypress/tests?p=cypress\\e2e\\Admin_Testcases\\08_PatientCharts_Add_Edit_Delete.spec.js:151:55)",
                "diff": "- 'Add New PatientAdd Filter'\n+ 'Add Another Member'\n"
              },
              "uuid": "8d1dbe22-0d91-4458-8797-de46c2435279",
              "parentUUID": "2f2ccd8e-9023-450f-bc70-a9a9e97a8cae",
              "isHook": false,
              "skipped": false
            },
            {
              "title": "At add family member page each label and field have proper lable and validations",
              "fullTitle": "Add/edit/delete family member testcases At add family member page each label and field have proper lable and validations",
              "timedOut": null,
              "duration": 15572,
              "state": "failed",
              "speed": null,
              "pass": false,
              "fail": true,
              "pending": false,
              "context": null,
              "code": "cy.get('.hidden > .justify-between > .font-bold').should('be.visible').should('have.text', 'Add Family Member');\ncy.get('.hidden > .justify-between > .w-6').should('be.visible');\ncy.get('.hidden > .mt-6 > .px-4 > :nth-child(1) > :nth-child(1) > .text-sm > div').should('be.visible').should('have.text', 'First Name');\ncy.get('.hidden > .mt-6 > .px-4 > :nth-child(1) > :nth-child(2) > .text-sm > div').should('be.visible').should('have.text', 'Last Name');\ncy.get('.hidden > .mt-6 > .px-4 > :nth-child(2) > div.w-full > .text-sm > div').should('be.visible').should('have.text', 'Date of Birth');\ncy.get('.hidden > .mt-6 > .px-4 > :nth-child(2) > :nth-child(2) > .block').should('be.visible').should('have.text', 'Relationship');\ncy.get('.hidden > .mt-6 > .px-4 > :nth-child(3) > :nth-child(1) > .block').should('be.visible').should('have.text', 'Gender');\ncy.get('.hidden > .mt-6 > .px-4 > .pt-4 > .flex').should('be.visible').should('have.text', 'Add Member').click();\ncy.get(':nth-child(1) > :nth-child(1) > .text-red-600').should('be.visible').should('have.text', 'Required');\ncy.get(':nth-child(1) > :nth-child(2) > .text-red-600').should('be.visible').should('have.text', 'Required');\ncy.get(':nth-child(2) > :nth-child(1) > .text-red-600').should('be.visible').should('have.text', 'Required');\ncy.get(':nth-child(2) > :nth-child(2) > .text-red-600').should('be.visible').should('have.text', 'Required');\ncy.get(':nth-child(3) > :nth-child(1) > .text-red-600').should('be.visible').should('have.text', 'Required');",
              "err": {
                "message": "AssertionError: Timed out retrying after 15000ms: expected '<div.font-bold.text-primary>' to be 'visible'\n\nThis element `<div.font-bold.text-primary>` is not visible because it has CSS property: `position: fixed` and it's being covered by another element:\n\n`<div class=\"ReactModal__Overlay ReactModal__Overlay--after-open\" style=\"position: fixed; inset: 0px; background: rgba(25, 31, 41, 0.51); z-index: 100;\">...</div>`",
                "estack": "AssertionError: Timed out retrying after 15000ms: expected '<div.font-bold.text-primary>' to be 'visible'\n\nThis element `<div.font-bold.text-primary>` is not visible because it has CSS property: `position: fixed` and it's being covered by another element:\n\n`<div class=\"ReactModal__Overlay ReactModal__Overlay--after-open\" style=\"position: fixed; inset: 0px; background: rgba(25, 31, 41, 0.51); z-index: 100;\">...</div>`\n    at Context.eval (https://qa.rch.build-release.com/__cypress/tests?p=cypress\\e2e\\Admin_Testcases\\08_PatientCharts_Add_Edit_Delete.spec.js:154:55)",
                "diff": null
              },
              "uuid": "39f2577d-2730-4d76-ac67-258fea0e0929",
              "parentUUID": "2f2ccd8e-9023-450f-bc70-a9a9e97a8cae",
              "isHook": false,
              "skipped": false
            },
            {
              "title": "By filling add family member form and cliking on add member button the family member should be added",
              "fullTitle": "Add/edit/delete family member testcases By filling add family member form and cliking on add member button the family member should be added",
              "timedOut": null,
              "duration": 15739,
              "state": "failed",
              "speed": null,
              "pass": false,
              "fail": true,
              "pending": false,
              "context": null,
              "code": "cy.get('.hidden > .mt-6 > .px-4 > :nth-child(1) > :nth-child(1) > .relative > .appearance-none').should('be.visible').type('shiva');\ncy.get('.hidden > .mt-6 > .px-4 > :nth-child(1) > :nth-child(2) > .relative > .appearance-none').should('be.visible').type('Teja');\ncy.get('.hidden > .mt-6 > .px-4 > :nth-child(2) > div.w-full > .relative > .react-datepicker-wrapper > .react-datepicker__input-container > .appearance-none').should('be.visible').click();\ncy.get('.react-datepicker__year-select').select('1991');\ncy.get('.react-datepicker__day--012').should('be.visible').click();\ncy.get('.hidden > .mt-6 > .px-4 > :nth-child(2) > :nth-child(2) > .font-bold > .css-yk16xz-control').should('be.visible').click();\ncy.get('.css-11unzgr>div:nth-child(2)').click();\ncy.get('.hidden > .mt-6 > .px-4 > :nth-child(3) > :nth-child(1) > .font-bold > .css-yk16xz-control > .css-1hwfws3').should('be.visible').click();\ncy.get('.css-11unzgr>div:nth-child(2)').click();\ncy.get('.hidden > .mt-6 > .px-4 > .pt-4 > .flex').should('be.visible').should('have.text', 'Add Member').click();\ncy.contains('Family Member Added successfully');",
              "err": {
                "message": "AssertionError: Timed out retrying after 15000ms: Expected to find element: `.hidden > .mt-6 > .px-4 > :nth-child(1) > :nth-child(1) > .relative > .appearance-none`, but never found it.",
                "estack": "AssertionError: Timed out retrying after 15000ms: Expected to find element: `.hidden > .mt-6 > .px-4 > :nth-child(1) > :nth-child(1) > .relative > .appearance-none`, but never found it.\n    at Context.eval (https://qa.rch.build-release.com/__cypress/tests?p=cypress\\e2e\\Admin_Testcases\\08_PatientCharts_Add_Edit_Delete.spec.js:169:102)",
                "diff": null
              },
              "uuid": "35cfdc7a-c545-4a3f-90aa-17aaa6b00b58",
              "parentUUID": "2f2ccd8e-9023-450f-bc70-a9a9e97a8cae",
              "isHook": false,
              "skipped": false
            },
            {
              "title": "The added family member should refelect under charts section",
              "fullTitle": "Add/edit/delete family member testcases The added family member should refelect under charts section",
              "timedOut": null,
              "duration": 15543,
              "state": "failed",
              "speed": null,
              "pass": false,
              "fail": true,
              "pending": false,
              "context": null,
              "code": "cy.get(':nth-child(2) > .bg-white > .justify-between > .text-base').should('be.visible').should('have.text', 'shiva teja');\ncy.get('.h-screen>div:nth-child(2)>div:nth-child(2)>div>div:nth-child(2)>div:nth-child(2)>span').should('be.visible').should('have.text', 'Female');",
              "err": {
                "message": "AssertionError: Timed out retrying after 15000ms: Expected to find element: `:nth-child(2) > .bg-white > .justify-between > .text-base`, but never found it.",
                "estack": "AssertionError: Timed out retrying after 15000ms: Expected to find element: `:nth-child(2) > .bg-white > .justify-between > .text-base`, but never found it.\n    at Context.eval (https://qa.rch.build-release.com/__cypress/tests?p=cypress\\e2e\\Admin_Testcases\\08_PatientCharts_Add_Edit_Delete.spec.js:182:73)",
                "diff": null
              },
              "uuid": "84b7f32b-3175-47ab-9937-3bbc8840f86b",
              "parentUUID": "2f2ccd8e-9023-450f-bc70-a9a9e97a8cae",
              "isHook": false,
              "skipped": false
            },
            {
              "title": "As a Admin the user can edit the details of the family member by clicking on edit icon against the particular member",
              "fullTitle": "Add/edit/delete family member testcases As a Admin the user can edit the details of the family member by clicking on edit icon against the particular member",
              "timedOut": null,
              "duration": 15846,
              "state": "failed",
              "speed": null,
              "pass": false,
              "fail": true,
              "pending": false,
              "context": null,
              "code": "cy.get('.h-screen>div:nth-child(2)>div:nth-child(2)').should('be.visible');\ncy.get(':nth-child(2) > .bg-white > .justify-between > .flex > :nth-child(3)').should('be.visible').click();",
              "err": {
                "message": "AssertionError: Timed out retrying after 15000ms: Expected to find element: `.h-screen>div:nth-child(2)>div:nth-child(2)`, but never found it.",
                "estack": "AssertionError: Timed out retrying after 15000ms: Expected to find element: `.h-screen>div:nth-child(2)>div:nth-child(2)`, but never found it.\n    at Context.eval (https://qa.rch.build-release.com/__cypress/tests?p=cypress\\e2e\\Admin_Testcases\\08_PatientCharts_Add_Edit_Delete.spec.js:187:59)",
                "diff": null
              },
              "uuid": "975e4a23-4f67-495f-a938-0d01603c7e55",
              "parentUUID": "2f2ccd8e-9023-450f-bc70-a9a9e97a8cae",
              "isHook": false,
              "skipped": false
            },
            {
              "title": "At Edit family member window each label and field have proper lable and validations",
              "fullTitle": "Add/edit/delete family member testcases At Edit family member window each label and field have proper lable and validations",
              "timedOut": null,
              "duration": 15671,
              "state": "failed",
              "speed": null,
              "pass": false,
              "fail": true,
              "pending": false,
              "context": null,
              "code": "cy.get('.hidden > .justify-between > .font-bold').should('be.visible').should('have.text', 'Edit Family Member');\ncy.get('.hidden > .justify-between > .w-6').should('be.visible');\ncy.get('.hidden > .mt-6 > .px-4 > :nth-child(1) > :nth-child(1) > .text-sm > div').should('be.visible').should('have.text', 'First Name');\ncy.get('.hidden > .mt-6 > .px-4 > :nth-child(1) > :nth-child(2) > .text-sm > div').should('be.visible').should('have.text', 'Last Name');\ncy.get('.hidden > .mt-6 > .px-4 > :nth-child(2) > div.w-full > .text-sm > div').should('be.visible').should('have.text', 'Date of Birth');\ncy.get('.hidden > .mt-6 > .px-4 > :nth-child(2) > :nth-child(2) > .block').should('be.visible').should('have.text', 'Relationship');\ncy.get('.hidden > .mt-6 > .px-4 > :nth-child(3) > :nth-child(1) > .block').should('be.visible').should('have.text', 'Gender');\ncy.get('.hidden > .mt-6 > .px-4 > .pt-4 > .flex').should('be.visible').should('have.text', 'Save Details');",
              "err": {
                "message": "AssertionError: Timed out retrying after 15000ms: expected '<div.font-bold.text-primary>' to be 'visible'\n\nThis element `<div.font-bold.text-primary>` is not visible because it has CSS property: `position: fixed` and it's being covered by another element:\n\n`<div class=\"ReactModal__Overlay ReactModal__Overlay--after-open\" style=\"position: fixed; inset: 0px; background: rgba(25, 31, 41, 0.51); z-index: 100;\">...</div>`",
                "estack": "AssertionError: Timed out retrying after 15000ms: expected '<div.font-bold.text-primary>' to be 'visible'\n\nThis element `<div.font-bold.text-primary>` is not visible because it has CSS property: `position: fixed` and it's being covered by another element:\n\n`<div class=\"ReactModal__Overlay ReactModal__Overlay--after-open\" style=\"position: fixed; inset: 0px; background: rgba(25, 31, 41, 0.51); z-index: 100;\">...</div>`\n    at Context.eval (https://qa.rch.build-release.com/__cypress/tests?p=cypress\\e2e\\Admin_Testcases\\08_PatientCharts_Add_Edit_Delete.spec.js:191:55)",
                "diff": null
              },
              "uuid": "5131878c-0f2b-489c-9e7a-d6da569660de",
              "parentUUID": "2f2ccd8e-9023-450f-bc70-a9a9e97a8cae",
              "isHook": false,
              "skipped": false
            },
            {
              "title": "After editing the family member details the user can save details by clicking save details button",
              "fullTitle": "Add/edit/delete family member testcases After editing the family member details the user can save details by clicking save details button",
              "timedOut": null,
              "duration": 15653,
              "state": "failed",
              "speed": null,
              "pass": false,
              "fail": true,
              "pending": false,
              "context": null,
              "code": "cy.get('.hidden > .mt-6 > .px-4 > :nth-child(1) > :nth-child(1) > .relative > .appearance-none').should('be.visible').clear().type('Nanda');\ncy.get('.hidden > .mt-6 > .px-4 > :nth-child(1) > :nth-child(2) > .relative > .appearance-none').should('be.visible').clear().type('Kishore');\ncy.get('.hidden > .mt-6 > .px-4 > :nth-child(2) > div.w-full > .relative > .react-datepicker-wrapper > .react-datepicker__input-container > .appearance-none').should('be.visible').click();\ncy.get('.react-datepicker__day--010').should('be.visible').click();\ncy.get('.hidden > .mt-6 > .px-4 > :nth-child(2) > :nth-child(2) > .font-bold > .css-yk16xz-control').should('be.visible').click();\ncy.get('.css-11unzgr>div:nth-child(1)').click();\ncy.get('.hidden > .mt-6 > .px-4 > :nth-child(3) > :nth-child(1) > .font-bold > .css-yk16xz-control > .css-1hwfws3').should('be.visible').click();\ncy.get('.css-11unzgr>div:nth-child(1)').click();\ncy.get('.hidden > .mt-6 > .px-4 > .pt-4 > .flex').should('be.visible').should('have.text', 'Save Details').click();\ncy.contains('Family Member Updated Successfully');\ncy.wait(2000);",
              "err": {
                "message": "AssertionError: Timed out retrying after 15000ms: Expected to find element: `.hidden > .mt-6 > .px-4 > :nth-child(1) > :nth-child(1) > .relative > .appearance-none`, but never found it.",
                "estack": "AssertionError: Timed out retrying after 15000ms: Expected to find element: `.hidden > .mt-6 > .px-4 > :nth-child(1) > :nth-child(1) > .relative > .appearance-none`, but never found it.\n    at Context.eval (https://qa.rch.build-release.com/__cypress/tests?p=cypress\\e2e\\Admin_Testcases\\08_PatientCharts_Add_Edit_Delete.spec.js:201:102)",
                "diff": null
              },
              "uuid": "7c309242-13c4-463e-aa51-10e1abfc98cf",
              "parentUUID": "2f2ccd8e-9023-450f-bc70-a9a9e97a8cae",
              "isHook": false,
              "skipped": false
            },
            {
              "title": "The edited details should be refelected under charts section",
              "fullTitle": "Add/edit/delete family member testcases The edited details should be refelected under charts section",
              "timedOut": null,
              "duration": 15680,
              "state": "failed",
              "speed": null,
              "pass": false,
              "fail": true,
              "pending": false,
              "context": null,
              "code": "cy.get(':nth-child(2) > .bg-white > .justify-between > .text-base').should('be.visible').should('have.text', 'nanda kishore');\ncy.get('.h-screen>div:nth-child(2)>div:nth-child(2)>div>div:nth-child(2)>div:nth-child(2)>span').should('be.visible').should('have.text', 'Male');",
              "err": {
                "message": "AssertionError: Timed out retrying after 15000ms: Expected to find element: `:nth-child(2) > .bg-white > .justify-between > .text-base`, but never found it.",
                "estack": "AssertionError: Timed out retrying after 15000ms: Expected to find element: `:nth-child(2) > .bg-white > .justify-between > .text-base`, but never found it.\n    at Context.eval (https://qa.rch.build-release.com/__cypress/tests?p=cypress\\e2e\\Admin_Testcases\\08_PatientCharts_Add_Edit_Delete.spec.js:214:73)",
                "diff": null
              },
              "uuid": "418bbcb2-ceb0-4327-9c09-c331cbb5eadc",
              "parentUUID": "2f2ccd8e-9023-450f-bc70-a9a9e97a8cae",
              "isHook": false,
              "skipped": false
            },
            {
              "title": "As a Admin the user can able to delete a family member by clicking on delete icon on particular member",
              "fullTitle": "Add/edit/delete family member testcases As a Admin the user can able to delete a family member by clicking on delete icon on particular member",
              "timedOut": null,
              "duration": 15720,
              "state": "failed",
              "speed": null,
              "pass": false,
              "fail": true,
              "pending": false,
              "context": null,
              "code": "cy.get('.h-screen>div:nth-child(2)>div:nth-child(2)').should('be.visible');\ncy.get(':nth-child(2) > .bg-white > .justify-between > .flex > :nth-child(2)').should('be.visible').click();",
              "err": {
                "message": "AssertionError: Timed out retrying after 15000ms: Expected to find element: `.h-screen>div:nth-child(2)>div:nth-child(2)`, but never found it.",
                "estack": "AssertionError: Timed out retrying after 15000ms: Expected to find element: `.h-screen>div:nth-child(2)>div:nth-child(2)`, but never found it.\n    at Context.eval (https://qa.rch.build-release.com/__cypress/tests?p=cypress\\e2e\\Admin_Testcases\\08_PatientCharts_Add_Edit_Delete.spec.js:219:59)",
                "diff": null
              },
              "uuid": "20786445-5619-43e8-8f3c-e2d5d77caaba",
              "parentUUID": "2f2ccd8e-9023-450f-bc70-a9a9e97a8cae",
              "isHook": false,
              "skipped": false
            },
            {
              "title": "At delete member confirmation window each label and field have proper lable and validations",
              "fullTitle": "Add/edit/delete family member testcases At delete member confirmation window each label and field have proper lable and validations",
              "timedOut": null,
              "duration": 15636,
              "state": "failed",
              "speed": null,
              "pass": false,
              "fail": true,
              "pending": false,
              "context": null,
              "code": "cy.get('.mb-4 > .font-bold').should('be.visible').should('have.text', 'Confirmation');\ncy.get('.hidden > .mb-4 > .w-6').should('be.visible');\ncy.get('.hidden > :nth-child(2) > .shadow-corner > .bg-white > .justify-between > .text-primary').should('be.visible').should('have.text', 'nanda kishore');\ncy.get('.hidden > :nth-child(2) > .shadow-corner > .bg-white > .justify-between > .flex > .font-medium').should('be.visible').should('have.text', 'son');\ncy.get('body > div:nth-child(7)>div>div>div:nth-child(1)>div>div:nth-child(1)>div>div>div:nth-child(1)>div').should('be.visible').should('have.text', 'Date of Birth');\ncy.get('body > div:nth-child(7)>div>div>div:nth-child(1)>div>div:nth-child(1)>div>div>div:nth-child(2)>div').should('be.visible').should('have.text', 'Gender');\ncy.get('body > div:nth-child(7)>div>div>div:nth-child(1)>div>div:nth-child(1)>div>div>div:nth-child(2)>span:nth-child(2)').should('be.visible').should('have.text', 'Male');\ncy.get('.hidden > :nth-child(2) > .items-center.mt-6 > .flex').should('be.visible').should('have.text', 'Are you sure, you want to remove this member?');\ncy.get('.hidden > :nth-child(2) > .mb-3 > .flex').should('be.visible').should('have.text', 'Remove');",
              "err": {
                "message": "AssertionError: Timed out retrying after 15000ms: expected '<div.font-bold.text-primary>' to be 'visible'\n\nThis element `<div.font-bold.text-primary>` is not visible because it has CSS property: `position: fixed` and it's being covered by another element:\n\n`<div class=\"ReactModal__Overlay ReactModal__Overlay--after-open\" style=\"position: fixed; inset: 0px; background: rgba(25, 31, 41, 0.51); z-index: 100;\">...</div>`",
                "estack": "AssertionError: Timed out retrying after 15000ms: expected '<div.font-bold.text-primary>' to be 'visible'\n\nThis element `<div.font-bold.text-primary>` is not visible because it has CSS property: `position: fixed` and it's being covered by another element:\n\n`<div class=\"ReactModal__Overlay ReactModal__Overlay--after-open\" style=\"position: fixed; inset: 0px; background: rgba(25, 31, 41, 0.51); z-index: 100;\">...</div>`\n    at Context.eval (https://qa.rch.build-release.com/__cypress/tests?p=cypress\\e2e\\Admin_Testcases\\08_PatientCharts_Add_Edit_Delete.spec.js:223:34)",
                "diff": null
              },
              "uuid": "0ba0085e-6ee7-4f42-a4ff-d2da9f060253",
              "parentUUID": "2f2ccd8e-9023-450f-bc70-a9a9e97a8cae",
              "isHook": false,
              "skipped": false
            },
            {
              "title": "By clicking on remove button on confirmation window the family member should be deleted",
              "fullTitle": "Add/edit/delete family member testcases By clicking on remove button on confirmation window the family member should be deleted",
              "timedOut": null,
              "duration": 15683,
              "state": "failed",
              "speed": null,
              "pass": false,
              "fail": true,
              "pending": false,
              "context": null,
              "code": "cy.get('.hidden > :nth-child(2) > .mb-3 > .flex').should('be.visible').should('have.text', 'Remove').click();\ncy.contains('Family Member Deleted Successfully');",
              "err": {
                "message": "AssertionError: Timed out retrying after 15000ms: Expected to find element: `.hidden > :nth-child(2) > .mb-3 > .flex`, but never found it.",
                "estack": "AssertionError: Timed out retrying after 15000ms: Expected to find element: `.hidden > :nth-child(2) > .mb-3 > .flex`, but never found it.\n    at Context.eval (https://qa.rch.build-release.com/__cypress/tests?p=cypress\\e2e\\Admin_Testcases\\08_PatientCharts_Add_Edit_Delete.spec.js:234:55)",
                "diff": null
              },
              "uuid": "dda10cc2-3961-44a4-80b1-94fc01d6e685",
              "parentUUID": "2f2ccd8e-9023-450f-bc70-a9a9e97a8cae",
              "isHook": false,
              "skipped": false
            },
            {
              "title": "The deleted member should not reflect under charts section",
              "fullTitle": "Add/edit/delete family member testcases The deleted member should not reflect under charts section",
              "timedOut": null,
              "duration": 15714,
              "state": "failed",
              "speed": null,
              "pass": false,
              "fail": true,
              "pending": false,
              "context": null,
              "code": "cy.get('.flex-wrap > .font-medium').should('be.visible').should('have.text', '1 Members');\ncy.logout();",
              "err": {
                "message": "AssertionError: Timed out retrying after 15000ms: Expected to find element: `.flex-wrap > .font-medium`, but never found it.",
                "estack": "AssertionError: Timed out retrying after 15000ms: Expected to find element: `.flex-wrap > .font-medium`, but never found it.\n    at Context.eval (https://qa.rch.build-release.com/__cypress/tests?p=cypress\\e2e\\Admin_Testcases\\08_PatientCharts_Add_Edit_Delete.spec.js:238:41)",
                "diff": null
              },
              "uuid": "eb1591a8-89fa-4f6f-baaa-91048aedbee0",
              "parentUUID": "2f2ccd8e-9023-450f-bc70-a9a9e97a8cae",
              "isHook": false,
              "skipped": false
            }
          ],
          "suites": [],
          "passes": [],
          "failures": [
            "f50b9f6b-fc4f-4cee-bfdd-095c35220b98",
            "217d1a07-8ffa-4f5f-9d49-2a0b44dbda02",
            "8d1dbe22-0d91-4458-8797-de46c2435279",
            "39f2577d-2730-4d76-ac67-258fea0e0929",
            "35cfdc7a-c545-4a3f-90aa-17aaa6b00b58",
            "84b7f32b-3175-47ab-9937-3bbc8840f86b",
            "975e4a23-4f67-495f-a938-0d01603c7e55",
            "5131878c-0f2b-489c-9e7a-d6da569660de",
            "7c309242-13c4-463e-aa51-10e1abfc98cf",
            "418bbcb2-ceb0-4327-9c09-c331cbb5eadc",
            "20786445-5619-43e8-8f3c-e2d5d77caaba",
            "0ba0085e-6ee7-4f42-a4ff-d2da9f060253",
            "dda10cc2-3961-44a4-80b1-94fc01d6e685",
            "eb1591a8-89fa-4f6f-baaa-91048aedbee0"
          ],
          "pending": [],
          "skipped": [],
          "duration": 246894,
          "root": false,
          "rootEmpty": false,
          "_timeout": 2000
        }
      ],
      "passes": [],
      "failures": [],
      "pending": [],
      "skipped": [],
      "duration": 0,
      "root": true,
      "rootEmpty": true,
      "_timeout": 2000
    }
  ],
  "meta": {
    "mocha": {
      "version": "7.0.1"
    },
    "mochawesome": {
      "options": {
        "quiet": false,
        "reportFilename": "report",
        "saveHtml": true,
        "saveJson": true,
        "consoleReporter": "spec",
        "useInlineDiffs": false,
        "code": true
      },
      "version": "7.0.1"
    },
    "marge": {
      "options": {
        "reportDir": "cypress/reports",
        "reportFilename": "report",
        "overwrite": false,
        "html": true,
        "json": true,
        "charts": true
      },
      "version": "6.0.1"
    }
  }
}