{
  "stats": {
    "suites": 1,
    "tests": 12,
    "passes": 12,
    "pending": 0,
    "failures": 0,
    "start": "2021-09-21T11:30:03.503Z",
    "end": "2021-09-21T11:30:31.512Z",
    "duration": 28009,
    "testsRegistered": 12,
    "passPercent": 100,
    "pendingPercent": 0,
    "other": 0,
    "hasOther": false,
    "skipped": 0,
    "hasSkipped": false
  },
  "results": [
    {
      "uuid": "9dc591b2-950c-4bf8-8a3e-5f2760ed6656",
      "title": "",
      "fullFile": "cypress/integration/Admin_Testcases/11_Services.spec.js",
      "file": "cypress/integration/Admin_Testcases/11_Services.spec.js",
      "beforeHooks": [],
      "afterHooks": [],
      "tests": [],
      "suites": [
        {
          "uuid": "73778363-ecec-4019-8722-db26782ebe29",
          "title": "Services module testcases",
          "fullFile": "",
          "file": "",
          "beforeHooks": [],
          "afterHooks": [],
          "tests": [
            {
              "title": "As a Admin the user should be navigated to the services page by clicking \"Services\" tab.",
              "fullTitle": "Services module testcases As a Admin the user should be navigated to the services page by clicking \"Services\" tab.",
              "timedOut": null,
              "duration": 7972,
              "state": "passed",
              "speed": "slow",
              "pass": true,
              "fail": false,
              "pending": false,
              "context": null,
              "code": "cy.login(cred.email, cred.password);\ncy.url().should('contain', '/patients');\ncy.get('.space-y-4 > :nth-child(2)').should('be.visible').should('contain', 'Services').click();\ncy.url().should('contain', '/services');",
              "err": {},
              "uuid": "22daf072-1689-455d-9e01-580c46430e4a",
              "parentUUID": "73778363-ecec-4019-8722-db26782ebe29",
              "isHook": false,
              "skipped": false
            },
            {
              "title": "At Services page each label and field should have proper label and validations",
              "fullTitle": "Services module testcases At Services page each label and field should have proper label and validations",
              "timedOut": null,
              "duration": 2588,
              "state": "passed",
              "speed": "slow",
              "pass": true,
              "fail": false,
              "pending": false,
              "context": null,
              "code": "cy.get('.text-xl').should('be.visible').should('have.text', 'Services List');\ncy.get('form > .bg-white').should('be.visible');\ncy.get('.bg-white > .w-full').should('be.visible');\ncy.get('.ml-2 > .text-primary').should('be.visible');\ncy.get('.flex-wrap > .flex').should('be.visible').should('have.text', 'Add Service');\ncy.get('thead > tr > .text-left').should('be.visible').should('have.text', 'Service Name');\ncy.get('thead > tr > :nth-child(2)').should('be.visible').should('have.text', 'Service Description');\ncy.get('thead > tr > :nth-child(3)').should('be.visible').should('have.text', 'Service Category');\ncy.get('thead > tr > :nth-child(4)').should('be.visible').should('have.text', 'Service Type');\ncy.get('thead > tr > :nth-child(5)').should('be.visible').should('have.text', 'Service Rate');\ncy.get('thead > tr > :nth-child(6)').scrollIntoView().should('be.visible').should('have.text', 'Action');",
              "err": {},
              "uuid": "db23215e-e8a1-4d7c-8fa0-f55a4b766841",
              "parentUUID": "73778363-ecec-4019-8722-db26782ebe29",
              "isHook": false,
              "skipped": false
            },
            {
              "title": "As a Admin the user should get add service pop up window by clicking on \"Add Service\" button",
              "fullTitle": "Services module testcases As a Admin the user should get add service pop up window by clicking on \"Add Service\" button",
              "timedOut": null,
              "duration": 243,
              "state": "passed",
              "speed": "slow",
              "pass": true,
              "fail": false,
              "pending": false,
              "context": null,
              "code": "cy.get('.flex-wrap > .flex').should('be.visible').should('have.text', 'Add Service').click();",
              "err": {},
              "uuid": "de5987b3-c042-40a6-ae3c-954346944db7",
              "parentUUID": "73778363-ecec-4019-8722-db26782ebe29",
              "isHook": false,
              "skipped": false
            },
            {
              "title": "At Add Service pop up window each label and field should have proper label and validations",
              "fullTitle": "Services module testcases At Add Service pop up window each label and field should have proper label and validations",
              "timedOut": null,
              "duration": 660,
              "state": "passed",
              "speed": "slow",
              "pass": true,
              "fail": false,
              "pending": false,
              "context": null,
              "code": "cy.get('.hidden > .justify-between > .font-bold').should('be.visible').should('have.text', 'Add Service');\ncy.get('div:nth-child(1)>div:nth-child(2)>form>div:nth-child(1)>div:nth-child(1)>label').should('be.visible').should('have.text', 'Service Name');\ncy.get('div:nth-child(1)>div:nth-child(2)>form>div:nth-child(1)>div:nth-child(2)>label').should('be.visible').should('have.text', 'Service Rate');\ncy.get('div:nth-child(1)>div:nth-child(2)>form>div:nth-child(1)>div:nth-child(1)>div').should('be.visible');\ncy.get('div:nth-child(1)>div:nth-child(2)>form>div:nth-child(1)>div:nth-child(2)>div').should('be.visible');\ncy.get('div:nth-child(1)>div:nth-child(2)>form>div:nth-child(2)>div:nth-child(1)>div:nth-child(1)').should('be.visible').should('have.text', 'Service Type');\ncy.get('div:nth-child(1)>div:nth-child(2)>form>div:nth-child(2)>div:nth-child(2)>div:nth-child(1)').should('be.visible').should('have.text', 'Service Category');\ncy.get('div:nth-child(1)>div:nth-child(2)>form>div:nth-child(2)>div:nth-child(1)>div:nth-child(2)').should('be.visible');\ncy.get('div:nth-child(1)>div:nth-child(2)>form>div:nth-child(2)>div:nth-child(2)>div:nth-child(2)').should('be.visible');\ncy.get('div:nth-child(1)>div:nth-child(2)>form>div:nth-child(3)>div>label').should('be.visible').should('have.text', 'Service Description');\ncy.get('div:nth-child(1)>div:nth-child(2)>form>div:nth-child(3)>div>div').should('be.visible');\ncy.get('.hidden > .mt-6 > .px-4 > .flex').should('be.visible').should('have.text', 'Save Details').click();\ncy.get(':nth-child(1) > :nth-child(1) > .text-red-600').should('be.visible').should('have.text', 'Required');\ncy.get(':nth-child(2) > .text-red-600').should('be.visible').should('have.text', 'Required');\ncy.get(':nth-child(2) > :nth-child(1) > .text-red-600').should('be.visible').should('have.text', 'Required');",
              "err": {},
              "uuid": "7ad97302-748b-4773-bef4-8db5f7a5ff36",
              "parentUUID": "73778363-ecec-4019-8722-db26782ebe29",
              "isHook": false,
              "skipped": false
            },
            {
              "title": "After filling Add services form and by clicking save details button the user should able to add the service",
              "fullTitle": "Services module testcases After filling Add services form and by clicking save details button the user should able to add the service",
              "timedOut": null,
              "duration": 2846,
              "state": "passed",
              "speed": "slow",
              "pass": true,
              "fail": false,
              "pending": false,
              "context": null,
              "code": "cy.get('.hidden > .mt-6 > .px-4 > :nth-child(1) > :nth-child(1) > .relative > .appearance-none').should('be.visible').type('Covid Vaccine');\ncy.get('.hidden > .mt-6 > .px-4 > :nth-child(1) > :nth-child(2) > .relative > .appearance-none').should('be.visible').type('$199');\ncy.get('div:nth-child(1)>div:nth-child(2)>form>div:nth-child(2)>div:nth-child(1)>div:nth-child(2)').should('be.visible').click();\ncy.get('.css-11unzgr>div:nth-child(1)').click();\ncy.get('div:nth-child(1)>div:nth-child(2)>form>div:nth-child(2)>div:nth-child(2)>div:nth-child(2)').should('be.visible').click();\ncy.get('.css-11unzgr>div:nth-child(1)').click();\ncy.get('.hidden > .mt-6 > .px-4 > :nth-child(3) > div.w-full > .mt-1 > .resize-y').should('be.visible').type('Covid Vaccination Program');\ncy.get('.hidden > .mt-6 > .px-4 > .flex').should('be.visible').should('have.text', 'Save Details').click();\ncy.contains('Service Added successfully');",
              "err": {},
              "uuid": "3eaff8ba-f79e-4082-9b68-b97ee9e98f4d",
              "parentUUID": "73778363-ecec-4019-8722-db26782ebe29",
              "isHook": false,
              "skipped": false
            },
            {
              "title": "The added service should reflect instantly under services page",
              "fullTitle": "Services module testcases The added service should reflect instantly under services page",
              "timedOut": null,
              "duration": 411,
              "state": "passed",
              "speed": "slow",
              "pass": true,
              "fail": false,
              "pending": false,
              "context": null,
              "code": "cy.get(':nth-child(1) > .text-left > div > .text-gray-900').should('be.visible').should('have.text', 'Covid Vaccine');\ncy.get('tr:nth-child(1) > td:nth-child(2)').should('be.visible').should('have.text', 'Covid Vaccination Program');\ncy.get('tr:nth-child(1) > td:nth-child(3) > p').should('be.visible').should('have.text', 'Telemedicine');\ncy.get('tr:nth-child(1) > td:nth-child(4) > p').should('be.visible').should('have.text', 'MULTIPLE');\ncy.get('tr:nth-child(1) > td:nth-child(5)').should('be.visible').should('have.text', '$199');",
              "err": {},
              "uuid": "f70ef741-98f6-4089-9afa-913ca4129569",
              "parentUUID": "73778363-ecec-4019-8722-db26782ebe29",
              "isHook": false,
              "skipped": false
            },
            {
              "title": "As a Admin the user should get edit service pop up window by clicking on edit icon against the particular service",
              "fullTitle": "Services module testcases As a Admin the user should get edit service pop up window by clicking on edit icon against the particular service",
              "timedOut": null,
              "duration": 227,
              "state": "passed",
              "speed": "slow",
              "pass": true,
              "fail": false,
              "pending": false,
              "context": null,
              "code": "cy.get('tr:nth-child(1) > td:nth-child(6)>div').scrollIntoView().should('be.visible').click();",
              "err": {},
              "uuid": "9e24a1f8-7a3d-440b-b292-36af8565d563",
              "parentUUID": "73778363-ecec-4019-8722-db26782ebe29",
              "isHook": false,
              "skipped": false
            },
            {
              "title": "At Edit Service pop up window each label and field should have proper label and validations",
              "fullTitle": "Services module testcases At Edit Service pop up window each label and field should have proper label and validations",
              "timedOut": null,
              "duration": 134,
              "state": "passed",
              "speed": "slow",
              "pass": true,
              "fail": false,
              "pending": false,
              "context": null,
              "code": "cy.get('div:nth-child(1)>div:nth-child(2)>form>div:nth-child(1)>div:nth-child(1)>label').should('be.visible').should('have.text', 'Service Name');\ncy.get('div:nth-child(1)>div:nth-child(2)>form>div:nth-child(1)>div:nth-child(2)>label').should('be.visible').should('have.text', 'Service Rate');\ncy.get('div:nth-child(1)>div:nth-child(2)>form>div:nth-child(1)>div:nth-child(1)>div').should('be.visible');\ncy.get('div:nth-child(1)>div:nth-child(2)>form>div:nth-child(1)>div:nth-child(2)>div').should('be.visible');\ncy.get('div:nth-child(1)>div:nth-child(2)>form>div:nth-child(2)>div:nth-child(1)>div:nth-child(1)').should('be.visible').should('have.text', 'Service Type');\ncy.get('div:nth-child(1)>div:nth-child(2)>form>div:nth-child(2)>div:nth-child(2)>div:nth-child(1)').should('be.visible').should('have.text', 'Service Category');\ncy.get('div:nth-child(1)>div:nth-child(2)>form>div:nth-child(2)>div:nth-child(1)>div:nth-child(2)').should('be.visible');\ncy.get('div:nth-child(1)>div:nth-child(2)>form>div:nth-child(2)>div:nth-child(2)>div:nth-child(2)').should('be.visible');\ncy.get('div:nth-child(1)>div:nth-child(2)>form>div:nth-child(3)>div>label').should('be.visible').should('have.text', 'Service Description');\ncy.get('div:nth-child(1)>div:nth-child(2)>form>div:nth-child(3)>div>div').should('be.visible');\ncy.get('.hidden > .mt-6 > .px-4 > .flex').should('be.visible').should('have.text', 'Save Details');",
              "err": {},
              "uuid": "79ce55a2-9135-4c02-ae2f-38f777e2b1d7",
              "parentUUID": "73778363-ecec-4019-8722-db26782ebe29",
              "isHook": false,
              "skipped": false
            },
            {
              "title": "After doing necessary edits on the edit service form and by clicking save details button the user should able to update the service",
              "fullTitle": "Services module testcases After doing necessary edits on the edit service form and by clicking save details button the user should able to update the service",
              "timedOut": null,
              "duration": 3349,
              "state": "passed",
              "speed": "slow",
              "pass": true,
              "fail": false,
              "pending": false,
              "context": null,
              "code": "cy.get('.hidden > .mt-6 > .px-4 > :nth-child(1) > :nth-child(1) > .relative > .appearance-none').should('be.visible').clear().type('Covid Vaccine Pfizer');\ncy.get('.hidden > .mt-6 > .px-4 > :nth-child(1) > :nth-child(2) > .relative > .appearance-none').should('be.visible').clear().type('$299');\ncy.get('div:nth-child(1)>div:nth-child(2)>form>div:nth-child(2)>div:nth-child(1)>div:nth-child(2)').should('be.visible').click();\ncy.get('.css-11unzgr>div:nth-child(2)').click();\ncy.get('div:nth-child(1)>div:nth-child(2)>form>div:nth-child(2)>div:nth-child(2)>div:nth-child(2)').should('be.visible').click();\ncy.get('.css-11unzgr>div:nth-child(3)').click();\ncy.get('.hidden > .mt-6 > .px-4 > :nth-child(3) > div.w-full > .mt-1 > .resize-y').should('be.visible').clear().type('New Covid Vaccination Program');\ncy.get('.hidden > .mt-6 > .px-4 > .flex').should('be.visible').should('have.text', 'Save Details').click();\ncy.contains('Service Updated successfully');",
              "err": {},
              "uuid": "668726f1-dc5b-4662-bc98-0a9140230ca7",
              "parentUUID": "73778363-ecec-4019-8722-db26782ebe29",
              "isHook": false,
              "skipped": false
            },
            {
              "title": "The edited details should reflect instantly under services page",
              "fullTitle": "Services module testcases The edited details should reflect instantly under services page",
              "timedOut": null,
              "duration": 404,
              "state": "passed",
              "speed": "slow",
              "pass": true,
              "fail": false,
              "pending": false,
              "context": null,
              "code": "cy.get(':nth-child(1) > .text-left > div > .text-gray-900').should('be.visible').should('have.text', 'Covid Vaccine Pfizer');\ncy.get('tr:nth-child(1) > td:nth-child(2)').should('be.visible').should('have.text', 'New Covid Vaccination Program');\ncy.get('tr:nth-child(1) > td:nth-child(3) > p').should('be.visible').should('have.text', 'In Home Covid Testing');\ncy.get('tr:nth-child(1) > td:nth-child(4) > p').should('be.visible').should('have.text', 'SINGLE');\ncy.get('tr:nth-child(1) > td:nth-child(5)').should('be.visible').should('have.text', '$299');",
              "err": {},
              "uuid": "9cc2b9f9-a2e5-4793-a12b-bc483dd2251d",
              "parentUUID": "73778363-ecec-4019-8722-db26782ebe29",
              "isHook": false,
              "skipped": false
            },
            {
              "title": "As a Admin the user can able to switch between the  services pages by using next or previous buttons",
              "fullTitle": "Services module testcases As a Admin the user can able to switch between the  services pages by using next or previous buttons",
              "timedOut": null,
              "duration": 2407,
              "state": "passed",
              "speed": "slow",
              "pass": true,
              "fail": false,
              "pending": false,
              "context": null,
              "code": "cy.get('.flex-1 > .ml-3').should('be.visible').should('be.visible').should('have.text', 'Next').click();\ncy.wait(2000);\ncy.get('.px-4 > .flex-1 > :nth-child(1)').should('be.visible').should('have.text', 'Previous').click();",
              "err": {},
              "uuid": "35dde5f3-077b-4ebe-9510-d08d4038d898",
              "parentUUID": "73778363-ecec-4019-8722-db26782ebe29",
              "isHook": false,
              "skipped": false
            },
            {
              "title": "As a Admin the user can able to search a particular service through search box",
              "fullTitle": "Services module testcases As a Admin the user can able to search a particular service through search box",
              "timedOut": null,
              "duration": 4415,
              "state": "passed",
              "speed": "slow",
              "pass": true,
              "fail": false,
              "pending": false,
              "context": null,
              "code": "cy.get('.bg-white > .w-full').should('be.visible').type('Executive Physical');\ncy.wait(2000);\ncy.get(':nth-child(1) > .text-left > div > .text-gray-900').should('be.visible').should('have.text', 'Executive Physical');\ncy.get('tr:nth-child(1) > td:nth-child(2)').should('be.visible').should('contain', 'Identify risk factors and prevent future illness');\ncy.get('tr:nth-child(1) > td:nth-child(3) > p').should('be.visible').should('have.text', 'In Home Urgent Care');\ncy.get('tr:nth-child(1) > td:nth-child(4) > p').should('be.visible').should('have.text', 'SINGLE');\ncy.get('tr:nth-child(1) > td:nth-child(5)').should('be.visible').should('have.text', '$1800');\ncy.logout();",
              "err": {},
              "uuid": "f08f8900-0137-4f12-907b-c262251ffd00",
              "parentUUID": "73778363-ecec-4019-8722-db26782ebe29",
              "isHook": false,
              "skipped": false
            }
          ],
          "suites": [],
          "passes": [
            "22daf072-1689-455d-9e01-580c46430e4a",
            "db23215e-e8a1-4d7c-8fa0-f55a4b766841",
            "de5987b3-c042-40a6-ae3c-954346944db7",
            "7ad97302-748b-4773-bef4-8db5f7a5ff36",
            "3eaff8ba-f79e-4082-9b68-b97ee9e98f4d",
            "f70ef741-98f6-4089-9afa-913ca4129569",
            "9e24a1f8-7a3d-440b-b292-36af8565d563",
            "79ce55a2-9135-4c02-ae2f-38f777e2b1d7",
            "668726f1-dc5b-4662-bc98-0a9140230ca7",
            "9cc2b9f9-a2e5-4793-a12b-bc483dd2251d",
            "35dde5f3-077b-4ebe-9510-d08d4038d898",
            "f08f8900-0137-4f12-907b-c262251ffd00"
          ],
          "failures": [],
          "pending": [],
          "skipped": [],
          "duration": 25656,
          "root": false,
          "rootEmpty": false,
          "_timeout": 2000
        }
      ],
      "passes": [],
      "failures": [],
      "pending": [],
      "skipped": [],
      "duration": 0,
      "root": true,
      "rootEmpty": true,
      "_timeout": 2000
    }
  ],
  "meta": {
    "mocha": {
      "version": "7.0.1"
    },
    "mochawesome": {
      "options": {
        "quiet": false,
        "reportFilename": "report",
        "saveHtml": true,
        "saveJson": true,
        "consoleReporter": "spec",
        "useInlineDiffs": false,
        "code": true
      },
      "version": "6.2.2"
    },
    "marge": {
      "options": {
        "reportDir": "cypress/reports",
        "reportFilename": "report",
        "overwrite": false,
        "html": true,
        "json": true,
        "charts": true
      },
      "version": "5.2.0"
    }
  }
}