{
  "stats": {
    "suites": 1,
    "tests": 16,
    "passes": 16,
    "pending": 0,
    "failures": 0,
    "start": "2022-04-21T08:12:40.500Z",
    "end": "2022-04-21T08:16:00.606Z",
    "duration": 200106,
    "testsRegistered": 16,
    "passPercent": 100,
    "pendingPercent": 0,
    "other": 0,
    "hasOther": false,
    "skipped": 0,
    "hasSkipped": false
  },
  "results": [
    {
      "uuid": "47145910-7778-4a88-a1d3-5ec52539e32d",
      "title": "",
      "fullFile": "cypress/integration/Admin_Testcases/07_Patients.spec.js",
      "file": "cypress/integration/Admin_Testcases/07_Patients.spec.js",
      "beforeHooks": [],
      "afterHooks": [],
      "tests": [],
      "suites": [
        {
          "uuid": "bcda8233-88ef-4afe-ae60-8d874c5c17a1",
          "title": "Patient management module test cases",
          "fullFile": "",
          "file": "",
          "beforeHooks": [],
          "afterHooks": [],
          "tests": [
            {
              "title": "As a admin the user should be navigated on patients page by clicking on patients tab",
              "fullTitle": "Patient management module test cases As a admin the user should be navigated on patients page by clicking on patients tab",
              "timedOut": null,
              "duration": 9568,
              "state": "passed",
              "speed": "slow",
              "pass": true,
              "fail": false,
              "pending": false,
              "context": null,
              "code": "cy.login();\ncy.get('.space-y-4 > :nth-child(2)').should('be.visible').should('have.text', 'Patients').click();\ncy.url().should('contain', '/patients');",
              "err": {},
              "uuid": "460a9744-0829-487e-9118-2c5df2c1e548",
              "parentUUID": "bcda8233-88ef-4afe-ae60-8d874c5c17a1",
              "isHook": false,
              "skipped": false
            },
            {
              "title": "At patients page each label and field should have proper label and validations",
              "fullTitle": "Patient management module test cases At patients page each label and field should have proper label and validations",
              "timedOut": null,
              "duration": 2257,
              "state": "passed",
              "speed": "slow",
              "pass": true,
              "fail": false,
              "pending": false,
              "context": null,
              "code": "cy.get('div.font-bold').should('be.visible').should('have.text', 'Patients');\ncy.get('table>thead>tr>th:nth-child(1)').should('be.visible').should('have.text', 'Full Name');\ncy.get('table>thead>tr>th:nth-child(2)').should('be.visible').should('have.text', 'Email');\ncy.get('table>thead>tr>th:nth-child(3)').should('be.visible').should('have.text', 'Joined On');\ncy.get('table>thead>tr>th:nth-child(4)').should('be.visible').should('have.text', 'Subscription');\ncy.get('table>thead>tr>th:nth-child(5)').scrollIntoView().should('be.visible').should('have.text', 'Appointment');\ncy.get('table>thead>tr>th:nth-child(6)').scrollIntoView().should('be.visible').should('have.text', 'Status');\ncy.get('table>thead>tr>th:nth-child(7)').scrollIntoView().should('be.visible').should('have.text', 'Action');\ncy.get('[textid=\"add.patient\"]').should('be.visible').should('have.text', 'Add New Patient');\ncy.get('div.flex.flex-wrap:nth-child(2)>div:nth-child(2)').should('be.visible').should('have.text', 'Add Filter');",
              "err": {},
              "uuid": "eab0d218-5a1c-41ba-81cd-a766ca990043",
              "parentUUID": "bcda8233-88ef-4afe-ae60-8d874c5c17a1",
              "isHook": false,
              "skipped": false
            },
            {
              "title": "As a Admin the user will get the add patient form by clicking on the \"Add new patient\" button ",
              "fullTitle": "Patient management module test cases As a Admin the user will get the add patient form by clicking on the \"Add new patient\" button ",
              "timedOut": null,
              "duration": 356,
              "state": "passed",
              "speed": "slow",
              "pass": true,
              "fail": false,
              "pending": false,
              "context": null,
              "code": "cy.get('[textid=\"add.patient\"]').should('be.visible').should('have.text', 'Add New Patient').click();\ncy.get('div:nth-child(9) > div > div').should('be.visible');",
              "err": {},
              "uuid": "12d09794-fea0-48c1-b8bf-68009e6ae1e6",
              "parentUUID": "bcda8233-88ef-4afe-ae60-8d874c5c17a1",
              "isHook": false,
              "skipped": false
            },
            {
              "title": "At Add New Patient page each label and field should have proper label and validations ",
              "fullTitle": "Patient management module test cases At Add New Patient page each label and field should have proper label and validations ",
              "timedOut": null,
              "duration": 25013,
              "state": "passed",
              "speed": "slow",
              "pass": true,
              "fail": false,
              "pending": false,
              "context": null,
              "code": "cy.get('div:nth-child(9) > div > div > div.hidden>div:nth-child(1)>div').should('be.visible').should('have.text', 'Add New Patient').click();\ncy.get('div:nth-child(9) > div > div > div.hidden>div:nth-child(1)>svg').should('be.visible');\ncy.get('div.hidden > div.mt-6 > div > form>div:nth-child(1)>div:nth-child(1)>label').should('be.visible').should('have.text', 'First Name');\ncy.get('div.hidden > div.mt-6 > div > form>div:nth-child(1)>div:nth-child(1)>div').should('be.visible').click();\ncy.get('div.hidden > div.mt-6 > div > form>div:nth-child(1)>div:nth-child(2)>div').should('be.visible').click();\ncy.wait(3000);\ncy.get('div.hidden > div.mt-6 > div > form>div:nth-child(1)>div:nth-child(1)>div.text-red-600').should('be.visible').should('have.text', 'Required');\ncy.wait(1000);\ncy.get('div.hidden > div.mt-6 > div > form>div:nth-child(1)>div:nth-child(2)>label').scrollIntoView().should('be.visible').should('have.text', 'Last Name');\ncy.get('div.hidden > div.mt-6 > div > form>div:nth-child(2)>div:nth-child(1)>div').should('be.visible').click();\ncy.wait(3000);\ncy.get('div.hidden > div.mt-6 > div > form>div:nth-child(1)>div:nth-child(2)>div.text-red-600').should('be.visible').should('have.text', 'Required');\ncy.wait(1000);\ncy.get('div.hidden > div.mt-6 > div > form>div:nth-child(2)>div:nth-child(1)>label').should('be.visible').should('have.text', 'Phone Number');\ncy.get('div.hidden > div.mt-6 > div > form>div:nth-child(2)>div:nth-child(2)>div').should('be.visible').click();\ncy.wait(3000);\ncy.get('div.hidden > div.mt-6 > div > form>div:nth-child(2)>div:nth-child(1)>div.text-red-600').should('be.visible').should('have.text', 'Required');\ncy.wait(1000);\ncy.get('div.hidden > div.mt-6 > div > form>div:nth-child(2)>div:nth-child(2)>label').should('be.visible').should('have.text', 'Email');\ncy.get('div.hidden > div.mt-6 > div > form>div:nth-child(6)>div:nth-child(1)>div').should('be.visible').click();\ncy.wait(3000);\ncy.get('div.hidden > div.mt-6 > div > form>div:nth-child(2)>div:nth-child(2)>div.text-red-600').should('be.visible').should('have.text', 'Required');\ncy.wait(1000);\ncy.get('div.hidden > div.mt-6 > div > form>div:nth-child(3)>div:nth-child(1)>label').should('be.visible').should('have.text', 'Date of Birth');\ncy.get('div.hidden > div.mt-6 > div > form>div:nth-child(3)>div:nth-child(2)>div:nth-child(1)').should('be.visible').should('have.text', 'Gender');\ncy.get('div.hidden > div.mt-6 > div > form>div:nth-child(3)>div:nth-child(2)>div:nth-child(2)').should('be.visible');\ncy.get('div.hidden > div.mt-6 > div > form>div:nth-child(5)').scrollIntoView().should('be.visible').should('have.text', 'Address');\ncy.get('div.hidden > div.mt-6 > div > form>div:nth-child(6)>div:nth-child(1)>label').scrollIntoView().should('be.visible').should('have.text', 'Address Line 1');\ncy.get('div.hidden > div.mt-6 > div > form>div:nth-child(6)>div:nth-child(1)>div').should('be.visible').click({\n  force: true\n});\ncy.get('div.hidden > div.mt-6 > div > form>div:nth-child(6)>div:nth-child(2)>div').should('be.visible').click();\ncy.wait(3000);\ncy.get('div.hidden > div.mt-6 > div > form>div:nth-child(6)>div:nth-child(1)>div.text-red-600').should('be.visible').should('have.text', 'Required');\ncy.wait(1000);\ncy.get('div.hidden > div.mt-6 > div > form>div:nth-child(6)>div:nth-child(2)>label').should('be.visible').should('contain', 'Address Line 2');\ncy.get('div.hidden > div.mt-6 > div > form>div:nth-child(7)>div:nth-child(1)>label').should('be.visible').should('contain', 'Postal Code');\ncy.get('div.hidden > div.mt-6 > div > form>div:nth-child(7)>div:nth-child(1)>div').should('be.visible');\ncy.get('div.hidden > div.mt-6 > div > form>div:nth-child(7)>div:nth-child(2)>label').should('be.visible').should('contain', 'City');\ncy.get('div.hidden > div.mt-6 > div > form>div:nth-child(7)>div:nth-child(2)>div').should('be.visible');\ncy.get('div.hidden > div.mt-6 > div > form>div:nth-child(8)>div>label').should('be.visible').should('have.text', 'State');\ncy.get('div.hidden > div.mt-6 > div > form>div:nth-child(8)>div>div').should('be.visible');\ncy.get('div.hidden > div.mt-6 > div > form>div:nth-child(9)>button').should('be.visible').should('have.text', 'Continue');\ncy.get('div:nth-child(9) > div > div > div.hidden>div:nth-child(1)>svg').scrollIntoView().should('be.visible').click();",
              "err": {},
              "uuid": "8e80dffa-a619-47e0-87a6-37f020f7a153",
              "parentUUID": "bcda8233-88ef-4afe-ae60-8d874c5c17a1",
              "isHook": false,
              "skipped": false
            },
            {
              "title": "After filling the form with valid data and clicking on continue the patient should be added ",
              "fullTitle": "Patient management module test cases After filling the form with valid data and clicking on continue the patient should be added ",
              "timedOut": null,
              "duration": 30090,
              "state": "passed",
              "speed": "slow",
              "pass": true,
              "fail": false,
              "pending": false,
              "context": null,
              "code": "const email = _faker.default.name.firstName() + '@mailinator.com';\nconst fname = _faker.default.name.firstName();\nconst lname = _faker.default.name.firstName();\nconst phone = _faker.default.phone.phoneNumber('(###)-###-####');\ncy.get('[textid=\"add.patient\"]').should('be.visible').should('have.text', 'Add New Patient').click();\ncy.get('div:nth-child(9) > div > div').should('be.visible');\ncy.get('div.hidden > div.mt-6 > div > form>div:nth-child(1)>div:nth-child(1)>div').should('be.visible').type(fname);\ncy.get('div.hidden > div.mt-6 > div > form>div:nth-child(1)>div:nth-child(2)>div').should('be.visible').type(lname);\ncy.get('div.hidden > div.mt-6 > div > form>div:nth-child(2)>div:nth-child(1)>div').should('be.visible').type('(949)-449-4847');\ncy.wait(2000);\ncy.get('div.hidden > div.mt-6 > div > form>div:nth-child(2)>div:nth-child(2)>div').should('be.visible').click();\ncy.wait(2000);\ncy.get('div.hidden > div.mt-6 > div > form>div:nth-child(3)>div:nth-child(1)>div').should('be.visible').click();\ncy.wait(3000);\ncy.get('div.hidden > div.mt-6 > div > form>div:nth-child(2)>div:nth-child(1)>div.text-red-600').scrollIntoView().should('be.visible').should('have.text', 'An account already exists with this phone number');\ncy.wait(2000);\ncy.get('div.hidden > div.mt-6 > div > form>div:nth-child(2)>div:nth-child(2)>div:nth-child(2)').should('be.visible').type('pvnkumar80@gmail.com');\ncy.wait(2000);\ncy.get('div.hidden > div.mt-6 > div > form>div:nth-child(6)>div:nth-child(1)>div').should('be.visible').click();\ncy.wait(2000);\ncy.get('div.hidden > div.mt-6 > div > form>div:nth-child(2)>div:nth-child(2)>div.text-red-600').should('be.visible').should('have.text', 'An account already exists with this email');\ncy.wait(2000);\ncy.get('div.hidden > div.mt-6 > div > form>div:nth-child(2)>div:nth-child(1)>div:nth-child(2)').should('be.visible').clear().type(phone);\ncy.get('div.hidden > div.mt-6 > div > form>div:nth-child(2)>div:nth-child(2)>div:nth-child(2)').should('be.visible').clear().type(email);\ncy.get('div.hidden > div.mt-6 > div > form>div:nth-child(3)>div:nth-child(1)>div').should('be.visible').click();\ncy.get('.react-datepicker__year-select').select('1990');\ncy.wait(1000);\ncy.get('.react-datepicker__day--015').click();\ncy.get('div.hidden > div.mt-6 > div > form>div:nth-child(3)>div:nth-child(2)>div:nth-child(2)').should('be.visible').click();\ncy.get('div.css-11unzgr>div:nth-child(1)').click();\ncy.get('div.hidden > div.mt-6 > div > form>div:nth-child(6)>div:nth-child(1)>div:nth-child(2)').should('be.visible').type('plot no 92');\ncy.get('div.hidden > div.mt-6 > div > form>div:nth-child(7)>div:nth-child(1)>div').should('be.visible').type('544');\ncy.get('div.hidden > div.mt-6 > div > form>div:nth-child(6)>div:nth-child(1)>div').should('be.visible').click();\ncy.get('div.hidden > div.mt-6 > div > form>div:nth-child(9)>button').should('be.visible').should('have.text', 'Continue').click();\ncy.wait(2000);\ncy.contains('Successfully Registered.');\ncy.writeFile('cypress/fixtures/provider.json', {\n  email: email,\n  phone: phone\n});",
              "err": {},
              "uuid": "e93564dc-d9ca-434a-ba98-0cb83f12ddd5",
              "parentUUID": "bcda8233-88ef-4afe-ae60-8d874c5c17a1",
              "isHook": false,
              "skipped": false
            },
            {
              "title": "The added patient should refelct under patients listing",
              "fullTitle": "Patient management module test cases The added patient should refelct under patients listing",
              "timedOut": null,
              "duration": 5564,
              "state": "passed",
              "speed": "slow",
              "pass": true,
              "fail": false,
              "pending": false,
              "context": null,
              "code": "cy.readFile('cypress/fixtures/provider.json').then(provider => {\n  cy.get('[type=search]').should('be.visible').type(provider.email.toLowerCase());\n  cy.get('tr:nth-child(1)>td:nth-child(2)').should('be.visible').should('have.text', provider.email.toLowerCase());\n  cy.wait(4000);\n});",
              "err": {},
              "uuid": "fec13e42-ab8b-4fd1-a618-017b8df80b90",
              "parentUUID": "bcda8233-88ef-4afe-ae60-8d874c5c17a1",
              "isHook": false,
              "skipped": false
            },
            {
              "title": "As a admin the user should be navigated to the Book Appointment page by clicking on Book button against patient ",
              "fullTitle": "Patient management module test cases As a admin the user should be navigated to the Book Appointment page by clicking on Book button against patient ",
              "timedOut": null,
              "duration": 10374,
              "state": "passed",
              "speed": "slow",
              "pass": true,
              "fail": false,
              "pending": false,
              "context": null,
              "code": "cy.get('tr:nth-child(1) > td:nth-child(5)>div>div').scrollIntoView().should('be.visible').click({\n  force: true\n});\ncy.url().should('contain', '/book_appointment');\ncy.wait(5000);\ncy.get('.w-8 > path').scrollIntoView().should('be.visible').click();\ncy.wait(5000);",
              "err": {},
              "uuid": "c7218bcb-79f3-483d-820f-8733ecac758a",
              "parentUUID": "bcda8233-88ef-4afe-ae60-8d874c5c17a1",
              "isHook": false,
              "skipped": false
            },
            {
              "title": "As a Admin the user can chat with patient by clicking on the chat icon against that patient",
              "fullTitle": "Patient management module test cases As a Admin the user can chat with patient by clicking on the chat icon against that patient",
              "timedOut": null,
              "duration": 10522,
              "state": "passed",
              "speed": "slow",
              "pass": true,
              "fail": false,
              "pending": false,
              "context": null,
              "code": "cy.get('tr:nth-child(1) > td:nth-child(7) > div >div>img').scrollIntoView().should('be.visible').click({\n  force: true\n});\ncy.url().should('contain', '/chat');\ncy.wait(5000);\ncy.get('.flex-wrap > .h-6 > path').should('be.visible').click();\ncy.wait(5000);",
              "err": {},
              "uuid": "b05386f7-05bf-4239-8db5-8ea90b4db83e",
              "parentUUID": "bcda8233-88ef-4afe-ae60-8d874c5c17a1",
              "isHook": false,
              "skipped": false
            },
            {
              "title": "As a Admin the user can enable or disable any patient with the help of toggle icon under status",
              "fullTitle": "Patient management module test cases As a Admin the user can enable or disable any patient with the help of toggle icon under status",
              "timedOut": null,
              "duration": 16851,
              "state": "passed",
              "speed": "slow",
              "pass": true,
              "fail": false,
              "pending": false,
              "context": null,
              "code": "cy.get('tr:nth-child(1)>td:nth-child(6)>button').scrollIntoView().should('be.visible').click({\n  force: true\n});\ncy.wait(4000);\ncy.get('div.hidden>div:nth-child(2)>div:nth-child(2)>button').click();\ncy.wait(4000);\ncy.get('tr:nth-child(1)>td:nth-child(6)>button').scrollIntoView().should('be.visible').click({\n  force: true\n});\ncy.wait(4000);\ncy.get('div.hidden>div:nth-child(2)>div:nth-child(2)>button').click();\ncy.wait(4000);",
              "err": {},
              "uuid": "ff0eed74-fc92-4df7-bc5b-1fc81044b861",
              "parentUUID": "bcda8233-88ef-4afe-ae60-8d874c5c17a1",
              "isHook": false,
              "skipped": false
            },
            {
              "title": "As a Admin the user can change the membership of the patient by clicking on the membership plan under subscription",
              "fullTitle": "Patient management module test cases As a Admin the user can change the membership of the patient by clicking on the membership plan under subscription",
              "timedOut": null,
              "duration": 20971,
              "state": "passed",
              "speed": "slow",
              "pass": true,
              "fail": false,
              "pending": false,
              "context": null,
              "code": "cy.get('tr:nth-child(1)>td:nth-child(4)>div>div:nth-child(2)').scrollIntoView().should('be.visible').click({\n  force: true\n});\ncy.wait(5000);\ncy.get('div.hidden>div:nth-child(2)>div:nth-child(3)>button').click();\ncy.wait(5000);\ncy.get('tr:nth-child(1)>td:nth-child(4)>div>div:nth-child(1)').scrollIntoView().should('be.visible').click({\n  force: true\n});\ncy.wait(5000);\ncy.get('div.hidden>div:nth-child(2)>div:nth-child(3)>button').click();\ncy.wait(5000);",
              "err": {},
              "uuid": "a53959cb-6a76-4e01-985e-9b025d3aafb2",
              "parentUUID": "bcda8233-88ef-4afe-ae60-8d874c5c17a1",
              "isHook": false,
              "skipped": false
            },
            {
              "title": "As a Admin the user can filter the patients based on their membeship plan using the filter button",
              "fullTitle": "Patient management module test cases As a Admin the user can filter the patients based on their membeship plan using the filter button",
              "timedOut": null,
              "duration": 25977,
              "state": "passed",
              "speed": "slow",
              "pass": true,
              "fail": false,
              "pending": false,
              "context": null,
              "code": "cy.get('div.flex.flex-wrap:nth-child(2)>div:nth-child(2)').should('be.visible').click();\ncy.wait(3000);\ncy.get('div.py-1>div:nth-child(1)').should('be.visible').should('contain', 'basic').click();\ncy.wait(5000);\ncy.get('div.flex.flex-wrap:nth-child(2)>div:nth-child(2)>div:nth-child(3)').scrollIntoView().should('be.visible').click();\ncy.wait(3000);\ncy.get('div.py-1>div:nth-child(2)').should('be.visible').should('contain', 'standard').click();\ncy.wait(5000);\ncy.get('div.flex.flex-wrap:nth-child(2)>div:nth-child(2)>div:nth-child(3)').scrollIntoView().should('be.visible').click();\ncy.wait(3000);\ncy.get('div.py-1>div:nth-child(3)').should('be.visible').should('contain', 'executive').click();\ncy.wait(5000);",
              "err": {},
              "uuid": "136bd3f7-d1bf-4306-a16e-b1e055eb7e17",
              "parentUUID": "bcda8233-88ef-4afe-ae60-8d874c5c17a1",
              "isHook": false,
              "skipped": false
            },
            {
              "title": "As a Admin the user can change the view of the patients listing by using filter on full name which make the patients list in alphabetical order from a-z or Z-a",
              "fullTitle": "Patient management module test cases As a Admin the user can change the view of the patients listing by using filter on full name which make the patients list in alphabetical order from a-z or Z-a",
              "timedOut": null,
              "duration": 4327,
              "state": "passed",
              "speed": "slow",
              "pass": true,
              "fail": false,
              "pending": false,
              "context": null,
              "code": "cy.get('table>thead>tr>th:nth-child(1)>span>svg:nth-child(1)').should('be.visible').click({\n  force: true\n});\ncy.wait(2000);\ncy.get('table>thead>tr>th:nth-child(1)>span>svg:nth-child(2)').should('be.visible').click({\n  force: true\n});\ncy.wait(2000);",
              "err": {},
              "uuid": "4efaf45c-1348-44cb-a61f-585191230c26",
              "parentUUID": "bcda8233-88ef-4afe-ae60-8d874c5c17a1",
              "isHook": false,
              "skipped": false
            },
            {
              "title": "As a admin the user should be navigated to the profile details page of any patient by clicking on eye symbol against that particular patient ",
              "fullTitle": "Patient management module test cases As a admin the user should be navigated to the profile details page of any patient by clicking on eye symbol against that particular patient ",
              "timedOut": null,
              "duration": 177,
              "state": "passed",
              "speed": "slow",
              "pass": true,
              "fail": false,
              "pending": false,
              "context": null,
              "code": "cy.get('tr:nth-child(1) > td:nth-child(7) > div > svg:nth-child(1) > path:nth-child(2)').scrollIntoView().should('be.visible').click({\n  force: true\n});",
              "err": {},
              "uuid": "530d6706-dc03-4995-99d1-e24b362a755b",
              "parentUUID": "bcda8233-88ef-4afe-ae60-8d874c5c17a1",
              "isHook": false,
              "skipped": false
            },
            {
              "title": "At profile deatils page of the patient each label and field should have proper label and validations",
              "fullTitle": "Patient management module test cases At profile deatils page of the patient each label and field should have proper label and validations",
              "timedOut": null,
              "duration": 2933,
              "state": "passed",
              "speed": "slow",
              "pass": true,
              "fail": false,
              "pending": false,
              "context": null,
              "code": "cy.get('.space-x-4 > .font-bold').should('be.visible').should('have.text', 'Patient Details');\ncy.get('.border-primary').should('be.visible').should('have.text', 'Address');\ncy.get('div.space-y-4:nth-child(1)>div:nth-child(1)>div:nth-child(1)>div:nth-child(1)').should('be.visible').should('have.text', 'Address Line 1');\ncy.get('div.space-y-4:nth-child(1)>div:nth-child(1)>div:nth-child(2)>div:nth-child(1)').should('be.visible').should('have.text', 'Address Line 2');\ncy.get('div.space-y-4:nth-child(1)>div:nth-child(2)>div:nth-child(1)>div:nth-child(1)').should('be.visible').should('have.text', 'Postal Code');\ncy.get('div.space-y-4:nth-child(1)>div:nth-child(2)>div:nth-child(2)>div:nth-child(1)').should('be.visible').should('have.text', 'City');\ncy.get('div.space-y-4:nth-child(1)>div:nth-child(3)>div:nth-child(1)>div:nth-child(1)').should('be.visible').should('have.text', 'State');",
              "err": {},
              "uuid": "4950e5d5-a2fd-4bca-9fce-1f7bf8de1598",
              "parentUUID": "bcda8233-88ef-4afe-ae60-8d874c5c17a1",
              "isHook": false,
              "skipped": false
            },
            {
              "title": "As a admin the user should be navigated back to the patients page by clicking on back symbol on profile details page",
              "fullTitle": "Patient management module test cases As a admin the user should be navigated back to the patients page by clicking on back symbol on profile details page",
              "timedOut": null,
              "duration": 178,
              "state": "passed",
              "speed": "slow",
              "pass": true,
              "fail": false,
              "pending": false,
              "context": null,
              "code": "cy.get('.h-6 > path').should('be.visible').click();\ncy.url().should('contain', '/patients');",
              "err": {},
              "uuid": "9522040c-0c6d-48f6-987e-45ee25b8f2d4",
              "parentUUID": "bcda8233-88ef-4afe-ae60-8d874c5c17a1",
              "isHook": false,
              "skipped": false
            },
            {
              "title": "As a admin the user should able to search any patient by his name or email",
              "fullTitle": "Patient management module test cases As a admin the user should able to search any patient by his name or email",
              "timedOut": null,
              "duration": 26871,
              "state": "passed",
              "speed": "slow",
              "pass": true,
              "fail": false,
              "pending": false,
              "context": null,
              "code": "cy.get('div.flex.flex-wrap:nth-child(2)>div:nth-child(2)>div:nth-child(1)>svg').scrollIntoView().should('be.visible').click();\ncy.wait(5000);\ncy.get('[type=search]').should('be.visible').clear();\ncy.get('[type=search]').should('be.visible').type('pvnkumar80@gmail.com');\ncy.wait(5000);\ncy.get('tr:nth-child(1)>td:nth-child(2)').should('be.visible').should('have.text', 'pvnkumar80@gmail.com');\ncy.wait(2000);\ncy.get('[type=search]').should('be.visible').clear().type('Pavan Kumar');\ncy.wait(2000);\ncy.get('tr:nth-child(1)>td:nth-child(1)').should('be.visible').should('have.text', 'Pavan Kumar');\ncy.wait(2000);\ncy.get('[type=search]').should('be.visible').clear();\ncy.wait(2000);\ncy.logout();",
              "err": {},
              "uuid": "00f2bba3-575e-478a-9d48-27e218352c3a",
              "parentUUID": "bcda8233-88ef-4afe-ae60-8d874c5c17a1",
              "isHook": false,
              "skipped": false
            }
          ],
          "suites": [],
          "passes": [
            "460a9744-0829-487e-9118-2c5df2c1e548",
            "eab0d218-5a1c-41ba-81cd-a766ca990043",
            "12d09794-fea0-48c1-b8bf-68009e6ae1e6",
            "8e80dffa-a619-47e0-87a6-37f020f7a153",
            "e93564dc-d9ca-434a-ba98-0cb83f12ddd5",
            "fec13e42-ab8b-4fd1-a618-017b8df80b90",
            "c7218bcb-79f3-483d-820f-8733ecac758a",
            "b05386f7-05bf-4239-8db5-8ea90b4db83e",
            "ff0eed74-fc92-4df7-bc5b-1fc81044b861",
            "a53959cb-6a76-4e01-985e-9b025d3aafb2",
            "136bd3f7-d1bf-4306-a16e-b1e055eb7e17",
            "4efaf45c-1348-44cb-a61f-585191230c26",
            "530d6706-dc03-4995-99d1-e24b362a755b",
            "4950e5d5-a2fd-4bca-9fce-1f7bf8de1598",
            "9522040c-0c6d-48f6-987e-45ee25b8f2d4",
            "00f2bba3-575e-478a-9d48-27e218352c3a"
          ],
          "failures": [],
          "pending": [],
          "skipped": [],
          "duration": 192029,
          "root": false,
          "rootEmpty": false,
          "_timeout": 2000
        }
      ],
      "passes": [],
      "failures": [],
      "pending": [],
      "skipped": [],
      "duration": 0,
      "root": true,
      "rootEmpty": true,
      "_timeout": 2000
    }
  ],
  "meta": {
    "mocha": {
      "version": "7.0.1"
    },
    "mochawesome": {
      "options": {
        "quiet": false,
        "reportFilename": "report",
        "saveHtml": true,
        "saveJson": true,
        "consoleReporter": "spec",
        "useInlineDiffs": false,
        "code": true
      },
      "version": "7.0.1"
    },
    "marge": {
      "options": {
        "reportDir": "cypress/reports",
        "reportFilename": "report",
        "overwrite": false,
        "html": true,
        "json": true,
        "charts": true
      },
      "version": "6.0.1"
    }
  }
}