{
  "stats": {
    "suites": 1,
    "tests": 8,
    "passes": 3,
    "pending": 0,
    "failures": 5,
    "start": "2023-04-04T16:56:09.927Z",
    "end": "2023-04-04T16:58:15.925Z",
    "duration": 125998,
    "testsRegistered": 8,
    "passPercent": 37.5,
    "pendingPercent": 0,
    "other": 0,
    "hasOther": false,
    "skipped": 0,
    "hasSkipped": false
  },
  "results": [
    {
      "uuid": "2b2525bb-0c04-41d2-8ec5-87cea44a3af4",
      "title": "",
      "fullFile": "cypress\\e2e\\Admin_Testcases\\04_forgotPassword.spec.js",
      "file": "cypress\\e2e\\Admin_Testcases\\04_forgotPassword.spec.js",
      "beforeHooks": [],
      "afterHooks": [],
      "tests": [],
      "suites": [
        {
          "uuid": "2207bf47-4159-43a4-ae64-f5da14639459",
          "title": "Forgot password module testcases",
          "fullFile": "",
          "file": "",
          "beforeHooks": [],
          "afterHooks": [],
          "tests": [
            {
              "title": "As a Admin I should be able to navigate on Forgot password page",
              "fullTitle": "Forgot password module testcases As a Admin I should be able to navigate on Forgot password page",
              "timedOut": null,
              "duration": 5884,
              "state": "passed",
              "speed": "medium",
              "pass": true,
              "fail": false,
              "pending": false,
              "context": null,
              "code": "cy.visit(cred.qaUrl);\ncy.xpath('//div[contains(text(),\"F\")]').should('be.visible').should('have.text', 'Forgot Password?').click();\ncy.url().should('include', 'forgot-password');",
              "err": {},
              "uuid": "6cc516e9-d24e-4f5a-9eab-4baa03fa3cb4",
              "parentUUID": "2207bf47-4159-43a4-ae64-f5da14639459",
              "isHook": false,
              "skipped": false
            },
            {
              "title": "At Forgot password page each field should have proper lable and validation",
              "fullTitle": "Forgot password module testcases At Forgot password page each field should have proper lable and validation",
              "timedOut": null,
              "duration": 3253,
              "state": "passed",
              "speed": "fast",
              "pass": true,
              "fail": false,
              "pending": false,
              "context": null,
              "code": "cy.xpath('//div[contains(text(),\"F\")]').should('be.visible').should('have.text', 'Forgot Password? ');\ncy.xpath('//div[contains(text(),\"A\")]').should('be.visible').and('contain', 'A 6 digit verification code will be sent to your registered Email Address.');\ncy.xpath('//label/div').should('be.visible').and('have.text', 'Email');\ncy.xpath('//input[@name=\"email\"]').should('be.visible');\ncy.xpath('//button[@type=\"submit\"]').should('be.visible').should('have.text', 'Continue').click();\ncy.wait(2000);\ncy.xpath('//div[contains(text(),\"R\")]').should('be.visible').and('contain.text', 'Required'); //invalid email case\ncy.xpath('//input[@name=\"email\"]').should('be.visible').type('ASd@ads@sd.com');\ncy.xpath('//div[contains(text(),\"Pl\")]').should('be.visible').and('have.text', 'Please enter valid email');",
              "err": {},
              "uuid": "2c691410-fb47-49ae-89d8-06adfb186ef7",
              "parentUUID": "2207bf47-4159-43a4-ae64-f5da14639459",
              "isHook": false,
              "skipped": false
            },
            {
              "title": "OTP shouldn't send on invalid email",
              "fullTitle": "Forgot password module testcases OTP shouldn't send on invalid email",
              "timedOut": null,
              "duration": 2733,
              "state": "passed",
              "speed": "fast",
              "pass": true,
              "fail": false,
              "pending": false,
              "context": null,
              "code": "cy.xpath('//input[@name=\"email\"]').should('be.visible').clear().type('abc@gmail.com');\ncy.xpath('//button[@type=\"submit\"]').should('be.visible').should('have.text', 'Continue').click();\ncy.wait(2000);\ncy.contains('User not found with this information');",
              "err": {},
              "uuid": "8074bc56-8277-4ff4-8eaf-fdb4e1699253",
              "parentUUID": "2207bf47-4159-43a4-ae64-f5da14639459",
              "isHook": false,
              "skipped": false
            },
            {
              "title": "OTP should sent on Valid registerd email",
              "fullTitle": "Forgot password module testcases OTP should sent on Valid registerd email",
              "timedOut": null,
              "duration": 23183,
              "state": "failed",
              "speed": null,
              "pass": false,
              "fail": true,
              "pending": false,
              "context": null,
              "code": "const emailId = cred.email;\ncy.xpath('//input[@name=\"email\"]').should('be.visible').clear().type(emailId);\ncy.xpath('//button[@type=\"submit\"]').should('be.visible').should('have.text', 'Continue').click();\ncy.wait(2000);\ncy.contains(\"OTP send to user's email/phone\");",
              "err": {
                "message": "AssertionError: Timed out retrying after 20000ms: Expected to find content: 'OTP send to user's email/phone' but never did.",
                "estack": "AssertionError: Timed out retrying after 20000ms: Expected to find content: 'OTP send to user's email/phone' but never did.\n    at Context.eval (https://qa.rch.build-release.com/__cypress/tests?p=cypress\\e2e\\Admin_Testcases\\04_forgotPassword.spec.js:131:8)",
                "diff": null
              },
              "uuid": "0ee7d32e-c404-4e78-a077-4c5a29f44895",
              "parentUUID": "2207bf47-4159-43a4-ae64-f5da14639459",
              "isHook": false,
              "skipped": false
            },
            {
              "title": "Verify each and evey label and title on varification screen",
              "fullTitle": "Forgot password module testcases Verify each and evey label and title on varification screen",
              "timedOut": null,
              "duration": 20411,
              "state": "failed",
              "speed": null,
              "pass": false,
              "fail": true,
              "pending": false,
              "context": null,
              "code": "cy.xpath('//div[contains(text(),\"E\")]').should('be.visible').and('have.text', 'Enter Verification Code');\ncy.xpath('//div[contains(text(),\"A\")]').should('be.visible').and('have.text', 'A 6 digit verification code has been sent to your email address and phone number.');\ncy.xpath('//div[contains(text(),\"H\")]').should('be.visible').and('have.text', \"Haven't received the code?\");\ncy.xpath('//div[contains(text(),\"R\")]').should('be.visible').and('have.text', \"Resend Code\");",
              "err": {
                "message": "AssertionError: Timed out retrying after 20000ms: expected '[ <div.text-gray-500.text-xs.mb-5.font-bold>, 1 more... ]' to have text 'Enter Verification Code', but the text was 'A 6 digit verification code will be sent to your registered Email Address.Email'",
                "estack": "AssertionError: Timed out retrying after 20000ms: expected '[ <div.text-gray-500.text-xs.mb-5.font-bold>, 1 more... ]' to have text 'Enter Verification Code', but the text was 'A 6 digit verification code will be sent to your registered Email Address.Email'\n    at Context.eval (https://qa.rch.build-release.com/__cypress/tests?p=cypress\\e2e\\Admin_Testcases\\04_forgotPassword.spec.js:135:66)",
                "diff": "- 'A 6 digit verification code will be sent to your registered Email Address.Email'\n+ 'Enter Verification Code'\n"
              },
              "uuid": "d03f5a7c-92c5-43c9-92ce-8ba914534cd9",
              "parentUUID": "2207bf47-4159-43a4-ae64-f5da14639459",
              "isHook": false,
              "skipped": false
            },
            {
              "title": "valdation should appear when user does not enter otp into the field",
              "fullTitle": "Forgot password module testcases valdation should appear when user does not enter otp into the field",
              "timedOut": null,
              "duration": 20294,
              "state": "failed",
              "speed": null,
              "pass": false,
              "fail": true,
              "pending": false,
              "context": null,
              "code": "cy.xpath('//button[@type=\"submit\"]').should('be.visible').should('have.text', 'Submit').click();\ncy.xpath('//div[contains(text(),\"Verfication Code is\")]').should('be.visible').and('have.text', \"Verfication Code is not valid, please re-enter or resend Verfication code\");",
              "err": {
                "message": "AssertionError: Timed out retrying after 20000ms: expected '<button.flex.justify-center.items-center.shadow-sm.border-2.rounded-md.hover:font-bold.focus:outline-none.text-sm.py-3.px-16.font-bold.text-white.bg-primary.cursor-pointer.hover:border-primary>' to have text 'Submit', but the text was 'Continue'",
                "estack": "AssertionError: Timed out retrying after 20000ms: expected '<button.flex.justify-center.items-center.shadow-sm.border-2.rounded-md.hover:font-bold.focus:outline-none.text-sm.py-3.px-16.font-bold.text-white.bg-primary.cursor-pointer.hover:border-primary>' to have text 'Submit', but the text was 'Continue'\n    at Context.eval (https://qa.rch.build-release.com/__cypress/tests?p=cypress\\e2e\\Admin_Testcases\\04_forgotPassword.spec.js:141:63)",
                "diff": "- 'Continue'\n+ 'Submit'\n"
              },
              "uuid": "0dba09ff-01cf-4a00-8d94-6a81daaa37ff",
              "parentUUID": "2207bf47-4159-43a4-ae64-f5da14639459",
              "isHook": false,
              "skipped": false
            },
            {
              "title": "validation should appear when user enter invalid OTP",
              "fullTitle": "Forgot password module testcases validation should appear when user enter invalid OTP",
              "timedOut": null,
              "duration": 20380,
              "state": "failed",
              "speed": null,
              "pass": false,
              "fail": true,
              "pending": false,
              "context": null,
              "code": "cy.xpath('//div[@class=\"hidden md:block\"]').type('336699');\ncy.xpath('//button[@type=\"submit\"]').should('be.visible').should('have.text', 'Submit').click();\ncy.xpath('//div[contains(text(),\"Verfication Code is\")]').should('be.visible').and('have.text', \"Verfication Code is not valid, please re-enter or resend Verfication code\");",
              "err": {
                "message": "AssertionError: Timed out retrying after 20000ms: Expected to find element: `//div[@class=\"hidden md:block\"]`, but never found it.",
                "estack": "AssertionError: Timed out retrying after 20000ms: Expected to find element: `//div[@class=\"hidden md:block\"]`, but never found it.\n    at Context.eval (https://qa.rch.build-release.com/__cypress/tests?p=cypress\\e2e\\Admin_Testcases\\04_forgotPassword.spec.js:145:8)",
                "diff": null
              },
              "uuid": "977ff8fb-d1e9-4cdb-856c-5dc5d0ea2796",
              "parentUUID": "2207bf47-4159-43a4-ae64-f5da14639459",
              "isHook": false,
              "skipped": false
            },
            {
              "title": "verify resend button functionality ",
              "fullTitle": "Forgot password module testcases verify resend button functionality ",
              "timedOut": null,
              "duration": 20506,
              "state": "failed",
              "speed": null,
              "pass": false,
              "fail": true,
              "pending": false,
              "context": null,
              "code": "cy.xpath('//div[contains(text(),\"R\")]').should('be.visible').and('have.text', \"Resend Code\").click();\nconst emailId = cred.email;\ncy.wait(2000);\ncy.contains(\"OTP send to user's email/phone\");",
              "err": {
                "message": "AssertionError: Timed out retrying after 20000ms: Expected to find element: `//div[contains(text(),\"R\")]`, but never found it.",
                "estack": "AssertionError: Timed out retrying after 20000ms: Expected to find element: `//div[contains(text(),\"R\")]`, but never found it.\n    at Context.eval (https://qa.rch.build-release.com/__cypress/tests?p=cypress\\e2e\\Admin_Testcases\\04_forgotPassword.spec.js:150:45)",
                "diff": null
              },
              "uuid": "4e570b06-2090-4e35-9659-de7d4f0ab680",
              "parentUUID": "2207bf47-4159-43a4-ae64-f5da14639459",
              "isHook": false,
              "skipped": false
            }
          ],
          "suites": [],
          "passes": [
            "6cc516e9-d24e-4f5a-9eab-4baa03fa3cb4",
            "2c691410-fb47-49ae-89d8-06adfb186ef7",
            "8074bc56-8277-4ff4-8eaf-fdb4e1699253"
          ],
          "failures": [
            "0ee7d32e-c404-4e78-a077-4c5a29f44895",
            "d03f5a7c-92c5-43c9-92ce-8ba914534cd9",
            "0dba09ff-01cf-4a00-8d94-6a81daaa37ff",
            "977ff8fb-d1e9-4cdb-856c-5dc5d0ea2796",
            "4e570b06-2090-4e35-9659-de7d4f0ab680"
          ],
          "pending": [],
          "skipped": [],
          "duration": 116644,
          "root": false,
          "rootEmpty": false,
          "_timeout": 2000
        }
      ],
      "passes": [],
      "failures": [],
      "pending": [],
      "skipped": [],
      "duration": 0,
      "root": true,
      "rootEmpty": true,
      "_timeout": 2000
    }
  ],
  "meta": {
    "mocha": {
      "version": "7.0.1"
    },
    "mochawesome": {
      "options": {
        "quiet": false,
        "reportFilename": "report",
        "saveHtml": true,
        "saveJson": true,
        "consoleReporter": "spec",
        "useInlineDiffs": false,
        "code": true
      },
      "version": "7.0.1"
    },
    "marge": {
      "options": {
        "reportDir": "cypress/reports",
        "reportFilename": "report",
        "overwrite": false,
        "html": true,
        "json": true,
        "charts": true
      },
      "version": "6.0.1"
    }
  }
}