{
  "stats": {
    "suites": 1,
    "tests": 8,
    "passes": 0,
    "pending": 0,
    "failures": 8,
    "start": "2021-09-21T13:22:48.047Z",
    "end": "2021-09-21T13:24:41.489Z",
    "duration": 113442,
    "testsRegistered": 8,
    "passPercent": 0,
    "pendingPercent": 0,
    "other": 0,
    "hasOther": false,
    "skipped": 0,
    "hasSkipped": false
  },
  "results": [
    {
      "uuid": "d54b12a3-6305-4102-a51f-3279010bfdd9",
      "title": "",
      "fullFile": "cypress/integration/Patient_Testcases/14_Chat.spec.js",
      "file": "cypress/integration/Patient_Testcases/14_Chat.spec.js",
      "beforeHooks": [],
      "afterHooks": [],
      "tests": [],
      "suites": [
        {
          "uuid": "50f24935-cef2-43d9-a69f-19722cc59397",
          "title": "chat module testcases",
          "fullFile": "",
          "file": "",
          "beforeHooks": [],
          "afterHooks": [],
          "tests": [
            {
              "title": "As a Patient the user should be navigated to the chats page by clicking on chats tab",
              "fullTitle": "chat module testcases As a Patient the user should be navigated to the chats page by clicking on chats tab",
              "timedOut": null,
              "duration": 1461,
              "state": "failed",
              "speed": null,
              "pass": false,
              "fail": true,
              "pending": false,
              "context": null,
              "code": "cy.patientlogin(cred.pemail, cred.ppassword);\ncy.url().should('contain', '/home');\ncy.get('[href=\"/chat\"]').should('be.visible').should('have.text', 'Chat').click();\ncy.url().should('contain', '/chat');",
              "err": {
                "message": "SyntaxError: The following error originated from your application code, not from Cypress.\n\n  > Unexpected token '<'\n\nWhen Cypress detects uncaught errors originating from your application it will automatically fail the current test.\n\nThis behavior is configurable, and you can choose to turn this off by listening to the `uncaught:exception` event.\n\nhttps://on.cypress.io/uncaught-exception-from-application",
                "estack": "SyntaxError: The following error originated from your application code, not from Cypress.\n\n  > Unexpected token '<'\n\nWhen Cypress detects uncaught errors originating from your application it will automatically fail the current test.\n\nThis behavior is configurable, and you can choose to turn this off by listening to the `uncaught:exception` event.\n\nhttps://on.cypress.io/uncaught-exception-from-application",
                "diff": null
              },
              "uuid": "dcae99c2-6caf-4f68-9859-dd6b43ea95f5",
              "parentUUID": "50f24935-cef2-43d9-a69f-19722cc59397",
              "isHook": false,
              "skipped": false
            },
            {
              "title": "At \"Chats\" page each label and field should have proper label and validations",
              "fullTitle": "chat module testcases At \"Chats\" page each label and field should have proper label and validations",
              "timedOut": null,
              "duration": 15367,
              "state": "failed",
              "speed": null,
              "pass": false,
              "fail": true,
              "pending": false,
              "context": null,
              "code": "cy.get('.w-10').should('be.visible');\ncy.get('.w-full > .bg-white').should('be.visible');\ncy.get('.w-full > .cursor-pointer').should('be.visible');",
              "err": {
                "message": "AssertionError: Timed out retrying after 15000ms: Expected to find element: `.w-10`, but never found it.",
                "estack": "AssertionError: Timed out retrying after 15000ms: Expected to find element: `.w-10`, but never found it.\n    at Context.eval (https://qa.rch.build-release.com/__cypress/tests?p=cypress\\integration\\Patient_Testcases\\14_Chat.spec.js:143:21)",
                "diff": null
              },
              "uuid": "2cde1e4a-b82d-4ed0-9dc8-171cd7e696e5",
              "parentUUID": "50f24935-cef2-43d9-a69f-19722cc59397",
              "isHook": false,
              "skipped": false
            },
            {
              "title": "The user should able to see all the chats between the user and the Admin",
              "fullTitle": "chat module testcases The user should able to see all the chats between the user and the Admin",
              "timedOut": null,
              "duration": 15229,
              "state": "failed",
              "speed": null,
              "pass": false,
              "fail": true,
              "pending": false,
              "context": null,
              "code": "cy.get('div:nth-child(1) > div > div > div > div.p-3.rounded-lg.relative.bg-primary.text-white').scrollIntoView().should('be.visible').should('contain', 'hi');\ncy.get('div.pb-6 > div > div > div > a > div').scrollIntoView().should('be.visible');",
              "err": {
                "message": "AssertionError: Timed out retrying after 15000ms: Expected to find element: `div:nth-child(1) > div > div > div > div.p-3.rounded-lg.relative.bg-primary.text-white`, but never found it.",
                "estack": "AssertionError: Timed out retrying after 15000ms: Expected to find element: `div:nth-child(1) > div > div > div > div.p-3.rounded-lg.relative.bg-primary.text-white`, but never found it.\n    at Context.eval (https://qa.rch.build-release.com/__cypress/tests?p=cypress\\integration\\Patient_Testcases\\14_Chat.spec.js:148:8)",
                "diff": null
              },
              "uuid": "74e2b89d-321b-45b5-94b2-c8029685b460",
              "parentUUID": "50f24935-cef2-43d9-a69f-19722cc59397",
              "isHook": false,
              "skipped": false
            },
            {
              "title": "As a Patient the user should able to send message to the Admin",
              "fullTitle": "chat module testcases As a Patient the user should able to send message to the Admin",
              "timedOut": null,
              "duration": 15273,
              "state": "failed",
              "speed": null,
              "pass": false,
              "fail": true,
              "pending": false,
              "context": null,
              "code": "cy.get('.w-full > .bg-white').should('be.visible').type('hi');\ncy.wait(2000);\ncy.get('.w-full > .cursor-pointer').should('be.visible').click();\ncy.wait(3000);",
              "err": {
                "message": "AssertionError: Timed out retrying after 15000ms: Expected to find element: `.w-full > .bg-white`, but never found it.",
                "estack": "AssertionError: Timed out retrying after 15000ms: Expected to find element: `.w-full > .bg-white`, but never found it.\n    at Context.eval (https://qa.rch.build-release.com/__cypress/tests?p=cypress\\integration\\Patient_Testcases\\14_Chat.spec.js:152:35)",
                "diff": null
              },
              "uuid": "de7f1f79-bb57-4111-80ff-3c97fc454a62",
              "parentUUID": "50f24935-cef2-43d9-a69f-19722cc59397",
              "isHook": false,
              "skipped": false
            },
            {
              "title": "The message sent by patient should be received by the Admin",
              "fullTitle": "chat module testcases The message sent by patient should be received by the Admin",
              "timedOut": null,
              "duration": 15258,
              "state": "failed",
              "speed": null,
              "pass": false,
              "fail": true,
              "pending": false,
              "context": null,
              "code": "cy.get('div.pb-6 > div > div > div > div.p-3.rounded-lg.relative.bg-primary.text-white').should('be.visible').should('contain', 'hi');",
              "err": {
                "message": "AssertionError: Timed out retrying after 15000ms: Expected to find element: `div.pb-6 > div > div > div > div.p-3.rounded-lg.relative.bg-primary.text-white`, but never found it.",
                "estack": "AssertionError: Timed out retrying after 15000ms: Expected to find element: `div.pb-6 > div > div > div > div.p-3.rounded-lg.relative.bg-primary.text-white`, but never found it.\n    at Context.eval (https://qa.rch.build-release.com/__cypress/tests?p=cypress\\integration\\Patient_Testcases\\14_Chat.spec.js:158:94)",
                "diff": null
              },
              "uuid": "4e94b4cf-c3fb-4173-8b9a-3ff3c38e94bd",
              "parentUUID": "50f24935-cef2-43d9-a69f-19722cc59397",
              "isHook": false,
              "skipped": false
            },
            {
              "title": "As Patient the user can able to send the documents and images by clicking on attachments icon",
              "fullTitle": "chat module testcases As Patient the user can able to send the documents and images by clicking on attachments icon",
              "timedOut": null,
              "duration": 15251,
              "state": "failed",
              "speed": null,
              "pass": false,
              "fail": true,
              "pending": false,
              "context": null,
              "code": "cy.get('.opacity-0').attachFile('faf.jpg');\ncy.wait(2000);\ncy.get('.w-60 > img').should('be.visible');\ncy.get('.opacity-0').attachFile('file.pdf');\ncy.wait(2000);\ncy.get('.w-60 > :nth-child(1) > img').should('be.visible');",
              "err": {
                "message": "AssertionError: Timed out retrying after 15000ms: Expected to find element: `.opacity-0`, but never found it.",
                "estack": "AssertionError: Timed out retrying after 15000ms: Expected to find element: `.opacity-0`, but never found it.\n    at Context.eval (https://qa.rch.build-release.com/__cypress/tests?p=cypress\\integration\\Patient_Testcases\\14_Chat.spec.js:161:8)",
                "diff": null
              },
              "uuid": "18109b88-6ad9-4372-8970-be1f93c97d83",
              "parentUUID": "50f24935-cef2-43d9-a69f-19722cc59397",
              "isHook": false,
              "skipped": false
            },
            {
              "title": "The patient can see the full length image on a separate window by clicking on that particular image",
              "fullTitle": "chat module testcases The patient can see the full length image on a separate window by clicking on that particular image",
              "timedOut": null,
              "duration": 15286,
              "state": "failed",
              "speed": null,
              "pass": false,
              "fail": true,
              "pending": false,
              "context": null,
              "code": "cy.get('div:nth-child(14) > div > div > div > a > div').scrollIntoView().should('be.visible').click();\ncy.wait(3000);",
              "err": {
                "message": "AssertionError: Timed out retrying after 15000ms: Expected to find element: `div:nth-child(14) > div > div > div > a > div`, but never found it.",
                "estack": "AssertionError: Timed out retrying after 15000ms: Expected to find element: `div:nth-child(14) > div > div > div > a > div`, but never found it.\n    at Context.eval (https://qa.rch.build-release.com/__cypress/tests?p=cypress\\integration\\Patient_Testcases\\14_Chat.spec.js:169:8)",
                "diff": null
              },
              "uuid": "305eaf7f-4afa-4f8b-968f-1800b28dca8a",
              "parentUUID": "50f24935-cef2-43d9-a69f-19722cc59397",
              "isHook": false,
              "skipped": false
            },
            {
              "title": "The patient can open the document in a separate window by clicking on the particular document",
              "fullTitle": "chat module testcases The patient can open the document in a separate window by clicking on the particular document",
              "timedOut": null,
              "duration": 15257,
              "state": "failed",
              "speed": null,
              "pass": false,
              "fail": true,
              "pending": false,
              "context": null,
              "code": "cy.get('div.pb-6 > div > div > div > a > div').scrollIntoView().should('be.visible').click();\ncy.wait(3000);",
              "err": {
                "message": "AssertionError: Timed out retrying after 15000ms: Expected to find element: `div.pb-6 > div > div > div > a > div`, but never found it.",
                "estack": "AssertionError: Timed out retrying after 15000ms: Expected to find element: `div.pb-6 > div > div > div > a > div`, but never found it.\n    at Context.eval (https://qa.rch.build-release.com/__cypress/tests?p=cypress\\integration\\Patient_Testcases\\14_Chat.spec.js:173:8)",
                "diff": null
              },
              "uuid": "faac917b-5a32-48e5-a5b4-8e760e83e0a0",
              "parentUUID": "50f24935-cef2-43d9-a69f-19722cc59397",
              "isHook": false,
              "skipped": false
            }
          ],
          "suites": [],
          "passes": [],
          "failures": [
            "dcae99c2-6caf-4f68-9859-dd6b43ea95f5",
            "2cde1e4a-b82d-4ed0-9dc8-171cd7e696e5",
            "74e2b89d-321b-45b5-94b2-c8029685b460",
            "de7f1f79-bb57-4111-80ff-3c97fc454a62",
            "4e94b4cf-c3fb-4173-8b9a-3ff3c38e94bd",
            "18109b88-6ad9-4372-8970-be1f93c97d83",
            "305eaf7f-4afa-4f8b-968f-1800b28dca8a",
            "faac917b-5a32-48e5-a5b4-8e760e83e0a0"
          ],
          "pending": [],
          "skipped": [],
          "duration": 108382,
          "root": false,
          "rootEmpty": false,
          "_timeout": 2000
        }
      ],
      "passes": [],
      "failures": [],
      "pending": [],
      "skipped": [],
      "duration": 0,
      "root": true,
      "rootEmpty": true,
      "_timeout": 2000
    }
  ],
  "meta": {
    "mocha": {
      "version": "7.0.1"
    },
    "mochawesome": {
      "options": {
        "quiet": false,
        "reportFilename": "report",
        "saveHtml": true,
        "saveJson": true,
        "consoleReporter": "spec",
        "useInlineDiffs": false,
        "code": true
      },
      "version": "6.2.2"
    },
    "marge": {
      "options": {
        "reportDir": "cypress/reports",
        "reportFilename": "report",
        "overwrite": false,
        "html": true,
        "json": true,
        "charts": true
      },
      "version": "5.2.0"
    }
  }
}