{
  "stats": {
    "suites": 1,
    "tests": 10,
    "passes": 0,
    "pending": 0,
    "failures": 10,
    "start": "2022-05-19T06:33:53.329Z",
    "end": "2022-05-19T06:36:52.869Z",
    "duration": 179540,
    "testsRegistered": 10,
    "passPercent": 0,
    "pendingPercent": 0,
    "other": 0,
    "hasOther": false,
    "skipped": 0,
    "hasSkipped": false
  },
  "results": [
    {
      "uuid": "344df266-f590-4078-9ad9-c869a1a90b78",
      "title": "",
      "fullFile": "cypress/integration/Admin_Testcases/20_AwaitingPayment.spec.js",
      "file": "cypress/integration/Admin_Testcases/20_AwaitingPayment.spec.js",
      "beforeHooks": [],
      "afterHooks": [],
      "tests": [],
      "suites": [
        {
          "uuid": "fc271afa-68b9-4924-8718-7c3d929ab876",
          "title": "Awaiting Payment Appointment Details Test cases",
          "fullFile": "",
          "file": "",
          "beforeHooks": [],
          "afterHooks": [],
          "tests": [
            {
              "title": "As a Admin the user should be navigated to the Appointment Details page of Awaiting Payment appointment by clicking on the eye icon against that particular appointment",
              "fullTitle": "Awaiting Payment Appointment Details Test cases As a Admin the user should be navigated to the Appointment Details page of Awaiting Payment appointment by clicking on the eye icon against that particular appointment",
              "timedOut": null,
              "duration": 30633,
              "state": "failed",
              "speed": null,
              "pass": false,
              "fail": true,
              "pending": false,
              "context": null,
              "code": "cy.login();\ncy.url().should('contain', '/dashboard');\ncy.get('.space-y-4 > :nth-child(4)').should('be.visible').should('have.text', 'Appointments').click();\ncy.url().should('contain', '/appointments');\ncy.get('.-mx-4>div:nth-child(2)>div:nth-child(2)>div:nth-child(3)').should('be.visible').should('have.text', 'Add Filter').click();\ncy.get('.py-1:nth-child(2)>div:nth-child(6)').should('be.visible').should('have.text', 'awaiting payment').click();\ncy.wait(3000);\ncy.get('tbody>tr:nth-child(1)>td:nth-child(8)>div>svg').scrollIntoView().should('be.visible').click();\ncy.get(':nth-child(3) > .font-semibold > .text-sm').should('be.visible').should('contain', 'awaiting payment');",
              "err": {
                "message": "AssertionError: Timed out retrying after 15000ms: Expected to find element: `tbody>tr:nth-child(1)>td:nth-child(8)>div>svg`, but never found it.",
                "estack": "AssertionError: Timed out retrying after 15000ms: Expected to find element: `tbody>tr:nth-child(1)>td:nth-child(8)>div>svg`, but never found it.\n    at Context.eval (https://qa.rch.build-release.com/__cypress/tests?p=cypress\\integration\\Admin_Testcases\\20_AwaitingPayment.spec.js:122:8)",
                "diff": null
              },
              "uuid": "4799b861-ef6d-4e8c-9e17-28d47a328bd4",
              "parentUUID": "fc271afa-68b9-4924-8718-7c3d929ab876",
              "isHook": false,
              "skipped": false
            },
            {
              "title": "At \"Appointment details\" page each label and field should have proper label and validations",
              "fullTitle": "Awaiting Payment Appointment Details Test cases At \"Appointment details\" page each label and field should have proper label and validations",
              "timedOut": null,
              "duration": 15563,
              "state": "failed",
              "speed": null,
              "pass": false,
              "fail": true,
              "pending": false,
              "context": null,
              "code": "cy.get('.space-x-4 > .font-semibold').should('be.visible').should('have.text', 'Appointment Details');\ncy.get('.w-7').should('be.visible');\ncy.get('.min-h-screen.pb-2>div:nth-child(2)>div:nth-child(1)>div:nth-child(1)').should('be.visible');\ncy.get('.mx-4 > :nth-child(2)>div:nth-child(1)>div').should('be.visible').should('have.text', 'Appointment ID');\ncy.get('.mx-4 > :nth-child(2)>div:nth-child(2)>div').should('be.visible').should('have.text', 'Requested For');\ncy.get('.mx-4 > :nth-child(2)>div:nth-child(3)>div:nth-child(1)').should('be.visible').should('have.text', 'Status');\ncy.get('.mx-4 > :nth-child(3)>div:nth-child(2)>div').should('be.visible').should('have.text', 'Service Address');\ncy.get('.mx-4 > :nth-child(3)>div:nth-child(1)>div').should('be.visible').should('have.text', 'Scheduled On');\ncy.get('.mx-4 > :nth-child(4)>div:nth-child(1)').should('be.visible').should('have.text', 'Patients');\ncy.get('.mx-4 > :nth-child(5)>div:nth-child(1)').should('be.visible').should('have.text', 'Services Requested');\ncy.get('.mx-4 > :nth-child(6)>div:nth-child(1)').should('be.visible').should('have.text', 'Provider Details');\ncy.get('.py-4:nth-child(6)>div:nth-child(2)>div:nth-child(1)').should('be.visible');\ncy.get('.mx-4 > :nth-child(7)>div:nth-child(1)').should('be.visible').should('have.text', 'Payment Details');",
              "err": {
                "message": "AssertionError: Timed out retrying after 15000ms: Expected to find element: `.space-x-4 > .font-semibold`, but never found it.",
                "estack": "AssertionError: Timed out retrying after 15000ms: Expected to find element: `.space-x-4 > .font-semibold`, but never found it.\n    at Context.eval (https://qa.rch.build-release.com/__cypress/tests?p=cypress\\integration\\Admin_Testcases\\20_AwaitingPayment.spec.js:126:43)",
                "diff": null
              },
              "uuid": "49a7bfdc-f217-480d-a0cb-5ee5a4a1a0ff",
              "parentUUID": "fc271afa-68b9-4924-8718-7c3d929ab876",
              "isHook": false,
              "skipped": false
            },
            {
              "title": "The unique appointment id should be displayed",
              "fullTitle": "Awaiting Payment Appointment Details Test cases The unique appointment id should be displayed",
              "timedOut": null,
              "duration": 15609,
              "state": "failed",
              "speed": null,
              "pass": false,
              "fail": true,
              "pending": false,
              "context": null,
              "code": "cy.get('.mx-4 > :nth-child(2)>div:nth-child(1)>div').should('be.visible').should('have.text', 'Appointment ID');",
              "err": {
                "message": "AssertionError: Timed out retrying after 15000ms: Expected to find element: `.mx-4 > :nth-child(2)>div:nth-child(1)>div`, but never found it.",
                "estack": "AssertionError: Timed out retrying after 15000ms: Expected to find element: `.mx-4 > :nth-child(2)>div:nth-child(1)>div`, but never found it.\n    at Context.eval (https://qa.rch.build-release.com/__cypress/tests?p=cypress\\integration\\Admin_Testcases\\20_AwaitingPayment.spec.js:141:58)",
                "diff": null
              },
              "uuid": "100e2fcd-59de-4646-b2e5-fea5cd0b1543",
              "parentUUID": "fc271afa-68b9-4924-8718-7c3d929ab876",
              "isHook": false,
              "skipped": false
            },
            {
              "title": "The date requested by the patient should be displayed",
              "fullTitle": "Awaiting Payment Appointment Details Test cases The date requested by the patient should be displayed",
              "timedOut": null,
              "duration": 15561,
              "state": "failed",
              "speed": null,
              "pass": false,
              "fail": true,
              "pending": false,
              "context": null,
              "code": "cy.get('.mx-4 > :nth-child(2)>div:nth-child(2)>div').should('be.visible').should('have.text', 'Requested For');",
              "err": {
                "message": "AssertionError: Timed out retrying after 15000ms: Expected to find element: `.mx-4 > :nth-child(2)>div:nth-child(2)>div`, but never found it.",
                "estack": "AssertionError: Timed out retrying after 15000ms: Expected to find element: `.mx-4 > :nth-child(2)>div:nth-child(2)>div`, but never found it.\n    at Context.eval (https://qa.rch.build-release.com/__cypress/tests?p=cypress\\integration\\Admin_Testcases\\20_AwaitingPayment.spec.js:144:58)",
                "diff": null
              },
              "uuid": "73fa4e84-14fd-4d6c-af53-1f0df34dceca",
              "parentUUID": "fc271afa-68b9-4924-8718-7c3d929ab876",
              "isHook": false,
              "skipped": false
            },
            {
              "title": "The Service Address where the patient requested the service should be displayed",
              "fullTitle": "Awaiting Payment Appointment Details Test cases The Service Address where the patient requested the service should be displayed",
              "timedOut": null,
              "duration": 15585,
              "state": "failed",
              "speed": null,
              "pass": false,
              "fail": true,
              "pending": false,
              "context": null,
              "code": "cy.get('.mx-4 > :nth-child(3)>div:nth-child(2)>div').should('be.visible').should('have.text', 'Service Address');",
              "err": {
                "message": "AssertionError: Timed out retrying after 15000ms: Expected to find element: `.mx-4 > :nth-child(3)>div:nth-child(2)>div`, but never found it.",
                "estack": "AssertionError: Timed out retrying after 15000ms: Expected to find element: `.mx-4 > :nth-child(3)>div:nth-child(2)>div`, but never found it.\n    at Context.eval (https://qa.rch.build-release.com/__cypress/tests?p=cypress\\integration\\Admin_Testcases\\20_AwaitingPayment.spec.js:147:58)",
                "diff": null
              },
              "uuid": "23ed6843-d48f-4551-97a7-c01d6abb1030",
              "parentUUID": "fc271afa-68b9-4924-8718-7c3d929ab876",
              "isHook": false,
              "skipped": false
            },
            {
              "title": "As a Admin the user should be navigated to the medical history page of particular patient by clicking on the name card of that particular patient",
              "fullTitle": "Awaiting Payment Appointment Details Test cases As a Admin the user should be navigated to the medical history page of particular patient by clicking on the name card of that particular patient",
              "timedOut": null,
              "duration": 15520,
              "state": "failed",
              "speed": null,
              "pass": false,
              "fail": true,
              "pending": false,
              "context": null,
              "code": "cy.get('.justify-between > .flex > .w-6').should('be.visible').click();\ncy.wait(4000);\ncy.get('svg.h-6').should('be.visible').click();",
              "err": {
                "message": "AssertionError: Timed out retrying after 15000ms: Expected to find element: `.justify-between > .flex > .w-6`, but never found it.",
                "estack": "AssertionError: Timed out retrying after 15000ms: Expected to find element: `.justify-between > .flex > .w-6`, but never found it.\n    at Context.eval (https://qa.rch.build-release.com/__cypress/tests?p=cypress\\integration\\Admin_Testcases\\20_AwaitingPayment.spec.js:150:47)",
                "diff": null
              },
              "uuid": "a54d5bf3-512d-4dfa-9339-b88ec6f52976",
              "parentUUID": "fc271afa-68b9-4924-8718-7c3d929ab876",
              "isHook": false,
              "skipped": false
            },
            {
              "title": "The list of services requested by the patient should be displayed",
              "fullTitle": "Awaiting Payment Appointment Details Test cases The list of services requested by the patient should be displayed",
              "timedOut": null,
              "duration": 15656,
              "state": "failed",
              "speed": null,
              "pass": false,
              "fail": true,
              "pending": false,
              "context": null,
              "code": "cy.get('.mx-4 > :nth-child(5)>div:nth-child(1)').should('have.text', 'Services Requested');",
              "err": {
                "message": "AssertionError: Timed out retrying after 15000ms: Expected to find element: `.mx-4 > :nth-child(5)>div:nth-child(1)`, but never found it.",
                "estack": "AssertionError: Timed out retrying after 15000ms: Expected to find element: `.mx-4 > :nth-child(5)>div:nth-child(1)`, but never found it.\n    at Context.eval (https://qa.rch.build-release.com/__cypress/tests?p=cypress\\integration\\Admin_Testcases\\20_AwaitingPayment.spec.js:155:54)",
                "diff": null
              },
              "uuid": "8f335547-6553-4a9c-b368-06c5c7a496ec",
              "parentUUID": "fc271afa-68b9-4924-8718-7c3d929ab876",
              "isHook": false,
              "skipped": false
            },
            {
              "title": "The Appointment scheduled date and time should be displayed",
              "fullTitle": "Awaiting Payment Appointment Details Test cases The Appointment scheduled date and time should be displayed",
              "timedOut": null,
              "duration": 15536,
              "state": "failed",
              "speed": null,
              "pass": false,
              "fail": true,
              "pending": false,
              "context": null,
              "code": "cy.get('.py-6:nth-child(3)>div:nth-child(1)>span').should('be.visible');\ncy.wait(5000);",
              "err": {
                "message": "AssertionError: Timed out retrying after 15000ms: Expected to find element: `.py-6:nth-child(3)>div:nth-child(1)>span`, but never found it.",
                "estack": "AssertionError: Timed out retrying after 15000ms: Expected to find element: `.py-6:nth-child(3)>div:nth-child(1)>span`, but never found it.\n    at Context.eval (https://qa.rch.build-release.com/__cypress/tests?p=cypress\\integration\\Admin_Testcases\\20_AwaitingPayment.spec.js:158:56)",
                "diff": null
              },
              "uuid": "c990ec9e-4b57-49f3-9def-9accdcae3db4",
              "parentUUID": "fc271afa-68b9-4924-8718-7c3d929ab876",
              "isHook": false,
              "skipped": false
            },
            {
              "title": "As a Admin the user should be navigated to the Profile details page of provider by clicking on name card of the provider",
              "fullTitle": "Awaiting Payment Appointment Details Test cases As a Admin the user should be navigated to the Profile details page of provider by clicking on name card of the provider",
              "timedOut": null,
              "duration": 15735,
              "state": "failed",
              "speed": null,
              "pass": false,
              "fail": true,
              "pending": false,
              "context": null,
              "code": "cy.get('.py-4:nth-child(6)>div:nth-child(2)>div:nth-child(1)').should('be.visible').click();\ncy.wait(5000);\ncy.url().should('contain', '/providers');\ncy.get('.col-span-12 > div:nth-child(1) > div').should('be.visible');\ncy.get('.space-x-4.text-primary > svg').should('be.visible').click();\ncy.wait(5000);",
              "err": {
                "message": "AssertionError: Timed out retrying after 15000ms: Expected to find element: `.py-4:nth-child(6)>div:nth-child(2)>div:nth-child(1)`, but never found it.",
                "estack": "AssertionError: Timed out retrying after 15000ms: Expected to find element: `.py-4:nth-child(6)>div:nth-child(2)>div:nth-child(1)`, but never found it.\n    at Context.eval (https://qa.rch.build-release.com/__cypress/tests?p=cypress\\integration\\Admin_Testcases\\20_AwaitingPayment.spec.js:162:68)",
                "diff": null
              },
              "uuid": "4951544e-748f-459c-b4c7-2d5768ef8ee1",
              "parentUUID": "fc271afa-68b9-4924-8718-7c3d929ab876",
              "isHook": false,
              "skipped": false
            },
            {
              "title": "As a Admin the user can chat with provider by clicking on chat icon against the provider",
              "fullTitle": "Awaiting Payment Appointment Details Test cases As a Admin the user can chat with provider by clicking on chat icon against the provider",
              "timedOut": null,
              "duration": 15631,
              "state": "failed",
              "speed": null,
              "pass": false,
              "fail": true,
              "pending": false,
              "context": null,
              "code": "cy.get('.py-4:nth-child(6)>div:nth-child(2)>div:nth-child(1)>div>div:nth-child(2)').should('be.visible').click();\ncy.wait(5000);\ncy.url().should('contain', '/chat');\ncy.get('.space-x-4.text-primary > svg').should('be.visible').click();\ncy.wait(5000);\ncy.logout();",
              "err": {
                "message": "AssertionError: Timed out retrying after 15000ms: Expected to find element: `.py-4:nth-child(6)>div:nth-child(2)>div:nth-child(1)>div>div:nth-child(2)`, but never found it.",
                "estack": "AssertionError: Timed out retrying after 15000ms: Expected to find element: `.py-4:nth-child(6)>div:nth-child(2)>div:nth-child(1)>div>div:nth-child(2)`, but never found it.\n    at Context.eval (https://qa.rch.build-release.com/__cypress/tests?p=cypress\\integration\\Admin_Testcases\\20_AwaitingPayment.spec.js:170:89)",
                "diff": null
              },
              "uuid": "970c6602-c694-445b-a706-bee36446cd4c",
              "parentUUID": "fc271afa-68b9-4924-8718-7c3d929ab876",
              "isHook": false,
              "skipped": false
            }
          ],
          "suites": [],
          "passes": [],
          "failures": [
            "4799b861-ef6d-4e8c-9e17-28d47a328bd4",
            "49a7bfdc-f217-480d-a0cb-5ee5a4a1a0ff",
            "100e2fcd-59de-4646-b2e5-fea5cd0b1543",
            "73fa4e84-14fd-4d6c-af53-1f0df34dceca",
            "23ed6843-d48f-4551-97a7-c01d6abb1030",
            "a54d5bf3-512d-4dfa-9339-b88ec6f52976",
            "8f335547-6553-4a9c-b368-06c5c7a496ec",
            "c990ec9e-4b57-49f3-9def-9accdcae3db4",
            "4951544e-748f-459c-b4c7-2d5768ef8ee1",
            "970c6602-c694-445b-a706-bee36446cd4c"
          ],
          "pending": [],
          "skipped": [],
          "duration": 171029,
          "root": false,
          "rootEmpty": false,
          "_timeout": 2000
        }
      ],
      "passes": [],
      "failures": [],
      "pending": [],
      "skipped": [],
      "duration": 0,
      "root": true,
      "rootEmpty": true,
      "_timeout": 2000
    }
  ],
  "meta": {
    "mocha": {
      "version": "7.0.1"
    },
    "mochawesome": {
      "options": {
        "quiet": false,
        "reportFilename": "report",
        "saveHtml": true,
        "saveJson": true,
        "consoleReporter": "spec",
        "useInlineDiffs": false,
        "code": true
      },
      "version": "7.0.1"
    },
    "marge": {
      "options": {
        "reportDir": "cypress/reports",
        "reportFilename": "report",
        "overwrite": false,
        "html": true,
        "json": true,
        "charts": true
      },
      "version": "6.0.1"
    }
  }
}