{
  "stats": {
    "suites": 1,
    "tests": 10,
    "passes": 10,
    "pending": 0,
    "failures": 0,
    "start": "2022-08-25T05:43:03.734Z",
    "end": "2022-08-25T05:43:47.731Z",
    "duration": 43997,
    "testsRegistered": 10,
    "passPercent": 100,
    "pendingPercent": 0,
    "other": 0,
    "hasOther": false,
    "skipped": 0,
    "hasSkipped": false
  },
  "results": [
    {
      "uuid": "484182fb-6fa1-4dce-815e-111143b893eb",
      "title": "",
      "fullFile": "cypress\\e2e\\Admin_Testcases\\05_invite_providers.spec.js",
      "file": "cypress\\e2e\\Admin_Testcases\\05_invite_providers.spec.js",
      "beforeHooks": [],
      "afterHooks": [],
      "tests": [],
      "suites": [
        {
          "uuid": "6ee7b567-3331-4675-9dbb-4a7029a33f4f",
          "title": "Provider module testcases",
          "fullFile": "",
          "file": "",
          "beforeHooks": [],
          "afterHooks": [],
          "tests": [
            {
              "title": "As a Admin I should be albe to navigate on invited provider listing page",
              "fullTitle": "Provider module testcases As a Admin I should be albe to navigate on invited provider listing page",
              "timedOut": null,
              "duration": 8641,
              "state": "passed",
              "speed": "medium",
              "pass": true,
              "fail": false,
              "pending": false,
              "context": null,
              "code": "cy.login();\ncy.get('.space-y-4 > :nth-child(3)').should('be.visible').should('have.text', 'Providers').click();\ncy.url().should('include', '/providers');\ncy.get('div.space-x-4.flex > button:nth-child(1)').should('be.visible').should('have.text', 'Pending Invitations').click();\ncy.url().should('include', '/invitation');",
              "err": {},
              "uuid": "7b3509da-1b29-4330-a101-84932944ce99",
              "parentUUID": "6ee7b567-3331-4675-9dbb-4a7029a33f4f",
              "isHook": false,
              "skipped": false
            },
            {
              "title": "At invited providers page each label and field should have proper label and proper validations",
              "fullTitle": "Provider module testcases At invited providers page each label and field should have proper label and proper validations",
              "timedOut": null,
              "duration": 886,
              "state": "passed",
              "speed": "fast",
              "pass": true,
              "fail": false,
              "pending": false,
              "context": null,
              "code": "cy.get('thead > tr > :nth-child(1) > div').should('be.visible').and('have.text', 'Email');\ncy.get('thead > tr > :nth-child(2) > div').should('be.visible').should('contain', 'Phone Number');\ncy.get('thead > tr > :nth-child(3) > div').should('be.visible').and('have.text', 'Invited On');\ncy.get('thead > tr > :nth-child(4) > div').should('be.visible').and('have.text', 'Status');\ncy.get('thead > tr > :nth-child(5) > div').should('be.visible').and('contain', 'Action');\ncy.xpath(\"//button[@textid='provider.invite']\").should('be.visible').should('have.text', 'Invite Provider');\ncy.get('div.flex.flex-wrap>div:nth-child(1)>div').should('be.visible').and('contain', 'Invited Providers');",
              "err": {},
              "uuid": "31ca057a-19be-410f-97fa-bb6a57267f35",
              "parentUUID": "6ee7b567-3331-4675-9dbb-4a7029a33f4f",
              "isHook": false,
              "skipped": false
            },
            {
              "title": "As a admin the user should be able to go the next page of the pending invitations list by clicking on next button",
              "fullTitle": "Provider module testcases As a admin the user should be able to go the next page of the pending invitations list by clicking on next button",
              "timedOut": null,
              "duration": 341,
              "state": "passed",
              "speed": "fast",
              "pass": true,
              "fail": false,
              "pending": false,
              "context": null,
              "code": "cy.get('.mt-1:nth-child(2)').should('be.visible').should('have.text', 'Next').click();",
              "err": {},
              "uuid": "2575efac-4c83-43e4-ace3-932ece11520e",
              "parentUUID": "6ee7b567-3331-4675-9dbb-4a7029a33f4f",
              "isHook": false,
              "skipped": false
            },
            {
              "title": "As a admin the user should be able to go the previous page of the pending invitations list by clicking on previous button",
              "fullTitle": "Provider module testcases As a admin the user should be able to go the previous page of the pending invitations list by clicking on previous button",
              "timedOut": null,
              "duration": 504,
              "state": "passed",
              "speed": "fast",
              "pass": true,
              "fail": false,
              "pending": false,
              "context": null,
              "code": "cy.get('.mt-1:nth-child(1)').should('be.visible').should('have.text', 'Previous').click();",
              "err": {},
              "uuid": "94cd64bd-4da2-450d-b875-047ff5d4b0f3",
              "parentUUID": "6ee7b567-3331-4675-9dbb-4a7029a33f4f",
              "isHook": false,
              "skipped": false
            },
            {
              "title": "As a Admin I should be albe to get a pop up window of invite provider by clicking on invite provider button",
              "fullTitle": "Provider module testcases As a Admin I should be albe to get a pop up window of invite provider by clicking on invite provider button",
              "timedOut": null,
              "duration": 259,
              "state": "passed",
              "speed": "fast",
              "pass": true,
              "fail": false,
              "pending": false,
              "context": null,
              "code": "cy.xpath(\"//button[@textid='provider.invite']\").should('have.text', 'Invite Provider').click();\ncy.xpath('//div[1]/h3[1]/div[1]/div[1]').should('be.visible').should('have.text', 'Invite Provider');",
              "err": {},
              "uuid": "225c2f4b-7b2f-489f-9042-9da03b7740b2",
              "parentUUID": "6ee7b567-3331-4675-9dbb-4a7029a33f4f",
              "isHook": false,
              "skipped": false
            },
            {
              "title": "At invited providers pop up window each label and field should have proper label and proper validations",
              "fullTitle": "Provider module testcases At invited providers pop up window each label and field should have proper label and proper validations",
              "timedOut": null,
              "duration": 1409,
              "state": "passed",
              "speed": "fast",
              "pass": true,
              "fail": false,
              "pending": false,
              "context": null,
              "code": "cy.xpath('//div[1]/h3[1]/div[1]/div[1]').should('be.visible').should('have.text', 'Invite Provider');\ncy.get('div.hidden>h3>div>svg').should('be.visible');\ncy.xpath('//div[1]/form[1]/div[1]/label/div').should('be.visible').and('have.text', 'Email');\ncy.xpath('//div[1]/form[1]/div[1]/div').should('be.visible');\ncy.xpath('//div[1]/form[1]/div[2]/label/div').should('be.visible').and('contain', 'Phone Number');\ncy.xpath('//div[1]/form[1]/div[1]/div').should('be.visible');\ncy.xpath('//div[1]/form[1]/div[3]/button[1]').should('be.visible').and('have.text', 'Cancel');\ncy.xpath('//div[1]/form[1]/div[3]/button[2]').should('be.visible').and('have.text', 'Invite');\ncy.xpath('//div[1]/form[1]/div[1]/div').clear().type('sdada@dada@asd.com');\ncy.get('#update-profile').click();\ncy.xpath('//div[1]/form[1]/div[1]/div[2]').should('be.visible').and('have.text', 'Email is not valid');",
              "err": {},
              "uuid": "da49500a-4d25-4e1a-9935-ed653e199b79",
              "parentUUID": "6ee7b567-3331-4675-9dbb-4a7029a33f4f",
              "isHook": false,
              "skipped": false
            },
            {
              "title": "As a Admin I shoual be able to invite provider",
              "fullTitle": "Provider module testcases As a Admin I shoual be able to invite provider",
              "timedOut": null,
              "duration": 3126,
              "state": "passed",
              "speed": "fast",
              "pass": true,
              "fail": false,
              "pending": false,
              "context": null,
              "code": "const email = _faker.default.name.firstName() + '@mailinator.com';\nconst phone = _faker.default.phone.phoneNumber('(###)-###-####');\ncy.xpath('//div[1]/form[1]/div[1]/div[1]').clear().type(email);\ncy.xpath('//div[1]/form[1]/div[2]/div').clear().type(phone);\ncy.get('#update-profile').click();\ncy.writeFile('cypress/fixtures/provider.json', {\n  email: email,\n  phone: phone\n});\ncy.contains('Invitation sent successfully.');",
              "err": {},
              "uuid": "179d28a4-846b-4018-86df-9c66627fc078",
              "parentUUID": "6ee7b567-3331-4675-9dbb-4a7029a33f4f",
              "isHook": false,
              "skipped": false
            },
            {
              "title": "As a Admin I should be able to see invited provider into the provider list",
              "fullTitle": "Provider module testcases As a Admin I should be able to see invited provider into the provider list",
              "timedOut": null,
              "duration": 198,
              "state": "passed",
              "speed": "fast",
              "pass": true,
              "fail": false,
              "pending": false,
              "context": null,
              "code": "cy.readFile('cypress/fixtures/provider.json').then(provider => {\n  cy.get(':nth-child(1) > :nth-child(1) > div > .text-gray-900').should('be.visible').and('have.text', provider.email.toLowerCase());\n});",
              "err": {},
              "uuid": "d0a34f89-83f7-4255-8b6b-815e971e0d41",
              "parentUUID": "6ee7b567-3331-4675-9dbb-4a7029a33f4f",
              "isHook": false,
              "skipped": false
            },
            {
              "title": "As a admin the user should be able to search any prodvider with his name or email",
              "fullTitle": "Provider module testcases As a admin the user should be able to search any prodvider with his name or email",
              "timedOut": null,
              "duration": 8558,
              "state": "passed",
              "speed": "medium",
              "pass": true,
              "fail": false,
              "pending": false,
              "context": null,
              "code": "cy.readFile('cypress/fixtures/provider.json').then(provider => {\n  cy.get('[type=search]').should('be.visible').type(provider.email.toLowerCase());\n  cy.wait(5000);\n  cy.get('tr:nth-child(1)>td:nth-child(1)').should('be.visible').should('have.text', provider.email.toLowerCase());\n  cy.wait(2000);\n  cy.get('[type=search]').should('be.visible').clear().type(provider.phone);\n  cy.get('tr:nth-child(1)>td:nth-child(2)').should('be.visible').should('contain', provider.phone);\n});",
              "err": {},
              "uuid": "440e5e72-eab7-4f4b-b646-c234ff93217e",
              "parentUUID": "6ee7b567-3331-4675-9dbb-4a7029a33f4f",
              "isHook": false,
              "skipped": false
            },
            {
              "title": "As a Admin I should be able to able to resend the invitation code.",
              "fullTitle": "Provider module testcases As a Admin I should be able to able to resend the invitation code.",
              "timedOut": null,
              "duration": 9991,
              "state": "passed",
              "speed": "medium",
              "pass": true,
              "fail": false,
              "pending": false,
              "context": null,
              "code": "// cy.xpath(\"//tr[1]/td[5]/div/div/div\").first().click();\n// cy.contains(\"Invitation sent successfully.\")\ncy.logout();",
              "err": {},
              "uuid": "360e04dc-f747-45cc-89d2-1dcea8a94e75",
              "parentUUID": "6ee7b567-3331-4675-9dbb-4a7029a33f4f",
              "isHook": false,
              "skipped": false
            }
          ],
          "suites": [],
          "passes": [
            "7b3509da-1b29-4330-a101-84932944ce99",
            "31ca057a-19be-410f-97fa-bb6a57267f35",
            "2575efac-4c83-43e4-ace3-932ece11520e",
            "94cd64bd-4da2-450d-b875-047ff5d4b0f3",
            "225c2f4b-7b2f-489f-9042-9da03b7740b2",
            "da49500a-4d25-4e1a-9935-ed653e199b79",
            "179d28a4-846b-4018-86df-9c66627fc078",
            "d0a34f89-83f7-4255-8b6b-815e971e0d41",
            "440e5e72-eab7-4f4b-b646-c234ff93217e",
            "360e04dc-f747-45cc-89d2-1dcea8a94e75"
          ],
          "failures": [],
          "pending": [],
          "skipped": [],
          "duration": 33913,
          "root": false,
          "rootEmpty": false,
          "_timeout": 2000
        }
      ],
      "passes": [],
      "failures": [],
      "pending": [],
      "skipped": [],
      "duration": 0,
      "root": true,
      "rootEmpty": true,
      "_timeout": 2000
    }
  ],
  "meta": {
    "mocha": {
      "version": "7.0.1"
    },
    "mochawesome": {
      "options": {
        "quiet": false,
        "reportFilename": "report",
        "saveHtml": true,
        "saveJson": true,
        "consoleReporter": "spec",
        "useInlineDiffs": false,
        "code": true
      },
      "version": "7.0.1"
    },
    "marge": {
      "options": {
        "reportDir": "cypress/reports",
        "reportFilename": "report",
        "overwrite": false,
        "html": true,
        "json": true,
        "charts": true
      },
      "version": "6.0.1"
    }
  }
}