{
  "stats": {
    "suites": 1,
    "tests": 8,
    "passes": 8,
    "pending": 0,
    "failures": 0,
    "start": "2022-12-19T04:26:25.413Z",
    "end": "2022-12-19T04:27:13.766Z",
    "duration": 48353,
    "testsRegistered": 8,
    "passPercent": 100,
    "pendingPercent": 0,
    "other": 0,
    "hasOther": false,
    "skipped": 0,
    "hasSkipped": false
  },
  "results": [
    {
      "uuid": "bd6162ec-e887-421c-8d7c-8a08abdc32b0",
      "title": "",
      "fullFile": "cypress\\e2e\\Admin_Testcases\\01_login.spec.js",
      "file": "cypress\\e2e\\Admin_Testcases\\01_login.spec.js",
      "beforeHooks": [],
      "afterHooks": [],
      "tests": [],
      "suites": [
        {
          "uuid": "22282b32-33fe-49fa-8948-53896956207b",
          "title": "Login module testcases",
          "fullFile": "",
          "file": "",
          "beforeHooks": [],
          "afterHooks": [],
          "tests": [
            {
              "title": "As a Admin I should be able to navigate on login page",
              "fullTitle": "Login module testcases As a Admin I should be able to navigate on login page",
              "timedOut": null,
              "duration": 10813,
              "state": "passed",
              "speed": "slow",
              "pass": true,
              "fail": false,
              "pending": false,
              "context": null,
              "code": "//Launch URL.\ncy.visit(cred.qaUrl); //Verifying that the login page is visible.\ncy.xpath(\"//*[text()='Sign In']\").should('have.text', 'Sign In').and('be.visible');",
              "err": {},
              "uuid": "42ac5437-934b-4fcd-b173-c00133b64781",
              "parentUUID": "22282b32-33fe-49fa-8948-53896956207b",
              "isHook": false,
              "skipped": false
            },
            {
              "title": "At login screen each label and link should be proper",
              "fullTitle": "Login module testcases At login screen each label and link should be proper",
              "timedOut": null,
              "duration": 386,
              "state": "passed",
              "speed": "fast",
              "pass": true,
              "fail": false,
              "pending": false,
              "context": null,
              "code": "//verifing the \"Please enter your credentials to sign in.\" text on sign in page.\ncy.get('.text-gray-500').should('have.text', 'Please enter your credentials to sign in.'); //Verifying that the logo on the sign in page is visible.\ncy.get('[alt=\"logo\"]').invoke('attr', 'src').should('eq', '/static/media/Favicon-Light-20211230.aab62f3c.png'); //Verifying the label \"Email\" input field.\ncy.xpath(\"//label\").eq(0).should('have.text', 'Email'); //Verifying that the \"Email\" input field is present.\ncy.xpath(\"//*[@name='email']\").should('be.visible'); //Verifying the label \"Password\" input field.\ncy.xpath(\"//label\").eq(1).should('have.text', 'Password'); //Verifying that the \"Password\" input field is present.\ncy.xpath(\"//*[@name='password']\").should('be.visible'); //Verifying the label of \"Submit\" button.\ncy.xpath(\"//button[@textid='submit']\").should('be.visible'); //Verifying the \"Forgot Password\" Link.\ncy.get('a').should('have.text', 'Forgot Password?');",
              "err": {},
              "uuid": "300a6f9f-e4e6-4779-8759-2d24e297af31",
              "parentUUID": "22282b32-33fe-49fa-8948-53896956207b",
              "isHook": false,
              "skipped": false
            },
            {
              "title": "At login screen each field should have proper validation",
              "fullTitle": "Login module testcases At login screen each field should have proper validation",
              "timedOut": null,
              "duration": 1675,
              "state": "passed",
              "speed": "fast",
              "pass": true,
              "fail": false,
              "pending": false,
              "context": null,
              "code": "//Clicking inside \"Email\" input field.\ncy.xpath(\"//input[@name='email']\").should('be.visible').clear(); //Clicking outside Email input box.\ncy.get('.py-20').click(); //Verifying validation error for \"Blank data\".\ncy.get('.text-red-600').eq(0).should('have.text', 'Required').and('be.visible'); //Entering invalid data into \"Email\" input field.\ncy.xpath(\"//input[@name='email']\").should('be.visible').type('dasd@asda@'); //Verifying validation error for \"invalid data\".\ncy.get('.text-red-600').eq(0).should('have.text', 'Please enter valid email').and('be.visible'); //Clearing data in the \"Email\" input field.\ncy.xpath(\"//input[@name='email']\").clear();",
              "err": {},
              "uuid": "ea46d5ba-2a03-4953-8857-c73b936ef7cd",
              "parentUUID": "22282b32-33fe-49fa-8948-53896956207b",
              "isHook": false,
              "skipped": false
            },
            {
              "title": "At login screen password field should have proper validation",
              "fullTitle": "Login module testcases At login screen password field should have proper validation",
              "timedOut": null,
              "duration": 1439,
              "state": "passed",
              "speed": "fast",
              "pass": true,
              "fail": false,
              "pending": false,
              "context": null,
              "code": "//Clicking inside \"Password\" input field.\ncy.xpath(\"//input[@name='password']\").should('be.visible').clear(); //Clicking outside \"Password\" input box.\ncy.get('.py-20').click(); //Verifying validation error for \"Blank data\".\ncy.get('.text-red-600').eq(1).should('have.text', 'Required').and('be.visible'); //Entering Sigle Character into \"Password\" input field.\ncy.xpath(\"//input[@name='password']\").should('be.visible').clear().type('a'); //Verifying validation error for \"Minimum Characters\".\ncy.get('.text-red-600').eq(1).should('have.text', 'Password should have min. 8 characters').and('be.visible'); //Entering Data with \"Space\" into \"Password\" input field.\ncy.xpath(\"//input[@name='password']\").should('be.visible').clear().type('a b'); //Verifying validation error for \"Space entered into password input field\".\ncy.get('.text-red-600').eq(1).should('have.text', 'Space not allowed').and('be.visible');",
              "err": {},
              "uuid": "bb5955ad-1cb1-4036-9944-990a8a1c8f4a",
              "parentUUID": "22282b32-33fe-49fa-8948-53896956207b",
              "isHook": false,
              "skipped": false
            },
            {
              "title": "At login screen forgot password link text should be visible",
              "fullTitle": "Login module testcases At login screen forgot password link text should be visible",
              "timedOut": null,
              "duration": 799,
              "state": "passed",
              "speed": "fast",
              "pass": true,
              "fail": false,
              "pending": false,
              "context": null,
              "code": "//Clicking on \"Forgot Password\" link.\ncy.get('a').should('be.visible').click(); //Verifying that \"Forgot Password\" page is visible.\ncy.get('.text-gray-900').should('have.text', 'Forgot Password? ').and('be.visible'); //Clicking on Back Arrow on \"Forgot Password\" page.\ncy.get('a > .text-primary').click();",
              "err": {},
              "uuid": "849382c5-05cc-4d2f-b6b8-24525734b2d4",
              "parentUUID": "22282b32-33fe-49fa-8948-53896956207b",
              "isHook": false,
              "skipped": false
            },
            {
              "title": "I should unable to login with invalid credential",
              "fullTitle": "Login module testcases I should unable to login with invalid credential",
              "timedOut": null,
              "duration": 4182,
              "state": "passed",
              "speed": "fast",
              "pass": true,
              "fail": false,
              "pending": false,
              "context": null,
              "code": "//Entering invalid data into \"Email\" input feld.\ncy.xpath(\"//input[@name='email']\").type('alpha@gmail.com'); //Entering invalid data into \"Password\" input feld.\ncy.xpath(\"//input[@name='password']\").type('Password@321'); //Checking that the \"Submit\" button is Enabled and Clicking on it.\ncy.xpath(\"//button[@textid='submit']\").should('be.enabled').and('be.visible').click(); //Verifying the validation error for invalid Credentials.\ncy.contains('Incorrect email or password');",
              "err": {},
              "uuid": "708a5135-4cad-4580-bbba-922d4513c279",
              "parentUUID": "22282b32-33fe-49fa-8948-53896956207b",
              "isHook": false,
              "skipped": false
            },
            {
              "title": "I should be able to login with the valid credeantial",
              "fullTitle": "Login module testcases I should be able to login with the valid credeantial",
              "timedOut": null,
              "duration": 4817,
              "state": "passed",
              "speed": "fast",
              "pass": true,
              "fail": false,
              "pending": false,
              "context": null,
              "code": "//Entering Valid data into \"Email\" input feld.\ncy.xpath(\"//input[@name='email']\").clear().type(cred.email); //Entering Valid data into \"Password\" input feld.\ncy.xpath(\"//input[@name='password']\").clear().type(cred.password); //Clicking on \"Submit\" button.\ncy.xpath(\"//button[@textid='submit']\").click(); //Verifying that the Dashboard page is visible after login.\ncy.get('.max-w-xs > img').should('be.visible'); //Verifying the URL.\ncy.url().should('include', '/dashboard');",
              "err": {},
              "uuid": "48ab5fad-83ab-4959-8ae9-32d408142aa8",
              "parentUUID": "22282b32-33fe-49fa-8948-53896956207b",
              "isHook": false,
              "skipped": false
            },
            {
              "title": "As a Admin I should be able to logout successfully",
              "fullTitle": "Login module testcases As a Admin I should be able to logout successfully",
              "timedOut": null,
              "duration": 10507,
              "state": "passed",
              "speed": "slow",
              "pass": true,
              "fail": false,
              "pending": false,
              "context": null,
              "code": "//Logging out of the App.\ncy.logout();",
              "err": {},
              "uuid": "8da1a2d0-1959-4ce8-80dd-841346e5e2cf",
              "parentUUID": "22282b32-33fe-49fa-8948-53896956207b",
              "isHook": false,
              "skipped": false
            }
          ],
          "suites": [],
          "passes": [
            "42ac5437-934b-4fcd-b173-c00133b64781",
            "300a6f9f-e4e6-4779-8759-2d24e297af31",
            "ea46d5ba-2a03-4953-8857-c73b936ef7cd",
            "bb5955ad-1cb1-4036-9944-990a8a1c8f4a",
            "849382c5-05cc-4d2f-b6b8-24525734b2d4",
            "708a5135-4cad-4580-bbba-922d4513c279",
            "48ab5fad-83ab-4959-8ae9-32d408142aa8",
            "8da1a2d0-1959-4ce8-80dd-841346e5e2cf"
          ],
          "failures": [],
          "pending": [],
          "skipped": [],
          "duration": 34618,
          "root": false,
          "rootEmpty": false,
          "_timeout": 2000
        }
      ],
      "passes": [],
      "failures": [],
      "pending": [],
      "skipped": [],
      "duration": 0,
      "root": true,
      "rootEmpty": true,
      "_timeout": 2000
    }
  ],
  "meta": {
    "mocha": {
      "version": "7.0.1"
    },
    "mochawesome": {
      "options": {
        "quiet": false,
        "reportFilename": "report",
        "saveHtml": true,
        "saveJson": true,
        "consoleReporter": "spec",
        "useInlineDiffs": false,
        "code": true
      },
      "version": "7.0.1"
    },
    "marge": {
      "options": {
        "reportDir": "cypress/reports",
        "reportFilename": "report",
        "overwrite": false,
        "html": true,
        "json": true,
        "charts": true
      },
      "version": "6.0.1"
    }
  }
}