{
  "stats": {
    "suites": 1,
    "tests": 8,
    "passes": 0,
    "pending": 0,
    "failures": 8,
    "start": "2022-03-28T05:56:32.543Z",
    "end": "2022-03-28T05:59:33.823Z",
    "duration": 181280,
    "testsRegistered": 8,
    "passPercent": 0,
    "pendingPercent": 0,
    "other": 0,
    "hasOther": false,
    "skipped": 0,
    "hasSkipped": false
  },
  "results": [
    {
      "uuid": "14fbd456-4a3d-4962-bc0a-2221996c0a6d",
      "title": "",
      "fullFile": "cypress/integration/Admin_Testcases/13_ProviderChat.spec.js",
      "file": "cypress/integration/Admin_Testcases/13_ProviderChat.spec.js",
      "beforeHooks": [],
      "afterHooks": [],
      "tests": [],
      "suites": [
        {
          "uuid": "ec6e9a1a-7ea6-4cf5-bbb5-bf6e9d70de6c",
          "title": "Provider Chat module testcases",
          "fullFile": "",
          "file": "",
          "beforeHooks": [],
          "afterHooks": [],
          "tests": [
            {
              "title": "As a Admin the user should be navigated to the provider chat page of any patient by clicking on chats icon against that particular provider",
              "fullTitle": "Provider Chat module testcases As a Admin the user should be navigated to the provider chat page of any patient by clicking on chats icon against that particular provider",
              "timedOut": null,
              "duration": 57284,
              "state": "failed",
              "speed": null,
              "pass": false,
              "fail": true,
              "pending": false,
              "context": null,
              "code": "cy.login(cred.email, cred.password);\ncy.url().should('contain', '/patients');\ncy.get('.space-y-4 > :nth-child(5)').should('be.visible').and('have.text', 'Providers').click();\ncy.get('.bg-white > .w-full').should('be.visible').type('p2@mailinator.com');\ncy.wait(2000);\ncy.get('.flex > .relative > .ml-2').scrollIntoView().click();\ncy.url().should('contain', '/chat');",
              "err": {
                "message": "CypressError: `cy.screenshot()` timed out waiting `30000ms` to complete.",
                "estack": "CypressError: `cy.screenshot()` timed out waiting `30000ms` to complete.\n    at https://qa.rch.build-release.com/__cypress/runner/cypress_runner.js:157422:81\n    at tryCatcher (https://qa.rch.build-release.com/__cypress/runner/cypress_runner.js:13212:23)\n    at https://qa.rch.build-release.com/__cypress/runner/cypress_runner.js:8334:41\n    at tryCatcher (https://qa.rch.build-release.com/__cypress/runner/cypress_runner.js:13212:23)\n    at Promise._settlePromiseFromHandler (https://qa.rch.build-release.com/__cypress/runner/cypress_runner.js:11147:31)\n    at Promise._settlePromise (https://qa.rch.build-release.com/__cypress/runner/cypress_runner.js:11204:18)\n    at Promise._settlePromise0 (https://qa.rch.build-release.com/__cypress/runner/cypress_runner.js:11249:10)\n    at Promise._settlePromises (https://qa.rch.build-release.com/__cypress/runner/cypress_runner.js:11325:18)\n    at _drainQueueStep (https://qa.rch.build-release.com/__cypress/runner/cypress_runner.js:7919:12)\n    at _drainQueue (https://qa.rch.build-release.com/__cypress/runner/cypress_runner.js:7912:9)\n    at Async.../../node_modules/bluebird/js/release/async.js.Async._drainQueues (https://qa.rch.build-release.com/__cypress/runner/cypress_runner.js:7928:5)\n    at Async.drainQueues (https://qa.rch.build-release.com/__cypress/runner/cypress_runner.js:7798:14)",
                "diff": null
              },
              "uuid": "037142d2-80a6-4500-9938-bdd7289f1ce7",
              "parentUUID": "ec6e9a1a-7ea6-4cf5-bbb5-bf6e9d70de6c",
              "isHook": false,
              "skipped": false
            },
            {
              "title": "At \"Chats\" page each label and field should have proper label and validations",
              "fullTitle": "Provider Chat module testcases At \"Chats\" page each label and field should have proper label and validations",
              "timedOut": null,
              "duration": 16331,
              "state": "failed",
              "speed": null,
              "pass": false,
              "fail": true,
              "pending": false,
              "context": null,
              "code": "cy.get('.font-bold').should('be.visible').should('have.text', 'Chat');\ncy.get('.flex-wrap > .h-6').should('be.visible');\ncy.get('.rounded-3xl').should('be.visible');\ncy.get('.w-full > .cursor-pointer').should('be.visible');",
              "err": {
                "message": "AssertionError: Timed out retrying after 15000ms: expected '<div.font-bold.text-xl.text-primary.pb-2>' to have text 'Chat', but the text was 'Dashboard'",
                "estack": "AssertionError: Timed out retrying after 15000ms: expected '<div.font-bold.text-xl.text-primary.pb-2>' to have text 'Chat', but the text was 'Dashboard'\n    at Context.eval (https://qa.rch.build-release.com/__cypress/tests?p=cypress\\integration\\Admin_Testcases\\13_ProviderChat.spec.js:146:47)",
                "diff": "- 'Dashboard'\n+ 'Chat'\n"
              },
              "uuid": "df3b72e7-f38a-473f-a4c5-93569b91687c",
              "parentUUID": "ec6e9a1a-7ea6-4cf5-bbb5-bf6e9d70de6c",
              "isHook": false,
              "skipped": false
            },
            {
              "title": "The user should able to see all the chats between the Admin and provider",
              "fullTitle": "Provider Chat module testcases The user should able to see all the chats between the Admin and provider",
              "timedOut": null,
              "duration": 15934,
              "state": "failed",
              "speed": null,
              "pass": false,
              "fail": true,
              "pending": false,
              "context": null,
              "code": "cy.get('div:nth-child(1) > div > div > div > div.p-3.rounded-lg.relative.bg-primary.text-white').scrollIntoView().should('be.visible').should('contain', 'hi');\ncy.get('div.pb-6 > div > div > div > a > div').scrollIntoView().should('be.visible');",
              "err": {
                "message": "AssertionError: Timed out retrying after 15000ms: Expected to find element: `div:nth-child(1) > div > div > div > div.p-3.rounded-lg.relative.bg-primary.text-white`, but never found it.",
                "estack": "AssertionError: Timed out retrying after 15000ms: Expected to find element: `div:nth-child(1) > div > div > div > div.p-3.rounded-lg.relative.bg-primary.text-white`, but never found it.\n    at Context.eval (https://qa.rch.build-release.com/__cypress/tests?p=cypress\\integration\\Admin_Testcases\\13_ProviderChat.spec.js:152:8)",
                "diff": null
              },
              "uuid": "f1e9984c-5d50-421c-ab73-1325318be1d0",
              "parentUUID": "ec6e9a1a-7ea6-4cf5-bbb5-bf6e9d70de6c",
              "isHook": false,
              "skipped": false
            },
            {
              "title": "As a Admin the user should able to send message to the provider",
              "fullTitle": "Provider Chat module testcases As a Admin the user should able to send message to the provider",
              "timedOut": null,
              "duration": 16033,
              "state": "failed",
              "speed": null,
              "pass": false,
              "fail": true,
              "pending": false,
              "context": null,
              "code": "cy.get('.w-full > .bg-white').should('be.visible').type('hi');\ncy.wait(2000);\ncy.get('.w-full > .cursor-pointer').should('be.visible').click();\ncy.wait(3000);",
              "err": {
                "message": "AssertionError: Timed out retrying after 15000ms: Expected to find element: `.w-full > .bg-white`, but never found it.",
                "estack": "AssertionError: Timed out retrying after 15000ms: Expected to find element: `.w-full > .bg-white`, but never found it.\n    at Context.eval (https://qa.rch.build-release.com/__cypress/tests?p=cypress\\integration\\Admin_Testcases\\13_ProviderChat.spec.js:156:35)",
                "diff": null
              },
              "uuid": "1771ed5d-b3c3-48c5-ac71-fe753fff64d7",
              "parentUUID": "ec6e9a1a-7ea6-4cf5-bbb5-bf6e9d70de6c",
              "isHook": false,
              "skipped": false
            },
            {
              "title": "The message sent by Admin should be received by the Provider",
              "fullTitle": "Provider Chat module testcases The message sent by Admin should be received by the Provider",
              "timedOut": null,
              "duration": 15997,
              "state": "failed",
              "speed": null,
              "pass": false,
              "fail": true,
              "pending": false,
              "context": null,
              "code": "cy.get('div.pb-6 > div > div > div > div.p-3.rounded-lg.relative.bg-primary.text-white').should('be.visible').should('contain', 'hi');",
              "err": {
                "message": "AssertionError: Timed out retrying after 15000ms: Expected to find element: `div.pb-6 > div > div > div > div.p-3.rounded-lg.relative.bg-primary.text-white`, but never found it.",
                "estack": "AssertionError: Timed out retrying after 15000ms: Expected to find element: `div.pb-6 > div > div > div > div.p-3.rounded-lg.relative.bg-primary.text-white`, but never found it.\n    at Context.eval (https://qa.rch.build-release.com/__cypress/tests?p=cypress\\integration\\Admin_Testcases\\13_ProviderChat.spec.js:162:94)",
                "diff": null
              },
              "uuid": "7d201fe6-58d3-40f4-842c-1201b8f57d39",
              "parentUUID": "ec6e9a1a-7ea6-4cf5-bbb5-bf6e9d70de6c",
              "isHook": false,
              "skipped": false
            },
            {
              "title": "As a Admin the user can able to send the documents and images by clicking on attachments icon",
              "fullTitle": "Provider Chat module testcases As a Admin the user can able to send the documents and images by clicking on attachments icon",
              "timedOut": null,
              "duration": 16023,
              "state": "failed",
              "speed": null,
              "pass": false,
              "fail": true,
              "pending": false,
              "context": null,
              "code": "cy.get('.opacity-0').attachFile('faf.jpg');\ncy.wait(2000);\ncy.get('.w-60 > img').should('be.visible');\ncy.get('.opacity-0').attachFile('file.pdf');\ncy.wait(2000);\ncy.get('.w-60 > :nth-child(1) > img').should('be.visible');",
              "err": {
                "message": "AssertionError: Timed out retrying after 15000ms: Expected to find element: `.opacity-0`, but never found it.",
                "estack": "AssertionError: Timed out retrying after 15000ms: Expected to find element: `.opacity-0`, but never found it.\n    at Context.eval (https://qa.rch.build-release.com/__cypress/tests?p=cypress\\integration\\Admin_Testcases\\13_ProviderChat.spec.js:165:8)",
                "diff": null
              },
              "uuid": "83d4678f-94d6-4dcb-810f-27f2f0d2ce5a",
              "parentUUID": "ec6e9a1a-7ea6-4cf5-bbb5-bf6e9d70de6c",
              "isHook": false,
              "skipped": false
            },
            {
              "title": "The Admin can see the full length image on a separate window by clicking on that particular image",
              "fullTitle": "Provider Chat module testcases The Admin can see the full length image on a separate window by clicking on that particular image",
              "timedOut": null,
              "duration": 16068,
              "state": "failed",
              "speed": null,
              "pass": false,
              "fail": true,
              "pending": false,
              "context": null,
              "code": "cy.get('div:nth-child(11) > div > div > div > a > div').scrollIntoView().should('be.visible').click();\ncy.wait(3000);",
              "err": {
                "message": "AssertionError: Timed out retrying after 15000ms: Expected to find element: `div:nth-child(11) > div > div > div > a > div`, but never found it.",
                "estack": "AssertionError: Timed out retrying after 15000ms: Expected to find element: `div:nth-child(11) > div > div > div > a > div`, but never found it.\n    at Context.eval (https://qa.rch.build-release.com/__cypress/tests?p=cypress\\integration\\Admin_Testcases\\13_ProviderChat.spec.js:173:8)",
                "diff": null
              },
              "uuid": "8f920392-503e-4065-94aa-de8f719e4beb",
              "parentUUID": "ec6e9a1a-7ea6-4cf5-bbb5-bf6e9d70de6c",
              "isHook": false,
              "skipped": false
            },
            {
              "title": "The Admin can open the document in a separate window by clicking on the particular document",
              "fullTitle": "Provider Chat module testcases The Admin can open the document in a separate window by clicking on the particular document",
              "timedOut": null,
              "duration": 17505,
              "state": "failed",
              "speed": null,
              "pass": false,
              "fail": true,
              "pending": false,
              "context": null,
              "code": "cy.get('div.pb-6 > div > div > div > a > div').scrollIntoView().should('be.visible').click();\ncy.wait(3000);\ncy.logout();",
              "err": {
                "message": "AssertionError: Timed out retrying after 15000ms: Expected to find element: `div.pb-6 > div > div > div > a > div`, but never found it.",
                "estack": "AssertionError: Timed out retrying after 15000ms: Expected to find element: `div.pb-6 > div > div > div > a > div`, but never found it.\n    at Context.eval (https://qa.rch.build-release.com/__cypress/tests?p=cypress\\integration\\Admin_Testcases\\13_ProviderChat.spec.js:177:8)",
                "diff": null
              },
              "uuid": "96a04d6e-b541-48cd-ab84-16ed3e38c5ce",
              "parentUUID": "ec6e9a1a-7ea6-4cf5-bbb5-bf6e9d70de6c",
              "isHook": false,
              "skipped": false
            }
          ],
          "suites": [],
          "passes": [],
          "failures": [
            "037142d2-80a6-4500-9938-bdd7289f1ce7",
            "df3b72e7-f38a-473f-a4c5-93569b91687c",
            "f1e9984c-5d50-421c-ab73-1325318be1d0",
            "1771ed5d-b3c3-48c5-ac71-fe753fff64d7",
            "7d201fe6-58d3-40f4-842c-1201b8f57d39",
            "83d4678f-94d6-4dcb-810f-27f2f0d2ce5a",
            "8f920392-503e-4065-94aa-de8f719e4beb",
            "96a04d6e-b541-48cd-ab84-16ed3e38c5ce"
          ],
          "pending": [],
          "skipped": [],
          "duration": 171175,
          "root": false,
          "rootEmpty": false,
          "_timeout": 2000
        }
      ],
      "passes": [],
      "failures": [],
      "pending": [],
      "skipped": [],
      "duration": 0,
      "root": true,
      "rootEmpty": true,
      "_timeout": 2000
    }
  ],
  "meta": {
    "mocha": {
      "version": "7.0.1"
    },
    "mochawesome": {
      "options": {
        "quiet": false,
        "reportFilename": "report",
        "saveHtml": true,
        "saveJson": true,
        "consoleReporter": "spec",
        "useInlineDiffs": false,
        "code": true
      },
      "version": "7.0.1"
    },
    "marge": {
      "options": {
        "reportDir": "cypress/reports",
        "reportFilename": "report",
        "overwrite": false,
        "html": true,
        "json": true,
        "charts": true
      },
      "version": "6.0.1"
    }
  }
}