{
  "stats": {
    "suites": 1,
    "tests": 12,
    "passes": 0,
    "pending": 0,
    "failures": 12,
    "start": "2021-12-29T07:21:08.013Z",
    "end": "2021-12-29T07:26:05.252Z",
    "duration": 297239,
    "testsRegistered": 12,
    "passPercent": 0,
    "pendingPercent": 0,
    "other": 0,
    "hasOther": false,
    "skipped": 0,
    "hasSkipped": false
  },
  "results": [
    {
      "uuid": "0453ae5c-689d-4f6d-8a8e-98fe812a5875",
      "title": "",
      "fullFile": "cypress/integration/Admin_Testcases/11_Services.spec.js",
      "file": "cypress/integration/Admin_Testcases/11_Services.spec.js",
      "beforeHooks": [],
      "afterHooks": [],
      "tests": [],
      "suites": [
        {
          "uuid": "44609cec-8540-425b-bd9b-bb5005ea3e1a",
          "title": "Services module testcases",
          "fullFile": "",
          "file": "",
          "beforeHooks": [],
          "afterHooks": [],
          "tests": [
            {
              "title": "As a Admin the user should be navigated to the services page by clicking \"Services\" tab.",
              "fullTitle": "Services module testcases As a Admin the user should be navigated to the services page by clicking \"Services\" tab.",
              "timedOut": null,
              "duration": 123819,
              "state": "failed",
              "speed": null,
              "pass": false,
              "fail": true,
              "pending": false,
              "context": null,
              "code": "cy.login(cred.email, cred.password);\ncy.url().should('contain', '/patients');\ncy.get('.space-y-4 > :nth-child(2)').should('be.visible').should('contain', 'Services').click();\ncy.url().should('contain', '/services');",
              "err": {
                "message": "AssertionError: Timed out retrying after 15000ms: Expected to find element: `//input[@name='email']`, but never found it.",
                "estack": "AssertionError: Timed out retrying after 15000ms: Expected to find element: `//input[@name='email']`, but never found it.\n    at Context.eval (https://staging.rch.build-release.com/__cypress/tests?p=cypress\\support\\index.js:251:6)",
                "diff": null
              },
              "uuid": "e6200f2d-005b-444b-817c-f49d92de0734",
              "parentUUID": "44609cec-8540-425b-bd9b-bb5005ea3e1a",
              "isHook": false,
              "skipped": false
            },
            {
              "title": "At Services page each label and field should have proper label and validations",
              "fullTitle": "Services module testcases At Services page each label and field should have proper label and validations",
              "timedOut": null,
              "duration": 15313,
              "state": "failed",
              "speed": null,
              "pass": false,
              "fail": true,
              "pending": false,
              "context": null,
              "code": "cy.get('.text-xl').should('be.visible').should('have.text', 'Services List');\ncy.get('form > .bg-white').should('be.visible');\ncy.get('.bg-white > .w-full').should('be.visible');\ncy.get('.ml-2 > .text-primary').should('be.visible');\ncy.get('.flex-wrap > .flex').should('be.visible').should('have.text', 'Add Service');\ncy.get('thead > tr > .text-left').should('be.visible').should('have.text', 'Service Name');\ncy.get('thead > tr > :nth-child(2)').should('be.visible').should('have.text', 'Service Description');\ncy.get('thead > tr > :nth-child(3)').should('be.visible').should('have.text', 'Service Category');\ncy.get('thead > tr > :nth-child(4)').should('be.visible').should('have.text', 'Service Type');\ncy.get('thead > tr > :nth-child(5)').should('be.visible').should('have.text', 'Service Rate');\ncy.get('thead > tr > :nth-child(6)').scrollIntoView().should('be.visible').should('have.text', 'Action');",
              "err": {
                "message": "AssertionError: Timed out retrying after 15000ms: Expected to find element: `.text-xl`, but never found it.",
                "estack": "AssertionError: Timed out retrying after 15000ms: Expected to find element: `.text-xl`, but never found it.\n    at Context.eval (https://staging.rch.build-release.com/__cypress/tests?p=cypress\\integration\\Admin_Testcases\\11_Services.spec.js:121:24)",
                "diff": null
              },
              "uuid": "ddb7e498-94db-421d-94b1-40c582cf51d0",
              "parentUUID": "44609cec-8540-425b-bd9b-bb5005ea3e1a",
              "isHook": false,
              "skipped": false
            },
            {
              "title": "As a Admin the user should get add service pop up window by clicking on \"Add Service\" button",
              "fullTitle": "Services module testcases As a Admin the user should get add service pop up window by clicking on \"Add Service\" button",
              "timedOut": null,
              "duration": 15237,
              "state": "failed",
              "speed": null,
              "pass": false,
              "fail": true,
              "pending": false,
              "context": null,
              "code": "cy.get('.flex-wrap > .flex').should('be.visible').should('have.text', 'Add Service').click();",
              "err": {
                "message": "AssertionError: Timed out retrying after 15000ms: Expected to find element: `.flex-wrap > .flex`, but never found it.",
                "estack": "AssertionError: Timed out retrying after 15000ms: Expected to find element: `.flex-wrap > .flex`, but never found it.\n    at Context.eval (https://staging.rch.build-release.com/__cypress/tests?p=cypress\\integration\\Admin_Testcases\\11_Services.spec.js:134:34)",
                "diff": null
              },
              "uuid": "6e5f425c-9c87-4758-8716-0b92367b4d3f",
              "parentUUID": "44609cec-8540-425b-bd9b-bb5005ea3e1a",
              "isHook": false,
              "skipped": false
            },
            {
              "title": "At Add Service pop up window each label and field should have proper label and validations",
              "fullTitle": "Services module testcases At Add Service pop up window each label and field should have proper label and validations",
              "timedOut": null,
              "duration": 15275,
              "state": "failed",
              "speed": null,
              "pass": false,
              "fail": true,
              "pending": false,
              "context": null,
              "code": "cy.get('.hidden > .justify-between > .font-bold').should('be.visible').should('have.text', 'Add Service');\ncy.get('div:nth-child(1)>div:nth-child(2)>form>div:nth-child(1)>div:nth-child(1)>label').should('be.visible').should('have.text', 'Service Name');\ncy.get('div:nth-child(1)>div:nth-child(2)>form>div:nth-child(1)>div:nth-child(2)>label').should('be.visible').should('have.text', 'Service Rate');\ncy.get('div:nth-child(1)>div:nth-child(2)>form>div:nth-child(1)>div:nth-child(1)>div').should('be.visible');\ncy.get('div:nth-child(1)>div:nth-child(2)>form>div:nth-child(1)>div:nth-child(2)>div').should('be.visible');\ncy.get('div:nth-child(1)>div:nth-child(2)>form>div:nth-child(2)>div:nth-child(1)>div:nth-child(1)').should('be.visible').should('have.text', 'Service Type');\ncy.get('div:nth-child(1)>div:nth-child(2)>form>div:nth-child(2)>div:nth-child(2)>div:nth-child(1)').should('be.visible').should('have.text', 'Service Category');\ncy.get('div:nth-child(1)>div:nth-child(2)>form>div:nth-child(2)>div:nth-child(1)>div:nth-child(2)').should('be.visible');\ncy.get('div:nth-child(1)>div:nth-child(2)>form>div:nth-child(2)>div:nth-child(2)>div:nth-child(2)').should('be.visible');\ncy.get('div:nth-child(1)>div:nth-child(2)>form>div:nth-child(3)>div>label').should('be.visible').should('have.text', 'Service Description');\ncy.get('div:nth-child(1)>div:nth-child(2)>form>div:nth-child(3)>div>div').should('be.visible');\ncy.get('.hidden > .mt-6 > .px-4 > .flex').should('be.visible').should('have.text', 'Save Details').click();\ncy.get(':nth-child(1) > :nth-child(1) > .text-red-600').should('be.visible').should('have.text', 'Required');\ncy.get(':nth-child(2) > .text-red-600').should('be.visible').should('have.text', 'Required');\ncy.get(':nth-child(2) > :nth-child(1) > .text-red-600').should('be.visible').should('have.text', 'Required');",
              "err": {
                "message": "AssertionError: Timed out retrying after 15000ms: Expected to find element: `.hidden > .justify-between > .font-bold`, but never found it.",
                "estack": "AssertionError: Timed out retrying after 15000ms: Expected to find element: `.hidden > .justify-between > .font-bold`, but never found it.\n    at Context.eval (https://staging.rch.build-release.com/__cypress/tests?p=cypress\\integration\\Admin_Testcases\\11_Services.spec.js:137:55)",
                "diff": null
              },
              "uuid": "1e08271e-6f0c-4fd2-99a5-a96d9ac7a339",
              "parentUUID": "44609cec-8540-425b-bd9b-bb5005ea3e1a",
              "isHook": false,
              "skipped": false
            },
            {
              "title": "After filling Add services form and by clicking save details button the user should able to add the service",
              "fullTitle": "Services module testcases After filling Add services form and by clicking save details button the user should able to add the service",
              "timedOut": null,
              "duration": 15304,
              "state": "failed",
              "speed": null,
              "pass": false,
              "fail": true,
              "pending": false,
              "context": null,
              "code": "cy.get('.hidden > .mt-6 > .px-4 > :nth-child(1) > :nth-child(1) > .relative > .appearance-none').should('be.visible').type('Covid Vaccine');\ncy.get('.hidden > .mt-6 > .px-4 > :nth-child(1) > :nth-child(2) > .relative > .appearance-none').should('be.visible').type('$199');\ncy.get('div:nth-child(1)>div:nth-child(2)>form>div:nth-child(2)>div:nth-child(1)>div:nth-child(2)').should('be.visible').click();\ncy.get('.css-11unzgr>div:nth-child(1)').click();\ncy.get('div:nth-child(1)>div:nth-child(2)>form>div:nth-child(2)>div:nth-child(2)>div:nth-child(2)').should('be.visible').click();\ncy.get('.css-11unzgr>div:nth-child(1)').click();\ncy.get('.hidden > .mt-6 > .px-4 > :nth-child(3) > div.w-full > .mt-1 > .resize-y').should('be.visible').type('Covid Vaccination Program');\ncy.get('.hidden > .mt-6 > .px-4 > .flex').should('be.visible').should('have.text', 'Save Details').click();\ncy.contains('Service Added successfully');",
              "err": {
                "message": "AssertionError: Timed out retrying after 15000ms: Expected to find element: `.hidden > .mt-6 > .px-4 > :nth-child(1) > :nth-child(1) > .relative > .appearance-none`, but never found it.",
                "estack": "AssertionError: Timed out retrying after 15000ms: Expected to find element: `.hidden > .mt-6 > .px-4 > :nth-child(1) > :nth-child(1) > .relative > .appearance-none`, but never found it.\n    at Context.eval (https://staging.rch.build-release.com/__cypress/tests?p=cypress\\integration\\Admin_Testcases\\11_Services.spec.js:154:102)",
                "diff": null
              },
              "uuid": "49a17f57-8593-4747-bb82-54914d266c11",
              "parentUUID": "44609cec-8540-425b-bd9b-bb5005ea3e1a",
              "isHook": false,
              "skipped": false
            },
            {
              "title": "The added service should reflect instantly under services page",
              "fullTitle": "Services module testcases The added service should reflect instantly under services page",
              "timedOut": null,
              "duration": 15334,
              "state": "failed",
              "speed": null,
              "pass": false,
              "fail": true,
              "pending": false,
              "context": null,
              "code": "cy.get(':nth-child(1) > .text-left > div > .text-gray-900').should('be.visible').should('have.text', 'Covid Vaccine');\ncy.get('tr:nth-child(1) > td:nth-child(2)').should('be.visible').should('have.text', 'Covid Vaccination Program');\ncy.get('tr:nth-child(1) > td:nth-child(3) > p').should('be.visible').should('have.text', 'Telemedicine');\ncy.get('tr:nth-child(1) > td:nth-child(4) > p').should('be.visible').should('have.text', 'MULTIPLE');\ncy.get('tr:nth-child(1) > td:nth-child(5)').should('be.visible').should('have.text', '$199');",
              "err": {
                "message": "AssertionError: Timed out retrying after 15000ms: Expected to find element: `:nth-child(1) > .text-left > div > .text-gray-900`, but never found it.",
                "estack": "AssertionError: Timed out retrying after 15000ms: Expected to find element: `:nth-child(1) > .text-left > div > .text-gray-900`, but never found it.\n    at Context.eval (https://staging.rch.build-release.com/__cypress/tests?p=cypress\\integration\\Admin_Testcases\\11_Services.spec.js:165:65)",
                "diff": null
              },
              "uuid": "4482e17b-cc7b-44fe-84bf-4da2ac40863d",
              "parentUUID": "44609cec-8540-425b-bd9b-bb5005ea3e1a",
              "isHook": false,
              "skipped": false
            },
            {
              "title": "As a Admin the user should get edit service pop up window by clicking on edit icon against the particular service",
              "fullTitle": "Services module testcases As a Admin the user should get edit service pop up window by clicking on edit icon against the particular service",
              "timedOut": null,
              "duration": 15275,
              "state": "failed",
              "speed": null,
              "pass": false,
              "fail": true,
              "pending": false,
              "context": null,
              "code": "cy.get('tr:nth-child(1) > td:nth-child(6)>div').scrollIntoView().should('be.visible').click();",
              "err": {
                "message": "AssertionError: Timed out retrying after 15000ms: Expected to find element: `tr:nth-child(1) > td:nth-child(6)>div`, but never found it.",
                "estack": "AssertionError: Timed out retrying after 15000ms: Expected to find element: `tr:nth-child(1) > td:nth-child(6)>div`, but never found it.\n    at Context.eval (https://staging.rch.build-release.com/__cypress/tests?p=cypress\\integration\\Admin_Testcases\\11_Services.spec.js:172:8)",
                "diff": null
              },
              "uuid": "6bdff7d1-b028-4166-ab6b-aacdbc1d2342",
              "parentUUID": "44609cec-8540-425b-bd9b-bb5005ea3e1a",
              "isHook": false,
              "skipped": false
            },
            {
              "title": "At Edit Service pop up window each label and field should have proper label and validations",
              "fullTitle": "Services module testcases At Edit Service pop up window each label and field should have proper label and validations",
              "timedOut": null,
              "duration": 15274,
              "state": "failed",
              "speed": null,
              "pass": false,
              "fail": true,
              "pending": false,
              "context": null,
              "code": "cy.get('div:nth-child(1)>div:nth-child(2)>form>div:nth-child(1)>div:nth-child(1)>label').should('be.visible').should('have.text', 'Service Name');\ncy.get('div:nth-child(1)>div:nth-child(2)>form>div:nth-child(1)>div:nth-child(2)>label').should('be.visible').should('have.text', 'Service Rate');\ncy.get('div:nth-child(1)>div:nth-child(2)>form>div:nth-child(1)>div:nth-child(1)>div').should('be.visible');\ncy.get('div:nth-child(1)>div:nth-child(2)>form>div:nth-child(1)>div:nth-child(2)>div').should('be.visible');\ncy.get('div:nth-child(1)>div:nth-child(2)>form>div:nth-child(2)>div:nth-child(1)>div:nth-child(1)').should('be.visible').should('have.text', 'Service Type');\ncy.get('div:nth-child(1)>div:nth-child(2)>form>div:nth-child(2)>div:nth-child(2)>div:nth-child(1)').should('be.visible').should('have.text', 'Service Category');\ncy.get('div:nth-child(1)>div:nth-child(2)>form>div:nth-child(2)>div:nth-child(1)>div:nth-child(2)').should('be.visible');\ncy.get('div:nth-child(1)>div:nth-child(2)>form>div:nth-child(2)>div:nth-child(2)>div:nth-child(2)').should('be.visible');\ncy.get('div:nth-child(1)>div:nth-child(2)>form>div:nth-child(3)>div>label').should('be.visible').should('have.text', 'Service Description');\ncy.get('div:nth-child(1)>div:nth-child(2)>form>div:nth-child(3)>div>div').should('be.visible');\ncy.get('.hidden > .mt-6 > .px-4 > .flex').should('be.visible').should('have.text', 'Save Details');",
              "err": {
                "message": "AssertionError: Timed out retrying after 15000ms: Expected to find element: `div:nth-child(1)>div:nth-child(2)>form>div:nth-child(1)>div:nth-child(1)>label`, but never found it.",
                "estack": "AssertionError: Timed out retrying after 15000ms: Expected to find element: `div:nth-child(1)>div:nth-child(2)>form>div:nth-child(1)>div:nth-child(1)>label`, but never found it.\n    at Context.eval (https://staging.rch.build-release.com/__cypress/tests?p=cypress\\integration\\Admin_Testcases\\11_Services.spec.js:175:94)",
                "diff": null
              },
              "uuid": "a86d62f3-58df-4976-ae52-5dc9ceb56bc4",
              "parentUUID": "44609cec-8540-425b-bd9b-bb5005ea3e1a",
              "isHook": false,
              "skipped": false
            },
            {
              "title": "After doing necessary edits on the edit service form and by clicking save details button the user should able to update the service",
              "fullTitle": "Services module testcases After doing necessary edits on the edit service form and by clicking save details button the user should able to update the service",
              "timedOut": null,
              "duration": 15277,
              "state": "failed",
              "speed": null,
              "pass": false,
              "fail": true,
              "pending": false,
              "context": null,
              "code": "cy.get('.hidden > .mt-6 > .px-4 > :nth-child(1) > :nth-child(1) > .relative > .appearance-none').should('be.visible').clear().type('Covid Vaccine Pfizer');\ncy.get('.hidden > .mt-6 > .px-4 > :nth-child(1) > :nth-child(2) > .relative > .appearance-none').should('be.visible').clear().type('$299');\ncy.get('div:nth-child(1)>div:nth-child(2)>form>div:nth-child(2)>div:nth-child(1)>div:nth-child(2)').should('be.visible').click();\ncy.get('.css-11unzgr>div:nth-child(2)').click();\ncy.get('div:nth-child(1)>div:nth-child(2)>form>div:nth-child(2)>div:nth-child(2)>div:nth-child(2)').should('be.visible').click();\ncy.get('.css-11unzgr>div:nth-child(3)').click();\ncy.get('.hidden > .mt-6 > .px-4 > :nth-child(3) > div.w-full > .mt-1 > .resize-y').should('be.visible').clear().type('New Covid Vaccination Program');\ncy.get('.hidden > .mt-6 > .px-4 > .flex').should('be.visible').should('have.text', 'Save Details').click();\ncy.contains('Service Updated successfully');",
              "err": {
                "message": "AssertionError: Timed out retrying after 15000ms: Expected to find element: `.hidden > .mt-6 > .px-4 > :nth-child(1) > :nth-child(1) > .relative > .appearance-none`, but never found it.",
                "estack": "AssertionError: Timed out retrying after 15000ms: Expected to find element: `.hidden > .mt-6 > .px-4 > :nth-child(1) > :nth-child(1) > .relative > .appearance-none`, but never found it.\n    at Context.eval (https://staging.rch.build-release.com/__cypress/tests?p=cypress\\integration\\Admin_Testcases\\11_Services.spec.js:188:102)",
                "diff": null
              },
              "uuid": "79bb3ea8-77b2-4d39-9f99-7c2f1b7d6325",
              "parentUUID": "44609cec-8540-425b-bd9b-bb5005ea3e1a",
              "isHook": false,
              "skipped": false
            },
            {
              "title": "The edited details should reflect instantly under services page",
              "fullTitle": "Services module testcases The edited details should reflect instantly under services page",
              "timedOut": null,
              "duration": 15284,
              "state": "failed",
              "speed": null,
              "pass": false,
              "fail": true,
              "pending": false,
              "context": null,
              "code": "cy.get(':nth-child(1) > .text-left > div > .text-gray-900').should('be.visible').should('have.text', 'Covid Vaccine Pfizer');\ncy.get('tr:nth-child(1) > td:nth-child(2)').should('be.visible').should('have.text', 'New Covid Vaccination Program');\ncy.get('tr:nth-child(1) > td:nth-child(3) > p').should('be.visible').should('have.text', 'In Home Covid Testing');\ncy.get('tr:nth-child(1) > td:nth-child(4) > p').should('be.visible').should('have.text', 'SINGLE');\ncy.get('tr:nth-child(1) > td:nth-child(5)').should('be.visible').should('have.text', '$299');",
              "err": {
                "message": "AssertionError: Timed out retrying after 15000ms: Expected to find element: `:nth-child(1) > .text-left > div > .text-gray-900`, but never found it.",
                "estack": "AssertionError: Timed out retrying after 15000ms: Expected to find element: `:nth-child(1) > .text-left > div > .text-gray-900`, but never found it.\n    at Context.eval (https://staging.rch.build-release.com/__cypress/tests?p=cypress\\integration\\Admin_Testcases\\11_Services.spec.js:199:65)",
                "diff": null
              },
              "uuid": "769046ff-8930-4253-a42c-76c4961c206a",
              "parentUUID": "44609cec-8540-425b-bd9b-bb5005ea3e1a",
              "isHook": false,
              "skipped": false
            },
            {
              "title": "As a Admin the user can able to switch between the  services pages by using next or previous buttons",
              "fullTitle": "Services module testcases As a Admin the user can able to switch between the  services pages by using next or previous buttons",
              "timedOut": null,
              "duration": 15300,
              "state": "failed",
              "speed": null,
              "pass": false,
              "fail": true,
              "pending": false,
              "context": null,
              "code": "cy.get('.flex-1 > .ml-3').should('be.visible').should('be.visible').should('have.text', 'Next').click();\ncy.wait(2000);\ncy.get('.px-4 > .flex-1 > :nth-child(1)').should('be.visible').should('have.text', 'Previous').click();",
              "err": {
                "message": "AssertionError: Timed out retrying after 15000ms: Expected to find element: `.flex-1 > .ml-3`, but never found it.",
                "estack": "AssertionError: Timed out retrying after 15000ms: Expected to find element: `.flex-1 > .ml-3`, but never found it.\n    at Context.eval (https://staging.rch.build-release.com/__cypress/tests?p=cypress\\integration\\Admin_Testcases\\11_Services.spec.js:206:31)",
                "diff": null
              },
              "uuid": "2553bd21-3340-46c8-9a97-e50669d23ec3",
              "parentUUID": "44609cec-8540-425b-bd9b-bb5005ea3e1a",
              "isHook": false,
              "skipped": false
            },
            {
              "title": "As a Admin the user can able to search a particular service through search box",
              "fullTitle": "Services module testcases As a Admin the user can able to search a particular service through search box",
              "timedOut": null,
              "duration": 15259,
              "state": "failed",
              "speed": null,
              "pass": false,
              "fail": true,
              "pending": false,
              "context": null,
              "code": "cy.get('.bg-white > .w-full').should('be.visible').type('Executive Physical');\ncy.wait(2000);\ncy.get(':nth-child(1) > .text-left > div > .text-gray-900').should('be.visible').should('have.text', 'Executive Physical');\ncy.get('tr:nth-child(1) > td:nth-child(2)').should('be.visible').should('contain', 'Identify risk factors and prevent future illness');\ncy.get('tr:nth-child(1) > td:nth-child(3) > p').should('be.visible').should('have.text', 'In Home Urgent Care');\ncy.get('tr:nth-child(1) > td:nth-child(4) > p').should('be.visible').should('have.text', 'SINGLE');\ncy.get('tr:nth-child(1) > td:nth-child(5)').should('be.visible').should('have.text', '$1800');\ncy.logout();",
              "err": {
                "message": "AssertionError: Timed out retrying after 15000ms: Expected to find element: `.bg-white > .w-full`, but never found it.",
                "estack": "AssertionError: Timed out retrying after 15000ms: Expected to find element: `.bg-white > .w-full`, but never found it.\n    at Context.eval (https://staging.rch.build-release.com/__cypress/tests?p=cypress\\integration\\Admin_Testcases\\11_Services.spec.js:211:35)",
                "diff": null
              },
              "uuid": "d938860a-458d-4a22-9059-b92d1db50d82",
              "parentUUID": "44609cec-8540-425b-bd9b-bb5005ea3e1a",
              "isHook": false,
              "skipped": false
            }
          ],
          "suites": [],
          "passes": [],
          "failures": [
            "e6200f2d-005b-444b-817c-f49d92de0734",
            "ddb7e498-94db-421d-94b1-40c582cf51d0",
            "6e5f425c-9c87-4758-8716-0b92367b4d3f",
            "1e08271e-6f0c-4fd2-99a5-a96d9ac7a339",
            "49a17f57-8593-4747-bb82-54914d266c11",
            "4482e17b-cc7b-44fe-84bf-4da2ac40863d",
            "6bdff7d1-b028-4166-ab6b-aacdbc1d2342",
            "a86d62f3-58df-4976-ae52-5dc9ceb56bc4",
            "79bb3ea8-77b2-4d39-9f99-7c2f1b7d6325",
            "769046ff-8930-4253-a42c-76c4961c206a",
            "2553bd21-3340-46c8-9a97-e50669d23ec3",
            "d938860a-458d-4a22-9059-b92d1db50d82"
          ],
          "pending": [],
          "skipped": [],
          "duration": 291951,
          "root": false,
          "rootEmpty": false,
          "_timeout": 2000
        }
      ],
      "passes": [],
      "failures": [],
      "pending": [],
      "skipped": [],
      "duration": 0,
      "root": true,
      "rootEmpty": true,
      "_timeout": 2000
    }
  ],
  "meta": {
    "mocha": {
      "version": "7.0.1"
    },
    "mochawesome": {
      "options": {
        "quiet": false,
        "reportFilename": "report",
        "saveHtml": true,
        "saveJson": true,
        "consoleReporter": "spec",
        "useInlineDiffs": false,
        "code": true
      },
      "version": "7.0.1"
    },
    "marge": {
      "options": {
        "reportDir": "cypress/reports",
        "reportFilename": "report",
        "overwrite": false,
        "html": true,
        "json": true,
        "charts": true
      },
      "version": "6.0.1"
    }
  }
}