{
  "stats": {
    "suites": 1,
    "tests": 13,
    "passes": 13,
    "pending": 0,
    "failures": 0,
    "start": "2022-04-21T06:28:26.172Z",
    "end": "2022-04-21T06:30:25.166Z",
    "duration": 118994,
    "testsRegistered": 13,
    "passPercent": 100,
    "pendingPercent": 0,
    "other": 0,
    "hasOther": false,
    "skipped": 0,
    "hasSkipped": false
  },
  "results": [
    {
      "uuid": "1b989097-ec2b-416c-a6ae-0fdb711f1f79",
      "title": "",
      "fullFile": "cypress/integration/Admin_Testcases/06_Providers.spec.js",
      "file": "cypress/integration/Admin_Testcases/06_Providers.spec.js",
      "beforeHooks": [],
      "afterHooks": [],
      "tests": [],
      "suites": [
        {
          "uuid": "d8bf7356-43d7-4451-9a19-2ab1dfde990a",
          "title": "providers module test case",
          "fullFile": "",
          "file": "",
          "beforeHooks": [],
          "afterHooks": [],
          "tests": [
            {
              "title": "As a admin the user should be navigated to the provides page by clicking on providers tab",
              "fullTitle": "providers module test case As a admin the user should be navigated to the provides page by clicking on providers tab",
              "timedOut": null,
              "duration": 6898,
              "state": "passed",
              "speed": "slow",
              "pass": true,
              "fail": false,
              "pending": false,
              "context": null,
              "code": "cy.login();\ncy.get('.space-y-4 > :nth-child(3)').should('be.visible').and('have.text', 'Providers').click();\ncy.url().should('contain', '/providers');",
              "err": {},
              "uuid": "3857cf76-e8a4-4412-9bb4-147fa534c334",
              "parentUUID": "d8bf7356-43d7-4451-9a19-2ab1dfde990a",
              "isHook": false,
              "skipped": false
            },
            {
              "title": "At providers page each label and field should have proper label and proper validations",
              "fullTitle": "providers module test case At providers page each label and field should have proper label and proper validations",
              "timedOut": null,
              "duration": 2421,
              "state": "passed",
              "speed": "slow",
              "pass": true,
              "fail": false,
              "pending": false,
              "context": null,
              "code": "cy.get('div.font-bold').should('be.visible').should('contain', 'Providers');\ncy.get('table>thead>tr>th:nth-child(1)>div').should('be.visible').should('have.text', 'Full Name');\ncy.get('table>thead>tr>th:nth-child(2)>div').should('be.visible').should('have.text', 'Email');\ncy.get('table>thead>tr>th:nth-child(3)>div').should('be.visible').should('have.text', 'Mobile Number');\ncy.get('table>thead>tr>th:nth-child(4)>div').should('be.visible').should('have.text', 'Provider Type');\ncy.get('table>thead>tr>th:nth-child(5)>div').should('be.visible').should('have.text', 'Joined On');\ncy.get('table>thead>tr>th:nth-child(6)>div').should('be.visible').should('have.text', 'Status');\ncy.get('table>thead>tr>th:nth-child(7)>div').should('be.visible').should('have.text', 'Action');\ncy.get('[type=search]').invoke('attr', 'placeholder').should('contain', 'Search for name or email.');\ncy.get('#headlessui-menu-button-4').should('be.visible').should('contain', 'Add Filter');\ncy.xpath(\"//button[@textid='provider.invite']\").should('be.visible').should('have.text', 'Invite Provider');\ncy.xpath(\"//button[@textid='admin.pending.invites']\").should('be.visible').should('have.text', 'Pending Invitations');\ncy.get('.mt-1:nth-child(2)').should('be.visible').should('have.text', 'Next');",
              "err": {},
              "uuid": "3d5da0dd-4525-4391-9a01-275c06c3c382",
              "parentUUID": "d8bf7356-43d7-4451-9a19-2ab1dfde990a",
              "isHook": false,
              "skipped": false
            },
            {
              "title": "As a admin the user should be able to go the next page of the providers list by clicking on next button",
              "fullTitle": "providers module test case As a admin the user should be able to go the next page of the providers list by clicking on next button",
              "timedOut": null,
              "duration": 324,
              "state": "passed",
              "speed": "slow",
              "pass": true,
              "fail": false,
              "pending": false,
              "context": null,
              "code": "cy.get('.mt-1:nth-child(2)').should('be.visible').should('have.text', 'Next').click();",
              "err": {},
              "uuid": "99a4df7b-9993-4496-87d7-5bcb1b9e2051",
              "parentUUID": "d8bf7356-43d7-4451-9a19-2ab1dfde990a",
              "isHook": false,
              "skipped": false
            },
            {
              "title": "As a admin the user should be able to go the previous page of the providers list by clicking on previous button",
              "fullTitle": "providers module test case As a admin the user should be able to go the previous page of the providers list by clicking on previous button",
              "timedOut": null,
              "duration": 641,
              "state": "passed",
              "speed": "slow",
              "pass": true,
              "fail": false,
              "pending": false,
              "context": null,
              "code": "cy.get('.mt-1:nth-child(1)').should('be.visible').should('have.text', 'Previous').click();",
              "err": {},
              "uuid": "cb970292-df90-4f2a-b502-d99b5756ebca",
              "parentUUID": "d8bf7356-43d7-4451-9a19-2ab1dfde990a",
              "isHook": false,
              "skipped": false
            },
            {
              "title": "As a admin the user should be able to search any prodvider with his name or email",
              "fullTitle": "providers module test case As a admin the user should be able to search any prodvider with his name or email",
              "timedOut": null,
              "duration": 14920,
              "state": "passed",
              "speed": "slow",
              "pass": true,
              "fail": false,
              "pending": false,
              "context": null,
              "code": "cy.get('[type=search]').should('be.visible').type('varkala.pavankumar@gmail.com');\ncy.wait(5000);\ncy.get('tr:nth-child(1)>td:nth-child(2)').should('be.visible').should('have.text', 'varkala.pavankumar@gmail.com');\ncy.wait(2000);\ncy.get('[type=search]').should('be.visible').clear().type('Dadas Providerrrrrrrrrrrrrrrrrr');\ncy.wait(2000);\ncy.get('tr:nth-child(1)>td:nth-child(1)').should('be.visible').should('have.text', 'Dadas Providerrrrrrrrrrrrrrrrrr');\ncy.wait(2000);\ncy.get('[type=search]').should('be.visible').clear();\ncy.wait(2000);",
              "err": {},
              "uuid": "74aa660d-d871-40cf-92a8-75800543c022",
              "parentUUID": "d8bf7356-43d7-4451-9a19-2ab1dfde990a",
              "isHook": false,
              "skipped": false
            },
            {
              "title": "As a admin the user should be navigated to the pending invitations page by clicking on \"Pending Invitations\" button.",
              "fullTitle": "providers module test case As a admin the user should be navigated to the pending invitations page by clicking on \"Pending Invitations\" button.",
              "timedOut": null,
              "duration": 2531,
              "state": "passed",
              "speed": "slow",
              "pass": true,
              "fail": false,
              "pending": false,
              "context": null,
              "code": "cy.xpath(\"//button[@textid='admin.pending.invites']\").should('be.visible').should('have.text', 'Pending Invitations').click();\ncy.url().should('contain', '/invitation');\ncy.wait(2000);\ncy.get('div.flex.flex-wrap>svg').should('be.visible').click();\ncy.url().should('contain', '/providers');",
              "err": {},
              "uuid": "501b1379-f0b7-4f20-9e0f-a101a05bf3f8",
              "parentUUID": "d8bf7356-43d7-4451-9a19-2ab1dfde990a",
              "isHook": false,
              "skipped": false
            },
            {
              "title": "As a admin the user should be navigated to the profile details of any provider by clicking on eye button against that particular provider",
              "fullTitle": "providers module test case As a admin the user should be navigated to the profile details of any provider by clicking on eye button against that particular provider",
              "timedOut": null,
              "duration": 1116,
              "state": "passed",
              "speed": "slow",
              "pass": true,
              "fail": false,
              "pending": false,
              "context": null,
              "code": "cy.get('tr:nth-child(1) > td:nth-child(7) > div > svg:nth-child(1)').scrollIntoView().should('be.visible').click({\n  force: true\n});\ncy.get('.py-8 > .font-bold').should('be.visible').should('contain', 'Provider Details');\ncy.get('.border-b-2').should('be.visible').should('contain', 'Address');\ncy.get('div.col-span-12.mt-4 > div.mt-4.space-y-4>div:nth-child(1)>div:nth-child(1)>div:nth-child(1)').should('be.visible').should('have.text', 'Address Line 1');\ncy.get('div.col-span-12.mt-4 > div.mt-4.space-y-4>div:nth-child(1)>div:nth-child(2)>div:nth-child(1)').should('be.visible').should('have.text', 'Address Line 2');\ncy.get('div.col-span-12.mt-4 > div.mt-4.space-y-4>div:nth-child(2)>div:nth-child(1)>div:nth-child(1)').should('be.visible').should('have.text', 'Postal Code');\ncy.get('div.col-span-12.mt-4 > div.mt-4.space-y-4>div:nth-child(2)>div:nth-child(2)>div:nth-child(1)').should('be.visible').should('have.text', 'City');\ncy.get('div.col-span-12.mt-4 > div.mt-4.space-y-4>div:nth-child(3)>div:nth-child(1)>div:nth-child(1)').should('be.visible').should('have.text', 'State');",
              "err": {},
              "uuid": "c6629677-702c-4472-b59a-af1fc7b9ad16",
              "parentUUID": "d8bf7356-43d7-4451-9a19-2ab1dfde990a",
              "isHook": false,
              "skipped": false
            },
            {
              "title": "As a admin the user should be navigted back to the providers page by clicking on back arrow on profile details page",
              "fullTitle": "providers module test case As a admin the user should be navigted back to the providers page by clicking on back arrow on profile details page",
              "timedOut": null,
              "duration": 197,
              "state": "passed",
              "speed": "slow",
              "pass": true,
              "fail": false,
              "pending": false,
              "context": null,
              "code": "cy.get('.py-8 > .h-6').should('be.visible').click();\ncy.url().should('contain', '/providers');",
              "err": {},
              "uuid": "9192c0e7-8529-4ab3-ae13-3344f1318a65",
              "parentUUID": "d8bf7356-43d7-4451-9a19-2ab1dfde990a",
              "isHook": false,
              "skipped": false
            },
            {
              "title": "As a Admin the user should get a pop up of invite provider by Clicking on the \"Invite Provider\" button.",
              "fullTitle": "providers module test case As a Admin the user should get a pop up of invite provider by Clicking on the \"Invite Provider\" button.",
              "timedOut": null,
              "duration": 2504,
              "state": "passed",
              "speed": "slow",
              "pass": true,
              "fail": false,
              "pending": false,
              "context": null,
              "code": "cy.xpath(\"//button[@textid='provider.invite']\").should('be.visible').should('have.text', 'Invite Provider').click();\ncy.wait(2000);\ncy.get('div:nth-child(9) > div > div>svg').should('be.visible').click();",
              "err": {},
              "uuid": "527e5110-5460-40a1-941b-53f2c3375994",
              "parentUUID": "d8bf7356-43d7-4451-9a19-2ab1dfde990a",
              "isHook": false,
              "skipped": false
            },
            {
              "title": "As a Admin the user can chat with provider by clicking on the chat icon against that provider",
              "fullTitle": "providers module test case As a Admin the user can chat with provider by clicking on the chat icon against that provider",
              "timedOut": null,
              "duration": 4460,
              "state": "passed",
              "speed": "slow",
              "pass": true,
              "fail": false,
              "pending": false,
              "context": null,
              "code": "cy.get('tr:nth-child(1) > td:nth-child(7) > div>div>img').scrollIntoView().should('be.visible').click({\n  force: true\n});\ncy.wait(2000);\ncy.get('div.flex.flex-wrap>svg').click();\ncy.wait(2000);",
              "err": {},
              "uuid": "0a14b5e7-532c-44e1-b907-e394a6d71a2c",
              "parentUUID": "d8bf7356-43d7-4451-9a19-2ab1dfde990a",
              "isHook": false,
              "skipped": false
            },
            {
              "title": "As a Admin the user can enable or disable any provider with the help of toggle icon under status",
              "fullTitle": "providers module test case As a Admin the user can enable or disable any provider with the help of toggle icon under status",
              "timedOut": null,
              "duration": 8885,
              "state": "passed",
              "speed": "slow",
              "pass": true,
              "fail": false,
              "pending": false,
              "context": null,
              "code": "cy.get('tr:nth-child(1)>td:nth-child(6)>button').scrollIntoView().should('be.visible').click({\n  force: true\n});\ncy.wait(2000);\ncy.get('div.hidden>div:nth-child(2)>div:nth-child(2)>button').click();\ncy.wait(2000);\ncy.get('tr:nth-child(1)>td:nth-child(6)>button').scrollIntoView().should('be.visible').click({\n  force: true\n});\ncy.wait(2000);\ncy.get('div.hidden>div:nth-child(2)>div:nth-child(2)>button').click();\ncy.wait(2000);",
              "err": {},
              "uuid": "b0b08413-ca73-4af5-b901-4dfb06d6a5bf",
              "parentUUID": "d8bf7356-43d7-4451-9a19-2ab1dfde990a",
              "isHook": false,
              "skipped": false
            },
            {
              "title": "As a Admin the user can change the view of the providers by using filter on full name which make the provider list in alphabetical order from a-z or Z-a",
              "fullTitle": "providers module test case As a Admin the user can change the view of the providers by using filter on full name which make the provider list in alphabetical order from a-z or Z-a",
              "timedOut": null,
              "duration": 4267,
              "state": "passed",
              "speed": "slow",
              "pass": true,
              "fail": false,
              "pending": false,
              "context": null,
              "code": "cy.get('table>thead>tr>th:nth-child(1)>span>svg:nth-child(1)').should('be.visible').click({\n  force: true\n});\ncy.wait(2000);\ncy.get('table>thead>tr>th:nth-child(1)>span>svg:nth-child(2)').should('be.visible').click({\n  force: true\n});\ncy.wait(2000);",
              "err": {},
              "uuid": "7ac4f23c-d291-45e5-b637-2fcb2499bb75",
              "parentUUID": "d8bf7356-43d7-4451-9a19-2ab1dfde990a",
              "isHook": false,
              "skipped": false
            },
            {
              "title": "As a admin the user can filter the providers based on the provider type like Md,Do etc.",
              "fullTitle": "providers module test case As a admin the user can filter the providers based on the provider type like Md,Do etc.",
              "timedOut": null,
              "duration": 64051,
              "state": "passed",
              "speed": "slow",
              "pass": true,
              "fail": false,
              "pending": false,
              "context": null,
              "code": "cy.get('div.flex.flex-wrap:nth-child(2)>div:nth-child(2)').should('be.visible').click();\ncy.wait(2000);\ncy.get('div.py-1>div:nth-child(1)').should('be.visible').should('contain', 'md').click();\ncy.wait(2000);\ncy.get('div.flex.flex-wrap:nth-child(2)>div:nth-child(2)>div:nth-child(1)>svg').should('be.visible').click();\ncy.wait(2000);\ncy.get('div.flex.flex-wrap:nth-child(2)>div:nth-child(2)').should('be.visible').click();\ncy.wait(2000);\ncy.get('div.py-1>div:nth-child(2)').should('be.visible').should('contain', 'do').click();\ncy.wait(2000);\ncy.get('div.flex.flex-wrap:nth-child(2)>div:nth-child(2)>div:nth-child(1)>svg').should('be.visible').click();\ncy.wait(2000);\ncy.get('div.flex.flex-wrap:nth-child(2)>div:nth-child(2)').should('be.visible').click();\ncy.wait(2000);\ncy.get('div.py-1>div:nth-child(3)').should('be.visible').should('contain', 'pa-c').click();\ncy.wait(2000);\ncy.get('div.flex.flex-wrap:nth-child(2)>div:nth-child(2)>div:nth-child(1)>svg').should('be.visible').click();\ncy.wait(2000);\ncy.get('div.flex.flex-wrap:nth-child(2)>div:nth-child(2)').should('be.visible').click();\ncy.wait(2000);\ncy.get('div.py-1>div:nth-child(4)').should('be.visible').should('contain', 'np').click();\ncy.wait(2000);\ncy.get('div.flex.flex-wrap:nth-child(2)>div:nth-child(2)>div:nth-child(1)>svg').should('be.visible').click();\ncy.wait(2000);\ncy.get('div.flex.flex-wrap:nth-child(2)>div:nth-child(2)').should('be.visible').click();\ncy.wait(2000);\ncy.get('div.py-1>div:nth-child(5)').should('be.visible').should('contain', 'crna').click();\ncy.wait(2000);\ncy.get('div.flex.flex-wrap:nth-child(2)>div:nth-child(2)>div:nth-child(1)>svg').should('be.visible').click();\ncy.wait(2000);\ncy.get('div.flex.flex-wrap:nth-child(2)>div:nth-child(2)').should('be.visible').click();\ncy.wait(2000);\ncy.get('div.py-1>div:nth-child(6)').should('be.visible').should('contain', 'nurse').click();\ncy.wait(2000);\ncy.get('div.flex.flex-wrap:nth-child(2)>div:nth-child(2)>div:nth-child(1)>svg').should('be.visible').click();\ncy.wait(2000);\ncy.get('div.flex.flex-wrap:nth-child(2)>div:nth-child(2)').should('be.visible').click();\ncy.wait(2000);\ncy.get('div.py-1>div:nth-child(7)').should('be.visible').should('contain', 'paramedic').click();\ncy.wait(2000);\ncy.get('div.flex.flex-wrap:nth-child(2)>div:nth-child(2)>div:nth-child(1)>svg').should('be.visible').click();\ncy.wait(2000);\ncy.get('div.flex.flex-wrap:nth-child(2)>div:nth-child(2)').should('be.visible').click();\ncy.wait(2000);\ncy.get('div.py-1>div:nth-child(8)').should('be.visible').should('contain', 'emt').click();\ncy.wait(2000);\ncy.get('div.flex.flex-wrap:nth-child(2)>div:nth-child(2)>div:nth-child(1)>svg').should('be.visible').click();\ncy.wait(2000);\ncy.logout();",
              "err": {},
              "uuid": "281a68eb-f81a-4bbe-98cf-fde7a4632a51",
              "parentUUID": "d8bf7356-43d7-4451-9a19-2ab1dfde990a",
              "isHook": false,
              "skipped": false
            }
          ],
          "suites": [],
          "passes": [
            "3857cf76-e8a4-4412-9bb4-147fa534c334",
            "3d5da0dd-4525-4391-9a01-275c06c3c382",
            "99a4df7b-9993-4496-87d7-5bcb1b9e2051",
            "cb970292-df90-4f2a-b502-d99b5756ebca",
            "74aa660d-d871-40cf-92a8-75800543c022",
            "501b1379-f0b7-4f20-9e0f-a101a05bf3f8",
            "c6629677-702c-4472-b59a-af1fc7b9ad16",
            "9192c0e7-8529-4ab3-ae13-3344f1318a65",
            "527e5110-5460-40a1-941b-53f2c3375994",
            "0a14b5e7-532c-44e1-b907-e394a6d71a2c",
            "b0b08413-ca73-4af5-b901-4dfb06d6a5bf",
            "7ac4f23c-d291-45e5-b637-2fcb2499bb75",
            "281a68eb-f81a-4bbe-98cf-fde7a4632a51"
          ],
          "failures": [],
          "pending": [],
          "skipped": [],
          "duration": 113215,
          "root": false,
          "rootEmpty": false,
          "_timeout": 2000
        }
      ],
      "passes": [],
      "failures": [],
      "pending": [],
      "skipped": [],
      "duration": 0,
      "root": true,
      "rootEmpty": true,
      "_timeout": 2000
    }
  ],
  "meta": {
    "mocha": {
      "version": "7.0.1"
    },
    "mochawesome": {
      "options": {
        "quiet": false,
        "reportFilename": "report",
        "saveHtml": true,
        "saveJson": true,
        "consoleReporter": "spec",
        "useInlineDiffs": false,
        "code": true
      },
      "version": "7.0.1"
    },
    "marge": {
      "options": {
        "reportDir": "cypress/reports",
        "reportFilename": "report",
        "overwrite": false,
        "html": true,
        "json": true,
        "charts": true
      },
      "version": "6.0.1"
    }
  }
}