{
  "stats": {
    "suites": 1,
    "tests": 4,
    "passes": 1,
    "pending": 0,
    "failures": 3,
    "start": "2022-08-03T12:59:04.312Z",
    "end": "2022-08-03T13:00:09.169Z",
    "duration": 64857,
    "testsRegistered": 4,
    "passPercent": 25,
    "pendingPercent": 0,
    "other": 0,
    "hasOther": false,
    "skipped": 0,
    "hasSkipped": false
  },
  "results": [
    {
      "uuid": "d6b95e2d-b58d-4c9f-b9be-068d1bc4f93a",
      "title": "",
      "fullFile": "cypress\\e2e\\Admin_Testcases\\10_PatientCharts_Reports.spec.js",
      "file": "cypress\\e2e\\Admin_Testcases\\10_PatientCharts_Reports.spec.js",
      "beforeHooks": [],
      "afterHooks": [],
      "tests": [],
      "suites": [
        {
          "uuid": "36f96b57-baa7-44ed-ae23-c8f1bfe87e5d",
          "title": "Reports module testcases",
          "fullFile": "",
          "file": "",
          "beforeHooks": [],
          "afterHooks": [],
          "tests": [
            {
              "title": "As a Admin the user should navigated to the Reports page by clicking on \"Reports\" tab",
              "fullTitle": "Reports module testcases As a Admin the user should navigated to the Reports page by clicking on \"Reports\" tab",
              "timedOut": null,
              "duration": 23281,
              "state": "failed",
              "speed": null,
              "pass": false,
              "fail": true,
              "pending": false,
              "context": null,
              "code": "cy.login(cred.email, cred.password);\ncy.url().should('contain', '/dashboard'); //Click patient tab on the left side tray\ncy.get('.space-y-4 > :nth-child(2)').should('be.visible').should('have.text', 'Patients').click();\ncy.url().should('contain', '/patients'); //Add new patient custom command\ncy.AddPatient();\ncy.readFile('cypress/fixtures/provider.json').then(provider => {\n  //search added patient    \n  cy.get('[type=search]').should('be.visible').type(provider.email.toLowerCase()); //Checking email is present in the list\n  cy.get('tr:nth-child(1)>td:nth-child(2)').should('be.visible').should('have.text', provider.email.toLowerCase());\n  cy.wait(4000);\n}); //Click on eye icon against patient \ncy.get('tr:nth-child(1) > td:nth-child(7) > div > svg:nth-child(1) > path:nth-child(1)').scrollIntoView().should('be.visible').click();\ncy.url().should('contain', '/address'); //Click on charts tab in patient profile\ncy.get('nav.flex.flex-wrap>div:nth-child(2)>div').should('be.visible').should('contain', 'Charts').click();\ncy.url().should('contain', '/charts'); //Click on Add Another member button\ncy.get('.flex-wrap > .flex').should('be.visible').should('have.text', 'Add Another Member').click();\ncy.addfamilymembercharts(); //Click on the name card of family member added\ncy.get('.h-screen>div:nth-child(2)>div:nth-child(2)').should('be.visible').click();\ncy.url().should('contain', '/medical_history');\ncy.get('div.py-4.pb-0>div>div:nth-child(2)>div>nav>div:nth-child(2)>').should('be.visible').should('contain', 'Reports').click();\ncy.url().should('contain', '/reports');",
              "err": {
                "message": "AssertionError: Timed out retrying after 15000ms: Expected to find element: `.max-w-xs > img`, but never found it.",
                "estack": "AssertionError: Timed out retrying after 15000ms: Expected to find element: `.max-w-xs > img`, but never found it.\n    at Context.eval (https://qa.rch.build-release.com/__cypress/tests?p=cypress\\support\\e2e.js:345:29)",
                "diff": null
              },
              "uuid": "d2612277-efe7-453d-b823-7ed85335adec",
              "parentUUID": "36f96b57-baa7-44ed-ae23-c8f1bfe87e5d",
              "isHook": false,
              "skipped": false
            },
            {
              "title": "At \"Reports\" page each label and field should have proper label and validations",
              "fullTitle": "Reports module testcases At \"Reports\" page each label and field should have proper label and validations",
              "timedOut": null,
              "duration": 15510,
              "state": "failed",
              "speed": null,
              "pass": false,
              "fail": true,
              "pending": false,
              "context": null,
              "code": "cy.get('.font-bold').should('be.visible').should('contain', 'Showing 0 Reports');\ncy.get('div.flex.items-center > div > div:nth-child(1) > div > input').should('be.visible').invoke('attr', 'placeholder').should('contain', 'Filter by Date Range..');",
              "err": {
                "message": "AssertionError: Timed out retrying after 15000ms: expected '[ <div.text-gray-500.text-xs.mb-8.font-bold>, 3 more... ]' to contain 'Showing 0 Reports'",
                "estack": "AssertionError: Timed out retrying after 15000ms: expected '[ <div.text-gray-500.text-xs.mb-8.font-bold>, 3 more... ]' to contain 'Showing 0 Reports'\n    at Context.eval (https://qa.rch.build-release.com/__cypress/tests?p=cypress\\e2e\\Admin_Testcases\\10_PatientCharts_Reports.spec.js:155:47)",
                "diff": null
              },
              "uuid": "03369e8a-d3d6-4ede-9a2a-e7ebca92ddd5",
              "parentUUID": "36f96b57-baa7-44ed-ae23-c8f1bfe87e5d",
              "isHook": false,
              "skipped": false
            },
            {
              "title": "As a Admin the user should able to see all the reports uploaded by him for the particular patient",
              "fullTitle": "Reports module testcases As a Admin the user should able to see all the reports uploaded by him for the particular patient",
              "timedOut": null,
              "duration": 50,
              "state": "passed",
              "speed": "fast",
              "pass": true,
              "fail": false,
              "pending": false,
              "context": null,
              "code": "// cy.get(':nth-child(1) > a > .justify-between').should('be.visible')\n    // cy.get(':nth-child(2) > a > .justify-between').should('be.visible')\n    // cy.get(':nth-child(3) > a > .justify-between').should('be.visible')",
              "err": {},
              "uuid": "cf897aaa-ed7c-401c-8178-1dbb3c093935",
              "parentUUID": "36f96b57-baa7-44ed-ae23-c8f1bfe87e5d",
              "isHook": false,
              "skipped": false
            },
            {
              "title": "The user able view any report by clicking on that report",
              "fullTitle": "Reports module testcases The user able view any report by clicking on that report",
              "timedOut": null,
              "duration": 15391,
              "state": "failed",
              "speed": null,
              "pass": false,
              "fail": true,
              "pending": false,
              "context": null,
              "code": "// cy.get(':nth-child(1) > a > .justify-between').should('be.visible').click()\n//  cy.get(':nth-child(2) > a > .justify-between').should('be.visible').click()\n// cy.get(':nth-child(3) > a > .justify-between').should('be.visible').click()\ncy.logout();",
              "err": {
                "message": "AssertionError: Timed out retrying after 15000ms: Expected to find element: `#headlessui-menu-button-1`, but never found it.",
                "estack": "AssertionError: Timed out retrying after 15000ms: Expected to find element: `#headlessui-menu-button-1`, but never found it.\n    at Context.eval (https://qa.rch.build-release.com/__cypress/tests?p=cypress\\support\\e2e.js:348:39)",
                "diff": null
              },
              "uuid": "95c92357-3216-4261-a26c-e122a7a60e5c",
              "parentUUID": "36f96b57-baa7-44ed-ae23-c8f1bfe87e5d",
              "isHook": false,
              "skipped": false
            }
          ],
          "suites": [],
          "passes": [
            "cf897aaa-ed7c-401c-8178-1dbb3c093935"
          ],
          "failures": [
            "d2612277-efe7-453d-b823-7ed85335adec",
            "03369e8a-d3d6-4ede-9a2a-e7ebca92ddd5",
            "95c92357-3216-4261-a26c-e122a7a60e5c"
          ],
          "pending": [],
          "skipped": [],
          "duration": 54232,
          "root": false,
          "rootEmpty": false,
          "_timeout": 2000
        }
      ],
      "passes": [],
      "failures": [],
      "pending": [],
      "skipped": [],
      "duration": 0,
      "root": true,
      "rootEmpty": true,
      "_timeout": 2000
    }
  ],
  "meta": {
    "mocha": {
      "version": "7.0.1"
    },
    "mochawesome": {
      "options": {
        "quiet": false,
        "reportFilename": "report",
        "saveHtml": true,
        "saveJson": true,
        "consoleReporter": "spec",
        "useInlineDiffs": false,
        "code": true
      },
      "version": "7.0.1"
    },
    "marge": {
      "options": {
        "reportDir": "cypress/reports",
        "reportFilename": "report",
        "overwrite": false,
        "html": true,
        "json": true,
        "charts": true
      },
      "version": "6.0.1"
    }
  }
}