{
  "stats": {
    "suites": 1,
    "tests": 13,
    "passes": 13,
    "pending": 0,
    "failures": 0,
    "start": "2022-04-21T06:01:52.797Z",
    "end": "2022-04-21T06:03:47.294Z",
    "duration": 114497,
    "testsRegistered": 13,
    "passPercent": 100,
    "pendingPercent": 0,
    "other": 0,
    "hasOther": false,
    "skipped": 0,
    "hasSkipped": false
  },
  "results": [
    {
      "uuid": "6eb52dc3-9098-4ca8-aa84-37ec8fb96ee0",
      "title": "",
      "fullFile": "cypress/integration/Admin_Testcases/06_Providers.spec.js",
      "file": "cypress/integration/Admin_Testcases/06_Providers.spec.js",
      "beforeHooks": [],
      "afterHooks": [],
      "tests": [],
      "suites": [
        {
          "uuid": "16811ad2-bf7e-46d1-9fed-3a32a4a10cbd",
          "title": "providers module test case",
          "fullFile": "",
          "file": "",
          "beforeHooks": [],
          "afterHooks": [],
          "tests": [
            {
              "title": "As a admin the user should be navigated to the provides page by clicking on providers tab",
              "fullTitle": "providers module test case As a admin the user should be navigated to the provides page by clicking on providers tab",
              "timedOut": null,
              "duration": 6028,
              "state": "passed",
              "speed": "slow",
              "pass": true,
              "fail": false,
              "pending": false,
              "context": null,
              "code": "cy.login();\ncy.get('.space-y-4 > :nth-child(3)').should('be.visible').and('have.text', 'Providers').click();\ncy.url().should('contain', '/providers');",
              "err": {},
              "uuid": "9adf7d19-d78c-47ea-b535-37346740f6c0",
              "parentUUID": "16811ad2-bf7e-46d1-9fed-3a32a4a10cbd",
              "isHook": false,
              "skipped": false
            },
            {
              "title": "At providers page each label and field should have proper label and proper validations",
              "fullTitle": "providers module test case At providers page each label and field should have proper label and proper validations",
              "timedOut": null,
              "duration": 2588,
              "state": "passed",
              "speed": "slow",
              "pass": true,
              "fail": false,
              "pending": false,
              "context": null,
              "code": "cy.get('div.font-bold').should('be.visible').should('contain', 'Providers');\ncy.get('table>thead>tr>th:nth-child(1)>div').should('be.visible').should('have.text', 'Full Name');\ncy.get('table>thead>tr>th:nth-child(2)>div').should('be.visible').should('have.text', 'Email');\ncy.get('table>thead>tr>th:nth-child(3)>div').should('be.visible').should('have.text', 'Mobile Number');\ncy.get('table>thead>tr>th:nth-child(4)>div').should('be.visible').should('have.text', 'Provider Type');\ncy.get('table>thead>tr>th:nth-child(5)>div').should('be.visible').should('have.text', 'Joined On');\ncy.get('table>thead>tr>th:nth-child(6)>div').should('be.visible').should('have.text', 'Status');\ncy.get('table>thead>tr>th:nth-child(7)>div').should('be.visible').should('have.text', 'Action');\ncy.get('[type=search]').invoke('attr', 'placeholder').should('contain', 'Search for name or email.');\ncy.get('#headlessui-menu-button-4').should('be.visible').should('contain', 'Add Filter');\ncy.xpath(\"//button[@textid='provider.invite']\").should('be.visible').should('have.text', 'Invite Provider');\ncy.xpath(\"//button[@textid='admin.pending.invites']\").should('be.visible').should('have.text', 'Pending Invitations');\ncy.get('.mt-1:nth-child(2)').should('be.visible').should('have.text', 'Next');",
              "err": {},
              "uuid": "351e759b-54f1-4bba-96cc-b340d4cdb650",
              "parentUUID": "16811ad2-bf7e-46d1-9fed-3a32a4a10cbd",
              "isHook": false,
              "skipped": false
            },
            {
              "title": "As a admin the user should be able to go the next page of the providers list by clicking on next button",
              "fullTitle": "providers module test case As a admin the user should be able to go the next page of the providers list by clicking on next button",
              "timedOut": null,
              "duration": 258,
              "state": "passed",
              "speed": "slow",
              "pass": true,
              "fail": false,
              "pending": false,
              "context": null,
              "code": "cy.get('.mt-1:nth-child(2)').should('be.visible').should('have.text', 'Next').click();",
              "err": {},
              "uuid": "6cda669e-2b57-4b4f-bd75-cef5e8ef9b19",
              "parentUUID": "16811ad2-bf7e-46d1-9fed-3a32a4a10cbd",
              "isHook": false,
              "skipped": false
            },
            {
              "title": "As a admin the user should be able to go the previous page of the providers list by clicking on previous button",
              "fullTitle": "providers module test case As a admin the user should be able to go the previous page of the providers list by clicking on previous button",
              "timedOut": null,
              "duration": 578,
              "state": "passed",
              "speed": "slow",
              "pass": true,
              "fail": false,
              "pending": false,
              "context": null,
              "code": "cy.get('.mt-1:nth-child(1)').should('be.visible').should('have.text', 'Previous').click();",
              "err": {},
              "uuid": "2ee2e9cb-bbe2-4020-aa77-442b7e47c091",
              "parentUUID": "16811ad2-bf7e-46d1-9fed-3a32a4a10cbd",
              "isHook": false,
              "skipped": false
            },
            {
              "title": "As a admin the user should be able to search any prodvider with his name or email",
              "fullTitle": "providers module test case As a admin the user should be able to search any prodvider with his name or email",
              "timedOut": null,
              "duration": 14803,
              "state": "passed",
              "speed": "slow",
              "pass": true,
              "fail": false,
              "pending": false,
              "context": null,
              "code": "cy.get('[type=search]').should('be.visible').type('varkala.pavankumar@gmail.com');\ncy.wait(5000);\ncy.get('tr:nth-child(1)>td:nth-child(2)').should('be.visible').should('have.text', 'varkala.pavankumar@gmail.com');\ncy.wait(2000);\ncy.get('[type=search]').should('be.visible').clear().type('Dadas Providerrrrrrrrrrrrrrrrrr');\ncy.wait(2000);\ncy.get('tr:nth-child(1)>td:nth-child(1)').should('be.visible').should('have.text', 'Dadas Providerrrrrrrrrrrrrrrrrr');\ncy.wait(2000);\ncy.get('[type=search]').should('be.visible').clear();\ncy.wait(2000);",
              "err": {},
              "uuid": "7668f027-dc50-4e18-9837-10bb9903c813",
              "parentUUID": "16811ad2-bf7e-46d1-9fed-3a32a4a10cbd",
              "isHook": false,
              "skipped": false
            },
            {
              "title": "As a admin the user should be navigated to the pending invitations page by clicking on \"Pending Invitations\" button.",
              "fullTitle": "providers module test case As a admin the user should be navigated to the pending invitations page by clicking on \"Pending Invitations\" button.",
              "timedOut": null,
              "duration": 2485,
              "state": "passed",
              "speed": "slow",
              "pass": true,
              "fail": false,
              "pending": false,
              "context": null,
              "code": "cy.xpath(\"//button[@textid='admin.pending.invites']\").should('be.visible').should('have.text', 'Pending Invitations').click();\ncy.url().should('contain', '/invitation');\ncy.wait(2000);\ncy.get('div.flex.flex-wrap>svg').should('be.visible').click();\ncy.url().should('contain', '/providers');",
              "err": {},
              "uuid": "ec8f258a-27d6-4ba1-affb-e4c5ffce80cc",
              "parentUUID": "16811ad2-bf7e-46d1-9fed-3a32a4a10cbd",
              "isHook": false,
              "skipped": false
            },
            {
              "title": "As a admin the user should be navigated to the profile details of any provider by clicking on eye button against that particular provider",
              "fullTitle": "providers module test case As a admin the user should be navigated to the profile details of any provider by clicking on eye button against that particular provider",
              "timedOut": null,
              "duration": 1324,
              "state": "passed",
              "speed": "slow",
              "pass": true,
              "fail": false,
              "pending": false,
              "context": null,
              "code": "cy.get('tr:nth-child(1) > td:nth-child(7) > div > svg:nth-child(1)').scrollIntoView().should('be.visible').click({\n  force: true\n});\ncy.get('.py-8 > .font-bold').should('be.visible').should('contain', 'Provider Details');\ncy.get('.border-b-2').should('be.visible').should('contain', 'Address');\ncy.get('div.col-span-12.mt-4 > div.mt-4.space-y-4>div:nth-child(1)>div:nth-child(1)>div:nth-child(1)').should('be.visible').should('have.text', 'Address Line 1');\ncy.get('div.col-span-12.mt-4 > div.mt-4.space-y-4>div:nth-child(1)>div:nth-child(2)>div:nth-child(1)').should('be.visible').should('have.text', 'Address Line 2');\ncy.get('div.col-span-12.mt-4 > div.mt-4.space-y-4>div:nth-child(2)>div:nth-child(1)>div:nth-child(1)').should('be.visible').should('have.text', 'Postal Code');\ncy.get('div.col-span-12.mt-4 > div.mt-4.space-y-4>div:nth-child(2)>div:nth-child(2)>div:nth-child(1)').should('be.visible').should('have.text', 'City');\ncy.get('div.col-span-12.mt-4 > div.mt-4.space-y-4>div:nth-child(3)>div:nth-child(1)>div:nth-child(1)').should('be.visible').should('have.text', 'State');",
              "err": {},
              "uuid": "02de9e0b-6598-415c-91c3-78014990c44e",
              "parentUUID": "16811ad2-bf7e-46d1-9fed-3a32a4a10cbd",
              "isHook": false,
              "skipped": false
            },
            {
              "title": "As a admin the user should be navigted back to the providers page by clicking on back arrow on profile details page",
              "fullTitle": "providers module test case As a admin the user should be navigted back to the providers page by clicking on back arrow on profile details page",
              "timedOut": null,
              "duration": 168,
              "state": "passed",
              "speed": "slow",
              "pass": true,
              "fail": false,
              "pending": false,
              "context": null,
              "code": "cy.get('.py-8 > .h-6').should('be.visible').click();\ncy.url().should('contain', '/providers');",
              "err": {},
              "uuid": "fb1e7058-eea0-4e6e-b668-1eb2d2adf119",
              "parentUUID": "16811ad2-bf7e-46d1-9fed-3a32a4a10cbd",
              "isHook": false,
              "skipped": false
            },
            {
              "title": "As a Admin the user should get a pop up of invite provider by Clicking on the \"Invite Provider\" button.",
              "fullTitle": "providers module test case As a Admin the user should get a pop up of invite provider by Clicking on the \"Invite Provider\" button.",
              "timedOut": null,
              "duration": 2406,
              "state": "passed",
              "speed": "slow",
              "pass": true,
              "fail": false,
              "pending": false,
              "context": null,
              "code": "cy.xpath(\"//button[@textid='provider.invite']\").should('be.visible').should('have.text', 'Invite Provider').click();\ncy.wait(2000);\ncy.get('div:nth-child(9) > div > div>svg').should('be.visible').click();",
              "err": {},
              "uuid": "6e85db2a-774e-414b-b0f4-a31caa816602",
              "parentUUID": "16811ad2-bf7e-46d1-9fed-3a32a4a10cbd",
              "isHook": false,
              "skipped": false
            },
            {
              "title": "As a Admin the user can chat with provider by clicking on the chat icon against that provider",
              "fullTitle": "providers module test case As a Admin the user can chat with provider by clicking on the chat icon against that provider",
              "timedOut": null,
              "duration": 4326,
              "state": "passed",
              "speed": "slow",
              "pass": true,
              "fail": false,
              "pending": false,
              "context": null,
              "code": "cy.get('tr:nth-child(1) > td:nth-child(7) > div>div>img').scrollIntoView().should('be.visible').click({\n  force: true\n});\ncy.wait(2000);\ncy.get('div.flex.flex-wrap>svg').click();\ncy.wait(2000);",
              "err": {},
              "uuid": "b159675d-102a-457d-b3e8-f2739f837477",
              "parentUUID": "16811ad2-bf7e-46d1-9fed-3a32a4a10cbd",
              "isHook": false,
              "skipped": false
            },
            {
              "title": "As a Admin the user can enable or disable any provider with the help of toggle icon under status",
              "fullTitle": "providers module test case As a Admin the user can enable or disable any provider with the help of toggle icon under status",
              "timedOut": null,
              "duration": 8688,
              "state": "passed",
              "speed": "slow",
              "pass": true,
              "fail": false,
              "pending": false,
              "context": null,
              "code": "cy.get('tr:nth-child(1)>td:nth-child(6)>button').scrollIntoView().should('be.visible').click({\n  force: true\n});\ncy.wait(2000);\ncy.get('div.hidden>div:nth-child(2)>div:nth-child(2)>button').click();\ncy.wait(2000);\ncy.get('tr:nth-child(1)>td:nth-child(6)>button').scrollIntoView().should('be.visible').click({\n  force: true\n});\ncy.wait(2000);\ncy.get('div.hidden>div:nth-child(2)>div:nth-child(2)>button').click();\ncy.wait(2000);",
              "err": {},
              "uuid": "969c372a-fd42-4c85-ac99-0fa9ed9874c4",
              "parentUUID": "16811ad2-bf7e-46d1-9fed-3a32a4a10cbd",
              "isHook": false,
              "skipped": false
            },
            {
              "title": "As a Admin the user can change the view of the providers by using filter on full name which make the provider list in alphabetical order from a-z or Z-a",
              "fullTitle": "providers module test case As a Admin the user can change the view of the providers by using filter on full name which make the provider list in alphabetical order from a-z or Z-a",
              "timedOut": null,
              "duration": 4236,
              "state": "passed",
              "speed": "slow",
              "pass": true,
              "fail": false,
              "pending": false,
              "context": null,
              "code": "cy.get('table>thead>tr>th:nth-child(1)>span>svg:nth-child(1)').should('be.visible').click({\n  force: true\n});\ncy.wait(2000);\ncy.get('table>thead>tr>th:nth-child(1)>span>svg:nth-child(2)').should('be.visible').click({\n  force: true\n});\ncy.wait(2000);",
              "err": {},
              "uuid": "6867b280-e70c-443e-ae7e-6783a5b7e678",
              "parentUUID": "16811ad2-bf7e-46d1-9fed-3a32a4a10cbd",
              "isHook": false,
              "skipped": false
            },
            {
              "title": "As a admin the user can filter the providers based on the provider type like Md,Do etc.",
              "fullTitle": "providers module test case As a admin the user can filter the providers based on the provider type like Md,Do etc.",
              "timedOut": null,
              "duration": 61694,
              "state": "passed",
              "speed": "slow",
              "pass": true,
              "fail": false,
              "pending": false,
              "context": null,
              "code": "cy.get('div.flex.flex-wrap:nth-child(2)>div:nth-child(2)').should('be.visible').click();\ncy.wait(2000);\ncy.get('div.py-1>div:nth-child(1)').should('be.visible').should('contain', 'md').click();\ncy.wait(2000);\ncy.get('div.flex.flex-wrap:nth-child(2)>div:nth-child(2)>div:nth-child(1)>svg').should('be.visible').click();\ncy.wait(2000);\ncy.get('div.flex.flex-wrap:nth-child(2)>div:nth-child(2)').should('be.visible').click();\ncy.wait(2000);\ncy.get('div.py-1>div:nth-child(2)').should('be.visible').should('contain', 'do').click();\ncy.wait(2000);\ncy.get('div.flex.flex-wrap:nth-child(2)>div:nth-child(2)>div:nth-child(1)>svg').should('be.visible').click();\ncy.wait(2000);\ncy.get('div.flex.flex-wrap:nth-child(2)>div:nth-child(2)').should('be.visible').click();\ncy.wait(2000);\ncy.get('div.py-1>div:nth-child(3)').should('be.visible').should('contain', 'pa-c').click();\ncy.wait(2000);\ncy.get('div.flex.flex-wrap:nth-child(2)>div:nth-child(2)>div:nth-child(1)>svg').should('be.visible').click();\ncy.wait(2000);\ncy.get('div.flex.flex-wrap:nth-child(2)>div:nth-child(2)').should('be.visible').click();\ncy.wait(2000);\ncy.get('div.py-1>div:nth-child(4)').should('be.visible').should('contain', 'np').click();\ncy.wait(2000);\ncy.get('div.flex.flex-wrap:nth-child(2)>div:nth-child(2)>div:nth-child(1)>svg').should('be.visible').click();\ncy.wait(2000);\ncy.get('div.flex.flex-wrap:nth-child(2)>div:nth-child(2)').should('be.visible').click();\ncy.wait(2000);\ncy.get('div.py-1>div:nth-child(5)').should('be.visible').should('contain', 'crna').click();\ncy.wait(2000);\ncy.get('div.flex.flex-wrap:nth-child(2)>div:nth-child(2)>div:nth-child(1)>svg').should('be.visible').click();\ncy.wait(2000);\ncy.get('div.flex.flex-wrap:nth-child(2)>div:nth-child(2)').should('be.visible').click();\ncy.wait(2000);\ncy.get('div.py-1>div:nth-child(6)').should('be.visible').should('contain', 'nurse').click();\ncy.wait(2000);\ncy.get('div.flex.flex-wrap:nth-child(2)>div:nth-child(2)>div:nth-child(1)>svg').should('be.visible').click();\ncy.wait(2000);\ncy.get('div.flex.flex-wrap:nth-child(2)>div:nth-child(2)').should('be.visible').click();\ncy.wait(2000);\ncy.get('div.py-1>div:nth-child(7)').should('be.visible').should('contain', 'paramedic').click();\ncy.wait(2000);\ncy.get('div.flex.flex-wrap:nth-child(2)>div:nth-child(2)>div:nth-child(1)>svg').should('be.visible').click();\ncy.wait(2000);\ncy.get('div.flex.flex-wrap:nth-child(2)>div:nth-child(2)').should('be.visible').click();\ncy.wait(2000);\ncy.get('div.py-1>div:nth-child(8)').should('be.visible').should('contain', 'emt').click();\ncy.wait(2000);\ncy.get('div.flex.flex-wrap:nth-child(2)>div:nth-child(2)>div:nth-child(1)>svg').should('be.visible').click();\ncy.wait(2000);\ncy.logout();",
              "err": {},
              "uuid": "1067cc5f-667e-4e62-a0de-f4f0ba4c04c4",
              "parentUUID": "16811ad2-bf7e-46d1-9fed-3a32a4a10cbd",
              "isHook": false,
              "skipped": false
            }
          ],
          "suites": [],
          "passes": [
            "9adf7d19-d78c-47ea-b535-37346740f6c0",
            "351e759b-54f1-4bba-96cc-b340d4cdb650",
            "6cda669e-2b57-4b4f-bd75-cef5e8ef9b19",
            "2ee2e9cb-bbe2-4020-aa77-442b7e47c091",
            "7668f027-dc50-4e18-9837-10bb9903c813",
            "ec8f258a-27d6-4ba1-affb-e4c5ffce80cc",
            "02de9e0b-6598-415c-91c3-78014990c44e",
            "fb1e7058-eea0-4e6e-b668-1eb2d2adf119",
            "6e85db2a-774e-414b-b0f4-a31caa816602",
            "b159675d-102a-457d-b3e8-f2739f837477",
            "969c372a-fd42-4c85-ac99-0fa9ed9874c4",
            "6867b280-e70c-443e-ae7e-6783a5b7e678",
            "1067cc5f-667e-4e62-a0de-f4f0ba4c04c4"
          ],
          "failures": [],
          "pending": [],
          "skipped": [],
          "duration": 109582,
          "root": false,
          "rootEmpty": false,
          "_timeout": 2000
        }
      ],
      "passes": [],
      "failures": [],
      "pending": [],
      "skipped": [],
      "duration": 0,
      "root": true,
      "rootEmpty": true,
      "_timeout": 2000
    }
  ],
  "meta": {
    "mocha": {
      "version": "7.0.1"
    },
    "mochawesome": {
      "options": {
        "quiet": false,
        "reportFilename": "report",
        "saveHtml": true,
        "saveJson": true,
        "consoleReporter": "spec",
        "useInlineDiffs": false,
        "code": true
      },
      "version": "7.0.1"
    },
    "marge": {
      "options": {
        "reportDir": "cypress/reports",
        "reportFilename": "report",
        "overwrite": false,
        "html": true,
        "json": true,
        "charts": true
      },
      "version": "6.0.1"
    }
  }
}