{
  "stats": {
    "suites": 1,
    "tests": 6,
    "passes": 6,
    "pending": 0,
    "failures": 0,
    "start": "2021-09-20T08:06:41.722Z",
    "end": "2021-09-20T08:07:06.683Z",
    "duration": 24961,
    "testsRegistered": 6,
    "passPercent": 100,
    "pendingPercent": 0,
    "other": 0,
    "hasOther": false,
    "skipped": 0,
    "hasSkipped": false
  },
  "results": [
    {
      "uuid": "6beef1bc-11f7-4497-9142-0defa24a0a3a",
      "title": "",
      "fullFile": "cypress/integration/Admin_Testcases/02_changePassword.spec.js",
      "file": "cypress/integration/Admin_Testcases/02_changePassword.spec.js",
      "beforeHooks": [],
      "afterHooks": [],
      "tests": [],
      "suites": [
        {
          "uuid": "98ffa404-2bfe-4c4f-aa42-a93093949672",
          "title": "Change password Testcases",
          "fullFile": "",
          "file": "",
          "beforeHooks": [],
          "afterHooks": [],
          "tests": [
            {
              "title": "As a Admin I should be able to navigate on change password screen",
              "fullTitle": "Change password Testcases As a Admin I should be able to navigate on change password screen",
              "timedOut": null,
              "duration": 8777,
              "state": "passed",
              "speed": "slow",
              "pass": true,
              "fail": false,
              "pending": false,
              "context": null,
              "code": "cy.login();\ncy.xpath(\"//nav//div[text()='Settings']\").should('be.visible').click();\ncy.url().should('include', '/password');",
              "err": {},
              "uuid": "08163e16-7449-4fdd-afa0-527e0bf9fd27",
              "parentUUID": "98ffa404-2bfe-4c4f-aa42-a93093949672",
              "isHook": false,
              "skipped": false
            },
            {
              "title": "At Chnage Password page each page should have proper labels",
              "fullTitle": "Change password Testcases At Chnage Password page each page should have proper labels",
              "timedOut": null,
              "duration": 444,
              "state": "passed",
              "speed": "slow",
              "pass": true,
              "fail": false,
              "pending": false,
              "context": null,
              "code": "cy.get('.text-xl').should('be.visible').and('have.text', 'Change Password');\ncy.xpath(\"//label//div\").eq(0).should('be.visible').and('have.text', 'Old Password');\ncy.xpath(\"//label//div\").eq(1).should('be.visible').and('have.text', 'New Password');\ncy.xpath(\"//label//div\").eq(2).should('be.visible').and('have.text', 'Confirm Password');\ncy.xpath(\"//button//div[text()='Update']\").should('be.visible');",
              "err": {},
              "uuid": "75c97b37-a197-4872-b701-7f1dad71d766",
              "parentUUID": "98ffa404-2bfe-4c4f-aa42-a93093949672",
              "isHook": false,
              "skipped": false
            },
            {
              "title": "in empty field proper validation should appear",
              "fullTitle": "Change password Testcases in empty field proper validation should appear",
              "timedOut": null,
              "duration": 395,
              "state": "passed",
              "speed": "slow",
              "pass": true,
              "fail": false,
              "pending": false,
              "context": null,
              "code": "//empty case\ncy.xpath(\"//button//div[text()='Update']\").click();\ncy.contains(\"Old Password is required\").should('be.visible');\ncy.contains(\"New Password is required\").should('be.visible');\ncy.contains(\"New Password is required\").should('be.visible');",
              "err": {},
              "uuid": "3c8184ea-4106-4aea-bbdf-744544007e3c",
              "parentUUID": "98ffa404-2bfe-4c4f-aa42-a93093949672",
              "isHook": false,
              "skipped": false
            },
            {
              "title": "wrong old password case should be handle proper",
              "fullTitle": "Change password Testcases wrong old password case should be handle proper",
              "timedOut": null,
              "duration": 4549,
              "state": "passed",
              "speed": "slow",
              "pass": true,
              "fail": false,
              "pending": false,
              "context": null,
              "code": "// wrong old password case \nconst password = _faker.default.name + \"@123456\";\ncy.xpath(old_password).type('123456@1235As');\ncy.xpath(new_password).type(password);\ncy.xpath(confirm_password).type(password);\ncy.xpath(\"//button//div[text()='Update']\").click();\ncy.wait(2000);",
              "err": {},
              "uuid": "59d414e3-f92a-494a-8091-c44f13839040",
              "parentUUID": "98ffa404-2bfe-4c4f-aa42-a93093949672",
              "isHook": false,
              "skipped": false
            },
            {
              "title": "password lenth validation should be proper",
              "fullTitle": "Change password Testcases password lenth validation should be proper",
              "timedOut": null,
              "duration": 1640,
              "state": "passed",
              "speed": "slow",
              "pass": true,
              "fail": false,
              "pending": false,
              "context": null,
              "code": "// password length validations\ncy.xpath(old_password).clear().type('1231');\ncy.xpath(new_password).clear().type('sada');\ncy.xpath(confirm_password).clear().type('d');\ncy.xpath(\"//label//div\").eq(2).click();\ncy.get('.text-red-600').eq(0).should('have.text', 'Password is too short - should be 8 chars minimum').and('be.visible');\ncy.get('.text-red-600').eq(1).should('have.text', 'Password should be atleast 8 characters and should contain combination of uppercase, lowercase & numbers').and('be.visible');\ncy.get('.text-red-600').eq(2).should('have.text', 'Both passwords need to be the same').and('be.visible');",
              "err": {},
              "uuid": "c0343bb8-ed7b-434f-9418-e0bd53afd6d5",
              "parentUUID": "98ffa404-2bfe-4c4f-aa42-a93093949672",
              "isHook": false,
              "skipped": false
            },
            {
              "title": "As a Admin I should be able to change password and admin should be able to login with new password",
              "fullTitle": "Change password Testcases As a Admin I should be able to change password and admin should be able to login with new password",
              "timedOut": null,
              "duration": 3428,
              "state": "passed",
              "speed": "slow",
              "pass": true,
              "fail": false,
              "pending": false,
              "context": null,
              "code": "const cred = __webpack_require__(/*! ../../fixtures/cred.json */ \"./cypress/fixtures/cred.json\");\nlet newpassword;\nif (cred.password === \"Passcode@123\") {\n  newpassword = \"Password@123\";\n} else if (cred.password === \"Password@123\") {\n  newpassword = \"Passcode@123\";\n}\ncy.xpath(old_password).clear().type(cred.password);\ncy.xpath(new_password).clear().type(newpassword);\ncy.xpath(confirm_password).clear().type(newpassword);\ncy.xpath(\"//button//div[text()='Update']\").click();\ncy.xpath(\"//div[text()='Sign In']\").should('be.visible');\ncy.contains('changed', {\n  matchCase: false\n});\ncy.writeFile('cypress/fixtures/cred.json', {\n  email: cred.email,\n  password: newpassword,\n  qaUrl: 'https://qa.rch.build-release.com/admin'\n});",
              "err": {},
              "uuid": "aaf5b91b-b420-49b5-8ed9-041cfbf3f7c1",
              "parentUUID": "98ffa404-2bfe-4c4f-aa42-a93093949672",
              "isHook": false,
              "skipped": false
            }
          ],
          "suites": [],
          "passes": [
            "08163e16-7449-4fdd-afa0-527e0bf9fd27",
            "75c97b37-a197-4872-b701-7f1dad71d766",
            "3c8184ea-4106-4aea-bbdf-744544007e3c",
            "59d414e3-f92a-494a-8091-c44f13839040",
            "c0343bb8-ed7b-434f-9418-e0bd53afd6d5",
            "aaf5b91b-b420-49b5-8ed9-041cfbf3f7c1"
          ],
          "failures": [],
          "pending": [],
          "skipped": [],
          "duration": 19233,
          "root": false,
          "rootEmpty": false,
          "_timeout": 2000
        }
      ],
      "passes": [],
      "failures": [],
      "pending": [],
      "skipped": [],
      "duration": 0,
      "root": true,
      "rootEmpty": true,
      "_timeout": 2000
    }
  ],
  "meta": {
    "mocha": {
      "version": "7.0.1"
    },
    "mochawesome": {
      "options": {
        "quiet": false,
        "reportFilename": "report",
        "saveHtml": true,
        "saveJson": true,
        "consoleReporter": "spec",
        "useInlineDiffs": false,
        "code": true
      },
      "version": "6.2.2"
    },
    "marge": {
      "options": {
        "reportDir": "cypress/reports",
        "reportFilename": "report",
        "overwrite": false,
        "html": true,
        "json": true,
        "charts": true
      },
      "version": "5.2.0"
    }
  }
}