{
  "stats": {
    "suites": 1,
    "tests": 8,
    "passes": 0,
    "pending": 0,
    "failures": 8,
    "start": "2022-02-09T12:24:23.411Z",
    "end": "2022-02-09T12:27:07.121Z",
    "duration": 163710,
    "testsRegistered": 8,
    "passPercent": 0,
    "pendingPercent": 0,
    "other": 0,
    "hasOther": false,
    "skipped": 0,
    "hasSkipped": false
  },
  "results": [
    {
      "uuid": "5ee87525-a54e-4509-a25f-218587ace331",
      "title": "",
      "fullFile": "cypress/integration/Admin_Testcases/15_Requested.Spec.js",
      "file": "cypress/integration/Admin_Testcases/15_Requested.Spec.js",
      "beforeHooks": [],
      "afterHooks": [],
      "tests": [],
      "suites": [
        {
          "uuid": "4c2bb1df-15de-418a-ad35-e6d4d2ca8b96",
          "title": "Requested Appointment Details Test cases",
          "fullFile": "",
          "file": "",
          "beforeHooks": [],
          "afterHooks": [],
          "tests": [
            {
              "title": "As a Admin the user should be navigated to the Appointment Details page of Requested appointment by clicking on the eye icon against that appointment",
              "fullTitle": "Requested Appointment Details Test cases As a Admin the user should be navigated to the Appointment Details page of Requested appointment by clicking on the eye icon against that appointment",
              "timedOut": null,
              "duration": 48431,
              "state": "failed",
              "speed": null,
              "pass": false,
              "fail": true,
              "pending": false,
              "context": null,
              "code": "cy.login();\ncy.url().should('contain', '/dashboard');\ncy.get('.space-y-4 > :nth-child(2)').should('be.visible').should('have.text', 'Patients').click();\ncy.url().should('contain', '/patients');\ncy.get('.bg-white > .w-full').type('pvnkumar80@gmail.com');\ncy.get('.flex > .text-xs').should('be.visible').should('have.text', 'Book').click();\ncy.url().should('contain', '/book_appointment');\ncy.get('.my-4>div:nth-child(2)>div>form>div>div:nth-child(1)>div:nth-child(1)>div>div').click();\ncy.get('.react-datepicker__day--today').click();\ncy.get('.my-4>div:nth-child(2)>div>form>div>div:nth-child(1)>div:nth-child(2)>div:nth-child(2)>div>input').should('be.visible').check();\ncy.get('.my-4>div:nth-child(2)>div>form>div>div:nth-child(3)').click();\ncy.get('form>.px-8>div:nth-child(3)>div:nth-child(2)>div:nth-child(2)>div>div').type('Fever');\ncy.get('.my-8 > .flex').should('be.visible').should('have.text', 'Continue').click();\ncy.get('form>div>div:nth-child(2)>div:nth-child(3)>div:nth-child(3)').click();\ncy.get('form>div>div>div>[type=button]').should('be.visible').should('have.text', 'Continue').click();\ncy.wait(2000);\ncy.contains('Appointment Added successfully');\ncy.xpath('/html/body/div[7]/div/div/div[1]/div[2]/div[3]/button').should('be.visible').should('have.text', 'Continue').click();\ncy.get('.flex>div>nav>div:nth-child(4)').should('be.visible').should('have.text', 'Appointments').click();\ncy.get('table>tbody>tr:nth-child(1)>td:nth-child(4)').should('be.visible').should('have.text', 'requested');\ncy.get('table>tbody>tr:nth-child(1)>td:nth-child(7)').should('be.visible').click();\ncy.get(':nth-child(3) > .font-semibold > .text-sm').should('be.visible').should('have.text', 'requested');",
              "err": {
                "message": "AssertionError: Timed out retrying after 15000ms: expected '<td.px-5.py-3.border-b.border-gray-200.bg-white.text-sm>' to be 'visible'\n\nThis element `<td.px-5.py-3.border-b.border-gray-200.bg-white.text-sm>` is not visible because its content is being clipped by one of its parent elements, which has a CSS property of overflow: `hidden`, `scroll` or `auto`",
                "estack": "AssertionError: Timed out retrying after 15000ms: expected '<td.px-5.py-3.border-b.border-gray-200.bg-white.text-sm>' to be 'visible'\n\nThis element `<td.px-5.py-3.border-b.border-gray-200.bg-white.text-sm>` is not visible because its content is being clipped by one of its parent elements, which has a CSS property of overflow: `hidden`, `scroll` or `auto`\n    at Context.eval (https://qa.rch.build-release.com/__cypress/tests?p=cypress\\integration\\Admin_Testcases\\15_Requested.Spec.js:135:59)",
                "diff": null
              },
              "uuid": "b2938df0-4fb5-47e8-9774-6cbc1074180e",
              "parentUUID": "4c2bb1df-15de-418a-ad35-e6d4d2ca8b96",
              "isHook": false,
              "skipped": false
            },
            {
              "title": "At \"Appointment details\" page each label and field should have proper label and validations",
              "fullTitle": "Requested Appointment Details Test cases At \"Appointment details\" page each label and field should have proper label and validations",
              "timedOut": null,
              "duration": 15603,
              "state": "failed",
              "speed": null,
              "pass": false,
              "fail": true,
              "pending": false,
              "context": null,
              "code": "cy.get('.space-x-4 > .font-semibold').should('be.visible').should('have.text', 'Appointment Details');\ncy.get('.w-7').should('be.visible');\ncy.get('.border-b.py-3 > .text-primary').should('be.visible');\ncy.get('[textid=\"admin.appointment.accept\"]').should('be.visible').should('have.text', 'Accept');\ncy.get('[textid=\"admin.appointment.reject\"]').should('be.visible').should('have.text', 'Reject');\ncy.get(':nth-child(1) > .text-gray-500').should('be.visible').should('have.text', 'Appointment ID');\ncy.get('.flex.capitalize > .text-gray-500').should('be.visible').should('have.text', 'Requested For');\ncy.get(':nth-child(3) > .text-gray-500').should('be.visible').should('have.text', 'Status');\ncy.get('.mx-4 > :nth-child(3) > :nth-child(1)').should('be.visible').should('have.text', 'Patients');\ncy.get('.py-4.capitalize > :nth-child(1)').should('be.visible').should('have.text', 'Services Requested');\ncy.get('.min-h-screen>div:nth-child(2)>div:nth-child(5)>button').should('be.visible').should('have.text', 'Cancel Appointment');",
              "err": {
                "message": "AssertionError: Timed out retrying after 15000ms: Expected to find element: `.space-x-4 > .font-semibold`, but never found it.",
                "estack": "AssertionError: Timed out retrying after 15000ms: Expected to find element: `.space-x-4 > .font-semibold`, but never found it.\n    at Context.eval (https://qa.rch.build-release.com/__cypress/tests?p=cypress\\integration\\Admin_Testcases\\15_Requested.Spec.js:139:43)",
                "diff": null
              },
              "uuid": "04d46ac0-7149-43fa-866a-48baf45af46d",
              "parentUUID": "4c2bb1df-15de-418a-ad35-e6d4d2ca8b96",
              "isHook": false,
              "skipped": false
            },
            {
              "title": "The unique appointment id should be displayed",
              "fullTitle": "Requested Appointment Details Test cases The unique appointment id should be displayed",
              "timedOut": null,
              "duration": 15874,
              "state": "failed",
              "speed": null,
              "pass": false,
              "fail": true,
              "pending": false,
              "context": null,
              "code": "cy.get(':nth-child(1) > .text-gray-500').should('be.visible').should('have.text', 'Appointment ID');",
              "err": {
                "message": "AssertionError: Timed out retrying after 15000ms: Expected to find element: `:nth-child(1) > .text-gray-500`, but never found it.",
                "estack": "AssertionError: Timed out retrying after 15000ms: Expected to find element: `:nth-child(1) > .text-gray-500`, but never found it.\n    at Context.eval (https://qa.rch.build-release.com/__cypress/tests?p=cypress\\integration\\Admin_Testcases\\15_Requested.Spec.js:152:46)",
                "diff": null
              },
              "uuid": "72721fbe-b636-4b8c-9938-98d57d98ab2f",
              "parentUUID": "4c2bb1df-15de-418a-ad35-e6d4d2ca8b96",
              "isHook": false,
              "skipped": false
            },
            {
              "title": "The date requested by the patient should be displayed",
              "fullTitle": "Requested Appointment Details Test cases The date requested by the patient should be displayed",
              "timedOut": null,
              "duration": 15593,
              "state": "failed",
              "speed": null,
              "pass": false,
              "fail": true,
              "pending": false,
              "context": null,
              "code": "cy.get('.flex.capitalize > .text-gray-500').should('be.visible').should('have.text', 'Requested For');",
              "err": {
                "message": "AssertionError: Timed out retrying after 15000ms: Expected to find element: `.flex.capitalize > .text-gray-500`, but never found it.",
                "estack": "AssertionError: Timed out retrying after 15000ms: Expected to find element: `.flex.capitalize > .text-gray-500`, but never found it.\n    at Context.eval (https://qa.rch.build-release.com/__cypress/tests?p=cypress\\integration\\Admin_Testcases\\15_Requested.Spec.js:155:49)",
                "diff": null
              },
              "uuid": "2244e43b-f1eb-4294-83db-051cc3e88f4f",
              "parentUUID": "4c2bb1df-15de-418a-ad35-e6d4d2ca8b96",
              "isHook": false,
              "skipped": false
            },
            {
              "title": "As a Admin the user should be navigated to the medical history page of particular patient by clicking on the name card of that particular patient",
              "fullTitle": "Requested Appointment Details Test cases As a Admin the user should be navigated to the medical history page of particular patient by clicking on the name card of that particular patient",
              "timedOut": null,
              "duration": 15515,
              "state": "failed",
              "speed": null,
              "pass": false,
              "fail": true,
              "pending": false,
              "context": null,
              "code": "cy.get('.justify-between > .flex > .w-6').should('be.visible').click();\ncy.get('.py-8 > .h-6').should('be.visible').click();",
              "err": {
                "message": "AssertionError: Timed out retrying after 15000ms: Expected to find element: `.justify-between > .flex > .w-6`, but never found it.",
                "estack": "AssertionError: Timed out retrying after 15000ms: Expected to find element: `.justify-between > .flex > .w-6`, but never found it.\n    at Context.eval (https://qa.rch.build-release.com/__cypress/tests?p=cypress\\integration\\Admin_Testcases\\15_Requested.Spec.js:158:47)",
                "diff": null
              },
              "uuid": "db511581-bab6-49c9-bf0e-bb322f4193d2",
              "parentUUID": "4c2bb1df-15de-418a-ad35-e6d4d2ca8b96",
              "isHook": false,
              "skipped": false
            },
            {
              "title": "The list of services requested by the patient should be displayed",
              "fullTitle": "Requested Appointment Details Test cases The list of services requested by the patient should be displayed",
              "timedOut": null,
              "duration": 15739,
              "state": "failed",
              "speed": null,
              "pass": false,
              "fail": true,
              "pending": false,
              "context": null,
              "code": "cy.get('.py-4.capitalize > :nth-child(1)').should('be.visible').should('have.text', 'Services Requested');",
              "err": {
                "message": "AssertionError: Timed out retrying after 15000ms: Expected to find element: `.py-4.capitalize > :nth-child(1)`, but never found it.",
                "estack": "AssertionError: Timed out retrying after 15000ms: Expected to find element: `.py-4.capitalize > :nth-child(1)`, but never found it.\n    at Context.eval (https://qa.rch.build-release.com/__cypress/tests?p=cypress\\integration\\Admin_Testcases\\15_Requested.Spec.js:162:48)",
                "diff": null
              },
              "uuid": "4242bc4f-fca8-4a06-be1d-bdf28ecff098",
              "parentUUID": "4c2bb1df-15de-418a-ad35-e6d4d2ca8b96",
              "isHook": false,
              "skipped": false
            },
            {
              "title": "As a Admin the user can accept the Appointment By clicking on the \"Accept\" button",
              "fullTitle": "Requested Appointment Details Test cases As a Admin the user can accept the Appointment By clicking on the \"Accept\" button",
              "timedOut": null,
              "duration": 15881,
              "state": "failed",
              "speed": null,
              "pass": false,
              "fail": true,
              "pending": false,
              "context": null,
              "code": "cy.get('[textid=\"admin.appointment.accept\"]').should('be.visible').should('have.text', 'Accept').click();\ncy.wait(5000);\ncy.get(':nth-child(3) > .font-semibold > .text-sm').should('be.visible').should('have.text', 'accepted');",
              "err": {
                "message": "AssertionError: Timed out retrying after 15000ms: Expected to find element: `[textid=\"admin.appointment.accept\"]`, but never found it.",
                "estack": "AssertionError: Timed out retrying after 15000ms: Expected to find element: `[textid=\"admin.appointment.accept\"]`, but never found it.\n    at Context.eval (https://qa.rch.build-release.com/__cypress/tests?p=cypress\\integration\\Admin_Testcases\\15_Requested.Spec.js:165:51)",
                "diff": null
              },
              "uuid": "4121f8e2-34c2-474d-8b44-c932ccfb9e3d",
              "parentUUID": "4c2bb1df-15de-418a-ad35-e6d4d2ca8b96",
              "isHook": false,
              "skipped": false
            },
            {
              "title": "As a Admin the user can cancel the appointment after entering the cancellation reason by clicking on the cancel button",
              "fullTitle": "Requested Appointment Details Test cases As a Admin the user can cancel the appointment after entering the cancellation reason by clicking on the cancel button",
              "timedOut": null,
              "duration": 16018,
              "state": "failed",
              "speed": null,
              "pass": false,
              "fail": true,
              "pending": false,
              "context": null,
              "code": "cy.get('.min-h-screen>div:nth-child(2)>div:nth-child(5)>button').should('have.text', 'Cancel Appointment').click();\ncy.get('.hidden > .mt-6 > form > .pt-2 > div.w-full > .mt-1 > .resize-y').should('be.visible').type('Provider not available');\ncy.get('.hidden>div:nth-child(2)>form>div:nth-child(2)>button').should('be.visible').should('have.text', 'Cancel Appointment').click();\ncy.wait(5000);\ncy.get(':nth-child(3) > .font-semibold > .text-sm').should('be.visible').should('have.text', 'cancelled');",
              "err": {
                "message": "AssertionError: Timed out retrying after 15000ms: Expected to find element: `.min-h-screen>div:nth-child(2)>div:nth-child(5)>button`, but never found it.",
                "estack": "AssertionError: Timed out retrying after 15000ms: Expected to find element: `.min-h-screen>div:nth-child(2)>div:nth-child(5)>button`, but never found it.\n    at Context.eval (https://qa.rch.build-release.com/__cypress/tests?p=cypress\\integration\\Admin_Testcases\\15_Requested.Spec.js:170:70)",
                "diff": null
              },
              "uuid": "b020f2fc-ed89-4a54-84a2-4b7f5c6713cd",
              "parentUUID": "4c2bb1df-15de-418a-ad35-e6d4d2ca8b96",
              "isHook": false,
              "skipped": false
            }
          ],
          "suites": [],
          "passes": [],
          "failures": [
            "b2938df0-4fb5-47e8-9774-6cbc1074180e",
            "04d46ac0-7149-43fa-866a-48baf45af46d",
            "72721fbe-b636-4b8c-9938-98d57d98ab2f",
            "2244e43b-f1eb-4294-83db-051cc3e88f4f",
            "db511581-bab6-49c9-bf0e-bb322f4193d2",
            "4242bc4f-fca8-4a06-be1d-bdf28ecff098",
            "4121f8e2-34c2-474d-8b44-c932ccfb9e3d",
            "b020f2fc-ed89-4a54-84a2-4b7f5c6713cd"
          ],
          "pending": [],
          "skipped": [],
          "duration": 158654,
          "root": false,
          "rootEmpty": false,
          "_timeout": 2000
        }
      ],
      "passes": [],
      "failures": [],
      "pending": [],
      "skipped": [],
      "duration": 0,
      "root": true,
      "rootEmpty": true,
      "_timeout": 2000
    }
  ],
  "meta": {
    "mocha": {
      "version": "7.0.1"
    },
    "mochawesome": {
      "options": {
        "quiet": false,
        "reportFilename": "report",
        "saveHtml": true,
        "saveJson": true,
        "consoleReporter": "spec",
        "useInlineDiffs": false,
        "code": true
      },
      "version": "7.0.1"
    },
    "marge": {
      "options": {
        "reportDir": "cypress/reports",
        "reportFilename": "report",
        "overwrite": false,
        "html": true,
        "json": true,
        "charts": true
      },
      "version": "6.0.1"
    }
  }
}