{
  "stats": {
    "suites": 1,
    "tests": 9,
    "passes": 9,
    "pending": 0,
    "failures": 0,
    "start": "2022-09-06T06:28:32.143Z",
    "end": "2022-09-06T06:29:34.205Z",
    "duration": 62062,
    "testsRegistered": 9,
    "passPercent": 100,
    "pendingPercent": 0,
    "other": 0,
    "hasOther": false,
    "skipped": 0,
    "hasSkipped": false
  },
  "results": [
    {
      "uuid": "6f3da85c-667d-4705-95e7-c46b2ad0fb89",
      "title": "",
      "fullFile": "cypress\\e2e\\Admin_Testcases\\23_Cancelled.spec.js",
      "file": "cypress\\e2e\\Admin_Testcases\\23_Cancelled.spec.js",
      "beforeHooks": [],
      "afterHooks": [],
      "tests": [],
      "suites": [
        {
          "uuid": "fa6a0a45-cb18-47f8-ae55-531ba3408ed6",
          "title": "Cancelled Appointment Details Test cases",
          "fullFile": "",
          "file": "",
          "beforeHooks": [],
          "afterHooks": [],
          "tests": [
            {
              "title": "As a Admin the user should be navigated to the Appointment Details page of \"Cancelled\" appointment by clicking on the eye icon against that appointment",
              "fullTitle": "Cancelled Appointment Details Test cases As a Admin the user should be navigated to the Appointment Details page of \"Cancelled\" appointment by clicking on the eye icon against that appointment",
              "timedOut": null,
              "duration": 25849,
              "state": "passed",
              "speed": "slow",
              "pass": true,
              "fail": false,
              "pending": false,
              "context": null,
              "code": "cy.login(cred.email, cred.password);\ncy.url().should('contain', '/dashboard'); //Click patient tab on the left side tray\ncy.xpath('//nav/div[4]/div[2]').should('be.visible').should('have.text', 'Appointments').click();\ncy.url().should('contain', '/appointments');\ncy.xpath('//div[contains(text(),\"Ad\")]').should('be.visible').should('have.text', 'Add Filter').click();\ncy.wait(3000);\ncy.xpath('//div[contains(text(),\"cancelled\")]').should('be.visible').should('have.text', 'cancelled').click();\ncy.wait(4000);\ncy.xpath('//tr[1]/td[8]/div[1]').scrollIntoView().should('be.visible').click();\ncy.wait(4000);\ncy.xpath('//span[contains(text(),\"cancelled\")]').should('be.visible').should('contain', 'cancelled');",
              "err": {},
              "uuid": "be9e2a46-dfb9-4b58-928d-b05a1a454e5d",
              "parentUUID": "fa6a0a45-cb18-47f8-ae55-531ba3408ed6",
              "isHook": false,
              "skipped": false
            },
            {
              "title": "At \"Appointment details\" page each label and field should have proper label and validations",
              "fullTitle": "Cancelled Appointment Details Test cases At \"Appointment details\" page each label and field should have proper label and validations",
              "timedOut": null,
              "duration": 282,
              "state": "passed",
              "speed": "fast",
              "pass": true,
              "fail": false,
              "pending": false,
              "context": null,
              "code": "cy.xpath('//div[contains(text(),\"Appointment D\")]').should('be.visible').should('have.text', 'Appointment Details');\ncy.xpath('//div[2]/div/div[4]/div[1]').should('be.visible');\ncy.xpath('//div[5]/div[1]/div[1]').should('be.visible');\ncy.xpath('//button[@textid=\"reactivate.appointment\"]').should('be.visible').should('have.text', 'Re-activate');\ncy.xpath('//div[contains(text(),\"Requested F\")]').should('be.visible').should('have.text', 'Requested For');\ncy.xpath('//div[contains(text(),\"St\")]').should('be.visible').should('have.text', 'Status');\ncy.xpath('//div[contains(text(),\"Service A\")]').should('be.visible').should('have.text', 'Service Address');\ncy.xpath('//div[contains(text(),\"Cancellation\")]').should('be.visible').should('have.text', 'Cancellation Reason');\ncy.xpath('//div[5]/div[5]/div[1]').should('be.visible').should('have.text', 'Patients');\ncy.xpath('//div[contains(text(),\"Services R\")]').should('be.visible').should('have.text', 'Services Requested');",
              "err": {},
              "uuid": "6315ed5f-d3a5-416f-b63a-0b56f1f9055b",
              "parentUUID": "fa6a0a45-cb18-47f8-ae55-531ba3408ed6",
              "isHook": false,
              "skipped": false
            },
            {
              "title": "The unique appointment id should be displayed",
              "fullTitle": "Cancelled Appointment Details Test cases The unique appointment id should be displayed",
              "timedOut": null,
              "duration": 49,
              "state": "passed",
              "speed": "fast",
              "pass": true,
              "fail": false,
              "pending": false,
              "context": null,
              "code": "cy.xpath('//div[contains(text(),\"Appointment I\")]').should('have.text', 'Appointment ID');",
              "err": {},
              "uuid": "784f1f59-38b3-47f8-9ea8-2f2e9f37eac4",
              "parentUUID": "fa6a0a45-cb18-47f8-ae55-531ba3408ed6",
              "isHook": false,
              "skipped": false
            },
            {
              "title": "The date requested by the patient should be displayed",
              "fullTitle": "Cancelled Appointment Details Test cases The date requested by the patient should be displayed",
              "timedOut": null,
              "duration": 52,
              "state": "passed",
              "speed": "fast",
              "pass": true,
              "fail": false,
              "pending": false,
              "context": null,
              "code": "cy.xpath('//div[contains(text(),\"Requested F\")]').should('be.visible').should('have.text', 'Requested For');",
              "err": {},
              "uuid": "8cab5baf-3a7c-4a10-bb05-66ec8d75e341",
              "parentUUID": "fa6a0a45-cb18-47f8-ae55-531ba3408ed6",
              "isHook": false,
              "skipped": false
            },
            {
              "title": "The Service Address where the patient requested the service should be displayed",
              "fullTitle": "Cancelled Appointment Details Test cases The Service Address where the patient requested the service should be displayed",
              "timedOut": null,
              "duration": 54,
              "state": "passed",
              "speed": "fast",
              "pass": true,
              "fail": false,
              "pending": false,
              "context": null,
              "code": "cy.xpath('//div[contains(text(),\"Service A\")]').should('be.visible').should('have.text', 'Service Address');",
              "err": {},
              "uuid": "eb5e4848-c76f-44b3-9cc2-b3ee39dcba4c",
              "parentUUID": "fa6a0a45-cb18-47f8-ae55-531ba3408ed6",
              "isHook": false,
              "skipped": false
            },
            {
              "title": "As a Admin the user should be navigated to the medical history page of particular patient by clicking on the name card of that particular patient",
              "fullTitle": "Cancelled Appointment Details Test cases As a Admin the user should be navigated to the medical history page of particular patient by clicking on the name card of that particular patient",
              "timedOut": null,
              "duration": 8914,
              "state": "passed",
              "speed": "medium",
              "pass": true,
              "fail": false,
              "pending": false,
              "context": null,
              "code": "cy.xpath('//div[5]/div[2]/div[1]/div[1]/div[1]/div[1]/*[2]').should('be.visible').click();\ncy.wait(4000);\ncy.url().should('contain', '/medical_history');\ncy.xpath('//div[2]/div/nav/div[1]/div').should('be.visible').should('have.text', 'Medical History');\ncy.get('.h-6 > path').scrollIntoView().should('be.visible').click();\ncy.wait(4000);\ncy.url().should('contain', '/appointments');",
              "err": {},
              "uuid": "59e9143d-76bd-4daa-924c-84e05f7d2d16",
              "parentUUID": "fa6a0a45-cb18-47f8-ae55-531ba3408ed6",
              "isHook": false,
              "skipped": false
            },
            {
              "title": "The list of services requested by the patient should be displayed",
              "fullTitle": "Cancelled Appointment Details Test cases The list of services requested by the patient should be displayed",
              "timedOut": null,
              "duration": 101,
              "state": "passed",
              "speed": "fast",
              "pass": true,
              "fail": false,
              "pending": false,
              "context": null,
              "code": "cy.xpath('//div[contains(text(),\"Services R\")]').should('be.visible').should('have.text', 'Services Requested');",
              "err": {},
              "uuid": "0b7d32cb-b528-46e4-8e30-59e84a33d246",
              "parentUUID": "fa6a0a45-cb18-47f8-ae55-531ba3408ed6",
              "isHook": false,
              "skipped": false
            },
            {
              "title": "The cancellation reason added by admin/patient should be reflected",
              "fullTitle": "Cancelled Appointment Details Test cases The cancellation reason added by admin/patient should be reflected",
              "timedOut": null,
              "duration": 83,
              "state": "passed",
              "speed": "fast",
              "pass": true,
              "fail": false,
              "pending": false,
              "context": null,
              "code": "cy.xpath('//div[contains(text(),\"Cancellation\")]').should('be.visible').should('have.text', 'Cancellation Reason');",
              "err": {},
              "uuid": "e170d595-0bd8-42f7-81cf-d01a13cdea97",
              "parentUUID": "fa6a0a45-cb18-47f8-ae55-531ba3408ed6",
              "isHook": false,
              "skipped": false
            },
            {
              "title": "As a Admin the user can Re-Activate the appointment by clicking on the \"Re-Activate\" button.",
              "fullTitle": "Cancelled Appointment Details Test cases As a Admin the user can Re-Activate the appointment by clicking on the \"Re-Activate\" button.",
              "timedOut": null,
              "duration": 19029,
              "state": "passed",
              "speed": "slow",
              "pass": true,
              "fail": false,
              "pending": false,
              "context": null,
              "code": "cy.xpath('//button[@textid=\"reactivate.appointment\"]').should('be.visible').should('have.text', 'Re-activate').click();\ncy.contains('Appointment Reactivated successfully');\ncy.wait(5000);\ncy.wait(3000);\ncy.xpath('//span[contains(text(),\"awa\")]').should('be.visible').should('have.text', 'awaiting time');\ncy.logout();",
              "err": {},
              "uuid": "7f02aaf0-bcb0-4625-895f-02308844f62d",
              "parentUUID": "fa6a0a45-cb18-47f8-ae55-531ba3408ed6",
              "isHook": false,
              "skipped": false
            }
          ],
          "suites": [],
          "passes": [
            "be9e2a46-dfb9-4b58-928d-b05a1a454e5d",
            "6315ed5f-d3a5-416f-b63a-0b56f1f9055b",
            "784f1f59-38b3-47f8-9ea8-2f2e9f37eac4",
            "8cab5baf-3a7c-4a10-bb05-66ec8d75e341",
            "eb5e4848-c76f-44b3-9cc2-b3ee39dcba4c",
            "59e9143d-76bd-4daa-924c-84e05f7d2d16",
            "0b7d32cb-b528-46e4-8e30-59e84a33d246",
            "e170d595-0bd8-42f7-81cf-d01a13cdea97",
            "7f02aaf0-bcb0-4625-895f-02308844f62d"
          ],
          "failures": [],
          "pending": [],
          "skipped": [],
          "duration": 54413,
          "root": false,
          "rootEmpty": false,
          "_timeout": 2000
        }
      ],
      "passes": [],
      "failures": [],
      "pending": [],
      "skipped": [],
      "duration": 0,
      "root": true,
      "rootEmpty": true,
      "_timeout": 2000
    }
  ],
  "meta": {
    "mocha": {
      "version": "7.0.1"
    },
    "mochawesome": {
      "options": {
        "quiet": false,
        "reportFilename": "report",
        "saveHtml": true,
        "saveJson": true,
        "consoleReporter": "spec",
        "useInlineDiffs": false,
        "code": true
      },
      "version": "7.0.1"
    },
    "marge": {
      "options": {
        "reportDir": "cypress/reports",
        "reportFilename": "report",
        "overwrite": false,
        "html": true,
        "json": true,
        "charts": true
      },
      "version": "6.0.1"
    }
  }
}