{
  "stats": {
    "suites": 1,
    "tests": 6,
    "passes": 0,
    "pending": 0,
    "failures": 6,
    "start": "2021-12-29T06:40:00.103Z",
    "end": "2021-12-29T06:43:51.841Z",
    "duration": 231738,
    "testsRegistered": 6,
    "passPercent": 0,
    "pendingPercent": 0,
    "other": 0,
    "hasOther": false,
    "skipped": 0,
    "hasSkipped": false
  },
  "results": [
    {
      "uuid": "bb7fad9a-3ef8-47af-8c72-38b1eafea5e3",
      "title": "",
      "fullFile": "cypress/integration/Admin_Testcases/02_changePassword.spec.js",
      "file": "cypress/integration/Admin_Testcases/02_changePassword.spec.js",
      "beforeHooks": [],
      "afterHooks": [],
      "tests": [],
      "suites": [
        {
          "uuid": "5ba668dd-e9ea-4225-b8e0-2544bfe28991",
          "title": "Change password Testcases",
          "fullFile": "",
          "file": "",
          "beforeHooks": [],
          "afterHooks": [],
          "tests": [
            {
              "title": "As a Admin I should be able to navigate on change password screen",
              "fullTitle": "Change password Testcases As a Admin I should be able to navigate on change password screen",
              "timedOut": null,
              "duration": 139501,
              "state": "failed",
              "speed": null,
              "pass": false,
              "fail": true,
              "pending": false,
              "context": null,
              "code": "cy.login();\ncy.xpath(\"//nav//div[text()='Settings']\").should('be.visible').click();\ncy.url().should('include', '/password');",
              "err": {
                "message": "AssertionError: Timed out retrying after 15000ms: Expected to find element: `//input[@name='email']`, but never found it.",
                "estack": "AssertionError: Timed out retrying after 15000ms: Expected to find element: `//input[@name='email']`, but never found it.\n    at Context.eval (https://staging.rch.build-release.com/__cypress/tests?p=cypress\\support\\index.js:251:6)",
                "diff": null
              },
              "uuid": "9a1e0622-4f25-463e-9b7c-89ad160141be",
              "parentUUID": "5ba668dd-e9ea-4225-b8e0-2544bfe28991",
              "isHook": false,
              "skipped": false
            },
            {
              "title": "At Chnage Password page each page should have proper labels",
              "fullTitle": "Change password Testcases At Chnage Password page each page should have proper labels",
              "timedOut": null,
              "duration": 16123,
              "state": "failed",
              "speed": null,
              "pass": false,
              "fail": true,
              "pending": false,
              "context": null,
              "code": "cy.get('.text-xl').should('be.visible').and('have.text', 'Change Password');\ncy.xpath(\"//label//div\").eq(0).should('be.visible').and('have.text', 'Old Password');\ncy.xpath(\"//label//div\").eq(1).should('be.visible').and('have.text', 'New Password');\ncy.xpath(\"//label//div\").eq(2).should('be.visible').and('have.text', 'Confirm Password');\ncy.xpath(\"//button//div[text()='Update']\").should('be.visible');",
              "err": {
                "message": "AssertionError: Timed out retrying after 15000ms: Expected to find element: `.text-xl`, but never found it.",
                "estack": "AssertionError: Timed out retrying after 15000ms: Expected to find element: `.text-xl`, but never found it.\n    at Context.eval (https://staging.rch.build-release.com/__cypress/tests?p=cypress\\integration\\Admin_Testcases\\02_changePassword.spec.js:143:24)",
                "diff": null
              },
              "uuid": "696edce9-8497-479f-88c1-684408532e60",
              "parentUUID": "5ba668dd-e9ea-4225-b8e0-2544bfe28991",
              "isHook": false,
              "skipped": false
            },
            {
              "title": "in empty field proper validation should appear",
              "fullTitle": "Change password Testcases in empty field proper validation should appear",
              "timedOut": null,
              "duration": 15863,
              "state": "failed",
              "speed": null,
              "pass": false,
              "fail": true,
              "pending": false,
              "context": null,
              "code": "//empty case\ncy.xpath(\"//button//div[text()='Update']\").click();\ncy.contains(\"Old Password is required\").should('be.visible');\ncy.contains(\"New Password is required\").should('be.visible');\ncy.contains(\"New Password is required\").should('be.visible');",
              "err": {
                "message": "AssertionError: Timed out retrying after 15000ms: Expected to find element: `//button//div[text()='Update']`, but never found it.",
                "estack": "AssertionError: Timed out retrying after 15000ms: Expected to find element: `//button//div[text()='Update']`, but never found it.\n    at Context.eval (https://staging.rch.build-release.com/__cypress/tests?p=cypress\\integration\\Admin_Testcases\\02_changePassword.spec.js:151:8)",
                "diff": null
              },
              "uuid": "53624d44-42d0-4e19-b16e-fbc68bca9f98",
              "parentUUID": "5ba668dd-e9ea-4225-b8e0-2544bfe28991",
              "isHook": false,
              "skipped": false
            },
            {
              "title": "wrong old password case should be handle proper",
              "fullTitle": "Change password Testcases wrong old password case should be handle proper",
              "timedOut": null,
              "duration": 15525,
              "state": "failed",
              "speed": null,
              "pass": false,
              "fail": true,
              "pending": false,
              "context": null,
              "code": "// wrong old password case \nconst password = _faker.default.name + \"@123456\";\ncy.xpath(old_password).type('123456@1235As');\ncy.xpath(new_password).type(password);\ncy.xpath(confirm_password).type(password);\ncy.xpath(\"//button//div[text()='Update']\").click();\ncy.wait(2000);",
              "err": {
                "message": "AssertionError: Timed out retrying after 15000ms: Expected to find element: `//input[@name='oldPassword']`, but never found it.",
                "estack": "AssertionError: Timed out retrying after 15000ms: Expected to find element: `//input[@name='oldPassword']`, but never found it.\n    at Context.eval (https://staging.rch.build-release.com/__cypress/tests?p=cypress\\integration\\Admin_Testcases\\02_changePassword.spec.js:159:8)",
                "diff": null
              },
              "uuid": "22bad781-28cc-4b25-9cc9-82c0e203ae68",
              "parentUUID": "5ba668dd-e9ea-4225-b8e0-2544bfe28991",
              "isHook": false,
              "skipped": false
            },
            {
              "title": "password lenth validation should be proper",
              "fullTitle": "Change password Testcases password lenth validation should be proper",
              "timedOut": null,
              "duration": 15337,
              "state": "failed",
              "speed": null,
              "pass": false,
              "fail": true,
              "pending": false,
              "context": null,
              "code": "// password length validations\ncy.xpath(old_password).clear().type('1231');\ncy.xpath(new_password).clear().type('sada');\ncy.xpath(confirm_password).clear().type('d');\ncy.xpath(\"//label//div\").eq(2).click();\ncy.get('.text-red-600').eq(0).should('have.text', 'Password is too short - should be 8 chars minimum').and('be.visible');\ncy.get('.text-red-600').eq(1).should('have.text', 'Password should be atleast 8 characters and should contain combination of uppercase, lowercase & numbers').and('be.visible');\ncy.get('.text-red-600').eq(2).should('have.text', 'Both passwords need to be the same').and('be.visible');",
              "err": {
                "message": "AssertionError: Timed out retrying after 15000ms: Expected to find element: `//input[@name='oldPassword']`, but never found it.",
                "estack": "AssertionError: Timed out retrying after 15000ms: Expected to find element: `//input[@name='oldPassword']`, but never found it.\n    at Context.eval (https://staging.rch.build-release.com/__cypress/tests?p=cypress\\integration\\Admin_Testcases\\02_changePassword.spec.js:167:8)",
                "diff": null
              },
              "uuid": "cab45c49-b178-46a7-905a-811a6f941bf8",
              "parentUUID": "5ba668dd-e9ea-4225-b8e0-2544bfe28991",
              "isHook": false,
              "skipped": false
            },
            {
              "title": "As a Admin I should be able to change password and admin should be able to login with new password",
              "fullTitle": "Change password Testcases As a Admin I should be able to change password and admin should be able to login with new password",
              "timedOut": null,
              "duration": 15269,
              "state": "failed",
              "speed": null,
              "pass": false,
              "fail": true,
              "pending": false,
              "context": null,
              "code": "const cred = __webpack_require__(/*! ../../fixtures/cred.json */ \"./cypress/fixtures/cred.json\");\ncy.xpath(old_password).clear().type(cred.password);\ncy.xpath(new_password).clear().type('Passcode@123');\ncy.xpath(confirm_password).clear().type('Passcode@123');\ncy.xpath(\"//button//div[text()='Update']\").click();\ncy.xpath(\"//div[text()='Sign In']\").should('be.visible');\ncy.contains('changed', {\n  matchCase: false\n});\ncy.get(':nth-child(1) > .mt-1 > .appearance-none').type(cred.email);\ncy.get(':nth-child(2) > .mt-1 > .appearance-none').type('Passcode@123');\ncy.get('.mt-3 > .flex').click();\ncy.xpath(\"//nav//div[text()='Settings']\").should('be.visible').click();\ncy.xpath(old_password).clear().type('Passcode@123');\ncy.xpath(new_password).clear().type(cred.password);\ncy.xpath(confirm_password).clear().type(cred.password);\ncy.xpath(\"//button//div[text()='Update']\").click();",
              "err": {
                "message": "AssertionError: Timed out retrying after 15000ms: Expected to find element: `//input[@name='oldPassword']`, but never found it.",
                "estack": "AssertionError: Timed out retrying after 15000ms: Expected to find element: `//input[@name='oldPassword']`, but never found it.\n    at Context.eval (https://staging.rch.build-release.com/__cypress/tests?p=cypress\\integration\\Admin_Testcases\\02_changePassword.spec.js:178:8)",
                "diff": null
              },
              "uuid": "90957a25-30f3-461c-a7c3-ee8fc3dcba39",
              "parentUUID": "5ba668dd-e9ea-4225-b8e0-2544bfe28991",
              "isHook": false,
              "skipped": false
            }
          ],
          "suites": [],
          "passes": [],
          "failures": [
            "9a1e0622-4f25-463e-9b7c-89ad160141be",
            "696edce9-8497-479f-88c1-684408532e60",
            "53624d44-42d0-4e19-b16e-fbc68bca9f98",
            "22bad781-28cc-4b25-9cc9-82c0e203ae68",
            "cab45c49-b178-46a7-905a-811a6f941bf8",
            "90957a25-30f3-461c-a7c3-ee8fc3dcba39"
          ],
          "pending": [],
          "skipped": [],
          "duration": 217618,
          "root": false,
          "rootEmpty": false,
          "_timeout": 2000
        }
      ],
      "passes": [],
      "failures": [],
      "pending": [],
      "skipped": [],
      "duration": 0,
      "root": true,
      "rootEmpty": true,
      "_timeout": 2000
    }
  ],
  "meta": {
    "mocha": {
      "version": "7.0.1"
    },
    "mochawesome": {
      "options": {
        "quiet": false,
        "reportFilename": "report",
        "saveHtml": true,
        "saveJson": true,
        "consoleReporter": "spec",
        "useInlineDiffs": false,
        "code": true
      },
      "version": "7.0.1"
    },
    "marge": {
      "options": {
        "reportDir": "cypress/reports",
        "reportFilename": "report",
        "overwrite": false,
        "html": true,
        "json": true,
        "charts": true
      },
      "version": "6.0.1"
    }
  }
}