{
  "stats": {
    "suites": 1,
    "tests": 10,
    "passes": 0,
    "pending": 0,
    "failures": 10,
    "start": "2022-02-16T07:44:37.506Z",
    "end": "2022-02-16T07:47:32.172Z",
    "duration": 174666,
    "testsRegistered": 10,
    "passPercent": 0,
    "pendingPercent": 0,
    "other": 0,
    "hasOther": false,
    "skipped": 0,
    "hasSkipped": false
  },
  "results": [
    {
      "uuid": "f0dab377-26d5-4c25-942a-7e05e67d4ca9",
      "title": "",
      "fullFile": "cypress/integration/Admin_Testcases/06_Provider-management.spec.js",
      "file": "cypress/integration/Admin_Testcases/06_Provider-management.spec.js",
      "beforeHooks": [],
      "afterHooks": [],
      "tests": [],
      "suites": [
        {
          "uuid": "029e2d93-1709-4fae-9214-ee635f71889f",
          "title": "provider management module test case",
          "fullFile": "",
          "file": "",
          "beforeHooks": [],
          "afterHooks": [],
          "tests": [
            {
              "title": "As a admin the user should be navigated to the provides page by clicking on providers tab",
              "fullTitle": "provider management module test case As a admin the user should be navigated to the provides page by clicking on providers tab",
              "timedOut": null,
              "duration": 25724,
              "state": "failed",
              "speed": null,
              "pass": false,
              "fail": true,
              "pending": false,
              "context": null,
              "code": "cy.login();\ncy.get('.space-y-4 > :nth-child(5)').should('be.visible').and('have.text', 'Invitation').click();\ncy.url().should('contain', '/invitation');",
              "err": {
                "message": "AssertionError: Timed out retrying after 15000ms: expected '<div.group.relative.rounded-md.px-3.py-2.flex.items-center.text-sm.font-medium.cursor-pointer.text-white.hover:text-black.hover:bg-gray-400.false.>' to have text 'Invitation', but the text was 'Patient Services'",
                "estack": "AssertionError: Timed out retrying after 15000ms: expected '<div.group.relative.rounded-md.px-3.py-2.flex.items-center.text-sm.font-medium.cursor-pointer.text-white.hover:text-black.hover:bg-gray-400.false.>' to have text 'Invitation', but the text was 'Patient Services'\n    at Context.eval (https://qa.rch.build-release.com/__cypress/tests?p=cypress\\integration\\Admin_Testcases\\06_Provider-management.spec.js:103:63)",
                "diff": "- 'Patient Services'\n+ 'Invitation'\n"
              },
              "uuid": "6487a29c-0668-4784-b150-21f8b7b24c4c",
              "parentUUID": "029e2d93-1709-4fae-9214-ee635f71889f",
              "isHook": false,
              "skipped": false
            },
            {
              "title": "At invited providers page each label and field should have proper label and proper validations",
              "fullTitle": "provider management module test case At invited providers page each label and field should have proper label and proper validations",
              "timedOut": null,
              "duration": 16081,
              "state": "failed",
              "speed": null,
              "pass": false,
              "fail": true,
              "pending": false,
              "context": null,
              "code": "cy.get('.text-xl').should('be.visible').should('contain', 'Invited Providers');\ncy.get('table>thead>tr>th:nth-child(1)>div').should('be.visible').should('have.text', 'Email/Phone');\ncy.get('table>thead>tr>th:nth-child(2)>div').should('be.visible').should('have.text', 'Invited On');\ncy.get('table>thead>tr>th:nth-child(3)>div').should('be.visible').should('have.text', 'Status');\ncy.get('table>thead>tr>th:nth-child(4)>div').should('be.visible').should('have.text', 'Action');\ncy.get('[type=search]').invoke('attr', 'placeholder').should('contain', 'Search for phone or email.');\ncy.get('.text-xl').should('be.visible').should('contain', 'Providers');\ncy.get('.flex-wrap > .flex').should('be.visible').should('contain', 'Invite Provider');\ncy.get('.flex-1 > .ml-3').should('be.visible').should('have.text', 'Next');",
              "err": {
                "message": "AssertionError: Timed out retrying after 15000ms: expected '<div.font-bold.text-xl.text-primary.pb-2>' to contain 'Invited Providers'",
                "estack": "AssertionError: Timed out retrying after 15000ms: expected '<div.font-bold.text-xl.text-primary.pb-2>' to contain 'Invited Providers'\n    at Context.eval (https://qa.rch.build-release.com/__cypress/tests?p=cypress\\integration\\Admin_Testcases\\06_Provider-management.spec.js:107:45)",
                "diff": null
              },
              "uuid": "fe7ac53a-bbcd-4a03-abbc-5be310a6c746",
              "parentUUID": "029e2d93-1709-4fae-9214-ee635f71889f",
              "isHook": false,
              "skipped": false
            },
            {
              "title": "As a admin the user should be able to go the next page of the providers list by clicking on next button",
              "fullTitle": "provider management module test case As a admin the user should be able to go the next page of the providers list by clicking on next button",
              "timedOut": null,
              "duration": 15838,
              "state": "failed",
              "speed": null,
              "pass": false,
              "fail": true,
              "pending": false,
              "context": null,
              "code": "cy.get('.flex-1 > .ml-3').should('be.visible').click();",
              "err": {
                "message": "AssertionError: Timed out retrying after 15000ms: Expected to find element: `.flex-1 > .ml-3`, but never found it.",
                "estack": "AssertionError: Timed out retrying after 15000ms: Expected to find element: `.flex-1 > .ml-3`, but never found it.\n    at Context.eval (https://qa.rch.build-release.com/__cypress/tests?p=cypress\\integration\\Admin_Testcases\\06_Provider-management.spec.js:118:31)",
                "diff": null
              },
              "uuid": "17cbc80c-89fb-4c28-839f-c4ba3b0f1eb4",
              "parentUUID": "029e2d93-1709-4fae-9214-ee635f71889f",
              "isHook": false,
              "skipped": false
            },
            {
              "title": "As a admin the user should be able to go the previous page of the providers list by clicking on previous button",
              "fullTitle": "provider management module test case As a admin the user should be able to go the previous page of the providers list by clicking on previous button",
              "timedOut": null,
              "duration": 15862,
              "state": "failed",
              "speed": null,
              "pass": false,
              "fail": true,
              "pending": false,
              "context": null,
              "code": "cy.get('.px-4 > .flex-1 > :nth-child(1)').should('be.visible').click();",
              "err": {
                "message": "AssertionError: Timed out retrying after 15000ms: Expected to find element: `.px-4 > .flex-1 > :nth-child(1)`, but never found it.",
                "estack": "AssertionError: Timed out retrying after 15000ms: Expected to find element: `.px-4 > .flex-1 > :nth-child(1)`, but never found it.\n    at Context.eval (https://qa.rch.build-release.com/__cypress/tests?p=cypress\\integration\\Admin_Testcases\\06_Provider-management.spec.js:121:47)",
                "diff": null
              },
              "uuid": "d9cce4e2-e1f1-470c-b2db-d342c62b598f",
              "parentUUID": "029e2d93-1709-4fae-9214-ee635f71889f",
              "isHook": false,
              "skipped": false
            },
            {
              "title": "As a admin the user should be able to search any invited prodvider with his phone number or email",
              "fullTitle": "provider management module test case As a admin the user should be able to search any invited prodvider with his phone number or email",
              "timedOut": null,
              "duration": 15906,
              "state": "failed",
              "speed": null,
              "pass": false,
              "fail": true,
              "pending": false,
              "context": null,
              "code": "cy.get('[type=search]').should('be.visible').type('ricky@mailinator.com');\ncy.wait(5000);",
              "err": {
                "message": "AssertionError: Timed out retrying after 15000ms: Expected to find element: `[type=search]`, but never found it.",
                "estack": "AssertionError: Timed out retrying after 15000ms: Expected to find element: `[type=search]`, but never found it.\n    at Context.eval (https://qa.rch.build-release.com/__cypress/tests?p=cypress\\integration\\Admin_Testcases\\06_Provider-management.spec.js:124:29)",
                "diff": null
              },
              "uuid": "4b44f660-8628-49da-a843-73dde5e22ad7",
              "parentUUID": "029e2d93-1709-4fae-9214-ee635f71889f",
              "isHook": false,
              "skipped": false
            },
            {
              "title": "As a admin the user should be navigated to the existing providers page by clicking providers tab",
              "fullTitle": "provider management module test case As a admin the user should be navigated to the existing providers page by clicking providers tab",
              "timedOut": null,
              "duration": 16050,
              "state": "failed",
              "speed": null,
              "pass": false,
              "fail": true,
              "pending": false,
              "context": null,
              "code": "cy.get('.space-y-4 > :nth-child(4)').should('be.visible').and('have.text', 'Providers').click();\ncy.url().should('contain', '/providers');",
              "err": {
                "message": "AssertionError: Timed out retrying after 15000ms: expected '<div.group.relative.rounded-md.px-3.py-2.flex.items-center.text-sm.font-medium.cursor-pointer.text-white.hover:text-black.hover:bg-gray-400.false.>' to have text 'Providers', but the text was 'Appointments'",
                "estack": "AssertionError: Timed out retrying after 15000ms: expected '<div.group.relative.rounded-md.px-3.py-2.flex.items-center.text-sm.font-medium.cursor-pointer.text-white.hover:text-black.hover:bg-gray-400.false.>' to have text 'Providers', but the text was 'Appointments'\n    at Context.eval (https://qa.rch.build-release.com/__cypress/tests?p=cypress\\integration\\Admin_Testcases\\06_Provider-management.spec.js:128:63)",
                "diff": "- 'Appointments'\n+ 'Providers'\n"
              },
              "uuid": "9ceb3d85-1d93-40e8-974f-cbf7d0a08c4b",
              "parentUUID": "029e2d93-1709-4fae-9214-ee635f71889f",
              "isHook": false,
              "skipped": false
            },
            {
              "title": "At onboarded providers page each label and field should have proper labe and proper validations",
              "fullTitle": "provider management module test case At onboarded providers page each label and field should have proper labe and proper validations",
              "timedOut": null,
              "duration": 15998,
              "state": "failed",
              "speed": null,
              "pass": false,
              "fail": true,
              "pending": false,
              "context": null,
              "code": "cy.get('.font-bold').should('be.visible').should('have.text', 'Providers');\ncy.get('table>thead>tr>th:nth-child(1)').should('be.visible').should('have.text', 'Full Name');\ncy.get('table>thead>tr>th:nth-child(2)').should('be.visible').should('have.text', 'Email');\ncy.get('table>thead>tr>th:nth-child(3)').should('be.visible').should('have.text', 'Mobile Number');\ncy.get('table>thead>tr>th:nth-child(4)').should('be.visible').should('have.text', 'Joined On');\ncy.get('table>thead>tr>th:nth-child(5)').should('be.visible').should('have.text', 'Action');\ncy.get('[type=search]').invoke('attr', 'placeholder').should('contain', 'Search for name or email.');",
              "err": {
                "message": "AssertionError: Timed out retrying after 15000ms: expected '<div.font-bold.text-xl.text-primary.pb-2>' to have text 'Providers', but the text was 'Dashboard'",
                "estack": "AssertionError: Timed out retrying after 15000ms: expected '<div.font-bold.text-xl.text-primary.pb-2>' to have text 'Providers', but the text was 'Dashboard'\n    at Context.eval (https://qa.rch.build-release.com/__cypress/tests?p=cypress\\integration\\Admin_Testcases\\06_Provider-management.spec.js:132:47)",
                "diff": "- 'Dashboard'\n+ 'Providers'\n"
              },
              "uuid": "4b00da68-c8ab-4bce-bb3d-dd7f16828fe7",
              "parentUUID": "029e2d93-1709-4fae-9214-ee635f71889f",
              "isHook": false,
              "skipped": false
            },
            {
              "title": "As a admin the user should be navigated to the profile details of any provider by clicking on eye button against that particular provider",
              "fullTitle": "provider management module test case As a admin the user should be navigated to the profile details of any provider by clicking on eye button against that particular provider",
              "timedOut": null,
              "duration": 15960,
              "state": "failed",
              "speed": null,
              "pass": false,
              "fail": true,
              "pending": false,
              "context": null,
              "code": "cy.get('tr:nth-child(1) > td:nth-child(5) > div > svg:nth-child(1) > path:nth-child(1)').should('be.visible').click();\ncy.get('.py-8 > .font-bold').should('be.visible').should('contain', 'Provider Details');\ncy.get('.border-b-2').should('be.visible').should('contain', 'Address');\ncy.get('div.col-span-12.mt-4 > div.mt-4.space-y-4>div:nth-child(1)>div:nth-child(1)>div:nth-child(1)').should('be.visible').should('have.text', 'Address Line 1');\ncy.get('div.col-span-12.mt-4 > div.mt-4.space-y-4>div:nth-child(1)>div:nth-child(2)>div:nth-child(1)').should('be.visible').should('have.text', 'Address Line 2');\ncy.get('div.col-span-12.mt-4 > div.mt-4.space-y-4>div:nth-child(2)>div:nth-child(1)>div:nth-child(1)').should('be.visible').should('have.text', 'Postal Code');\ncy.get('div.col-span-12.mt-4 > div.mt-4.space-y-4>div:nth-child(2)>div:nth-child(2)>div:nth-child(1)').should('be.visible').should('have.text', 'City');\ncy.get('div.col-span-12.mt-4 > div.mt-4.space-y-4>div:nth-child(3)>div:nth-child(1)>div:nth-child(1)').should('be.visible').should('have.text', 'State');",
              "err": {
                "message": "AssertionError: Timed out retrying after 15000ms: Expected to find element: `tr:nth-child(1) > td:nth-child(5) > div > svg:nth-child(1) > path:nth-child(1)`, but never found it.",
                "estack": "AssertionError: Timed out retrying after 15000ms: Expected to find element: `tr:nth-child(1) > td:nth-child(5) > div > svg:nth-child(1) > path:nth-child(1)`, but never found it.\n    at Context.eval (https://qa.rch.build-release.com/__cypress/tests?p=cypress\\integration\\Admin_Testcases\\06_Provider-management.spec.js:141:94)",
                "diff": null
              },
              "uuid": "bfdc2eca-d499-46a2-bdb2-3611d8c85b62",
              "parentUUID": "029e2d93-1709-4fae-9214-ee635f71889f",
              "isHook": false,
              "skipped": false
            },
            {
              "title": "As a admin the user should be navigted back to the onboarded providers page by clicking on back arrow on profile details page",
              "fullTitle": "provider management module test case As a admin the user should be navigted back to the onboarded providers page by clicking on back arrow on profile details page",
              "timedOut": null,
              "duration": 15944,
              "state": "failed",
              "speed": null,
              "pass": false,
              "fail": true,
              "pending": false,
              "context": null,
              "code": "cy.get('.py-8 > .h-6').should('be.visible').click();",
              "err": {
                "message": "AssertionError: Timed out retrying after 15000ms: Expected to find element: `.py-8 > .h-6`, but never found it.",
                "estack": "AssertionError: Timed out retrying after 15000ms: Expected to find element: `.py-8 > .h-6`, but never found it.\n    at Context.eval (https://qa.rch.build-release.com/__cypress/tests?p=cypress\\integration\\Admin_Testcases\\06_Provider-management.spec.js:151:28)",
                "diff": null
              },
              "uuid": "04058d73-22b8-4fba-bc6e-a0a6456c20a6",
              "parentUUID": "029e2d93-1709-4fae-9214-ee635f71889f",
              "isHook": false,
              "skipped": false
            },
            {
              "title": "As a admin the user should be able to search any onboarded prodvider with his name or email",
              "fullTitle": "provider management module test case As a admin the user should be able to search any onboarded prodvider with his name or email",
              "timedOut": null,
              "duration": 15919,
              "state": "failed",
              "speed": null,
              "pass": false,
              "fail": true,
              "pending": false,
              "context": null,
              "code": "cy.get('[type=search]').should('be.visible').type('ankit.jaiswal@crownstack.com');\ncy.wait(5000);\ncy.get('[type=search]').clear();\ncy.wait(2000);\ncy.get('[type=search]').should('be.visible').type('Nishant Mishra');\ncy.wait(2000);\ncy.get('[type=search]').clear();\ncy.logout();",
              "err": {
                "message": "AssertionError: Timed out retrying after 15000ms: Expected to find element: `[type=search]`, but never found it.",
                "estack": "AssertionError: Timed out retrying after 15000ms: Expected to find element: `[type=search]`, but never found it.\n    at Context.eval (https://qa.rch.build-release.com/__cypress/tests?p=cypress\\integration\\Admin_Testcases\\06_Provider-management.spec.js:154:29)",
                "diff": null
              },
              "uuid": "7b21f6b9-ef58-4caa-a50a-e53db127f89b",
              "parentUUID": "029e2d93-1709-4fae-9214-ee635f71889f",
              "isHook": false,
              "skipped": false
            }
          ],
          "suites": [],
          "passes": [],
          "failures": [
            "6487a29c-0668-4784-b150-21f8b7b24c4c",
            "fe7ac53a-bbcd-4a03-abbc-5be310a6c746",
            "17cbc80c-89fb-4c28-839f-c4ba3b0f1eb4",
            "d9cce4e2-e1f1-470c-b2db-d342c62b598f",
            "4b44f660-8628-49da-a843-73dde5e22ad7",
            "9ceb3d85-1d93-40e8-974f-cbf7d0a08c4b",
            "4b00da68-c8ab-4bce-bb3d-dd7f16828fe7",
            "bfdc2eca-d499-46a2-bdb2-3611d8c85b62",
            "04058d73-22b8-4fba-bc6e-a0a6456c20a6",
            "7b21f6b9-ef58-4caa-a50a-e53db127f89b"
          ],
          "pending": [],
          "skipped": [],
          "duration": 169282,
          "root": false,
          "rootEmpty": false,
          "_timeout": 2000
        }
      ],
      "passes": [],
      "failures": [],
      "pending": [],
      "skipped": [],
      "duration": 0,
      "root": true,
      "rootEmpty": true,
      "_timeout": 2000
    }
  ],
  "meta": {
    "mocha": {
      "version": "7.0.1"
    },
    "mochawesome": {
      "options": {
        "quiet": false,
        "reportFilename": "report",
        "saveHtml": true,
        "saveJson": true,
        "consoleReporter": "spec",
        "useInlineDiffs": false,
        "code": true
      },
      "version": "7.0.1"
    },
    "marge": {
      "options": {
        "reportDir": "cypress/reports",
        "reportFilename": "report",
        "overwrite": false,
        "html": true,
        "json": true,
        "charts": true
      },
      "version": "6.0.1"
    }
  }
}