{
  "stats": {
    "suites": 1,
    "tests": 7,
    "passes": 0,
    "pending": 0,
    "failures": 7,
    "start": "2022-02-14T12:35:46.699Z",
    "end": "2022-02-14T12:37:53.535Z",
    "duration": 126836,
    "testsRegistered": 7,
    "passPercent": 0,
    "pendingPercent": 0,
    "other": 0,
    "hasOther": false,
    "skipped": 0,
    "hasSkipped": false
  },
  "results": [
    {
      "uuid": "5060c348-8f7c-4e23-9d1d-674a02517954",
      "title": "",
      "fullFile": "cypress/integration/Admin_Testcases/05_provider.spec.js",
      "file": "cypress/integration/Admin_Testcases/05_provider.spec.js",
      "beforeHooks": [],
      "afterHooks": [],
      "tests": [],
      "suites": [
        {
          "uuid": "a530adf0-bbe5-40c5-86ba-52ef44aeee9d",
          "title": "Provider module testcases",
          "fullFile": "",
          "file": "",
          "beforeHooks": [],
          "afterHooks": [],
          "tests": [
            {
              "title": "As a Admin I should be albe to navigate on invited provider listing page",
              "fullTitle": "Provider module testcases As a Admin I should be albe to navigate on invited provider listing page",
              "timedOut": null,
              "duration": 26176,
              "state": "failed",
              "speed": null,
              "pass": false,
              "fail": true,
              "pending": false,
              "context": null,
              "code": "cy.login();\ncy.get('.space-y-4 > :nth-child(5)').should('be.visible').click();\ncy.url().should('include', '/invitation');",
              "err": {
                "message": "AssertionError: Timed out retrying after 15000ms: expected 'https://qa.rch.build-release.com/admin/services' to include '/invitation'",
                "estack": "AssertionError: Timed out retrying after 15000ms: expected 'https://qa.rch.build-release.com/admin/services' to include '/invitation'\n    at Context.eval (https://qa.rch.build-release.com/__cypress/tests?p=cypress\\integration\\Admin_Testcases\\05_provider.spec.js:126:14)",
                "diff": null
              },
              "uuid": "708c4742-753d-4397-ba37-35f118de964b",
              "parentUUID": "a530adf0-bbe5-40c5-86ba-52ef44aeee9d",
              "isHook": false,
              "skipped": false
            },
            {
              "title": "At invited providers page each label and field should have proper label and proper validations",
              "fullTitle": "Provider module testcases At invited providers page each label and field should have proper label and proper validations",
              "timedOut": null,
              "duration": 15603,
              "state": "failed",
              "speed": null,
              "pass": false,
              "fail": true,
              "pending": false,
              "context": null,
              "code": "cy.get('thead > tr > :nth-child(1) > div').should('be.visible').and('have.text', 'Email/Phone');\ncy.get('tr > :nth-child(2) > div').should('be.visible').and('have.text', 'Invited On');\ncy.get('tr > :nth-child(3) > div').should('be.visible').and('have.text', 'Status');\ncy.get('tr > :nth-child(4) > div').should('be.visible').and('have.text', 'Action');\ncy.xpath(\"//button[@textid='provider.invite']\").should('have.text', 'Invite Provider');\ncy.get('.flex-wrap > .flex').should('be.visible').and('have.text', 'Invite Provider');",
              "err": {
                "message": "AssertionError: Timed out retrying after 15000ms: expected '<div>' to have text 'Email/Phone', but the text was 'Service Name'",
                "estack": "AssertionError: Timed out retrying after 15000ms: expected '<div>' to have text 'Email/Phone', but the text was 'Service Name'\n    at Context.eval (https://qa.rch.build-release.com/__cypress/tests?p=cypress\\integration\\Admin_Testcases\\05_provider.spec.js:129:69)",
                "diff": "- 'Service Name'\n+ 'Email/Phone'\n"
              },
              "uuid": "fbf2577d-84c8-4db8-8600-e9a7d28bfaac",
              "parentUUID": "a530adf0-bbe5-40c5-86ba-52ef44aeee9d",
              "isHook": false,
              "skipped": false
            },
            {
              "title": "As a Admin I should be albe to get a pop up window of invite provider by clicking on invite provider button",
              "fullTitle": "Provider module testcases As a Admin I should be albe to get a pop up window of invite provider by clicking on invite provider button",
              "timedOut": null,
              "duration": 15791,
              "state": "failed",
              "speed": null,
              "pass": false,
              "fail": true,
              "pending": false,
              "context": null,
              "code": "cy.get('.flex-wrap > .flex').should('be.visible').and('have.text', 'Invite Provider').click();\ncy.get('div.my-5.text-primary.text-base.font-bold').should('be.visible');",
              "err": {
                "message": "AssertionError: Timed out retrying after 15000ms: expected '<button.flex.justify-center.items-center.text-sm.font-bold.rounded-md.shadow-sm.text-white.border-2.px-4.py-3.hover:font-bold.focus:outline-none.bg-primary.cursor-pointer.hover:border-primary>' to have text 'Invite Provider', but the text was 'Add Service'",
                "estack": "AssertionError: Timed out retrying after 15000ms: expected '<button.flex.justify-center.items-center.text-sm.font-bold.rounded-md.shadow-sm.text-white.border-2.px-4.py-3.hover:font-bold.focus:outline-none.bg-primary.cursor-pointer.hover:border-primary>' to have text 'Invite Provider', but the text was 'Add Service'\n    at Context.eval (https://qa.rch.build-release.com/__cypress/tests?p=cypress\\integration\\Admin_Testcases\\05_provider.spec.js:137:55)",
                "diff": "- 'Add Service'\n+ 'Invite Provider'\n"
              },
              "uuid": "818c7f09-8fbe-4669-87fd-98d550b29137",
              "parentUUID": "a530adf0-bbe5-40c5-86ba-52ef44aeee9d",
              "isHook": false,
              "skipped": false
            },
            {
              "title": "At invited providers pop up window each label and field should have proper label and proper validations",
              "fullTitle": "Provider module testcases At invited providers pop up window each label and field should have proper label and proper validations",
              "timedOut": null,
              "duration": 15585,
              "state": "failed",
              "speed": null,
              "pass": false,
              "fail": true,
              "pending": false,
              "context": null,
              "code": "cy.get('.my-5').should('be.visible').should('have.text', 'Invite Provider');\ncy.get('.w-5').should('be.visible');\ncy.xpath('//label').eq(0).should('be.visible').and('have.text', 'Phone');\ncy.xpath('//label').eq(1).should('be.visible').and('have.text', 'Email');\ncy.xpath('//label').eq(2).should('be.visible').and('have.text', 'Both');\ncy.xpath('//label').eq(3).should('be.visible').and('have.text', 'Email');\ncy.xpath(\"//input[@type='radio']\").should('be.checked');\ncy.get('.appearance-none').clear().type('sdada@dada@asd.com');\ncy.get('#update-profile').click();\ncy.get('.text-red-600').should('be.visible').and('have.text', 'Please enter valid email');",
              "err": {
                "message": "AssertionError: Timed out retrying after 15000ms: Expected to find element: `.my-5`, but never found it.",
                "estack": "AssertionError: Timed out retrying after 15000ms: Expected to find element: `.my-5`, but never found it.\n    at Context.eval (https://qa.rch.build-release.com/__cypress/tests?p=cypress\\integration\\Admin_Testcases\\05_provider.spec.js:141:21)",
                "diff": null
              },
              "uuid": "ade26e4e-291a-49ab-a796-7572ffbe6923",
              "parentUUID": "a530adf0-bbe5-40c5-86ba-52ef44aeee9d",
              "isHook": false,
              "skipped": false
            },
            {
              "title": "As a Admin I shoual be able to invite provider",
              "fullTitle": "Provider module testcases As a Admin I shoual be able to invite provider",
              "timedOut": null,
              "duration": 15581,
              "state": "failed",
              "speed": null,
              "pass": false,
              "fail": true,
              "pending": false,
              "context": null,
              "code": "const email = _faker.default.name.firstName() + '@mailinator.com';\ncy.get('.appearance-none').clear().type(email);\ncy.get('#update-profile').click();\ncy.writeFile('cypress/fixtures/provider.json', {\n  email: email\n});\ncy.contains('Invitation sent successfully.');",
              "err": {
                "message": "AssertionError: Timed out retrying after 15000ms: Expected to find element: `.appearance-none`, but never found it.",
                "estack": "AssertionError: Timed out retrying after 15000ms: Expected to find element: `.appearance-none`, but never found it.\n    at Context.eval (https://qa.rch.build-release.com/__cypress/tests?p=cypress\\integration\\Admin_Testcases\\05_provider.spec.js:154:8)",
                "diff": null
              },
              "uuid": "0590ef27-4832-4540-aa6b-6161100e8c0c",
              "parentUUID": "a530adf0-bbe5-40c5-86ba-52ef44aeee9d",
              "isHook": false,
              "skipped": false
            },
            {
              "title": "As a Admin I should be able to see invited provider into the provider list",
              "fullTitle": "Provider module testcases As a Admin I should be able to see invited provider into the provider list",
              "timedOut": null,
              "duration": 16120,
              "state": "failed",
              "speed": null,
              "pass": false,
              "fail": true,
              "pending": false,
              "context": null,
              "code": "cy.readFile('cypress/fixtures/provider.json').then(provider => {\n  cy.get('.space-y-4 > .bg-white').click();\n  cy.get(':nth-child(1) > :nth-child(1) > div > .text-gray-900').should('be.visible').and('have.text', provider.email.toLowerCase());\n});",
              "err": {
                "message": "AssertionError: Timed out retrying after 15000ms: expected '<p.text-gray-900.whitespace-no-wrap>' to have text 'avery@mailinator.com', but the text was 'vaccination'",
                "estack": "AssertionError: Timed out retrying after 15000ms: expected '<p.text-gray-900.whitespace-no-wrap>' to have text 'avery@mailinator.com', but the text was 'vaccination'\n    at Context.eval (https://qa.rch.build-release.com/__cypress/tests?p=cypress\\integration\\Admin_Testcases\\05_provider.spec.js:164:91)",
                "diff": "- 'vaccination'\n+ 'avery@mailinator.com'\n"
              },
              "uuid": "6c7ee9f1-781f-4c04-aaf1-a437879bbc4e",
              "parentUUID": "a530adf0-bbe5-40c5-86ba-52ef44aeee9d",
              "isHook": false,
              "skipped": false
            },
            {
              "title": "As a Admin I should be able to able to resend the password",
              "fullTitle": "Provider module testcases As a Admin I should be able to able to resend the password",
              "timedOut": null,
              "duration": 15638,
              "state": "failed",
              "speed": null,
              "pass": false,
              "fail": true,
              "pending": false,
              "context": null,
              "code": "cy.xpath(\"//div[@textid='resend']\").first().click();\ncy.contains(\"Invitation sent successfully.\").should('be.visible');\ncy.logout();",
              "err": {
                "message": "AssertionError: Timed out retrying after 15000ms: Expected to find element: `//div[@textid='resend']`, but never found it.",
                "estack": "AssertionError: Timed out retrying after 15000ms: Expected to find element: `//div[@textid='resend']`, but never found it.\n    at Context.eval (https://qa.rch.build-release.com/__cypress/tests?p=cypress\\integration\\Admin_Testcases\\05_provider.spec.js:168:8)",
                "diff": null
              },
              "uuid": "208f7b5d-c79b-4d0b-a267-ce77fa988ad3",
              "parentUUID": "a530adf0-bbe5-40c5-86ba-52ef44aeee9d",
              "isHook": false,
              "skipped": false
            }
          ],
          "suites": [],
          "passes": [],
          "failures": [
            "708c4742-753d-4397-ba37-35f118de964b",
            "fbf2577d-84c8-4db8-8600-e9a7d28bfaac",
            "818c7f09-8fbe-4669-87fd-98d550b29137",
            "ade26e4e-291a-49ab-a796-7572ffbe6923",
            "0590ef27-4832-4540-aa6b-6161100e8c0c",
            "6c7ee9f1-781f-4c04-aaf1-a437879bbc4e",
            "208f7b5d-c79b-4d0b-a267-ce77fa988ad3"
          ],
          "pending": [],
          "skipped": [],
          "duration": 120494,
          "root": false,
          "rootEmpty": false,
          "_timeout": 2000
        }
      ],
      "passes": [],
      "failures": [],
      "pending": [],
      "skipped": [],
      "duration": 0,
      "root": true,
      "rootEmpty": true,
      "_timeout": 2000
    }
  ],
  "meta": {
    "mocha": {
      "version": "7.0.1"
    },
    "mochawesome": {
      "options": {
        "quiet": false,
        "reportFilename": "report",
        "saveHtml": true,
        "saveJson": true,
        "consoleReporter": "spec",
        "useInlineDiffs": false,
        "code": true
      },
      "version": "7.0.1"
    },
    "marge": {
      "options": {
        "reportDir": "cypress/reports",
        "reportFilename": "report",
        "overwrite": false,
        "html": true,
        "json": true,
        "charts": true
      },
      "version": "6.0.1"
    }
  }
}