{
  "stats": {
    "suites": 1,
    "tests": 8,
    "passes": 7,
    "pending": 0,
    "failures": 1,
    "start": "2022-03-28T05:09:00.421Z",
    "end": "2022-03-28T05:10:13.086Z",
    "duration": 72665,
    "testsRegistered": 8,
    "passPercent": 87.5,
    "pendingPercent": 0,
    "other": 0,
    "hasOther": false,
    "skipped": 0,
    "hasSkipped": false
  },
  "results": [
    {
      "uuid": "7f10c067-a226-4198-82f8-93bdeade71ca",
      "title": "",
      "fullFile": "cypress/integration/Admin_Testcases/01_login.spec.js",
      "file": "cypress/integration/Admin_Testcases/01_login.spec.js",
      "beforeHooks": [],
      "afterHooks": [],
      "tests": [],
      "suites": [
        {
          "uuid": "7d6ab74d-4835-4c27-bac0-bb2f7d59fcb1",
          "title": "Login module testcases",
          "fullFile": "",
          "file": "",
          "beforeHooks": [],
          "afterHooks": [],
          "tests": [
            {
              "title": "As a Admin I should be able to navigate on login page",
              "fullTitle": "Login module testcases As a Admin I should be able to navigate on login page",
              "timedOut": null,
              "duration": 12499,
              "state": "passed",
              "speed": "slow",
              "pass": true,
              "fail": false,
              "pending": false,
              "context": null,
              "code": "cy.visit(cred.qaUrl);\ncy.xpath(\"//*[text()='Sign In']\").should('have.text', 'Sign In').and('be.visible');",
              "err": {},
              "uuid": "e0a7b1fd-8d32-4ad7-b82f-b8650487e5f4",
              "parentUUID": "7d6ab74d-4835-4c27-bac0-bb2f7d59fcb1",
              "isHook": false,
              "skipped": false
            },
            {
              "title": "At login screen each label and link should be proper",
              "fullTitle": "Login module testcases At login screen each label and link should be proper",
              "timedOut": null,
              "duration": 16899,
              "state": "failed",
              "speed": null,
              "pass": false,
              "fail": true,
              "pending": false,
              "context": null,
              "code": "cy.get('.text-gray-500').should('have.text', 'Please enter your credentials to sign in.');\ncy.get('[alt=\"logo\"]').invoke('attr', 'src').should('eq', '/static/media/logo2.9ba2ea85.png');\ncy.xpath(\"//label\").eq(0).should('have.text', 'Email');\ncy.xpath(\"//label\").eq(1).should('have.text', 'Password');\ncy.xpath(\"//button[@textid='submit']\").should('be.visible');\ncy.get('a').should('have.text', 'Forgot Password?');",
              "err": {
                "message": "AssertionError: Timed out retrying after 15000ms: expected '/static/media/Favicon-Light-20211230.aab62f3c.png' to equal '/static/media/logo2.9ba2ea85.png'",
                "estack": "AssertionError: Timed out retrying after 15000ms: expected '/static/media/Favicon-Light-20211230.aab62f3c.png' to equal '/static/media/logo2.9ba2ea85.png'\n    at Context.eval (https://qa.rch.build-release.com/__cypress/tests?p=cypress\\integration\\Admin_Testcases\\01_login.spec.js:120:50)",
                "diff": "- '/static/media/Favicon-Light-20211230.aab62f3c.png'\n+ '/static/media/logo2.9ba2ea85.png'\n"
              },
              "uuid": "37220747-c3d3-413a-9fea-072f42ec5308",
              "parentUUID": "7d6ab74d-4835-4c27-bac0-bb2f7d59fcb1",
              "isHook": false,
              "skipped": false
            },
            {
              "title": "At login screen each field should have proper validation",
              "fullTitle": "Login module testcases At login screen each field should have proper validation",
              "timedOut": null,
              "duration": 19366,
              "state": "passed",
              "speed": "slow",
              "pass": true,
              "fail": false,
              "pending": false,
              "context": null,
              "code": "cy.xpath(\"//input[@name='email']\").should('be.visible').clear().type('dasd@asda@').clear();\ncy.get('.py-20').click();\ncy.get('.text-red-600').eq(0).should('have.text', 'Required').and('be.visible');\ncy.xpath(\"//input[@name='email']\").should('be.visible').type('dasd@asda@');\ncy.get('.text-red-600').eq(0).should('have.text', 'Please enter valid email').and('be.visible');\ncy.xpath(\"//input[@name='email']\").clear();",
              "err": {},
              "uuid": "063811ec-cf45-4f86-b6cf-86a0d2f5bfcd",
              "parentUUID": "7d6ab74d-4835-4c27-bac0-bb2f7d59fcb1",
              "isHook": false,
              "skipped": false
            },
            {
              "title": "At login screen password field should have proper validation",
              "fullTitle": "Login module testcases At login screen password field should have proper validation",
              "timedOut": null,
              "duration": 1191,
              "state": "passed",
              "speed": "slow",
              "pass": true,
              "fail": false,
              "pending": false,
              "context": null,
              "code": "cy.xpath(\"//input[@name='password']\").should('be.visible').clear().type('dasd@asda@').clear();\ncy.get('.py-20').click();\ncy.get('.text-red-600').eq(1).should('have.text', 'Required').and('be.visible');",
              "err": {},
              "uuid": "b882b875-cb2d-4313-bace-31dd9609154d",
              "parentUUID": "7d6ab74d-4835-4c27-bac0-bb2f7d59fcb1",
              "isHook": false,
              "skipped": false
            },
            {
              "title": "At login screen forgot password link text should be visible",
              "fullTitle": "Login module testcases At login screen forgot password link text should be visible",
              "timedOut": null,
              "duration": 2527,
              "state": "passed",
              "speed": "slow",
              "pass": true,
              "fail": false,
              "pending": false,
              "context": null,
              "code": "cy.get('a').should('be.visible').click();\ncy.get('.text-gray-900').should('have.text', 'Forgot Password? ').and('be.visible');\ncy.get('a > .text-primary').click();",
              "err": {},
              "uuid": "02a88c2b-6b1c-4d90-9808-cfba41470a27",
              "parentUUID": "7d6ab74d-4835-4c27-bac0-bb2f7d59fcb1",
              "isHook": false,
              "skipped": false
            },
            {
              "title": "I should unable to login with invalid credential",
              "fullTitle": "Login module testcases I should unable to login with invalid credential",
              "timedOut": null,
              "duration": 3644,
              "state": "passed",
              "speed": "slow",
              "pass": true,
              "fail": false,
              "pending": false,
              "context": null,
              "code": "cy.xpath(\"//input[@name='email']\").type('alpha@gmail.com');\ncy.xpath(\"//input[@name='password']\").type('Password@321');\ncy.xpath(\"//button[@textid='submit']\").should('be.enabled').and('be.visible').click();\ncy.contains('Incorrect email or password');",
              "err": {},
              "uuid": "f906fdf1-6fd1-46ef-81c8-01344b8eed5a",
              "parentUUID": "7d6ab74d-4835-4c27-bac0-bb2f7d59fcb1",
              "isHook": false,
              "skipped": false
            },
            {
              "title": "I should be able to login with the valid credeantial",
              "fullTitle": "Login module testcases I should be able to login with the valid credeantial",
              "timedOut": null,
              "duration": 3936,
              "state": "passed",
              "speed": "slow",
              "pass": true,
              "fail": false,
              "pending": false,
              "context": null,
              "code": "cy.xpath(\"//input[@name='email']\").clear().type(cred.email);\ncy.xpath(\"//input[@name='password']\").clear().type(cred.password);\ncy.xpath(\"//button[@textid='submit']\").click();\ncy.get('.max-w-xs > img').should('be.visible'); // cy.url().should('include', '/dashboard')",
              "err": {},
              "uuid": "499c519f-0f9f-4847-b4aa-0db6777ac6e9",
              "parentUUID": "7d6ab74d-4835-4c27-bac0-bb2f7d59fcb1",
              "isHook": false,
              "skipped": false
            },
            {
              "title": "As a Admin I should be able to logout successfully",
              "fullTitle": "Login module testcases As a Admin I should be able to logout successfully",
              "timedOut": null,
              "duration": 2003,
              "state": "passed",
              "speed": "slow",
              "pass": true,
              "fail": false,
              "pending": false,
              "context": null,
              "code": "cy.logout();",
              "err": {},
              "uuid": "f4e5d652-5db0-43e4-8a34-d876fa67db98",
              "parentUUID": "7d6ab74d-4835-4c27-bac0-bb2f7d59fcb1",
              "isHook": false,
              "skipped": false
            }
          ],
          "suites": [],
          "passes": [
            "e0a7b1fd-8d32-4ad7-b82f-b8650487e5f4",
            "063811ec-cf45-4f86-b6cf-86a0d2f5bfcd",
            "b882b875-cb2d-4313-bace-31dd9609154d",
            "02a88c2b-6b1c-4d90-9808-cfba41470a27",
            "f906fdf1-6fd1-46ef-81c8-01344b8eed5a",
            "499c519f-0f9f-4847-b4aa-0db6777ac6e9",
            "f4e5d652-5db0-43e4-8a34-d876fa67db98"
          ],
          "failures": [
            "37220747-c3d3-413a-9fea-072f42ec5308"
          ],
          "pending": [],
          "skipped": [],
          "duration": 62065,
          "root": false,
          "rootEmpty": false,
          "_timeout": 2000
        }
      ],
      "passes": [],
      "failures": [],
      "pending": [],
      "skipped": [],
      "duration": 0,
      "root": true,
      "rootEmpty": true,
      "_timeout": 2000
    }
  ],
  "meta": {
    "mocha": {
      "version": "7.0.1"
    },
    "mochawesome": {
      "options": {
        "quiet": false,
        "reportFilename": "report",
        "saveHtml": true,
        "saveJson": true,
        "consoleReporter": "spec",
        "useInlineDiffs": false,
        "code": true
      },
      "version": "7.0.1"
    },
    "marge": {
      "options": {
        "reportDir": "cypress/reports",
        "reportFilename": "report",
        "overwrite": false,
        "html": true,
        "json": true,
        "charts": true
      },
      "version": "6.0.1"
    }
  }
}