{
  "stats": {
    "suites": 1,
    "tests": 4,
    "passes": 3,
    "pending": 0,
    "failures": 1,
    "start": "2021-09-21T11:22:36.652Z",
    "end": "2021-09-21T11:23:07.087Z",
    "duration": 30435,
    "testsRegistered": 4,
    "passPercent": 75,
    "pendingPercent": 0,
    "other": 0,
    "hasOther": false,
    "skipped": 0,
    "hasSkipped": false
  },
  "results": [
    {
      "uuid": "102387d5-c324-4e9c-9c4c-0925e5c7424c",
      "title": "",
      "fullFile": "cypress/integration/Admin_Testcases/03_profile.spec.js",
      "file": "cypress/integration/Admin_Testcases/03_profile.spec.js",
      "beforeHooks": [],
      "afterHooks": [],
      "tests": [],
      "suites": [
        {
          "uuid": "b5cf3313-9156-4bcb-bcc7-a97a0407ec04",
          "title": "Profile module testcases",
          "fullFile": "",
          "file": "",
          "beforeHooks": [],
          "afterHooks": [],
          "tests": [
            {
              "title": "As a Admin I should be able to navigate on Admin Profile",
              "fullTitle": "Profile module testcases As a Admin I should be able to navigate on Admin Profile",
              "timedOut": null,
              "duration": 7706,
              "state": "passed",
              "speed": "slow",
              "pass": true,
              "fail": false,
              "pending": false,
              "context": null,
              "code": "cy.login();\ncy.get('#headlessui-menu-button-1').click();\ncy.xpath(\"//div[@role='menuitem']//div[text()='Profile']\").should('be.visible').click();\ncy.url().should('include', '/admin/profile');",
              "err": {},
              "uuid": "15d90e88-2d48-46fd-afe3-1821353c282a",
              "parentUUID": "b5cf3313-9156-4bcb-bcc7-a97a0407ec04",
              "isHook": false,
              "skipped": false
            },
            {
              "title": "At Profile page each label should be proper",
              "fullTitle": "Profile module testcases At Profile page each label should be proper",
              "timedOut": null,
              "duration": 765,
              "state": "passed",
              "speed": "slow",
              "pass": true,
              "fail": false,
              "pending": false,
              "context": null,
              "code": "cy.get('.text-xl').should('be.visible').and('have.text', 'Profile Details');\ncy.xpath(\"//label//div\").eq(0).should('have.text', 'First Name').and('be.visible');\ncy.xpath(\"//label//div\").eq(1).should('have.text', 'Last Name').and('be.visible');\ncy.xpath(\"//label//div\").eq(2).should('have.text', 'Email').and('be.visible');\ncy.xpath(\"//label//div\").eq(3).should('have.text', 'Phone Number').and('be.visible');",
              "err": {},
              "uuid": "33de8f0c-3e25-4bb3-8d41-1535fcec85e5",
              "parentUUID": "b5cf3313-9156-4bcb-bcc7-a97a0407ec04",
              "isHook": false,
              "skipped": false
            },
            {
              "title": "At Profile page each field should have proper validations",
              "fullTitle": "Profile module testcases At Profile page each field should have proper validations",
              "timedOut": null,
              "duration": 1025,
              "state": "passed",
              "speed": "slow",
              "pass": true,
              "fail": false,
              "pending": false,
              "context": null,
              "code": "cy.get('.ml-2').click();\ncy.xpath(first_name).clear();\ncy.xpath(last_name).clear();\ncy.xpath(mobile_num).clear();\ncy.get('.flex-1').click();\ncy.get('.text-red-600 ').eq(0).contains('First Name is required');\ncy.get('.text-red-600 ').eq(1).contains('Last Name is required');\ncy.get('.text-red-600 ').eq(2).contains('Phone number required');",
              "err": {},
              "uuid": "4839bb9b-0c75-4651-ab52-c3c1d35e92c1",
              "parentUUID": "b5cf3313-9156-4bcb-bcc7-a97a0407ec04",
              "isHook": false,
              "skipped": false
            },
            {
              "title": "As a Admin I should be able to update my profile details except email",
              "fullTitle": "Profile module testcases As a Admin I should be able to update my profile details except email",
              "timedOut": null,
              "duration": 16583,
              "state": "failed",
              "speed": null,
              "pass": false,
              "fail": true,
              "pending": false,
              "context": null,
              "code": "const phone = '8279556458';\ncy.xpath(first_name).clear().type('LXMedical');\ncy.xpath(last_name).clear().type('Admin');\ncy.xpath(mobile_num).clear().type(phone);\ncy.get('#update-profile').click();\ncy.contains(\"Profile updated sucessfully\");\ncy.logout();",
              "err": {
                "message": "CypressError: Timed out retrying after 15050ms: `cy.click()` failed because this element is `disabled`:\n\n`<button type=\"submit\" id=\"update-profile\" textid=\"update\" class=\"flex justify-center items-center  text-sm font-bold rounded-md shadow-sm text-white hover:border-primary border-2 px-16 py-3 hover:font-bold focus:outline-none \n bg-gray-500 cursor-not-allowed\" disabled=\"\">...</button>`\n\nFix this problem, or use `{force: true}` to disable error checking.\n\nhttps://on.cypress.io/element-cannot-be-interacted-with",
                "estack": "CypressError: Timed out retrying after 15050ms: `cy.click()` failed because this element is `disabled`:\n\n`<button type=\"submit\" id=\"update-profile\" textid=\"update\" class=\"flex justify-center items-center  text-sm font-bold rounded-md shadow-sm text-white hover:border-primary border-2 px-16 py-3 hover:font-bold focus:outline-none \n bg-gray-500 cursor-not-allowed\" disabled=\"\">...</button>`\n\nFix this problem, or use `{force: true}` to disable error checking.\n\nhttps://on.cypress.io/element-cannot-be-interacted-with\n    at $Cy.ensureNotDisabled (https://qa.rch.build-release.com/__cypress/runner/cypress_runner.js:160457:85)\n    at runAllChecks (https://qa.rch.build-release.com/__cypress/runner/cypress_runner.js:147820:14)\n    at retryActionability (https://qa.rch.build-release.com/__cypress/runner/cypress_runner.js:147894:16)\n    at tryCatcher (https://qa.rch.build-release.com/__cypress/runner/cypress_runner.js:13212:23)\n    at Function.Promise.attempt.Promise.try (https://qa.rch.build-release.com/__cypress/runner/cypress_runner.js:10486:29)\n    at tryFn (https://qa.rch.build-release.com/__cypress/runner/cypress_runner.js:165305:61)\n    at whenStable (https://qa.rch.build-release.com/__cypress/runner/cypress_runner.js:165344:14)\n    at https://qa.rch.build-release.com/__cypress/runner/cypress_runner.js:164831:18\n    at tryCatcher (https://qa.rch.build-release.com/__cypress/runner/cypress_runner.js:13212:23)\n    at Promise._settlePromiseFromHandler (https://qa.rch.build-release.com/__cypress/runner/cypress_runner.js:11147:31)\n    at Promise._settlePromise (https://qa.rch.build-release.com/__cypress/runner/cypress_runner.js:11204:18)\n    at Promise._settlePromise0 (https://qa.rch.build-release.com/__cypress/runner/cypress_runner.js:11249:10)\n    at Promise._settlePromises (https://qa.rch.build-release.com/__cypress/runner/cypress_runner.js:11329:18)\n    at Promise._fulfill (https://qa.rch.build-release.com/__cypress/runner/cypress_runner.js:11273:18)\n    at https://qa.rch.build-release.com/__cypress/runner/cypress_runner.js:12887:46\nFrom Your Spec Code:\n    at Context.eval (https://qa.rch.build-release.com/__cypress/tests?p=cypress\\integration\\Admin_Testcases\\03_profile.spec.js:154:31)",
                "diff": null
              },
              "uuid": "1ab6d92b-3639-4ac4-8398-2a1f3ec7b21e",
              "parentUUID": "b5cf3313-9156-4bcb-bcc7-a97a0407ec04",
              "isHook": false,
              "skipped": false
            }
          ],
          "suites": [],
          "passes": [
            "15d90e88-2d48-46fd-afe3-1821353c282a",
            "33de8f0c-3e25-4bb3-8d41-1535fcec85e5",
            "4839bb9b-0c75-4651-ab52-c3c1d35e92c1"
          ],
          "failures": [
            "1ab6d92b-3639-4ac4-8398-2a1f3ec7b21e"
          ],
          "pending": [],
          "skipped": [],
          "duration": 26079,
          "root": false,
          "rootEmpty": false,
          "_timeout": 2000
        }
      ],
      "passes": [],
      "failures": [],
      "pending": [],
      "skipped": [],
      "duration": 0,
      "root": true,
      "rootEmpty": true,
      "_timeout": 2000
    }
  ],
  "meta": {
    "mocha": {
      "version": "7.0.1"
    },
    "mochawesome": {
      "options": {
        "quiet": false,
        "reportFilename": "report",
        "saveHtml": true,
        "saveJson": true,
        "consoleReporter": "spec",
        "useInlineDiffs": false,
        "code": true
      },
      "version": "6.2.2"
    },
    "marge": {
      "options": {
        "reportDir": "cypress/reports",
        "reportFilename": "report",
        "overwrite": false,
        "html": true,
        "json": true,
        "charts": true
      },
      "version": "5.2.0"
    }
  }
}