{
  "stats": {
    "suites": 1,
    "tests": 10,
    "passes": 10,
    "pending": 0,
    "failures": 0,
    "start": "2022-08-25T07:08:10.513Z",
    "end": "2022-08-25T07:10:42.825Z",
    "duration": 152312,
    "testsRegistered": 10,
    "passPercent": 100,
    "pendingPercent": 0,
    "other": 0,
    "hasOther": false,
    "skipped": 0,
    "hasSkipped": false
  },
  "results": [
    {
      "uuid": "6536bdf6-a903-42ee-a370-9b41bf14b662",
      "title": "",
      "fullFile": "cypress\\e2e\\Admin_Testcases\\16_Pending_Approval.Spec.js",
      "file": "cypress\\e2e\\Admin_Testcases\\16_Pending_Approval.Spec.js",
      "beforeHooks": [],
      "afterHooks": [],
      "tests": [],
      "suites": [
        {
          "uuid": "5c34e226-fa26-4324-a301-608e61f6b26b",
          "title": "Pending Approval Appointment Details Test cases",
          "fullFile": "",
          "file": "",
          "beforeHooks": [],
          "afterHooks": [],
          "tests": [
            {
              "title": "As a Admin the user should be navigated to the Appointment Details page of \"Pending Approval\" appointment by clicking on the eye icon against that appointment",
              "fullTitle": "Pending Approval Appointment Details Test cases As a Admin the user should be navigated to the Appointment Details page of \"Pending Approval\" appointment by clicking on the eye icon against that appointment",
              "timedOut": null,
              "duration": 94242,
              "state": "passed",
              "speed": "slow",
              "pass": true,
              "fail": false,
              "pending": false,
              "context": null,
              "code": "cy.login();\ncy.url().should('contain', '/dashboard');\ncy.xpath('//nav/div[2]/div[2]').should('be.visible').should('have.text', 'Patients').click();\ncy.url().should('contain', '/patients');\ncy.AddPatient();\ncy.readFile('cypress/fixtures/provider.json').then(provider => {\n  cy.xpath('//input[@type=\"search\"]').should('be.visible').type(provider.email.toLowerCase());\n  cy.xpath('//tr[1]/td[2]/div/p').should('be.visible').should('have.text', provider.email.toLowerCase());\n  cy.wait(4000);\n});\ncy.bookappointment();\ncy.xpath('//input[@type=\"search\"]').should('be.visible').clear();\ncy.wait(4000);\ncy.xpath('//nav/div[4]/div[2]').should('be.visible').should('have.text', 'Appointments').click();\ncy.url().should('contain', '/appointments');\ncy.xpath('//div[contains(text(),\"Ad\")]').should('be.visible').should('have.text', 'Add Filter').click();\ncy.wait(3000);\ncy.xpath('//div[contains(text(),\"pe\")]').should('be.visible').should('have.text', 'pending approval').click();\ncy.wait(4000);\ncy.xpath('//tr[1]/td[4]/div/p').should('be.visible').should('have.text', 'pending approval');\ncy.xpath('//tr[1]/td[8]/div[1]/*[1]').scrollIntoView().should('be.visible').click();\ncy.wait(4000);\ncy.xpath('//span[contains(text(),\"pendi\")]').should('be.visible').should('have.text', 'pending approval');",
              "err": {},
              "uuid": "373d0648-6936-451c-bba7-bbe697fc8912",
              "parentUUID": "5c34e226-fa26-4324-a301-608e61f6b26b",
              "isHook": false,
              "skipped": false
            },
            {
              "title": "At \"Appointment details\" page each label and field should have proper label and validations",
              "fullTitle": "Pending Approval Appointment Details Test cases At \"Appointment details\" page each label and field should have proper label and validations",
              "timedOut": null,
              "duration": 188,
              "state": "passed",
              "speed": "fast",
              "pass": true,
              "fail": false,
              "pending": false,
              "context": null,
              "code": "cy.xpath('//div[contains(text(),\"Appointment D\")]').should('be.visible').should('have.text', 'Appointment Details');\ncy.xpath('//div[2]/div/div[4]/div[1]').should('be.visible');\ncy.xpath('//div[5]/div[1]/div[1]').should('be.visible');\ncy.xpath('//div[contains(text(),\"Appointment I\")]').should('have.text', 'Appointment ID');\ncy.xpath('//div[contains(text(),\"Acc\")]').should('be.visible').should('have.text', 'Accept');\ncy.xpath('//div[contains(text(),\"Requested F\")]').should('be.visible').should('have.text', 'Requested For');\ncy.xpath('//div[contains(text(),\"St\")]').should('be.visible').should('have.text', 'Status');\ncy.xpath('//div[contains(text(),\"Service A\")]').should('be.visible').should('have.text', 'Service Address');\ncy.xpath('//div[5]/div[4]/div[1]').should('be.visible').should('have.text', 'Patients');\ncy.xpath('//div[contains(text(),\"Services R\")]').should('be.visible').should('have.text', 'Services Requested');\ncy.xpath('//button[@textid=\"cancel.appointment\"]').should('have.text', 'Cancel Appointment');",
              "err": {},
              "uuid": "fc0c46d4-7e80-4121-b6c0-1d32a48c0d5a",
              "parentUUID": "5c34e226-fa26-4324-a301-608e61f6b26b",
              "isHook": false,
              "skipped": false
            },
            {
              "title": "The unique appointment id should be displayed",
              "fullTitle": "Pending Approval Appointment Details Test cases The unique appointment id should be displayed",
              "timedOut": null,
              "duration": 76,
              "state": "passed",
              "speed": "fast",
              "pass": true,
              "fail": false,
              "pending": false,
              "context": null,
              "code": "cy.xpath('//div[contains(text(),\"Appointment I\")]').should('have.text', 'Appointment ID');",
              "err": {},
              "uuid": "70d0426f-af02-4967-84c5-1593b106981b",
              "parentUUID": "5c34e226-fa26-4324-a301-608e61f6b26b",
              "isHook": false,
              "skipped": false
            },
            {
              "title": "The date requested by the patient should be displayed",
              "fullTitle": "Pending Approval Appointment Details Test cases The date requested by the patient should be displayed",
              "timedOut": null,
              "duration": 122,
              "state": "passed",
              "speed": "fast",
              "pass": true,
              "fail": false,
              "pending": false,
              "context": null,
              "code": "cy.xpath('//div[contains(text(),\"Requested F\")]').should('be.visible').should('have.text', 'Requested For');",
              "err": {},
              "uuid": "dee85ce8-02cc-470f-8a62-3922c03bda0d",
              "parentUUID": "5c34e226-fa26-4324-a301-608e61f6b26b",
              "isHook": false,
              "skipped": false
            },
            {
              "title": "The Service Address where the patient requested the service should be displayed",
              "fullTitle": "Pending Approval Appointment Details Test cases The Service Address where the patient requested the service should be displayed",
              "timedOut": null,
              "duration": 92,
              "state": "passed",
              "speed": "fast",
              "pass": true,
              "fail": false,
              "pending": false,
              "context": null,
              "code": "cy.xpath('//div[contains(text(),\"Service A\")]').should('be.visible').should('have.text', 'Service Address');",
              "err": {},
              "uuid": "7a3bf1f0-72dc-4d2f-ac29-596d5295ce38",
              "parentUUID": "5c34e226-fa26-4324-a301-608e61f6b26b",
              "isHook": false,
              "skipped": false
            },
            {
              "title": "As a Admin the user should be navigated to the medical history page of particular patient by clicking on the name card of that particular patient",
              "fullTitle": "Pending Approval Appointment Details Test cases As a Admin the user should be navigated to the medical history page of particular patient by clicking on the name card of that particular patient",
              "timedOut": null,
              "duration": 8826,
              "state": "passed",
              "speed": "medium",
              "pass": true,
              "fail": false,
              "pending": false,
              "context": null,
              "code": "cy.xpath('//div[4]/div[2]/div[1]/div[1]/div[1]/div[1]/*[2]').should('be.visible').click();\ncy.wait(4000);\ncy.url().should('contain', '/medical_history');\ncy.xpath('//div[2]/div/nav/div[1]/div').should('be.visible').should('have.text', 'Medical History');\ncy.get('.h-6 > path').scrollIntoView().should('be.visible').click();\ncy.wait(4000);\ncy.url().should('contain', '/appointments');",
              "err": {},
              "uuid": "b7cc1f8a-4a71-4ad0-a64c-7dc3f2888b12",
              "parentUUID": "5c34e226-fa26-4324-a301-608e61f6b26b",
              "isHook": false,
              "skipped": false
            },
            {
              "title": "The list of services requested by the patient should be displayed",
              "fullTitle": "Pending Approval Appointment Details Test cases The list of services requested by the patient should be displayed",
              "timedOut": null,
              "duration": 88,
              "state": "passed",
              "speed": "fast",
              "pass": true,
              "fail": false,
              "pending": false,
              "context": null,
              "code": "cy.xpath('//div[contains(text(),\"Services R\")]').should('be.visible').should('have.text', 'Services Requested');",
              "err": {},
              "uuid": "2f9a63aa-8c6d-4fbe-a22c-f1d3743d842c",
              "parentUUID": "5c34e226-fa26-4324-a301-608e61f6b26b",
              "isHook": false,
              "skipped": false
            },
            {
              "title": "As a Admin the user can accept the Appointment By clicking on the \"Accept\" button",
              "fullTitle": "Pending Approval Appointment Details Test cases As a Admin the user can accept the Appointment By clicking on the \"Accept\" button",
              "timedOut": null,
              "duration": 5433,
              "state": "passed",
              "speed": "medium",
              "pass": true,
              "fail": false,
              "pending": false,
              "context": null,
              "code": "cy.xpath('//div[contains(text(),\"Acc\")]').should('be.visible').should('have.text', 'Accept').click();\ncy.wait(5000);\ncy.xpath('//span[contains(text(),\"awa\")]').should('be.visible').should('have.text', 'awaiting time');",
              "err": {},
              "uuid": "aa846966-4334-4bbd-80af-80f9bfc9ae87",
              "parentUUID": "5c34e226-fa26-4324-a301-608e61f6b26b",
              "isHook": false,
              "skipped": false
            },
            {
              "title": "As a Admin the user can Add \"Comment for Provider\" By clicking on the \"Edit\" icon against it.",
              "fullTitle": "Pending Approval Appointment Details Test cases As a Admin the user can Add \"Comment for Provider\" By clicking on the \"Edit\" icon against it.",
              "timedOut": null,
              "duration": 12451,
              "state": "passed",
              "speed": "slow",
              "pass": true,
              "fail": false,
              "pending": false,
              "context": null,
              "code": "cy.xpath('//div[contains(text(),\"Comment for Provider\")]').should('be.visible').should('contain', 'Comment for Provider');\ncy.get('div.flex.items-center.justify-between> svg').should('be.visible').click();\ncy.xpath('//div[@class=\"mt-1.5 relative\"]/textarea').should('be.visible').clear().type('test1');\ncy.xpath('//div[@class=\"mt-1.5 relative\"]/div/button[2]').should('be.visible').should('have.text', 'Cancel');\ncy.xpath('//div[contains(text(),\"Edit\")]').should('be.visible').should('have.text', 'Edit').click();\ncy.wait(5000);\ncy.xpath('//div[contains(text(),\"test1\")]').should('be.visible').should('have.text', 'test1');\ncy.get('div.flex.items-center.justify-between> svg').should('be.visible').click();\ncy.xpath('//div[@class=\"mt-1.5 relative\"]/textarea').should('be.visible').clear().type('Sample1');\ncy.xpath('//div[contains(text(),\"Edit\")]').should('be.visible').should('have.text', 'Edit').click();\ncy.wait(5000);\ncy.xpath('//div[contains(text(),\"Sample1\")]').should('be.visible').should('have.text', 'Sample1');",
              "err": {},
              "uuid": "bdf711a7-b33f-4856-9721-4f1236d77595",
              "parentUUID": "5c34e226-fa26-4324-a301-608e61f6b26b",
              "isHook": false,
              "skipped": false
            },
            {
              "title": "As a Admin the user can cancel the appointment after entering the cancellation reason by clicking on the cancel button",
              "fullTitle": "Pending Approval Appointment Details Test cases As a Admin the user can cancel the appointment after entering the cancellation reason by clicking on the cancel button",
              "timedOut": null,
              "duration": 19914,
              "state": "passed",
              "speed": "slow",
              "pass": true,
              "fail": false,
              "pending": false,
              "context": null,
              "code": "cy.xpath('//button[@textid=\"cancel.appointment\"]').scrollIntoView().should('have.text', 'Cancel Appointment').click({\n  force: true\n});\ncy.wait(3000);\ncy.get('div.hidden>h3>div>div').should('be.visible').should('have.text', 'Confirmation');\ncy.get('div.hidden>h3>div>svg').should('be.visible');\ncy.get('div.hidden>div').should('be.visible').should('have.text', 'Are you sure, want to cancel this appointment.');\ncy.xpath('//div[1]/form[1]/div[1]/div[1]/label[1]/div[1]').should('be.visible').should('have.text', 'Reason For Cancellation');\ncy.xpath('//div[1]/form[1]/div[1]/div[1]/div[1]').should('be.visible');\ncy.xpath('//div[1]/form[1]/div[1]/div[1]/div[1]').should('be.visible').type('Provider not available');\ncy.xpath('//div[1]/form[1]/div[2]/button').should('be.visible').should('have.text', 'Cancel Appointment').click();\ncy.wait(5000);\ncy.xpath('//span[contains(text(),\"can\")]').should('be.visible').should('have.text', 'cancelled');\ncy.logout();",
              "err": {},
              "uuid": "c6ced291-0a5b-49ea-af6a-df1615f41ddd",
              "parentUUID": "5c34e226-fa26-4324-a301-608e61f6b26b",
              "isHook": false,
              "skipped": false
            }
          ],
          "suites": [],
          "passes": [
            "373d0648-6936-451c-bba7-bbe697fc8912",
            "fc0c46d4-7e80-4121-b6c0-1d32a48c0d5a",
            "70d0426f-af02-4967-84c5-1593b106981b",
            "dee85ce8-02cc-470f-8a62-3922c03bda0d",
            "7a3bf1f0-72dc-4d2f-ac29-596d5295ce38",
            "b7cc1f8a-4a71-4ad0-a64c-7dc3f2888b12",
            "2f9a63aa-8c6d-4fbe-a22c-f1d3743d842c",
            "aa846966-4334-4bbd-80af-80f9bfc9ae87",
            "bdf711a7-b33f-4856-9721-4f1236d77595",
            "c6ced291-0a5b-49ea-af6a-df1615f41ddd"
          ],
          "failures": [],
          "pending": [],
          "skipped": [],
          "duration": 141432,
          "root": false,
          "rootEmpty": false,
          "_timeout": 2000
        }
      ],
      "passes": [],
      "failures": [],
      "pending": [],
      "skipped": [],
      "duration": 0,
      "root": true,
      "rootEmpty": true,
      "_timeout": 2000
    }
  ],
  "meta": {
    "mocha": {
      "version": "7.0.1"
    },
    "mochawesome": {
      "options": {
        "quiet": false,
        "reportFilename": "report",
        "saveHtml": true,
        "saveJson": true,
        "consoleReporter": "spec",
        "useInlineDiffs": false,
        "code": true
      },
      "version": "7.0.1"
    },
    "marge": {
      "options": {
        "reportDir": "cypress/reports",
        "reportFilename": "report",
        "overwrite": false,
        "html": true,
        "json": true,
        "charts": true
      },
      "version": "6.0.1"
    }
  }
}