{
  "stats": {
    "suites": 1,
    "tests": 8,
    "passes": 0,
    "pending": 0,
    "failures": 8,
    "start": "2022-01-31T05:25:10.974Z",
    "end": "2022-01-31T05:27:42.140Z",
    "duration": 151166,
    "testsRegistered": 8,
    "passPercent": 0,
    "pendingPercent": 0,
    "other": 0,
    "hasOther": false,
    "skipped": 0,
    "hasSkipped": false
  },
  "results": [
    {
      "uuid": "712f000f-763e-404b-973f-efa945c19cc1",
      "title": "",
      "fullFile": "cypress/integration/Admin_Testcases/01_login.spec.js",
      "file": "cypress/integration/Admin_Testcases/01_login.spec.js",
      "beforeHooks": [],
      "afterHooks": [],
      "tests": [],
      "suites": [
        {
          "uuid": "d5278b01-49b1-494c-8c91-fff60e54ccdd",
          "title": "Login module testcases",
          "fullFile": "",
          "file": "",
          "beforeHooks": [],
          "afterHooks": [],
          "tests": [
            {
              "title": "As a Admin I should be able to navigate on login page",
              "fullTitle": "Login module testcases As a Admin I should be able to navigate on login page",
              "timedOut": null,
              "duration": 43100,
              "state": "failed",
              "speed": null,
              "pass": false,
              "fail": true,
              "pending": false,
              "context": null,
              "code": "cy.visit(cred.qaUrl);\ncy.xpath(\"//*[text()='Sign In']\").should('have.text', 'Sign In').and('be.visible');",
              "err": {
                "message": "CypressError: `cy.visit()` failed trying to load:\n\nhttps://qa.rch.build-release.com/admin\n\nWe attempted to make an http request to this URL but the request failed without a response.\n\nWe received this error at the network level:\n\n  > Error: connect ETIMEDOUT 159.203.56.31:443\n\nCommon situations why this would fail:\n  - you don't have internet access\n  - you forgot to run / boot your web server\n  - your web server isn't accessible\n  - you have weird network configuration settings on your computer",
                "estack": "CypressError: `cy.visit()` failed trying to load:\n\nhttps://qa.rch.build-release.com/admin\n\nWe attempted to make an http request to this URL but the request failed without a response.\n\nWe received this error at the network level:\n\n  > Error: connect ETIMEDOUT 159.203.56.31:443\n\nCommon situations why this would fail:\n  - you don't have internet access\n  - you forgot to run / boot your web server\n  - your web server isn't accessible\n  - you have weird network configuration settings on your computer\n    at http://localhost:49286/__cypress/runner/cypress_runner.js:156031:82\n    at visitFailedByErr (http://localhost:49286/__cypress/runner/cypress_runner.js:155390:12)\n    at http://localhost:49286/__cypress/runner/cypress_runner.js:156030:11\n    at tryCatcher (http://localhost:49286/__cypress/runner/cypress_runner.js:13212:23)\n    at Promise._settlePromiseFromHandler (http://localhost:49286/__cypress/runner/cypress_runner.js:11147:31)\n    at Promise._settlePromise (http://localhost:49286/__cypress/runner/cypress_runner.js:11204:18)\n    at Promise._settlePromise0 (http://localhost:49286/__cypress/runner/cypress_runner.js:11249:10)\n    at Promise._settlePromises (http://localhost:49286/__cypress/runner/cypress_runner.js:11325:18)\n    at _drainQueueStep (http://localhost:49286/__cypress/runner/cypress_runner.js:7919:12)\n    at _drainQueue (http://localhost:49286/__cypress/runner/cypress_runner.js:7912:9)\n    at Async.../../node_modules/bluebird/js/release/async.js.Async._drainQueues (http://localhost:49286/__cypress/runner/cypress_runner.js:7928:5)\n    at Async.drainQueues (http://localhost:49286/__cypress/runner/cypress_runner.js:7798:14)\nFrom Your Spec Code:\n    at Context.eval (http://localhost:49286/__cypress/tests?p=cypress\\integration\\Admin_Testcases\\01_login.spec.js:115:8)\n\nFrom Node.js Internals:\n  Error: connect ETIMEDOUT 159.203.56.31:443\n      at TCPConnectWrap.afterConnect [as oncomplete] (net.js:1146:16)\n  ",
                "diff": null
              },
              "uuid": "a9769007-c9fb-470d-a029-bf467022e8bf",
              "parentUUID": "d5278b01-49b1-494c-8c91-fff60e54ccdd",
              "isHook": false,
              "skipped": false
            },
            {
              "title": "At login screen each label and link should be proper",
              "fullTitle": "Login module testcases At login screen each label and link should be proper",
              "timedOut": null,
              "duration": 15384,
              "state": "failed",
              "speed": null,
              "pass": false,
              "fail": true,
              "pending": false,
              "context": null,
              "code": "cy.get('.text-gray-500').should('have.text', 'Please enter your credentials to sign in.');\ncy.get('[alt=\"logo\"]').invoke('attr', 'src').should('eq', '/static/media/logo2.9ba2ea85.png');\ncy.xpath(\"//label\").eq(0).should('have.text', 'Email');\ncy.xpath(\"//label\").eq(1).should('have.text', 'Password');\ncy.xpath(\"//button[@textid='submit']\").should('be.visible');\ncy.get('a').should('have.text', 'Forgot Password?');",
              "err": {
                "message": "AssertionError: Timed out retrying after 15000ms: Expected to find element: `.text-gray-500`, but never found it.",
                "estack": "AssertionError: Timed out retrying after 15000ms: Expected to find element: `.text-gray-500`, but never found it.\n    at Context.eval (http://localhost:49286/__cypress/tests?p=cypress\\integration\\Admin_Testcases\\01_login.spec.js:119:30)",
                "diff": null
              },
              "uuid": "59d42e0e-037f-4a78-8b6e-b75f16114344",
              "parentUUID": "d5278b01-49b1-494c-8c91-fff60e54ccdd",
              "isHook": false,
              "skipped": false
            },
            {
              "title": "At login screen each field should have proper validation",
              "fullTitle": "Login module testcases At login screen each field should have proper validation",
              "timedOut": null,
              "duration": 15297,
              "state": "failed",
              "speed": null,
              "pass": false,
              "fail": true,
              "pending": false,
              "context": null,
              "code": "cy.xpath(\"//input[@name='email']\").should('be.visible').clear().type('dasd@asda@').clear();\ncy.get('.py-20').click();\ncy.get('.text-red-600').eq(0).should('have.text', 'Required').and('be.visible');\ncy.xpath(\"//input[@name='email']\").should('be.visible').type('dasd@asda@');\ncy.get('.text-red-600').eq(0).should('have.text', 'Please enter valid email').and('be.visible');\ncy.xpath(\"//input[@name='email']\").clear();",
              "err": {
                "message": "AssertionError: Timed out retrying after 15000ms: Expected to find element: `//input[@name='email']`, but never found it.",
                "estack": "AssertionError: Timed out retrying after 15000ms: Expected to find element: `//input[@name='email']`, but never found it.\n    at Context.eval (http://localhost:49286/__cypress/tests?p=cypress\\integration\\Admin_Testcases\\01_login.spec.js:127:40)",
                "diff": null
              },
              "uuid": "f89f8d78-6682-478f-a80f-5be4494ce7cd",
              "parentUUID": "d5278b01-49b1-494c-8c91-fff60e54ccdd",
              "isHook": false,
              "skipped": false
            },
            {
              "title": "At login screen password field should have proper validation",
              "fullTitle": "Login module testcases At login screen password field should have proper validation",
              "timedOut": null,
              "duration": 15366,
              "state": "failed",
              "speed": null,
              "pass": false,
              "fail": true,
              "pending": false,
              "context": null,
              "code": "cy.xpath(\"//input[@name='password']\").should('be.visible').clear().type('dasd@asda@').clear();\ncy.get('.py-20').click();\ncy.get('.text-red-600').eq(1).should('have.text', 'Required').and('be.visible');",
              "err": {
                "message": "AssertionError: Timed out retrying after 15000ms: Expected to find element: `//input[@name='password']`, but never found it.",
                "estack": "AssertionError: Timed out retrying after 15000ms: Expected to find element: `//input[@name='password']`, but never found it.\n    at Context.eval (http://localhost:49286/__cypress/tests?p=cypress\\integration\\Admin_Testcases\\01_login.spec.js:135:43)",
                "diff": null
              },
              "uuid": "c87548b2-12df-4593-97f7-e96819db5469",
              "parentUUID": "d5278b01-49b1-494c-8c91-fff60e54ccdd",
              "isHook": false,
              "skipped": false
            },
            {
              "title": "At login screen forgot password link text should be visible",
              "fullTitle": "Login module testcases At login screen forgot password link text should be visible",
              "timedOut": null,
              "duration": 15574,
              "state": "failed",
              "speed": null,
              "pass": false,
              "fail": true,
              "pending": false,
              "context": null,
              "code": "cy.get('a').should('be.visible').click();\ncy.get('.text-gray-900').should('have.text', 'Forgot Password? ').and('be.visible');\ncy.get('a > .text-primary').click();",
              "err": {
                "message": "AssertionError: Timed out retrying after 15000ms: Expected to find element: `.text-gray-900`, but never found it.",
                "estack": "AssertionError: Timed out retrying after 15000ms: Expected to find element: `.text-gray-900`, but never found it.\n    at Context.eval (http://localhost:49286/__cypress/tests?p=cypress\\integration\\Admin_Testcases\\01_login.spec.js:141:30)",
                "diff": null
              },
              "uuid": "968dc990-3e5a-4998-a93c-bfa7539f0295",
              "parentUUID": "d5278b01-49b1-494c-8c91-fff60e54ccdd",
              "isHook": false,
              "skipped": false
            },
            {
              "title": "I should unable to login with invalid credential",
              "fullTitle": "Login module testcases I should unable to login with invalid credential",
              "timedOut": null,
              "duration": 15427,
              "state": "failed",
              "speed": null,
              "pass": false,
              "fail": true,
              "pending": false,
              "context": null,
              "code": "cy.xpath(\"//input[@name='email']\").type('alpha@gmail.com');\ncy.xpath(\"//input[@name='password']\").type('Password@321');\ncy.xpath(\"//button[@textid='submit']\").should('be.enabled').and('be.visible').click();\ncy.contains('Incorrect email or password');",
              "err": {
                "message": "AssertionError: Timed out retrying after 15000ms: Expected to find element: `//input[@name='email']`, but never found it.",
                "estack": "AssertionError: Timed out retrying after 15000ms: Expected to find element: `//input[@name='email']`, but never found it.\n    at Context.eval (http://localhost:49286/__cypress/tests?p=cypress\\integration\\Admin_Testcases\\01_login.spec.js:145:8)",
                "diff": null
              },
              "uuid": "9dbfa295-84b8-49a4-9ed6-19b220554ea8",
              "parentUUID": "d5278b01-49b1-494c-8c91-fff60e54ccdd",
              "isHook": false,
              "skipped": false
            },
            {
              "title": "I should be able to login with the valid credeantial",
              "fullTitle": "Login module testcases I should be able to login with the valid credeantial",
              "timedOut": null,
              "duration": 15299,
              "state": "failed",
              "speed": null,
              "pass": false,
              "fail": true,
              "pending": false,
              "context": null,
              "code": "cy.xpath(\"//input[@name='email']\").clear().type(cred.email);\ncy.xpath(\"//input[@name='password']\").clear().type(cred.password);\ncy.xpath(\"//button[@textid='submit']\").click();\ncy.get('.max-w-xs > img').should('be.visible'); // cy.url().should('include', '/dashboard')",
              "err": {
                "message": "AssertionError: Timed out retrying after 15000ms: Expected to find element: `//input[@name='email']`, but never found it.",
                "estack": "AssertionError: Timed out retrying after 15000ms: Expected to find element: `//input[@name='email']`, but never found it.\n    at Context.eval (http://localhost:49286/__cypress/tests?p=cypress\\integration\\Admin_Testcases\\01_login.spec.js:151:8)",
                "diff": null
              },
              "uuid": "2074a0a7-8c50-4f01-ac90-3b1ad4c27771",
              "parentUUID": "d5278b01-49b1-494c-8c91-fff60e54ccdd",
              "isHook": false,
              "skipped": false
            },
            {
              "title": "As a Admin I should be able to logout successfully",
              "fullTitle": "Login module testcases As a Admin I should be able to logout successfully",
              "timedOut": null,
              "duration": 15325,
              "state": "failed",
              "speed": null,
              "pass": false,
              "fail": true,
              "pending": false,
              "context": null,
              "code": "cy.logout();",
              "err": {
                "message": "AssertionError: Timed out retrying after 15000ms: Expected to find element: `#headlessui-menu-button-1`, but never found it.",
                "estack": "AssertionError: Timed out retrying after 15000ms: Expected to find element: `#headlessui-menu-button-1`, but never found it.\n    at Context.eval (http://localhost:49286/__cypress/tests?p=cypress\\support\\index.js:327:39)",
                "diff": null
              },
              "uuid": "11fbaa2c-9f53-4925-acde-24d7b5344be2",
              "parentUUID": "d5278b01-49b1-494c-8c91-fff60e54ccdd",
              "isHook": false,
              "skipped": false
            }
          ],
          "suites": [],
          "passes": [],
          "failures": [
            "a9769007-c9fb-470d-a029-bf467022e8bf",
            "59d42e0e-037f-4a78-8b6e-b75f16114344",
            "f89f8d78-6682-478f-a80f-5be4494ce7cd",
            "c87548b2-12df-4593-97f7-e96819db5469",
            "968dc990-3e5a-4998-a93c-bfa7539f0295",
            "9dbfa295-84b8-49a4-9ed6-19b220554ea8",
            "2074a0a7-8c50-4f01-ac90-3b1ad4c27771",
            "11fbaa2c-9f53-4925-acde-24d7b5344be2"
          ],
          "pending": [],
          "skipped": [],
          "duration": 150772,
          "root": false,
          "rootEmpty": false,
          "_timeout": 2000
        }
      ],
      "passes": [],
      "failures": [],
      "pending": [],
      "skipped": [],
      "duration": 0,
      "root": true,
      "rootEmpty": true,
      "_timeout": 2000
    }
  ],
  "meta": {
    "mocha": {
      "version": "7.0.1"
    },
    "mochawesome": {
      "options": {
        "quiet": false,
        "reportFilename": "report",
        "saveHtml": true,
        "saveJson": true,
        "consoleReporter": "spec",
        "useInlineDiffs": false,
        "code": true
      },
      "version": "7.0.1"
    },
    "marge": {
      "options": {
        "reportDir": "cypress/reports",
        "reportFilename": "report",
        "overwrite": false,
        "html": true,
        "json": true,
        "charts": true
      },
      "version": "6.0.1"
    }
  }
}