{
  "stats": {
    "suites": 1,
    "tests": 8,
    "passes": 7,
    "pending": 0,
    "failures": 1,
    "start": "2022-03-23T12:32:55.822Z",
    "end": "2022-03-23T12:33:37.399Z",
    "duration": 41577,
    "testsRegistered": 8,
    "passPercent": 87.5,
    "pendingPercent": 0,
    "other": 0,
    "hasOther": false,
    "skipped": 0,
    "hasSkipped": false
  },
  "results": [
    {
      "uuid": "21e4199f-7405-4d8b-a6cf-bc49b3820d03",
      "title": "",
      "fullFile": "cypress/integration/Admin_Testcases/01_login.spec.js",
      "file": "cypress/integration/Admin_Testcases/01_login.spec.js",
      "beforeHooks": [],
      "afterHooks": [],
      "tests": [],
      "suites": [
        {
          "uuid": "932b640a-d5bb-4f15-a599-385d9e5d289e",
          "title": "Login module testcases",
          "fullFile": "",
          "file": "",
          "beforeHooks": [],
          "afterHooks": [],
          "tests": [
            {
              "title": "As a Admin I should be able to navigate on login page",
              "fullTitle": "Login module testcases As a Admin I should be able to navigate on login page",
              "timedOut": null,
              "duration": 7220,
              "state": "passed",
              "speed": "slow",
              "pass": true,
              "fail": false,
              "pending": false,
              "context": null,
              "code": "cy.visit(cred.qaUrl);\ncy.xpath(\"//*[text()='Sign In']\").should('have.text', 'Sign In').and('be.visible');",
              "err": {},
              "uuid": "819ed04c-7e62-471a-a36d-1425cfcd49fe",
              "parentUUID": "932b640a-d5bb-4f15-a599-385d9e5d289e",
              "isHook": false,
              "skipped": false
            },
            {
              "title": "At login screen each label and link should be proper",
              "fullTitle": "Login module testcases At login screen each label and link should be proper",
              "timedOut": null,
              "duration": 15410,
              "state": "failed",
              "speed": null,
              "pass": false,
              "fail": true,
              "pending": false,
              "context": null,
              "code": "cy.get('.text-gray-500').should('have.text', 'Please enter your credentials to sign in.');\ncy.get('[alt=\"logo\"]').invoke('attr', 'src').should('eq', '/static/media/logo2.9ba2ea85.png');\ncy.xpath(\"//label\").eq(0).should('have.text', 'Email');\ncy.xpath(\"//label\").eq(1).should('have.text', 'Password');\ncy.xpath(\"//button[@textid='submit']\").should('be.visible');\ncy.get('a').should('have.text', 'Forgot Password?');",
              "err": {
                "message": "AssertionError: Timed out retrying after 15000ms: expected '/static/media/Favicon-Light-20211230.aab62f3c.png' to equal '/static/media/logo2.9ba2ea85.png'",
                "estack": "AssertionError: Timed out retrying after 15000ms: expected '/static/media/Favicon-Light-20211230.aab62f3c.png' to equal '/static/media/logo2.9ba2ea85.png'\n    at Context.eval (https://qa.rch.build-release.com/__cypress/tests?p=cypress\\integration\\Admin_Testcases\\01_login.spec.js:120:50)",
                "diff": "- '/static/media/Favicon-Light-20211230.aab62f3c.png'\n+ '/static/media/logo2.9ba2ea85.png'\n"
              },
              "uuid": "1ad32b27-e56f-43f3-9b94-4383508b0e4e",
              "parentUUID": "932b640a-d5bb-4f15-a599-385d9e5d289e",
              "isHook": false,
              "skipped": false
            },
            {
              "title": "At login screen each field should have proper validation",
              "fullTitle": "Login module testcases At login screen each field should have proper validation",
              "timedOut": null,
              "duration": 1679,
              "state": "passed",
              "speed": "slow",
              "pass": true,
              "fail": false,
              "pending": false,
              "context": null,
              "code": "cy.xpath(\"//input[@name='email']\").should('be.visible').clear().type('dasd@asda@').clear();\ncy.get('.py-20').click();\ncy.get('.text-red-600').eq(0).should('have.text', 'Required').and('be.visible');\ncy.xpath(\"//input[@name='email']\").should('be.visible').type('dasd@asda@');\ncy.get('.text-red-600').eq(0).should('have.text', 'Please enter valid email').and('be.visible');\ncy.xpath(\"//input[@name='email']\").clear();",
              "err": {},
              "uuid": "9f0951c7-748d-4ebd-a0b0-01398f3098b1",
              "parentUUID": "932b640a-d5bb-4f15-a599-385d9e5d289e",
              "isHook": false,
              "skipped": false
            },
            {
              "title": "At login screen password field should have proper validation",
              "fullTitle": "Login module testcases At login screen password field should have proper validation",
              "timedOut": null,
              "duration": 875,
              "state": "passed",
              "speed": "slow",
              "pass": true,
              "fail": false,
              "pending": false,
              "context": null,
              "code": "cy.xpath(\"//input[@name='password']\").should('be.visible').clear().type('dasd@asda@').clear();\ncy.get('.py-20').click();\ncy.get('.text-red-600').eq(1).should('have.text', 'Required').and('be.visible');",
              "err": {},
              "uuid": "d357db9b-be17-49e2-b90d-57ba76633445",
              "parentUUID": "932b640a-d5bb-4f15-a599-385d9e5d289e",
              "isHook": false,
              "skipped": false
            },
            {
              "title": "At login screen forgot password link text should be visible",
              "fullTitle": "Login module testcases At login screen forgot password link text should be visible",
              "timedOut": null,
              "duration": 2040,
              "state": "passed",
              "speed": "slow",
              "pass": true,
              "fail": false,
              "pending": false,
              "context": null,
              "code": "cy.get('a').should('be.visible').click();\ncy.get('.text-gray-900').should('have.text', 'Forgot Password? ').and('be.visible');\ncy.get('a > .text-primary').click();",
              "err": {},
              "uuid": "58a2ceaa-5952-45ac-831c-70cb0fb4da2e",
              "parentUUID": "932b640a-d5bb-4f15-a599-385d9e5d289e",
              "isHook": false,
              "skipped": false
            },
            {
              "title": "I should unable to login with invalid credential",
              "fullTitle": "Login module testcases I should unable to login with invalid credential",
              "timedOut": null,
              "duration": 3318,
              "state": "passed",
              "speed": "slow",
              "pass": true,
              "fail": false,
              "pending": false,
              "context": null,
              "code": "cy.xpath(\"//input[@name='email']\").type('alpha@gmail.com');\ncy.xpath(\"//input[@name='password']\").type('Password@321');\ncy.xpath(\"//button[@textid='submit']\").should('be.enabled').and('be.visible').click();\ncy.contains('Incorrect email or password');",
              "err": {},
              "uuid": "9ad96faa-98d9-449c-ab7f-6c85390ea25a",
              "parentUUID": "932b640a-d5bb-4f15-a599-385d9e5d289e",
              "isHook": false,
              "skipped": false
            },
            {
              "title": "I should be able to login with the valid credeantial",
              "fullTitle": "Login module testcases I should be able to login with the valid credeantial",
              "timedOut": null,
              "duration": 3028,
              "state": "passed",
              "speed": "slow",
              "pass": true,
              "fail": false,
              "pending": false,
              "context": null,
              "code": "cy.xpath(\"//input[@name='email']\").clear().type(cred.email);\ncy.xpath(\"//input[@name='password']\").clear().type(cred.password);\ncy.xpath(\"//button[@textid='submit']\").click();\ncy.get('.max-w-xs > img').should('be.visible'); // cy.url().should('include', '/dashboard')",
              "err": {},
              "uuid": "80ad846e-b22c-42e8-beef-95e6e11ab49c",
              "parentUUID": "932b640a-d5bb-4f15-a599-385d9e5d289e",
              "isHook": false,
              "skipped": false
            },
            {
              "title": "As a Admin I should be able to logout successfully",
              "fullTitle": "Login module testcases As a Admin I should be able to logout successfully",
              "timedOut": null,
              "duration": 1559,
              "state": "passed",
              "speed": "slow",
              "pass": true,
              "fail": false,
              "pending": false,
              "context": null,
              "code": "cy.logout();",
              "err": {},
              "uuid": "dadd95fb-12bf-4acd-ac71-f5813d762599",
              "parentUUID": "932b640a-d5bb-4f15-a599-385d9e5d289e",
              "isHook": false,
              "skipped": false
            }
          ],
          "suites": [],
          "passes": [
            "819ed04c-7e62-471a-a36d-1425cfcd49fe",
            "9f0951c7-748d-4ebd-a0b0-01398f3098b1",
            "d357db9b-be17-49e2-b90d-57ba76633445",
            "58a2ceaa-5952-45ac-831c-70cb0fb4da2e",
            "9ad96faa-98d9-449c-ab7f-6c85390ea25a",
            "80ad846e-b22c-42e8-beef-95e6e11ab49c",
            "dadd95fb-12bf-4acd-ac71-f5813d762599"
          ],
          "failures": [
            "1ad32b27-e56f-43f3-9b94-4383508b0e4e"
          ],
          "pending": [],
          "skipped": [],
          "duration": 35129,
          "root": false,
          "rootEmpty": false,
          "_timeout": 2000
        }
      ],
      "passes": [],
      "failures": [],
      "pending": [],
      "skipped": [],
      "duration": 0,
      "root": true,
      "rootEmpty": true,
      "_timeout": 2000
    }
  ],
  "meta": {
    "mocha": {
      "version": "7.0.1"
    },
    "mochawesome": {
      "options": {
        "quiet": false,
        "reportFilename": "report",
        "saveHtml": true,
        "saveJson": true,
        "consoleReporter": "spec",
        "useInlineDiffs": false,
        "code": true
      },
      "version": "7.0.1"
    },
    "marge": {
      "options": {
        "reportDir": "cypress/reports",
        "reportFilename": "report",
        "overwrite": false,
        "html": true,
        "json": true,
        "charts": true
      },
      "version": "6.0.1"
    }
  }
}