{
  "stats": {
    "suites": 1,
    "tests": 8,
    "passes": 7,
    "pending": 0,
    "failures": 1,
    "start": "2021-09-21T15:31:17.784Z",
    "end": "2021-09-21T15:32:17.894Z",
    "duration": 60110,
    "testsRegistered": 8,
    "passPercent": 87.5,
    "pendingPercent": 0,
    "other": 0,
    "hasOther": false,
    "skipped": 0,
    "hasSkipped": false
  },
  "results": [
    {
      "uuid": "2e27d609-7883-489f-b1ce-369bd4116378",
      "title": "",
      "fullFile": "cypress/integration/Patient_Testcases/07_Profile_AccountSettings.spec.js",
      "file": "cypress/integration/Patient_Testcases/07_Profile_AccountSettings.spec.js",
      "beforeHooks": [],
      "afterHooks": [],
      "tests": [],
      "suites": [
        {
          "uuid": "ccb7371e-8dc6-42c7-8593-5250608087ab",
          "title": "Account settings Module Test Cases",
          "fullFile": "",
          "file": "",
          "beforeHooks": [],
          "afterHooks": [],
          "tests": [
            {
              "title": "As a patient the user should be navigated to the account settings page by clicking on account settings tab",
              "fullTitle": "Account settings Module Test Cases As a patient the user should be navigated to the account settings page by clicking on account settings tab",
              "timedOut": null,
              "duration": 11817,
              "state": "passed",
              "speed": "slow",
              "pass": true,
              "fail": false,
              "pending": false,
              "context": null,
              "code": "cy.patientlogin(cred.pemail, cred.ppassword);\ncy.url().should('contain', '/home');\ncy.get('.p-1 > .h-7').should('be.visible').click();\ncy.url().should('contain', '/profile');\ncy.get('.space-y-8 > :nth-child(3)').should('be.visible').click();\ncy.url().should('contain', '/settings');",
              "err": {},
              "uuid": "3f6ae5fe-5edd-422a-9c06-e53b9824493d",
              "parentUUID": "ccb7371e-8dc6-42c7-8593-5250608087ab",
              "isHook": false,
              "skipped": false
            },
            {
              "title": "At Account settings page each label and field should have proper label and validations",
              "fullTitle": "Account settings Module Test Cases At Account settings page each label and field should have proper label and validations",
              "timedOut": null,
              "duration": 904,
              "state": "passed",
              "speed": "slow",
              "pass": true,
              "fail": false,
              "pending": false,
              "context": null,
              "code": "cy.get('.flex-wrap > :nth-child(1)').should('be.visible').should('have.text', 'Change Password');\ncy.get('.flex-wrap > :nth-child(2)').should('be.visible').should('have.text', 'Logout');",
              "err": {},
              "uuid": "de729e84-5c1a-47c9-ae2d-c005fc914abe",
              "parentUUID": "ccb7371e-8dc6-42c7-8593-5250608087ab",
              "isHook": false,
              "skipped": false
            },
            {
              "title": "The user should geta a popup window to the change password page by clicking on change password tab",
              "fullTitle": "Account settings Module Test Cases The user should geta a popup window to the change password page by clicking on change password tab",
              "timedOut": null,
              "duration": 283,
              "state": "passed",
              "speed": "slow",
              "pass": true,
              "fail": false,
              "pending": false,
              "context": null,
              "code": "cy.get('.flex-wrap > :nth-child(1)').should('be.visible').should('have.text', 'Change Password').click();",
              "err": {},
              "uuid": "0936ddf6-9910-4ac3-b72d-f10f8733ad6d",
              "parentUUID": "ccb7371e-8dc6-42c7-8593-5250608087ab",
              "isHook": false,
              "skipped": false
            },
            {
              "title": "At change password page each label and field should have proper label and validations",
              "fullTitle": "Account settings Module Test Cases At change password page each label and field should have proper label and validations",
              "timedOut": null,
              "duration": 178,
              "state": "passed",
              "speed": "slow",
              "pass": true,
              "fail": false,
              "pending": false,
              "context": null,
              "code": "cy.get('.justify-between > .font-bold').should('be.visible').should('have.text', 'Change Password');\ncy.get('.hidden > .mt-6 > :nth-child(1) > .px-6 > .space-y-6 > :nth-child(1) > div.w-full > .text-sm > div').should('be.visible').should('have.text', 'Old Password');\ncy.get('.hidden > .mt-6 > :nth-child(1) > .px-6 > .space-y-6 > :nth-child(2) > div.w-full > .text-sm > div').should('be.visible').should('have.text', 'New Password');\ncy.get('.hidden > .mt-6 > :nth-child(1) > .px-6 > .space-y-6 > :nth-child(3) > div.w-full > .text-sm > div').should('be.visible').should('have.text', 'Confirm Password');\ncy.get('.hidden > .mt-6 > :nth-child(1) > .px-6 > .space-y-6 > .pt-5 > #update-password').should('be.visible').should('have.text', 'Change Password');",
              "err": {},
              "uuid": "6636a6eb-07a3-4db8-87ca-835a35bb9cfb",
              "parentUUID": "ccb7371e-8dc6-42c7-8593-5250608087ab",
              "isHook": false,
              "skipped": false
            },
            {
              "title": "Error message should be displayed if clicked on continue by entering wrong data or with no data entered in change password page",
              "fullTitle": "Account settings Module Test Cases Error message should be displayed if clicked on continue by entering wrong data or with no data entered in change password page",
              "timedOut": null,
              "duration": 17803,
              "state": "failed",
              "speed": null,
              "pass": false,
              "fail": true,
              "pending": false,
              "context": null,
              "code": "cy.get('.hidden > .mt-6 > :nth-child(1) > .px-6 > .space-y-6 > .pt-5 > #update-password').should('be.visible').should('have.text', 'Change Password').click();\ncy.get(':nth-child(1) > div.w-full > .text-red-600').should('be.visible').should('have.text', 'Old Password is required');\ncy.get(':nth-child(2) > div.w-full > .text-red-600').should('be.visible').should('have.text', 'New Password is required');\ncy.get(':nth-child(3) > div.w-full > .text-red-600').should('be.visible').should('have.text', 'Confirm Password is required');\ncy.get('.hidden > .mt-6 > :nth-child(1) > .px-6 > .space-y-6 > :nth-child(1) > div.w-full > .relative > .appearance-none').should('be.visible').type('Pavan@123');\ncy.get('.hidden > .mt-6 > :nth-child(1) > .px-6 > .space-y-6 > :nth-child(2) > div.w-full > .relative > .appearance-none').should('be.visible').type('Password@123');\ncy.get('.hidden > .mt-6 > :nth-child(1) > .px-6 > .space-y-6 > :nth-child(3) > div.w-full > .relative > .appearance-none').should('be.visible').type('Password@123');\ncy.get('.hidden > .mt-6 > :nth-child(1) > .px-6 > .space-y-6 > .pt-5 > #update-password').should('be.visible').should('have.text', 'Change Password').click();\ncy.contains('Incorrect Old Password');",
              "err": {
                "message": "AssertionError: Timed out retrying after 15000ms: Expected to find content: 'Incorrect Old Password' but never did.",
                "estack": "AssertionError: Timed out retrying after 15000ms: Expected to find content: 'Incorrect Old Password' but never did.\n    at Context.eval (https://qa.rch.build-release.com/__cypress/tests?p=cypress\\integration\\Patient_Testcases\\07_Profile_AccountSettings.spec.js:167:8)",
                "diff": null
              },
              "uuid": "b36e1824-dbb5-4582-ad57-946d9384870c",
              "parentUUID": "ccb7371e-8dc6-42c7-8593-5250608087ab",
              "isHook": false,
              "skipped": false
            },
            {
              "title": "Error message should be displayed if current password and new password are same",
              "fullTitle": "Account settings Module Test Cases Error message should be displayed if current password and new password are same",
              "timedOut": null,
              "duration": 2539,
              "state": "passed",
              "speed": "slow",
              "pass": true,
              "fail": false,
              "pending": false,
              "context": null,
              "code": "cy.get('.hidden > .mt-6 > :nth-child(1) > .px-6 > .space-y-6 > :nth-child(1) > div.w-full > .relative > .appearance-none').should('be.visible').type('Password@123');\ncy.get('.hidden > .mt-6 > :nth-child(1) > .px-6 > .space-y-6 > :nth-child(2) > div.w-full > .relative > .appearance-none').should('be.visible').type('Password@123');\ncy.get('.hidden > .mt-6 > :nth-child(1) > .px-6 > .space-y-6 > :nth-child(3) > div.w-full > .relative > .appearance-none').should('be.visible').type('Password@123');\ncy.get('.hidden > .mt-6 > :nth-child(1) > .px-6 > .space-y-6 > .pt-5 > #update-password').should('be.visible').should('have.text', 'Change Password').click();\ncy.get('.text-red-600').should('be.visible').should('have.text', 'Old and new password can not be the same');",
              "err": {},
              "uuid": "3b0c2a29-1bd6-435d-a8aa-444a7b275a15",
              "parentUUID": "ccb7371e-8dc6-42c7-8593-5250608087ab",
              "isHook": false,
              "skipped": false
            },
            {
              "title": "Error message should be displayed if both new password and retype password are not matching",
              "fullTitle": "Account settings Module Test Cases Error message should be displayed if both new password and retype password are not matching",
              "timedOut": null,
              "duration": 2832,
              "state": "passed",
              "speed": "slow",
              "pass": true,
              "fail": false,
              "pending": false,
              "context": null,
              "code": "cy.get('.hidden > .mt-6 > :nth-child(1) > .px-6 > .space-y-6 > :nth-child(1) > div.w-full > .relative > .appearance-none').should('be.visible').clear().type('Password@123');\ncy.get('.hidden > .mt-6 > :nth-child(1) > .px-6 > .space-y-6 > :nth-child(2) > div.w-full > .relative > .appearance-none').should('be.visible').clear().type('Password@1234');\ncy.get('.hidden > .mt-6 > :nth-child(1) > .px-6 > .space-y-6 > :nth-child(3) > div.w-full > .relative > .appearance-none').should('be.visible').clear().type('Password@12345');\ncy.get('.text-red-600').should('be.visible').should('have.text', 'Both passwords need to be the same');",
              "err": {},
              "uuid": "939d9125-0f4f-4dd5-b18f-6b3e2df0b2f2",
              "parentUUID": "ccb7371e-8dc6-42c7-8593-5250608087ab",
              "isHook": false,
              "skipped": false
            },
            {
              "title": "The user should geta a popup window to the change password page by clicking on change password tab",
              "fullTitle": "Account settings Module Test Cases The user should geta a popup window to the change password page by clicking on change password tab",
              "timedOut": null,
              "duration": 17752,
              "state": "passed",
              "speed": "slow",
              "pass": true,
              "fail": false,
              "pending": false,
              "context": null,
              "code": "cy.get('.hidden > .mt-6 > :nth-child(1) > .px-6 > .space-y-6 > :nth-child(1) > div.w-full > .relative > .appearance-none').should('be.visible').clear().type('Password@123');\ncy.get('.hidden > .mt-6 > :nth-child(1) > .px-6 > .space-y-6 > :nth-child(2) > div.w-full > .relative > .appearance-none').should('be.visible').clear().type('Password@1234');\ncy.get('.hidden > .mt-6 > :nth-child(1) > .px-6 > .space-y-6 > :nth-child(3) > div.w-full > .relative > .appearance-none').should('be.visible').clear().type('Password@1234');\ncy.get('.hidden > .mt-6 > :nth-child(1) > .px-6 > .space-y-6 > .pt-5 > #update-password').should('be.visible').should('have.text', 'Change Password').click();\ncy.contains('Password changed successfully');\ncy.get('.bg-white > .mx-auto > .w-44').click();\ncy.get(':nth-child(1) > .mt-1 > .appearance-none').type(cred.pemail);\ncy.get(':nth-child(2) > .mt-1 > .appearance-none').type('Password@1234');\ncy.get('.border-2').click();\ncy.get('.p-1 > .h-7').should('be.visible').click();\ncy.get('.space-y-8 > :nth-child(3)').should('be.visible').click();\ncy.get('.flex-wrap > :nth-child(1)').should('be.visible').should('have.text', 'Change Password').click();\ncy.get('.hidden > .mt-6 > :nth-child(1) > .px-6 > .space-y-6 > :nth-child(1) > div.w-full > .relative > .appearance-none').should('be.visible').type('Password@1234');\ncy.get('.hidden > .mt-6 > :nth-child(1) > .px-6 > .space-y-6 > :nth-child(2) > div.w-full > .relative > .appearance-none').should('be.visible').type('Password@123');\ncy.get('.hidden > .mt-6 > :nth-child(1) > .px-6 > .space-y-6 > :nth-child(3) > div.w-full > .relative > .appearance-none').should('be.visible').type('Password@123');\ncy.get('.hidden > .mt-6 > :nth-child(1) > .px-6 > .space-y-6 > .pt-5 > #update-password').should('be.visible').should('have.text', 'Change Password').click();",
              "err": {},
              "uuid": "089ea760-2eaa-47ff-b2bf-5261b5eddc68",
              "parentUUID": "ccb7371e-8dc6-42c7-8593-5250608087ab",
              "isHook": false,
              "skipped": false
            }
          ],
          "suites": [],
          "passes": [
            "3f6ae5fe-5edd-422a-9c06-e53b9824493d",
            "de729e84-5c1a-47c9-ae2d-c005fc914abe",
            "0936ddf6-9910-4ac3-b72d-f10f8733ad6d",
            "6636a6eb-07a3-4db8-87ca-835a35bb9cfb",
            "3b0c2a29-1bd6-435d-a8aa-444a7b275a15",
            "939d9125-0f4f-4dd5-b18f-6b3e2df0b2f2",
            "089ea760-2eaa-47ff-b2bf-5261b5eddc68"
          ],
          "failures": [
            "b36e1824-dbb5-4582-ad57-946d9384870c"
          ],
          "pending": [],
          "skipped": [],
          "duration": 54108,
          "root": false,
          "rootEmpty": false,
          "_timeout": 2000
        }
      ],
      "passes": [],
      "failures": [],
      "pending": [],
      "skipped": [],
      "duration": 0,
      "root": true,
      "rootEmpty": true,
      "_timeout": 2000
    }
  ],
  "meta": {
    "mocha": {
      "version": "7.0.1"
    },
    "mochawesome": {
      "options": {
        "quiet": false,
        "reportFilename": "report",
        "saveHtml": true,
        "saveJson": true,
        "consoleReporter": "spec",
        "useInlineDiffs": false,
        "code": true
      },
      "version": "6.2.2"
    },
    "marge": {
      "options": {
        "reportDir": "cypress/reports",
        "reportFilename": "report",
        "overwrite": false,
        "html": true,
        "json": true,
        "charts": true
      },
      "version": "5.2.0"
    }
  }
}