{
  "stats": {
    "suites": 1,
    "tests": 8,
    "passes": 8,
    "pending": 0,
    "failures": 0,
    "start": "2022-04-21T08:30:54.437Z",
    "end": "2022-04-21T08:32:14.703Z",
    "duration": 80266,
    "testsRegistered": 8,
    "passPercent": 100,
    "pendingPercent": 0,
    "other": 0,
    "hasOther": false,
    "skipped": 0,
    "hasSkipped": false
  },
  "results": [
    {
      "uuid": "ce4e01ec-38d3-4e41-a403-e2ebcf26dbe5",
      "title": "",
      "fullFile": "cypress/integration/Admin_Testcases/13_PatientChat.spec.js",
      "file": "cypress/integration/Admin_Testcases/13_PatientChat.spec.js",
      "beforeHooks": [],
      "afterHooks": [],
      "tests": [],
      "suites": [
        {
          "uuid": "2195010e-2d20-44b2-a076-815aa5a37b4f",
          "title": "Patient Chat module testcases",
          "fullFile": "",
          "file": "",
          "beforeHooks": [],
          "afterHooks": [],
          "tests": [
            {
              "title": "As a Admin the user should be navigated to the patient chat page of any patient by clicking on chats icon against that particular patient",
              "fullTitle": "Patient Chat module testcases As a Admin the user should be navigated to the patient chat page of any patient by clicking on chats icon against that particular patient",
              "timedOut": null,
              "duration": 42719,
              "state": "passed",
              "speed": "slow",
              "pass": true,
              "fail": false,
              "pending": false,
              "context": null,
              "code": "cy.login(cred.email, cred.password);\ncy.url().should('contain', '/dashboard');\ncy.get('.space-y-4 > :nth-child(2)').should('be.visible').should('have.text', 'Patients').click();\ncy.url().should('contain', '/patients');\ncy.AddPatient();\ncy.readFile('cypress/fixtures/provider.json').then(provider => {\n  cy.get('[type=search]').should('be.visible').type(provider.email.toLowerCase());\n  cy.get('tr:nth-child(1)>td:nth-child(2)').should('be.visible').should('have.text', provider.email.toLowerCase());\n  cy.wait(4000);\n});\ncy.get('tr:nth-child(1) > td:nth-child(7) > div>div>img').scrollIntoView().should('be.visible').click();\ncy.url().should('contain', '/chat');",
              "err": {},
              "uuid": "e12c3166-b351-41b3-899d-594919c1c589",
              "parentUUID": "2195010e-2d20-44b2-a076-815aa5a37b4f",
              "isHook": false,
              "skipped": false
            },
            {
              "title": "At \"Chats\" page each label and field should have proper label and validations",
              "fullTitle": "Patient Chat module testcases At \"Chats\" page each label and field should have proper label and validations",
              "timedOut": null,
              "duration": 2732,
              "state": "passed",
              "speed": "slow",
              "pass": true,
              "fail": false,
              "pending": false,
              "context": null,
              "code": "cy.get('.font-bold').should('be.visible').should('have.text', 'Chat');\ncy.get('.flex-wrap > .h-6').should('be.visible');\ncy.get('div.flex.h-full>div').should('be.visible');\ncy.get('.rounded-3xl').should('be.visible');\ncy.get('.w-full > .cursor-pointer').should('be.visible');",
              "err": {},
              "uuid": "99f7d897-a549-4c66-8565-1c8a552282f3",
              "parentUUID": "2195010e-2d20-44b2-a076-815aa5a37b4f",
              "isHook": false,
              "skipped": false
            },
            {
              "title": "As a Admin the user should able to send message to the patients",
              "fullTitle": "Patient Chat module testcases As a Admin the user should able to send message to the patients",
              "timedOut": null,
              "duration": 5751,
              "state": "passed",
              "speed": "slow",
              "pass": true,
              "fail": false,
              "pending": false,
              "context": null,
              "code": "cy.get('.w-full > .bg-white').should('be.visible').type('hi');\ncy.wait(2000);\ncy.get('.w-full > .cursor-pointer').should('be.visible').click();\ncy.wait(3000);",
              "err": {},
              "uuid": "f5960bb6-baba-444d-8683-43189a63fb8d",
              "parentUUID": "2195010e-2d20-44b2-a076-815aa5a37b4f",
              "isHook": false,
              "skipped": false
            },
            {
              "title": "The message sent by Admin should be received by the Patients",
              "fullTitle": "Patient Chat module testcases The message sent by Admin should be received by the Patients",
              "timedOut": null,
              "duration": 333,
              "state": "passed",
              "speed": "slow",
              "pass": true,
              "fail": false,
              "pending": false,
              "context": null,
              "code": "cy.get('div.pb-6 > div > div > div > div.p-3.rounded-lg.relative.bg-primary.text-white').should('be.visible').should('contain', 'hi');",
              "err": {},
              "uuid": "07470c9a-63f1-446c-b46a-0d3cd5986b53",
              "parentUUID": "2195010e-2d20-44b2-a076-815aa5a37b4f",
              "isHook": false,
              "skipped": false
            },
            {
              "title": "As a Admin the user can able to send the documents and images by clicking on attachments icon",
              "fullTitle": "Patient Chat module testcases As a Admin the user can able to send the documents and images by clicking on attachments icon",
              "timedOut": null,
              "duration": 4362,
              "state": "passed",
              "speed": "slow",
              "pass": true,
              "fail": false,
              "pending": false,
              "context": null,
              "code": "cy.get('.opacity-0').attachFile('faf.jpg');\ncy.wait(2000);\ncy.get('.w-60 > img').should('be.visible');\ncy.get('.opacity-0').attachFile('file.pdf');\ncy.wait(2000);\ncy.get('.pb-6>div>div>div>a>div').should('be.visible');",
              "err": {},
              "uuid": "dc5ad8dc-ceef-41a9-8dc2-606f6cf1f520",
              "parentUUID": "2195010e-2d20-44b2-a076-815aa5a37b4f",
              "isHook": false,
              "skipped": false
            },
            {
              "title": "The user should able to see all the chats between the Admin and patients",
              "fullTitle": "Patient Chat module testcases The user should able to see all the chats between the Admin and patients",
              "timedOut": null,
              "duration": 1033,
              "state": "passed",
              "speed": "slow",
              "pass": true,
              "fail": false,
              "pending": false,
              "context": null,
              "code": "cy.get('#chatList>div:nth-child(1)').scrollIntoView().should('be.visible').should('contain', 'hi');\ncy.get('#chatList>div:nth-child(2)').should('be.visible');\ncy.get('#chatList>div:nth-child(3)').should('be.visible');",
              "err": {},
              "uuid": "0f0c70c9-4580-481f-a323-042f9b758349",
              "parentUUID": "2195010e-2d20-44b2-a076-815aa5a37b4f",
              "isHook": false,
              "skipped": false
            },
            {
              "title": "The Admin can see the full length image on a separate window by clicking on that particular image",
              "fullTitle": "Patient Chat module testcases The Admin can see the full length image on a separate window by clicking on that particular image",
              "timedOut": null,
              "duration": 3255,
              "state": "passed",
              "speed": "slow",
              "pass": true,
              "fail": false,
              "pending": false,
              "context": null,
              "code": "cy.get('.w-60 > img').scrollIntoView().should('be.visible').click();\ncy.wait(3000);",
              "err": {},
              "uuid": "1eeee895-7d1e-4e05-8dbd-3b343c004b36",
              "parentUUID": "2195010e-2d20-44b2-a076-815aa5a37b4f",
              "isHook": false,
              "skipped": false
            },
            {
              "title": "The Admin can open the document in a separate window by clicking on the particular document",
              "fullTitle": "Patient Chat module testcases The Admin can open the document in a separate window by clicking on the particular document",
              "timedOut": null,
              "duration": 9205,
              "state": "passed",
              "speed": "slow",
              "pass": true,
              "fail": false,
              "pending": false,
              "context": null,
              "code": "cy.get('.pb-6>div>div>div>a>div').scrollIntoView().should('be.visible').click();\ncy.wait(3000);\ncy.logout();",
              "err": {},
              "uuid": "0b3b4f0d-26e2-4ce4-81f4-b527d5d003ca",
              "parentUUID": "2195010e-2d20-44b2-a076-815aa5a37b4f",
              "isHook": false,
              "skipped": false
            }
          ],
          "suites": [],
          "passes": [
            "e12c3166-b351-41b3-899d-594919c1c589",
            "99f7d897-a549-4c66-8565-1c8a552282f3",
            "f5960bb6-baba-444d-8683-43189a63fb8d",
            "07470c9a-63f1-446c-b46a-0d3cd5986b53",
            "dc5ad8dc-ceef-41a9-8dc2-606f6cf1f520",
            "0f0c70c9-4580-481f-a323-042f9b758349",
            "1eeee895-7d1e-4e05-8dbd-3b343c004b36",
            "0b3b4f0d-26e2-4ce4-81f4-b527d5d003ca"
          ],
          "failures": [],
          "pending": [],
          "skipped": [],
          "duration": 69390,
          "root": false,
          "rootEmpty": false,
          "_timeout": 2000
        }
      ],
      "passes": [],
      "failures": [],
      "pending": [],
      "skipped": [],
      "duration": 0,
      "root": true,
      "rootEmpty": true,
      "_timeout": 2000
    }
  ],
  "meta": {
    "mocha": {
      "version": "7.0.1"
    },
    "mochawesome": {
      "options": {
        "quiet": false,
        "reportFilename": "report",
        "saveHtml": true,
        "saveJson": true,
        "consoleReporter": "spec",
        "useInlineDiffs": false,
        "code": true
      },
      "version": "7.0.1"
    },
    "marge": {
      "options": {
        "reportDir": "cypress/reports",
        "reportFilename": "report",
        "overwrite": false,
        "html": true,
        "json": true,
        "charts": true
      },
      "version": "6.0.1"
    }
  }
}