{
  "stats": {
    "suites": 1,
    "tests": 9,
    "passes": 0,
    "pending": 0,
    "failures": 9,
    "start": "2022-08-08T07:30:17.423Z",
    "end": "2022-08-08T07:32:54.595Z",
    "duration": 157172,
    "testsRegistered": 9,
    "passPercent": 0,
    "pendingPercent": 0,
    "other": 0,
    "hasOther": false,
    "skipped": 0,
    "hasSkipped": false
  },
  "results": [
    {
      "uuid": "1a6103b1-23b1-4a89-b92a-2f9869307ad4",
      "title": "",
      "fullFile": "cypress\\e2e\\Admin_Testcases\\27_admin_appointment_unverified_payment.spec.js",
      "file": "cypress\\e2e\\Admin_Testcases\\27_admin_appointment_unverified_payment.spec.js",
      "beforeHooks": [],
      "afterHooks": [],
      "tests": [],
      "suites": [
        {
          "uuid": "77ef277f-34d8-4364-a46f-c1ade2020397",
          "title": "unverified payment testcases",
          "fullFile": "",
          "file": "",
          "beforeHooks": [],
          "afterHooks": [],
          "tests": [
            {
              "title": "As a Admin the user should be navigated to the Unverified payments page by clicking on the \"Unverified Payments\" button on the Appointment page",
              "fullTitle": "unverified payment testcases As a Admin the user should be navigated to the Unverified payments page by clicking on the \"Unverified Payments\" button on the Appointment page",
              "timedOut": null,
              "duration": 24905,
              "state": "failed",
              "speed": null,
              "pass": false,
              "fail": true,
              "pending": false,
              "context": null,
              "code": "cy.login();\ncy.url().should('contain', '/dashboard');\ncy.get('.space-y-4 > :nth-child(4)').should('be.visible').should('have.text', 'Appointments').click();\ncy.wait(4000);\ncy.url().should('contain', '/appointments');\ncy.get('[textid=\"admin.unVerified_payments\"]').should('be.visible').should('have.text', 'Unverified Payments').click();\ncy.wait(4000);",
              "err": {
                "message": "AssertionError: Timed out retrying after 15000ms: Expected to find element: `.max-w-xs > img`, but never found it.",
                "estack": "AssertionError: Timed out retrying after 15000ms: Expected to find element: `.max-w-xs > img`, but never found it.\n    at Context.eval (https://qa.rch.build-release.com/__cypress/tests?p=cypress\\support\\e2e.js:345:29)",
                "diff": null
              },
              "uuid": "1f9a215d-1ef3-46e4-ad09-8d99c6c02e14",
              "parentUUID": "77ef277f-34d8-4364-a46f-c1ade2020397",
              "isHook": false,
              "skipped": false
            },
            {
              "title": "At \"Unverified Payments\" page each label and field should have proper label and validations",
              "fullTitle": "unverified payment testcases At \"Unverified Payments\" page each label and field should have proper label and validations",
              "timedOut": null,
              "duration": 15403,
              "state": "failed",
              "speed": null,
              "pass": false,
              "fail": true,
              "pending": false,
              "context": null,
              "code": "cy.get('.-mx-4>div:nth-child(1)>div:nth-child(2)').should('be.visible').should('have.text', 'Unverified Payments List');\ncy.get('.-mx-4>div:nth-child(1)>div:nth-child(1)').should('be.visible');\ncy.get('[type=search]').should('be.visible');\ncy.get('table>thead>tr>th:nth-child(1)').should('be.visible').should('have.text', 'Test Name');\ncy.get('table>thead>tr>th:nth-child(2)').should('be.visible').should('have.text', 'Appointment ID');\ncy.get('table>thead>tr>th:nth-child(3)>div>div').should('be.visible').should('have.text', 'Appointment Date');\ncy.get('table>thead>tr>th:nth-child(4)').should('be.visible').should('have.text', 'Provider');\ncy.get('table>thead>tr>th:nth-child(5)').should('be.visible').should('have.text', 'Patient account');\ncy.get('table>thead>tr>th:nth-child(6)').scrollIntoView().should('be.visible').should('have.text', 'Payment Mode');\ncy.get('table>thead>tr>th:nth-child(7)').scrollIntoView().should('be.visible').should('have.text', 'Verify Payment');\ncy.get('table>thead>tr>th:nth-child(8)').scrollIntoView().should('be.visible').should('have.text', 'Action');",
              "err": {
                "message": "AssertionError: Timed out retrying after 15000ms: Expected to find element: `.-mx-4>div:nth-child(1)>div:nth-child(2)`, but never found it.",
                "estack": "AssertionError: Timed out retrying after 15000ms: Expected to find element: `.-mx-4>div:nth-child(1)>div:nth-child(2)`, but never found it.\n    at Context.eval (https://qa.rch.build-release.com/__cypress/tests?p=cypress\\e2e\\Admin_Testcases\\27_admin_appointment_unverified_payment.spec.js:113:56)",
                "diff": null
              },
              "uuid": "a33febd8-209b-4dec-ba98-84d6f2db4b05",
              "parentUUID": "77ef277f-34d8-4364-a46f-c1ade2020397",
              "isHook": false,
              "skipped": false
            },
            {
              "title": "As a Admin the user can search any unverified appointment By Appointment id,patient name or provider name",
              "fullTitle": "unverified payment testcases As a Admin the user can search any unverified appointment By Appointment id,patient name or provider name",
              "timedOut": null,
              "duration": 15434,
              "state": "failed",
              "speed": null,
              "pass": false,
              "fail": true,
              "pending": false,
              "context": null,
              "code": "cy.get('[type=search]').should('be.visible').type('LXMED021');\ncy.wait(2000);\ncy.get('[type=search]').should('be.visible').clear();\ncy.wait(2000);\ncy.get('[type=search]').should('be.visible').type('pvnkumar80@gmail.com');\ncy.wait(2000);\ncy.get('[type=search]').should('be.visible').clear();\ncy.wait(2000);\ncy.get('[type=search]').should('be.visible').type('Pavan Kumar');\ncy.wait(2000);\ncy.get('[type=search]').should('be.visible').clear();\ncy.wait(2000);\ncy.get('[type=search]').should('be.visible').type('Ramesh Kumar');\ncy.wait(2000);\ncy.get('[type=search]').should('be.visible').clear();\ncy.wait(2000);\ncy.get('[type=search]').should('be.visible').type('Lxmedical Provider');\ncy.wait(2000);\ncy.get('[type=search]').should('be.visible').clear();\ncy.wait(2000);",
              "err": {
                "message": "AssertionError: Timed out retrying after 15000ms: Expected to find element: `[type=search]`, but never found it.",
                "estack": "AssertionError: Timed out retrying after 15000ms: Expected to find element: `[type=search]`, but never found it.\n    at Context.eval (https://qa.rch.build-release.com/__cypress/tests?p=cypress\\e2e\\Admin_Testcases\\27_admin_appointment_unverified_payment.spec.js:126:29)",
                "diff": null
              },
              "uuid": "d7161d4d-87d5-46c4-abe0-cb80f66244fd",
              "parentUUID": "77ef277f-34d8-4364-a46f-c1ade2020397",
              "isHook": false,
              "skipped": false
            },
            {
              "title": "As a Admin the user can filter the unverified appointments by using the filter on the top right corner of the list  by the payment mode cash or pos etc.",
              "fullTitle": "unverified payment testcases As a Admin the user can filter the unverified appointments by using the filter on the top right corner of the list  by the payment mode cash or pos etc.",
              "timedOut": null,
              "duration": 15434,
              "state": "failed",
              "speed": null,
              "pass": false,
              "fail": true,
              "pending": false,
              "context": null,
              "code": "cy.get('.-mx-4>div:nth-child(2)>div:nth-child(2)').should('be.visible').should('have.text', 'Add Filter').click();\ncy.wait(2000);\ncy.get('.py-1>div:nth-child(1)').should('be.visible').should('have.text', 'CASH').click();\ncy.wait(2000);\ncy.get('.-mx-4>div:nth-child(2)>div:nth-child(2)>div:nth-child(1)>svg').should('be.visible').click();\ncy.wait(2000);\ncy.get('.-mx-4>div:nth-child(2)>div:nth-child(2)').should('be.visible').should('have.text', 'Add Filter').click();\ncy.wait(2000);\ncy.get('.py-1>div:nth-child(2)').should('be.visible').should('have.text', 'POS').click();\ncy.wait(2000);\ncy.get('.-mx-4>div:nth-child(2)>div:nth-child(2)>div:nth-child(1)>svg').should('be.visible').click();\ncy.wait(2000);",
              "err": {
                "message": "AssertionError: Timed out retrying after 15000ms: Expected to find element: `.-mx-4>div:nth-child(2)>div:nth-child(2)`, but never found it.",
                "estack": "AssertionError: Timed out retrying after 15000ms: Expected to find element: `.-mx-4>div:nth-child(2)>div:nth-child(2)`, but never found it.\n    at Context.eval (https://qa.rch.build-release.com/__cypress/tests?p=cypress\\e2e\\Admin_Testcases\\27_admin_appointment_unverified_payment.spec.js:148:56)",
                "diff": null
              },
              "uuid": "76c60213-0925-4e09-b8a3-915bc07ab166",
              "parentUUID": "77ef277f-34d8-4364-a46f-c1ade2020397",
              "isHook": false,
              "skipped": false
            },
            {
              "title": "As a Admin the user can filter the  unverified payments list in Ascending or descending of appointment requested date by clicking on the filter on \"Appointment date\" field of the table. ",
              "fullTitle": "unverified payment testcases As a Admin the user can filter the  unverified payments list in Ascending or descending of appointment requested date by clicking on the filter on \"Appointment date\" field of the table. ",
              "timedOut": null,
              "duration": 15477,
              "state": "failed",
              "speed": null,
              "pass": false,
              "fail": true,
              "pending": false,
              "context": null,
              "code": "cy.get('table>thead>tr>th:nth-child(3)>div>span>svg:nth-child(1)').should('be.visible').click();\ncy.wait(2000);\ncy.get('table>thead>tr>th:nth-child(3)>div>span>svg:nth-child(2)').should('be.visible').click();\ncy.wait(2000);",
              "err": {
                "message": "AssertionError: Timed out retrying after 15000ms: Expected to find element: `table>thead>tr>th:nth-child(3)>div>span>svg:nth-child(1)`, but never found it.",
                "estack": "AssertionError: Timed out retrying after 15000ms: Expected to find element: `table>thead>tr>th:nth-child(3)>div>span>svg:nth-child(1)`, but never found it.\n    at Context.eval (https://qa.rch.build-release.com/__cypress/tests?p=cypress\\e2e\\Admin_Testcases\\27_admin_appointment_unverified_payment.spec.js:162:72)",
                "diff": null
              },
              "uuid": "67a32979-765a-4120-96b3-f069de140b2a",
              "parentUUID": "77ef277f-34d8-4364-a46f-c1ade2020397",
              "isHook": false,
              "skipped": false
            },
            {
              "title": "As a Admin the user should be navigated to the \"Appointment details\" page by clicking on eye icon against that particular Unverified request.",
              "fullTitle": "unverified payment testcases As a Admin the user should be navigated to the \"Appointment details\" page by clicking on eye icon against that particular Unverified request.",
              "timedOut": null,
              "duration": 15437,
              "state": "failed",
              "speed": null,
              "pass": false,
              "fail": true,
              "pending": false,
              "context": null,
              "code": "cy.get('tbody>tr:nth-child(1)>td:nth-child(8)>div>svg').scrollIntoView().should('be.visible').click();\ncy.get('.space-x-4 > .font-semibold').should('be.visible').should('have.text', 'Appointment Details');\ncy.get('.w-7').should('be.visible').click();",
              "err": {
                "message": "AssertionError: Timed out retrying after 15000ms: Expected to find element: `tbody>tr:nth-child(1)>td:nth-child(8)>div>svg`, but never found it.",
                "estack": "AssertionError: Timed out retrying after 15000ms: Expected to find element: `tbody>tr:nth-child(1)>td:nth-child(8)>div>svg`, but never found it.\n    at Context.eval (https://qa.rch.build-release.com/__cypress/tests?p=cypress\\e2e\\Admin_Testcases\\27_admin_appointment_unverified_payment.spec.js:168:8)",
                "diff": null
              },
              "uuid": "b748b9f7-99f9-4928-bd2c-a6f2fa66c09e",
              "parentUUID": "77ef277f-34d8-4364-a46f-c1ade2020397",
              "isHook": false,
              "skipped": false
            },
            {
              "title": "As a Admin the user can verify payment of any appointment by clicking on the verify button against that appointment and user will get verification confirmation window",
              "fullTitle": "unverified payment testcases As a Admin the user can verify payment of any appointment by clicking on the verify button against that appointment and user will get verification confirmation window",
              "timedOut": null,
              "duration": 15540,
              "state": "failed",
              "speed": null,
              "pass": false,
              "fail": true,
              "pending": false,
              "context": null,
              "code": "cy.get('tr:nth-child(1) > td:nth-child(7)>div>div').scrollIntoView().should('be.visible').should('have.text', 'Verify').click();\ncy.wait(2000);\ncy.get('.ReactModal__Content>.hidden>.flex>div').should('be.visible').should('have.text', 'Confirmation');",
              "err": {
                "message": "AssertionError: Timed out retrying after 15000ms: Expected to find element: `tr:nth-child(1) > td:nth-child(7)>div>div`, but never found it.",
                "estack": "AssertionError: Timed out retrying after 15000ms: Expected to find element: `tr:nth-child(1) > td:nth-child(7)>div>div`, but never found it.\n    at Context.eval (https://qa.rch.build-release.com/__cypress/tests?p=cypress\\e2e\\Admin_Testcases\\27_admin_appointment_unverified_payment.spec.js:173:8)",
                "diff": null
              },
              "uuid": "7b3862f8-7850-4cba-9414-e28903493d4d",
              "parentUUID": "77ef277f-34d8-4364-a46f-c1ade2020397",
              "isHook": false,
              "skipped": false
            },
            {
              "title": "By clicking on the \"Verify\" button a confirmation modal will open.",
              "fullTitle": "unverified payment testcases By clicking on the \"Verify\" button a confirmation modal will open.",
              "timedOut": null,
              "duration": 15549,
              "state": "failed",
              "speed": null,
              "pass": false,
              "fail": true,
              "pending": false,
              "context": null,
              "code": "cy.get('.ReactModal__Content>.hidden>.flex>div').should('be.visible').should('have.text', 'Confirmation');\ncy.get('.ReactModal__Content>.hidden>.flex>svg').should('be.visible');\ncy.xpath('//div[3]/div/div/div[1]/div[2]/div[1]/div').should('be.visible').should('contain', 'Please Verify Payment For - ');\ncy.xpath('//div[3]/div/div/div[1]/div[2]/div[2]/div[1]').should('have.text', 'Payment Details');\ncy.xpath('//div[3]/div/div/div[1]/div[2]/div[2]/div[2]/div[4]/div[1]').should('be.visible').should('have.text', 'Total Paid');\ncy.get('.hidden>.mt-6>:nth-child(3)>button').should('be.visible').should('have.text', 'Verify');",
              "err": {
                "message": "AssertionError: Timed out retrying after 15000ms: Expected to find element: `.ReactModal__Content>.hidden>.flex>div`, but never found it.",
                "estack": "AssertionError: Timed out retrying after 15000ms: Expected to find element: `.ReactModal__Content>.hidden>.flex>div`, but never found it.\n    at Context.eval (https://qa.rch.build-release.com/__cypress/tests?p=cypress\\e2e\\Admin_Testcases\\27_admin_appointment_unverified_payment.spec.js:178:54)",
                "diff": null
              },
              "uuid": "5bdfdb25-542e-4bba-8baf-86f20c0146d7",
              "parentUUID": "77ef277f-34d8-4364-a46f-c1ade2020397",
              "isHook": false,
              "skipped": false
            },
            {
              "title": "As a Admin the user can click on the verify button on the confirmation to verify the payment",
              "fullTitle": "unverified payment testcases As a Admin the user can click on the verify button on the confirmation to verify the payment",
              "timedOut": null,
              "duration": 15537,
              "state": "failed",
              "speed": null,
              "pass": false,
              "fail": true,
              "pending": false,
              "context": null,
              "code": "cy.get('.hidden>.mt-6>:nth-child(3)>button').should('be.visible').should('have.text', 'Verify').click();\ncy.contains('Payment Verified successfully ');\ncy.wait(2000);\ncy.logout();",
              "err": {
                "message": "AssertionError: Timed out retrying after 15000ms: Expected to find element: `.hidden>.mt-6>:nth-child(3)>button`, but never found it.",
                "estack": "AssertionError: Timed out retrying after 15000ms: Expected to find element: `.hidden>.mt-6>:nth-child(3)>button`, but never found it.\n    at Context.eval (https://qa.rch.build-release.com/__cypress/tests?p=cypress\\e2e\\Admin_Testcases\\27_admin_appointment_unverified_payment.spec.js:186:50)",
                "diff": null
              },
              "uuid": "efa32279-3fc9-45e0-96da-90f5cc251018",
              "parentUUID": "77ef277f-34d8-4364-a46f-c1ade2020397",
              "isHook": false,
              "skipped": false
            }
          ],
          "suites": [],
          "passes": [],
          "failures": [
            "1f9a215d-1ef3-46e4-ad09-8d99c6c02e14",
            "a33febd8-209b-4dec-ba98-84d6f2db4b05",
            "d7161d4d-87d5-46c4-abe0-cb80f66244fd",
            "76c60213-0925-4e09-b8a3-915bc07ab166",
            "67a32979-765a-4120-96b3-f069de140b2a",
            "b748b9f7-99f9-4928-bd2c-a6f2fa66c09e",
            "7b3862f8-7850-4cba-9414-e28903493d4d",
            "5bdfdb25-542e-4bba-8baf-86f20c0146d7",
            "efa32279-3fc9-45e0-96da-90f5cc251018"
          ],
          "pending": [],
          "skipped": [],
          "duration": 148716,
          "root": false,
          "rootEmpty": false,
          "_timeout": 2000
        }
      ],
      "passes": [],
      "failures": [],
      "pending": [],
      "skipped": [],
      "duration": 0,
      "root": true,
      "rootEmpty": true,
      "_timeout": 2000
    }
  ],
  "meta": {
    "mocha": {
      "version": "7.0.1"
    },
    "mochawesome": {
      "options": {
        "quiet": false,
        "reportFilename": "report",
        "saveHtml": true,
        "saveJson": true,
        "consoleReporter": "spec",
        "useInlineDiffs": false,
        "code": true
      },
      "version": "7.0.1"
    },
    "marge": {
      "options": {
        "reportDir": "cypress/reports",
        "reportFilename": "report",
        "overwrite": false,
        "html": true,
        "json": true,
        "charts": true
      },
      "version": "6.0.1"
    }
  }
}