{
  "stats": {
    "suites": 1,
    "tests": 4,
    "passes": 4,
    "pending": 0,
    "failures": 0,
    "start": "2022-04-21T06:40:26.798Z",
    "end": "2022-04-21T06:40:57.386Z",
    "duration": 30588,
    "testsRegistered": 4,
    "passPercent": 100,
    "pendingPercent": 0,
    "other": 0,
    "hasOther": false,
    "skipped": 0,
    "hasSkipped": false
  },
  "results": [
    {
      "uuid": "87e1915a-ef78-4aa4-a578-67b70cde063a",
      "title": "",
      "fullFile": "cypress/integration/Admin_Testcases/10_PatientCharts_Reports.spec.js",
      "file": "cypress/integration/Admin_Testcases/10_PatientCharts_Reports.spec.js",
      "beforeHooks": [],
      "afterHooks": [],
      "tests": [],
      "suites": [
        {
          "uuid": "a0232cf9-9e79-4627-8ed8-39994cd20f91",
          "title": "Reports module testcases",
          "fullFile": "",
          "file": "",
          "beforeHooks": [],
          "afterHooks": [],
          "tests": [
            {
              "title": "As a Admin the user should navigated to the Reports page by clicking on \"Reports\" tab",
              "fullTitle": "Reports module testcases As a Admin the user should navigated to the Reports page by clicking on \"Reports\" tab",
              "timedOut": null,
              "duration": 16680,
              "state": "passed",
              "speed": "slow",
              "pass": true,
              "fail": false,
              "pending": false,
              "context": null,
              "code": "cy.login(cred.email, cred.password);\ncy.url().should('contain', '/dashboard');\ncy.get('.space-y-4 > :nth-child(2)').should('be.visible').should('have.text', 'Patients').click();\ncy.url().should('contain', '/patients');\ncy.get('[type=search]').should('be.visible').type('pawan@yopmail.com');\ncy.wait(2000);\ncy.get('tr:nth-child(1) > td:nth-child(7) > div > svg:nth-child(1) > path:nth-child(1)').scrollIntoView().should('be.visible').click();\ncy.url().should('contain', '/address');\ncy.get('nav.flex.flex-wrap>div:nth-child(2)>div').should('be.visible').should('contain', 'Charts').click();\ncy.url().should('contain', '/charts');\ncy.get('.h-screen>div:nth-child(2)>div:nth-child(1)').should('be.visible').click();\ncy.url().should('contain', '/medical_history');\ncy.get('div.py-4.pb-0>div>div:nth-child(2)>div>nav>div:nth-child(2)>').should('be.visible').should('contain', 'Reports').click();\ncy.url().should('contain', '/reports');",
              "err": {},
              "uuid": "a51e53a5-27a2-4d2b-bf60-adc66ef75a18",
              "parentUUID": "a0232cf9-9e79-4627-8ed8-39994cd20f91",
              "isHook": false,
              "skipped": false
            },
            {
              "title": "At \"Reports\" page each label and field should have proper label and validations",
              "fullTitle": "Reports module testcases At \"Reports\" page each label and field should have proper label and validations",
              "timedOut": null,
              "duration": 363,
              "state": "passed",
              "speed": "slow",
              "pass": true,
              "fail": false,
              "pending": false,
              "context": null,
              "code": "cy.get('.font-bold').should('be.visible').should('contain', 'Showing 0 Reports');\ncy.get('div.flex.items-center > div > div:nth-child(1) > div > input').should('be.visible').invoke('attr', 'placeholder').should('contain', 'Filter by Date Range..');",
              "err": {},
              "uuid": "03c13a48-b256-4d89-a3d3-6812044d90e9",
              "parentUUID": "a0232cf9-9e79-4627-8ed8-39994cd20f91",
              "isHook": false,
              "skipped": false
            },
            {
              "title": "As a Admin the user should able to see all the reports uploaded by him for the particular patient",
              "fullTitle": "Reports module testcases As a Admin the user should able to see all the reports uploaded by him for the particular patient",
              "timedOut": null,
              "duration": 20,
              "state": "passed",
              "speed": "fast",
              "pass": true,
              "fail": false,
              "pending": false,
              "context": null,
              "code": "// cy.get(':nth-child(1) > a > .justify-between').should('be.visible')\n    // cy.get(':nth-child(2) > a > .justify-between').should('be.visible')\n    // cy.get(':nth-child(3) > a > .justify-between').should('be.visible')",
              "err": {},
              "uuid": "26d21dc4-9181-4afb-b9c9-b7868dd7b4a2",
              "parentUUID": "a0232cf9-9e79-4627-8ed8-39994cd20f91",
              "isHook": false,
              "skipped": false
            },
            {
              "title": "The user able view any report by clicking on that report",
              "fullTitle": "Reports module testcases The user able view any report by clicking on that report",
              "timedOut": null,
              "duration": 5548,
              "state": "passed",
              "speed": "slow",
              "pass": true,
              "fail": false,
              "pending": false,
              "context": null,
              "code": "// cy.get(':nth-child(1) > a > .justify-between').should('be.visible').click()\n//  cy.get(':nth-child(2) > a > .justify-between').should('be.visible').click()\n// cy.get(':nth-child(3) > a > .justify-between').should('be.visible').click()\ncy.logout();",
              "err": {},
              "uuid": "40951cd5-1d11-4a62-937d-0631bf1ad92e",
              "parentUUID": "a0232cf9-9e79-4627-8ed8-39994cd20f91",
              "isHook": false,
              "skipped": false
            }
          ],
          "suites": [],
          "passes": [
            "a51e53a5-27a2-4d2b-bf60-adc66ef75a18",
            "03c13a48-b256-4d89-a3d3-6812044d90e9",
            "26d21dc4-9181-4afb-b9c9-b7868dd7b4a2",
            "40951cd5-1d11-4a62-937d-0631bf1ad92e"
          ],
          "failures": [],
          "pending": [],
          "skipped": [],
          "duration": 22611,
          "root": false,
          "rootEmpty": false,
          "_timeout": 2000
        }
      ],
      "passes": [],
      "failures": [],
      "pending": [],
      "skipped": [],
      "duration": 0,
      "root": true,
      "rootEmpty": true,
      "_timeout": 2000
    }
  ],
  "meta": {
    "mocha": {
      "version": "7.0.1"
    },
    "mochawesome": {
      "options": {
        "quiet": false,
        "reportFilename": "report",
        "saveHtml": true,
        "saveJson": true,
        "consoleReporter": "spec",
        "useInlineDiffs": false,
        "code": true
      },
      "version": "7.0.1"
    },
    "marge": {
      "options": {
        "reportDir": "cypress/reports",
        "reportFilename": "report",
        "overwrite": false,
        "html": true,
        "json": true,
        "charts": true
      },
      "version": "6.0.1"
    }
  }
}