{
  "stats": {
    "suites": 1,
    "tests": 12,
    "passes": 12,
    "pending": 0,
    "failures": 0,
    "start": "2022-09-06T06:18:15.852Z",
    "end": "2022-09-06T06:19:56.856Z",
    "duration": 101004,
    "testsRegistered": 12,
    "passPercent": 100,
    "pendingPercent": 0,
    "other": 0,
    "hasOther": false,
    "skipped": 0,
    "hasSkipped": false
  },
  "results": [
    {
      "uuid": "b5b9752a-3b37-4941-b1e5-4f1ca3769c47",
      "title": "",
      "fullFile": "cypress\\e2e\\Admin_Testcases\\19_On_The_Way.spec.js",
      "file": "cypress\\e2e\\Admin_Testcases\\19_On_The_Way.spec.js",
      "beforeHooks": [],
      "afterHooks": [],
      "tests": [],
      "suites": [
        {
          "uuid": "35180fe8-1ec2-4130-95e5-a286535881bc",
          "title": "On The Way Appointment Details Test cases",
          "fullFile": "",
          "file": "",
          "beforeHooks": [],
          "afterHooks": [],
          "tests": [
            {
              "title": "As a Admin the user should be navigated to the Appointment Details page of \"On The Way\" appointment by clicking on the eye icon against that appointment",
              "fullTitle": "On The Way Appointment Details Test cases As a Admin the user should be navigated to the Appointment Details page of \"On The Way\" appointment by clicking on the eye icon against that appointment",
              "timedOut": null,
              "duration": 23898,
              "state": "passed",
              "speed": "slow",
              "pass": true,
              "fail": false,
              "pending": false,
              "context": null,
              "code": "cy.login(cred.email, cred.password);\ncy.url().should('contain', '/dashboard'); //Click patient tab on the left side tray\ncy.xpath('//nav/div[4]/div[2]').should('be.visible').should('have.text', 'Appointments').click();\ncy.url().should('contain', '/appointments');\ncy.xpath('//div[contains(text(),\"Ad\")]').should('be.visible').should('have.text', 'Add Filter').click();\ncy.wait(3000);\ncy.xpath('//div[contains(text(),\"on the\")]').should('be.visible').should('have.text', 'on the way').click();\ncy.wait(4000);\ncy.xpath('//tr[1]/td[8]/div[1]').scrollIntoView().should('be.visible').click();\ncy.wait(4000);\ncy.xpath('//span[contains(text(),\"on the\")]').should('be.visible').should('contain', 'on the way');",
              "err": {},
              "uuid": "393c208c-1766-428b-bb05-7febeff7d617",
              "parentUUID": "35180fe8-1ec2-4130-95e5-a286535881bc",
              "isHook": false,
              "skipped": false
            },
            {
              "title": "At \"Appointment details\" page each label and field should have proper label and validations",
              "fullTitle": "On The Way Appointment Details Test cases At \"Appointment details\" page each label and field should have proper label and validations",
              "timedOut": null,
              "duration": 307,
              "state": "passed",
              "speed": "fast",
              "pass": true,
              "fail": false,
              "pending": false,
              "context": null,
              "code": "cy.xpath('//div[contains(text(),\"Appointment D\")]').should('be.visible').should('have.text', 'Appointment Details');\ncy.xpath('//div[2]/div/div[4]/div[1]').should('be.visible');\ncy.xpath('//div[contains(text(),\"Appointment I\")]').should('have.text', 'Appointment ID');\ncy.xpath('//div[contains(text(),\"Requested F\")]').should('be.visible').should('have.text', 'Requested For');\ncy.xpath('//div[contains(text(),\"St\")]').should('be.visible').should('have.text', 'Status');\ncy.xpath('//div[contains(text(),\"Service A\")]').should('be.visible').should('have.text', 'Service Address');\ncy.xpath('//div[contains(text(),\"Sc\")]').should('be.visible').should('have.text', 'Scheduled On');\ncy.xpath('//div[5]/div[4]/div[1]').should('be.visible').should('have.text', 'Patients');\ncy.xpath('//div[contains(text(),\"Services R\")]').should('be.visible').should('have.text', 'Services Requested');\ncy.xpath('//div[contains(text(),\"Provider D\")]').should('be.visible').should('have.text', 'Provider Details');\ncy.xpath('//div[6]/div[2]/div/div').should('be.visible');\ncy.xpath('//button[@textid=\"cancel.appointment\"]').should('have.text', 'Cancel Appointment');",
              "err": {},
              "uuid": "6099de48-f30f-4641-a884-ff10cfcec27e",
              "parentUUID": "35180fe8-1ec2-4130-95e5-a286535881bc",
              "isHook": false,
              "skipped": false
            },
            {
              "title": "The unique appointment id should be displayed",
              "fullTitle": "On The Way Appointment Details Test cases The unique appointment id should be displayed",
              "timedOut": null,
              "duration": 78,
              "state": "passed",
              "speed": "fast",
              "pass": true,
              "fail": false,
              "pending": false,
              "context": null,
              "code": "cy.xpath('//div[contains(text(),\"Appointment I\")]').should('have.text', 'Appointment ID');",
              "err": {},
              "uuid": "46601f7f-07db-4d30-9677-055e6c2133cb",
              "parentUUID": "35180fe8-1ec2-4130-95e5-a286535881bc",
              "isHook": false,
              "skipped": false
            },
            {
              "title": "The date requested by the patient should be displayed",
              "fullTitle": "On The Way Appointment Details Test cases The date requested by the patient should be displayed",
              "timedOut": null,
              "duration": 70,
              "state": "passed",
              "speed": "fast",
              "pass": true,
              "fail": false,
              "pending": false,
              "context": null,
              "code": "cy.xpath('//div[contains(text(),\"Requested F\")]').should('be.visible').should('have.text', 'Requested For');",
              "err": {},
              "uuid": "d1bfcbb1-4270-4375-a09a-e5f8d5eb6a90",
              "parentUUID": "35180fe8-1ec2-4130-95e5-a286535881bc",
              "isHook": false,
              "skipped": false
            },
            {
              "title": "The Service Address where the patient requested the service should be displayed",
              "fullTitle": "On The Way Appointment Details Test cases The Service Address where the patient requested the service should be displayed",
              "timedOut": null,
              "duration": 76,
              "state": "passed",
              "speed": "fast",
              "pass": true,
              "fail": false,
              "pending": false,
              "context": null,
              "code": "cy.xpath('//div[contains(text(),\"Service A\")]').should('be.visible').should('have.text', 'Service Address');",
              "err": {},
              "uuid": "a372a299-bc68-4af4-9b88-bf422b69e82f",
              "parentUUID": "35180fe8-1ec2-4130-95e5-a286535881bc",
              "isHook": false,
              "skipped": false
            },
            {
              "title": "As a Admin the user should be navigated to the medical history page of particular patient by clicking on the name card of that particular patient",
              "fullTitle": "On The Way Appointment Details Test cases As a Admin the user should be navigated to the medical history page of particular patient by clicking on the name card of that particular patient",
              "timedOut": null,
              "duration": 8780,
              "state": "passed",
              "speed": "medium",
              "pass": true,
              "fail": false,
              "pending": false,
              "context": null,
              "code": "cy.xpath('//div[4]/div[2]/div[1]/div[1]/div[1]/div[1]/*[2]').should('be.visible').click();\ncy.wait(4000);\ncy.url().should('contain', '/medical_history');\ncy.xpath('//div[2]/div/nav/div[1]/div').should('be.visible').should('have.text', 'Medical History');\ncy.get('.h-6 > path').scrollIntoView().should('be.visible').click();\ncy.wait(4000);\ncy.url().should('contain', '/appointments');",
              "err": {},
              "uuid": "fc48e84a-1cf6-47bf-bccd-f5e5481a2dee",
              "parentUUID": "35180fe8-1ec2-4130-95e5-a286535881bc",
              "isHook": false,
              "skipped": false
            },
            {
              "title": "The list of services requested by the patient should be displayed",
              "fullTitle": "On The Way Appointment Details Test cases The list of services requested by the patient should be displayed",
              "timedOut": null,
              "duration": 88,
              "state": "passed",
              "speed": "fast",
              "pass": true,
              "fail": false,
              "pending": false,
              "context": null,
              "code": "cy.xpath('//div[contains(text(),\"Services R\")]').should('have.text', 'Services Requested');",
              "err": {},
              "uuid": "ce25453e-60d1-44c1-be83-2f814fd92575",
              "parentUUID": "35180fe8-1ec2-4130-95e5-a286535881bc",
              "isHook": false,
              "skipped": false
            },
            {
              "title": "As a Admin the user can Add \"Comment for Provider\" By clicking on the \"Edit\" icon against it.",
              "fullTitle": "On The Way Appointment Details Test cases As a Admin the user can Add \"Comment for Provider\" By clicking on the \"Edit\" icon against it.",
              "timedOut": null,
              "duration": 12736,
              "state": "passed",
              "speed": "slow",
              "pass": true,
              "fail": false,
              "pending": false,
              "context": null,
              "code": "cy.xpath('//div[contains(text(),\"Comment for Provider\")]').scrollIntoView().should('be.visible').should('contain', 'Comment for Provider');\ncy.get('div.flex.items-center.justify-between> svg').scrollIntoView().should('be.visible').click();\ncy.xpath('//div[@class=\"mt-1.5 relative\"]/textarea').scrollIntoView().should('be.visible').clear().type('test1');\ncy.xpath('//div[@class=\"mt-1.5 relative\"]/div/button[2]').scrollIntoView().should('be.visible').should('have.text', 'Cancel');\ncy.xpath('//div[contains(text(),\"Ed\")]').scrollIntoView().should('be.visible').should('have.text', 'Edit').click();\ncy.wait(5000);\ncy.xpath('//div[contains(text(),\"test1\")]').scrollIntoView().should('be.visible').should('have.text', 'test1');\ncy.get('div.flex.items-center.justify-between> svg').scrollIntoView().should('be.visible').click();\ncy.xpath('//div[@class=\"mt-1.5 relative\"]/textarea').scrollIntoView().should('be.visible').clear().type('Sample1');\ncy.xpath('//div[contains(text(),\"Ed\")]').scrollIntoView().should('be.visible').should('have.text', 'Edit').click();\ncy.wait(5000);\ncy.xpath('//div[contains(text(),\"Sample1\")]').scrollIntoView().should('be.visible').should('have.text', 'Sample1');",
              "err": {},
              "uuid": "fd5ccf46-beea-4fb6-ad08-0465fe26d07a",
              "parentUUID": "35180fe8-1ec2-4130-95e5-a286535881bc",
              "isHook": false,
              "skipped": false
            },
            {
              "title": "The Appointment scheduled date and time should be displayed",
              "fullTitle": "On The Way Appointment Details Test cases The Appointment scheduled date and time should be displayed",
              "timedOut": null,
              "duration": 5064,
              "state": "passed",
              "speed": "medium",
              "pass": true,
              "fail": false,
              "pending": false,
              "context": null,
              "code": "cy.xpath('//div[contains(text(),\"Sc\")]').should('have.text', 'Scheduled On');\ncy.xpath('//div[3]/div[1]/span').should('be.visible');\ncy.wait(5000);",
              "err": {},
              "uuid": "a1614efe-d25e-4099-84bb-17679d74fc8c",
              "parentUUID": "35180fe8-1ec2-4130-95e5-a286535881bc",
              "isHook": false,
              "skipped": false
            },
            {
              "title": "As a Admin the user should be navigated to the Profile details page of provider by clicking on name card of the provider",
              "fullTitle": "On The Way Appointment Details Test cases As a Admin the user should be navigated to the Profile details page of provider by clicking on name card of the provider",
              "timedOut": null,
              "duration": 10825,
              "state": "passed",
              "speed": "slow",
              "pass": true,
              "fail": false,
              "pending": false,
              "context": null,
              "code": "cy.xpath('//div[6]/div[2]/div/div').should('be.visible').click();\ncy.wait(5000);\ncy.url().should('contain', '/providers');\ncy.xpath('//div[contains(text(),\"Provider D\")]').scrollIntoView().should('be.visible').should('have.text', 'Provider Details');\ncy.get('.h-6 > path').scrollIntoView().should('be.visible').click();\ncy.wait(5000);",
              "err": {},
              "uuid": "9a9a98de-1986-4508-88fd-7aea38508cdc",
              "parentUUID": "35180fe8-1ec2-4130-95e5-a286535881bc",
              "isHook": false,
              "skipped": false
            },
            {
              "title": "As a Admin the user can chat with provider by clicking on chat icon against the provider",
              "fullTitle": "On The Way Appointment Details Test cases As a Admin the user can chat with provider by clicking on chat icon against the provider",
              "timedOut": null,
              "duration": 10758,
              "state": "passed",
              "speed": "slow",
              "pass": true,
              "fail": false,
              "pending": false,
              "context": null,
              "code": "cy.xpath('//div[6]/div[2]/div/div/div[2]/img').should('be.visible').click({\n  force: true\n});\ncy.wait(5000);\ncy.url().should('contain', '/chat');\ncy.xpath('//div[2]/div[1]/div[2]/div[1]/div[1]').should('be.visible').should('have.text', 'Chat');\ncy.get('div.flex.flex-wrap>.h-6').scrollIntoView().should('be.visible').click();\ncy.wait(5000);",
              "err": {},
              "uuid": "1a29d2ab-1571-45c2-aec0-3e4a937adc57",
              "parentUUID": "35180fe8-1ec2-4130-95e5-a286535881bc",
              "isHook": false,
              "skipped": false
            },
            {
              "title": "As a Admin the user can cancel the appointment after entering the cancellation reason by clicking on the cancel button",
              "fullTitle": "On The Way Appointment Details Test cases As a Admin the user can cancel the appointment after entering the cancellation reason by clicking on the cancel button",
              "timedOut": null,
              "duration": 19800,
              "state": "passed",
              "speed": "slow",
              "pass": true,
              "fail": false,
              "pending": false,
              "context": null,
              "code": "cy.xpath('//button[@textid=\"cancel.appointment\"]').scrollIntoView().should('have.text', 'Cancel Appointment').click({\n  force: true\n});\ncy.wait(3000);\ncy.get('div.hidden>h3>div>div').should('be.visible').should('have.text', 'Confirmation');\ncy.get('div.hidden>h3>div>svg').should('be.visible');\ncy.get('div.hidden>div').should('be.visible').should('have.text', 'Are you sure, want to cancel this appointment.');\ncy.xpath('//div[1]/form[1]/div[1]/div[1]/label[1]/div[1]').should('be.visible').should('have.text', 'Reason For Cancellation');\ncy.xpath('//div[1]/form[1]/div[1]/div[1]/div[1]').should('be.visible');\ncy.xpath('//div[1]/form[1]/div[1]/div[1]/div[1]').should('be.visible').type('Provider not available');\ncy.xpath('//div[1]/form[1]/div[2]/button').should('be.visible').should('have.text', 'Cancel Appointment').click();\ncy.wait(5000);\ncy.xpath('//span[contains(text(),\"can\")]').should('be.visible').should('have.text', 'cancelled');\ncy.logout();",
              "err": {},
              "uuid": "6f5735cd-e237-4d39-8a4f-b216eb04d969",
              "parentUUID": "35180fe8-1ec2-4130-95e5-a286535881bc",
              "isHook": false,
              "skipped": false
            }
          ],
          "suites": [],
          "passes": [
            "393c208c-1766-428b-bb05-7febeff7d617",
            "6099de48-f30f-4641-a884-ff10cfcec27e",
            "46601f7f-07db-4d30-9677-055e6c2133cb",
            "d1bfcbb1-4270-4375-a09a-e5f8d5eb6a90",
            "a372a299-bc68-4af4-9b88-bf422b69e82f",
            "fc48e84a-1cf6-47bf-bccd-f5e5481a2dee",
            "ce25453e-60d1-44c1-be83-2f814fd92575",
            "fd5ccf46-beea-4fb6-ad08-0465fe26d07a",
            "a1614efe-d25e-4099-84bb-17679d74fc8c",
            "9a9a98de-1986-4508-88fd-7aea38508cdc",
            "1a29d2ab-1571-45c2-aec0-3e4a937adc57",
            "6f5735cd-e237-4d39-8a4f-b216eb04d969"
          ],
          "failures": [],
          "pending": [],
          "skipped": [],
          "duration": 92480,
          "root": false,
          "rootEmpty": false,
          "_timeout": 2000
        }
      ],
      "passes": [],
      "failures": [],
      "pending": [],
      "skipped": [],
      "duration": 0,
      "root": true,
      "rootEmpty": true,
      "_timeout": 2000
    }
  ],
  "meta": {
    "mocha": {
      "version": "7.0.1"
    },
    "mochawesome": {
      "options": {
        "quiet": false,
        "reportFilename": "report",
        "saveHtml": true,
        "saveJson": true,
        "consoleReporter": "spec",
        "useInlineDiffs": false,
        "code": true
      },
      "version": "7.0.1"
    },
    "marge": {
      "options": {
        "reportDir": "cypress/reports",
        "reportFilename": "report",
        "overwrite": false,
        "html": true,
        "json": true,
        "charts": true
      },
      "version": "6.0.1"
    }
  }
}