{
  "stats": {
    "suites": 1,
    "tests": 10,
    "passes": 0,
    "pending": 0,
    "failures": 10,
    "start": "2023-04-04T16:59:10.544Z",
    "end": "2023-04-04T17:03:00.504Z",
    "duration": 229960,
    "testsRegistered": 10,
    "passPercent": 0,
    "pendingPercent": 0,
    "other": 0,
    "hasOther": false,
    "skipped": 0,
    "hasSkipped": false
  },
  "results": [
    {
      "uuid": "f028d009-6ce0-4b21-aac4-0ede886afc57",
      "title": "",
      "fullFile": "cypress\\e2e\\Admin_Testcases\\05_invite_providers.spec.js",
      "file": "cypress\\e2e\\Admin_Testcases\\05_invite_providers.spec.js",
      "beforeHooks": [],
      "afterHooks": [],
      "tests": [],
      "suites": [
        {
          "uuid": "025fc064-ff03-4cdc-b7b0-211e7d6b6926",
          "title": "Provider module testcases",
          "fullFile": "",
          "file": "",
          "beforeHooks": [],
          "afterHooks": [],
          "tests": [
            {
              "title": "As a Admin I should be albe to navigate on invited provider listing page",
              "fullTitle": "Provider module testcases As a Admin I should be albe to navigate on invited provider listing page",
              "timedOut": null,
              "duration": 32034,
              "state": "failed",
              "speed": null,
              "pass": false,
              "fail": true,
              "pending": false,
              "context": null,
              "code": "cy.login();\ncy.get('.space-y-4 > :nth-child(3)').should('be.visible').should('have.text', 'Providers').click();\ncy.url().should('include', '/providers');\ncy.get('div.space-x-4.flex > button:nth-child(1)').should('be.visible').should('have.text', 'Pending Invitations').click();\ncy.url().should('include', '/invitation');",
              "err": {
                "message": "AssertionError: Timed out retrying after 20000ms: Expected to find element: `//*[@class='my-4']/div[1]`, but never found it.",
                "estack": "AssertionError: Timed out retrying after 20000ms: Expected to find element: `//*[@class='my-4']/div[1]`, but never found it.\n    at Context.eval (https://qa.rch.build-release.com/__cypress/tests?p=cypress\\support\\e2e.js:2598:41)",
                "diff": null
              },
              "uuid": "ce6e8fc0-4b1b-4f19-964d-01c3efc91f03",
              "parentUUID": "025fc064-ff03-4cdc-b7b0-211e7d6b6926",
              "isHook": false,
              "skipped": false
            },
            {
              "title": "At invited providers page each label and field should have proper label and proper validations",
              "fullTitle": "Provider module testcases At invited providers page each label and field should have proper label and proper validations",
              "timedOut": null,
              "duration": 20419,
              "state": "failed",
              "speed": null,
              "pass": false,
              "fail": true,
              "pending": false,
              "context": null,
              "code": "cy.get('thead > tr > :nth-child(1) > div').should('be.visible').and('have.text', 'Email');\ncy.get('thead > tr > :nth-child(2) > div').should('be.visible').should('contain', 'Phone Number');\ncy.get('thead > tr > :nth-child(3) > div').should('be.visible').and('have.text', 'Invited On');\ncy.get('thead > tr > :nth-child(4) > div').should('be.visible').and('have.text', 'Status');\ncy.get('thead > tr > :nth-child(5) > div').should('be.visible').and('contain', 'Action');\ncy.xpath(\"//button[@textid='provider.invite']\").should('be.visible').should('have.text', 'Invite Provider');\ncy.get('div.flex.flex-wrap>div:nth-child(1)>div').should('be.visible').and('contain', 'Invited Providers');",
              "err": {
                "message": "AssertionError: Timed out retrying after 20000ms: Expected to find element: `thead > tr > :nth-child(1) > div`, but never found it.",
                "estack": "AssertionError: Timed out retrying after 20000ms: Expected to find element: `thead > tr > :nth-child(1) > div`, but never found it.\n    at Context.eval (https://qa.rch.build-release.com/__cypress/tests?p=cypress\\e2e\\Admin_Testcases\\05_invite_providers.spec.js:130:48)",
                "diff": null
              },
              "uuid": "d135f92c-e57a-4d0b-91ae-fc2157688970",
              "parentUUID": "025fc064-ff03-4cdc-b7b0-211e7d6b6926",
              "isHook": false,
              "skipped": false
            },
            {
              "title": "As a admin the user should be able to go the next page of the pending invitations list by clicking on next button",
              "fullTitle": "Provider module testcases As a admin the user should be able to go the next page of the pending invitations list by clicking on next button",
              "timedOut": null,
              "duration": 20353,
              "state": "failed",
              "speed": null,
              "pass": false,
              "fail": true,
              "pending": false,
              "context": null,
              "code": "cy.get('.mt-1:nth-child(2)').should('be.visible').should('have.text', 'Next').click();",
              "err": {
                "message": "AssertionError: Timed out retrying after 20000ms: expected '[ <div.mt-1.relative>, 1 more... ]' to have text 'Next', but the text was ''",
                "estack": "AssertionError: Timed out retrying after 20000ms: expected '[ <div.mt-1.relative>, 1 more... ]' to have text 'Next', but the text was ''\n    at Context.eval (https://qa.rch.build-release.com/__cypress/tests?p=cypress\\e2e\\Admin_Testcases\\05_invite_providers.spec.js:139:55)",
                "diff": "+ 'Next'\n"
              },
              "uuid": "4df49e1a-0c54-4752-9c49-0815c0cd54da",
              "parentUUID": "025fc064-ff03-4cdc-b7b0-211e7d6b6926",
              "isHook": false,
              "skipped": false
            },
            {
              "title": "As a admin the user should be able to go the previous page of the pending invitations list by clicking on previous button",
              "fullTitle": "Provider module testcases As a admin the user should be able to go the previous page of the pending invitations list by clicking on previous button",
              "timedOut": null,
              "duration": 20390,
              "state": "failed",
              "speed": null,
              "pass": false,
              "fail": true,
              "pending": false,
              "context": null,
              "code": "cy.get('.mt-1:nth-child(1)').should('be.visible').should('have.text', 'Previous').click();",
              "err": {
                "message": "AssertionError: Timed out retrying after 20000ms: Expected to find element: `.mt-1:nth-child(1)`, but never found it.",
                "estack": "AssertionError: Timed out retrying after 20000ms: Expected to find element: `.mt-1:nth-child(1)`, but never found it.\n    at Context.eval (https://qa.rch.build-release.com/__cypress/tests?p=cypress\\e2e\\Admin_Testcases\\05_invite_providers.spec.js:142:34)",
                "diff": null
              },
              "uuid": "ff8def2c-c1ed-4a58-89aa-f9fa38182dc1",
              "parentUUID": "025fc064-ff03-4cdc-b7b0-211e7d6b6926",
              "isHook": false,
              "skipped": false
            },
            {
              "title": "As a Admin I should be albe to get a pop up window of invite provider by clicking on invite provider button",
              "fullTitle": "Provider module testcases As a Admin I should be albe to get a pop up window of invite provider by clicking on invite provider button",
              "timedOut": null,
              "duration": 20575,
              "state": "failed",
              "speed": null,
              "pass": false,
              "fail": true,
              "pending": false,
              "context": null,
              "code": "cy.xpath(\"//button[@textid='provider.invite']\").should('have.text', 'Invite Provider').click();\ncy.xpath('//div[1]/h3[1]/div[1]/div[1]').should('be.visible').should('have.text', 'Invite Provider');",
              "err": {
                "message": "AssertionError: Timed out retrying after 20000ms: Expected to find element: `//button[@textid='provider.invite']`, but never found it.",
                "estack": "AssertionError: Timed out retrying after 20000ms: Expected to find element: `//button[@textid='provider.invite']`, but never found it.\n    at Context.eval (https://qa.rch.build-release.com/__cypress/tests?p=cypress\\e2e\\Admin_Testcases\\05_invite_providers.spec.js:145:53)",
                "diff": null
              },
              "uuid": "f0ccb684-836a-4150-b604-44d1af5a3a31",
              "parentUUID": "025fc064-ff03-4cdc-b7b0-211e7d6b6926",
              "isHook": false,
              "skipped": false
            },
            {
              "title": "At invited providers pop up window each label and field should have proper label and proper validations",
              "fullTitle": "Provider module testcases At invited providers pop up window each label and field should have proper label and proper validations",
              "timedOut": null,
              "duration": 20468,
              "state": "failed",
              "speed": null,
              "pass": false,
              "fail": true,
              "pending": false,
              "context": null,
              "code": "cy.xpath('//div[1]/h3[1]/div[1]/div[1]').should('be.visible').should('have.text', 'Invite Provider');\ncy.xpath('//*[@class=\"z-50 w-6 h-6 text-primary cursor-pointer\"]').should('be.visible');\ncy.xpath('//div[1]/form[1]/div[1]/label/div').should('be.visible').and('have.text', 'Email');\ncy.xpath('//div[1]/form[1]/div[1]/div').should('be.visible');\ncy.xpath('//div[1]/form[1]/div[2]/label/div').should('be.visible').and('contain', 'Phone Number');\ncy.xpath('//div[1]/form[1]/div[1]/div').should('be.visible');\ncy.xpath('//div[1]/form[1]/div[3]/button[1]').should('be.visible').and('have.text', 'Cancel');\ncy.xpath('//div[1]/form[1]/div[3]/button[2]').should('be.visible').and('have.text', 'Invite');\ncy.xpath('//div[1]/form[1]/div[1]/div').clear().type('sdada@dada@asd.com');\ncy.get('#update-profile').click();\ncy.xpath('//div[1]/form[1]/div[1]/div[2]').should('be.visible').and('have.text', 'Email is not valid');",
              "err": {
                "message": "AssertionError: Timed out retrying after 20000ms: Expected to find element: `//div[1]/h3[1]/div[1]/div[1]`, but never found it.",
                "estack": "AssertionError: Timed out retrying after 20000ms: Expected to find element: `//div[1]/h3[1]/div[1]/div[1]`, but never found it.\n    at Context.eval (https://qa.rch.build-release.com/__cypress/tests?p=cypress\\e2e\\Admin_Testcases\\05_invite_providers.spec.js:149:46)",
                "diff": null
              },
              "uuid": "7ac14be3-f7b0-4fa6-ac48-e6ddcfd84887",
              "parentUUID": "025fc064-ff03-4cdc-b7b0-211e7d6b6926",
              "isHook": false,
              "skipped": false
            },
            {
              "title": "As a Admin I shoual be able to invite provider",
              "fullTitle": "Provider module testcases As a Admin I shoual be able to invite provider",
              "timedOut": null,
              "duration": 20573,
              "state": "failed",
              "speed": null,
              "pass": false,
              "fail": true,
              "pending": false,
              "context": null,
              "code": "const email = _faker.default.name.firstName() + '@mailinator.com';\nconst phone = _faker.default.phone.phoneNumber('(###)-###-####');\ncy.xpath('//div[1]/form[1]/div[1]/div[1]').clear().type(email);\ncy.xpath('//div[1]/form[1]/div[2]/div').clear().type(phone);\ncy.get('#update-profile').click();\ncy.writeFile('cypress/fixtures/provider.json', {\n  email: email,\n  phone: phone\n});\ncy.contains('Invitation sent successfully.');",
              "err": {
                "message": "CypressError: Timed out retrying after 20000ms: `cy.clear()` failed because it requires a valid clearable element.\n\nThe element cleared was:\n\n  > `<div class=\"mt-1 relative\">...</div>`\n\nA clearable element matches one of the following selectors:\n  'a[href]'\n  'area[href]'\n  'input'\n  'select'\n  'textarea'\n  'button'\n  'iframe'\n  '[tabindex]'\n  '[contenteditable]'\n\nhttps://on.cypress.io/clear",
                "estack": "CypressError: Timed out retrying after 20000ms: `cy.clear()` failed because it requires a valid clearable element.\n\nThe element cleared was:\n\n  > `<div class=\"mt-1 relative\">...</div>`\n\nA clearable element matches one of the following selectors:\n  'a[href]'\n  'area[href]'\n  'input'\n  'select'\n  'textarea'\n  'button'\n  'iframe'\n  '[tabindex]'\n  '[contenteditable]'\n\nhttps://on.cypress.io/clear\n    at throwError (https://qa.rch.build-release.com/__cypress/runner/cypress_runner.js:152361:78)\n    at onReady (https://qa.rch.build-release.com/__cypress/runner/cypress_runner.js:152388:15)\n    at runAllChecks (https://qa.rch.build-release.com/__cypress/runner/cypress_runner.js:147736:14)\n    at retryActionability (https://qa.rch.build-release.com/__cypress/runner/cypress_runner.js:147745:16)\n    at tryCatcher (https://qa.rch.build-release.com/__cypress/runner/cypress_runner.js:13012:23)\n    at Function.Promise.attempt.Promise.try (https://qa.rch.build-release.com/__cypress/runner/cypress_runner.js:10286:29)\n    at whenStable (https://qa.rch.build-release.com/__cypress/runner/cypress_runner.js:166930:65)\n    at https://qa.rch.build-release.com/__cypress/runner/cypress_runner.js:166385:14\n    at tryCatcher (https://qa.rch.build-release.com/__cypress/runner/cypress_runner.js:13012:23)\n    at Promise._settlePromiseFromHandler (https://qa.rch.build-release.com/__cypress/runner/cypress_runner.js:10947:31)\n    at Promise._settlePromise (https://qa.rch.build-release.com/__cypress/runner/cypress_runner.js:11004:18)\n    at Promise._settlePromise0 (https://qa.rch.build-release.com/__cypress/runner/cypress_runner.js:11049:10)\n    at Promise._settlePromises (https://qa.rch.build-release.com/__cypress/runner/cypress_runner.js:11129:18)\n    at Promise._fulfill (https://qa.rch.build-release.com/__cypress/runner/cypress_runner.js:11073:18)\n    at https://qa.rch.build-release.com/__cypress/runner/cypress_runner.js:12687:46\nFrom Your Spec Code:\n    at Context.eval (https://qa.rch.build-release.com/__cypress/tests?p=cypress\\e2e\\Admin_Testcases\\05_invite_providers.spec.js:166:48)",
                "diff": null
              },
              "uuid": "25858287-50e3-409c-87a7-24fb0a1e440f",
              "parentUUID": "025fc064-ff03-4cdc-b7b0-211e7d6b6926",
              "isHook": false,
              "skipped": false
            },
            {
              "title": "As a Admin I should be able to see invited provider into the provider list",
              "fullTitle": "Provider module testcases As a Admin I should be able to see invited provider into the provider list",
              "timedOut": null,
              "duration": 20527,
              "state": "failed",
              "speed": null,
              "pass": false,
              "fail": true,
              "pending": false,
              "context": null,
              "code": "cy.readFile('cypress/fixtures/provider.json').then(provider => {\n  cy.get(':nth-child(1) > :nth-child(1) > div > .text-gray-900').should('be.visible').and('have.text', provider.email.toLowerCase());\n});",
              "err": {
                "message": "AssertionError: Timed out retrying after 20000ms: Expected to find element: `:nth-child(1) > :nth-child(1) > div > .text-gray-900`, but never found it.",
                "estack": "AssertionError: Timed out retrying after 20000ms: Expected to find element: `:nth-child(1) > :nth-child(1) > div > .text-gray-900`, but never found it.\n    at Context.eval (https://qa.rch.build-release.com/__cypress/tests?p=cypress\\e2e\\Admin_Testcases\\05_invite_providers.spec.js:177:70)",
                "diff": null
              },
              "uuid": "3af62745-3169-4f82-b26a-b5dced367858",
              "parentUUID": "025fc064-ff03-4cdc-b7b0-211e7d6b6926",
              "isHook": false,
              "skipped": false
            },
            {
              "title": "As a admin the user should be able to search any prodvider with his name or email",
              "fullTitle": "Provider module testcases As a admin the user should be able to search any prodvider with his name or email",
              "timedOut": null,
              "duration": 20404,
              "state": "failed",
              "speed": null,
              "pass": false,
              "fail": true,
              "pending": false,
              "context": null,
              "code": "cy.readFile('cypress/fixtures/provider.json').then(provider => {\n  cy.get('[type=search]').should('be.visible').type(provider.email.toLowerCase());\n  cy.wait(5000);\n  cy.get('tr:nth-child(1)>td:nth-child(1)').should('be.visible').should('have.text', provider.email.toLowerCase());\n  cy.wait(2000);\n  cy.get('[type=search]').should('be.visible').clear().type(provider.phone);\n  cy.get('tr:nth-child(1)>td:nth-child(2)').should('be.visible').should('contain', provider.phone);\n});",
              "err": {
                "message": "AssertionError: Timed out retrying after 20000ms: Expected to find element: `[type=search]`, but never found it.",
                "estack": "AssertionError: Timed out retrying after 20000ms: Expected to find element: `[type=search]`, but never found it.\n    at Context.eval (https://qa.rch.build-release.com/__cypress/tests?p=cypress\\e2e\\Admin_Testcases\\05_invite_providers.spec.js:182:31)",
                "diff": null
              },
              "uuid": "ec3ed663-5228-416b-ad5f-08b9332a3dba",
              "parentUUID": "025fc064-ff03-4cdc-b7b0-211e7d6b6926",
              "isHook": false,
              "skipped": false
            },
            {
              "title": "As a Admin I should be able to able to resend the invitation code.",
              "fullTitle": "Provider module testcases As a Admin I should be able to able to resend the invitation code.",
              "timedOut": null,
              "duration": 20497,
              "state": "failed",
              "speed": null,
              "pass": false,
              "fail": true,
              "pending": false,
              "context": null,
              "code": "// cy.xpath(\"//tr[1]/td[5]/div/div/div\").first().click();\n// cy.contains(\"Invitation sent successfully.\")\ncy.logout();",
              "err": {
                "message": "AssertionError: Timed out retrying after 20000ms: Expected to find element: `#headlessui-menu-button-1`, but never found it.",
                "estack": "AssertionError: Timed out retrying after 20000ms: Expected to find element: `#headlessui-menu-button-1`, but never found it.\n    at Context.eval (https://qa.rch.build-release.com/__cypress/tests?p=cypress\\support\\e2e.js:2624:39)",
                "diff": null
              },
              "uuid": "2c6cc18b-96de-4fed-905c-ec82b5c2d029",
              "parentUUID": "025fc064-ff03-4cdc-b7b0-211e7d6b6926",
              "isHook": false,
              "skipped": false
            }
          ],
          "suites": [],
          "passes": [],
          "failures": [
            "ce6e8fc0-4b1b-4f19-964d-01c3efc91f03",
            "d135f92c-e57a-4d0b-91ae-fc2157688970",
            "4df49e1a-0c54-4752-9c49-0815c0cd54da",
            "ff8def2c-c1ed-4a58-89aa-f9fa38182dc1",
            "f0ccb684-836a-4150-b604-44d1af5a3a31",
            "7ac14be3-f7b0-4fa6-ac48-e6ddcfd84887",
            "25858287-50e3-409c-87a7-24fb0a1e440f",
            "3af62745-3169-4f82-b26a-b5dced367858",
            "ec3ed663-5228-416b-ad5f-08b9332a3dba",
            "2c6cc18b-96de-4fed-905c-ec82b5c2d029"
          ],
          "pending": [],
          "skipped": [],
          "duration": 216240,
          "root": false,
          "rootEmpty": false,
          "_timeout": 2000
        }
      ],
      "passes": [],
      "failures": [],
      "pending": [],
      "skipped": [],
      "duration": 0,
      "root": true,
      "rootEmpty": true,
      "_timeout": 2000
    }
  ],
  "meta": {
    "mocha": {
      "version": "7.0.1"
    },
    "mochawesome": {
      "options": {
        "quiet": false,
        "reportFilename": "report",
        "saveHtml": true,
        "saveJson": true,
        "consoleReporter": "spec",
        "useInlineDiffs": false,
        "code": true
      },
      "version": "7.0.1"
    },
    "marge": {
      "options": {
        "reportDir": "cypress/reports",
        "reportFilename": "report",
        "overwrite": false,
        "html": true,
        "json": true,
        "charts": true
      },
      "version": "6.0.1"
    }
  }
}