{
  "stats": {
    "suites": 1,
    "tests": 13,
    "passes": 5,
    "pending": 0,
    "failures": 8,
    "start": "2022-06-21T10:00:46.427Z",
    "end": "2022-06-21T10:04:46.673Z",
    "duration": 240246,
    "testsRegistered": 13,
    "passPercent": 38.46153846153847,
    "pendingPercent": 0,
    "other": 0,
    "hasOther": false,
    "skipped": 0,
    "hasSkipped": false
  },
  "results": [
    {
      "uuid": "76c559ee-534a-4b2c-bf23-2d5b2a3e8f31",
      "title": "",
      "fullFile": "cypress\\e2e\\Admin_Testcases\\06_Providers.spec.js",
      "file": "cypress\\e2e\\Admin_Testcases\\06_Providers.spec.js",
      "beforeHooks": [],
      "afterHooks": [],
      "tests": [],
      "suites": [
        {
          "uuid": "7287144b-664d-44a2-97fc-afa6526cfa9c",
          "title": "providers module test case",
          "fullFile": "",
          "file": "",
          "beforeHooks": [],
          "afterHooks": [],
          "tests": [
            {
              "title": "As a admin the user should be navigated to the provides page by clicking on providers tab",
              "fullTitle": "providers module test case As a admin the user should be navigated to the provides page by clicking on providers tab",
              "timedOut": null,
              "duration": 12390,
              "state": "passed",
              "speed": "slow",
              "pass": true,
              "fail": false,
              "pending": false,
              "context": null,
              "code": "cy.login();\ncy.get('.space-y-4 > :nth-child(3)').should('be.visible').and('have.text', 'Providers').click();\ncy.url().should('contain', '/providers');",
              "err": {},
              "uuid": "1fdc7d08-8469-45d8-89cf-f46ec911245a",
              "parentUUID": "7287144b-664d-44a2-97fc-afa6526cfa9c",
              "isHook": false,
              "skipped": false
            },
            {
              "title": "At providers page each label and field should have proper label and proper validations",
              "fullTitle": "providers module test case At providers page each label and field should have proper label and proper validations",
              "timedOut": null,
              "duration": 18679,
              "state": "failed",
              "speed": null,
              "pass": false,
              "fail": true,
              "pending": false,
              "context": null,
              "code": "cy.get('div.font-bold').should('be.visible').should('contain', 'Providers');\ncy.get('table>thead>tr>th:nth-child(1)>div').should('be.visible').should('have.text', 'Full Name');\ncy.get('table>thead>tr>th:nth-child(2)>div').should('be.visible').should('have.text', 'Email');\ncy.get('table>thead>tr>th:nth-child(3)>div').should('be.visible').should('have.text', 'Mobile Number');\ncy.get('table>thead>tr>th:nth-child(4)>div').should('be.visible').should('have.text', 'Provider Type');\ncy.get('table>thead>tr>th:nth-child(5)>div').should('be.visible').should('have.text', 'Joined On');\ncy.get('table>thead>tr>th:nth-child(6)>div').should('be.visible').should('have.text', 'Status');\ncy.get('table>thead>tr>th:nth-child(7)>div').should('be.visible').should('have.text', 'Action');\ncy.get('[type=search]').invoke('attr', 'placeholder').should('contain', 'Search for name or email.');\ncy.get('#headlessui-menu-button-4').should('be.visible').should('contain', 'Add Filter');\ncy.xpath(\"//button[@textid='provider.invite']\").should('be.visible').should('have.text', 'Invite Provider');\ncy.xpath(\"//button[@textid='admin.pending.invites']\").should('be.visible').should('have.text', 'Pending Invitations');\ncy.get('.mt-1:nth-child(2)').should('be.visible').should('have.text', 'Next');",
              "err": {
                "message": "AssertionError: Timed out retrying after 15000ms: expected '<div.mt-1.cursor-pointer.ml-3.relative.inline-flex.items-center.px-2.5.py-1.5.border.border-gray-300.text-xs.font-medium.rounded-md.text-gray-700.bg-white.hover:bg-gray-50.hidden>' to be 'visible'\n\nThis element `<div.mt-1.cursor-pointer.ml-3.relative.inline-flex.items-center.px-2.5.py-1.5.border.border-gray-300.text-xs.font-medium.rounded-md.text-gray-700.bg-white.hover:bg-gray-50.hidden>` is not visible because it has CSS property: `display: none`",
                "estack": "AssertionError: Timed out retrying after 15000ms: expected '<div.mt-1.cursor-pointer.ml-3.relative.inline-flex.items-center.px-2.5.py-1.5.border.border-gray-300.text-xs.font-medium.rounded-md.text-gray-700.bg-white.hover:bg-gray-50.hidden>' to be 'visible'\n\nThis element `<div.mt-1.cursor-pointer.ml-3.relative.inline-flex.items-center.px-2.5.py-1.5.border.border-gray-300.text-xs.font-medium.rounded-md.text-gray-700.bg-white.hover:bg-gray-50.hidden>` is not visible because it has CSS property: `display: none`\n    at Context.eval (https://qa.rch.build-release.com/__cypress/tests?p=cypress\\e2e\\Admin_Testcases\\06_Providers.spec.js:119:34)",
                "diff": null
              },
              "uuid": "997a67dc-7400-45ee-bbe5-11bd0eee99e7",
              "parentUUID": "7287144b-664d-44a2-97fc-afa6526cfa9c",
              "isHook": false,
              "skipped": false
            },
            {
              "title": "As a admin the user should be able to go the next page of the providers list by clicking on next button",
              "fullTitle": "providers module test case As a admin the user should be able to go the next page of the providers list by clicking on next button",
              "timedOut": null,
              "duration": 15385,
              "state": "failed",
              "speed": null,
              "pass": false,
              "fail": true,
              "pending": false,
              "context": null,
              "code": "cy.get('.mt-1:nth-child(2)').should('be.visible').should('have.text', 'Next').click();",
              "err": {
                "message": "AssertionError: Timed out retrying after 15000ms: expected '<div.mt-1.cursor-pointer.ml-3.relative.inline-flex.items-center.px-2.5.py-1.5.border.border-gray-300.text-xs.font-medium.rounded-md.text-gray-700.bg-white.hover:bg-gray-50.hidden>' to be 'visible'\n\nThis element `<div.mt-1.cursor-pointer.ml-3.relative.inline-flex.items-center.px-2.5.py-1.5.border.border-gray-300.text-xs.font-medium.rounded-md.text-gray-700.bg-white.hover:bg-gray-50.hidden>` is not visible because it has CSS property: `display: none`",
                "estack": "AssertionError: Timed out retrying after 15000ms: expected '<div.mt-1.cursor-pointer.ml-3.relative.inline-flex.items-center.px-2.5.py-1.5.border.border-gray-300.text-xs.font-medium.rounded-md.text-gray-700.bg-white.hover:bg-gray-50.hidden>' to be 'visible'\n\nThis element `<div.mt-1.cursor-pointer.ml-3.relative.inline-flex.items-center.px-2.5.py-1.5.border.border-gray-300.text-xs.font-medium.rounded-md.text-gray-700.bg-white.hover:bg-gray-50.hidden>` is not visible because it has CSS property: `display: none`\n    at Context.eval (https://qa.rch.build-release.com/__cypress/tests?p=cypress\\e2e\\Admin_Testcases\\06_Providers.spec.js:122:34)",
                "diff": null
              },
              "uuid": "41d58ddb-6193-4e7d-892e-df0fcaa55f86",
              "parentUUID": "7287144b-664d-44a2-97fc-afa6526cfa9c",
              "isHook": false,
              "skipped": false
            },
            {
              "title": "As a admin the user should be able to go the previous page of the providers list by clicking on previous button",
              "fullTitle": "providers module test case As a admin the user should be able to go the previous page of the providers list by clicking on previous button",
              "timedOut": null,
              "duration": 15554,
              "state": "failed",
              "speed": null,
              "pass": false,
              "fail": true,
              "pending": false,
              "context": null,
              "code": "cy.get('.mt-1:nth-child(1)').should('be.visible').should('have.text', 'Previous').click();",
              "err": {
                "message": "AssertionError: Timed out retrying after 15000ms: expected '<div.mt-1.cursor-pointer.relative.inline-flex.items-center.px-2.5.py-1.5.border.border-gray-300.text-xs.font-medium.rounded-md.text-gray-700.bg-white.hover:bg-gray-50.hidden>' to be 'visible'\n\nThis element `<div.mt-1.cursor-pointer.relative.inline-flex.items-center.px-2.5.py-1.5.border.border-gray-300.text-xs.font-medium.rounded-md.text-gray-700.bg-white.hover:bg-gray-50.hidden>` is not visible because it has CSS property: `display: none`",
                "estack": "AssertionError: Timed out retrying after 15000ms: expected '<div.mt-1.cursor-pointer.relative.inline-flex.items-center.px-2.5.py-1.5.border.border-gray-300.text-xs.font-medium.rounded-md.text-gray-700.bg-white.hover:bg-gray-50.hidden>' to be 'visible'\n\nThis element `<div.mt-1.cursor-pointer.relative.inline-flex.items-center.px-2.5.py-1.5.border.border-gray-300.text-xs.font-medium.rounded-md.text-gray-700.bg-white.hover:bg-gray-50.hidden>` is not visible because it has CSS property: `display: none`\n    at Context.eval (https://qa.rch.build-release.com/__cypress/tests?p=cypress\\e2e\\Admin_Testcases\\06_Providers.spec.js:125:34)",
                "diff": null
              },
              "uuid": "bc6a4352-48bc-4b9e-8f93-3c3f062214de",
              "parentUUID": "7287144b-664d-44a2-97fc-afa6526cfa9c",
              "isHook": false,
              "skipped": false
            },
            {
              "title": "As a admin the user should be able to search any prodvider with his name or email",
              "fullTitle": "providers module test case As a admin the user should be able to search any prodvider with his name or email",
              "timedOut": null,
              "duration": 21652,
              "state": "failed",
              "speed": null,
              "pass": false,
              "fail": true,
              "pending": false,
              "context": null,
              "code": "cy.get('[type=search]').should('be.visible').type('varkala.pavankumar@gmail.com');\ncy.wait(5000);\ncy.get('tr:nth-child(1)>td:nth-child(2)').should('be.visible').should('have.text', 'varkala.pavankumar@gmail.com');\ncy.wait(2000);\ncy.get('[type=search]').should('be.visible').clear().type('Dadas Providerrrrrrrrrrrrrrrrrr');\ncy.wait(2000);\ncy.get('tr:nth-child(1)>td:nth-child(1)').should('be.visible').should('have.text', 'Dadas Providerrrrrrrrrrrrrrrrrr');\ncy.wait(2000);\ncy.get('[type=search]').should('be.visible').clear();\ncy.wait(2000);",
              "err": {
                "message": "AssertionError: Timed out retrying after 15000ms: Expected to find element: `tr:nth-child(1)>td:nth-child(2)`, but never found it.",
                "estack": "AssertionError: Timed out retrying after 15000ms: Expected to find element: `tr:nth-child(1)>td:nth-child(2)`, but never found it.\n    at Context.eval (https://qa.rch.build-release.com/__cypress/tests?p=cypress\\e2e\\Admin_Testcases\\06_Providers.spec.js:130:47)",
                "diff": null
              },
              "uuid": "07d56417-4d15-4820-bfcf-f0fcea71db2c",
              "parentUUID": "7287144b-664d-44a2-97fc-afa6526cfa9c",
              "isHook": false,
              "skipped": false
            },
            {
              "title": "As a admin the user should be navigated to the pending invitations page by clicking on \"Pending Invitations\" button.",
              "fullTitle": "providers module test case As a admin the user should be navigated to the pending invitations page by clicking on \"Pending Invitations\" button.",
              "timedOut": null,
              "duration": 4028,
              "state": "passed",
              "speed": "fast",
              "pass": true,
              "fail": false,
              "pending": false,
              "context": null,
              "code": "cy.xpath(\"//button[@textid='admin.pending.invites']\").should('be.visible').should('have.text', 'Pending Invitations').click();\ncy.url().should('contain', '/invitation');\ncy.wait(2000);\ncy.get('div.flex.flex-wrap>svg').should('be.visible').click();\ncy.url().should('contain', '/providers');",
              "err": {},
              "uuid": "896edf5f-7afc-4eaf-8412-e6e3581ab1fe",
              "parentUUID": "7287144b-664d-44a2-97fc-afa6526cfa9c",
              "isHook": false,
              "skipped": false
            },
            {
              "title": "As a admin the user should be navigated to the profile details of any provider by clicking on eye button against that particular provider",
              "fullTitle": "providers module test case As a admin the user should be navigated to the profile details of any provider by clicking on eye button against that particular provider",
              "timedOut": null,
              "duration": 15449,
              "state": "failed",
              "speed": null,
              "pass": false,
              "fail": true,
              "pending": false,
              "context": null,
              "code": "cy.get('tr:nth-child(1) > td:nth-child(7) > div > svg:nth-child(1)').scrollIntoView().should('be.visible').click({\n  force: true\n});\ncy.get('.py-8 > .font-bold').should('be.visible').should('contain', 'Provider Details');\ncy.get('.border-b-2').should('be.visible').should('contain', 'Address');\ncy.get('div.col-span-12.mt-4 > div.mt-4.space-y-4>div:nth-child(1)>div:nth-child(1)>div:nth-child(1)').should('be.visible').should('have.text', 'Address Line 1');\ncy.get('div.col-span-12.mt-4 > div.mt-4.space-y-4>div:nth-child(1)>div:nth-child(2)>div:nth-child(1)').should('be.visible').should('have.text', 'Address Line 2');\ncy.get('div.col-span-12.mt-4 > div.mt-4.space-y-4>div:nth-child(2)>div:nth-child(1)>div:nth-child(1)').should('be.visible').should('have.text', 'Postal Code');\ncy.get('div.col-span-12.mt-4 > div.mt-4.space-y-4>div:nth-child(2)>div:nth-child(2)>div:nth-child(1)').should('be.visible').should('have.text', 'City');\ncy.get('div.col-span-12.mt-4 > div.mt-4.space-y-4>div:nth-child(3)>div:nth-child(1)>div:nth-child(1)').should('be.visible').should('have.text', 'State');",
              "err": {
                "message": "AssertionError: Timed out retrying after 15000ms: Expected to find element: `tr:nth-child(1) > td:nth-child(7) > div > svg:nth-child(1)`, but never found it.",
                "estack": "AssertionError: Timed out retrying after 15000ms: Expected to find element: `tr:nth-child(1) > td:nth-child(7) > div > svg:nth-child(1)`, but never found it.\n    at Context.eval (https://qa.rch.build-release.com/__cypress/tests?p=cypress\\e2e\\Admin_Testcases\\06_Providers.spec.js:147:8)",
                "diff": null
              },
              "uuid": "22bfe56a-1367-4388-8406-a80157d8e151",
              "parentUUID": "7287144b-664d-44a2-97fc-afa6526cfa9c",
              "isHook": false,
              "skipped": false
            },
            {
              "title": "As a admin the user should be navigted back to the providers page by clicking on back arrow on profile details page",
              "fullTitle": "providers module test case As a admin the user should be navigted back to the providers page by clicking on back arrow on profile details page",
              "timedOut": null,
              "duration": 15632,
              "state": "failed",
              "speed": null,
              "pass": false,
              "fail": true,
              "pending": false,
              "context": null,
              "code": "cy.get('.py-8 > .h-6').should('be.visible').click();\ncy.url().should('contain', '/providers');",
              "err": {
                "message": "AssertionError: Timed out retrying after 15000ms: Expected to find element: `.py-8 > .h-6`, but never found it.",
                "estack": "AssertionError: Timed out retrying after 15000ms: Expected to find element: `.py-8 > .h-6`, but never found it.\n    at Context.eval (https://qa.rch.build-release.com/__cypress/tests?p=cypress\\e2e\\Admin_Testcases\\06_Providers.spec.js:159:28)",
                "diff": null
              },
              "uuid": "b881c66e-c94f-47c2-8d66-d4d205dff1ec",
              "parentUUID": "7287144b-664d-44a2-97fc-afa6526cfa9c",
              "isHook": false,
              "skipped": false
            },
            {
              "title": "As a Admin the user should get a pop up of invite provider by Clicking on the \"Invite Provider\" button.",
              "fullTitle": "providers module test case As a Admin the user should get a pop up of invite provider by Clicking on the \"Invite Provider\" button.",
              "timedOut": null,
              "duration": 2922,
              "state": "passed",
              "speed": "fast",
              "pass": true,
              "fail": false,
              "pending": false,
              "context": null,
              "code": "cy.xpath(\"//button[@textid='provider.invite']\").should('be.visible').should('have.text', 'Invite Provider').click();\ncy.wait(2000);\ncy.get('div:nth-child(9) > div > div>svg').should('be.visible').click();",
              "err": {},
              "uuid": "858889f7-b748-4513-83d0-256e95409ff9",
              "parentUUID": "7287144b-664d-44a2-97fc-afa6526cfa9c",
              "isHook": false,
              "skipped": false
            },
            {
              "title": "As a Admin the user can chat with provider by clicking on the chat icon against that provider",
              "fullTitle": "providers module test case As a Admin the user can chat with provider by clicking on the chat icon against that provider",
              "timedOut": null,
              "duration": 15718,
              "state": "failed",
              "speed": null,
              "pass": false,
              "fail": true,
              "pending": false,
              "context": null,
              "code": "cy.get('tr:nth-child(1) > td:nth-child(7) > div>div>img').scrollIntoView().should('be.visible').click({\n  force: true\n});\ncy.wait(2000);\ncy.get('div.flex.flex-wrap>svg').click();\ncy.wait(2000);",
              "err": {
                "message": "AssertionError: Timed out retrying after 15000ms: Expected to find element: `tr:nth-child(1) > td:nth-child(7) > div>div>img`, but never found it.",
                "estack": "AssertionError: Timed out retrying after 15000ms: Expected to find element: `tr:nth-child(1) > td:nth-child(7) > div>div>img`, but never found it.\n    at Context.eval (https://qa.rch.build-release.com/__cypress/tests?p=cypress\\e2e\\Admin_Testcases\\06_Providers.spec.js:168:8)",
                "diff": null
              },
              "uuid": "be68802a-2b29-4f4b-bb27-2c3bfbd9e3b7",
              "parentUUID": "7287144b-664d-44a2-97fc-afa6526cfa9c",
              "isHook": false,
              "skipped": false
            },
            {
              "title": "As a Admin the user can enable or disable any provider with the help of toggle icon under status",
              "fullTitle": "providers module test case As a Admin the user can enable or disable any provider with the help of toggle icon under status",
              "timedOut": null,
              "duration": 15664,
              "state": "failed",
              "speed": null,
              "pass": false,
              "fail": true,
              "pending": false,
              "context": null,
              "code": "cy.get('tr:nth-child(1)>td:nth-child(6)>button').scrollIntoView().should('be.visible').click({\n  force: true\n});\ncy.wait(2000);\ncy.get('div.hidden>div:nth-child(2)>div:nth-child(2)>button').click();\ncy.wait(2000);\ncy.get('tr:nth-child(1)>td:nth-child(6)>button').scrollIntoView().should('be.visible').click({\n  force: true\n});\ncy.wait(2000);\ncy.get('div.hidden>div:nth-child(2)>div:nth-child(2)>button').click();\ncy.wait(2000);",
              "err": {
                "message": "AssertionError: Timed out retrying after 15000ms: Expected to find element: `tr:nth-child(1)>td:nth-child(6)>button`, but never found it.",
                "estack": "AssertionError: Timed out retrying after 15000ms: Expected to find element: `tr:nth-child(1)>td:nth-child(6)>button`, but never found it.\n    at Context.eval (https://qa.rch.build-release.com/__cypress/tests?p=cypress\\e2e\\Admin_Testcases\\06_Providers.spec.js:176:8)",
                "diff": null
              },
              "uuid": "782a782e-a052-4005-a221-b54059bdfa2e",
              "parentUUID": "7287144b-664d-44a2-97fc-afa6526cfa9c",
              "isHook": false,
              "skipped": false
            },
            {
              "title": "As a Admin the user can change the view of the providers by using filter on full name which make the provider list in alphabetical order from a-z or Z-a",
              "fullTitle": "providers module test case As a Admin the user can change the view of the providers by using filter on full name which make the provider list in alphabetical order from a-z or Z-a",
              "timedOut": null,
              "duration": 4701,
              "state": "passed",
              "speed": "fast",
              "pass": true,
              "fail": false,
              "pending": false,
              "context": null,
              "code": "cy.get('table>thead>tr>th:nth-child(1)>span>svg:nth-child(1)').should('be.visible').click({\n  force: true\n});\ncy.wait(2000);\ncy.get('table>thead>tr>th:nth-child(1)>span>svg:nth-child(2)').should('be.visible').click({\n  force: true\n});\ncy.wait(2000);",
              "err": {},
              "uuid": "a5f6429a-6882-48b1-b837-8950a699c860",
              "parentUUID": "7287144b-664d-44a2-97fc-afa6526cfa9c",
              "isHook": false,
              "skipped": false
            },
            {
              "title": "As a admin the user can filter the providers based on the provider type like Md,Do etc.",
              "fullTitle": "providers module test case As a admin the user can filter the providers based on the provider type like Md,Do etc.",
              "timedOut": null,
              "duration": 71143,
              "state": "passed",
              "speed": "slow",
              "pass": true,
              "fail": false,
              "pending": false,
              "context": null,
              "code": "cy.get('div.flex.flex-wrap:nth-child(2)>div:nth-child(2)').should('be.visible').click();\ncy.wait(2000);\ncy.get('div.py-1>div:nth-child(1)').should('be.visible').should('contain', 'md').click();\ncy.wait(2000);\ncy.get('div.flex.flex-wrap:nth-child(2)>div:nth-child(2)>div:nth-child(1)>svg').should('be.visible').click();\ncy.wait(2000);\ncy.get('div.flex.flex-wrap:nth-child(2)>div:nth-child(2)').should('be.visible').click();\ncy.wait(2000);\ncy.get('div.py-1>div:nth-child(2)').should('be.visible').should('contain', 'do').click();\ncy.wait(2000);\ncy.get('div.flex.flex-wrap:nth-child(2)>div:nth-child(2)>div:nth-child(1)>svg').should('be.visible').click();\ncy.wait(2000);\ncy.get('div.flex.flex-wrap:nth-child(2)>div:nth-child(2)').should('be.visible').click();\ncy.wait(2000);\ncy.get('div.py-1>div:nth-child(3)').should('be.visible').should('contain', 'pa-c').click();\ncy.wait(2000);\ncy.get('div.flex.flex-wrap:nth-child(2)>div:nth-child(2)>div:nth-child(1)>svg').should('be.visible').click();\ncy.wait(2000);\ncy.get('div.flex.flex-wrap:nth-child(2)>div:nth-child(2)').should('be.visible').click();\ncy.wait(2000);\ncy.get('div.py-1>div:nth-child(4)').should('be.visible').should('contain', 'np').click();\ncy.wait(2000);\ncy.get('div.flex.flex-wrap:nth-child(2)>div:nth-child(2)>div:nth-child(1)>svg').should('be.visible').click();\ncy.wait(2000);\ncy.get('div.flex.flex-wrap:nth-child(2)>div:nth-child(2)').should('be.visible').click();\ncy.wait(2000);\ncy.get('div.py-1>div:nth-child(5)').should('be.visible').should('contain', 'crna').click();\ncy.wait(2000);\ncy.get('div.flex.flex-wrap:nth-child(2)>div:nth-child(2)>div:nth-child(1)>svg').should('be.visible').click();\ncy.wait(2000);\ncy.get('div.flex.flex-wrap:nth-child(2)>div:nth-child(2)').should('be.visible').click();\ncy.wait(2000);\ncy.get('div.py-1>div:nth-child(6)').should('be.visible').should('contain', 'nurse').click();\ncy.wait(2000);\ncy.get('div.flex.flex-wrap:nth-child(2)>div:nth-child(2)>div:nth-child(1)>svg').should('be.visible').click();\ncy.wait(2000);\ncy.get('div.flex.flex-wrap:nth-child(2)>div:nth-child(2)').should('be.visible').click();\ncy.wait(2000);\ncy.get('div.py-1>div:nth-child(7)').should('be.visible').should('contain', 'paramedic').click();\ncy.wait(2000);\ncy.get('div.flex.flex-wrap:nth-child(2)>div:nth-child(2)>div:nth-child(1)>svg').should('be.visible').click();\ncy.wait(2000);\ncy.get('div.flex.flex-wrap:nth-child(2)>div:nth-child(2)').should('be.visible').click();\ncy.wait(2000);\ncy.get('div.py-1>div:nth-child(8)').should('be.visible').should('contain', 'emt').click();\ncy.wait(2000);\ncy.get('div.flex.flex-wrap:nth-child(2)>div:nth-child(2)>div:nth-child(1)>svg').should('be.visible').click();\ncy.wait(2000);\ncy.logout();",
              "err": {},
              "uuid": "b6f6176d-4896-4708-958c-4bf8e0ef24cc",
              "parentUUID": "7287144b-664d-44a2-97fc-afa6526cfa9c",
              "isHook": false,
              "skipped": false
            }
          ],
          "suites": [],
          "passes": [
            "1fdc7d08-8469-45d8-89cf-f46ec911245a",
            "896edf5f-7afc-4eaf-8412-e6e3581ab1fe",
            "858889f7-b748-4513-83d0-256e95409ff9",
            "a5f6429a-6882-48b1-b837-8950a699c860",
            "b6f6176d-4896-4708-958c-4bf8e0ef24cc"
          ],
          "failures": [
            "997a67dc-7400-45ee-bbe5-11bd0eee99e7",
            "41d58ddb-6193-4e7d-892e-df0fcaa55f86",
            "bc6a4352-48bc-4b9e-8f93-3c3f062214de",
            "07d56417-4d15-4820-bfcf-f0fcea71db2c",
            "22bfe56a-1367-4388-8406-a80157d8e151",
            "b881c66e-c94f-47c2-8d66-d4d205dff1ec",
            "be68802a-2b29-4f4b-bb27-2c3bfbd9e3b7",
            "782a782e-a052-4005-a221-b54059bdfa2e"
          ],
          "pending": [],
          "skipped": [],
          "duration": 228917,
          "root": false,
          "rootEmpty": false,
          "_timeout": 2000
        }
      ],
      "passes": [],
      "failures": [],
      "pending": [],
      "skipped": [],
      "duration": 0,
      "root": true,
      "rootEmpty": true,
      "_timeout": 2000
    }
  ],
  "meta": {
    "mocha": {
      "version": "7.0.1"
    },
    "mochawesome": {
      "options": {
        "quiet": false,
        "reportFilename": "report",
        "saveHtml": true,
        "saveJson": true,
        "consoleReporter": "spec",
        "useInlineDiffs": false,
        "code": true
      },
      "version": "7.0.1"
    },
    "marge": {
      "options": {
        "reportDir": "cypress/reports",
        "reportFilename": "report",
        "overwrite": false,
        "html": true,
        "json": true,
        "charts": true
      },
      "version": "6.0.1"
    }
  }
}