{
  "stats": {
    "suites": 1,
    "tests": 8,
    "passes": 7,
    "pending": 0,
    "failures": 1,
    "start": "2021-09-20T08:09:11.161Z",
    "end": "2021-09-20T08:09:46.732Z",
    "duration": 35571,
    "testsRegistered": 8,
    "passPercent": 87.5,
    "pendingPercent": 0,
    "other": 0,
    "hasOther": false,
    "skipped": 0,
    "hasSkipped": false
  },
  "results": [
    {
      "uuid": "ac0f4695-1963-4222-a8f7-7ec633228da7",
      "title": "",
      "fullFile": "cypress/integration/Admin_Testcases/04_forgotPassword.spec.js",
      "file": "cypress/integration/Admin_Testcases/04_forgotPassword.spec.js",
      "beforeHooks": [],
      "afterHooks": [],
      "tests": [],
      "suites": [
        {
          "uuid": "f52e049e-ceb3-4a06-af38-f1d6edcfc0ab",
          "title": "Forgot password module testcases",
          "fullFile": "",
          "file": "",
          "beforeHooks": [],
          "afterHooks": [],
          "tests": [
            {
              "title": "As a Admin I should be able to navigate on Forgot password page",
              "fullTitle": "Forgot password module testcases As a Admin I should be able to navigate on Forgot password page",
              "timedOut": null,
              "duration": 5240,
              "state": "passed",
              "speed": "slow",
              "pass": true,
              "fail": false,
              "pending": false,
              "context": null,
              "code": "cy.visit(data.qaUrl);\ncy.get('a > .text-primary').should('be.visible').click();\ncy.url().should('include', 'forgot-password');",
              "err": {},
              "uuid": "22996ca2-a008-4214-b0ba-c404e39e949c",
              "parentUUID": "f52e049e-ceb3-4a06-af38-f1d6edcfc0ab",
              "isHook": false,
              "skipped": false
            },
            {
              "title": "At Forgot password page each field should have proper lable and validation",
              "fullTitle": "Forgot password module testcases At Forgot password page each field should have proper lable and validation",
              "timedOut": null,
              "duration": 1424,
              "state": "passed",
              "speed": "slow",
              "pass": true,
              "fail": false,
              "pending": false,
              "context": null,
              "code": "cy.get('.text-gray-900').should('be.visible').and('have.text', 'Forgot Password? ');\ncy.get('.text-gray-500').should('be.visible').and('contain.text', 'A 6 digit verification code will be sent to your registered Email Address');\ncy.get(':nth-child(1) > .text-sm > div').should('be.visible').and('have.text', 'Email');\ncy.get('.appearance-none').should('be.visible');\ncy.get('.mt-5 > .flex').should('be.visible').click();\ncy.get('.text-red-600').should('be.visible').and('contain.text', 'Required'); //invalid email case\ncy.get('.appearance-none').clear().type('ASd@ads@sd.com');\ncy.get('.text-red-600').should('be.visible').and('have.text', 'Please enter valid email');",
              "err": {},
              "uuid": "da965c3e-39e9-4f29-9c19-98731c9f2809",
              "parentUUID": "f52e049e-ceb3-4a06-af38-f1d6edcfc0ab",
              "isHook": false,
              "skipped": false
            },
            {
              "title": "OTP shouldn't send on invalid email",
              "fullTitle": "Forgot password module testcases OTP shouldn't send on invalid email",
              "timedOut": null,
              "duration": 1824,
              "state": "passed",
              "speed": "slow",
              "pass": true,
              "fail": false,
              "pending": false,
              "context": null,
              "code": "cy.get('.appearance-none').clear().type('abc@gmail.com');\ncy.get('.mt-5 > .flex').click();\ncy.contains('User not found');",
              "err": {},
              "uuid": "5a32890a-d98c-46b5-9df0-29aee946505d",
              "parentUUID": "f52e049e-ceb3-4a06-af38-f1d6edcfc0ab",
              "isHook": false,
              "skipped": false
            },
            {
              "title": "OTP should sent on Valid registerd email",
              "fullTitle": "Forgot password module testcases OTP should sent on Valid registerd email",
              "timedOut": null,
              "duration": 19995,
              "state": "failed",
              "speed": null,
              "pass": false,
              "fail": true,
              "pending": false,
              "context": null,
              "code": "const emailId = data.email;\ncy.get('.appearance-none').clear().type(emailId);\ncy.get('.mt-5 > .flex').click();\ncy.contains('OTP send to ' + emailId);",
              "err": {
                "message": "AssertionError: Timed out retrying after 15000ms: Expected to find content: 'OTP send to pavan.kumar@crownstack.com' but never did.",
                "estack": "AssertionError: Timed out retrying after 15000ms: Expected to find content: 'OTP send to pavan.kumar@crownstack.com' but never did.\n    at Context.eval (https://qa.rch.build-release.com/__cypress/tests?p=cypress\\integration\\Admin_Testcases\\04_forgotPassword.spec.js:139:8)",
                "diff": null
              },
              "uuid": "9e42dc0d-f219-44a0-9c9f-29a632a1cc7b",
              "parentUUID": "f52e049e-ceb3-4a06-af38-f1d6edcfc0ab",
              "isHook": false,
              "skipped": false
            },
            {
              "title": "Verify each and evey label and title on varification screen",
              "fullTitle": "Forgot password module testcases Verify each and evey label and title on varification screen",
              "timedOut": null,
              "duration": 244,
              "state": "passed",
              "speed": "slow",
              "pass": true,
              "fail": false,
              "pending": false,
              "context": null,
              "code": "cy.get('.text-gray-800').should('be.visible').and('have.text', 'Enter Verification Code');\ncy.get('.text-gray-500').should('be.visible').and('have.text', 'A 6 digit verification code has been sent to your email address');\ncy.get('.mt-3 > :nth-child(1)').should('be.visible').and('have.text', \"Haven't received the code?\");\ncy.get('.mt-5 > .flex').should('be.visible');",
              "err": {},
              "uuid": "faa6c29c-616a-4523-a7d3-87a5e500fa4b",
              "parentUUID": "f52e049e-ceb3-4a06-af38-f1d6edcfc0ab",
              "isHook": false,
              "skipped": false
            },
            {
              "title": "valdation should appear when user does not enter otp into the field",
              "fullTitle": "Forgot password module testcases valdation should appear when user does not enter otp into the field",
              "timedOut": null,
              "duration": 940,
              "state": "passed",
              "speed": "slow",
              "pass": true,
              "fail": false,
              "pending": false,
              "context": null,
              "code": "cy.get('.mt-5 > .flex').should('be.visible').click();\ncy.get('.my-4 > .text-xs').should('be.visible').and('have.text', 'Verfication Code is not valid, please re-enter or resend Verfication code');",
              "err": {},
              "uuid": "f08e2ebd-b735-4eb3-adca-b4b2bf8a350f",
              "parentUUID": "f52e049e-ceb3-4a06-af38-f1d6edcfc0ab",
              "isHook": false,
              "skipped": false
            },
            {
              "title": "validation should appear when user enter invalid OTP",
              "fullTitle": "Forgot password module testcases validation should appear when user enter invalid OTP",
              "timedOut": null,
              "duration": 2073,
              "state": "passed",
              "speed": "slow",
              "pass": true,
              "fail": false,
              "pending": false,
              "context": null,
              "code": "cy.xpath(\"//div[@style='display: flex; margin: 0px 0px 0px -0.5rem;']\").type('336699');\ncy.get('.mt-5 > .flex').should('be.visible').click();\ncy.get('.my-4 > .text-xs').should('be.visible').and('have.text', 'Verfication Code is not valid, please re-enter or resend Verfication code');",
              "err": {},
              "uuid": "e5f1de4c-9549-422f-aa87-1c1d8c49ffbf",
              "parentUUID": "f52e049e-ceb3-4a06-af38-f1d6edcfc0ab",
              "isHook": false,
              "skipped": false
            },
            {
              "title": "verify resend button functionality ",
              "fullTitle": "Forgot password module testcases verify resend button functionality ",
              "timedOut": null,
              "duration": 297,
              "state": "passed",
              "speed": "slow",
              "pass": true,
              "fail": false,
              "pending": false,
              "context": null,
              "code": "cy.get('.mt-3 > .font-bold').should('be.visible').click();\nconst emailId = data.email;\ncy.contains('OTP send to ' + emailId);",
              "err": {},
              "uuid": "a9b87a1d-d6e1-4413-9b6b-46aa1fe74f06",
              "parentUUID": "f52e049e-ceb3-4a06-af38-f1d6edcfc0ab",
              "isHook": false,
              "skipped": false
            }
          ],
          "suites": [],
          "passes": [
            "22996ca2-a008-4214-b0ba-c404e39e949c",
            "da965c3e-39e9-4f29-9c19-98731c9f2809",
            "5a32890a-d98c-46b5-9df0-29aee946505d",
            "faa6c29c-616a-4523-a7d3-87a5e500fa4b",
            "f08e2ebd-b735-4eb3-adca-b4b2bf8a350f",
            "e5f1de4c-9549-422f-aa87-1c1d8c49ffbf",
            "a9b87a1d-d6e1-4413-9b6b-46aa1fe74f06"
          ],
          "failures": [
            "9e42dc0d-f219-44a0-9c9f-29a632a1cc7b"
          ],
          "pending": [],
          "skipped": [],
          "duration": 32037,
          "root": false,
          "rootEmpty": false,
          "_timeout": 2000
        }
      ],
      "passes": [],
      "failures": [],
      "pending": [],
      "skipped": [],
      "duration": 0,
      "root": true,
      "rootEmpty": true,
      "_timeout": 2000
    }
  ],
  "meta": {
    "mocha": {
      "version": "7.0.1"
    },
    "mochawesome": {
      "options": {
        "quiet": false,
        "reportFilename": "report",
        "saveHtml": true,
        "saveJson": true,
        "consoleReporter": "spec",
        "useInlineDiffs": false,
        "code": true
      },
      "version": "6.2.2"
    },
    "marge": {
      "options": {
        "reportDir": "cypress/reports",
        "reportFilename": "report",
        "overwrite": false,
        "html": true,
        "json": true,
        "charts": true
      },
      "version": "5.2.0"
    }
  }
}