{
  "stats": {
    "suites": 1,
    "tests": 19,
    "passes": 19,
    "pending": 0,
    "failures": 0,
    "start": "2022-08-24T14:50:38.404Z",
    "end": "2022-08-24T14:53:03.320Z",
    "duration": 144916,
    "testsRegistered": 19,
    "passPercent": 100,
    "pendingPercent": 0,
    "other": 0,
    "hasOther": false,
    "skipped": 0,
    "hasSkipped": false
  },
  "results": [
    {
      "uuid": "f42b1f8f-89d8-49c9-aaa7-ad91732d980b",
      "title": "",
      "fullFile": "cypress\\e2e\\Admin_Testcases\\11_Patient_Services.spec.js",
      "file": "cypress\\e2e\\Admin_Testcases\\11_Patient_Services.spec.js",
      "beforeHooks": [],
      "afterHooks": [],
      "tests": [],
      "suites": [
        {
          "uuid": "e81140c0-99bd-4b02-aee8-cd7395431fac",
          "title": "Patient Services module testcases",
          "fullFile": "",
          "file": "",
          "beforeHooks": [],
          "afterHooks": [],
          "tests": [
            {
              "title": "As a Admin the user should be navigated to the Patient services page by clicking \"Patient Services\" tab.",
              "fullTitle": "Patient Services module testcases As a Admin the user should be navigated to the Patient services page by clicking \"Patient Services\" tab.",
              "timedOut": null,
              "duration": 17207,
              "state": "passed",
              "speed": "slow",
              "pass": true,
              "fail": false,
              "pending": false,
              "context": null,
              "code": "cy.login(cred.email, cred.password);\ncy.url().should('contain', '/dashboard');\ncy.get('.space-y-4 > :nth-child(6)').should('be.visible').should('contain', 'Patient Services').click();\ncy.url().should('contain', '/services');",
              "err": {},
              "uuid": "ce776c6a-d671-46af-9111-a386963a8549",
              "parentUUID": "e81140c0-99bd-4b02-aee8-cd7395431fac",
              "isHook": false,
              "skipped": false
            },
            {
              "title": "At Patient Services page each label and field should have proper label and validations",
              "fullTitle": "Patient Services module testcases At Patient Services page each label and field should have proper label and validations",
              "timedOut": null,
              "duration": 1712,
              "state": "passed",
              "speed": "fast",
              "pass": true,
              "fail": false,
              "pending": false,
              "context": null,
              "code": "cy.get('.text-xl').should('be.visible').should('have.text', 'Patient Services List');\ncy.get('[type=search]').should('be.visible').invoke('attr', 'placeholder').should('contain', 'Search Services');\ncy.get('[textid=\"inactive.service\"]').should('be.visible').should('have.text', 'Inactive Services');\ncy.get('[textid=\"add.service\"]').should('be.visible').should('have.text', 'Add Service');\ncy.get('thead > tr > :nth-child(1)').should('be.visible').should('have.text', 'Service Name');\ncy.get('thead > tr > :nth-child(2)').should('be.visible').should('have.text', 'Service Description');\ncy.get('thead > tr > :nth-child(3)').should('be.visible').should('have.text', 'Service Category');\ncy.get('thead > tr > :nth-child(4)').should('be.visible').should('have.text', 'Service Type');\ncy.get('thead > tr > :nth-child(5)').should('be.visible').should('have.text', 'Service Rate');\ncy.get('thead > tr > :nth-child(6)').should('be.visible').should('have.text', 'Status');\ncy.get('thead > tr > :nth-child(7)').scrollIntoView().should('be.visible').should('have.text', 'Action');\ncy.get('.mt-1:nth-child(2)').should('be.visible').should('have.text', 'Next');",
              "err": {},
              "uuid": "9e71b643-97aa-45ef-8beb-3d9a9f9ebcdc",
              "parentUUID": "e81140c0-99bd-4b02-aee8-cd7395431fac",
              "isHook": false,
              "skipped": false
            },
            {
              "title": "As a Admin the user should get add service pop up window by clicking on \"Add Service\" button",
              "fullTitle": "Patient Services module testcases As a Admin the user should get add service pop up window by clicking on \"Add Service\" button",
              "timedOut": null,
              "duration": 545,
              "state": "passed",
              "speed": "fast",
              "pass": true,
              "fail": false,
              "pending": false,
              "context": null,
              "code": "cy.get('[textid=\"add.service\"]').should('be.visible').should('have.text', 'Add Service').click();\ncy.xpath('//div[1]/h3/div/div').should('be.visible').should('have.text', 'Add Service');\ncy.get('div.hidden>h3>div>svg').should('be.visible');",
              "err": {},
              "uuid": "16df71a0-f897-4e99-abe9-6ae8716e8315",
              "parentUUID": "e81140c0-99bd-4b02-aee8-cd7395431fac",
              "isHook": false,
              "skipped": false
            },
            {
              "title": "At Add Service pop up window each label and field should have proper label and validations",
              "fullTitle": "Patient Services module testcases At Add Service pop up window each label and field should have proper label and validations",
              "timedOut": null,
              "duration": 5132,
              "state": "passed",
              "speed": "medium",
              "pass": true,
              "fail": false,
              "pending": false,
              "context": null,
              "code": "cy.xpath('//div[1]/h3/div/div').should('be.visible').should('have.text', 'Add Service');\ncy.get('div.hidden>h3>div>svg').should('be.visible');\ncy.xpath('//div[1]/form[1]/div[1]/div[1]/label').should('be.visible').should('have.text', 'Service Name');\ncy.xpath('//div[1]/form[1]/div[1]/div[2]/label').should('be.visible').should('have.text', 'Service Rate');\ncy.xpath('//div[1]/form[1]/div[1]/div[1]/div[1]').should('be.visible');\ncy.xpath('//div[1]/form[1]/div[1]/div[2]/div').should('be.visible');\ncy.xpath('//div[1]/form[1]/div[2]/div[1]/div[1]').should('be.visible').should('have.text', 'Service Type');\ncy.xpath('//div[1]/form[1]/div[2]/div[2]/div[1]').should('be.visible').should('have.text', 'Service Category');\ncy.xpath('//div[1]/form[1]/div[2]/div[1]/div[2]').should('be.visible');\ncy.xpath('//div[1]/form[1]/div[2]/div[2]/div[2]').should('be.visible');\ncy.xpath('//div[1]/form[1]/div[3]/div/label').should('be.visible').should('have.text', 'Service Description');\ncy.xpath('//div[1]/form[1]/div[3]/div/div').should('be.visible');\ncy.xpath('//div[1]/form[1]/button').should('be.visible').should('contain', 'Save Details').click();\ncy.wait(4000);\ncy.xpath('//div[1]/form[1]/div[1]/div[1]/div[2]').should('be.visible').should('have.text', 'Required');\ncy.xpath('//div[1]/form[1]/div[1]/div[2]/div[2]').should('have.text', 'Required');\ncy.xpath('//div[1]/form[1]/div[2]/div[1]/div[3]').should('be.visible').should('have.text', 'Required');\ncy.xpath('//div[1]/form[1]/div[2]/div[2]/div[3]').should('be.visible').should('have.text', 'Required');",
              "err": {},
              "uuid": "83f05b4a-e0ed-4afa-9be6-075e7e34cca8",
              "parentUUID": "e81140c0-99bd-4b02-aee8-cd7395431fac",
              "isHook": false,
              "skipped": false
            },
            {
              "title": "After filling Add services form and by clicking save details button the user should able to add the service",
              "fullTitle": "Patient Services module testcases After filling Add services form and by clicking save details button the user should able to add the service",
              "timedOut": null,
              "duration": 8668,
              "state": "passed",
              "speed": "medium",
              "pass": true,
              "fail": false,
              "pending": false,
              "context": null,
              "code": "cy.xpath('//div[1]/form[1]/div[1]/div[1]/div[1]').should('be.visible').type('Covid Vaccine');\ncy.xpath('//div[1]/form[1]/div[1]/div[2]/div[1]').should('be.visible').type('199');\ncy.xpath('//div[1]/form[1]/div[2]/div[1]/div[2]').should('be.visible').click();\ncy.get('.css-11unzgr>div:nth-child(1)').click();\ncy.xpath('//div[1]/form[1]/div[2]/div[2]/div[2]').should('be.visible').click();\ncy.get('.css-11unzgr>div:nth-child(1)').click();\ncy.xpath('//div[1]/form[1]/div[3]/div/div[1]').should('be.visible').type('Covid Vaccination Program');\ncy.xpath('//div[1]/form[1]/button').should('be.visible').should('contain', 'Save Details').click();\ncy.contains('Service Added successfully');\ncy.wait(4000);",
              "err": {},
              "uuid": "69c9de0b-4509-454a-a6ae-9116d6776b14",
              "parentUUID": "e81140c0-99bd-4b02-aee8-cd7395431fac",
              "isHook": false,
              "skipped": false
            },
            {
              "title": "The added service should reflect instantly under services page",
              "fullTitle": "Patient Services module testcases The added service should reflect instantly under services page",
              "timedOut": null,
              "duration": 277,
              "state": "passed",
              "speed": "fast",
              "pass": true,
              "fail": false,
              "pending": false,
              "context": null,
              "code": "cy.get('tr:nth-child(1) > td:nth-child(1)').should('be.visible').should('have.text', 'Covid Vaccine');\ncy.get('tr:nth-child(1) > td:nth-child(2)').should('be.visible').should('have.text', 'Covid Vaccination Program');\ncy.get('tr:nth-child(1) > td:nth-child(3) > p').should('be.visible').should('have.text', 'Telemedicine');\ncy.get('tr:nth-child(1) > td:nth-child(4) > p').should('be.visible').should('have.text', 'MULTIPLE');\ncy.get('tr:nth-child(1) > td:nth-child(5)').should('be.visible').should('have.text', '$199');",
              "err": {},
              "uuid": "e418f305-b68e-497d-8756-bb3fdd184b05",
              "parentUUID": "e81140c0-99bd-4b02-aee8-cd7395431fac",
              "isHook": false,
              "skipped": false
            },
            {
              "title": "As a Admin the user can able to search a particular service through search box",
              "fullTitle": "Patient Services module testcases As a Admin the user can able to search a particular service through search box",
              "timedOut": null,
              "duration": 9140,
              "state": "passed",
              "speed": "medium",
              "pass": true,
              "fail": false,
              "pending": false,
              "context": null,
              "code": "cy.get('[type=search]').should('be.visible').type('Covid Vaccine');\ncy.wait(4000);\ncy.get('tr:nth-child(1) > td:nth-child(1)').should('be.visible').should('have.text', 'Covid Vaccine');\ncy.get('[type=search]').should('be.visible').clear();\ncy.wait(4000);",
              "err": {},
              "uuid": "d45775e9-c89e-4ee3-ae72-ddd090bfabe0",
              "parentUUID": "e81140c0-99bd-4b02-aee8-cd7395431fac",
              "isHook": false,
              "skipped": false
            },
            {
              "title": "As a Admin the user should get Update service pop up window by clicking on edit icon against the particular service",
              "fullTitle": "Patient Services module testcases As a Admin the user should get Update service pop up window by clicking on edit icon against the particular service",
              "timedOut": null,
              "duration": 544,
              "state": "passed",
              "speed": "fast",
              "pass": true,
              "fail": false,
              "pending": false,
              "context": null,
              "code": "cy.get('tr:nth-child(1) > td:nth-child(7)>div>span').scrollIntoView().should('be.visible').click();\ncy.xpath('//div[1]/h3/div/div').should('be.visible').should('have.text', 'Update Service');",
              "err": {},
              "uuid": "814487b0-470e-4cb7-806f-6b6b03c17e0f",
              "parentUUID": "e81140c0-99bd-4b02-aee8-cd7395431fac",
              "isHook": false,
              "skipped": false
            },
            {
              "title": "At Update Service pop up window each label and field should have proper label and validations",
              "fullTitle": "Patient Services module testcases At Update Service pop up window each label and field should have proper label and validations",
              "timedOut": null,
              "duration": 406,
              "state": "passed",
              "speed": "fast",
              "pass": true,
              "fail": false,
              "pending": false,
              "context": null,
              "code": "cy.xpath('//div[1]/h3/div/div').should('be.visible').should('have.text', 'Update Service');\ncy.get('div.hidden>h3>div>svg').should('be.visible');\ncy.xpath('//div[1]/form[1]/div[1]/div[1]/label').should('be.visible').should('have.text', 'Service Name');\ncy.xpath('//div[1]/form[1]/div[1]/div[2]/label').should('be.visible').should('have.text', 'Service Rate');\ncy.xpath('//div[1]/form[1]/div[1]/div[1]/div[1]').should('be.visible');\ncy.xpath('//div[1]/form[1]/div[1]/div[2]/div').should('be.visible');\ncy.xpath('//div[1]/form[1]/div[2]/div[1]/div[1]').should('be.visible').should('have.text', 'Service Type');\ncy.xpath('//div[1]/form[1]/div[2]/div[2]/div[1]').should('be.visible').should('have.text', 'Service Category');\ncy.xpath('//div[1]/form[1]/div[2]/div[1]/div[2]').should('be.visible');\ncy.xpath('//div[1]/form[1]/div[2]/div[2]/div[2]').should('be.visible');\ncy.xpath('//div[1]/form[1]/div[3]/div/label').should('be.visible').should('have.text', 'Service Description');\ncy.xpath('//div[1]/form[1]/div[3]/div/div').should('be.visible');\ncy.xpath('//div[1]/form[1]/button').should('be.visible').should('contain', 'Save Details');",
              "err": {},
              "uuid": "160b36b1-3741-4317-9a23-987512c67843",
              "parentUUID": "e81140c0-99bd-4b02-aee8-cd7395431fac",
              "isHook": false,
              "skipped": false
            },
            {
              "title": "After doing necessary edits on the edit service form and by clicking save details button the user should able to update the service",
              "fullTitle": "Patient Services module testcases After doing necessary edits on the edit service form and by clicking save details button the user should able to update the service",
              "timedOut": null,
              "duration": 10039,
              "state": "passed",
              "speed": "slow",
              "pass": true,
              "fail": false,
              "pending": false,
              "context": null,
              "code": "cy.xpath('//div[1]/form[1]/div[1]/div[1]/div[1]').should('be.visible').clear().type('Covid Vaccine Pfizer');\ncy.xpath('//div[1]/form[1]/div[1]/div[2]/div').should('be.visible').clear().type('299');\ncy.xpath('//div[1]/form[1]/div[2]/div[1]/div[2]').should('be.visible').click();\ncy.get('.css-11unzgr>div:nth-child(2)').click();\ncy.xpath('//div[1]/form[1]/div[2]/div[2]/div[2]').should('be.visible').click();\ncy.get('.css-11unzgr>div:nth-child(3)').click();\ncy.xpath('//div[1]/form[1]/div[3]/div/div').should('be.visible').clear().type('Covid Vaccination Program');\ncy.xpath('//div[1]/form[1]/button').should('be.visible').should('contain', 'Save Details').click();\ncy.contains('Service Updated successfully');\ncy.wait(4000);",
              "err": {},
              "uuid": "76d16e64-97ef-465e-8bde-ab8765537e9a",
              "parentUUID": "e81140c0-99bd-4b02-aee8-cd7395431fac",
              "isHook": false,
              "skipped": false
            },
            {
              "title": "The edited details should reflect instantly under services page",
              "fullTitle": "Patient Services module testcases The edited details should reflect instantly under services page",
              "timedOut": null,
              "duration": 280,
              "state": "passed",
              "speed": "fast",
              "pass": true,
              "fail": false,
              "pending": false,
              "context": null,
              "code": "cy.get('tr:nth-child(1) > td:nth-child(1)').should('be.visible').should('have.text', 'Covid Vaccine Pfizer');\ncy.get('tr:nth-child(1) > td:nth-child(2)').should('be.visible').should('have.text', 'Covid Vaccination Program');\ncy.get('tr:nth-child(1) > td:nth-child(3) > p').should('be.visible').should('have.text', 'In Home Covid Testing');\ncy.get('tr:nth-child(1) > td:nth-child(4) > p').should('be.visible').should('have.text', 'SINGLE');\ncy.get('tr:nth-child(1) > td:nth-child(5)').should('be.visible').should('have.text', '$299');",
              "err": {},
              "uuid": "836ddbc3-609a-4915-8e3b-ba0cba54126f",
              "parentUUID": "e81140c0-99bd-4b02-aee8-cd7395431fac",
              "isHook": false,
              "skipped": false
            },
            {
              "title": "As a Admin the user can able to switch between the  services pages by using next or previous buttons",
              "fullTitle": "Patient Services module testcases As a Admin the user can able to switch between the  services pages by using next or previous buttons",
              "timedOut": null,
              "duration": 5760,
              "state": "passed",
              "speed": "medium",
              "pass": true,
              "fail": false,
              "pending": false,
              "context": null,
              "code": "cy.get('.mt-1:nth-child(2)').should('be.visible').scrollIntoView().should('have.text', 'Next').click();\ncy.wait(5000);\ncy.get('.mt-1:nth-child(1)').should('be.visible').scrollIntoView().should('have.text', 'Previous').click();",
              "err": {},
              "uuid": "c24326d8-2390-4c5f-8e9d-874ac8a42b0e",
              "parentUUID": "e81140c0-99bd-4b02-aee8-cd7395431fac",
              "isHook": false,
              "skipped": false
            },
            {
              "title": "As a Admin the user can disable any service with the help of toggle button against that particular service",
              "fullTitle": "Patient Services module testcases As a Admin the user can disable any service with the help of toggle button against that particular service",
              "timedOut": null,
              "duration": 9395,
              "state": "passed",
              "speed": "medium",
              "pass": true,
              "fail": false,
              "pending": false,
              "context": null,
              "code": "cy.get('tr:nth-child(1)>td:nth-child(6)>button').scrollIntoView().should('be.visible').click();\ncy.wait(2000);\ncy.xpath('//div[1]/div[2]/button[1]').should('be.visible').should('have.text', 'Confirm').click();\ncy.wait(2000);\ncy.contains('Service Updated successfully');\ncy.wait(4000);",
              "err": {},
              "uuid": "3f65e635-d646-4ed4-95e0-e0b193c82914",
              "parentUUID": "e81140c0-99bd-4b02-aee8-cd7395431fac",
              "isHook": false,
              "skipped": false
            },
            {
              "title": "The service disabled should be moved to the inactive services page.",
              "fullTitle": "Patient Services module testcases The service disabled should be moved to the inactive services page.",
              "timedOut": null,
              "duration": 10953,
              "state": "passed",
              "speed": "slow",
              "pass": true,
              "fail": false,
              "pending": false,
              "context": null,
              "code": "cy.get('[textid=\"inactive.service\"]').should('be.visible').should('have.text', 'Inactive Services').click();\ncy.wait(4000);\ncy.get('tr:nth-child(1) > td:nth-child(1)').should('be.visible').should('have.text', 'Covid Vaccine Pfizer');\ncy.wait(2000);\ncy.xpath('//div[2]/div[3]/div[1]/*[1]').scrollIntoView().should('be.visible').click();\ncy.wait(4000);",
              "err": {},
              "uuid": "e167a846-fc62-4c06-ba58-8aded339c9d5",
              "parentUUID": "e81140c0-99bd-4b02-aee8-cd7395431fac",
              "isHook": false,
              "skipped": false
            },
            {
              "title": "As a Admin the user should be navigated to the Patient inactive services page by clicking on the \"inactive services\" button.",
              "fullTitle": "Patient Services module testcases As a Admin the user should be navigated to the Patient inactive services page by clicking on the \"inactive services\" button.",
              "timedOut": null,
              "duration": 4648,
              "state": "passed",
              "speed": "fast",
              "pass": true,
              "fail": false,
              "pending": false,
              "context": null,
              "code": "cy.get('[textid=\"inactive.service\"]').should('be.visible').should('have.text', 'Inactive Services').click();\ncy.wait(4000);\ncy.xpath('//div[contains(text(),\"Patient I\")]').should('be.visible').should('have.text', 'Patient Inactive Services');",
              "err": {},
              "uuid": "7df4a066-aa3d-4fbd-b859-afbdc9e83b72",
              "parentUUID": "e81140c0-99bd-4b02-aee8-cd7395431fac",
              "isHook": false,
              "skipped": false
            },
            {
              "title": "At Patient inactive Services page each label and field should have proper label and validations",
              "fullTitle": "Patient Services module testcases At Patient inactive Services page each label and field should have proper label and validations",
              "timedOut": null,
              "duration": 356,
              "state": "passed",
              "speed": "fast",
              "pass": true,
              "fail": false,
              "pending": false,
              "context": null,
              "code": "cy.xpath('//div[contains(text(),\"Patient I\")]').should('be.visible').should('have.text', 'Patient Inactive Services');\ncy.get('[type=search]').should('be.visible').invoke('attr', 'placeholder').should('contain', 'Search Services');\ncy.get('thead > tr > :nth-child(1)').should('be.visible').should('have.text', 'Service Name');\ncy.get('thead > tr > :nth-child(2)').should('be.visible').should('have.text', 'Service Description');\ncy.get('thead > tr > :nth-child(3)').should('be.visible').should('have.text', 'Service Category');\ncy.get('thead > tr > :nth-child(4)').should('be.visible').should('have.text', 'Service Type');\ncy.get('thead > tr > :nth-child(5)').should('be.visible').should('have.text', 'Service Rate');\ncy.get('thead > tr > :nth-child(6)').should('be.visible').should('have.text', 'Status');\ncy.get('thead > tr > :nth-child(7)').scrollIntoView().should('be.visible').should('have.text', 'Action');",
              "err": {},
              "uuid": "2b66080a-3257-4d99-99e2-651d522643db",
              "parentUUID": "e81140c0-99bd-4b02-aee8-cd7395431fac",
              "isHook": false,
              "skipped": false
            },
            {
              "title": "As a Admin the user can able to search a particular inactive service through search box",
              "fullTitle": "Patient Services module testcases As a Admin the user can able to search a particular inactive service through search box",
              "timedOut": null,
              "duration": 7021,
              "state": "passed",
              "speed": "medium",
              "pass": true,
              "fail": false,
              "pending": false,
              "context": null,
              "code": "cy.get('[type=search]').should('be.visible').type('Covid Vaccine');\ncy.wait(2000);\ncy.get('tr:nth-child(1) > td:nth-child(1)').should('be.visible').should('have.text', 'Covid Vaccine Pfizer');\ncy.wait(2000);\ncy.get('[type=search]').should('be.visible').clear();\ncy.wait(2000);",
              "err": {},
              "uuid": "e3598715-723b-45a4-bcc3-33256d462726",
              "parentUUID": "e81140c0-99bd-4b02-aee8-cd7395431fac",
              "isHook": false,
              "skipped": false
            },
            {
              "title": "As a Admin the user can enable any service with the help of toggle button against that particular service",
              "fullTitle": "Patient Services module testcases As a Admin the user can enable any service with the help of toggle button against that particular service",
              "timedOut": null,
              "duration": 27230,
              "state": "passed",
              "speed": "slow",
              "pass": true,
              "fail": false,
              "pending": false,
              "context": null,
              "code": "cy.get('tr:nth-child(1)>td:nth-child(6)>button').scrollIntoView().should('be.visible').click();\ncy.wait(2000);\ncy.xpath('//div[1]/div[2]/button[1]').should('be.visible').should('have.text', 'Confirm').click();\ncy.wait(2000);\ncy.contains('Service Updated successfully');\ncy.wait(4000);\ncy.xpath('//div[2]/div[3]/div[1]/*[1]').scrollIntoView().should('be.visible').click();\ncy.wait(4000);\ncy.get('tr:nth-child(1)>td:nth-child(6)>button').scrollIntoView().should('be.visible').click();\ncy.wait(2000);\ncy.xpath('//div[1]/div[2]/button[1]').should('be.visible').should('have.text', 'Confirm').click();\ncy.wait(2000);\ncy.contains('Service Updated successfully');\ncy.wait(4000);\ncy.get('[textid=\"inactive.service\"]').should('be.visible').should('have.text', 'Inactive Services').click();\ncy.wait(4000);",
              "err": {},
              "uuid": "56891bef-9a4d-4d0c-bde9-aa9268e82386",
              "parentUUID": "e81140c0-99bd-4b02-aee8-cd7395431fac",
              "isHook": false,
              "skipped": false
            },
            {
              "title": "As a Admin the user can delete any active service by clicking on the delete icon against that service.",
              "fullTitle": "Patient Services module testcases As a Admin the user can delete any active service by clicking on the delete icon against that service.",
              "timedOut": null,
              "duration": 17240,
              "state": "passed",
              "speed": "slow",
              "pass": true,
              "fail": false,
              "pending": false,
              "context": null,
              "code": "cy.get('tr:nth-child(1)>td:nth-child(7)>div>span').scrollIntoView().should('be.visible').click();\ncy.wait(2000);\ncy.xpath('//div[1]/div[2]/button[1]').click();\ncy.wait(4000);\ncy.logout();",
              "err": {},
              "uuid": "0c781858-fef0-47db-9c0b-0447c170a8af",
              "parentUUID": "e81140c0-99bd-4b02-aee8-cd7395431fac",
              "isHook": false,
              "skipped": false
            }
          ],
          "suites": [],
          "passes": [
            "ce776c6a-d671-46af-9111-a386963a8549",
            "9e71b643-97aa-45ef-8beb-3d9a9f9ebcdc",
            "16df71a0-f897-4e99-abe9-6ae8716e8315",
            "83f05b4a-e0ed-4afa-9be6-075e7e34cca8",
            "69c9de0b-4509-454a-a6ae-9116d6776b14",
            "e418f305-b68e-497d-8756-bb3fdd184b05",
            "d45775e9-c89e-4ee3-ae72-ddd090bfabe0",
            "814487b0-470e-4cb7-806f-6b6b03c17e0f",
            "160b36b1-3741-4317-9a23-987512c67843",
            "76d16e64-97ef-465e-8bde-ab8765537e9a",
            "836ddbc3-609a-4915-8e3b-ba0cba54126f",
            "c24326d8-2390-4c5f-8e9d-874ac8a42b0e",
            "3f65e635-d646-4ed4-95e0-e0b193c82914",
            "e167a846-fc62-4c06-ba58-8aded339c9d5",
            "7df4a066-aa3d-4fbd-b859-afbdc9e83b72",
            "2b66080a-3257-4d99-99e2-651d522643db",
            "e3598715-723b-45a4-bcc3-33256d462726",
            "56891bef-9a4d-4d0c-bde9-aa9268e82386",
            "0c781858-fef0-47db-9c0b-0447c170a8af"
          ],
          "failures": [],
          "pending": [],
          "skipped": [],
          "duration": 136553,
          "root": false,
          "rootEmpty": false,
          "_timeout": 2000
        }
      ],
      "passes": [],
      "failures": [],
      "pending": [],
      "skipped": [],
      "duration": 0,
      "root": true,
      "rootEmpty": true,
      "_timeout": 2000
    }
  ],
  "meta": {
    "mocha": {
      "version": "7.0.1"
    },
    "mochawesome": {
      "options": {
        "quiet": false,
        "reportFilename": "report",
        "saveHtml": true,
        "saveJson": true,
        "consoleReporter": "spec",
        "useInlineDiffs": false,
        "code": true
      },
      "version": "7.0.1"
    },
    "marge": {
      "options": {
        "reportDir": "cypress/reports",
        "reportFilename": "report",
        "overwrite": false,
        "html": true,
        "json": true,
        "charts": true
      },
      "version": "6.0.1"
    }
  }
}