{
  "stats": {
    "suites": 1,
    "tests": 12,
    "passes": 0,
    "pending": 0,
    "failures": 12,
    "start": "2022-08-08T07:05:09.036Z",
    "end": "2022-08-08T07:08:37.508Z",
    "duration": 208472,
    "testsRegistered": 12,
    "passPercent": 0,
    "pendingPercent": 0,
    "other": 0,
    "hasOther": false,
    "skipped": 0,
    "hasSkipped": false
  },
  "results": [
    {
      "uuid": "104643fb-b365-4ae8-9d12-3fc8245f6d03",
      "title": "",
      "fullFile": "cypress\\e2e\\Admin_Testcases\\21_Paid.spec.js",
      "file": "cypress\\e2e\\Admin_Testcases\\21_Paid.spec.js",
      "beforeHooks": [],
      "afterHooks": [],
      "tests": [],
      "suites": [
        {
          "uuid": "483c43cd-8eb6-4e99-ba05-11d3c1e86cce",
          "title": "Paid Appointment Details Test cases",
          "fullFile": "",
          "file": "",
          "beforeHooks": [],
          "afterHooks": [],
          "tests": [
            {
              "title": "As a Admin the user should be navigated to the Appointment Details page of Paid appointment by clicking on the eye icon against that particular appointment",
              "fullTitle": "Paid Appointment Details Test cases As a Admin the user should be navigated to the Appointment Details page of Paid appointment by clicking on the eye icon against that particular appointment",
              "timedOut": null,
              "duration": 30116,
              "state": "failed",
              "speed": null,
              "pass": false,
              "fail": true,
              "pending": false,
              "context": null,
              "code": "cy.login(cred.email, cred.password);\ncy.url().should('contain', '/dashboard'); //Click patient tab on the left side tray\ncy.xpath('//nav/div[4]/div[2]').should('be.visible').should('have.text', 'Appointments').click();\ncy.url().should('contain', '/appointments');\ncy.xpath('//div[contains(text(),\"Ad\")]').should('be.visible').should('have.text', 'Add Filter').click();\ncy.wait(3000);\ncy.xpath('//div[contains(text(),\"paid\")]').should('be.visible').should('have.text', 'paid').click();\ncy.wait(4000);\ncy.xpath('//tr[1]/td[8]/div[1]').scrollIntoView().should('be.visible').click();\ncy.wait(4000);\ncy.xpath('//span[contains(text(),\"paid\")]').should('be.visible').should('contain', 'paid');",
              "err": {
                "message": "AssertionError: Timed out retrying after 15000ms: Expected to find element: `.max-w-xs > img`, but never found it.",
                "estack": "AssertionError: Timed out retrying after 15000ms: Expected to find element: `.max-w-xs > img`, but never found it.\n    at Context.eval (https://qa.rch.build-release.com/__cypress/tests?p=cypress\\support\\e2e.js:345:29)",
                "diff": null
              },
              "uuid": "2e8a3663-d6c7-416e-9920-88f4ce42e8b3",
              "parentUUID": "483c43cd-8eb6-4e99-ba05-11d3c1e86cce",
              "isHook": false,
              "skipped": false
            },
            {
              "title": "At \"Appointment details\" page each label and field should have proper label and validations",
              "fullTitle": "Paid Appointment Details Test cases At \"Appointment details\" page each label and field should have proper label and validations",
              "timedOut": null,
              "duration": 15518,
              "state": "failed",
              "speed": null,
              "pass": false,
              "fail": true,
              "pending": false,
              "context": null,
              "code": "cy.xpath('//div[contains(text(),\"Appointment D\")]').should('be.visible').should('have.text', 'Appointment Details');\ncy.xpath('//div[1]/div[2]/div[1]/div[1]/div[1]/*[1]').should('be.visible');\ncy.xpath('//*[@id=\"root\"]/div[2]/div/div[2]/div/div[2]/div[1]/div').should('be.visible');\ncy.xpath('//div[contains(text(),\"Appointment I\")]').should('have.text', 'Appointment ID');\ncy.xpath('//div[contains(text(),\"Requested F\")]').should('be.visible').should('have.text', 'Requested For');\ncy.xpath('//div[contains(text(),\"St\")]').should('be.visible').should('have.text', 'Status');\ncy.xpath('//div[contains(text(),\"Service A\")]').should('be.visible').should('have.text', 'Service Address');\ncy.xpath('//div[contains(text(),\"Completed \")]').should('be.visible').should('have.text', 'Completed On');\ncy.xpath('//*[@id=\"root\"]/div[2]/div/div[2]/div/div[2]/div[4]/div[1]').should('be.visible').should('have.text', 'Patients');\ncy.xpath('//div[contains(text(),\"Services R\")]').should('be.visible').should('have.text', 'Services Requested');\ncy.xpath('//div[contains(text(),\"Provider D\")]').should('be.visible').should('have.text', 'Provider Details');\ncy.xpath('//div[6]/div[2]/div/div').should('be.visible');\ncy.xpath('//div[contains(text(),\"Payment D\")]').should('be.visible').should('have.text', 'Payment Details');\ncy.xpath('//div[contains(text(),\"Tota\")]').should('be.visible').should('have.text', 'Total Paid');\ncy.xpath('//div[contains(text(),\"Payment M\")]').should('be.visible').should('have.text', 'Payment Mode');\ncy.xpath('//button[@textid=\"admin.appointment.add.report\"]').should('be.visible').should('have.text', 'Add Report');\ncy.xpath('//button[@textid=\"download.invoice\"]').should('be.visible').should('have.text', 'Download Invoice');",
              "err": {
                "message": "AssertionError: Timed out retrying after 15000ms: Expected to find element: `//div[contains(text(),\"Appointment D\")]`, but never found it.",
                "estack": "AssertionError: Timed out retrying after 15000ms: Expected to find element: `//div[contains(text(),\"Appointment D\")]`, but never found it.\n    at Context.eval (https://qa.rch.build-release.com/__cypress/tests?p=cypress\\e2e\\Admin_Testcases\\21_Paid.spec.js:118:57)",
                "diff": null
              },
              "uuid": "f9ff5b0c-9aa6-4daf-9c94-3b8c9dffc58e",
              "parentUUID": "483c43cd-8eb6-4e99-ba05-11d3c1e86cce",
              "isHook": false,
              "skipped": false
            },
            {
              "title": "The unique appointment id should be displayed",
              "fullTitle": "Paid Appointment Details Test cases The unique appointment id should be displayed",
              "timedOut": null,
              "duration": 15436,
              "state": "failed",
              "speed": null,
              "pass": false,
              "fail": true,
              "pending": false,
              "context": null,
              "code": "cy.xpath('//div[contains(text(),\"Appointment I\")]').should('have.text', 'Appointment ID');",
              "err": {
                "message": "AssertionError: Timed out retrying after 15000ms: Expected to find element: `//div[contains(text(),\"Appointment I\")]`, but never found it.",
                "estack": "AssertionError: Timed out retrying after 15000ms: Expected to find element: `//div[contains(text(),\"Appointment I\")]`, but never found it.\n    at Context.eval (https://qa.rch.build-release.com/__cypress/tests?p=cypress\\e2e\\Admin_Testcases\\21_Paid.spec.js:137:57)",
                "diff": null
              },
              "uuid": "a2ebb56d-c55a-400f-8098-ae8533b87c86",
              "parentUUID": "483c43cd-8eb6-4e99-ba05-11d3c1e86cce",
              "isHook": false,
              "skipped": false
            },
            {
              "title": "The date requested by the patient should be displayed",
              "fullTitle": "Paid Appointment Details Test cases The date requested by the patient should be displayed",
              "timedOut": null,
              "duration": 15429,
              "state": "failed",
              "speed": null,
              "pass": false,
              "fail": true,
              "pending": false,
              "context": null,
              "code": "cy.xpath('//div[contains(text(),\"Requested F\")]').should('be.visible').should('have.text', 'Requested For');",
              "err": {
                "message": "AssertionError: Timed out retrying after 15000ms: Expected to find element: `//div[contains(text(),\"Requested F\")]`, but never found it.",
                "estack": "AssertionError: Timed out retrying after 15000ms: Expected to find element: `//div[contains(text(),\"Requested F\")]`, but never found it.\n    at Context.eval (https://qa.rch.build-release.com/__cypress/tests?p=cypress\\e2e\\Admin_Testcases\\21_Paid.spec.js:140:55)",
                "diff": null
              },
              "uuid": "0b8a90e2-fc77-4bf8-b3cc-7565b2764640",
              "parentUUID": "483c43cd-8eb6-4e99-ba05-11d3c1e86cce",
              "isHook": false,
              "skipped": false
            },
            {
              "title": "The Service Address where the patient requested the service should be displayed",
              "fullTitle": "Paid Appointment Details Test cases The Service Address where the patient requested the service should be displayed",
              "timedOut": null,
              "duration": 15416,
              "state": "failed",
              "speed": null,
              "pass": false,
              "fail": true,
              "pending": false,
              "context": null,
              "code": "cy.xpath('//div[contains(text(),\"Service A\")]').should('be.visible').should('have.text', 'Service Address');",
              "err": {
                "message": "AssertionError: Timed out retrying after 15000ms: Expected to find element: `//div[contains(text(),\"Service A\")]`, but never found it.",
                "estack": "AssertionError: Timed out retrying after 15000ms: Expected to find element: `//div[contains(text(),\"Service A\")]`, but never found it.\n    at Context.eval (https://qa.rch.build-release.com/__cypress/tests?p=cypress\\e2e\\Admin_Testcases\\21_Paid.spec.js:143:53)",
                "diff": null
              },
              "uuid": "28f412e0-f4f8-4903-829b-892e16fae4ed",
              "parentUUID": "483c43cd-8eb6-4e99-ba05-11d3c1e86cce",
              "isHook": false,
              "skipped": false
            },
            {
              "title": "As a Admin the user should be navigated to the medical history page of particular patient by clicking on the name card of that particular patient",
              "fullTitle": "Paid Appointment Details Test cases As a Admin the user should be navigated to the medical history page of particular patient by clicking on the name card of that particular patient",
              "timedOut": null,
              "duration": 15528,
              "state": "failed",
              "speed": null,
              "pass": false,
              "fail": true,
              "pending": false,
              "context": null,
              "code": "cy.xpath('//div[4]/div[2]/div[1]/div[1]/div[1]/div[1]/*[2]').should('be.visible').click();\ncy.wait(4000);\ncy.url().should('contain', '/medical_history');\ncy.xpath('//div[2]/div/nav/div[1]/div').should('be.visible').should('have.text', 'Medical History');\ncy.xpath('//div[@id=\"root\"]/div[2]/div[1]/div[2]/div[1]/div[1]/*[1]').scrollIntoView().should('be.visible').click();\ncy.wait(4000);\ncy.url().should('contain', '/appointments');",
              "err": {
                "message": "AssertionError: Timed out retrying after 15000ms: Expected to find element: `//div[4]/div[2]/div[1]/div[1]/div[1]/div[1]/*[2]`, but never found it.",
                "estack": "AssertionError: Timed out retrying after 15000ms: Expected to find element: `//div[4]/div[2]/div[1]/div[1]/div[1]/div[1]/*[2]`, but never found it.\n    at Context.eval (https://qa.rch.build-release.com/__cypress/tests?p=cypress\\e2e\\Admin_Testcases\\21_Paid.spec.js:146:66)",
                "diff": null
              },
              "uuid": "ea550ea8-63c4-484d-9f9a-24a7caf698b1",
              "parentUUID": "483c43cd-8eb6-4e99-ba05-11d3c1e86cce",
              "isHook": false,
              "skipped": false
            },
            {
              "title": "The list of services requested by the patient should be displayed",
              "fullTitle": "Paid Appointment Details Test cases The list of services requested by the patient should be displayed",
              "timedOut": null,
              "duration": 15459,
              "state": "failed",
              "speed": null,
              "pass": false,
              "fail": true,
              "pending": false,
              "context": null,
              "code": "cy.xpath('//div[contains(text(),\"Services R\")]').should('have.text', 'Services Requested');",
              "err": {
                "message": "AssertionError: Timed out retrying after 15000ms: Expected to find element: `//div[contains(text(),\"Services R\")]`, but never found it.",
                "estack": "AssertionError: Timed out retrying after 15000ms: Expected to find element: `//div[contains(text(),\"Services R\")]`, but never found it.\n    at Context.eval (https://qa.rch.build-release.com/__cypress/tests?p=cypress\\e2e\\Admin_Testcases\\21_Paid.spec.js:155:54)",
                "diff": null
              },
              "uuid": "c0406a11-2446-499b-af77-d31f00e0643f",
              "parentUUID": "483c43cd-8eb6-4e99-ba05-11d3c1e86cce",
              "isHook": false,
              "skipped": false
            },
            {
              "title": "The Appointment Completed date and time should be displayed",
              "fullTitle": "Paid Appointment Details Test cases The Appointment Completed date and time should be displayed",
              "timedOut": null,
              "duration": 15484,
              "state": "failed",
              "speed": null,
              "pass": false,
              "fail": true,
              "pending": false,
              "context": null,
              "code": "cy.xpath('//div[contains(text(),\"Comp\")]').should('have.text', 'Completed On');\ncy.xpath('//div[3]/div[1]/span').should('be.visible');\ncy.wait(5000);",
              "err": {
                "message": "AssertionError: Timed out retrying after 15000ms: Expected to find element: `//div[contains(text(),\"Comp\")]`, but never found it.",
                "estack": "AssertionError: Timed out retrying after 15000ms: Expected to find element: `//div[contains(text(),\"Comp\")]`, but never found it.\n    at Context.eval (https://qa.rch.build-release.com/__cypress/tests?p=cypress\\e2e\\Admin_Testcases\\21_Paid.spec.js:158:48)",
                "diff": null
              },
              "uuid": "ea1347e6-01a9-41df-b8b4-bb71520fc1e1",
              "parentUUID": "483c43cd-8eb6-4e99-ba05-11d3c1e86cce",
              "isHook": false,
              "skipped": false
            },
            {
              "title": "As a Admin the user should be navigated to the Profile details page of provider by clicking on name card of the provider",
              "fullTitle": "Paid Appointment Details Test cases As a Admin the user should be navigated to the Profile details page of provider by clicking on name card of the provider",
              "timedOut": null,
              "duration": 15467,
              "state": "failed",
              "speed": null,
              "pass": false,
              "fail": true,
              "pending": false,
              "context": null,
              "code": "cy.xpath('//div[6]/div[2]/div/div').should('be.visible').click();\ncy.wait(5000);\ncy.url().should('contain', '/providers');\ncy.xpath('//div[contains(text(),\"Provider D\")]').scrollIntoView().should('be.visible').should('have.text', 'Provider Details');\ncy.xpath('//div[@id=\"root\"]/div[2]/div[1]/div[2]/div[1]/div[1]/*[1]').scrollIntoView().should('be.visible').click();\ncy.wait(5000);",
              "err": {
                "message": "AssertionError: Timed out retrying after 15000ms: Expected to find element: `//div[6]/div[2]/div/div`, but never found it.",
                "estack": "AssertionError: Timed out retrying after 15000ms: Expected to find element: `//div[6]/div[2]/div/div`, but never found it.\n    at Context.eval (https://qa.rch.build-release.com/__cypress/tests?p=cypress\\e2e\\Admin_Testcases\\21_Paid.spec.js:163:41)",
                "diff": null
              },
              "uuid": "1cf4a035-f60e-4af3-bc66-1e01b5481b8d",
              "parentUUID": "483c43cd-8eb6-4e99-ba05-11d3c1e86cce",
              "isHook": false,
              "skipped": false
            },
            {
              "title": "As a Admin the user can chat with provider by clicking on chat icon against the provider",
              "fullTitle": "Paid Appointment Details Test cases As a Admin the user can chat with provider by clicking on chat icon against the provider",
              "timedOut": null,
              "duration": 15478,
              "state": "failed",
              "speed": null,
              "pass": false,
              "fail": true,
              "pending": false,
              "context": null,
              "code": "cy.xpath('//div[6]/div[2]/div/div/div[2]/img').should('be.visible').click();\ncy.wait(5000);\ncy.url().should('contain', '/chat');\ncy.xpath('//div[2]/div[1]/div[2]/div[1]/div[1]').should('be.visible').should('have.text', 'Chat');\ncy.xpath('//div[2]/div[1]/div[2]/div[1]/*[1]').should('be.visible').click();\ncy.wait(5000);",
              "err": {
                "message": "AssertionError: Timed out retrying after 15000ms: Expected to find element: `//div[6]/div[2]/div/div/div[2]/img`, but never found it.",
                "estack": "AssertionError: Timed out retrying after 15000ms: Expected to find element: `//div[6]/div[2]/div/div/div[2]/img`, but never found it.\n    at Context.eval (https://qa.rch.build-release.com/__cypress/tests?p=cypress\\e2e\\Admin_Testcases\\21_Paid.spec.js:171:52)",
                "diff": null
              },
              "uuid": "28a771f2-558c-4a49-8946-302aa9a3ef03",
              "parentUUID": "483c43cd-8eb6-4e99-ba05-11d3c1e86cce",
              "isHook": false,
              "skipped": false
            },
            {
              "title": "As a Admin the user can add reports by clicking on the Add Report button",
              "fullTitle": "Paid Appointment Details Test cases As a Admin the user can add reports by clicking on the Add Report button",
              "timedOut": null,
              "duration": 15506,
              "state": "failed",
              "speed": null,
              "pass": false,
              "fail": true,
              "pending": false,
              "context": null,
              "code": "cy.xpath('//button[@textid=\"admin.appointment.add.report\"]').should('be.visible').should('have.text', 'Add Report').click();\ncy.wait(3000);\ncy.xpath('//div[4]/div[1]/div[1]/div[1]/div[1]/div[1]').should('be.visible').should('have.text', 'Add Report');\ncy.get('.hidden:nth-child(1)>div:nth-child(1)>svg').should('be.visible');\ncy.xpath('//div[1]/div[2]/form/div[1]/div[1]').should('be.visible').should('have.text', 'Select Patient');\ncy.xpath('//div[1]/div[2]/form/div[1]/div[2]').should('be.visible').click();\ncy.wait(3000);\ncy.get('.css-1n7v3ny-option').should('be.visible').click();\ncy.xpath('//div[1]/div[2]/form/div[2]/label').should('be.visible').should('have.text', 'Report Name');\ncy.xpath('//div[1]/div[2]/form/div[2]/div').should('be.visible').type('Report');\ncy.xpath('//div[1]/div[2]/form/div[3]/input').attachFile('file.pdf');\ncy.wait(10000);\ncy.xpath('//div[1]/div[2]/form/div[4]/button').should('be.visible').should('have.text', 'Submit').click();\ncy.wait(3000);\ncy.contains('Report Added successfully');",
              "err": {
                "message": "AssertionError: Timed out retrying after 15000ms: Expected to find element: `//button[@textid=\"admin.appointment.add.report\"]`, but never found it.",
                "estack": "AssertionError: Timed out retrying after 15000ms: Expected to find element: `//button[@textid=\"admin.appointment.add.report\"]`, but never found it.\n    at Context.eval (https://qa.rch.build-release.com/__cypress/tests?p=cypress\\e2e\\Admin_Testcases\\21_Paid.spec.js:179:66)",
                "diff": null
              },
              "uuid": "7dcf24ee-64c6-4053-9a30-ab6b56542e32",
              "parentUUID": "483c43cd-8eb6-4e99-ba05-11d3c1e86cce",
              "isHook": false,
              "skipped": false
            },
            {
              "title": "As a Admin the user can download the invoice by clicking \"Download Invoice\" button",
              "fullTitle": "Paid Appointment Details Test cases As a Admin the user can download the invoice by clicking \"Download Invoice\" button",
              "timedOut": null,
              "duration": 15513,
              "state": "failed",
              "speed": null,
              "pass": false,
              "fail": true,
              "pending": false,
              "context": null,
              "code": "cy.xpath('//button[@textid=\"download.invoice\"]').should('be.visible').should('have.text', 'Download Invoice').click();\ncy.xpath('//div[1]/a/div/div[2]/div').should('be.visible').should('have.text', 'View Results').click();\ncy.logout();",
              "err": {
                "message": "AssertionError: Timed out retrying after 15000ms: Expected to find element: `//button[@textid=\"download.invoice\"]`, but never found it.",
                "estack": "AssertionError: Timed out retrying after 15000ms: Expected to find element: `//button[@textid=\"download.invoice\"]`, but never found it.\n    at Context.eval (https://qa.rch.build-release.com/__cypress/tests?p=cypress\\e2e\\Admin_Testcases\\21_Paid.spec.js:196:54)",
                "diff": null
              },
              "uuid": "fd463f11-863e-43c0-ad94-0646b40d061e",
              "parentUUID": "483c43cd-8eb6-4e99-ba05-11d3c1e86cce",
              "isHook": false,
              "skipped": false
            }
          ],
          "suites": [],
          "passes": [],
          "failures": [
            "2e8a3663-d6c7-416e-9920-88f4ce42e8b3",
            "f9ff5b0c-9aa6-4daf-9c94-3b8c9dffc58e",
            "a2ebb56d-c55a-400f-8098-ae8533b87c86",
            "0b8a90e2-fc77-4bf8-b3cc-7565b2764640",
            "28f412e0-f4f8-4903-829b-892e16fae4ed",
            "ea550ea8-63c4-484d-9f9a-24a7caf698b1",
            "c0406a11-2446-499b-af77-d31f00e0643f",
            "ea1347e6-01a9-41df-b8b4-bb71520fc1e1",
            "1cf4a035-f60e-4af3-bc66-1e01b5481b8d",
            "28a771f2-558c-4a49-8946-302aa9a3ef03",
            "7dcf24ee-64c6-4053-9a30-ab6b56542e32",
            "fd463f11-863e-43c0-ad94-0646b40d061e"
          ],
          "pending": [],
          "skipped": [],
          "duration": 200350,
          "root": false,
          "rootEmpty": false,
          "_timeout": 2000
        }
      ],
      "passes": [],
      "failures": [],
      "pending": [],
      "skipped": [],
      "duration": 0,
      "root": true,
      "rootEmpty": true,
      "_timeout": 2000
    }
  ],
  "meta": {
    "mocha": {
      "version": "7.0.1"
    },
    "mochawesome": {
      "options": {
        "quiet": false,
        "reportFilename": "report",
        "saveHtml": true,
        "saveJson": true,
        "consoleReporter": "spec",
        "useInlineDiffs": false,
        "code": true
      },
      "version": "7.0.1"
    },
    "marge": {
      "options": {
        "reportDir": "cypress/reports",
        "reportFilename": "report",
        "overwrite": false,
        "html": true,
        "json": true,
        "charts": true
      },
      "version": "6.0.1"
    }
  }
}