{
  "stats": {
    "suites": 1,
    "tests": 8,
    "passes": 0,
    "pending": 0,
    "failures": 8,
    "start": "2021-12-29T07:26:59.098Z",
    "end": "2021-12-29T07:30:32.240Z",
    "duration": 213142,
    "testsRegistered": 8,
    "passPercent": 0,
    "pendingPercent": 0,
    "other": 0,
    "hasOther": false,
    "skipped": 0,
    "hasSkipped": false
  },
  "results": [
    {
      "uuid": "0df59a79-b81c-482a-883a-41845fb4a0e9",
      "title": "",
      "fullFile": "cypress/integration/Admin_Testcases/12_PatientChat.spec.js",
      "file": "cypress/integration/Admin_Testcases/12_PatientChat.spec.js",
      "beforeHooks": [],
      "afterHooks": [],
      "tests": [],
      "suites": [
        {
          "uuid": "f92d0e66-0e95-4c73-a560-e5e857d7708c",
          "title": "Patient Chat module testcases",
          "fullFile": "",
          "file": "",
          "beforeHooks": [],
          "afterHooks": [],
          "tests": [
            {
              "title": "As a Admin the user should be navigated to the patient chat page of any patient by clicking on chats icon against that particular patient",
              "fullTitle": "Patient Chat module testcases As a Admin the user should be navigated to the patient chat page of any patient by clicking on chats icon against that particular patient",
              "timedOut": null,
              "duration": 96592,
              "state": "failed",
              "speed": null,
              "pass": false,
              "fail": true,
              "pending": false,
              "context": null,
              "code": "cy.login(cred.email, cred.password);\ncy.url().should('contain', '/patients');\ncy.get('.bg-white > .w-full').should('be.visible').type('pawankumar@yopmail.com');\ncy.wait(2000);\ncy.get('tr:nth-child(1) > td:nth-child(7) > div > div > svg > path').scrollIntoView().click({\n  force: true\n});\ncy.url().should('contain', '/chat');",
              "err": {
                "message": "AssertionError: Timed out retrying after 15000ms: Expected to find element: `//input[@name='email']`, but never found it.",
                "estack": "AssertionError: Timed out retrying after 15000ms: Expected to find element: `//input[@name='email']`, but never found it.\n    at Context.eval (https://staging.rch.build-release.com/__cypress/tests?p=cypress\\support\\index.js:251:6)",
                "diff": null
              },
              "uuid": "eaf9c777-9c36-440c-a080-86774461fe41",
              "parentUUID": "f92d0e66-0e95-4c73-a560-e5e857d7708c",
              "isHook": false,
              "skipped": false
            },
            {
              "title": "At \"Chats\" page each label and field should have proper label and validations",
              "fullTitle": "Patient Chat module testcases At \"Chats\" page each label and field should have proper label and validations",
              "timedOut": null,
              "duration": 15179,
              "state": "failed",
              "speed": null,
              "pass": false,
              "fail": true,
              "pending": false,
              "context": null,
              "code": "cy.get('.font-bold').should('be.visible').should('have.text', 'Chat');\ncy.get('.flex-wrap > .h-6').should('be.visible');\ncy.get('.rounded-3xl').should('be.visible');\ncy.get('.w-full > .cursor-pointer').should('be.visible');",
              "err": {
                "message": "AssertionError: Timed out retrying after 15000ms: Expected to find element: `.font-bold`, but never found it.",
                "estack": "AssertionError: Timed out retrying after 15000ms: Expected to find element: `.font-bold`, but never found it.\n    at Context.eval (https://staging.rch.build-release.com/__cypress/tests?p=cypress\\integration\\Admin_Testcases\\12_PatientChat.spec.js:147:26)",
                "diff": null
              },
              "uuid": "9afe368f-f1d3-4caf-8247-ab4faede2346",
              "parentUUID": "f92d0e66-0e95-4c73-a560-e5e857d7708c",
              "isHook": false,
              "skipped": false
            },
            {
              "title": "The user should able to see all the chats between the Admin and patients",
              "fullTitle": "Patient Chat module testcases The user should able to see all the chats between the Admin and patients",
              "timedOut": null,
              "duration": 15191,
              "state": "failed",
              "speed": null,
              "pass": false,
              "fail": true,
              "pending": false,
              "context": null,
              "code": "cy.get('div:nth-child(1) > div > div > div > div.p-3.rounded-lg.relative.bg-lightChatGray').scrollIntoView().should('be.visible').should('contain', 'hi');\ncy.get('div.pb-6 > div > div > div > a > div').scrollIntoView().should('be.visible');",
              "err": {
                "message": "AssertionError: Timed out retrying after 15000ms: Expected to find element: `div:nth-child(1) > div > div > div > div.p-3.rounded-lg.relative.bg-lightChatGray`, but never found it.",
                "estack": "AssertionError: Timed out retrying after 15000ms: Expected to find element: `div:nth-child(1) > div > div > div > div.p-3.rounded-lg.relative.bg-lightChatGray`, but never found it.\n    at Context.eval (https://staging.rch.build-release.com/__cypress/tests?p=cypress\\integration\\Admin_Testcases\\12_PatientChat.spec.js:153:8)",
                "diff": null
              },
              "uuid": "61c380a7-3e26-4828-a26a-a997805a982c",
              "parentUUID": "f92d0e66-0e95-4c73-a560-e5e857d7708c",
              "isHook": false,
              "skipped": false
            },
            {
              "title": "As a Admin the user should able to send message to the patients",
              "fullTitle": "Patient Chat module testcases As a Admin the user should able to send message to the patients",
              "timedOut": null,
              "duration": 15184,
              "state": "failed",
              "speed": null,
              "pass": false,
              "fail": true,
              "pending": false,
              "context": null,
              "code": "cy.get('.w-full > .bg-white').should('be.visible').type('hi');\ncy.wait(2000);\ncy.get('.w-full > .cursor-pointer').should('be.visible').click();\ncy.wait(3000);",
              "err": {
                "message": "AssertionError: Timed out retrying after 15000ms: Expected to find element: `.w-full > .bg-white`, but never found it.",
                "estack": "AssertionError: Timed out retrying after 15000ms: Expected to find element: `.w-full > .bg-white`, but never found it.\n    at Context.eval (https://staging.rch.build-release.com/__cypress/tests?p=cypress\\integration\\Admin_Testcases\\12_PatientChat.spec.js:157:35)",
                "diff": null
              },
              "uuid": "5434311b-dc3a-4531-bae7-f245271a045a",
              "parentUUID": "f92d0e66-0e95-4c73-a560-e5e857d7708c",
              "isHook": false,
              "skipped": false
            },
            {
              "title": "The message sent by Admin should be received by the Patients",
              "fullTitle": "Patient Chat module testcases The message sent by Admin should be received by the Patients",
              "timedOut": null,
              "duration": 15251,
              "state": "failed",
              "speed": null,
              "pass": false,
              "fail": true,
              "pending": false,
              "context": null,
              "code": "cy.get('div.pb-6 > div > div > div > div.p-3.rounded-lg.relative.bg-primary.text-white').should('be.visible').should('contain', 'hi');",
              "err": {
                "message": "AssertionError: Timed out retrying after 15000ms: Expected to find element: `div.pb-6 > div > div > div > div.p-3.rounded-lg.relative.bg-primary.text-white`, but never found it.",
                "estack": "AssertionError: Timed out retrying after 15000ms: Expected to find element: `div.pb-6 > div > div > div > div.p-3.rounded-lg.relative.bg-primary.text-white`, but never found it.\n    at Context.eval (https://staging.rch.build-release.com/__cypress/tests?p=cypress\\integration\\Admin_Testcases\\12_PatientChat.spec.js:163:94)",
                "diff": null
              },
              "uuid": "523c0c56-6ef1-4865-aff3-5eb7adee0eb9",
              "parentUUID": "f92d0e66-0e95-4c73-a560-e5e857d7708c",
              "isHook": false,
              "skipped": false
            },
            {
              "title": "As a Admin the user can able to send the documents and images by clicking on attachments icon",
              "fullTitle": "Patient Chat module testcases As a Admin the user can able to send the documents and images by clicking on attachments icon",
              "timedOut": null,
              "duration": 15173,
              "state": "failed",
              "speed": null,
              "pass": false,
              "fail": true,
              "pending": false,
              "context": null,
              "code": "cy.get('.opacity-0').attachFile('faf.jpg');\ncy.wait(2000);\ncy.get('.w-60 > img').should('be.visible');\ncy.get('.opacity-0').attachFile('file.pdf');\ncy.wait(2000);\ncy.get('.w-60 > :nth-child(1) > img').should('be.visible');",
              "err": {
                "message": "AssertionError: Timed out retrying after 15000ms: Expected to find element: `.opacity-0`, but never found it.",
                "estack": "AssertionError: Timed out retrying after 15000ms: Expected to find element: `.opacity-0`, but never found it.\n    at Context.eval (https://staging.rch.build-release.com/__cypress/tests?p=cypress\\integration\\Admin_Testcases\\12_PatientChat.spec.js:166:8)",
                "diff": null
              },
              "uuid": "8e0865cf-710b-4a68-a63e-9873dc7e2bc2",
              "parentUUID": "f92d0e66-0e95-4c73-a560-e5e857d7708c",
              "isHook": false,
              "skipped": false
            },
            {
              "title": "The Admin can see the full length image on a separate window by clicking on that particular image",
              "fullTitle": "Patient Chat module testcases The Admin can see the full length image on a separate window by clicking on that particular image",
              "timedOut": null,
              "duration": 15205,
              "state": "failed",
              "speed": null,
              "pass": false,
              "fail": true,
              "pending": false,
              "context": null,
              "code": "cy.get('div:nth-child(14) > div > div > div > a > div').scrollIntoView().should('be.visible').click();\ncy.wait(3000);",
              "err": {
                "message": "AssertionError: Timed out retrying after 15000ms: Expected to find element: `div:nth-child(14) > div > div > div > a > div`, but never found it.",
                "estack": "AssertionError: Timed out retrying after 15000ms: Expected to find element: `div:nth-child(14) > div > div > div > a > div`, but never found it.\n    at Context.eval (https://staging.rch.build-release.com/__cypress/tests?p=cypress\\integration\\Admin_Testcases\\12_PatientChat.spec.js:174:8)",
                "diff": null
              },
              "uuid": "95d855d7-1127-49f4-8c68-6a840fbe0158",
              "parentUUID": "f92d0e66-0e95-4c73-a560-e5e857d7708c",
              "isHook": false,
              "skipped": false
            },
            {
              "title": "The Admin can open the document in a separate window by clicking on the particular document",
              "fullTitle": "Patient Chat module testcases The Admin can open the document in a separate window by clicking on the particular document",
              "timedOut": null,
              "duration": 15237,
              "state": "failed",
              "speed": null,
              "pass": false,
              "fail": true,
              "pending": false,
              "context": null,
              "code": "cy.get('#chatList > div.pb-6 > div > div > div > a > div').scrollIntoView().should('be.visible').click();\ncy.wait(3000);\ncy.logout();",
              "err": {
                "message": "AssertionError: Timed out retrying after 15000ms: Expected to find element: `#chatList > div.pb-6 > div > div > div > a > div`, but never found it.",
                "estack": "AssertionError: Timed out retrying after 15000ms: Expected to find element: `#chatList > div.pb-6 > div > div > div > a > div`, but never found it.\n    at Context.eval (https://staging.rch.build-release.com/__cypress/tests?p=cypress\\integration\\Admin_Testcases\\12_PatientChat.spec.js:178:8)",
                "diff": null
              },
              "uuid": "12b50ab4-eb4e-4f6d-b65a-f28cfecb97d0",
              "parentUUID": "f92d0e66-0e95-4c73-a560-e5e857d7708c",
              "isHook": false,
              "skipped": false
            }
          ],
          "suites": [],
          "passes": [],
          "failures": [
            "eaf9c777-9c36-440c-a080-86774461fe41",
            "9afe368f-f1d3-4caf-8247-ab4faede2346",
            "61c380a7-3e26-4828-a26a-a997805a982c",
            "5434311b-dc3a-4531-bae7-f245271a045a",
            "523c0c56-6ef1-4865-aff3-5eb7adee0eb9",
            "8e0865cf-710b-4a68-a63e-9873dc7e2bc2",
            "95d855d7-1127-49f4-8c68-6a840fbe0158",
            "12b50ab4-eb4e-4f6d-b65a-f28cfecb97d0"
          ],
          "pending": [],
          "skipped": [],
          "duration": 203012,
          "root": false,
          "rootEmpty": false,
          "_timeout": 2000
        }
      ],
      "passes": [],
      "failures": [],
      "pending": [],
      "skipped": [],
      "duration": 0,
      "root": true,
      "rootEmpty": true,
      "_timeout": 2000
    }
  ],
  "meta": {
    "mocha": {
      "version": "7.0.1"
    },
    "mochawesome": {
      "options": {
        "quiet": false,
        "reportFilename": "report",
        "saveHtml": true,
        "saveJson": true,
        "consoleReporter": "spec",
        "useInlineDiffs": false,
        "code": true
      },
      "version": "7.0.1"
    },
    "marge": {
      "options": {
        "reportDir": "cypress/reports",
        "reportFilename": "report",
        "overwrite": false,
        "html": true,
        "json": true,
        "charts": true
      },
      "version": "6.0.1"
    }
  }
}