{
  "stats": {
    "suites": 1,
    "tests": 10,
    "passes": 9,
    "pending": 0,
    "failures": 1,
    "start": "2022-02-09T12:44:07.265Z",
    "end": "2022-02-09T12:45:17.032Z",
    "duration": 69767,
    "testsRegistered": 10,
    "passPercent": 90,
    "pendingPercent": 0,
    "other": 0,
    "hasOther": false,
    "skipped": 0,
    "hasSkipped": false
  },
  "results": [
    {
      "uuid": "27eb34d5-41c8-4cc0-b765-9a778c143a89",
      "title": "",
      "fullFile": "cypress/integration/Admin_Testcases/20_AwaitingPayment.spec.js",
      "file": "cypress/integration/Admin_Testcases/20_AwaitingPayment.spec.js",
      "beforeHooks": [],
      "afterHooks": [],
      "tests": [],
      "suites": [
        {
          "uuid": "75d6c121-b6a4-4f70-aa45-4a4e1efb201a",
          "title": "Awaiting Payment Appointment Details Test cases",
          "fullFile": "",
          "file": "",
          "beforeHooks": [],
          "afterHooks": [],
          "tests": [
            {
              "title": "As a Admin the user should be navigated to the Appointment Details page of Awaiting Payment appointment by clicking on the eye icon against that particular appointment",
              "fullTitle": "Awaiting Payment Appointment Details Test cases As a Admin the user should be navigated to the Appointment Details page of Awaiting Payment appointment by clicking on the eye icon against that particular appointment",
              "timedOut": null,
              "duration": 27794,
              "state": "passed",
              "speed": "slow",
              "pass": true,
              "fail": false,
              "pending": false,
              "context": null,
              "code": "cy.login();\ncy.url().should('contain', '/dashboard');\ncy.get('.space-y-4 > :nth-child(4)').should('be.visible').should('have.text', 'Appointments').click();\ncy.url().should('contain', '/appointments');\ncy.get('.-mx-4>div:nth-child(2)>div:nth-child(2)>div:nth-child(3)').should('be.visible').should('have.text', 'Add Filter').click();\ncy.get('.py-1:nth-child(2)>div:nth-child(6)').should('be.visible').should('have.text', 'awaiting payment').click();\ncy.wait(3000);\ncy.get('tbody>tr:nth-child(1)>td:nth-child(7)>div>svg').scrollIntoView().should('be.visible').click();\ncy.get('.min-h-screen:nth-child(1)>div:nth-child(2)>div:nth-child(2)>div:nth-child(3)>div:nth-child(2)>span').should('be.visible').should('contain', 'awaiting payment');",
              "err": {},
              "uuid": "0fb54e39-bfc8-4c79-b1f7-53f3349958e9",
              "parentUUID": "75d6c121-b6a4-4f70-aa45-4a4e1efb201a",
              "isHook": false,
              "skipped": false
            },
            {
              "title": "At \"Appointment details\" page each label and field should have proper label and validations",
              "fullTitle": "Awaiting Payment Appointment Details Test cases At \"Appointment details\" page each label and field should have proper label and validations",
              "timedOut": null,
              "duration": 15924,
              "state": "failed",
              "speed": null,
              "pass": false,
              "fail": true,
              "pending": false,
              "context": null,
              "code": "cy.get('.space-x-4 > .font-semibold').should('be.visible').should('have.text', 'Appointment Details');\ncy.get('.w-7').should('be.visible');\ncy.get('.border-b.py-3 > .text-primary').should('be.visible');\ncy.get('.min-h-screen:nth-child(1)>div:nth-child(2)>div:nth-child(2)>div:nth-child(1)>div').should('be.visible').should('have.text', 'Appointment ID');\ncy.get('.min-h-screen:nth-child(1)>div:nth-child(2)>div:nth-child(2)>div:nth-child(2)>div').should('be.visible').should('have.text', 'Requested For');\ncy.get('.min-h-screen:nth-child(1)>div:nth-child(2)>div:nth-child(2)>div:nth-child(3)>div:nth-child(1)').should('be.visible').should('have.text', 'Status');\ncy.get('.min-h-screen:nth-child(1)>div:nth-child(2)>div:nth-child(3)>div:nth-child(1)>div').should('be.visible').should('have.text', 'Scheduled On');\ncy.get('.min-h-screen:nth-child(1)>div:nth-child(2)>div:nth-child(4)>div:nth-child(1)').should('be.visible').should('have.text', 'Patients');\ncy.get('.min-h-screen:nth-child(1)>div:nth-child(2)>div:nth-child(5)>div:nth-child(1)').should('be.visible').should('have.text', 'Services Requested');\ncy.get('.min-h-screen:nth-child(1)>div:nth-child(2)>div:nth-child(6)>div:nth-child(1)').should('be.visible').should('have.text', 'Provider Details');\ncy.get('.min-h-screen:nth-child(1)>div:nth-child(2)>div:nth-child(7)>div:nth-child(1)').should('be.visible').should('have.text', 'Payment Details');\ncy.get('.py-4:nth-child(6)>div:nth-child(2)>div:nth-child(1)').should('be.visible');\ncy.get('.py-4:nth-child(6)>div:nth-child(2)>div:nth-child(2)').should('be.visible').should('contain', 'Chat between Patient and Provider');\ncy.get('.min-h-screen:nth-child(1)>div:nth-child(2)>div:nth-child(7)>div:nth-child(2)>div:nth-child(3)>div:nth-child(1)').should('be.visible').should('have.text', 'Total Payable');",
              "err": {
                "message": "AssertionError: Timed out retrying after 15000ms: expected '<div.mr-2.text-gray-400>' to have text 'Total Payable', but the text was 'Travel Fee'",
                "estack": "AssertionError: Timed out retrying after 15000ms: expected '<div.mr-2.text-gray-400>' to have text 'Total Payable', but the text was 'Travel Fee'\n    at Context.eval (https://qa.rch.build-release.com/__cypress/tests?p=cypress\\integration\\Admin_Testcases\\20_AwaitingPayment.spec.js:139:148)",
                "diff": "- 'Travel Fee'\n+ 'Total Payable'\n"
              },
              "uuid": "0f795c3d-eeb2-4736-9a65-9e9d8b93ac5d",
              "parentUUID": "75d6c121-b6a4-4f70-aa45-4a4e1efb201a",
              "isHook": false,
              "skipped": false
            },
            {
              "title": "The unique appointment id should be displayed",
              "fullTitle": "Awaiting Payment Appointment Details Test cases The unique appointment id should be displayed",
              "timedOut": null,
              "duration": 102,
              "state": "passed",
              "speed": "slow",
              "pass": true,
              "fail": false,
              "pending": false,
              "context": null,
              "code": "cy.get('.min-h-screen:nth-child(1)>div:nth-child(2)>div:nth-child(2)>div:nth-child(1)>div').should('be.visible').should('have.text', 'Appointment ID');",
              "err": {},
              "uuid": "6e3c7ed7-de40-49c7-9957-a41c34625084",
              "parentUUID": "75d6c121-b6a4-4f70-aa45-4a4e1efb201a",
              "isHook": false,
              "skipped": false
            },
            {
              "title": "The date requested by the patient should be displayed",
              "fullTitle": "Awaiting Payment Appointment Details Test cases The date requested by the patient should be displayed",
              "timedOut": null,
              "duration": 144,
              "state": "passed",
              "speed": "slow",
              "pass": true,
              "fail": false,
              "pending": false,
              "context": null,
              "code": "cy.get('.min-h-screen:nth-child(1)>div:nth-child(2)>div:nth-child(2)>div:nth-child(2)>div').should('be.visible').should('have.text', 'Requested For');",
              "err": {},
              "uuid": "8e2bc816-f82c-4b45-9371-3c255a10bd70",
              "parentUUID": "75d6c121-b6a4-4f70-aa45-4a4e1efb201a",
              "isHook": false,
              "skipped": false
            },
            {
              "title": "As a Admin the user should be navigated to the medical history page of particular patient by clicking on the name card of that particular patient",
              "fullTitle": "Awaiting Payment Appointment Details Test cases As a Admin the user should be navigated to the medical history page of particular patient by clicking on the name card of that particular patient",
              "timedOut": null,
              "duration": 5179,
              "state": "passed",
              "speed": "slow",
              "pass": true,
              "fail": false,
              "pending": false,
              "context": null,
              "code": "cy.get('.min-h-screen:nth-child(1)>div:nth-child(2)>div:nth-child(4)>div:nth-child(2)>div>div>div:nth-child(1)>div').should('be.visible').click();\ncy.url().should('contain', '/medical_history');\ncy.get('.py-8 > .h-6').should('be.visible').click();",
              "err": {},
              "uuid": "18be0b9b-12f8-4204-bb7d-8a3bbc535dab",
              "parentUUID": "75d6c121-b6a4-4f70-aa45-4a4e1efb201a",
              "isHook": false,
              "skipped": false
            },
            {
              "title": "The list of services requested by the patient should be displayed",
              "fullTitle": "Awaiting Payment Appointment Details Test cases The list of services requested by the patient should be displayed",
              "timedOut": null,
              "duration": 617,
              "state": "passed",
              "speed": "slow",
              "pass": true,
              "fail": false,
              "pending": false,
              "context": null,
              "code": "cy.get('.min-h-screen:nth-child(1)>div:nth-child(2)>div:nth-child(5)>div:nth-child(1)').should('be.visible').should('have.text', 'Services Requested');",
              "err": {},
              "uuid": "1ea1e254-de13-4fa7-a877-5759132ba9e1",
              "parentUUID": "75d6c121-b6a4-4f70-aa45-4a4e1efb201a",
              "isHook": false,
              "skipped": false
            },
            {
              "title": "The Appointment scheduled date and time should be displayed",
              "fullTitle": "Awaiting Payment Appointment Details Test cases The Appointment scheduled date and time should be displayed",
              "timedOut": null,
              "duration": 5211,
              "state": "passed",
              "speed": "slow",
              "pass": true,
              "fail": false,
              "pending": false,
              "context": null,
              "code": "cy.get('.py-6:nth-child(3)>div>span').should('be.visible');\ncy.wait(5000);",
              "err": {},
              "uuid": "274920f8-a708-4527-b3d7-d3f53089d3c9",
              "parentUUID": "75d6c121-b6a4-4f70-aa45-4a4e1efb201a",
              "isHook": false,
              "skipped": false
            },
            {
              "title": "As a Admin the user should be navigated to the Profile details page of provider by clicking on name card of the provider",
              "fullTitle": "Awaiting Payment Appointment Details Test cases As a Admin the user should be navigated to the Profile details page of provider by clicking on name card of the provider",
              "timedOut": null,
              "duration": 2007,
              "state": "passed",
              "speed": "slow",
              "pass": true,
              "fail": false,
              "pending": false,
              "context": null,
              "code": "cy.get('.py-4:nth-child(6)>div:nth-child(2)>div:nth-child(1)').should('be.visible').click();\ncy.url().should('contain', '/providers');\ncy.get('.col-span-12 > div:nth-child(1) > div').should('be.visible');\ncy.get('.space-x-4.text-primary > svg').should('be.visible').click();",
              "err": {},
              "uuid": "fac52320-10d4-4eda-a371-bc7ae6fbfec6",
              "parentUUID": "75d6c121-b6a4-4f70-aa45-4a4e1efb201a",
              "isHook": false,
              "skipped": false
            },
            {
              "title": "As a Admin the user can chat with provider by clicking on chat icon against the provider",
              "fullTitle": "Awaiting Payment Appointment Details Test cases As a Admin the user can chat with provider by clicking on chat icon against the provider",
              "timedOut": null,
              "duration": 7174,
              "state": "passed",
              "speed": "slow",
              "pass": true,
              "fail": false,
              "pending": false,
              "context": null,
              "code": "cy.get('.py-4:nth-child(6)>div:nth-child(2)>div:nth-child(1)>div>div:nth-child(2)').should('be.visible').click();\ncy.url().should('contain', '/chat');\ncy.get('.space-x-4.text-primary > svg').should('be.visible').click();\ncy.wait(5000);",
              "err": {},
              "uuid": "188bb00c-261a-47f6-92f3-06cbc2c89ff3",
              "parentUUID": "75d6c121-b6a4-4f70-aa45-4a4e1efb201a",
              "isHook": false,
              "skipped": false
            },
            {
              "title": "As a Admin the user can view the chat between the patient and provider",
              "fullTitle": "Awaiting Payment Appointment Details Test cases As a Admin the user can view the chat between the patient and provider",
              "timedOut": null,
              "duration": 1028,
              "state": "passed",
              "speed": "slow",
              "pass": true,
              "fail": false,
              "pending": false,
              "context": null,
              "code": "cy.get('.py-4:nth-child(6)>div:nth-child(2)>div:nth-child(2)').should('be.visible').click();\ncy.url().should('contain', '/chat_view');\ncy.get('.pl-5 > div.font-semibold.capitalize').should('be.visible').should('have.text', 'Chat between Patient and Provider');\ncy.get('.min-h-screen>div>div:nth-child(2)>div>div:nth-child(1)>div:nth-child(1)>svg').should('be.visible').click();",
              "err": {},
              "uuid": "7962ca95-3be2-48d9-8348-d28313a00235",
              "parentUUID": "75d6c121-b6a4-4f70-aa45-4a4e1efb201a",
              "isHook": false,
              "skipped": false
            }
          ],
          "suites": [],
          "passes": [
            "0fb54e39-bfc8-4c79-b1f7-53f3349958e9",
            "6e3c7ed7-de40-49c7-9957-a41c34625084",
            "8e2bc816-f82c-4b45-9371-3c255a10bd70",
            "18be0b9b-12f8-4204-bb7d-8a3bbc535dab",
            "1ea1e254-de13-4fa7-a877-5759132ba9e1",
            "274920f8-a708-4527-b3d7-d3f53089d3c9",
            "fac52320-10d4-4eda-a371-bc7ae6fbfec6",
            "188bb00c-261a-47f6-92f3-06cbc2c89ff3",
            "7962ca95-3be2-48d9-8348-d28313a00235"
          ],
          "failures": [
            "0f795c3d-eeb2-4736-9a65-9e9d8b93ac5d"
          ],
          "pending": [],
          "skipped": [],
          "duration": 65180,
          "root": false,
          "rootEmpty": false,
          "_timeout": 2000
        }
      ],
      "passes": [],
      "failures": [],
      "pending": [],
      "skipped": [],
      "duration": 0,
      "root": true,
      "rootEmpty": true,
      "_timeout": 2000
    }
  ],
  "meta": {
    "mocha": {
      "version": "7.0.1"
    },
    "mochawesome": {
      "options": {
        "quiet": false,
        "reportFilename": "report",
        "saveHtml": true,
        "saveJson": true,
        "consoleReporter": "spec",
        "useInlineDiffs": false,
        "code": true
      },
      "version": "7.0.1"
    },
    "marge": {
      "options": {
        "reportDir": "cypress/reports",
        "reportFilename": "report",
        "overwrite": false,
        "html": true,
        "json": true,
        "charts": true
      },
      "version": "6.0.1"
    }
  }
}