{
  "stats": {
    "suites": 1,
    "tests": 13,
    "passes": 0,
    "pending": 0,
    "failures": 13,
    "start": "2022-08-25T06:22:58.508Z",
    "end": "2022-08-25T06:26:34.686Z",
    "duration": 216178,
    "testsRegistered": 13,
    "passPercent": 0,
    "pendingPercent": 0,
    "other": 0,
    "hasOther": false,
    "skipped": 0,
    "hasSkipped": false
  },
  "results": [
    {
      "uuid": "78a260f0-605e-4f0b-9de2-6427c86fb109",
      "title": "",
      "fullFile": "cypress\\e2e\\Admin_Testcases\\17_Awaiting_Time.spec.js",
      "file": "cypress\\e2e\\Admin_Testcases\\17_Awaiting_Time.spec.js",
      "beforeHooks": [],
      "afterHooks": [],
      "tests": [],
      "suites": [
        {
          "uuid": "b640acc1-1a51-41a8-b98c-412c8fb87bbb",
          "title": "Awaiting Time Appointment Details Test cases",
          "fullFile": "",
          "file": "",
          "beforeHooks": [],
          "afterHooks": [],
          "tests": [
            {
              "title": "As a Admin the user should be navigated to the Appointment Details page of \"Awaiting Time\" appointment by clicking on the eye icon against that appointment",
              "fullTitle": "Awaiting Time Appointment Details Test cases As a Admin the user should be navigated to the Appointment Details page of \"Awaiting Time\" appointment by clicking on the eye icon against that appointment",
              "timedOut": null,
              "duration": 22217,
              "state": "failed",
              "speed": null,
              "pass": false,
              "fail": true,
              "pending": false,
              "context": null,
              "code": "cy.login();\ncy.url().should('contain', '/dashboard');\ncy.xpath('//nav/div[2]/div[2]').should('be.visible').should('have.text', 'Patients').click();\ncy.url().should('contain', '/patients');\ncy.AddPatient();\ncy.readFile('cypress/fixtures/provider.json').then(provider => {\n  cy.xpath('//input[@type=\"search\"]').should('be.visible').type(provider.email.toLowerCase());\n  cy.xpath('//tr[1]/td[2]/div/p').should('be.visible').should('have.text', provider.email.toLowerCase());\n  cy.wait(4000);\n});\ncy.bookappointment();\ncy.xpath('//input[@type=\"search\"]').should('be.visible').clear();\ncy.wait(4000);\ncy.xpath('//nav/div[4]/div[2]').should('be.visible').should('have.text', 'Appointments').click();\ncy.url().should('contain', '/appointments');\ncy.xpath('//div[contains(text(),\"Ad\")]').should('be.visible').should('have.text', 'Add Filter').click();\ncy.wait(3000);\ncy.xpath('//div[contains(text(),\"pe\")]').should('be.visible').should('have.text', 'pending approval').click();\ncy.wait(4000);\ncy.xpath('//tr[1]/td[4]/div/p').should('be.visible').should('have.text', 'pending approval');\ncy.xpath('//tr[1]/td[8]/div[1]/*[1]').scrollIntoView().should('be.visible').click();\ncy.wait(4000);\ncy.xpath('//span[contains(text(),\"pendi\")]').should('be.visible').should('have.text', 'pending approval');\ncy.xpath('//div[contains(text(),\"Acc\")]').should('be.visible').should('have.text', 'Accept').click();\ncy.wait(5000);\ncy.xpath('//span[contains(text(),\"awa\")]').should('be.visible').should('have.text', 'awaiting time');",
              "err": {
                "message": "AssertionError: Timed out retrying after 15000ms: Expected to find element: `.max-w-xs > img`, but never found it.",
                "estack": "AssertionError: Timed out retrying after 15000ms: Expected to find element: `.max-w-xs > img`, but never found it.\n    at Context.eval (https://qa.rch.build-release.com/__cypress/tests?p=cypress\\support\\e2e.js:345:29)",
                "diff": null
              },
              "uuid": "711dbd48-7f70-4061-a1d6-9e6ccf781d11",
              "parentUUID": "b640acc1-1a51-41a8-b98c-412c8fb87bbb",
              "isHook": false,
              "skipped": false
            },
            {
              "title": "At \"Appointment details\" page each label and field should have proper label and validations",
              "fullTitle": "Awaiting Time Appointment Details Test cases At \"Appointment details\" page each label and field should have proper label and validations",
              "timedOut": null,
              "duration": 15384,
              "state": "failed",
              "speed": null,
              "pass": false,
              "fail": true,
              "pending": false,
              "context": null,
              "code": "cy.xpath('//div[contains(text(),\"Appointment D\")]').should('be.visible').should('have.text', 'Appointment Details');\ncy.xpath('//div[2]/div/div[4]/div[1]').should('be.visible');\ncy.xpath('//div[5]/div[1]/div[1]').should('be.visible');\ncy.xpath('//div[contains(text(),\"Appointment I\")]').should('have.text', 'Appointment ID');\ncy.xpath('//div[contains(text(),\"As\")]').should('be.visible').should('have.text', 'Assign Provider');\ncy.xpath('//div[contains(text(),\"Requested F\")]').should('be.visible').should('have.text', 'Requested For');\ncy.xpath('//div[contains(text(),\"St\")]').should('be.visible').should('have.text', 'Status');\ncy.xpath('//div[contains(text(),\"Service A\")]').should('be.visible').should('have.text', 'Service Address');\ncy.xpath('//div[5]/div[4]/div[1]').should('be.visible').should('have.text', 'Patients');\ncy.xpath('//div[contains(text(),\"Services R\")]').should('be.visible').should('have.text', 'Services Requested');\ncy.xpath('//button[@textid=\"cancel.appointment\"]').should('have.text', 'Cancel Appointment');",
              "err": {
                "message": "AssertionError: Timed out retrying after 15000ms: Expected to find element: `//div[contains(text(),\"Appointment D\")]`, but never found it.",
                "estack": "AssertionError: Timed out retrying after 15000ms: Expected to find element: `//div[contains(text(),\"Appointment D\")]`, but never found it.\n    at Context.eval (https://qa.rch.build-release.com/__cypress/tests?p=cypress\\e2e\\Admin_Testcases\\17_Awaiting_Time.spec.js:132:57)",
                "diff": null
              },
              "uuid": "5954c35b-deb4-4c15-884b-87b65cd37c38",
              "parentUUID": "b640acc1-1a51-41a8-b98c-412c8fb87bbb",
              "isHook": false,
              "skipped": false
            },
            {
              "title": "The unique appointment id should be displayed",
              "fullTitle": "Awaiting Time Appointment Details Test cases The unique appointment id should be displayed",
              "timedOut": null,
              "duration": 15382,
              "state": "failed",
              "speed": null,
              "pass": false,
              "fail": true,
              "pending": false,
              "context": null,
              "code": "cy.xpath('//div[contains(text(),\"Appointment I\")]').should('have.text', 'Appointment ID');",
              "err": {
                "message": "AssertionError: Timed out retrying after 15000ms: Expected to find element: `//div[contains(text(),\"Appointment I\")]`, but never found it.",
                "estack": "AssertionError: Timed out retrying after 15000ms: Expected to find element: `//div[contains(text(),\"Appointment I\")]`, but never found it.\n    at Context.eval (https://qa.rch.build-release.com/__cypress/tests?p=cypress\\e2e\\Admin_Testcases\\17_Awaiting_Time.spec.js:145:57)",
                "diff": null
              },
              "uuid": "ee0b496d-618e-4301-b5de-7150762ab418",
              "parentUUID": "b640acc1-1a51-41a8-b98c-412c8fb87bbb",
              "isHook": false,
              "skipped": false
            },
            {
              "title": "The date requested by the patient should be displayed",
              "fullTitle": "Awaiting Time Appointment Details Test cases The date requested by the patient should be displayed",
              "timedOut": null,
              "duration": 15525,
              "state": "failed",
              "speed": null,
              "pass": false,
              "fail": true,
              "pending": false,
              "context": null,
              "code": "cy.xpath('//div[contains(text(),\"Requested F\")]').should('be.visible').should('have.text', 'Requested For');",
              "err": {
                "message": "AssertionError: Timed out retrying after 15000ms: Expected to find element: `//div[contains(text(),\"Requested F\")]`, but never found it.",
                "estack": "AssertionError: Timed out retrying after 15000ms: Expected to find element: `//div[contains(text(),\"Requested F\")]`, but never found it.\n    at Context.eval (https://qa.rch.build-release.com/__cypress/tests?p=cypress\\e2e\\Admin_Testcases\\17_Awaiting_Time.spec.js:148:55)",
                "diff": null
              },
              "uuid": "14aa50ab-3d12-4668-8b46-35da5ed933bd",
              "parentUUID": "b640acc1-1a51-41a8-b98c-412c8fb87bbb",
              "isHook": false,
              "skipped": false
            },
            {
              "title": "The Service Address where the patient requested the service should be displayed",
              "fullTitle": "Awaiting Time Appointment Details Test cases The Service Address where the patient requested the service should be displayed",
              "timedOut": null,
              "duration": 15625,
              "state": "failed",
              "speed": null,
              "pass": false,
              "fail": true,
              "pending": false,
              "context": null,
              "code": "cy.xpath('//div[contains(text(),\"Service A\")]').should('be.visible').should('have.text', 'Service Address');",
              "err": {
                "message": "AssertionError: Timed out retrying after 15000ms: Expected to find element: `//div[contains(text(),\"Service A\")]`, but never found it.",
                "estack": "AssertionError: Timed out retrying after 15000ms: Expected to find element: `//div[contains(text(),\"Service A\")]`, but never found it.\n    at Context.eval (https://qa.rch.build-release.com/__cypress/tests?p=cypress\\e2e\\Admin_Testcases\\17_Awaiting_Time.spec.js:151:53)",
                "diff": null
              },
              "uuid": "bfe8403e-a502-4e07-9b85-04bb3bee6168",
              "parentUUID": "b640acc1-1a51-41a8-b98c-412c8fb87bbb",
              "isHook": false,
              "skipped": false
            },
            {
              "title": "As a Admin the user should be navigated to the medical history page of particular patient by clicking on the name card of that particular patient",
              "fullTitle": "Awaiting Time Appointment Details Test cases As a Admin the user should be navigated to the medical history page of particular patient by clicking on the name card of that particular patient",
              "timedOut": null,
              "duration": 15475,
              "state": "failed",
              "speed": null,
              "pass": false,
              "fail": true,
              "pending": false,
              "context": null,
              "code": "cy.xpath('//div[4]/div[2]/div[1]/div[1]/div[1]/div[1]/*[2]').should('be.visible').click();\ncy.wait(4000);\ncy.url().should('contain', '/medical_history');\ncy.xpath('//div[2]/div/nav/div[1]/div').should('be.visible').should('have.text', 'Medical History');\ncy.get('.h-6 > path').scrollIntoView().should('be.visible').click();\ncy.wait(4000);\ncy.url().should('contain', '/appointments');",
              "err": {
                "message": "AssertionError: Timed out retrying after 15000ms: Expected to find element: `//div[4]/div[2]/div[1]/div[1]/div[1]/div[1]/*[2]`, but never found it.",
                "estack": "AssertionError: Timed out retrying after 15000ms: Expected to find element: `//div[4]/div[2]/div[1]/div[1]/div[1]/div[1]/*[2]`, but never found it.\n    at Context.eval (https://qa.rch.build-release.com/__cypress/tests?p=cypress\\e2e\\Admin_Testcases\\17_Awaiting_Time.spec.js:154:66)",
                "diff": null
              },
              "uuid": "15562912-35c0-40d8-be1f-263be98ab399",
              "parentUUID": "b640acc1-1a51-41a8-b98c-412c8fb87bbb",
              "isHook": false,
              "skipped": false
            },
            {
              "title": "The list of services requested by the patient should be displayed",
              "fullTitle": "Awaiting Time Appointment Details Test cases The list of services requested by the patient should be displayed",
              "timedOut": null,
              "duration": 15451,
              "state": "failed",
              "speed": null,
              "pass": false,
              "fail": true,
              "pending": false,
              "context": null,
              "code": "cy.xpath('//div[contains(text(),\"Services R\")]').should('be.visible').should('have.text', 'Services Requested');",
              "err": {
                "message": "AssertionError: Timed out retrying after 15000ms: Expected to find element: `//div[contains(text(),\"Services R\")]`, but never found it.",
                "estack": "AssertionError: Timed out retrying after 15000ms: Expected to find element: `//div[contains(text(),\"Services R\")]`, but never found it.\n    at Context.eval (https://qa.rch.build-release.com/__cypress/tests?p=cypress\\e2e\\Admin_Testcases\\17_Awaiting_Time.spec.js:163:54)",
                "diff": null
              },
              "uuid": "59b72ff2-5ff7-4e2a-aa3f-f6e722ebba41",
              "parentUUID": "b640acc1-1a51-41a8-b98c-412c8fb87bbb",
              "isHook": false,
              "skipped": false
            },
            {
              "title": "As a Admin the user can Add \"Comment for Provider\" By clicking on the \"Edit\" icon against it.",
              "fullTitle": "Awaiting Time Appointment Details Test cases As a Admin the user can Add \"Comment for Provider\" By clicking on the \"Edit\" icon against it.",
              "timedOut": null,
              "duration": 15516,
              "state": "failed",
              "speed": null,
              "pass": false,
              "fail": true,
              "pending": false,
              "context": null,
              "code": "cy.xpath('//div[contains(text(),\"Comment for Provider\")]').should('be.visible').should('contain', 'Comment for Provider');\ncy.get('div.flex.items-center.justify-between> svg').should('be.visible').click();\ncy.xpath('//div[@class=\"mt-1.5 relative\"]/textarea').should('be.visible').clear().type('test1');\ncy.xpath('//div[@class=\"mt-1.5 relative\"]/div/button[2]').should('be.visible').should('have.text', 'Cancel');\ncy.xpath('//div[contains(text(),\"Edit\")]').should('be.visible').should('have.text', 'Edit').click();\ncy.wait(5000);\ncy.xpath('//div[contains(text(),\"test1\")]').should('be.visible').should('have.text', 'test1');\ncy.get('div.flex.items-center.justify-between> svg').should('be.visible').click();\ncy.xpath('//div[@class=\"mt-1.5 relative\"]/textarea').should('be.visible').clear().type('Sample1');\ncy.xpath('//div[contains(text(),\"Edit\")]').should('be.visible').should('have.text', 'Edit').click();\ncy.wait(5000);\ncy.xpath('//div[contains(text(),\"Sample1\")]').should('be.visible').should('have.text', 'Sample1');",
              "err": {
                "message": "AssertionError: Timed out retrying after 15000ms: Expected to find element: `//div[contains(text(),\"Comment for Provider\")]`, but never found it.",
                "estack": "AssertionError: Timed out retrying after 15000ms: Expected to find element: `//div[contains(text(),\"Comment for Provider\")]`, but never found it.\n    at Context.eval (https://qa.rch.build-release.com/__cypress/tests?p=cypress\\e2e\\Admin_Testcases\\17_Awaiting_Time.spec.js:166:64)",
                "diff": null
              },
              "uuid": "f638842e-b7a4-4fba-bb61-66b9e8dc4f18",
              "parentUUID": "b640acc1-1a51-41a8-b98c-412c8fb87bbb",
              "isHook": false,
              "skipped": false
            },
            {
              "title": "As a Admin the user can assign a provider to the Appointment By clicking on the \"Assign Provider\" button",
              "fullTitle": "Awaiting Time Appointment Details Test cases As a Admin the user can assign a provider to the Appointment By clicking on the \"Assign Provider\" button",
              "timedOut": null,
              "duration": 15594,
              "state": "failed",
              "speed": null,
              "pass": false,
              "fail": true,
              "pending": false,
              "context": null,
              "code": "cy.xpath('//div[contains(text(),\"As\")]').should('be.visible').should('have.text', 'Assign Provider').click();\ncy.wait(5000);",
              "err": {
                "message": "AssertionError: Timed out retrying after 15000ms: Expected to find element: `//div[contains(text(),\"As\")]`, but never found it.",
                "estack": "AssertionError: Timed out retrying after 15000ms: Expected to find element: `//div[contains(text(),\"As\")]`, but never found it.\n    at Context.eval (https://qa.rch.build-release.com/__cypress/tests?p=cypress\\e2e\\Admin_Testcases\\17_Awaiting_Time.spec.js:180:46)",
                "diff": null
              },
              "uuid": "db654806-b4f0-4448-b43a-4b91a9b5a532",
              "parentUUID": "b640acc1-1a51-41a8-b98c-412c8fb87bbb",
              "isHook": false,
              "skipped": false
            },
            {
              "title": "At \"Assign provider\" page each label and field should have proper label and validations",
              "fullTitle": "Awaiting Time Appointment Details Test cases At \"Assign provider\" page each label and field should have proper label and validations",
              "timedOut": null,
              "duration": 15603,
              "state": "failed",
              "speed": null,
              "pass": false,
              "fail": true,
              "pending": false,
              "context": null,
              "code": "cy.xpath('//div[1]/h3[1]/div[1]/div').should('be.visible').should('have.text', 'Assign Provider');\ncy.get('div.hidden>h3>div>svg').should('be.visible');\ncy.xpath('//div[1]/form/div[1]/div[1]').should('be.visible').should('have.text', 'Select Provider');\ncy.xpath('//div[1]/form/div[1]/div[2]').should('be.visible');\ncy.xpath('//div[1]/form/div[2]/div[1]/label').should('be.visible').should('have.text', 'Appointment Date');\ncy.xpath('//div[1]/form/div[2]/div[1]/div').should('be.visible');\ncy.xpath('//div[1]/form/div[2]/div[2]/label').should('be.visible').should('have.text', 'Appointment Time');\ncy.xpath('//div[1]/form/div[2]/div[2]/div').should('be.visible');\ncy.xpath('//div[1]/form/div[4]/label').should('be.visible').should('have.text', 'Add Comment For Provider');\ncy.xpath('//div[1]/form/div[4]/div/textarea').should('be.visible');\ncy.xpath('//div[1]/form/div[5]/button').should('be.visible').should('have.text', 'Assign');",
              "err": {
                "message": "AssertionError: Timed out retrying after 15000ms: Expected to find element: `//div[1]/h3[1]/div[1]/div`, but never found it.",
                "estack": "AssertionError: Timed out retrying after 15000ms: Expected to find element: `//div[1]/h3[1]/div[1]/div`, but never found it.\n    at Context.eval (https://qa.rch.build-release.com/__cypress/tests?p=cypress\\e2e\\Admin_Testcases\\17_Awaiting_Time.spec.js:184:43)",
                "diff": null
              },
              "uuid": "19bf3bed-a2f0-470b-9b0e-73275a145fdc",
              "parentUUID": "b640acc1-1a51-41a8-b98c-412c8fb87bbb",
              "isHook": false,
              "skipped": false
            },
            {
              "title": "As a Admin the user can add comments for the provider at the time of assigning the provider",
              "fullTitle": "Awaiting Time Appointment Details Test cases As a Admin the user can add comments for the provider at the time of assigning the provider",
              "timedOut": null,
              "duration": 15545,
              "state": "failed",
              "speed": null,
              "pass": false,
              "fail": true,
              "pending": false,
              "context": null,
              "code": "cy.xpath('//div[1]/form/div[4]/div/textarea').should('be.visible').clear().type('Priority customer');\ncy.wait(5000);",
              "err": {
                "message": "AssertionError: Timed out retrying after 15000ms: Expected to find element: `//div[1]/form/div[4]/div/textarea`, but never found it.",
                "estack": "AssertionError: Timed out retrying after 15000ms: Expected to find element: `//div[1]/form/div[4]/div/textarea`, but never found it.\n    at Context.eval (https://qa.rch.build-release.com/__cypress/tests?p=cypress\\e2e\\Admin_Testcases\\17_Awaiting_Time.spec.js:197:51)",
                "diff": null
              },
              "uuid": "a4966676-995f-49bd-9ee8-951b04985277",
              "parentUUID": "b640acc1-1a51-41a8-b98c-412c8fb87bbb",
              "isHook": false,
              "skipped": false
            },
            {
              "title": "After filling Assign provider form and clicking on \"Assign\" button the provider should be assigned and status should be changed to provider assigned",
              "fullTitle": "Awaiting Time Appointment Details Test cases After filling Assign provider form and clicking on \"Assign\" button the provider should be assigned and status should be changed to provider assigned",
              "timedOut": null,
              "duration": 15547,
              "state": "failed",
              "speed": null,
              "pass": false,
              "fail": true,
              "pending": false,
              "context": null,
              "code": "cy.xpath('//div[1]/form/div[1]/div[2]').should('be.visible').click();\ncy.wait(3000);\ncy.get('.css-11unzgr>div:nth-child(1)').click();\ncy.xpath('//div[1]/form/div[2]/div[1]/div').should('be.visible').click();\ncy.wait(2000);\ncy.get('.react-datepicker__day--today').scrollIntoView().should('be.visible').click();\ncy.xpath('//div[1]/form/div[2]/div[2]/div').should('be.visible').click();\ncy.get('.rc-time-picker-panel-select:nth-child(1)>ul>li:nth-child(2)').scrollIntoView().should('be.visible').click();\ncy.get('.rc-time-picker-panel-select:nth-child(3)>ul>li:nth-child(1)').should('be.visible').click();\ncy.xpath('//div[1]/form/div[5]/button').should('be.visible').should('have.text', 'Assign').click();\ncy.wait(5000);\ncy.xpath('//span[contains(text(),\"sche\")]').should('be.visible').should('have.text', 'scheduled');",
              "err": {
                "message": "AssertionError: Timed out retrying after 15000ms: Expected to find element: `//div[1]/form/div[1]/div[2]`, but never found it.",
                "estack": "AssertionError: Timed out retrying after 15000ms: Expected to find element: `//div[1]/form/div[1]/div[2]`, but never found it.\n    at Context.eval (https://qa.rch.build-release.com/__cypress/tests?p=cypress\\e2e\\Admin_Testcases\\17_Awaiting_Time.spec.js:201:45)",
                "diff": null
              },
              "uuid": "d60223ee-10b3-452c-8a64-3bb6eaae5a1c",
              "parentUUID": "b640acc1-1a51-41a8-b98c-412c8fb87bbb",
              "isHook": false,
              "skipped": false
            },
            {
              "title": "As a Admin the user can cancel the appointment after entering the cancellation reason by clicking on the cancel button",
              "fullTitle": "Awaiting Time Appointment Details Test cases As a Admin the user can cancel the appointment after entering the cancellation reason by clicking on the cancel button",
              "timedOut": null,
              "duration": 15754,
              "state": "failed",
              "speed": null,
              "pass": false,
              "fail": true,
              "pending": false,
              "context": null,
              "code": "cy.xpath('//button[@textid=\"cancel.appointment\"]').scrollIntoView().should('have.text', 'Cancel Appointment').click({\n  force: true\n});\ncy.wait(3000);\ncy.get('div.hidden>h3>div>div').should('be.visible').should('have.text', 'Confirmation');\ncy.get('div.hidden>h3>div>svg').should('be.visible');\ncy.get('div.hidden>div').should('be.visible').should('have.text', 'Are you sure, want to cancel this appointment.');\ncy.xpath('//div[1]/form[1]/div[1]/div[1]/label[1]/div[1]').should('be.visible').should('have.text', 'Reason For Cancellation');\ncy.xpath('//div[1]/form[1]/div[1]/div[1]/div[1]').should('be.visible');\ncy.xpath('//div[1]/form[1]/div[1]/div[1]/div[1]').should('be.visible').type('Provider not available');\ncy.xpath('//div[1]/form[1]/div[2]/button').should('be.visible').should('have.text', 'Cancel Appointment').click();\ncy.wait(5000);\ncy.xpath('//span[contains(text(),\"can\")]').should('be.visible').should('have.text', 'cancelled');\ncy.logout();",
              "err": {
                "message": "AssertionError: Timed out retrying after 15000ms: Expected to find element: `//button[@textid=\"cancel.appointment\"]`, but never found it.",
                "estack": "AssertionError: Timed out retrying after 15000ms: Expected to find element: `//button[@textid=\"cancel.appointment\"]`, but never found it.\n    at Context.eval (https://qa.rch.build-release.com/__cypress/tests?p=cypress\\e2e\\Admin_Testcases\\17_Awaiting_Time.spec.js:215:8)",
                "diff": null
              },
              "uuid": "68a9bfa0-f433-44f7-b4e7-f68847a4ff2e",
              "parentUUID": "b640acc1-1a51-41a8-b98c-412c8fb87bbb",
              "isHook": false,
              "skipped": false
            }
          ],
          "suites": [],
          "passes": [],
          "failures": [
            "711dbd48-7f70-4061-a1d6-9e6ccf781d11",
            "5954c35b-deb4-4c15-884b-87b65cd37c38",
            "ee0b496d-618e-4301-b5de-7150762ab418",
            "14aa50ab-3d12-4668-8b46-35da5ed933bd",
            "bfe8403e-a502-4e07-9b85-04bb3bee6168",
            "15562912-35c0-40d8-be1f-263be98ab399",
            "59b72ff2-5ff7-4e2a-aa3f-f6e722ebba41",
            "f638842e-b7a4-4fba-bb61-66b9e8dc4f18",
            "db654806-b4f0-4448-b43a-4b91a9b5a532",
            "19bf3bed-a2f0-470b-9b0e-73275a145fdc",
            "a4966676-995f-49bd-9ee8-951b04985277",
            "d60223ee-10b3-452c-8a64-3bb6eaae5a1c",
            "68a9bfa0-f433-44f7-b4e7-f68847a4ff2e"
          ],
          "pending": [],
          "skipped": [],
          "duration": 208618,
          "root": false,
          "rootEmpty": false,
          "_timeout": 2000
        }
      ],
      "passes": [],
      "failures": [],
      "pending": [],
      "skipped": [],
      "duration": 0,
      "root": true,
      "rootEmpty": true,
      "_timeout": 2000
    }
  ],
  "meta": {
    "mocha": {
      "version": "7.0.1"
    },
    "mochawesome": {
      "options": {
        "quiet": false,
        "reportFilename": "report",
        "saveHtml": true,
        "saveJson": true,
        "consoleReporter": "spec",
        "useInlineDiffs": false,
        "code": true
      },
      "version": "7.0.1"
    },
    "marge": {
      "options": {
        "reportDir": "cypress/reports",
        "reportFilename": "report",
        "overwrite": false,
        "html": true,
        "json": true,
        "charts": true
      },
      "version": "6.0.1"
    }
  }
}