{
  "stats": {
    "suites": 1,
    "tests": 5,
    "passes": 0,
    "pending": 0,
    "failures": 5,
    "start": "2021-12-29T07:52:49.357Z",
    "end": "2021-12-29T07:53:55.823Z",
    "duration": 66466,
    "testsRegistered": 5,
    "passPercent": 0,
    "pendingPercent": 0,
    "other": 0,
    "hasOther": false,
    "skipped": 0,
    "hasSkipped": false
  },
  "results": [
    {
      "uuid": "7ab08f59-8ecf-42da-abda-2e153bc848fd",
      "title": "",
      "fullFile": "cypress/integration/Patient_Testcases/06_Profile_Personal-Information.spec.js",
      "file": "cypress/integration/Patient_Testcases/06_Profile_Personal-Information.spec.js",
      "beforeHooks": [],
      "afterHooks": [],
      "tests": [],
      "suites": [
        {
          "uuid": "903dfab1-a422-4a77-8170-0208784dd605",
          "title": "Personal Information Module Test Cases",
          "fullFile": "",
          "file": "",
          "beforeHooks": [],
          "afterHooks": [],
          "tests": [
            {
              "title": "As a patient the user should be navigated to the personal information page by clicking on profile icon",
              "fullTitle": "Personal Information Module Test Cases As a patient the user should be navigated to the personal information page by clicking on profile icon",
              "timedOut": null,
              "duration": 5339,
              "state": "failed",
              "speed": null,
              "pass": false,
              "fail": true,
              "pending": false,
              "context": null,
              "code": "cy.patientlogin(cred.pemail, cred.ppassword);\ncy.url().should('contain', '/home');\ncy.get('.p-1 > .h-7').should('be.visible').click();\ncy.url().should('contain', '/profile');",
              "err": {
                "message": "CypressError: `cy.visit()` failed trying to load:\n\nhttps://qa.rch.build-release.com/\n\nWe attempted to make an http request to this URL but the request failed without a response.\n\nWe received this error at the network level:\n\n  > Error: getaddrinfo ENOTFOUND qa.rch.build-release.com\n\nCommon situations why this would fail:\n  - you don't have internet access\n  - you forgot to run / boot your web server\n  - your web server isn't accessible\n  - you have weird network configuration settings on your computer",
                "estack": "CypressError: `cy.visit()` failed trying to load:\n\nhttps://qa.rch.build-release.com/\n\nWe attempted to make an http request to this URL but the request failed without a response.\n\nWe received this error at the network level:\n\n  > Error: getaddrinfo ENOTFOUND qa.rch.build-release.com\n\nCommon situations why this would fail:\n  - you don't have internet access\n  - you forgot to run / boot your web server\n  - your web server isn't accessible\n  - you have weird network configuration settings on your computer\n    at http://localhost:65345/__cypress/runner/cypress_runner.js:156031:82\n    at visitFailedByErr (http://localhost:65345/__cypress/runner/cypress_runner.js:155390:12)\n    at http://localhost:65345/__cypress/runner/cypress_runner.js:156030:11\n    at tryCatcher (http://localhost:65345/__cypress/runner/cypress_runner.js:13212:23)\n    at Promise._settlePromiseFromHandler (http://localhost:65345/__cypress/runner/cypress_runner.js:11147:31)\n    at Promise._settlePromise (http://localhost:65345/__cypress/runner/cypress_runner.js:11204:18)\n    at Promise._settlePromise0 (http://localhost:65345/__cypress/runner/cypress_runner.js:11249:10)\n    at Promise._settlePromises (http://localhost:65345/__cypress/runner/cypress_runner.js:11325:18)\n    at _drainQueueStep (http://localhost:65345/__cypress/runner/cypress_runner.js:7919:12)\n    at _drainQueue (http://localhost:65345/__cypress/runner/cypress_runner.js:7912:9)\n    at Async.../../node_modules/bluebird/js/release/async.js.Async._drainQueues (http://localhost:65345/__cypress/runner/cypress_runner.js:7928:5)\n    at Async.drainQueues (http://localhost:65345/__cypress/runner/cypress_runner.js:7798:14)\nFrom Your Spec Code:\n    at Context.eval (http://localhost:65345/__cypress/tests?p=cypress\\support\\index.js:181:6)\n\nFrom Node.js Internals:\n  Error: getaddrinfo ENOTFOUND qa.rch.build-release.com\n      at GetAddrInfoReqWrap.onlookup [as oncomplete] (dns.js:67:26)\n  ",
                "diff": null
              },
              "uuid": "c75b9d29-3395-44a3-bb13-7816ef85785e",
              "parentUUID": "903dfab1-a422-4a77-8170-0208784dd605",
              "isHook": false,
              "skipped": false
            },
            {
              "title": "At personal information page each label and field should have proper label and validations",
              "fullTitle": "Personal Information Module Test Cases At personal information page each label and field should have proper label and validations",
              "timedOut": null,
              "duration": 15238,
              "state": "failed",
              "speed": null,
              "pass": false,
              "fail": true,
              "pending": false,
              "context": null,
              "code": "cy.get('.justify-start > img').should('be.visible');\ncy.get('.justify-start > .m-auto').should('be.visible').should('have.text', 'LX MEDICAL');\ncy.get('[href=\"/appointments\"]').should('be.visible').should('have.text', 'Appointments');\ncy.get('.justify-start > .hidden > :nth-child(3)').should('be.visible').should('have.text', 'Charts');\ncy.get('.justify-start > .hidden > :nth-child(4)').should('be.visible').should('have.text', 'Chat');\ncy.get('.p-1 > .h-7').should('be.visible');\ncy.get('.relative > .text-gray-600').should('be.visible');\ncy.get('.h-7').should('be.visible');\ncy.get('.px-4 > :nth-child(1) > img').should('be.visible');\ncy.get('.px-4 > .font-bold').should('be.visible');\ncy.get('.shadow-corner').should('be.visible').should('contain', 'Personal Information');\ncy.get('.space-y-8 > :nth-child(2)').should('be.visible').should('contain', 'Manage Membership Plan');\ncy.get('.space-y-8 > :nth-child(3)').should('be.visible').should('contain', 'Account Settings');\ncy.get('.space-y-8 > :nth-child(4)').should('be.visible').should('contain', 'About');\ncy.get('.space-y-4 > :nth-child(1)').should('be.visible').should('have.text', 'Personal Information');\ncy.get('.space-y-4 > :nth-child(2) > .text-gray-400').should('be.visible').should('have.text', 'Full Name');\ncy.get(':nth-child(3) > .text-gray-400').should('be.visible').should('have.text', 'Email Address');\ncy.get(':nth-child(4) > .text-gray-400').should('be.visible').should('have.text', 'Phone Number');\ncy.get(':nth-child(5) > .text-gray-400').should('be.visible').should('have.text', 'Date of Birth');\ncy.get(':nth-child(6) > .text-gray-400').should('be.visible').should('have.text', 'Gender');\ncy.get('.space-y-2 > .font-bold').should('be.visible').should('have.text', 'Address');\ncy.get(':nth-child(8) > .flex').should('be.visible').should('contain', 'Edit Details');",
              "err": {
                "message": "AssertionError: Timed out retrying after 15000ms: Expected to find element: `.justify-start > img`, but never found it.",
                "estack": "AssertionError: Timed out retrying after 15000ms: Expected to find element: `.justify-start > img`, but never found it.\n    at Context.eval (http://localhost:65345/__cypress/tests?p=cypress\\integration\\Patient_Testcases\\06_Profile_Personal-Information.spec.js:143:36)",
                "diff": null
              },
              "uuid": "ad7154dc-7b7b-4621-8797-b1d24b0c6b9d",
              "parentUUID": "903dfab1-a422-4a77-8170-0208784dd605",
              "isHook": false,
              "skipped": false
            },
            {
              "title": "By clicking on edit details button the user should be navigated to edit details page",
              "fullTitle": "Personal Information Module Test Cases By clicking on edit details button the user should be navigated to edit details page",
              "timedOut": null,
              "duration": 15233,
              "state": "failed",
              "speed": null,
              "pass": false,
              "fail": true,
              "pending": false,
              "context": null,
              "code": "cy.get(':nth-child(8) > .flex').should('be.visible').should('contain', 'Edit Details').click();\ncy.url().should('contain', '/personal');",
              "err": {
                "message": "AssertionError: Timed out retrying after 15000ms: Expected to find element: `:nth-child(8) > .flex`, but never found it.",
                "estack": "AssertionError: Timed out retrying after 15000ms: Expected to find element: `:nth-child(8) > .flex`, but never found it.\n    at Context.eval (http://localhost:65345/__cypress/tests?p=cypress\\integration\\Patient_Testcases\\06_Profile_Personal-Information.spec.js:167:37)",
                "diff": null
              },
              "uuid": "b260ec1f-a96e-431e-8660-38578ca66b7e",
              "parentUUID": "903dfab1-a422-4a77-8170-0208784dd605",
              "isHook": false,
              "skipped": false
            },
            {
              "title": "At Edit details page each label and field should have proper label and validations",
              "fullTitle": "Personal Information Module Test Cases At Edit details page each label and field should have proper label and validations",
              "timedOut": null,
              "duration": 15241,
              "state": "failed",
              "speed": null,
              "pass": false,
              "fail": true,
              "pending": false,
              "context": null,
              "code": "cy.get('.my-10 > :nth-child(1) > :nth-child(1) > .font-semibold').should('be.visible').should('have.text', 'Edit Details');\ncy.get('.my-10 > :nth-child(1) > :nth-child(1) > .h-6').should('be.visible');\ncy.get('.w-28 > img').should('be.visible');\ncy.get('.grid > .text-sm').should('be.visible').should('have.text', 'Change Profile Image');\ncy.get(':nth-child(2) > :nth-child(1) > .text-sm > div').should('be.visible').should('have.text', 'First Name');\ncy.get(':nth-child(2) > :nth-child(2) > .text-sm > div').should('be.visible').should('have.text', 'Last Name');\ncy.get(':nth-child(3) > :nth-child(1) > .text-sm > div').should('be.visible').should('have.text', 'Phone Number');\ncy.get(':nth-child(3) > :nth-child(2) > .text-sm > div').should('be.visible').should('have.text', 'Email');\ncy.get(':nth-child(4) > :nth-child(1) > .text-sm > div').should('be.visible').should('have.text', 'Date of Birth');\ncy.get(':nth-child(4) > :nth-child(2) > .block').should('be.visible').should('have.text', 'Gender');\ncy.get(':nth-child(6) > .font-medium').should('be.visible').should('have.text', 'Your Address');\ncy.get(':nth-child(7) > :nth-child(1) > .text-sm > div').should('be.visible').should('have.text', 'Address Line 1');\ncy.get(':nth-child(7) > :nth-child(2) > .text-sm > div').should('be.visible').should('contain', 'Address Line 2');\ncy.get(':nth-child(8) > :nth-child(1) > .text-sm > div').should('be.visible').should('have.text', 'Postal Code');\ncy.get(':nth-child(8) > :nth-child(2) > .text-sm > div').should('have.text', 'City');\ncy.get(':nth-child(9) > div.w-full > .text-sm > div').should('be.visible').should('have.text', 'State');\ncy.get('.mt-2 > .flex').should('be.visible').should('have.text', 'Save Details');",
              "err": {
                "message": "AssertionError: Timed out retrying after 15000ms: Expected to find element: `.my-10 > :nth-child(1) > :nth-child(1) > .font-semibold`, but never found it.",
                "estack": "AssertionError: Timed out retrying after 15000ms: Expected to find element: `.my-10 > :nth-child(1) > :nth-child(1) > .font-semibold`, but never found it.\n    at Context.eval (http://localhost:65345/__cypress/tests?p=cypress\\integration\\Patient_Testcases\\06_Profile_Personal-Information.spec.js:171:71)",
                "diff": null
              },
              "uuid": "64fc4636-a4e3-4ef7-a091-2de616265c56",
              "parentUUID": "903dfab1-a422-4a77-8170-0208784dd605",
              "isHook": false,
              "skipped": false
            },
            {
              "title": "As a Patient the user should be able to update my profile details",
              "fullTitle": "Personal Information Module Test Cases As a Patient the user should be able to update my profile details",
              "timedOut": null,
              "duration": 15216,
              "state": "failed",
              "speed": null,
              "pass": false,
              "fail": true,
              "pending": false,
              "context": null,
              "code": "const fname = _faker.default.name.firstName();\nconst lname = _faker.default.name.lastName();\nconst phone = '8279556458';\nconst Address = 'plot33';\nconst Postal = '90001';\ncy.log(fname);\ncy.log(lname);\ncy.log(phone);\ncy.log(Address);\ncy.log(Postal);\ncy.get(':nth-child(2) > :nth-child(1) > .mt-1 > .appearance-none').should('be.visible').clear().type(fname);\ncy.get(':nth-child(2) > :nth-child(2) > .mt-1 > .appearance-none').should('be.visible').clear().type(lname);\ncy.get(':nth-child(3) > :nth-child(1) > .mt-1 > .appearance-none').should('be.visible').clear().type(phone);\ncy.get(':nth-child(7) > :nth-child(1) > .mt-1 > .appearance-none').should('be.visible').clear().type(Address);\ncy.get(':nth-child(8) > :nth-child(1) > .mt-1 > .appearance-none').should('be.visible').clear().type(Postal);\ncy.get(':nth-child(7) > :nth-child(2) > .mt-1 > .appearance-none').type('park lane');\ncy.get('.mt-2 > .flex').click();\ncy.writeFile('../../fixtures/profile.json', {\n  fname: fname,\n  lname: lname,\n  phone: phone,\n  address: Address,\n  postal: Postal\n}); // verify profile\ncy.get(':nth-child(2) > :nth-child(1) > .mt-1 > .appearance-none').should('be.visible', fname);\ncy.get(':nth-child(2) > :nth-child(2) > .mt-1 > .appearance-none').should('be.visible', lname);\ncy.get(':nth-child(3) > :nth-child(1) > .mt-1 > .appearance-none').should('be.visible', phone);\ncy.get(':nth-child(7) > :nth-child(1) > .mt-1 > .appearance-none').should('be.visible', Address);\ncy.get(':nth-child(8) > :nth-child(1) > .mt-1 > .appearance-none').should('be.visible', Postal);\ncy.patientlogout();",
              "err": {
                "message": "AssertionError: Timed out retrying after 15000ms: Expected to find element: `:nth-child(2) > :nth-child(1) > .mt-1 > .appearance-none`, but never found it.",
                "estack": "AssertionError: Timed out retrying after 15000ms: Expected to find element: `:nth-child(2) > :nth-child(1) > .mt-1 > .appearance-none`, but never found it.\n    at Context.eval (http://localhost:65345/__cypress/tests?p=cypress\\integration\\Patient_Testcases\\06_Profile_Personal-Information.spec.js:202:72)",
                "diff": null
              },
              "uuid": "150d01bb-fc18-4f96-8f9a-1a4632455e01",
              "parentUUID": "903dfab1-a422-4a77-8170-0208784dd605",
              "isHook": false,
              "skipped": false
            }
          ],
          "suites": [],
          "passes": [],
          "failures": [
            "c75b9d29-3395-44a3-bb13-7816ef85785e",
            "ad7154dc-7b7b-4621-8797-b1d24b0c6b9d",
            "b260ec1f-a96e-431e-8660-38578ca66b7e",
            "64fc4636-a4e3-4ef7-a091-2de616265c56",
            "150d01bb-fc18-4f96-8f9a-1a4632455e01"
          ],
          "pending": [],
          "skipped": [],
          "duration": 66267,
          "root": false,
          "rootEmpty": false,
          "_timeout": 2000
        }
      ],
      "passes": [],
      "failures": [],
      "pending": [],
      "skipped": [],
      "duration": 0,
      "root": true,
      "rootEmpty": true,
      "_timeout": 2000
    }
  ],
  "meta": {
    "mocha": {
      "version": "7.0.1"
    },
    "mochawesome": {
      "options": {
        "quiet": false,
        "reportFilename": "report",
        "saveHtml": true,
        "saveJson": true,
        "consoleReporter": "spec",
        "useInlineDiffs": false,
        "code": true
      },
      "version": "7.0.1"
    },
    "marge": {
      "options": {
        "reportDir": "cypress/reports",
        "reportFilename": "report",
        "overwrite": false,
        "html": true,
        "json": true,
        "charts": true
      },
      "version": "6.0.1"
    }
  }
}