{
  "stats": {
    "suites": 1,
    "tests": 9,
    "passes": 4,
    "pending": 0,
    "failures": 5,
    "start": "2022-04-20T08:35:52.167Z",
    "end": "2022-04-20T08:37:58.452Z",
    "duration": 126285,
    "testsRegistered": 9,
    "passPercent": 44.44444444444444,
    "pendingPercent": 0,
    "other": 0,
    "hasOther": false,
    "skipped": 0,
    "hasSkipped": false
  },
  "results": [
    {
      "uuid": "db609b06-91b9-425f-91c1-c15646c73f52",
      "title": "",
      "fullFile": "cypress/integration/Admin_Testcases/26_admin_appointment_bml.spec.js",
      "file": "cypress/integration/Admin_Testcases/26_admin_appointment_bml.spec.js",
      "beforeHooks": [],
      "afterHooks": [],
      "tests": [],
      "suites": [
        {
          "uuid": "7f6b0b12-ec78-46b4-a0e0-e5cb593d2408",
          "title": "bill me later request testcases",
          "fullFile": "",
          "file": "",
          "beforeHooks": [],
          "afterHooks": [],
          "tests": [
            {
              "title": "As a Admin the user should be able to see the bill me later request after clicking on appointment tab",
              "fullTitle": "bill me later request testcases As a Admin the user should be able to see the bill me later request after clicking on appointment tab",
              "timedOut": null,
              "duration": 16142,
              "state": "passed",
              "speed": "slow",
              "pass": true,
              "fail": false,
              "pending": false,
              "context": null,
              "code": "cy.login();\ncy.url().should('contain', '/dashboard');\ncy.get('.space-y-4 > :nth-child(4)').should('be.visible').should('have.text', 'Appointments').click();\ncy.wait(4000);\ncy.url().should('contain', '/appointments');\ncy.get('[textid=\"admin.bml_payments\"]').should('be.visible').should('have.text', 'Bill Me Later Requests').click();\ncy.wait(4000);",
              "err": {},
              "uuid": "fe74f20a-a499-4b66-848d-a87c216a0502",
              "parentUUID": "7f6b0b12-ec78-46b4-a0e0-e5cb593d2408",
              "isHook": false,
              "skipped": false
            },
            {
              "title": "At \"Bill me later Requests\" page each label and field should have proper label and validations",
              "fullTitle": "bill me later request testcases At \"Bill me later Requests\" page each label and field should have proper label and validations",
              "timedOut": null,
              "duration": 382,
              "state": "passed",
              "speed": "slow",
              "pass": true,
              "fail": false,
              "pending": false,
              "context": null,
              "code": "cy.get('.-mx-4>div:nth-child(1)>div:nth-child(2)').should('be.visible').should('have.text', 'Bill Me Later Requests List');\ncy.get('.-mx-4>div:nth-child(1)>div:nth-child(1)').should('be.visible');\ncy.get('[type=search]').should('be.visible');\ncy.get('table>thead>tr>th:nth-child(1)').should('be.visible').should('have.text', 'Test Name');\ncy.get('table>thead>tr>th:nth-child(2)').should('be.visible').should('have.text', 'Appointment ID');\ncy.get('table>thead>tr>th:nth-child(3)>div>div').should('be.visible').should('have.text', 'Appointment Date');\ncy.get('table>thead>tr>th:nth-child(4)').should('be.visible').should('have.text', 'Provider');\ncy.get('table>thead>tr>th:nth-child(5)').should('be.visible').should('have.text', 'Patient account');\ncy.get('table>thead>tr>th:nth-child(6)').scrollIntoView().should('be.visible').should('have.text', 'Payment Mode');\ncy.get('table>thead>tr>th:nth-child(7)').scrollIntoView().should('be.visible').should('have.text', 'Confirm Payment');\ncy.get('table>thead>tr>th:nth-child(8)').scrollIntoView().should('be.visible').should('have.text', 'Action');",
              "err": {},
              "uuid": "31811791-b4a6-4df8-8278-5f2d576a8b85",
              "parentUUID": "7f6b0b12-ec78-46b4-a0e0-e5cb593d2408",
              "isHook": false,
              "skipped": false
            },
            {
              "title": "As a Admin the user can search the request with appointment id or patient name or provider name",
              "fullTitle": "bill me later request testcases As a Admin the user can search the request with appointment id or patient name or provider name",
              "timedOut": null,
              "duration": 23196,
              "state": "passed",
              "speed": "slow",
              "pass": true,
              "fail": false,
              "pending": false,
              "context": null,
              "code": "cy.get('[type=search]').should('be.visible').type('LXMED021');\ncy.wait(2000);\ncy.get('[type=search]').should('be.visible').clear();\ncy.wait(2000);\ncy.get('[type=search]').should('be.visible').type('pvnkumar80@gmail.com');\ncy.wait(2000);\ncy.get('[type=search]').should('be.visible').clear();\ncy.wait(2000);\ncy.get('[type=search]').should('be.visible').type('Pavan Kumar');\ncy.wait(2000);\ncy.get('[type=search]').should('be.visible').clear();\ncy.wait(2000);\ncy.get('[type=search]').should('be.visible').type('Ramesh Kumar');\ncy.wait(2000);\ncy.get('[type=search]').should('be.visible').clear();\ncy.wait(2000);\ncy.get('[type=search]').should('be.visible').type('Lxmedical Provider');\ncy.wait(2000);\ncy.get('[type=search]').should('be.visible').clear();\ncy.wait(2000);",
              "err": {},
              "uuid": "6a2367d6-0c3b-47c8-9884-cfe2a626695d",
              "parentUUID": "7f6b0b12-ec78-46b4-a0e0-e5cb593d2408",
              "isHook": false,
              "skipped": false
            },
            {
              "title": "As a Admin the user can filter the BML Requests list in Ascending or descending of appointment requested date by clicking on the filter on \"Appointment date\" field of the table. ",
              "fullTitle": "bill me later request testcases As a Admin the user can filter the BML Requests list in Ascending or descending of appointment requested date by clicking on the filter on \"Appointment date\" field of the table. ",
              "timedOut": null,
              "duration": 4340,
              "state": "passed",
              "speed": "slow",
              "pass": true,
              "fail": false,
              "pending": false,
              "context": null,
              "code": "cy.get('table>thead>tr>th:nth-child(3)>div>span>svg:nth-child(1)').should('be.visible').click();\ncy.wait(2000);\ncy.get('table>thead>tr>th:nth-child(3)>div>span>svg:nth-child(2)').should('be.visible').click();\ncy.wait(2000);",
              "err": {},
              "uuid": "aa419a6c-0180-4e7b-b20e-15a7047d779a",
              "parentUUID": "7f6b0b12-ec78-46b4-a0e0-e5cb593d2408",
              "isHook": false,
              "skipped": false
            },
            {
              "title": "As a Admin the user should be navigated to the \"Appointment details\" page by clicking on eye icon against that particular BML Request.",
              "fullTitle": "bill me later request testcases As a Admin the user should be navigated to the \"Appointment details\" page by clicking on eye icon against that particular BML Request.",
              "timedOut": null,
              "duration": 15325,
              "state": "failed",
              "speed": null,
              "pass": false,
              "fail": true,
              "pending": false,
              "context": null,
              "code": "cy.get('tbody>tr:nth-child(1)>td:nth-child(8)>div>svg').scrollIntoView().should('be.visible').click();\ncy.get('.space-x-4 > .font-semibold').should('be.visible').should('have.text', 'Appointment Details');\ncy.get('.w-7').should('be.visible').click();",
              "err": {
                "message": "AssertionError: Timed out retrying after 15000ms: Expected to find element: `tbody>tr:nth-child(1)>td:nth-child(8)>div>svg`, but never found it.",
                "estack": "AssertionError: Timed out retrying after 15000ms: Expected to find element: `tbody>tr:nth-child(1)>td:nth-child(8)>div>svg`, but never found it.\n    at Context.eval (https://qa.rch.build-release.com/__cypress/tests?p=cypress\\integration\\Admin_Testcases\\26_admin_appointment_bml.spec.js:165:8)",
                "diff": null
              },
              "uuid": "5f89db7f-4d4c-40ad-8ab7-3fb4c764f0f9",
              "parentUUID": "7f6b0b12-ec78-46b4-a0e0-e5cb593d2408",
              "isHook": false,
              "skipped": false
            },
            {
              "title": "As a Admin the user can accept or deny the Bill me later request  by clicking on the \"Confirm/Deny\" button against that particular request",
              "fullTitle": "bill me later request testcases As a Admin the user can accept or deny the Bill me later request  by clicking on the \"Confirm/Deny\" button against that particular request",
              "timedOut": null,
              "duration": 15302,
              "state": "failed",
              "speed": null,
              "pass": false,
              "fail": true,
              "pending": false,
              "context": null,
              "code": "cy.get('tr:nth-child(1) > td:nth-child(7)>div>div').should('be.visible').should('have.text', 'Confirm / Deny').click();\ncy.wait(2000);\ncy.get('.ReactModal__Content>.hidden>.flex>div').should('be.visible').should('have.text', 'Confirmation');",
              "err": {
                "message": "AssertionError: Timed out retrying after 15000ms: Expected to find element: `tr:nth-child(1) > td:nth-child(7)>div>div`, but never found it.",
                "estack": "AssertionError: Timed out retrying after 15000ms: Expected to find element: `tr:nth-child(1) > td:nth-child(7)>div>div`, but never found it.\n    at Context.eval (https://qa.rch.build-release.com/__cypress/tests?p=cypress\\integration\\Admin_Testcases\\26_admin_appointment_bml.spec.js:170:57)",
                "diff": null
              },
              "uuid": "8b753e93-9f33-4a13-a24d-e9761cc36986",
              "parentUUID": "7f6b0b12-ec78-46b4-a0e0-e5cb593d2408",
              "isHook": false,
              "skipped": false
            },
            {
              "title": "By clicking on the \"confirm/Deny\" button a confirmation modal will open.",
              "fullTitle": "bill me later request testcases By clicking on the \"confirm/Deny\" button a confirmation modal will open.",
              "timedOut": null,
              "duration": 15284,
              "state": "failed",
              "speed": null,
              "pass": false,
              "fail": true,
              "pending": false,
              "context": null,
              "code": "cy.get('.ReactModal__Content>.hidden>.flex>div').should('be.visible').should('have.text', 'Confirmation');\ncy.get('.ReactModal__Content>.hidden>.flex>svg').should('be.visible');\ncy.get('.ReactModal__Content>.hidden>.mt-6>.flex>div').should('be.visible').should('have.text', 'Please Confirm Payment Status For - ');\ncy.get('.ReactModal__Content>.hidden>.mt-6>.py-4>.font-semibold').should('be.visible').should('have.text', 'Payment Details');\ncy.get('.hidden>.mt-6>.py-4>.text-sm>.flex:nth-child(4)>div:nth-child(1)').should('be.visible').should('have.text', 'Total Payable');\ncy.get('.hidden>.mt-6>:nth-child(3)>button:nth-child(1)').should('be.visible').should('have.text', 'Deny');\ncy.get('.hidden>.mt-6>:nth-child(3)>button:nth-child(2)').should('be.visible').should('have.text', 'Confirm');",
              "err": {
                "message": "AssertionError: Timed out retrying after 15000ms: Expected to find element: `.ReactModal__Content>.hidden>.flex>div`, but never found it.",
                "estack": "AssertionError: Timed out retrying after 15000ms: Expected to find element: `.ReactModal__Content>.hidden>.flex>div`, but never found it.\n    at Context.eval (https://qa.rch.build-release.com/__cypress/tests?p=cypress\\integration\\Admin_Testcases\\26_admin_appointment_bml.spec.js:175:54)",
                "diff": null
              },
              "uuid": "409fe9ed-9b77-4b8f-9677-20a161d5f324",
              "parentUUID": "7f6b0b12-ec78-46b4-a0e0-e5cb593d2408",
              "isHook": false,
              "skipped": false
            },
            {
              "title": "By clicking on the Deny button the admin can reject the BML request",
              "fullTitle": "bill me later request testcases By clicking on the Deny button the admin can reject the BML request",
              "timedOut": null,
              "duration": 15312,
              "state": "failed",
              "speed": null,
              "pass": false,
              "fail": true,
              "pending": false,
              "context": null,
              "code": "cy.get('.hidden>.mt-6>:nth-child(3)>button:nth-child(1)').should('be.visible').should('have.text', 'Deny').click();\ncy.wait(3000);",
              "err": {
                "message": "AssertionError: Timed out retrying after 15000ms: Expected to find element: `.hidden>.mt-6>:nth-child(3)>button:nth-child(1)`, but never found it.",
                "estack": "AssertionError: Timed out retrying after 15000ms: Expected to find element: `.hidden>.mt-6>:nth-child(3)>button:nth-child(1)`, but never found it.\n    at Context.eval (https://qa.rch.build-release.com/__cypress/tests?p=cypress\\integration\\Admin_Testcases\\26_admin_appointment_bml.spec.js:184:63)",
                "diff": null
              },
              "uuid": "7053c272-cadd-4d33-95a8-1f5c5ab70662",
              "parentUUID": "7f6b0b12-ec78-46b4-a0e0-e5cb593d2408",
              "isHook": false,
              "skipped": false
            },
            {
              "title": "By clicking on the Confirm button the admin can approve the BML request",
              "fullTitle": "bill me later request testcases By clicking on the Confirm button the admin can approve the BML request",
              "timedOut": null,
              "duration": 15310,
              "state": "failed",
              "speed": null,
              "pass": false,
              "fail": true,
              "pending": false,
              "context": null,
              "code": "cy.get('tr:nth-child(1) > td:nth-child(7)>div>div').should('be.visible').should('have.text', 'Confirm / Deny').click();\ncy.wait(2000);\ncy.get('.ReactModal__Content>.hidden>.flex>div').should('be.visible').should('have.text', 'Confirmation');\ncy.get('.hidden>.mt-6>:nth-child(3)>button:nth-child(2)').should('be.visible').should('have.text', 'Confirm').click();\ncy.wait(3000);\ncy.logout();",
              "err": {
                "message": "AssertionError: Timed out retrying after 15000ms: Expected to find element: `tr:nth-child(1) > td:nth-child(7)>div>div`, but never found it.",
                "estack": "AssertionError: Timed out retrying after 15000ms: Expected to find element: `tr:nth-child(1) > td:nth-child(7)>div>div`, but never found it.\n    at Context.eval (https://qa.rch.build-release.com/__cypress/tests?p=cypress\\integration\\Admin_Testcases\\26_admin_appointment_bml.spec.js:188:57)",
                "diff": null
              },
              "uuid": "058564f3-460c-40d6-aa38-b535e6cb02ab",
              "parentUUID": "7f6b0b12-ec78-46b4-a0e0-e5cb593d2408",
              "isHook": false,
              "skipped": false
            }
          ],
          "suites": [],
          "passes": [
            "fe74f20a-a499-4b66-848d-a87c216a0502",
            "31811791-b4a6-4df8-8278-5f2d576a8b85",
            "6a2367d6-0c3b-47c8-9884-cfe2a626695d",
            "aa419a6c-0180-4e7b-b20e-15a7047d779a"
          ],
          "failures": [
            "5f89db7f-4d4c-40ad-8ab7-3fb4c764f0f9",
            "8b753e93-9f33-4a13-a24d-e9761cc36986",
            "409fe9ed-9b77-4b8f-9677-20a161d5f324",
            "7053c272-cadd-4d33-95a8-1f5c5ab70662",
            "058564f3-460c-40d6-aa38-b535e6cb02ab"
          ],
          "pending": [],
          "skipped": [],
          "duration": 120593,
          "root": false,
          "rootEmpty": false,
          "_timeout": 2000
        }
      ],
      "passes": [],
      "failures": [],
      "pending": [],
      "skipped": [],
      "duration": 0,
      "root": true,
      "rootEmpty": true,
      "_timeout": 2000
    }
  ],
  "meta": {
    "mocha": {
      "version": "7.0.1"
    },
    "mochawesome": {
      "options": {
        "quiet": false,
        "reportFilename": "report",
        "saveHtml": true,
        "saveJson": true,
        "consoleReporter": "spec",
        "useInlineDiffs": false,
        "code": true
      },
      "version": "7.0.1"
    },
    "marge": {
      "options": {
        "reportDir": "cypress/reports",
        "reportFilename": "report",
        "overwrite": false,
        "html": true,
        "json": true,
        "charts": true
      },
      "version": "6.0.1"
    }
  }
}