{
  "stats": {
    "suites": 1,
    "tests": 14,
    "passes": 0,
    "pending": 0,
    "failures": 14,
    "start": "2022-08-03T12:43:39.530Z",
    "end": "2022-08-03T12:47:35.239Z",
    "duration": 235709,
    "testsRegistered": 14,
    "passPercent": 0,
    "pendingPercent": 0,
    "other": 0,
    "hasOther": false,
    "skipped": 0,
    "hasSkipped": false
  },
  "results": [
    {
      "uuid": "d62ed060-4305-4355-8da1-d402a62b0f26",
      "title": "",
      "fullFile": "cypress\\e2e\\Admin_Testcases\\08_PatientCharts_Add_Edit_Delete.spec.js",
      "file": "cypress\\e2e\\Admin_Testcases\\08_PatientCharts_Add_Edit_Delete.spec.js",
      "beforeHooks": [],
      "afterHooks": [],
      "tests": [],
      "suites": [
        {
          "uuid": "22709bc2-856a-4c6a-bc40-2c94f3bc7656",
          "title": "Add/edit/delete family member testcases",
          "fullFile": "",
          "file": "",
          "beforeHooks": [],
          "afterHooks": [],
          "tests": [
            {
              "title": "As a Admin the should be navigated to the patient charts section by clicking on charts tab on patient profile of particular patient.",
              "fullTitle": "Add/edit/delete family member testcases As a Admin the should be navigated to the patient charts section by clicking on charts tab on patient profile of particular patient.",
              "timedOut": null,
              "duration": 24399,
              "state": "failed",
              "speed": null,
              "pass": false,
              "fail": true,
              "pending": false,
              "context": null,
              "code": "cy.login(cred.email, cred.password);\ncy.url().should('contain', '/dashboard'); //Click patient tab on the left side tray\ncy.get('.space-y-4 > :nth-child(2)').should('be.visible').should('have.text', 'Patients').click();\ncy.url().should('contain', '/patients'); //Add new patient custom command\ncy.AddPatient();\ncy.readFile('cypress/fixtures/provider.json').then(provider => {\n  //search added patient    \n  cy.get('[type=search]').should('be.visible').type(provider.email.toLowerCase()); //Checking email is present in the list\n  cy.get('tr:nth-child(1)>td:nth-child(2)').should('be.visible').should('have.text', provider.email.toLowerCase());\n  cy.wait(4000);\n}); //Click on eye icon against patient \ncy.get('tr:nth-child(1) > td:nth-child(7) > div > svg:nth-child(1) > path:nth-child(1)').scrollIntoView().should('be.visible').click();\ncy.url().should('contain', '/address'); //Click on charts tab in patient profile\ncy.get('nav.flex.flex-wrap>div:nth-child(2)>div').should('be.visible').should('contain', 'Charts').click();\ncy.url().should('contain', '/charts');",
              "err": {
                "message": "AssertionError: Timed out retrying after 15000ms: Expected to find element: `.max-w-xs > img`, but never found it.",
                "estack": "AssertionError: Timed out retrying after 15000ms: Expected to find element: `.max-w-xs > img`, but never found it.\n    at Context.eval (https://qa.rch.build-release.com/__cypress/tests?p=cypress\\support\\e2e.js:345:29)",
                "diff": null
              },
              "uuid": "82f1c3e9-295c-4feb-a0c0-38c5892792a7",
              "parentUUID": "22709bc2-856a-4c6a-bc40-2c94f3bc7656",
              "isHook": false,
              "skipped": false
            },
            {
              "title": "At Charts page each label and field should have proper label and validations",
              "fullTitle": "Add/edit/delete family member testcases At Charts page each label and field should have proper label and validations",
              "timedOut": null,
              "duration": 15363,
              "state": "failed",
              "speed": null,
              "pass": false,
              "fail": true,
              "pending": false,
              "context": null,
              "code": "cy.get('.font-medium > .inline').should('be.visible').should('have.text', 'Members');\ncy.get('.flex-wrap > .flex').should('be.visible').should('have.text', 'Add Another Member');\ncy.get(':nth-child(1) > .bg-white > .justify-between > .text-base').should('be.visible');\ncy.get('.h-screen>div:nth-child(2)>div:nth-child(1)').should('be.visible');\ncy.get(':nth-child(1) > .bg-white > .justify-between > .flex > .font-medium').should('be.visible').should('have.text', 'self');\ncy.get('.h-screen>div:nth-child(2)>div:nth-child(1)>div>div:nth-child(2)>div:nth-child(1)>div').should('be.visible').should('have.text', 'Date of Birth');\ncy.get('.h-screen>div:nth-child(2)>div:nth-child(1)>div>div:nth-child(2)>div:nth-child(2)>div').should('be.visible').should('have.text', 'Gender');",
              "err": {
                "message": "AssertionError: Timed out retrying after 15000ms: Expected to find element: `.font-medium > .inline`, but never found it.",
                "estack": "AssertionError: Timed out retrying after 15000ms: Expected to find element: `.font-medium > .inline`, but never found it.\n    at Context.eval (https://qa.rch.build-release.com/__cypress/tests?p=cypress\\e2e\\Admin_Testcases\\08_PatientCharts_Add_Edit_Delete.spec.js:147:38)",
                "diff": null
              },
              "uuid": "77555d41-34f0-4bf1-9709-0063010abe2c",
              "parentUUID": "22709bc2-856a-4c6a-bc40-2c94f3bc7656",
              "isHook": false,
              "skipped": false
            },
            {
              "title": "As a Admin the user should able to get a pop up window of add family member by clicking on \"add another member\" button on charts page",
              "fullTitle": "Add/edit/delete family member testcases As a Admin the user should able to get a pop up window of add family member by clicking on \"add another member\" button on charts page",
              "timedOut": null,
              "duration": 15385,
              "state": "failed",
              "speed": null,
              "pass": false,
              "fail": true,
              "pending": false,
              "context": null,
              "code": "cy.get('.flex-wrap > .flex').should('be.visible').should('have.text', 'Add Another Member').click();",
              "err": {
                "message": "AssertionError: Timed out retrying after 15000ms: Expected to find element: `.flex-wrap > .flex`, but never found it.",
                "estack": "AssertionError: Timed out retrying after 15000ms: Expected to find element: `.flex-wrap > .flex`, but never found it.\n    at Context.eval (https://qa.rch.build-release.com/__cypress/tests?p=cypress\\e2e\\Admin_Testcases\\08_PatientCharts_Add_Edit_Delete.spec.js:157:34)",
                "diff": null
              },
              "uuid": "3b9360ea-2857-4396-a6c5-eefcf07e4f18",
              "parentUUID": "22709bc2-856a-4c6a-bc40-2c94f3bc7656",
              "isHook": false,
              "skipped": false
            },
            {
              "title": "At add family member page each label and field have proper lable and validations",
              "fullTitle": "Add/edit/delete family member testcases At add family member page each label and field have proper lable and validations",
              "timedOut": null,
              "duration": 15440,
              "state": "failed",
              "speed": null,
              "pass": false,
              "fail": true,
              "pending": false,
              "context": null,
              "code": "cy.get('.hidden > .justify-between > .font-bold').should('be.visible').should('have.text', 'Add Minor');\ncy.get('.hidden > .justify-between > .w-6').should('be.visible');\ncy.get('.hidden > .mt-6 > .px-4 > :nth-child(1) > :nth-child(1) > .text-sm > div').should('be.visible').should('have.text', 'First Name');\ncy.get('.hidden > .mt-6 > .px-4 > :nth-child(1) > :nth-child(2) > .text-sm > div').should('be.visible').should('have.text', 'Last Name');\ncy.get('.hidden > .mt-6 > .px-4 > :nth-child(2) > div.w-full > .text-sm > div').should('be.visible').should('have.text', 'Date of Birth');\ncy.get('.hidden > .mt-6 > .px-4 > :nth-child(2) > :nth-child(2) > .block').should('be.visible').should('have.text', 'Relationship');\ncy.get('.hidden > .mt-6 > .px-4 > :nth-child(3) > :nth-child(1) > .block').should('be.visible').should('have.text', 'Gender');\ncy.get('.hidden > .mt-6 > .px-4 > .pt-4 > .flex').should('be.visible').should('have.text', 'Add Minor').click();\ncy.get(':nth-child(1) > :nth-child(1) > .text-red-600').should('be.visible').should('have.text', 'Required');\ncy.get(':nth-child(1) > :nth-child(2) > .text-red-600').should('be.visible').should('have.text', 'Required');\ncy.get(':nth-child(2) > :nth-child(1) > .text-red-600').should('be.visible').should('have.text', 'Required');\ncy.get(':nth-child(2) > :nth-child(2) > .text-red-600').should('be.visible').should('have.text', 'Required');\ncy.get(':nth-child(3) > :nth-child(1) > .text-red-600').should('be.visible').should('have.text', 'Required');",
              "err": {
                "message": "AssertionError: Timed out retrying after 15000ms: Expected to find element: `.hidden > .justify-between > .font-bold`, but never found it.",
                "estack": "AssertionError: Timed out retrying after 15000ms: Expected to find element: `.hidden > .justify-between > .font-bold`, but never found it.\n    at Context.eval (https://qa.rch.build-release.com/__cypress/tests?p=cypress\\e2e\\Admin_Testcases\\08_PatientCharts_Add_Edit_Delete.spec.js:160:55)",
                "diff": null
              },
              "uuid": "2ccb862e-f111-41bf-a2d5-0b31d91d497a",
              "parentUUID": "22709bc2-856a-4c6a-bc40-2c94f3bc7656",
              "isHook": false,
              "skipped": false
            },
            {
              "title": "By filling add family member form and cliking on add member button the family member should be added",
              "fullTitle": "Add/edit/delete family member testcases By filling add family member form and cliking on add member button the family member should be added",
              "timedOut": null,
              "duration": 15493,
              "state": "failed",
              "speed": null,
              "pass": false,
              "fail": true,
              "pending": false,
              "context": null,
              "code": "cy.get('.hidden > .mt-6 > .px-4 > :nth-child(1) > :nth-child(1) > .relative > .appearance-none').should('be.visible').type('shiva');\ncy.get('.hidden > .mt-6 > .px-4 > :nth-child(1) > :nth-child(2) > .relative > .appearance-none').should('be.visible').type('Teja');\ncy.get('.hidden > .mt-6 > .px-4 > :nth-child(2) > div.w-full > .relative > .react-datepicker-wrapper > .react-datepicker__input-container > .appearance-none').should('be.visible').click();\ncy.get('.react-datepicker__year-select').select('1991');\ncy.get('.react-datepicker__day--012').should('be.visible').click();\ncy.get('.hidden > .mt-6 > .px-4 > :nth-child(2) > :nth-child(2) > .font-bold > .css-yk16xz-control').should('be.visible').click();\ncy.get('.css-11unzgr>div:nth-child(2)').click();\ncy.get('.hidden > .mt-6 > .px-4 > :nth-child(3) > :nth-child(1) > .font-bold > .css-yk16xz-control > .css-1hwfws3').should('be.visible').click();\ncy.get('.css-11unzgr>div:nth-child(2)').click();\ncy.get('.hidden > .mt-6 > .px-4 > .pt-4 > .flex').should('be.visible').should('have.text', 'Add Minor').click();\ncy.contains('Family Member Added successfully');",
              "err": {
                "message": "AssertionError: Timed out retrying after 15000ms: Expected to find element: `.hidden > .mt-6 > .px-4 > :nth-child(1) > :nth-child(1) > .relative > .appearance-none`, but never found it.",
                "estack": "AssertionError: Timed out retrying after 15000ms: Expected to find element: `.hidden > .mt-6 > .px-4 > :nth-child(1) > :nth-child(1) > .relative > .appearance-none`, but never found it.\n    at Context.eval (https://qa.rch.build-release.com/__cypress/tests?p=cypress\\e2e\\Admin_Testcases\\08_PatientCharts_Add_Edit_Delete.spec.js:175:102)",
                "diff": null
              },
              "uuid": "200eeb76-50d1-4c6b-8269-1d7ecea1ec8a",
              "parentUUID": "22709bc2-856a-4c6a-bc40-2c94f3bc7656",
              "isHook": false,
              "skipped": false
            },
            {
              "title": "The added family member should refelect under charts section",
              "fullTitle": "Add/edit/delete family member testcases The added family member should refelect under charts section",
              "timedOut": null,
              "duration": 15485,
              "state": "failed",
              "speed": null,
              "pass": false,
              "fail": true,
              "pending": false,
              "context": null,
              "code": "cy.get(':nth-child(2) > .bg-white > .justify-between > .text-base').should('be.visible').should('have.text', 'shiva teja');\ncy.get('.h-screen>div:nth-child(2)>div:nth-child(2)>div>div:nth-child(2)>div:nth-child(2)>span').should('be.visible').should('have.text', 'Female');",
              "err": {
                "message": "AssertionError: Timed out retrying after 15000ms: Expected to find element: `:nth-child(2) > .bg-white > .justify-between > .text-base`, but never found it.",
                "estack": "AssertionError: Timed out retrying after 15000ms: Expected to find element: `:nth-child(2) > .bg-white > .justify-between > .text-base`, but never found it.\n    at Context.eval (https://qa.rch.build-release.com/__cypress/tests?p=cypress\\e2e\\Admin_Testcases\\08_PatientCharts_Add_Edit_Delete.spec.js:188:73)",
                "diff": null
              },
              "uuid": "b17fef3b-c0c6-4fef-878a-31443509d259",
              "parentUUID": "22709bc2-856a-4c6a-bc40-2c94f3bc7656",
              "isHook": false,
              "skipped": false
            },
            {
              "title": "As a Admin the user can edit the details of the family member by clicking on edit icon against the particular member",
              "fullTitle": "Add/edit/delete family member testcases As a Admin the user can edit the details of the family member by clicking on edit icon against the particular member",
              "timedOut": null,
              "duration": 15324,
              "state": "failed",
              "speed": null,
              "pass": false,
              "fail": true,
              "pending": false,
              "context": null,
              "code": "cy.get('.h-screen>div:nth-child(2)>div:nth-child(2)').should('be.visible');\ncy.get(':nth-child(2) > .bg-white > .justify-between > .flex > :nth-child(3)').should('be.visible').click();",
              "err": {
                "message": "AssertionError: Timed out retrying after 15000ms: Expected to find element: `.h-screen>div:nth-child(2)>div:nth-child(2)`, but never found it.",
                "estack": "AssertionError: Timed out retrying after 15000ms: Expected to find element: `.h-screen>div:nth-child(2)>div:nth-child(2)`, but never found it.\n    at Context.eval (https://qa.rch.build-release.com/__cypress/tests?p=cypress\\e2e\\Admin_Testcases\\08_PatientCharts_Add_Edit_Delete.spec.js:193:59)",
                "diff": null
              },
              "uuid": "0e333f76-c8af-41ba-b397-b173b594c46f",
              "parentUUID": "22709bc2-856a-4c6a-bc40-2c94f3bc7656",
              "isHook": false,
              "skipped": false
            },
            {
              "title": "At Edit family member window each label and field have proper lable and validations",
              "fullTitle": "Add/edit/delete family member testcases At Edit family member window each label and field have proper lable and validations",
              "timedOut": null,
              "duration": 15384,
              "state": "failed",
              "speed": null,
              "pass": false,
              "fail": true,
              "pending": false,
              "context": null,
              "code": "cy.get('.hidden > .justify-between > .font-bold').should('be.visible').should('have.text', 'Edit Family Member');\ncy.get('.hidden > .justify-between > .w-6').should('be.visible');\ncy.get('.hidden > .mt-6 > .px-4 > :nth-child(1) > :nth-child(1) > .text-sm > div').should('be.visible').should('have.text', 'First Name');\ncy.get('.hidden > .mt-6 > .px-4 > :nth-child(1) > :nth-child(2) > .text-sm > div').should('be.visible').should('have.text', 'Last Name');\ncy.get('.hidden > .mt-6 > .px-4 > :nth-child(2) > div.w-full > .text-sm > div').should('be.visible').should('have.text', 'Date of Birth');\ncy.get('.hidden > .mt-6 > .px-4 > :nth-child(2) > :nth-child(2) > .block').should('be.visible').should('have.text', 'Relationship');\ncy.get('.hidden > .mt-6 > .px-4 > :nth-child(3) > :nth-child(1) > .block').should('be.visible').should('have.text', 'Gender');\ncy.get('.hidden > .mt-6 > .px-4 > .pt-4 > .flex').should('be.visible').should('have.text', 'Save Details');",
              "err": {
                "message": "AssertionError: Timed out retrying after 15000ms: Expected to find element: `.hidden > .justify-between > .font-bold`, but never found it.",
                "estack": "AssertionError: Timed out retrying after 15000ms: Expected to find element: `.hidden > .justify-between > .font-bold`, but never found it.\n    at Context.eval (https://qa.rch.build-release.com/__cypress/tests?p=cypress\\e2e\\Admin_Testcases\\08_PatientCharts_Add_Edit_Delete.spec.js:197:55)",
                "diff": null
              },
              "uuid": "e2892e8c-621b-46f4-a401-c8838c7015d2",
              "parentUUID": "22709bc2-856a-4c6a-bc40-2c94f3bc7656",
              "isHook": false,
              "skipped": false
            },
            {
              "title": "After editing the family member details the user can save details by clicking save details button",
              "fullTitle": "Add/edit/delete family member testcases After editing the family member details the user can save details by clicking save details button",
              "timedOut": null,
              "duration": 15475,
              "state": "failed",
              "speed": null,
              "pass": false,
              "fail": true,
              "pending": false,
              "context": null,
              "code": "cy.get('.hidden > .mt-6 > .px-4 > :nth-child(1) > :nth-child(1) > .relative > .appearance-none').should('be.visible').clear().type('Nanda');\ncy.get('.hidden > .mt-6 > .px-4 > :nth-child(1) > :nth-child(2) > .relative > .appearance-none').should('be.visible').clear().type('Kishore');\ncy.get('.hidden > .mt-6 > .px-4 > :nth-child(2) > div.w-full > .relative > .react-datepicker-wrapper > .react-datepicker__input-container > .appearance-none').should('be.visible').click();\ncy.get('.react-datepicker__day--010').scrollIntoView().should('be.visible').click();\ncy.get('.hidden > .mt-6 > .px-4 > :nth-child(2) > :nth-child(2) > .font-bold > .css-yk16xz-control').should('be.visible').click();\ncy.get('.css-11unzgr>div:nth-child(1)').scrollIntoView().click();\ncy.get('.hidden > .mt-6 > .px-4 > :nth-child(3) > :nth-child(1) > .font-bold > .css-yk16xz-control > .css-1hwfws3').should('be.visible').click();\ncy.get('.css-11unzgr>div:nth-child(1)').scrollIntoView().click();\ncy.get('.hidden > .mt-6 > .px-4 > .pt-4 > .flex').should('be.visible').should('have.text', 'Save Details').click();\ncy.contains('Family Member Updated Successfully');\ncy.wait(2000);",
              "err": {
                "message": "AssertionError: Timed out retrying after 15000ms: Expected to find element: `.hidden > .mt-6 > .px-4 > :nth-child(1) > :nth-child(1) > .relative > .appearance-none`, but never found it.",
                "estack": "AssertionError: Timed out retrying after 15000ms: Expected to find element: `.hidden > .mt-6 > .px-4 > :nth-child(1) > :nth-child(1) > .relative > .appearance-none`, but never found it.\n    at Context.eval (https://qa.rch.build-release.com/__cypress/tests?p=cypress\\e2e\\Admin_Testcases\\08_PatientCharts_Add_Edit_Delete.spec.js:207:102)",
                "diff": null
              },
              "uuid": "f19fa4c9-b503-47f1-b763-dcd489b03db3",
              "parentUUID": "22709bc2-856a-4c6a-bc40-2c94f3bc7656",
              "isHook": false,
              "skipped": false
            },
            {
              "title": "The edited details should be refelected under charts section",
              "fullTitle": "Add/edit/delete family member testcases The edited details should be refelected under charts section",
              "timedOut": null,
              "duration": 15479,
              "state": "failed",
              "speed": null,
              "pass": false,
              "fail": true,
              "pending": false,
              "context": null,
              "code": "cy.get(':nth-child(2) > .bg-white > .justify-between > .text-base').should('be.visible').should('have.text', 'nanda kishore');\ncy.get('.h-screen>div:nth-child(2)>div:nth-child(2)>div>div:nth-child(2)>div:nth-child(2)>span').should('be.visible').should('have.text', 'Male');",
              "err": {
                "message": "AssertionError: Timed out retrying after 15000ms: Expected to find element: `:nth-child(2) > .bg-white > .justify-between > .text-base`, but never found it.",
                "estack": "AssertionError: Timed out retrying after 15000ms: Expected to find element: `:nth-child(2) > .bg-white > .justify-between > .text-base`, but never found it.\n    at Context.eval (https://qa.rch.build-release.com/__cypress/tests?p=cypress\\e2e\\Admin_Testcases\\08_PatientCharts_Add_Edit_Delete.spec.js:220:73)",
                "diff": null
              },
              "uuid": "9685306e-b489-446c-976b-eae68a54e5fd",
              "parentUUID": "22709bc2-856a-4c6a-bc40-2c94f3bc7656",
              "isHook": false,
              "skipped": false
            },
            {
              "title": "As a Admin the user can able to delete a family member by clicking on delete icon on particular member",
              "fullTitle": "Add/edit/delete family member testcases As a Admin the user can able to delete a family member by clicking on delete icon on particular member",
              "timedOut": null,
              "duration": 15530,
              "state": "failed",
              "speed": null,
              "pass": false,
              "fail": true,
              "pending": false,
              "context": null,
              "code": "cy.get('.h-screen>div:nth-child(2)>div:nth-child(2)').should('be.visible');\ncy.get(':nth-child(2) > .bg-white > .justify-between > .flex > :nth-child(2)').should('be.visible').click();",
              "err": {
                "message": "AssertionError: Timed out retrying after 15000ms: Expected to find element: `.h-screen>div:nth-child(2)>div:nth-child(2)`, but never found it.",
                "estack": "AssertionError: Timed out retrying after 15000ms: Expected to find element: `.h-screen>div:nth-child(2)>div:nth-child(2)`, but never found it.\n    at Context.eval (https://qa.rch.build-release.com/__cypress/tests?p=cypress\\e2e\\Admin_Testcases\\08_PatientCharts_Add_Edit_Delete.spec.js:225:59)",
                "diff": null
              },
              "uuid": "f3676a3c-35b9-444d-a5b8-a53b2f23e952",
              "parentUUID": "22709bc2-856a-4c6a-bc40-2c94f3bc7656",
              "isHook": false,
              "skipped": false
            },
            {
              "title": "At delete member confirmation window each label and field have proper lable and validations",
              "fullTitle": "Add/edit/delete family member testcases At delete member confirmation window each label and field have proper lable and validations",
              "timedOut": null,
              "duration": 15457,
              "state": "failed",
              "speed": null,
              "pass": false,
              "fail": true,
              "pending": false,
              "context": null,
              "code": "cy.get('.mb-4 > .font-bold').should('be.visible').should('have.text', 'Confirmation');\ncy.get('.hidden > .mb-4 > .w-6').should('be.visible');\ncy.get('.hidden > :nth-child(2) > .shadow-corner > .bg-white > .justify-between > .text-primary').should('be.visible').should('have.text', 'nanda kishore');\ncy.get('.hidden > :nth-child(2) > .shadow-corner > .bg-white > .justify-between > .flex > .font-medium').should('be.visible').should('have.text', 'son');\ncy.get('body > div:nth-child(7)>div>div>div:nth-child(1)>div>div:nth-child(1)>div>div>div:nth-child(1)>div').should('be.visible').should('have.text', 'Date of Birth');\ncy.get('body > div:nth-child(7)>div>div>div:nth-child(1)>div>div:nth-child(1)>div>div>div:nth-child(2)>div').should('be.visible').should('have.text', 'Gender');\ncy.get('body > div:nth-child(7)>div>div>div:nth-child(1)>div>div:nth-child(1)>div>div>div:nth-child(2)>span:nth-child(2)').should('be.visible').should('have.text', 'Male');\ncy.get('.hidden > :nth-child(2) > .items-center.mt-6 > .flex').should('be.visible').should('have.text', 'Are you sure, you want to remove this member?');\ncy.get('.hidden > :nth-child(2) > .mb-3 > .flex').should('be.visible').should('have.text', 'Remove');",
              "err": {
                "message": "AssertionError: Timed out retrying after 15000ms: Expected to find element: `.mb-4 > .font-bold`, but never found it.",
                "estack": "AssertionError: Timed out retrying after 15000ms: Expected to find element: `.mb-4 > .font-bold`, but never found it.\n    at Context.eval (https://qa.rch.build-release.com/__cypress/tests?p=cypress\\e2e\\Admin_Testcases\\08_PatientCharts_Add_Edit_Delete.spec.js:229:34)",
                "diff": null
              },
              "uuid": "5ab13435-5372-480f-9f0b-cc9bbc8e8ec3",
              "parentUUID": "22709bc2-856a-4c6a-bc40-2c94f3bc7656",
              "isHook": false,
              "skipped": false
            },
            {
              "title": "By clicking on remove button on confirmation window the family member should be deleted",
              "fullTitle": "Add/edit/delete family member testcases By clicking on remove button on confirmation window the family member should be deleted",
              "timedOut": null,
              "duration": 15580,
              "state": "failed",
              "speed": null,
              "pass": false,
              "fail": true,
              "pending": false,
              "context": null,
              "code": "cy.get('.hidden > :nth-child(2) > .mb-3 > .flex').should('be.visible').should('have.text', 'Remove').click();\ncy.contains('Family Member Deleted Successfully');",
              "err": {
                "message": "AssertionError: Timed out retrying after 15000ms: Expected to find element: `.hidden > :nth-child(2) > .mb-3 > .flex`, but never found it.",
                "estack": "AssertionError: Timed out retrying after 15000ms: Expected to find element: `.hidden > :nth-child(2) > .mb-3 > .flex`, but never found it.\n    at Context.eval (https://qa.rch.build-release.com/__cypress/tests?p=cypress\\e2e\\Admin_Testcases\\08_PatientCharts_Add_Edit_Delete.spec.js:240:55)",
                "diff": null
              },
              "uuid": "f8a4aa50-c41f-40be-864d-2a20cf854fbe",
              "parentUUID": "22709bc2-856a-4c6a-bc40-2c94f3bc7656",
              "isHook": false,
              "skipped": false
            },
            {
              "title": "The deleted member should not reflect under charts section",
              "fullTitle": "Add/edit/delete family member testcases The deleted member should not reflect under charts section",
              "timedOut": null,
              "duration": 15501,
              "state": "failed",
              "speed": null,
              "pass": false,
              "fail": true,
              "pending": false,
              "context": null,
              "code": "cy.get('.flex-wrap > .font-medium').should('be.visible').should('have.text', '1 Members');\ncy.logout();",
              "err": {
                "message": "AssertionError: Timed out retrying after 15000ms: Expected to find element: `.flex-wrap > .font-medium`, but never found it.",
                "estack": "AssertionError: Timed out retrying after 15000ms: Expected to find element: `.flex-wrap > .font-medium`, but never found it.\n    at Context.eval (https://qa.rch.build-release.com/__cypress/tests?p=cypress\\e2e\\Admin_Testcases\\08_PatientCharts_Add_Edit_Delete.spec.js:244:41)",
                "diff": null
              },
              "uuid": "7152cf4b-3aa8-4d34-9891-ffc0886c41ae",
              "parentUUID": "22709bc2-856a-4c6a-bc40-2c94f3bc7656",
              "isHook": false,
              "skipped": false
            }
          ],
          "suites": [],
          "passes": [],
          "failures": [
            "82f1c3e9-295c-4feb-a0c0-38c5892792a7",
            "77555d41-34f0-4bf1-9709-0063010abe2c",
            "3b9360ea-2857-4396-a6c5-eefcf07e4f18",
            "2ccb862e-f111-41bf-a2d5-0b31d91d497a",
            "200eeb76-50d1-4c6b-8269-1d7ecea1ec8a",
            "b17fef3b-c0c6-4fef-878a-31443509d259",
            "0e333f76-c8af-41ba-b397-b173b594c46f",
            "e2892e8c-621b-46f4-a401-c8838c7015d2",
            "f19fa4c9-b503-47f1-b763-dcd489b03db3",
            "9685306e-b489-446c-976b-eae68a54e5fd",
            "f3676a3c-35b9-444d-a5b8-a53b2f23e952",
            "5ab13435-5372-480f-9f0b-cc9bbc8e8ec3",
            "f8a4aa50-c41f-40be-864d-2a20cf854fbe",
            "7152cf4b-3aa8-4d34-9891-ffc0886c41ae"
          ],
          "pending": [],
          "skipped": [],
          "duration": 225295,
          "root": false,
          "rootEmpty": false,
          "_timeout": 2000
        }
      ],
      "passes": [],
      "failures": [],
      "pending": [],
      "skipped": [],
      "duration": 0,
      "root": true,
      "rootEmpty": true,
      "_timeout": 2000
    }
  ],
  "meta": {
    "mocha": {
      "version": "7.0.1"
    },
    "mochawesome": {
      "options": {
        "quiet": false,
        "reportFilename": "report",
        "saveHtml": true,
        "saveJson": true,
        "consoleReporter": "spec",
        "useInlineDiffs": false,
        "code": true
      },
      "version": "7.0.1"
    },
    "marge": {
      "options": {
        "reportDir": "cypress/reports",
        "reportFilename": "report",
        "overwrite": false,
        "html": true,
        "json": true,
        "charts": true
      },
      "version": "6.0.1"
    }
  }
}