{
  "stats": {
    "suites": 1,
    "tests": 12,
    "passes": 0,
    "pending": 0,
    "failures": 12,
    "start": "2023-04-04T18:52:38.761Z",
    "end": "2023-04-04T18:57:04.796Z",
    "duration": 266035,
    "testsRegistered": 12,
    "passPercent": 0,
    "pendingPercent": 0,
    "other": 0,
    "hasOther": false,
    "skipped": 0,
    "hasSkipped": false
  },
  "results": [
    {
      "uuid": "1f5889a4-06c9-4d93-9d6a-0d8a41951a7e",
      "title": "",
      "fullFile": "cypress\\e2e\\Admin_Testcases\\19_On_The_Way.spec.js",
      "file": "cypress\\e2e\\Admin_Testcases\\19_On_The_Way.spec.js",
      "beforeHooks": [],
      "afterHooks": [],
      "tests": [],
      "suites": [
        {
          "uuid": "4e4dfc84-502c-4ec7-a672-8b6014d01341",
          "title": "On The Way Appointment Details Test cases",
          "fullFile": "",
          "file": "",
          "beforeHooks": [],
          "afterHooks": [],
          "tests": [
            {
              "title": "As a Admin the user should be navigated to the Appointment Details page of \"On The Way\" appointment by clicking on the eye icon against that appointment",
              "fullTitle": "On The Way Appointment Details Test cases As a Admin the user should be navigated to the Appointment Details page of \"On The Way\" appointment by clicking on the eye icon against that appointment",
              "timedOut": null,
              "duration": 32975,
              "state": "failed",
              "speed": null,
              "pass": false,
              "fail": true,
              "pending": false,
              "context": null,
              "code": "cy.login(cred.email, cred.password);\ncy.url().should('contain', '/dashboard'); //Click patient tab on the left side tray\ncy.xpath('//nav/div[4]/div[2]').should('be.visible').should('have.text', 'Appointments').click();\ncy.url().should('contain', '/appointments');\ncy.xpath('//div[contains(text(),\"Ad\")]').should('be.visible').should('have.text', 'Add Filter').click();\ncy.wait(3000);\ncy.xpath('//div[contains(text(),\"on the\")]').should('be.visible').should('have.text', 'on the way').click();\ncy.wait(4000);\ncy.xpath('//tr[1]/td[8]/div[1]').scrollIntoView().should('be.visible').click();\ncy.wait(4000);\ncy.xpath('//span[contains(text(),\"on the\")]').should('be.visible').should('contain', 'on the way');",
              "err": {
                "message": "AssertionError: Timed out retrying after 20000ms: Expected to find element: `//*[@class='my-4']/div[1]`, but never found it.",
                "estack": "AssertionError: Timed out retrying after 20000ms: Expected to find element: `//*[@class='my-4']/div[1]`, but never found it.\n    at Context.eval (https://qa.rch.build-release.com/__cypress/tests?p=cypress\\support\\e2e.js:2598:41)",
                "diff": null
              },
              "uuid": "d4ded34d-2ffe-42e0-b3e5-94e5a61c58a9",
              "parentUUID": "4e4dfc84-502c-4ec7-a672-8b6014d01341",
              "isHook": false,
              "skipped": false
            },
            {
              "title": "At \"Appointment details\" page each label and field should have proper label and validations",
              "fullTitle": "On The Way Appointment Details Test cases At \"Appointment details\" page each label and field should have proper label and validations",
              "timedOut": null,
              "duration": 20246,
              "state": "failed",
              "speed": null,
              "pass": false,
              "fail": true,
              "pending": false,
              "context": null,
              "code": "cy.xpath('//div[contains(text(),\"Appointment D\")]').should('be.visible').should('have.text', 'Appointment Details');\ncy.xpath('//div[2]/div/div[4]/div[1]').should('be.visible');\ncy.xpath('//div[contains(text(),\"Appointment I\")]').should('have.text', 'Appointment ID');\ncy.xpath('//div[contains(text(),\"Requested F\")]').should('be.visible').should('have.text', 'Requested For');\ncy.xpath('//div[contains(text(),\"St\")]').should('be.visible').should('have.text', 'Status');\ncy.xpath('//div[contains(text(),\"Service A\")]').should('be.visible').should('have.text', 'Service Address');\ncy.xpath('//div[contains(text(),\"Sc\")]').should('be.visible').should('have.text', 'Scheduled On');\ncy.xpath('//div[5]/div[4]/div[1]').should('be.visible').should('have.text', 'Patients');\ncy.xpath('//div[contains(text(),\"Services R\")]').should('be.visible').should('have.text', 'Services Requested');\ncy.xpath('//div[contains(text(),\"Provider D\")]').should('be.visible').should('have.text', 'Provider Details');\ncy.xpath('//div[6]/div[2]/div/div').should('be.visible');\ncy.xpath('//button[@textid=\"cancel.appointment\"]').should('have.text', 'Cancel Appointment');",
              "err": {
                "message": "AssertionError: Timed out retrying after 20000ms: Expected to find element: `//div[contains(text(),\"Appointment D\")]`, but never found it.",
                "estack": "AssertionError: Timed out retrying after 20000ms: Expected to find element: `//div[contains(text(),\"Appointment D\")]`, but never found it.\n    at Context.eval (https://qa.rch.build-release.com/__cypress/tests?p=cypress\\e2e\\Admin_Testcases\\19_On_The_Way.spec.js:118:57)",
                "diff": null
              },
              "uuid": "add2aa54-fd44-4403-8bb2-94e226add942",
              "parentUUID": "4e4dfc84-502c-4ec7-a672-8b6014d01341",
              "isHook": false,
              "skipped": false
            },
            {
              "title": "The unique appointment id should be displayed",
              "fullTitle": "On The Way Appointment Details Test cases The unique appointment id should be displayed",
              "timedOut": null,
              "duration": 20232,
              "state": "failed",
              "speed": null,
              "pass": false,
              "fail": true,
              "pending": false,
              "context": null,
              "code": "cy.xpath('//div[contains(text(),\"Appointment I\")]').should('have.text', 'Appointment ID');",
              "err": {
                "message": "AssertionError: Timed out retrying after 20000ms: Expected to find element: `//div[contains(text(),\"Appointment I\")]`, but never found it.",
                "estack": "AssertionError: Timed out retrying after 20000ms: Expected to find element: `//div[contains(text(),\"Appointment I\")]`, but never found it.\n    at Context.eval (https://qa.rch.build-release.com/__cypress/tests?p=cypress\\e2e\\Admin_Testcases\\19_On_The_Way.spec.js:132:57)",
                "diff": null
              },
              "uuid": "d7a06e0c-c001-432f-bc06-9d843c35334e",
              "parentUUID": "4e4dfc84-502c-4ec7-a672-8b6014d01341",
              "isHook": false,
              "skipped": false
            },
            {
              "title": "The date requested by the patient should be displayed",
              "fullTitle": "On The Way Appointment Details Test cases The date requested by the patient should be displayed",
              "timedOut": null,
              "duration": 20251,
              "state": "failed",
              "speed": null,
              "pass": false,
              "fail": true,
              "pending": false,
              "context": null,
              "code": "cy.xpath('//div[contains(text(),\"Requested F\")]').should('be.visible').should('have.text', 'Requested For');",
              "err": {
                "message": "AssertionError: Timed out retrying after 20000ms: Expected to find element: `//div[contains(text(),\"Requested F\")]`, but never found it.",
                "estack": "AssertionError: Timed out retrying after 20000ms: Expected to find element: `//div[contains(text(),\"Requested F\")]`, but never found it.\n    at Context.eval (https://qa.rch.build-release.com/__cypress/tests?p=cypress\\e2e\\Admin_Testcases\\19_On_The_Way.spec.js:135:55)",
                "diff": null
              },
              "uuid": "f91854d5-c56e-4271-a50a-77bc0f975b51",
              "parentUUID": "4e4dfc84-502c-4ec7-a672-8b6014d01341",
              "isHook": false,
              "skipped": false
            },
            {
              "title": "The Service Address where the patient requested the service should be displayed",
              "fullTitle": "On The Way Appointment Details Test cases The Service Address where the patient requested the service should be displayed",
              "timedOut": null,
              "duration": 20302,
              "state": "failed",
              "speed": null,
              "pass": false,
              "fail": true,
              "pending": false,
              "context": null,
              "code": "cy.xpath('//div[contains(text(),\"Service A\")]').should('be.visible').should('have.text', 'Service Address');",
              "err": {
                "message": "AssertionError: Timed out retrying after 20000ms: Expected to find element: `//div[contains(text(),\"Service A\")]`, but never found it.",
                "estack": "AssertionError: Timed out retrying after 20000ms: Expected to find element: `//div[contains(text(),\"Service A\")]`, but never found it.\n    at Context.eval (https://qa.rch.build-release.com/__cypress/tests?p=cypress\\e2e\\Admin_Testcases\\19_On_The_Way.spec.js:138:53)",
                "diff": null
              },
              "uuid": "6350d603-e9ef-443c-873e-ed0eeaad24d9",
              "parentUUID": "4e4dfc84-502c-4ec7-a672-8b6014d01341",
              "isHook": false,
              "skipped": false
            },
            {
              "title": "As a Admin the user should be navigated to the medical history page of particular patient by clicking on the name card of that particular patient",
              "fullTitle": "On The Way Appointment Details Test cases As a Admin the user should be navigated to the medical history page of particular patient by clicking on the name card of that particular patient",
              "timedOut": null,
              "duration": 20269,
              "state": "failed",
              "speed": null,
              "pass": false,
              "fail": true,
              "pending": false,
              "context": null,
              "code": "cy.xpath('//div[4]/div[2]/div[1]/div[1]/div[1]/div[1]/*[2]').should('be.visible').click();\ncy.wait(4000);\ncy.url().should('contain', '/medical_history');\ncy.xpath('//div[2]/div/nav/div[1]/div').should('be.visible').should('have.text', 'Medical History');\ncy.get('.h-6 > path').scrollIntoView().should('be.visible').click();\ncy.wait(4000);\ncy.url().should('contain', '/appointments');",
              "err": {
                "message": "AssertionError: Timed out retrying after 20000ms: Expected to find element: `//div[4]/div[2]/div[1]/div[1]/div[1]/div[1]/*[2]`, but never found it.",
                "estack": "AssertionError: Timed out retrying after 20000ms: Expected to find element: `//div[4]/div[2]/div[1]/div[1]/div[1]/div[1]/*[2]`, but never found it.\n    at Context.eval (https://qa.rch.build-release.com/__cypress/tests?p=cypress\\e2e\\Admin_Testcases\\19_On_The_Way.spec.js:141:66)",
                "diff": null
              },
              "uuid": "b241cf9b-2758-4b1a-942a-976a34c7d36c",
              "parentUUID": "4e4dfc84-502c-4ec7-a672-8b6014d01341",
              "isHook": false,
              "skipped": false
            },
            {
              "title": "The list of services requested by the patient should be displayed",
              "fullTitle": "On The Way Appointment Details Test cases The list of services requested by the patient should be displayed",
              "timedOut": null,
              "duration": 20248,
              "state": "failed",
              "speed": null,
              "pass": false,
              "fail": true,
              "pending": false,
              "context": null,
              "code": "cy.xpath('//div[contains(text(),\"Services R\")]').should('have.text', 'Services Requested');",
              "err": {
                "message": "AssertionError: Timed out retrying after 20000ms: Expected to find element: `//div[contains(text(),\"Services R\")]`, but never found it.",
                "estack": "AssertionError: Timed out retrying after 20000ms: Expected to find element: `//div[contains(text(),\"Services R\")]`, but never found it.\n    at Context.eval (https://qa.rch.build-release.com/__cypress/tests?p=cypress\\e2e\\Admin_Testcases\\19_On_The_Way.spec.js:150:54)",
                "diff": null
              },
              "uuid": "fea8eaeb-61f6-4009-916e-095fe3eb0a0e",
              "parentUUID": "4e4dfc84-502c-4ec7-a672-8b6014d01341",
              "isHook": false,
              "skipped": false
            },
            {
              "title": "As a Admin the user can Add \"Comment for Provider\" By clicking on the \"Edit\" icon against it.",
              "fullTitle": "On The Way Appointment Details Test cases As a Admin the user can Add \"Comment for Provider\" By clicking on the \"Edit\" icon against it.",
              "timedOut": null,
              "duration": 20356,
              "state": "failed",
              "speed": null,
              "pass": false,
              "fail": true,
              "pending": false,
              "context": null,
              "code": "cy.xpath('//div[contains(text(),\"Comment for Provider\")]').scrollIntoView().should('be.visible').should('contain', 'Comment for Provider');\ncy.get('div.flex.items-center.justify-between> svg').scrollIntoView().should('be.visible').click();\ncy.xpath('//div[@class=\"mt-1.5 relative\"]/textarea').scrollIntoView().should('be.visible').clear().type('test1');\ncy.xpath('//div[@class=\"mt-1.5 relative\"]/div/button[2]').scrollIntoView().should('be.visible').should('have.text', 'Cancel');\ncy.xpath('//div[contains(text(),\"Ed\")]').scrollIntoView().should('be.visible').should('have.text', 'Edit').click();\ncy.wait(5000);\ncy.xpath('//div[contains(text(),\"test1\")]').scrollIntoView().should('be.visible').should('have.text', 'test1');\ncy.get('div.flex.items-center.justify-between> svg').scrollIntoView().should('be.visible').click();\ncy.xpath('//div[@class=\"mt-1.5 relative\"]/textarea').scrollIntoView().should('be.visible').clear().type('Sample1');\ncy.xpath('//div[contains(text(),\"Ed\")]').scrollIntoView().should('be.visible').should('have.text', 'Edit').click();\ncy.wait(5000);\ncy.xpath('//div[contains(text(),\"Sample1\")]').scrollIntoView().should('be.visible').should('have.text', 'Sample1');",
              "err": {
                "message": "AssertionError: Timed out retrying after 20000ms: Expected to find element: `//div[contains(text(),\"Comment for Provider\")]`, but never found it.",
                "estack": "AssertionError: Timed out retrying after 20000ms: Expected to find element: `//div[contains(text(),\"Comment for Provider\")]`, but never found it.\n    at Context.eval (https://qa.rch.build-release.com/__cypress/tests?p=cypress\\e2e\\Admin_Testcases\\19_On_The_Way.spec.js:153:8)",
                "diff": null
              },
              "uuid": "7cb3b89a-5802-4b21-9667-dccd01351f4c",
              "parentUUID": "4e4dfc84-502c-4ec7-a672-8b6014d01341",
              "isHook": false,
              "skipped": false
            },
            {
              "title": "The Appointment scheduled date and time should be displayed",
              "fullTitle": "On The Way Appointment Details Test cases The Appointment scheduled date and time should be displayed",
              "timedOut": null,
              "duration": 20284,
              "state": "failed",
              "speed": null,
              "pass": false,
              "fail": true,
              "pending": false,
              "context": null,
              "code": "cy.xpath('//div[contains(text(),\"Sc\")]').should('have.text', 'Scheduled On');\ncy.xpath('//div[3]/div[1]/span').should('be.visible');\ncy.wait(5000);",
              "err": {
                "message": "AssertionError: Timed out retrying after 20000ms: Expected to find element: `//div[contains(text(),\"Sc\")]`, but never found it.",
                "estack": "AssertionError: Timed out retrying after 20000ms: Expected to find element: `//div[contains(text(),\"Sc\")]`, but never found it.\n    at Context.eval (https://qa.rch.build-release.com/__cypress/tests?p=cypress\\e2e\\Admin_Testcases\\19_On_The_Way.spec.js:167:46)",
                "diff": null
              },
              "uuid": "4c104904-be19-4dca-a3b2-e833428b0d88",
              "parentUUID": "4e4dfc84-502c-4ec7-a672-8b6014d01341",
              "isHook": false,
              "skipped": false
            },
            {
              "title": "As a Admin the user should be navigated to the Profile details page of provider by clicking on name card of the provider",
              "fullTitle": "On The Way Appointment Details Test cases As a Admin the user should be navigated to the Profile details page of provider by clicking on name card of the provider",
              "timedOut": null,
              "duration": 20272,
              "state": "failed",
              "speed": null,
              "pass": false,
              "fail": true,
              "pending": false,
              "context": null,
              "code": "cy.xpath('//div[6]/div[2]/div/div').should('be.visible').click();\ncy.wait(5000);\ncy.url().should('contain', '/providers');\ncy.xpath('//div[contains(text(),\"Provider D\")]').scrollIntoView().should('be.visible').should('have.text', 'Provider Details');\ncy.get('.h-6 > path').scrollIntoView().should('be.visible').click();\ncy.wait(5000);",
              "err": {
                "message": "AssertionError: Timed out retrying after 20000ms: Expected to find element: `//div[6]/div[2]/div/div`, but never found it.",
                "estack": "AssertionError: Timed out retrying after 20000ms: Expected to find element: `//div[6]/div[2]/div/div`, but never found it.\n    at Context.eval (https://qa.rch.build-release.com/__cypress/tests?p=cypress\\e2e\\Admin_Testcases\\19_On_The_Way.spec.js:172:41)",
                "diff": null
              },
              "uuid": "769ee6f3-1339-4ec1-a571-afdf0cfc4c8b",
              "parentUUID": "4e4dfc84-502c-4ec7-a672-8b6014d01341",
              "isHook": false,
              "skipped": false
            },
            {
              "title": "As a Admin the user can chat with provider by clicking on chat icon against the provider",
              "fullTitle": "On The Way Appointment Details Test cases As a Admin the user can chat with provider by clicking on chat icon against the provider",
              "timedOut": null,
              "duration": 20329,
              "state": "failed",
              "speed": null,
              "pass": false,
              "fail": true,
              "pending": false,
              "context": null,
              "code": "cy.xpath('//div[6]/div[2]/div/div/div[2]/img').should('be.visible').click({\n  force: true\n});\ncy.wait(5000);\ncy.url().should('contain', '/chat');\ncy.xpath('//div[2]/div[1]/div[2]/div[1]/div[1]').should('be.visible').should('have.text', 'Chat');\ncy.get('div.flex.flex-wrap>.h-6').scrollIntoView().should('be.visible').click();\ncy.wait(5000);",
              "err": {
                "message": "AssertionError: Timed out retrying after 20000ms: Expected to find element: `//div[6]/div[2]/div/div/div[2]/img`, but never found it.",
                "estack": "AssertionError: Timed out retrying after 20000ms: Expected to find element: `//div[6]/div[2]/div/div/div[2]/img`, but never found it.\n    at Context.eval (https://qa.rch.build-release.com/__cypress/tests?p=cypress\\e2e\\Admin_Testcases\\19_On_The_Way.spec.js:180:52)",
                "diff": null
              },
              "uuid": "2be6f962-1347-4fde-aaf2-567010bba2f2",
              "parentUUID": "4e4dfc84-502c-4ec7-a672-8b6014d01341",
              "isHook": false,
              "skipped": false
            },
            {
              "title": "As a Admin the user can cancel the appointment after entering the cancellation reason by clicking on the cancel button",
              "fullTitle": "On The Way Appointment Details Test cases As a Admin the user can cancel the appointment after entering the cancellation reason by clicking on the cancel button",
              "timedOut": null,
              "duration": 20306,
              "state": "failed",
              "speed": null,
              "pass": false,
              "fail": true,
              "pending": false,
              "context": null,
              "code": "cy.xpath('//button[@textid=\"cancel.appointment\"]').scrollIntoView().should('have.text', 'Cancel Appointment').click({\n  force: true\n});\ncy.wait(3000);\ncy.get('div.hidden>h3>div>div').should('be.visible').should('have.text', 'Confirmation');\ncy.get('div.hidden>h3>div>svg').should('be.visible');\ncy.get('div.hidden>div').should('be.visible').should('have.text', 'Are you sure, want to cancel this appointment.');\ncy.xpath('//div[1]/form[1]/div[1]/div[1]/label[1]/div[1]').should('be.visible').should('have.text', 'Reason For Cancellation');\ncy.xpath('//div[1]/form[1]/div[1]/div[1]/div[1]').should('be.visible');\ncy.xpath('//div[1]/form[1]/div[1]/div[1]/div[1]').should('be.visible').type('Provider not available');\ncy.xpath('//div[1]/form[1]/div[2]/button').should('be.visible').should('have.text', 'Cancel Appointment').click();\ncy.wait(5000);\ncy.xpath('//span[contains(text(),\"can\")]').should('be.visible').should('have.text', 'cancelled');\ncy.logout();",
              "err": {
                "message": "AssertionError: Timed out retrying after 20000ms: Expected to find element: `//button[@textid=\"cancel.appointment\"]`, but never found it.",
                "estack": "AssertionError: Timed out retrying after 20000ms: Expected to find element: `//button[@textid=\"cancel.appointment\"]`, but never found it.\n    at Context.eval (https://qa.rch.build-release.com/__cypress/tests?p=cypress\\e2e\\Admin_Testcases\\19_On_The_Way.spec.js:190:8)",
                "diff": null
              },
              "uuid": "aa1d68c0-c826-4cb0-a44d-412150762272",
              "parentUUID": "4e4dfc84-502c-4ec7-a672-8b6014d01341",
              "isHook": false,
              "skipped": false
            }
          ],
          "suites": [],
          "passes": [],
          "failures": [
            "d4ded34d-2ffe-42e0-b3e5-94e5a61c58a9",
            "add2aa54-fd44-4403-8bb2-94e226add942",
            "d7a06e0c-c001-432f-bc06-9d843c35334e",
            "f91854d5-c56e-4271-a50a-77bc0f975b51",
            "6350d603-e9ef-443c-873e-ed0eeaad24d9",
            "b241cf9b-2758-4b1a-942a-976a34c7d36c",
            "fea8eaeb-61f6-4009-916e-095fe3eb0a0e",
            "7cb3b89a-5802-4b21-9667-dccd01351f4c",
            "4c104904-be19-4dca-a3b2-e833428b0d88",
            "769ee6f3-1339-4ec1-a571-afdf0cfc4c8b",
            "2be6f962-1347-4fde-aaf2-567010bba2f2",
            "aa1d68c0-c826-4cb0-a44d-412150762272"
          ],
          "pending": [],
          "skipped": [],
          "duration": 256070,
          "root": false,
          "rootEmpty": false,
          "_timeout": 2000
        }
      ],
      "passes": [],
      "failures": [],
      "pending": [],
      "skipped": [],
      "duration": 0,
      "root": true,
      "rootEmpty": true,
      "_timeout": 2000
    }
  ],
  "meta": {
    "mocha": {
      "version": "7.0.1"
    },
    "mochawesome": {
      "options": {
        "quiet": false,
        "reportFilename": "report",
        "saveHtml": true,
        "saveJson": true,
        "consoleReporter": "spec",
        "useInlineDiffs": false,
        "code": true
      },
      "version": "7.0.1"
    },
    "marge": {
      "options": {
        "reportDir": "cypress/reports",
        "reportFilename": "report",
        "overwrite": false,
        "html": true,
        "json": true,
        "charts": true
      },
      "version": "6.0.1"
    }
  }
}