{
  "stats": {
    "suites": 1,
    "tests": 13,
    "passes": 0,
    "pending": 0,
    "failures": 13,
    "start": "2022-08-08T07:09:41.264Z",
    "end": "2022-08-08T07:13:23.896Z",
    "duration": 222632,
    "testsRegistered": 13,
    "passPercent": 0,
    "pendingPercent": 0,
    "other": 0,
    "hasOther": false,
    "skipped": 0,
    "hasSkipped": false
  },
  "results": [
    {
      "uuid": "032caec2-9bcf-4874-9ee1-0bf1ab032276",
      "title": "",
      "fullFile": "cypress\\e2e\\Admin_Testcases\\22_Completed.spec.js",
      "file": "cypress\\e2e\\Admin_Testcases\\22_Completed.spec.js",
      "beforeHooks": [],
      "afterHooks": [],
      "tests": [],
      "suites": [
        {
          "uuid": "b2f31c31-8906-423e-b58d-377e0931ec6a",
          "title": "completed Appointment Details Test cases",
          "fullFile": "",
          "file": "",
          "beforeHooks": [],
          "afterHooks": [],
          "tests": [
            {
              "title": "As a Admin the user should be navigated to the Appointment Details page of completed appointment by clicking on the eye icon against that particular appointment",
              "fullTitle": "completed Appointment Details Test cases As a Admin the user should be navigated to the Appointment Details page of completed appointment by clicking on the eye icon against that particular appointment",
              "timedOut": null,
              "duration": 24519,
              "state": "failed",
              "speed": null,
              "pass": false,
              "fail": true,
              "pending": false,
              "context": null,
              "code": "cy.login(cred.email, cred.password);\ncy.url().should('contain', '/dashboard'); //Click patient tab on the left side tray\ncy.xpath('//nav/div[4]/div[2]').should('be.visible').should('have.text', 'Appointments').click();\ncy.url().should('contain', '/appointments');\ncy.xpath('//div[contains(text(),\"Ad\")]').should('be.visible').should('have.text', 'Add Filter').click();\ncy.wait(3000);\ncy.xpath('//div[contains(text(),\"completed\")]').should('be.visible').should('have.text', 'completed').click();\ncy.wait(4000);\ncy.xpath('//tr[1]/td[8]/div[1]').scrollIntoView().should('be.visible').click();\ncy.wait(4000);\ncy.xpath('//span[contains(text(),\"completed\")]').should('be.visible').should('contain', 'completed');",
              "err": {
                "message": "AssertionError: Timed out retrying after 15000ms: Expected to find element: `.max-w-xs > img`, but never found it.",
                "estack": "AssertionError: Timed out retrying after 15000ms: Expected to find element: `.max-w-xs > img`, but never found it.\n    at Context.eval (https://qa.rch.build-release.com/__cypress/tests?p=cypress\\support\\e2e.js:345:29)",
                "diff": null
              },
              "uuid": "27e4d52c-1884-428f-a82a-39eaa17dbb31",
              "parentUUID": "b2f31c31-8906-423e-b58d-377e0931ec6a",
              "isHook": false,
              "skipped": false
            },
            {
              "title": "At \"Appointment details\" page each label and field should have proper label and validations",
              "fullTitle": "completed Appointment Details Test cases At \"Appointment details\" page each label and field should have proper label and validations",
              "timedOut": null,
              "duration": 15406,
              "state": "failed",
              "speed": null,
              "pass": false,
              "fail": true,
              "pending": false,
              "context": null,
              "code": "cy.xpath('//div[contains(text(),\"Appointment D\")]').should('be.visible').should('have.text', 'Appointment Details');\ncy.xpath('//div[1]/div[2]/div[1]/div[1]/div[1]/*[1]').should('be.visible');\ncy.xpath('//*[@id=\"root\"]/div[2]/div/div[2]/div/div[2]/div[1]/div').should('be.visible');\ncy.xpath('//div[contains(text(),\"Appointment I\")]').should('have.text', 'Appointment ID');\ncy.xpath('//div[contains(text(),\"Requested F\")]').should('be.visible').should('have.text', 'Requested For');\ncy.xpath('//div[contains(text(),\"St\")]').should('be.visible').should('have.text', 'Status');\ncy.xpath('//div[contains(text(),\"Service A\")]').should('be.visible').should('have.text', 'Service Address');\ncy.xpath('//div[contains(text(),\"Completed \")]').should('be.visible').should('have.text', 'Completed On');\ncy.xpath('//*[@id=\"root\"]/div[2]/div/div[2]/div/div[2]/div[4]/div[1]').should('be.visible').should('have.text', 'Test Results');\ncy.xpath('//*[@id=\"root\"]/div[2]/div/div[2]/div/div[2]/div[5]/div[1]').should('be.visible').should('have.text', 'Patients');\ncy.xpath('//div[contains(text(),\"Services R\")]').should('be.visible').should('have.text', 'Services Requested');\ncy.xpath('//div[contains(text(),\"Provider D\")]').should('be.visible').should('have.text', 'Provider Details');\ncy.xpath('//div[6]/div[2]/div/div').should('be.visible');\ncy.xpath('//div[contains(text(),\"Payment D\")]').should('be.visible').should('have.text', 'Payment Details');\ncy.xpath('//div[contains(text(),\"Tota\")]').should('be.visible').should('have.text', 'Total Paid');\ncy.xpath('//div[contains(text(),\"Payment M\")]').should('be.visible').should('have.text', 'Payment Mode');\ncy.xpath('//button[@textid=\"admin.appointment.add.report\"]').should('be.visible').should('have.text', 'Add Report');\ncy.xpath('//button[@textid=\"download.invoice\"]').should('be.visible').should('have.text', 'Download Invoice');",
              "err": {
                "message": "AssertionError: Timed out retrying after 15000ms: Expected to find element: `//div[contains(text(),\"Appointment D\")]`, but never found it.",
                "estack": "AssertionError: Timed out retrying after 15000ms: Expected to find element: `//div[contains(text(),\"Appointment D\")]`, but never found it.\n    at Context.eval (https://qa.rch.build-release.com/__cypress/tests?p=cypress\\e2e\\Admin_Testcases\\22_Completed.spec.js:118:57)",
                "diff": null
              },
              "uuid": "84477f12-8c3a-45d2-9f40-a7d2ad4c9120",
              "parentUUID": "b2f31c31-8906-423e-b58d-377e0931ec6a",
              "isHook": false,
              "skipped": false
            },
            {
              "title": "The unique appointment id should be displayed",
              "fullTitle": "completed Appointment Details Test cases The unique appointment id should be displayed",
              "timedOut": null,
              "duration": 15383,
              "state": "failed",
              "speed": null,
              "pass": false,
              "fail": true,
              "pending": false,
              "context": null,
              "code": "cy.xpath('//div[contains(text(),\"Appointment I\")]').should('have.text', 'Appointment ID');",
              "err": {
                "message": "AssertionError: Timed out retrying after 15000ms: Expected to find element: `//div[contains(text(),\"Appointment I\")]`, but never found it.",
                "estack": "AssertionError: Timed out retrying after 15000ms: Expected to find element: `//div[contains(text(),\"Appointment I\")]`, but never found it.\n    at Context.eval (https://qa.rch.build-release.com/__cypress/tests?p=cypress\\e2e\\Admin_Testcases\\22_Completed.spec.js:138:57)",
                "diff": null
              },
              "uuid": "01b68e36-9208-439a-80ce-d4910b098cb0",
              "parentUUID": "b2f31c31-8906-423e-b58d-377e0931ec6a",
              "isHook": false,
              "skipped": false
            },
            {
              "title": "The date requested by the patient should be displayed",
              "fullTitle": "completed Appointment Details Test cases The date requested by the patient should be displayed",
              "timedOut": null,
              "duration": 15442,
              "state": "failed",
              "speed": null,
              "pass": false,
              "fail": true,
              "pending": false,
              "context": null,
              "code": "cy.xpath('//div[contains(text(),\"Requested F\")]').should('be.visible').should('have.text', 'Requested For');",
              "err": {
                "message": "AssertionError: Timed out retrying after 15000ms: Expected to find element: `//div[contains(text(),\"Requested F\")]`, but never found it.",
                "estack": "AssertionError: Timed out retrying after 15000ms: Expected to find element: `//div[contains(text(),\"Requested F\")]`, but never found it.\n    at Context.eval (https://qa.rch.build-release.com/__cypress/tests?p=cypress\\e2e\\Admin_Testcases\\22_Completed.spec.js:141:55)",
                "diff": null
              },
              "uuid": "e22f9467-d536-4d08-9555-ace098b0da1d",
              "parentUUID": "b2f31c31-8906-423e-b58d-377e0931ec6a",
              "isHook": false,
              "skipped": false
            },
            {
              "title": "The Service Address where the patient requested the service should be displayed",
              "fullTitle": "completed Appointment Details Test cases The Service Address where the patient requested the service should be displayed",
              "timedOut": null,
              "duration": 15349,
              "state": "failed",
              "speed": null,
              "pass": false,
              "fail": true,
              "pending": false,
              "context": null,
              "code": "cy.xpath('//div[contains(text(),\"Service A\")]').should('be.visible').should('have.text', 'Service Address');",
              "err": {
                "message": "AssertionError: Timed out retrying after 15000ms: Expected to find element: `//div[contains(text(),\"Service A\")]`, but never found it.",
                "estack": "AssertionError: Timed out retrying after 15000ms: Expected to find element: `//div[contains(text(),\"Service A\")]`, but never found it.\n    at Context.eval (https://qa.rch.build-release.com/__cypress/tests?p=cypress\\e2e\\Admin_Testcases\\22_Completed.spec.js:144:53)",
                "diff": null
              },
              "uuid": "49242282-800b-44d5-bfa3-e9d57ef51aca",
              "parentUUID": "b2f31c31-8906-423e-b58d-377e0931ec6a",
              "isHook": false,
              "skipped": false
            },
            {
              "title": "As a Admin the user should be navigated to the medical history page of particular patient by clicking on the name card of that particular patient",
              "fullTitle": "completed Appointment Details Test cases As a Admin the user should be navigated to the medical history page of particular patient by clicking on the name card of that particular patient",
              "timedOut": null,
              "duration": 15415,
              "state": "failed",
              "speed": null,
              "pass": false,
              "fail": true,
              "pending": false,
              "context": null,
              "code": "cy.xpath('//div[5]/div[2]/div[1]/div[1]/div[1]/div[1]/*[2]').should('be.visible').click();\ncy.wait(4000);\ncy.url().should('contain', '/medical_history');\ncy.xpath('//div[2]/div/nav/div[1]/div').should('be.visible').should('have.text', 'Medical History');\ncy.xpath('//div[@id=\"root\"]/div[2]/div[1]/div[2]/div[1]/div[1]/*[1]').scrollIntoView().should('be.visible').click();\ncy.wait(4000);\ncy.url().should('contain', '/appointments');",
              "err": {
                "message": "AssertionError: Timed out retrying after 15000ms: Expected to find element: `//div[5]/div[2]/div[1]/div[1]/div[1]/div[1]/*[2]`, but never found it.",
                "estack": "AssertionError: Timed out retrying after 15000ms: Expected to find element: `//div[5]/div[2]/div[1]/div[1]/div[1]/div[1]/*[2]`, but never found it.\n    at Context.eval (https://qa.rch.build-release.com/__cypress/tests?p=cypress\\e2e\\Admin_Testcases\\22_Completed.spec.js:147:66)",
                "diff": null
              },
              "uuid": "fe3d4f96-efc0-4912-bb12-434bd7d79627",
              "parentUUID": "b2f31c31-8906-423e-b58d-377e0931ec6a",
              "isHook": false,
              "skipped": false
            },
            {
              "title": "The list of services requested by the patient should be displayed",
              "fullTitle": "completed Appointment Details Test cases The list of services requested by the patient should be displayed",
              "timedOut": null,
              "duration": 15447,
              "state": "failed",
              "speed": null,
              "pass": false,
              "fail": true,
              "pending": false,
              "context": null,
              "code": "cy.xpath('//div[contains(text(),\"Services R\")]').should('have.text', 'Services Requested');",
              "err": {
                "message": "AssertionError: Timed out retrying after 15000ms: Expected to find element: `//div[contains(text(),\"Services R\")]`, but never found it.",
                "estack": "AssertionError: Timed out retrying after 15000ms: Expected to find element: `//div[contains(text(),\"Services R\")]`, but never found it.\n    at Context.eval (https://qa.rch.build-release.com/__cypress/tests?p=cypress\\e2e\\Admin_Testcases\\22_Completed.spec.js:156:54)",
                "diff": null
              },
              "uuid": "fea479ab-30df-43ae-ab11-ffe3c88e6d28",
              "parentUUID": "b2f31c31-8906-423e-b58d-377e0931ec6a",
              "isHook": false,
              "skipped": false
            },
            {
              "title": "The Appointment Completed date and time should be displayed",
              "fullTitle": "completed Appointment Details Test cases The Appointment Completed date and time should be displayed",
              "timedOut": null,
              "duration": 15391,
              "state": "failed",
              "speed": null,
              "pass": false,
              "fail": true,
              "pending": false,
              "context": null,
              "code": "cy.xpath('//div[contains(text(),\"Comp\")]').should('have.text', 'Completed On');\ncy.xpath('//div[3]/div[1]/span').should('be.visible');\ncy.wait(5000);",
              "err": {
                "message": "AssertionError: Timed out retrying after 15000ms: Expected to find element: `//div[contains(text(),\"Comp\")]`, but never found it.",
                "estack": "AssertionError: Timed out retrying after 15000ms: Expected to find element: `//div[contains(text(),\"Comp\")]`, but never found it.\n    at Context.eval (https://qa.rch.build-release.com/__cypress/tests?p=cypress\\e2e\\Admin_Testcases\\22_Completed.spec.js:159:48)",
                "diff": null
              },
              "uuid": "32ea855a-fa00-4abf-84e8-7d803dfd48b8",
              "parentUUID": "b2f31c31-8906-423e-b58d-377e0931ec6a",
              "isHook": false,
              "skipped": false
            },
            {
              "title": "As a Admin the user should be navigated to the Profile details page of provider by clicking on name card of the provider",
              "fullTitle": "completed Appointment Details Test cases As a Admin the user should be navigated to the Profile details page of provider by clicking on name card of the provider",
              "timedOut": null,
              "duration": 15479,
              "state": "failed",
              "speed": null,
              "pass": false,
              "fail": true,
              "pending": false,
              "context": null,
              "code": "cy.xpath('//div[7]/div[2]/div/div').should('be.visible').click();\ncy.wait(5000);\ncy.url().should('contain', '/providers');\ncy.xpath('//div[contains(text(),\"Provider D\")]').scrollIntoView().should('be.visible').should('have.text', 'Provider Details');\ncy.xpath('//div[@id=\"root\"]/div[2]/div[1]/div[2]/div[1]/div[1]/*[1]').scrollIntoView().should('be.visible').click();\ncy.wait(5000);",
              "err": {
                "message": "AssertionError: Timed out retrying after 15000ms: Expected to find element: `//div[7]/div[2]/div/div`, but never found it.",
                "estack": "AssertionError: Timed out retrying after 15000ms: Expected to find element: `//div[7]/div[2]/div/div`, but never found it.\n    at Context.eval (https://qa.rch.build-release.com/__cypress/tests?p=cypress\\e2e\\Admin_Testcases\\22_Completed.spec.js:164:41)",
                "diff": null
              },
              "uuid": "1a6fb53b-ca62-4f0f-92b1-ec11f2b2cb75",
              "parentUUID": "b2f31c31-8906-423e-b58d-377e0931ec6a",
              "isHook": false,
              "skipped": false
            },
            {
              "title": "As a Admin the user can chat with provider by clicking on chat icon against the provider",
              "fullTitle": "completed Appointment Details Test cases As a Admin the user can chat with provider by clicking on chat icon against the provider",
              "timedOut": null,
              "duration": 15418,
              "state": "failed",
              "speed": null,
              "pass": false,
              "fail": true,
              "pending": false,
              "context": null,
              "code": "cy.xpath('//div[7]/div[2]/div/div/div[2]/img').should('be.visible').click();\ncy.wait(5000);\ncy.url().should('contain', '/chat');\ncy.xpath('//div[2]/div[1]/div[2]/div[1]/div[1]').should('be.visible').should('have.text', 'Chat');\ncy.xpath('//div[2]/div[1]/div[2]/div[1]/*[1]').should('be.visible').click();\ncy.wait(5000);",
              "err": {
                "message": "AssertionError: Timed out retrying after 15000ms: Expected to find element: `//div[7]/div[2]/div/div/div[2]/img`, but never found it.",
                "estack": "AssertionError: Timed out retrying after 15000ms: Expected to find element: `//div[7]/div[2]/div/div/div[2]/img`, but never found it.\n    at Context.eval (https://qa.rch.build-release.com/__cypress/tests?p=cypress\\e2e\\Admin_Testcases\\22_Completed.spec.js:172:52)",
                "diff": null
              },
              "uuid": "11174664-faa2-48e4-a419-f3d80557215f",
              "parentUUID": "b2f31c31-8906-423e-b58d-377e0931ec6a",
              "isHook": false,
              "skipped": false
            },
            {
              "title": "As a Admin the user can add reports by clicking on the Add Report button",
              "fullTitle": "completed Appointment Details Test cases As a Admin the user can add reports by clicking on the Add Report button",
              "timedOut": null,
              "duration": 15524,
              "state": "failed",
              "speed": null,
              "pass": false,
              "fail": true,
              "pending": false,
              "context": null,
              "code": "cy.xpath('//button[@textid=\"admin.appointment.add.report\"]').should('be.visible').should('have.text', 'Add Report').click();\ncy.wait(3000);\ncy.xpath('//div[4]/div[1]/div[1]/div[1]/div[1]/div[1]').should('be.visible').should('have.text', 'Add Report');\ncy.get('.hidden:nth-child(1)>div:nth-child(1)>svg').should('be.visible');\ncy.xpath('//div[1]/div[2]/form/div[1]/div[1]').should('be.visible').should('have.text', 'Select Patient');\ncy.xpath('//div[1]/div[2]/form/div[1]/div[2]').should('be.visible').click();\ncy.wait(3000);\ncy.get('.css-1n7v3ny-option').should('be.visible').click();\ncy.xpath('//div[1]/div[2]/form/div[2]/label').should('be.visible').should('have.text', 'Report Name');\ncy.xpath('//div[1]/div[2]/form/div[2]/div').should('be.visible').type('Report');\ncy.xpath('//div[1]/div[2]/form/div[3]/input').attachFile('file.pdf');\ncy.wait(10000);\ncy.xpath('//div[1]/div[2]/form/div[4]/button').should('be.visible').should('have.text', 'Submit').click();\ncy.wait(3000);\ncy.contains('Report Added successfully');",
              "err": {
                "message": "AssertionError: Timed out retrying after 15000ms: Expected to find element: `//button[@textid=\"admin.appointment.add.report\"]`, but never found it.",
                "estack": "AssertionError: Timed out retrying after 15000ms: Expected to find element: `//button[@textid=\"admin.appointment.add.report\"]`, but never found it.\n    at Context.eval (https://qa.rch.build-release.com/__cypress/tests?p=cypress\\e2e\\Admin_Testcases\\22_Completed.spec.js:180:66)",
                "diff": null
              },
              "uuid": "3aa1d1bc-6537-4d86-849a-75d550a9047e",
              "parentUUID": "b2f31c31-8906-423e-b58d-377e0931ec6a",
              "isHook": false,
              "skipped": false
            },
            {
              "title": "As a Admin the user can download the invoice by clicking \"Download Invoice\" button",
              "fullTitle": "completed Appointment Details Test cases As a Admin the user can download the invoice by clicking \"Download Invoice\" button",
              "timedOut": null,
              "duration": 15551,
              "state": "failed",
              "speed": null,
              "pass": false,
              "fail": true,
              "pending": false,
              "context": null,
              "code": "cy.xpath('//button[@textid=\"download.invoice\"]').should('be.visible').should('have.text', 'Download Invoice').click();",
              "err": {
                "message": "AssertionError: Timed out retrying after 15000ms: Expected to find element: `//button[@textid=\"download.invoice\"]`, but never found it.",
                "estack": "AssertionError: Timed out retrying after 15000ms: Expected to find element: `//button[@textid=\"download.invoice\"]`, but never found it.\n    at Context.eval (https://qa.rch.build-release.com/__cypress/tests?p=cypress\\e2e\\Admin_Testcases\\22_Completed.spec.js:197:54)",
                "diff": null
              },
              "uuid": "ee82999c-04b5-43d8-9c94-c6fa1dc6ac19",
              "parentUUID": "b2f31c31-8906-423e-b58d-377e0931ec6a",
              "isHook": false,
              "skipped": false
            },
            {
              "title": "As a Admin the user can click on the \"View Results\" button to view the report added",
              "fullTitle": "completed Appointment Details Test cases As a Admin the user can click on the \"View Results\" button to view the report added",
              "timedOut": null,
              "duration": 15516,
              "state": "failed",
              "speed": null,
              "pass": false,
              "fail": true,
              "pending": false,
              "context": null,
              "code": "cy.xpath('//div[1]/a/div/div[2]/div').should('be.visible').should('have.text', 'View Results').click();\ncy.wait(3000);\ncy.logout();",
              "err": {
                "message": "AssertionError: Timed out retrying after 15000ms: Expected to find element: `//div[1]/a/div/div[2]/div`, but never found it.",
                "estack": "AssertionError: Timed out retrying after 15000ms: Expected to find element: `//div[1]/a/div/div[2]/div`, but never found it.\n    at Context.eval (https://qa.rch.build-release.com/__cypress/tests?p=cypress\\e2e\\Admin_Testcases\\22_Completed.spec.js:200:43)",
                "diff": null
              },
              "uuid": "fd02b010-41ee-4105-957f-96126dc14de9",
              "parentUUID": "b2f31c31-8906-423e-b58d-377e0931ec6a",
              "isHook": false,
              "skipped": false
            }
          ],
          "suites": [],
          "passes": [],
          "failures": [
            "27e4d52c-1884-428f-a82a-39eaa17dbb31",
            "84477f12-8c3a-45d2-9f40-a7d2ad4c9120",
            "01b68e36-9208-439a-80ce-d4910b098cb0",
            "e22f9467-d536-4d08-9555-ace098b0da1d",
            "49242282-800b-44d5-bfa3-e9d57ef51aca",
            "fe3d4f96-efc0-4912-bb12-434bd7d79627",
            "fea479ab-30df-43ae-ab11-ffe3c88e6d28",
            "32ea855a-fa00-4abf-84e8-7d803dfd48b8",
            "1a6fb53b-ca62-4f0f-92b1-ec11f2b2cb75",
            "11174664-faa2-48e4-a419-f3d80557215f",
            "3aa1d1bc-6537-4d86-849a-75d550a9047e",
            "ee82999c-04b5-43d8-9c94-c6fa1dc6ac19",
            "fd02b010-41ee-4105-957f-96126dc14de9"
          ],
          "pending": [],
          "skipped": [],
          "duration": 209840,
          "root": false,
          "rootEmpty": false,
          "_timeout": 2000
        }
      ],
      "passes": [],
      "failures": [],
      "pending": [],
      "skipped": [],
      "duration": 0,
      "root": true,
      "rootEmpty": true,
      "_timeout": 2000
    }
  ],
  "meta": {
    "mocha": {
      "version": "7.0.1"
    },
    "mochawesome": {
      "options": {
        "quiet": false,
        "reportFilename": "report",
        "saveHtml": true,
        "saveJson": true,
        "consoleReporter": "spec",
        "useInlineDiffs": false,
        "code": true
      },
      "version": "7.0.1"
    },
    "marge": {
      "options": {
        "reportDir": "cypress/reports",
        "reportFilename": "report",
        "overwrite": false,
        "html": true,
        "json": true,
        "charts": true
      },
      "version": "6.0.1"
    }
  }
}