{
  "stats": {
    "suites": 1,
    "tests": 7,
    "passes": 7,
    "pending": 0,
    "failures": 0,
    "start": "2021-09-29T05:31:41.477Z",
    "end": "2021-09-29T05:32:11.783Z",
    "duration": 30306,
    "testsRegistered": 7,
    "passPercent": 100,
    "pendingPercent": 0,
    "other": 0,
    "hasOther": false,
    "skipped": 0,
    "hasSkipped": false
  },
  "results": [
    {
      "uuid": "5a1524a0-3aa3-433c-bc6f-7d77bb97df74",
      "title": "",
      "fullFile": "cypress/integration/Patient_Testcases/13_Home.spec.js",
      "file": "cypress/integration/Patient_Testcases/13_Home.spec.js",
      "beforeHooks": [],
      "afterHooks": [],
      "tests": [],
      "suites": [
        {
          "uuid": "713735ad-6be4-4c82-8df8-dd21024b6103",
          "title": "Home module testcases",
          "fullFile": "",
          "file": "",
          "beforeHooks": [],
          "afterHooks": [],
          "tests": [
            {
              "title": "As a Patient the user should be navigated to the home page after log in successfully",
              "fullTitle": "Home module testcases As a Patient the user should be navigated to the home page after log in successfully",
              "timedOut": null,
              "duration": 8874,
              "state": "passed",
              "speed": "slow",
              "pass": true,
              "fail": false,
              "pending": false,
              "context": null,
              "code": "cy.patientlogin(cred.pemail, cred.ppassword);\ncy.url().should('contain', '/home');",
              "err": {},
              "uuid": "893165f9-2017-4982-a219-12e07bc35584",
              "parentUUID": "713735ad-6be4-4c82-8df8-dd21024b6103",
              "isHook": false,
              "skipped": false
            },
            {
              "title": "At Home page each label and field have proper lable and validations",
              "fullTitle": "Home module testcases At Home page each label and field have proper lable and validations",
              "timedOut": null,
              "duration": 451,
              "state": "passed",
              "speed": "slow",
              "pass": true,
              "fail": false,
              "pending": false,
              "context": null,
              "code": "cy.get('.flex-col > .flex').should('be.visible').should('contain', 'Greetings');\ncy.get('.flex-col > .text-primary > div').should('be.visible').should('contain', 'How can we help');\ncy.get('[href=\"/appointments/book_appointment/Telemedicine\"] > .bg-white').should('be.visible').should('contain', 'Telemedicine');\ncy.get('[href=\"/appointments/book_appointment/In Home Urgent Care\"] > .bg-white').should('be.visible').should('contain', 'In Home Urgent Care');\ncy.get('[href=\"/appointments/book_appointment/In Home Covid Testing\"] > .bg-white').should('be.visible').should('contain', 'In Home Covid Testing');\ncy.get('[href=\"/appointments/book_appointment/In Home Wellness Infusions\"] > .bg-white').should('be.visible').should('contain', 'In Home Wellness Infusions');\ncy.get('[href=\"/appointments/book_appointment/In Home Wellness Aesthetics\"] > .bg-white').should('be.visible').should('contain', 'In Home Wellness Aesthetics');",
              "err": {},
              "uuid": "fa4e374e-2912-4913-b9c8-12326477a67e",
              "parentUUID": "713735ad-6be4-4c82-8df8-dd21024b6103",
              "isHook": false,
              "skipped": false
            },
            {
              "title": "As a Patient the user should be navigated to the Book appointment page by cliking on \"Tele medicine\" tab",
              "fullTitle": "Home module testcases As a Patient the user should be navigated to the Book appointment page by cliking on \"Tele medicine\" tab",
              "timedOut": null,
              "duration": 3349,
              "state": "passed",
              "speed": "slow",
              "pass": true,
              "fail": false,
              "pending": false,
              "context": null,
              "code": "cy.get('[href=\"/appointments/book_appointment/Telemedicine\"] > .bg-white').should('be.visible').should('contain', 'Telemedicine').click();\ncy.url().should('contain', '/appointments');\ncy.wait(3000);\ncy.get('[href=\"/home\"]').should('be.visible').should('have.text', 'Home').click();",
              "err": {},
              "uuid": "b0dba7a6-0914-4cc5-9e7e-81a2f69095f9",
              "parentUUID": "713735ad-6be4-4c82-8df8-dd21024b6103",
              "isHook": false,
              "skipped": false
            },
            {
              "title": "As a Patient the user should be navigated to the Book appointment page by cliking on \"In Home Urgent Care\" tab",
              "fullTitle": "Home module testcases As a Patient the user should be navigated to the Book appointment page by cliking on \"In Home Urgent Care\" tab",
              "timedOut": null,
              "duration": 3355,
              "state": "passed",
              "speed": "slow",
              "pass": true,
              "fail": false,
              "pending": false,
              "context": null,
              "code": "cy.get('[href=\"/appointments/book_appointment/In Home Urgent Care\"] > .bg-white').should('be.visible').should('contain', 'In Home Urgent Care').click();\ncy.url().should('contain', '/appointments');\ncy.wait(3000);\ncy.get('[href=\"/home\"]').should('be.visible').should('have.text', 'Home').click();",
              "err": {},
              "uuid": "4ec333aa-99f7-48bb-924c-79bd6b2a14c7",
              "parentUUID": "713735ad-6be4-4c82-8df8-dd21024b6103",
              "isHook": false,
              "skipped": false
            },
            {
              "title": "As a Patient the user should be navigated to the Book appointment page by cliking on \"In Home Covid Testing\" tab",
              "fullTitle": "Home module testcases As a Patient the user should be navigated to the Book appointment page by cliking on \"In Home Covid Testing\" tab",
              "timedOut": null,
              "duration": 3372,
              "state": "passed",
              "speed": "slow",
              "pass": true,
              "fail": false,
              "pending": false,
              "context": null,
              "code": "cy.get('[href=\"/appointments/book_appointment/In Home Covid Testing\"] > .bg-white').should('be.visible').should('contain', 'In Home Covid Testing').click();\ncy.url().should('contain', '/appointments');\ncy.wait(3000);\ncy.get('[href=\"/home\"]').should('be.visible').should('have.text', 'Home').click();",
              "err": {},
              "uuid": "d85e0ad4-066f-4353-8007-c9a1ccfc5fdc",
              "parentUUID": "713735ad-6be4-4c82-8df8-dd21024b6103",
              "isHook": false,
              "skipped": false
            },
            {
              "title": "As a Patient the user should be navigated to the Book appointment page by cliking on \"In Home Wellness Infusions\" tab",
              "fullTitle": "Home module testcases As a Patient the user should be navigated to the Book appointment page by cliking on \"In Home Wellness Infusions\" tab",
              "timedOut": null,
              "duration": 3353,
              "state": "passed",
              "speed": "slow",
              "pass": true,
              "fail": false,
              "pending": false,
              "context": null,
              "code": "cy.get('[href=\"/appointments/book_appointment/In Home Wellness Infusions\"] > .bg-white').should('be.visible').should('contain', 'In Home Wellness Infusions').click();\ncy.url().should('contain', '/appointments');\ncy.wait(3000);\ncy.get('[href=\"/home\"]').should('be.visible').should('have.text', 'Home').click();",
              "err": {},
              "uuid": "0098925b-7bfb-4d81-9acd-48d436c0ab08",
              "parentUUID": "713735ad-6be4-4c82-8df8-dd21024b6103",
              "isHook": false,
              "skipped": false
            },
            {
              "title": "As a Patient the user should be navigated to the Book appointment page by cliking on \"In Home Wellness Aesthetics\" tab",
              "fullTitle": "Home module testcases As a Patient the user should be navigated to the Book appointment page by cliking on \"In Home Wellness Aesthetics\" tab",
              "timedOut": null,
              "duration": 3348,
              "state": "passed",
              "speed": "slow",
              "pass": true,
              "fail": false,
              "pending": false,
              "context": null,
              "code": "cy.get('[href=\"/appointments/book_appointment/In Home Wellness Aesthetics\"] > .bg-white').should('be.visible').should('contain', 'In Home Wellness Aesthetics').click();\ncy.url().should('contain', '/appointments');\ncy.wait(3000);\ncy.get('[href=\"/home\"]').should('be.visible').should('have.text', 'Home').click();",
              "err": {},
              "uuid": "f7be96e5-1746-41bc-a7fa-7be3f010710f",
              "parentUUID": "713735ad-6be4-4c82-8df8-dd21024b6103",
              "isHook": false,
              "skipped": false
            }
          ],
          "suites": [],
          "passes": [
            "893165f9-2017-4982-a219-12e07bc35584",
            "fa4e374e-2912-4913-b9c8-12326477a67e",
            "b0dba7a6-0914-4cc5-9e7e-81a2f69095f9",
            "4ec333aa-99f7-48bb-924c-79bd6b2a14c7",
            "d85e0ad4-066f-4353-8007-c9a1ccfc5fdc",
            "0098925b-7bfb-4d81-9acd-48d436c0ab08",
            "f7be96e5-1746-41bc-a7fa-7be3f010710f"
          ],
          "failures": [],
          "pending": [],
          "skipped": [],
          "duration": 26102,
          "root": false,
          "rootEmpty": false,
          "_timeout": 2000
        }
      ],
      "passes": [],
      "failures": [],
      "pending": [],
      "skipped": [],
      "duration": 0,
      "root": true,
      "rootEmpty": true,
      "_timeout": 2000
    }
  ],
  "meta": {
    "mocha": {
      "version": "7.0.1"
    },
    "mochawesome": {
      "options": {
        "quiet": false,
        "reportFilename": "report",
        "saveHtml": true,
        "saveJson": true,
        "consoleReporter": "spec",
        "useInlineDiffs": false,
        "code": true
      },
      "version": "6.2.2"
    },
    "marge": {
      "options": {
        "reportDir": "cypress/reports",
        "reportFilename": "report",
        "overwrite": false,
        "html": true,
        "json": true,
        "charts": true
      },
      "version": "5.2.0"
    }
  }
}