{
  "stats": {
    "suites": 1,
    "tests": 7,
    "passes": 7,
    "pending": 0,
    "failures": 0,
    "start": "2021-09-21T15:40:16.810Z",
    "end": "2021-09-21T15:40:51.509Z",
    "duration": 34699,
    "testsRegistered": 7,
    "passPercent": 100,
    "pendingPercent": 0,
    "other": 0,
    "hasOther": false,
    "skipped": 0,
    "hasSkipped": false
  },
  "results": [
    {
      "uuid": "2a3bdfe8-d980-4f40-90f3-e15a23d80f98",
      "title": "",
      "fullFile": "cypress/integration/Patient_Testcases/13_Home.spec.js",
      "file": "cypress/integration/Patient_Testcases/13_Home.spec.js",
      "beforeHooks": [],
      "afterHooks": [],
      "tests": [],
      "suites": [
        {
          "uuid": "b8f2049d-15f9-47c5-bf68-17feb7ba271a",
          "title": "Home module testcases",
          "fullFile": "",
          "file": "",
          "beforeHooks": [],
          "afterHooks": [],
          "tests": [
            {
              "title": "As a Patient the user should be navigated to the home page after log in successfully",
              "fullTitle": "Home module testcases As a Patient the user should be navigated to the home page after log in successfully",
              "timedOut": null,
              "duration": 9967,
              "state": "passed",
              "speed": "slow",
              "pass": true,
              "fail": false,
              "pending": false,
              "context": null,
              "code": "cy.patientlogin(cred.pemail, cred.ppassword);\ncy.url().should('contain', '/home');",
              "err": {},
              "uuid": "f31ddc02-402c-45ea-b21d-0ca01db4cf69",
              "parentUUID": "b8f2049d-15f9-47c5-bf68-17feb7ba271a",
              "isHook": false,
              "skipped": false
            },
            {
              "title": "At Home page each label and field have proper lable and validations",
              "fullTitle": "Home module testcases At Home page each label and field have proper lable and validations",
              "timedOut": null,
              "duration": 486,
              "state": "passed",
              "speed": "slow",
              "pass": true,
              "fail": false,
              "pending": false,
              "context": null,
              "code": "cy.get('.flex-col > .flex').should('be.visible').should('contain', 'Greetings');\ncy.get('.flex-col > .text-primary > div').should('be.visible').should('contain', 'How can we help');\ncy.get('[href=\"/appointments/book_appointment/Telemedicine\"] > .bg-white').should('be.visible').should('contain', 'Telemedicine');\ncy.get('[href=\"/appointments/book_appointment/In Home Urgent Care\"] > .bg-white').should('be.visible').should('contain', 'In Home Urgent Care');\ncy.get('[href=\"/appointments/book_appointment/In Home Covid Testing\"] > .bg-white').should('be.visible').should('contain', 'In Home Covid Testing');\ncy.get('[href=\"/appointments/book_appointment/In Home Wellness Infusions\"] > .bg-white').should('be.visible').should('contain', 'In Home Wellness Infusions');\ncy.get('[href=\"/appointments/book_appointment/In Home Wellness Aesthetics\"] > .bg-white').should('be.visible').should('contain', 'In Home Wellness Aesthetics');",
              "err": {},
              "uuid": "5cb911ec-4b00-4780-afdc-afacf176824f",
              "parentUUID": "b8f2049d-15f9-47c5-bf68-17feb7ba271a",
              "isHook": false,
              "skipped": false
            },
            {
              "title": "As a Patient the user should be navigated to the Book appointment page by cliking on \"Tele medicine\" tab",
              "fullTitle": "Home module testcases As a Patient the user should be navigated to the Book appointment page by cliking on \"Tele medicine\" tab",
              "timedOut": null,
              "duration": 3671,
              "state": "passed",
              "speed": "slow",
              "pass": true,
              "fail": false,
              "pending": false,
              "context": null,
              "code": "cy.get('[href=\"/appointments/book_appointment/Telemedicine\"] > .bg-white').should('be.visible').should('contain', 'Telemedicine').click();\ncy.url().should('contain', '/appointments');\ncy.wait(3000);\ncy.get('[href=\"/home\"]').should('be.visible').should('have.text', 'Home').click();",
              "err": {},
              "uuid": "83b9cad8-c74a-4e38-8339-3118b31840ab",
              "parentUUID": "b8f2049d-15f9-47c5-bf68-17feb7ba271a",
              "isHook": false,
              "skipped": false
            },
            {
              "title": "As a Patient the user should be navigated to the Book appointment page by cliking on \"In Home Urgent Care\" tab",
              "fullTitle": "Home module testcases As a Patient the user should be navigated to the Book appointment page by cliking on \"In Home Urgent Care\" tab",
              "timedOut": null,
              "duration": 3654,
              "state": "passed",
              "speed": "slow",
              "pass": true,
              "fail": false,
              "pending": false,
              "context": null,
              "code": "cy.get('[href=\"/appointments/book_appointment/In Home Urgent Care\"] > .bg-white').should('be.visible').should('contain', 'In Home Urgent Care').click();\ncy.url().should('contain', '/appointments');\ncy.wait(3000);\ncy.get('[href=\"/home\"]').should('be.visible').should('have.text', 'Home').click();",
              "err": {},
              "uuid": "893ab8b8-251f-475f-b941-9c9f387c5cf9",
              "parentUUID": "b8f2049d-15f9-47c5-bf68-17feb7ba271a",
              "isHook": false,
              "skipped": false
            },
            {
              "title": "As a Patient the user should be navigated to the Book appointment page by cliking on \"In Home Covid Testing\" tab",
              "fullTitle": "Home module testcases As a Patient the user should be navigated to the Book appointment page by cliking on \"In Home Covid Testing\" tab",
              "timedOut": null,
              "duration": 3663,
              "state": "passed",
              "speed": "slow",
              "pass": true,
              "fail": false,
              "pending": false,
              "context": null,
              "code": "cy.get('[href=\"/appointments/book_appointment/In Home Covid Testing\"] > .bg-white').should('be.visible').should('contain', 'In Home Covid Testing').click();\ncy.url().should('contain', '/appointments');\ncy.wait(3000);\ncy.get('[href=\"/home\"]').should('be.visible').should('have.text', 'Home').click();",
              "err": {},
              "uuid": "3cf04fbf-3604-485d-8bd2-f06d8c6b3250",
              "parentUUID": "b8f2049d-15f9-47c5-bf68-17feb7ba271a",
              "isHook": false,
              "skipped": false
            },
            {
              "title": "As a Patient the user should be navigated to the Book appointment page by cliking on \"In Home Wellness Infusions\" tab",
              "fullTitle": "Home module testcases As a Patient the user should be navigated to the Book appointment page by cliking on \"In Home Wellness Infusions\" tab",
              "timedOut": null,
              "duration": 3564,
              "state": "passed",
              "speed": "slow",
              "pass": true,
              "fail": false,
              "pending": false,
              "context": null,
              "code": "cy.get('[href=\"/appointments/book_appointment/In Home Wellness Infusions\"] > .bg-white').should('be.visible').should('contain', 'In Home Wellness Infusions').click();\ncy.url().should('contain', '/appointments');\ncy.wait(3000);\ncy.get('[href=\"/home\"]').should('be.visible').should('have.text', 'Home').click();",
              "err": {},
              "uuid": "4e9893a5-1db1-4a44-9c85-e65efa534920",
              "parentUUID": "b8f2049d-15f9-47c5-bf68-17feb7ba271a",
              "isHook": false,
              "skipped": false
            },
            {
              "title": "As a Patient the user should be navigated to the Book appointment page by cliking on \"In Home Wellness Aesthetics\" tab",
              "fullTitle": "Home module testcases As a Patient the user should be navigated to the Book appointment page by cliking on \"In Home Wellness Aesthetics\" tab",
              "timedOut": null,
              "duration": 3663,
              "state": "passed",
              "speed": "slow",
              "pass": true,
              "fail": false,
              "pending": false,
              "context": null,
              "code": "cy.get('[href=\"/appointments/book_appointment/In Home Wellness Aesthetics\"] > .bg-white').should('be.visible').should('contain', 'In Home Wellness Aesthetics').click();\ncy.url().should('contain', '/appointments');\ncy.wait(3000);\ncy.get('[href=\"/home\"]').should('be.visible').should('have.text', 'Home').click();",
              "err": {},
              "uuid": "9c55f253-c5e9-4792-b323-ffa13f0617a0",
              "parentUUID": "b8f2049d-15f9-47c5-bf68-17feb7ba271a",
              "isHook": false,
              "skipped": false
            }
          ],
          "suites": [],
          "passes": [
            "f31ddc02-402c-45ea-b21d-0ca01db4cf69",
            "5cb911ec-4b00-4780-afdc-afacf176824f",
            "83b9cad8-c74a-4e38-8339-3118b31840ab",
            "893ab8b8-251f-475f-b941-9c9f387c5cf9",
            "3cf04fbf-3604-485d-8bd2-f06d8c6b3250",
            "4e9893a5-1db1-4a44-9c85-e65efa534920",
            "9c55f253-c5e9-4792-b323-ffa13f0617a0"
          ],
          "failures": [],
          "pending": [],
          "skipped": [],
          "duration": 28668,
          "root": false,
          "rootEmpty": false,
          "_timeout": 2000
        }
      ],
      "passes": [],
      "failures": [],
      "pending": [],
      "skipped": [],
      "duration": 0,
      "root": true,
      "rootEmpty": true,
      "_timeout": 2000
    }
  ],
  "meta": {
    "mocha": {
      "version": "7.0.1"
    },
    "mochawesome": {
      "options": {
        "quiet": false,
        "reportFilename": "report",
        "saveHtml": true,
        "saveJson": true,
        "consoleReporter": "spec",
        "useInlineDiffs": false,
        "code": true
      },
      "version": "6.2.2"
    },
    "marge": {
      "options": {
        "reportDir": "cypress/reports",
        "reportFilename": "report",
        "overwrite": false,
        "html": true,
        "json": true,
        "charts": true
      },
      "version": "5.2.0"
    }
  }
}