{
  "stats": {
    "suites": 1,
    "tests": 19,
    "passes": 19,
    "pending": 0,
    "failures": 0,
    "start": "2022-06-23T14:54:51.364Z",
    "end": "2022-06-23T14:57:11.191Z",
    "duration": 139827,
    "testsRegistered": 19,
    "passPercent": 100,
    "pendingPercent": 0,
    "other": 0,
    "hasOther": false,
    "skipped": 0,
    "hasSkipped": false
  },
  "results": [
    {
      "uuid": "dde14dff-d3ec-4a6b-9627-1e481c512a8a",
      "title": "",
      "fullFile": "cypress\\e2e\\Admin_Testcases\\11_Patient_Services.spec.js",
      "file": "cypress\\e2e\\Admin_Testcases\\11_Patient_Services.spec.js",
      "beforeHooks": [],
      "afterHooks": [],
      "tests": [],
      "suites": [
        {
          "uuid": "a4d309a9-85de-48ef-b166-c4e7a8c6c117",
          "title": "Patient Services module testcases",
          "fullFile": "",
          "file": "",
          "beforeHooks": [],
          "afterHooks": [],
          "tests": [
            {
              "title": "As a Admin the user should be navigated to the Patient services page by clicking \"Patient Services\" tab.",
              "fullTitle": "Patient Services module testcases As a Admin the user should be navigated to the Patient services page by clicking \"Patient Services\" tab.",
              "timedOut": null,
              "duration": 10019,
              "state": "passed",
              "speed": "slow",
              "pass": true,
              "fail": false,
              "pending": false,
              "context": null,
              "code": "cy.login(cred.email, cred.password);\ncy.url().should('contain', '/dashboard');\ncy.get('.space-y-4 > :nth-child(6)').should('be.visible').should('contain', 'Patient Services').click();\ncy.url().should('contain', '/services');",
              "err": {},
              "uuid": "6cfc6bb5-6bd7-4020-a1d6-ba49e01a7345",
              "parentUUID": "a4d309a9-85de-48ef-b166-c4e7a8c6c117",
              "isHook": false,
              "skipped": false
            },
            {
              "title": "At Patient Services page each label and field should have proper label and validations",
              "fullTitle": "Patient Services module testcases At Patient Services page each label and field should have proper label and validations",
              "timedOut": null,
              "duration": 3233,
              "state": "passed",
              "speed": "fast",
              "pass": true,
              "fail": false,
              "pending": false,
              "context": null,
              "code": "cy.get('.text-xl').should('be.visible').should('have.text', 'Patient Services List');\ncy.get('[type=search]').should('be.visible').invoke('attr', 'placeholder').should('contain', 'Search Services');\ncy.get('[textid=\"inactive.service\"]').should('be.visible').should('have.text', 'Inactive Services');\ncy.get('[textid=\"add.service\"]').should('be.visible').should('have.text', 'Add Service');\ncy.get('thead > tr > :nth-child(1)').should('be.visible').should('have.text', 'Service Name');\ncy.get('thead > tr > :nth-child(2)').should('be.visible').should('have.text', 'Service Description');\ncy.get('thead > tr > :nth-child(3)').should('be.visible').should('have.text', 'Service Category');\ncy.get('thead > tr > :nth-child(4)').should('be.visible').should('have.text', 'Service Type');\ncy.get('thead > tr > :nth-child(5)').should('be.visible').should('have.text', 'Service Rate');\ncy.get('thead > tr > :nth-child(6)').should('be.visible').should('have.text', 'Status');\ncy.get('thead > tr > :nth-child(7)').scrollIntoView().should('be.visible').should('have.text', 'Action');\ncy.get('.mt-1:nth-child(2)').should('be.visible').should('have.text', 'Next');",
              "err": {},
              "uuid": "ddcecbd4-f4d9-48a0-a6af-9940e4b0d60d",
              "parentUUID": "a4d309a9-85de-48ef-b166-c4e7a8c6c117",
              "isHook": false,
              "skipped": false
            },
            {
              "title": "As a Admin the user should get add service pop up window by clicking on \"Add Service\" button",
              "fullTitle": "Patient Services module testcases As a Admin the user should get add service pop up window by clicking on \"Add Service\" button",
              "timedOut": null,
              "duration": 663,
              "state": "passed",
              "speed": "fast",
              "pass": true,
              "fail": false,
              "pending": false,
              "context": null,
              "code": "cy.get('[textid=\"add.service\"]').should('be.visible').should('have.text', 'Add Service').click();\ncy.get('.ReactModal__Content').should('be.visible');\ncy.get('.hidden > .justify-between > .font-bold').should('be.visible').should('have.text', 'Add Service');",
              "err": {},
              "uuid": "6f0fe1b6-5615-44a2-9f4b-8f881376260d",
              "parentUUID": "a4d309a9-85de-48ef-b166-c4e7a8c6c117",
              "isHook": false,
              "skipped": false
            },
            {
              "title": "At Add Service pop up window each label and field should have proper label and validations",
              "fullTitle": "Patient Services module testcases At Add Service pop up window each label and field should have proper label and validations",
              "timedOut": null,
              "duration": 5452,
              "state": "passed",
              "speed": "medium",
              "pass": true,
              "fail": false,
              "pending": false,
              "context": null,
              "code": "cy.get('.hidden > .justify-between > .font-bold').should('be.visible').should('have.text', 'Add Service');\ncy.get('div.hidden>div:nth-child(2)>form>div:nth-child(1)>div:nth-child(1)>label').should('be.visible').should('have.text', 'Service Name');\ncy.get('div.hidden>div:nth-child(2)>form>div:nth-child(1)>div:nth-child(2)>label').should('be.visible').should('have.text', 'Service Rate');\ncy.get('div.hidden>div:nth-child(2)>form>div:nth-child(1)>div:nth-child(1)>div').should('be.visible');\ncy.get('div.hidden>div:nth-child(2)>form>div:nth-child(1)>div:nth-child(2)>div').should('be.visible');\ncy.get('div.hidden>div:nth-child(2)>form>div:nth-child(2)>div:nth-child(1)>div:nth-child(1)').should('be.visible').should('have.text', 'Service Type');\ncy.get('div.hidden>div:nth-child(2)>form>div:nth-child(2)>div:nth-child(2)>div:nth-child(1)').should('be.visible').should('have.text', 'Service Category');\ncy.get('div.hidden>div:nth-child(2)>form>div:nth-child(2)>div:nth-child(1)>div:nth-child(2)').should('be.visible');\ncy.get('div.hidden>div:nth-child(2)>form>div:nth-child(2)>div:nth-child(2)>div:nth-child(2)').should('be.visible');\ncy.get('div.hidden>div:nth-child(2)>form>div:nth-child(3)>div>label').should('be.visible').should('have.text', 'Service Description');\ncy.get('div.hidden>div:nth-child(2)>form>div:nth-child(3)>div>div').should('be.visible');\ncy.get('div.hidden>div:nth-child(2)>form>button').should('be.visible').should('contain', 'Save Details').click();\ncy.wait(4000);\ncy.get(':nth-child(1) > :nth-child(1) > .text-red-600').should('be.visible').should('have.text', 'Required');\ncy.get(':nth-child(2) > .text-red-600').should('be.visible').should('have.text', 'Required');\ncy.get(':nth-child(2) > :nth-child(1) > .text-red-600').should('be.visible').should('have.text', 'Required');\ncy.get(':nth-child(3) > :nth-child(1) > .text-red-600').should('be.visible').should('have.text', 'Required');",
              "err": {},
              "uuid": "7b960061-5b71-47a7-9952-56c63504c122",
              "parentUUID": "a4d309a9-85de-48ef-b166-c4e7a8c6c117",
              "isHook": false,
              "skipped": false
            },
            {
              "title": "After filling Add services form and by clicking save details button the user should able to add the service",
              "fullTitle": "Patient Services module testcases After filling Add services form and by clicking save details button the user should able to add the service",
              "timedOut": null,
              "duration": 10073,
              "state": "passed",
              "speed": "slow",
              "pass": true,
              "fail": false,
              "pending": false,
              "context": null,
              "code": "cy.get('div.hidden>div:nth-child(2)>form>div:nth-child(1)>div:nth-child(1)>div:nth-child(2').should('be.visible').type('Covid Vaccine');\ncy.get('div.hidden>div:nth-child(2)>form>div:nth-child(1)>div:nth-child(2)>div:nth-child(2').should('be.visible').type('199');\ncy.get('div.hidden>div:nth-child(2)>form>div:nth-child(2)>div:nth-child(1)>div:nth-child(2').should('be.visible').click();\ncy.get('.css-11unzgr>div:nth-child(1)').click();\ncy.get('div.hidden>div:nth-child(2)>form>div:nth-child(2)>div:nth-child(2)>div:nth-child(2)').should('be.visible').click();\ncy.get('.css-11unzgr>div:nth-child(1)').click();\ncy.get('div.hidden>div:nth-child(2)>form>div:nth-child(3)>div>div:nth-child(2)').should('be.visible').type('Covid Vaccination Program');\ncy.get('div.hidden>div:nth-child(2)>form>button').should('be.visible').should('contain', 'Save Details').click();\ncy.contains('Service Added successfully');\ncy.wait(4000);",
              "err": {},
              "uuid": "df414f2e-acc8-41c0-a0ec-6b21e55bd34f",
              "parentUUID": "a4d309a9-85de-48ef-b166-c4e7a8c6c117",
              "isHook": false,
              "skipped": false
            },
            {
              "title": "The added service should reflect instantly under services page",
              "fullTitle": "Patient Services module testcases The added service should reflect instantly under services page",
              "timedOut": null,
              "duration": 317,
              "state": "passed",
              "speed": "fast",
              "pass": true,
              "fail": false,
              "pending": false,
              "context": null,
              "code": "cy.get('tr:nth-child(1) > td:nth-child(1)').should('be.visible').should('have.text', 'Covid Vaccine');\ncy.get('tr:nth-child(1) > td:nth-child(2)').should('be.visible').should('have.text', 'Covid Vaccination Program');\ncy.get('tr:nth-child(1) > td:nth-child(3) > p').should('be.visible').should('have.text', 'Telemedicine');\ncy.get('tr:nth-child(1) > td:nth-child(4) > p').should('be.visible').should('have.text', 'MULTIPLE');\ncy.get('tr:nth-child(1) > td:nth-child(5)').should('be.visible').should('have.text', '$199');",
              "err": {},
              "uuid": "9a638158-cbc5-4e3b-b0e8-4a5ca8309b5f",
              "parentUUID": "a4d309a9-85de-48ef-b166-c4e7a8c6c117",
              "isHook": false,
              "skipped": false
            },
            {
              "title": "As a Admin the user can able to search a particular service through search box",
              "fullTitle": "Patient Services module testcases As a Admin the user can able to search a particular service through search box",
              "timedOut": null,
              "duration": 9137,
              "state": "passed",
              "speed": "medium",
              "pass": true,
              "fail": false,
              "pending": false,
              "context": null,
              "code": "cy.get('[type=search]').should('be.visible').type('Covid Vaccine');\ncy.wait(4000);\ncy.get('tr:nth-child(1) > td:nth-child(1)').should('be.visible').should('have.text', 'Covid Vaccine');\ncy.get('[type=search]').should('be.visible').clear();\ncy.wait(4000);",
              "err": {},
              "uuid": "e4593645-f946-4fb1-9604-9d132c60c9c8",
              "parentUUID": "a4d309a9-85de-48ef-b166-c4e7a8c6c117",
              "isHook": false,
              "skipped": false
            },
            {
              "title": "As a Admin the user should get Update service pop up window by clicking on edit icon against the particular service",
              "fullTitle": "Patient Services module testcases As a Admin the user should get Update service pop up window by clicking on edit icon against the particular service",
              "timedOut": null,
              "duration": 550,
              "state": "passed",
              "speed": "fast",
              "pass": true,
              "fail": false,
              "pending": false,
              "context": null,
              "code": "cy.get('tr:nth-child(1) > td:nth-child(7)>div>span').scrollIntoView().should('be.visible').click();\ncy.get('.hidden > .justify-between > .font-bold').should('be.visible').should('have.text', 'Update Service');",
              "err": {},
              "uuid": "55d75152-2bde-4ad4-adf7-9d406e13ebd0",
              "parentUUID": "a4d309a9-85de-48ef-b166-c4e7a8c6c117",
              "isHook": false,
              "skipped": false
            },
            {
              "title": "At Update Service pop up window each label and field should have proper label and validations",
              "fullTitle": "Patient Services module testcases At Update Service pop up window each label and field should have proper label and validations",
              "timedOut": null,
              "duration": 318,
              "state": "passed",
              "speed": "fast",
              "pass": true,
              "fail": false,
              "pending": false,
              "context": null,
              "code": "cy.get('.hidden > .justify-between > .font-bold').should('be.visible').should('have.text', 'Update Service');\ncy.get('div.hidden>div:nth-child(2)>form>div:nth-child(1)>div:nth-child(1)>label').should('be.visible').should('have.text', 'Service Name');\ncy.get('div.hidden>div:nth-child(2)>form>div:nth-child(1)>div:nth-child(2)>label').should('be.visible').should('have.text', 'Service Rate');\ncy.get('div.hidden>div:nth-child(2)>form>div:nth-child(1)>div:nth-child(1)>div').should('be.visible');\ncy.get('div.hidden>div:nth-child(2)>form>div:nth-child(1)>div:nth-child(2)>div').should('be.visible');\ncy.get('div.hidden>div:nth-child(2)>form>div:nth-child(2)>div:nth-child(1)>div:nth-child(1)').should('be.visible').should('have.text', 'Service Type');\ncy.get('div.hidden>div:nth-child(2)>form>div:nth-child(2)>div:nth-child(2)>div:nth-child(1)').should('be.visible').should('have.text', 'Service Category');\ncy.get('div.hidden>div:nth-child(2)>form>div:nth-child(2)>div:nth-child(1)>div:nth-child(2)').should('be.visible');\ncy.get('div.hidden>div:nth-child(2)>form>div:nth-child(2)>div:nth-child(2)>div:nth-child(2)').should('be.visible');\ncy.get('div.hidden>div:nth-child(2)>form>div:nth-child(3)>div>label').should('be.visible').should('have.text', 'Service Description');\ncy.get('div.hidden>div:nth-child(2)>form>div:nth-child(3)>div>div').should('be.visible');\ncy.get('div.hidden>div:nth-child(2)>form>button').should('be.visible').should('contain', 'Save Details');",
              "err": {},
              "uuid": "993600f3-2ab6-459e-b53c-84b519947f66",
              "parentUUID": "a4d309a9-85de-48ef-b166-c4e7a8c6c117",
              "isHook": false,
              "skipped": false
            },
            {
              "title": "After doing necessary edits on the edit service form and by clicking save details button the user should able to update the service",
              "fullTitle": "Patient Services module testcases After doing necessary edits on the edit service form and by clicking save details button the user should able to update the service",
              "timedOut": null,
              "duration": 11293,
              "state": "passed",
              "speed": "slow",
              "pass": true,
              "fail": false,
              "pending": false,
              "context": null,
              "code": "cy.get('div.hidden>div:nth-child(2)>form>div:nth-child(1)>div:nth-child(1)>div').should('be.visible').clear().type('Covid Vaccine Pfizer');\ncy.get('div.hidden>div:nth-child(2)>form>div:nth-child(1)>div:nth-child(2)>div').should('be.visible').clear().type('299');\ncy.get('div.hidden>div:nth-child(2)>form>div:nth-child(2)>div:nth-child(1)>div:nth-child(2').should('be.visible').click();\ncy.get('.css-11unzgr>div:nth-child(2)').click();\ncy.get('div.hidden>div:nth-child(2)>form>div:nth-child(2)>div:nth-child(2)>div:nth-child(2)').should('be.visible').click();\ncy.get('.css-11unzgr>div:nth-child(3)').click();\ncy.get('div.hidden>div:nth-child(2)>form>div:nth-child(3)>div>div').should('be.visible').clear().type('Covid Vaccination Program');\ncy.get('div.hidden>div:nth-child(2)>form>button').should('be.visible').should('contain', 'Save Details').click();\ncy.contains('Service Updated successfully');\ncy.wait(4000);",
              "err": {},
              "uuid": "6ddd81de-e602-4ea3-ab5b-b53f89d47b6d",
              "parentUUID": "a4d309a9-85de-48ef-b166-c4e7a8c6c117",
              "isHook": false,
              "skipped": false
            },
            {
              "title": "The edited details should reflect instantly under services page",
              "fullTitle": "Patient Services module testcases The edited details should reflect instantly under services page",
              "timedOut": null,
              "duration": 280,
              "state": "passed",
              "speed": "fast",
              "pass": true,
              "fail": false,
              "pending": false,
              "context": null,
              "code": "cy.get('tr:nth-child(1) > td:nth-child(1)').should('be.visible').should('have.text', 'Covid Vaccine Pfizer');\ncy.get('tr:nth-child(1) > td:nth-child(2)').should('be.visible').should('have.text', 'Covid Vaccination Program');\ncy.get('tr:nth-child(1) > td:nth-child(3) > p').should('be.visible').should('have.text', 'In Home Covid Testing');\ncy.get('tr:nth-child(1) > td:nth-child(4) > p').should('be.visible').should('have.text', 'SINGLE');\ncy.get('tr:nth-child(1) > td:nth-child(5)').should('be.visible').should('have.text', '$299');",
              "err": {},
              "uuid": "fa6e51f2-71de-4fbf-9696-5d5e091c5afe",
              "parentUUID": "a4d309a9-85de-48ef-b166-c4e7a8c6c117",
              "isHook": false,
              "skipped": false
            },
            {
              "title": "As a Admin the user can able to switch between the  services pages by using next or previous buttons",
              "fullTitle": "Patient Services module testcases As a Admin the user can able to switch between the  services pages by using next or previous buttons",
              "timedOut": null,
              "duration": 5967,
              "state": "passed",
              "speed": "medium",
              "pass": true,
              "fail": false,
              "pending": false,
              "context": null,
              "code": "cy.get('.mt-1:nth-child(2)').should('be.visible').scrollIntoView().should('have.text', 'Next').click();\ncy.wait(5000);\ncy.get('.mt-1:nth-child(1)').should('be.visible').scrollIntoView().should('have.text', 'Previous').click();",
              "err": {},
              "uuid": "65c2aa08-5feb-490c-acdf-0ebab754878e",
              "parentUUID": "a4d309a9-85de-48ef-b166-c4e7a8c6c117",
              "isHook": false,
              "skipped": false
            },
            {
              "title": "As a Admin the user can disable any service with the help of toggle button against that particular service",
              "fullTitle": "Patient Services module testcases As a Admin the user can disable any service with the help of toggle button against that particular service",
              "timedOut": null,
              "duration": 9123,
              "state": "passed",
              "speed": "medium",
              "pass": true,
              "fail": false,
              "pending": false,
              "context": null,
              "code": "cy.get('tr:nth-child(1)>td:nth-child(6)>button').scrollIntoView().should('be.visible').click();\ncy.wait(2000);\ncy.get('div.hidden>div:nth-child(2)>div:nth-child(2)>button').click();\ncy.wait(2000);\ncy.contains('Service Updated successfully');\ncy.wait(4000);",
              "err": {},
              "uuid": "ed63601d-e0b8-4c72-9669-d952a5462cbf",
              "parentUUID": "a4d309a9-85de-48ef-b166-c4e7a8c6c117",
              "isHook": false,
              "skipped": false
            },
            {
              "title": "The service disabled should be moved to the inactive services page.",
              "fullTitle": "Patient Services module testcases The service disabled should be moved to the inactive services page.",
              "timedOut": null,
              "duration": 11445,
              "state": "passed",
              "speed": "slow",
              "pass": true,
              "fail": false,
              "pending": false,
              "context": null,
              "code": "cy.get('[textid=\"inactive.service\"]').should('be.visible').should('have.text', 'Inactive Services').click();\ncy.wait(4000);\ncy.get('tr:nth-child(1) > td:nth-child(1)').should('be.visible').should('have.text', 'Covid Vaccine Pfizer');\ncy.wait(2000);\ncy.get('div.flex.flex-wrap:nth-child(1)>div:nth-child(1)>svg').should('be.visible').click();\ncy.wait(4000);",
              "err": {},
              "uuid": "f5f5532a-1de0-41d9-8995-1988af258e37",
              "parentUUID": "a4d309a9-85de-48ef-b166-c4e7a8c6c117",
              "isHook": false,
              "skipped": false
            },
            {
              "title": "As a Admin the user should be navigated to the Patient inactive services page by clicking on the \"inactive services\" button.",
              "fullTitle": "Patient Services module testcases As a Admin the user should be navigated to the Patient inactive services page by clicking on the \"inactive services\" button.",
              "timedOut": null,
              "duration": 4694,
              "state": "passed",
              "speed": "fast",
              "pass": true,
              "fail": false,
              "pending": false,
              "context": null,
              "code": "cy.get('[textid=\"inactive.service\"]').should('be.visible').should('have.text', 'Inactive Services').click();\ncy.wait(4000);\ncy.get('div.flex.flex-wrap:nth-child(1)>div:nth-child(1)>div').should('be.visible').should('have.text', 'Patient Inactive Services');",
              "err": {},
              "uuid": "ca8c7b88-b0f2-44e2-889c-72d4d29d870f",
              "parentUUID": "a4d309a9-85de-48ef-b166-c4e7a8c6c117",
              "isHook": false,
              "skipped": false
            },
            {
              "title": "At Patient inactive Services page each label and field should have proper label and validations",
              "fullTitle": "Patient Services module testcases At Patient inactive Services page each label and field should have proper label and validations",
              "timedOut": null,
              "duration": 376,
              "state": "passed",
              "speed": "fast",
              "pass": true,
              "fail": false,
              "pending": false,
              "context": null,
              "code": "cy.get('div.flex.flex-wrap:nth-child(1)>div:nth-child(1)>div').should('be.visible').should('have.text', 'Patient Inactive Services');\ncy.get('[type=search]').should('be.visible').invoke('attr', 'placeholder').should('contain', 'Search Services');\ncy.get('thead > tr > :nth-child(1)').should('be.visible').should('have.text', 'Service Name');\ncy.get('thead > tr > :nth-child(2)').should('be.visible').should('have.text', 'Service Description');\ncy.get('thead > tr > :nth-child(3)').should('be.visible').should('have.text', 'Service Category');\ncy.get('thead > tr > :nth-child(4)').should('be.visible').should('have.text', 'Service Type');\ncy.get('thead > tr > :nth-child(5)').should('be.visible').should('have.text', 'Service Rate');\ncy.get('thead > tr > :nth-child(6)').should('be.visible').should('have.text', 'Status');\ncy.get('thead > tr > :nth-child(7)').scrollIntoView().should('be.visible').should('have.text', 'Action');",
              "err": {},
              "uuid": "63c4e61b-b433-415d-ae52-bac68da53d5c",
              "parentUUID": "a4d309a9-85de-48ef-b166-c4e7a8c6c117",
              "isHook": false,
              "skipped": false
            },
            {
              "title": "As a Admin the user can able to search a particular inactive service through search box",
              "fullTitle": "Patient Services module testcases As a Admin the user can able to search a particular inactive service through search box",
              "timedOut": null,
              "duration": 7075,
              "state": "passed",
              "speed": "medium",
              "pass": true,
              "fail": false,
              "pending": false,
              "context": null,
              "code": "cy.get('[type=search]').should('be.visible').type('Covid Vaccine');\ncy.wait(2000);\ncy.get('tr:nth-child(1) > td:nth-child(1)').should('be.visible').should('have.text', 'Covid Vaccine Pfizer');\ncy.wait(2000);\ncy.get('[type=search]').should('be.visible').clear();\ncy.wait(2000);",
              "err": {},
              "uuid": "3d8c5923-e40f-4aa7-98d5-a2a6f42248c9",
              "parentUUID": "a4d309a9-85de-48ef-b166-c4e7a8c6c117",
              "isHook": false,
              "skipped": false
            },
            {
              "title": "As a Admin the user can enable any service with the help of toggle button against that particular service",
              "fullTitle": "Patient Services module testcases As a Admin the user can enable any service with the help of toggle button against that particular service",
              "timedOut": null,
              "duration": 27108,
              "state": "passed",
              "speed": "slow",
              "pass": true,
              "fail": false,
              "pending": false,
              "context": null,
              "code": "cy.get('tr:nth-child(1)>td:nth-child(6)>button').scrollIntoView().should('be.visible').click();\ncy.wait(2000);\ncy.get('div.hidden>div:nth-child(2)>div:nth-child(2)>button').click();\ncy.wait(2000);\ncy.contains('Service Updated successfully');\ncy.wait(4000);\ncy.get('div.flex.flex-wrap:nth-child(1)>div:nth-child(1)>svg').should('be.visible').click();\ncy.wait(4000);\ncy.get('tr:nth-child(1)>td:nth-child(6)>button').scrollIntoView().should('be.visible').click();\ncy.wait(2000);\ncy.get('div.hidden>div:nth-child(2)>div:nth-child(2)>button').click();\ncy.wait(2000);\ncy.contains('Service Updated successfully');\ncy.wait(4000);\ncy.get('[textid=\"inactive.service\"]').should('be.visible').should('have.text', 'Inactive Services').click();\ncy.wait(4000);",
              "err": {},
              "uuid": "ed7ac236-89ff-430c-bac3-9a7a149599fc",
              "parentUUID": "a4d309a9-85de-48ef-b166-c4e7a8c6c117",
              "isHook": false,
              "skipped": false
            },
            {
              "title": "As a Admin the user can delete any active service by clicking on the delete icon against that service.",
              "fullTitle": "Patient Services module testcases As a Admin the user can delete any active service by clicking on the delete icon against that service.",
              "timedOut": null,
              "duration": 13488,
              "state": "passed",
              "speed": "slow",
              "pass": true,
              "fail": false,
              "pending": false,
              "context": null,
              "code": "cy.get('tr:nth-child(1)>td:nth-child(7)>div>span').scrollIntoView().should('be.visible').click();\ncy.wait(2000);\ncy.get('div.hidden>div:nth-child(2)>div:nth-child(2)>button').click();\ncy.wait(4000);\ncy.logout();",
              "err": {},
              "uuid": "55b9e84b-256a-48e9-b9ee-6298cf05a7a9",
              "parentUUID": "a4d309a9-85de-48ef-b166-c4e7a8c6c117",
              "isHook": false,
              "skipped": false
            }
          ],
          "suites": [],
          "passes": [
            "6cfc6bb5-6bd7-4020-a1d6-ba49e01a7345",
            "ddcecbd4-f4d9-48a0-a6af-9940e4b0d60d",
            "6f0fe1b6-5615-44a2-9f4b-8f881376260d",
            "7b960061-5b71-47a7-9952-56c63504c122",
            "df414f2e-acc8-41c0-a0ec-6b21e55bd34f",
            "9a638158-cbc5-4e3b-b0e8-4a5ca8309b5f",
            "e4593645-f946-4fb1-9604-9d132c60c9c8",
            "55d75152-2bde-4ad4-adf7-9d406e13ebd0",
            "993600f3-2ab6-459e-b53c-84b519947f66",
            "6ddd81de-e602-4ea3-ab5b-b53f89d47b6d",
            "fa6e51f2-71de-4fbf-9696-5d5e091c5afe",
            "65c2aa08-5feb-490c-acdf-0ebab754878e",
            "ed63601d-e0b8-4c72-9669-d952a5462cbf",
            "f5f5532a-1de0-41d9-8995-1988af258e37",
            "ca8c7b88-b0f2-44e2-889c-72d4d29d870f",
            "63c4e61b-b433-415d-ae52-bac68da53d5c",
            "3d8c5923-e40f-4aa7-98d5-a2a6f42248c9",
            "ed7ac236-89ff-430c-bac3-9a7a149599fc",
            "55b9e84b-256a-48e9-b9ee-6298cf05a7a9"
          ],
          "failures": [],
          "pending": [],
          "skipped": [],
          "duration": 130611,
          "root": false,
          "rootEmpty": false,
          "_timeout": 2000
        }
      ],
      "passes": [],
      "failures": [],
      "pending": [],
      "skipped": [],
      "duration": 0,
      "root": true,
      "rootEmpty": true,
      "_timeout": 2000
    }
  ],
  "meta": {
    "mocha": {
      "version": "7.0.1"
    },
    "mochawesome": {
      "options": {
        "quiet": false,
        "reportFilename": "report",
        "saveHtml": true,
        "saveJson": true,
        "consoleReporter": "spec",
        "useInlineDiffs": false,
        "code": true
      },
      "version": "7.0.1"
    },
    "marge": {
      "options": {
        "reportDir": "cypress/reports",
        "reportFilename": "report",
        "overwrite": false,
        "html": true,
        "json": true,
        "charts": true
      },
      "version": "6.0.1"
    }
  }
}