{
  "stats": {
    "suites": 1,
    "tests": 2,
    "passes": 0,
    "pending": 0,
    "failures": 2,
    "start": "2021-12-29T07:59:22.897Z",
    "end": "2021-12-29T07:59:43.532Z",
    "duration": 20635,
    "testsRegistered": 2,
    "passPercent": 0,
    "pendingPercent": 0,
    "other": 0,
    "hasOther": false,
    "skipped": 0,
    "hasSkipped": false
  },
  "results": [
    {
      "uuid": "2d41f924-a000-46a6-9ccc-d519982bf93f",
      "title": "",
      "fullFile": "cypress/integration/Patient_Testcases/09_Charts.spec.js",
      "file": "cypress/integration/Patient_Testcases/09_Charts.spec.js",
      "beforeHooks": [],
      "afterHooks": [],
      "tests": [],
      "suites": [
        {
          "uuid": "cdfbaa17-b20b-4e42-8940-ffeb2c2d59b0",
          "title": "Charts Module Test Cases",
          "fullFile": "",
          "file": "",
          "beforeHooks": [],
          "afterHooks": [],
          "tests": [
            {
              "title": "As a patient the user user should be navigated to the charts page by clicking on charts tab",
              "fullTitle": "Charts Module Test Cases As a patient the user user should be navigated to the charts page by clicking on charts tab",
              "timedOut": null,
              "duration": 5300,
              "state": "failed",
              "speed": null,
              "pass": false,
              "fail": true,
              "pending": false,
              "context": null,
              "code": "cy.patientlogin(cred.pemail, cred.ppassword);\ncy.get('[href=\"/charts\"]').should('be.visible').should('have.text', 'Charts').click();\ncy.url().should('contain', '/charts');",
              "err": {
                "message": "CypressError: `cy.visit()` failed trying to load:\n\nhttps://qa.rch.build-release.com/\n\nWe attempted to make an http request to this URL but the request failed without a response.\n\nWe received this error at the network level:\n\n  > Error: getaddrinfo ENOTFOUND qa.rch.build-release.com\n\nCommon situations why this would fail:\n  - you don't have internet access\n  - you forgot to run / boot your web server\n  - your web server isn't accessible\n  - you have weird network configuration settings on your computer",
                "estack": "CypressError: `cy.visit()` failed trying to load:\n\nhttps://qa.rch.build-release.com/\n\nWe attempted to make an http request to this URL but the request failed without a response.\n\nWe received this error at the network level:\n\n  > Error: getaddrinfo ENOTFOUND qa.rch.build-release.com\n\nCommon situations why this would fail:\n  - you don't have internet access\n  - you forgot to run / boot your web server\n  - your web server isn't accessible\n  - you have weird network configuration settings on your computer\n    at http://localhost:65345/__cypress/runner/cypress_runner.js:156031:82\n    at visitFailedByErr (http://localhost:65345/__cypress/runner/cypress_runner.js:155390:12)\n    at http://localhost:65345/__cypress/runner/cypress_runner.js:156030:11\n    at tryCatcher (http://localhost:65345/__cypress/runner/cypress_runner.js:13212:23)\n    at Promise._settlePromiseFromHandler (http://localhost:65345/__cypress/runner/cypress_runner.js:11147:31)\n    at Promise._settlePromise (http://localhost:65345/__cypress/runner/cypress_runner.js:11204:18)\n    at Promise._settlePromise0 (http://localhost:65345/__cypress/runner/cypress_runner.js:11249:10)\n    at Promise._settlePromises (http://localhost:65345/__cypress/runner/cypress_runner.js:11325:18)\n    at _drainQueueStep (http://localhost:65345/__cypress/runner/cypress_runner.js:7919:12)\n    at _drainQueue (http://localhost:65345/__cypress/runner/cypress_runner.js:7912:9)\n    at Async.../../node_modules/bluebird/js/release/async.js.Async._drainQueues (http://localhost:65345/__cypress/runner/cypress_runner.js:7928:5)\n    at Async.drainQueues (http://localhost:65345/__cypress/runner/cypress_runner.js:7798:14)\nFrom Your Spec Code:\n    at Context.eval (http://localhost:65345/__cypress/tests?p=cypress\\support\\index.js:181:6)\n\nFrom Node.js Internals:\n  Error: getaddrinfo ENOTFOUND qa.rch.build-release.com\n      at GetAddrInfoReqWrap.onlookup [as oncomplete] (dns.js:67:26)\n  ",
                "diff": null
              },
              "uuid": "934e1f72-f0ac-4c5e-8ef4-0a66965b233a",
              "parentUUID": "cdfbaa17-b20b-4e42-8940-ffeb2c2d59b0",
              "isHook": false,
              "skipped": false
            },
            {
              "title": "At Charts page each label and field should have proper label and validations",
              "fullTitle": "Charts Module Test Cases At Charts page each label and field should have proper label and validations",
              "timedOut": null,
              "duration": 15213,
              "state": "failed",
              "speed": null,
              "pass": false,
              "fail": true,
              "pending": false,
              "context": null,
              "code": "cy.get('.font-medium > .inline').should('be.visible').should('have.text', 'Members');\ncy.get('.flex-wrap > .flex').should('be.visible').should('have.text', 'Add Another Member');\ncy.get(':nth-child(1) > .bg-white > .justify-between > .text-base').should('be.visible');\ncy.get('.h-screen>div:nth-child(2)>div:nth-child(1)').should('be.visible');\ncy.get(':nth-child(1) > .bg-white > .justify-between > .flex > .font-medium').should('be.visible').should('have.text', 'self');\ncy.get(':nth-child(1) > .bg-white > .justify-between > .flex > .px-1 > .w-4 > path').should('be.visible');\ncy.get('.h-screen>div:nth-child(2)>div:nth-child(1)>div>div:nth-child(2)>div:nth-child(1)>div').should('be.visible').should('have.text', 'Date of Birth');\ncy.get('.h-screen>div:nth-child(2)>div:nth-child(1)>div>div:nth-child(2)>div:nth-child(2)>div').should('be.visible').should('have.text', 'Gender');",
              "err": {
                "message": "AssertionError: Timed out retrying after 15000ms: Expected to find element: `.font-medium > .inline`, but never found it.",
                "estack": "AssertionError: Timed out retrying after 15000ms: Expected to find element: `.font-medium > .inline`, but never found it.\n    at Context.eval (http://localhost:65345/__cypress/tests?p=cypress\\integration\\Patient_Testcases\\09_Charts.spec.js:142:38)",
                "diff": null
              },
              "uuid": "77344f39-cecc-4436-aa94-1054d89f202f",
              "parentUUID": "cdfbaa17-b20b-4e42-8940-ffeb2c2d59b0",
              "isHook": false,
              "skipped": false
            }
          ],
          "suites": [],
          "passes": [],
          "failures": [
            "934e1f72-f0ac-4c5e-8ef4-0a66965b233a",
            "77344f39-cecc-4436-aa94-1054d89f202f"
          ],
          "pending": [],
          "skipped": [],
          "duration": 20513,
          "root": false,
          "rootEmpty": false,
          "_timeout": 2000
        }
      ],
      "passes": [],
      "failures": [],
      "pending": [],
      "skipped": [],
      "duration": 0,
      "root": true,
      "rootEmpty": true,
      "_timeout": 2000
    }
  ],
  "meta": {
    "mocha": {
      "version": "7.0.1"
    },
    "mochawesome": {
      "options": {
        "quiet": false,
        "reportFilename": "report",
        "saveHtml": true,
        "saveJson": true,
        "consoleReporter": "spec",
        "useInlineDiffs": false,
        "code": true
      },
      "version": "7.0.1"
    },
    "marge": {
      "options": {
        "reportDir": "cypress/reports",
        "reportFilename": "report",
        "overwrite": false,
        "html": true,
        "json": true,
        "charts": true
      },
      "version": "6.0.1"
    }
  }
}