{
  "stats": {
    "suites": 1,
    "tests": 4,
    "passes": 0,
    "pending": 0,
    "failures": 4,
    "start": "2022-03-23T12:59:12.567Z",
    "end": "2022-03-23T13:00:28.890Z",
    "duration": 76323,
    "testsRegistered": 4,
    "passPercent": 0,
    "pendingPercent": 0,
    "other": 0,
    "hasOther": false,
    "skipped": 0,
    "hasSkipped": false
  },
  "results": [
    {
      "uuid": "aeb16916-8b30-4413-8129-d82a7b26bfb9",
      "title": "",
      "fullFile": "cypress/integration/Admin_Testcases/10_PatientCharts_Reports.spec.js",
      "file": "cypress/integration/Admin_Testcases/10_PatientCharts_Reports.spec.js",
      "beforeHooks": [],
      "afterHooks": [],
      "tests": [],
      "suites": [
        {
          "uuid": "cb878e4f-559b-4c58-bee2-d545a0140765",
          "title": "Reports module testcases",
          "fullFile": "",
          "file": "",
          "beforeHooks": [],
          "afterHooks": [],
          "tests": [
            {
              "title": "As a Admin the user should navigated to the Reports page by clicking on \"Reports\" tab",
              "fullTitle": "Reports module testcases As a Admin the user should navigated to the Reports page by clicking on \"Reports\" tab",
              "timedOut": null,
              "duration": 25290,
              "state": "failed",
              "speed": null,
              "pass": false,
              "fail": true,
              "pending": false,
              "context": null,
              "code": "cy.login(cred.email, cred.password);\ncy.url().should('contain', '/patients');\ncy.get('.bg-white > .w-full').should('be.visible').type('pawankumar@yopmail.com');\ncy.wait(2000);\ncy.get('tr:nth-child(1) > td:nth-child(7) > div > svg:nth-child(1) > path:nth-child(1)').scrollIntoView().should('be.visible').click();\ncy.url().should('contain', '/address');\ncy.get('.border-transparent').should('be.visible').should('contain', 'Charts').click();\ncy.url().should('contain', '/charts');\ncy.get('.h-screen>div:nth-child(2)>div:nth-child(2)').should('be.visible').click();\ncy.url().should('contain', '/medical_history');\ncy.get('.flex-grow > .border-b > .flex > .border-transparent').should('be.visible').should('contain', 'Reports').click();\ncy.url().should('contain', '/reports');",
              "err": {
                "message": "AssertionError: Timed out retrying after 15000ms: expected 'https://qa.rch.build-release.com/admin/dashboard' to include '/patients'",
                "estack": "AssertionError: Timed out retrying after 15000ms: expected 'https://qa.rch.build-release.com/admin/dashboard' to include '/patients'\n    at Context.eval (https://qa.rch.build-release.com/__cypress/tests?p=cypress\\integration\\Admin_Testcases\\10_PatientCharts_Reports.spec.js:138:14)",
                "diff": null
              },
              "uuid": "a9a2e1bc-56fe-4b2b-ba84-4bfa2e5c355a",
              "parentUUID": "cb878e4f-559b-4c58-bee2-d545a0140765",
              "isHook": false,
              "skipped": false
            },
            {
              "title": "At \"Reports\" page each label and field should have proper label and validations",
              "fullTitle": "Reports module testcases At \"Reports\" page each label and field should have proper label and validations",
              "timedOut": null,
              "duration": 15353,
              "state": "failed",
              "speed": null,
              "pass": false,
              "fail": true,
              "pending": false,
              "context": null,
              "code": "cy.get('.font-bold').should('be.visible').should('contain', 'Showing 3 Reports');\ncy.get('.p-3').should('be.visible');\ncy.get(':nth-child(1) > a > .justify-between').should('be.visible');\ncy.get(':nth-child(1) > a > .justify-between > span.text-primary').should('be.visible').should('contain', 'COVID RT-PCR');\ncy.get(':nth-child(1) > a > .justify-between > .flex > .text-gray-600').should('be.visible').should('contain', 'Aug 18 2021');\ncy.get(':nth-child(1) > a > .justify-between > .flex > .bg-lightBlue').should('be.visible');\ncy.get(':nth-child(2) > a > .justify-between').should('be.visible');\ncy.get(':nth-child(2) > a > .justify-between > span.text-primary').should('be.visible').should('contain', 'COVID RT-PCR');\ncy.get(':nth-child(2) > a > .justify-between > .flex > .text-gray-600').should('be.visible').should('contain', 'Aug 18 2021');\ncy.get(':nth-child(2) > a > .justify-between > .flex > .bg-lightBlue').should('be.visible');\ncy.get(':nth-child(3) > a > .justify-between').should('be.visible');\ncy.get(':nth-child(3) > a > .justify-between > span.text-primary').should('be.visible').should('contain', 'COVID RT-PCR');\ncy.get(':nth-child(3) > a > .justify-between > .flex > .text-gray-600').should('be.visible').should('contain', 'Aug 18 2021');\ncy.get(':nth-child(3) > a > .justify-between > .flex > .bg-lightBlue').should('be.visible');",
              "err": {
                "message": "AssertionError: Timed out retrying after 15000ms: expected '<div.font-bold.text-xl.text-primary.pb-2>' to contain 'Showing 3 Reports'",
                "estack": "AssertionError: Timed out retrying after 15000ms: expected '<div.font-bold.text-xl.text-primary.pb-2>' to contain 'Showing 3 Reports'\n    at Context.eval (https://qa.rch.build-release.com/__cypress/tests?p=cypress\\integration\\Admin_Testcases\\10_PatientCharts_Reports.spec.js:151:47)",
                "diff": null
              },
              "uuid": "960132f7-afff-4a68-89f0-3ffd3ecf23a2",
              "parentUUID": "cb878e4f-559b-4c58-bee2-d545a0140765",
              "isHook": false,
              "skipped": false
            },
            {
              "title": "As a Admin the user should able to see all the reports uploaded by him for the particular patient",
              "fullTitle": "Reports module testcases As a Admin the user should able to see all the reports uploaded by him for the particular patient",
              "timedOut": null,
              "duration": 15294,
              "state": "failed",
              "speed": null,
              "pass": false,
              "fail": true,
              "pending": false,
              "context": null,
              "code": "cy.get(':nth-child(1) > a > .justify-between').should('be.visible');\ncy.get(':nth-child(2) > a > .justify-between').should('be.visible');\ncy.get(':nth-child(3) > a > .justify-between').should('be.visible');",
              "err": {
                "message": "AssertionError: Timed out retrying after 15000ms: Expected to find element: `:nth-child(1) > a > .justify-between`, but never found it.",
                "estack": "AssertionError: Timed out retrying after 15000ms: Expected to find element: `:nth-child(1) > a > .justify-between`, but never found it.\n    at Context.eval (https://qa.rch.build-release.com/__cypress/tests?p=cypress\\integration\\Admin_Testcases\\10_PatientCharts_Reports.spec.js:167:52)",
                "diff": null
              },
              "uuid": "f0dbfc77-52b1-4c78-8f0d-95505ba4f935",
              "parentUUID": "cb878e4f-559b-4c58-bee2-d545a0140765",
              "isHook": false,
              "skipped": false
            },
            {
              "title": "The user able view any report by clicking on that report",
              "fullTitle": "Reports module testcases The user able view any report by clicking on that report",
              "timedOut": null,
              "duration": 15296,
              "state": "failed",
              "speed": null,
              "pass": false,
              "fail": true,
              "pending": false,
              "context": null,
              "code": "cy.get(':nth-child(1) > a > .justify-between').should('be.visible').click();\ncy.get(':nth-child(2) > a > .justify-between').should('be.visible').click();\ncy.get(':nth-child(3) > a > .justify-between').should('be.visible').click();\ncy.logout();",
              "err": {
                "message": "AssertionError: Timed out retrying after 15000ms: Expected to find element: `:nth-child(1) > a > .justify-between`, but never found it.",
                "estack": "AssertionError: Timed out retrying after 15000ms: Expected to find element: `:nth-child(1) > a > .justify-between`, but never found it.\n    at Context.eval (https://qa.rch.build-release.com/__cypress/tests?p=cypress\\integration\\Admin_Testcases\\10_PatientCharts_Reports.spec.js:172:52)",
                "diff": null
              },
              "uuid": "4302a519-e9c5-4cc2-91f4-822962c6f6b4",
              "parentUUID": "cb878e4f-559b-4c58-bee2-d545a0140765",
              "isHook": false,
              "skipped": false
            }
          ],
          "suites": [],
          "passes": [],
          "failures": [
            "a9a2e1bc-56fe-4b2b-ba84-4bfa2e5c355a",
            "960132f7-afff-4a68-89f0-3ffd3ecf23a2",
            "f0dbfc77-52b1-4c78-8f0d-95505ba4f935",
            "4302a519-e9c5-4cc2-91f4-822962c6f6b4"
          ],
          "pending": [],
          "skipped": [],
          "duration": 71233,
          "root": false,
          "rootEmpty": false,
          "_timeout": 2000
        }
      ],
      "passes": [],
      "failures": [],
      "pending": [],
      "skipped": [],
      "duration": 0,
      "root": true,
      "rootEmpty": true,
      "_timeout": 2000
    }
  ],
  "meta": {
    "mocha": {
      "version": "7.0.1"
    },
    "mochawesome": {
      "options": {
        "quiet": false,
        "reportFilename": "report",
        "saveHtml": true,
        "saveJson": true,
        "consoleReporter": "spec",
        "useInlineDiffs": false,
        "code": true
      },
      "version": "7.0.1"
    },
    "marge": {
      "options": {
        "reportDir": "cypress/reports",
        "reportFilename": "report",
        "overwrite": false,
        "html": true,
        "json": true,
        "charts": true
      },
      "version": "6.0.1"
    }
  }
}