{
  "stats": {
    "suites": 1,
    "tests": 16,
    "passes": 13,
    "pending": 0,
    "failures": 3,
    "start": "2022-04-21T06:04:29.633Z",
    "end": "2022-04-21T06:08:19.155Z",
    "duration": 229522,
    "testsRegistered": 16,
    "passPercent": 81.25,
    "pendingPercent": 0,
    "other": 0,
    "hasOther": false,
    "skipped": 0,
    "hasSkipped": false
  },
  "results": [
    {
      "uuid": "1bd7e7b5-061f-44bd-a895-da44db67a937",
      "title": "",
      "fullFile": "cypress/integration/Admin_Testcases/07_Patients.spec.js",
      "file": "cypress/integration/Admin_Testcases/07_Patients.spec.js",
      "beforeHooks": [],
      "afterHooks": [],
      "tests": [],
      "suites": [
        {
          "uuid": "d9be62dc-f18e-4fa7-a56a-c1f2d51c900e",
          "title": "Patient management module test cases",
          "fullFile": "",
          "file": "",
          "beforeHooks": [],
          "afterHooks": [],
          "tests": [
            {
              "title": "As a admin the user should be navigated on patients page by clicking on patients tab",
              "fullTitle": "Patient management module test cases As a admin the user should be navigated on patients page by clicking on patients tab",
              "timedOut": null,
              "duration": 7493,
              "state": "passed",
              "speed": "slow",
              "pass": true,
              "fail": false,
              "pending": false,
              "context": null,
              "code": "cy.login();\ncy.get('.space-y-4 > :nth-child(2)').should('be.visible').should('have.text', 'Patients').click();\ncy.url().should('contain', '/patients');",
              "err": {},
              "uuid": "1a9fb194-f69c-46b4-853d-04028a49ae74",
              "parentUUID": "d9be62dc-f18e-4fa7-a56a-c1f2d51c900e",
              "isHook": false,
              "skipped": false
            },
            {
              "title": "At patients page each label and field should have proper label and validations",
              "fullTitle": "Patient management module test cases At patients page each label and field should have proper label and validations",
              "timedOut": null,
              "duration": 2093,
              "state": "passed",
              "speed": "slow",
              "pass": true,
              "fail": false,
              "pending": false,
              "context": null,
              "code": "cy.get('div.font-bold').should('be.visible').should('have.text', 'Patients');\ncy.get('table>thead>tr>th:nth-child(1)').should('be.visible').should('have.text', 'Full Name');\ncy.get('table>thead>tr>th:nth-child(2)').should('be.visible').should('have.text', 'Email');\ncy.get('table>thead>tr>th:nth-child(3)').should('be.visible').should('have.text', 'Joined On');\ncy.get('table>thead>tr>th:nth-child(4)').should('be.visible').should('have.text', 'Subscription');\ncy.get('table>thead>tr>th:nth-child(5)').scrollIntoView().should('be.visible').should('have.text', 'Appointment');\ncy.get('table>thead>tr>th:nth-child(6)').scrollIntoView().should('be.visible').should('have.text', 'Status');\ncy.get('table>thead>tr>th:nth-child(7)').scrollIntoView().should('be.visible').should('have.text', 'Action');\ncy.get('[textid=\"add.patient\"]').should('be.visible').should('have.text', 'Add New Patient');\ncy.get('div.flex.flex-wrap:nth-child(2)>div:nth-child(2)').should('be.visible').should('have.text', 'Add Filter');",
              "err": {},
              "uuid": "cc015603-b11b-4eda-ab2a-1ff16524d81f",
              "parentUUID": "d9be62dc-f18e-4fa7-a56a-c1f2d51c900e",
              "isHook": false,
              "skipped": false
            },
            {
              "title": "As a Admin the user will get the add patient form by clicking on the \"Add new patient\" button ",
              "fullTitle": "Patient management module test cases As a Admin the user will get the add patient form by clicking on the \"Add new patient\" button ",
              "timedOut": null,
              "duration": 257,
              "state": "passed",
              "speed": "slow",
              "pass": true,
              "fail": false,
              "pending": false,
              "context": null,
              "code": "cy.get('[textid=\"add.patient\"]').should('be.visible').should('have.text', 'Add New Patient').click();\ncy.get('div:nth-child(9) > div > div').should('be.visible');",
              "err": {},
              "uuid": "8b3b5b62-4932-45f0-96a0-776de4d9ad2b",
              "parentUUID": "d9be62dc-f18e-4fa7-a56a-c1f2d51c900e",
              "isHook": false,
              "skipped": false
            },
            {
              "title": "At Add New Patient page each label and field should have proper label and validations ",
              "fullTitle": "Patient management module test cases At Add New Patient page each label and field should have proper label and validations ",
              "timedOut": null,
              "duration": 25161,
              "state": "passed",
              "speed": "slow",
              "pass": true,
              "fail": false,
              "pending": false,
              "context": null,
              "code": "cy.get('div:nth-child(9) > div > div > div.hidden>div:nth-child(1)>div').should('be.visible').should('have.text', 'Add New Patient').click();\ncy.get('div:nth-child(9) > div > div > div.hidden>div:nth-child(1)>svg').should('be.visible');\ncy.get('div.hidden > div.mt-6 > div > form>div:nth-child(1)>div:nth-child(1)>label').should('be.visible').should('have.text', 'First Name');\ncy.get('div.hidden > div.mt-6 > div > form>div:nth-child(1)>div:nth-child(1)>div').should('be.visible').click();\ncy.get('div.hidden > div.mt-6 > div > form>div:nth-child(1)>div:nth-child(2)>div').should('be.visible').click();\ncy.wait(3000);\ncy.get('div.hidden > div.mt-6 > div > form>div:nth-child(1)>div:nth-child(1)>div.text-red-600').should('be.visible').should('have.text', 'Required');\ncy.wait(1000);\ncy.get('div.hidden > div.mt-6 > div > form>div:nth-child(1)>div:nth-child(2)>label').scrollIntoView().should('be.visible').should('have.text', 'Last Name');\ncy.get('div.hidden > div.mt-6 > div > form>div:nth-child(2)>div:nth-child(1)>div').should('be.visible').click();\ncy.wait(3000);\ncy.get('div.hidden > div.mt-6 > div > form>div:nth-child(1)>div:nth-child(2)>div.text-red-600').should('be.visible').should('have.text', 'Required');\ncy.wait(1000);\ncy.get('div.hidden > div.mt-6 > div > form>div:nth-child(2)>div:nth-child(1)>label').should('be.visible').should('have.text', 'Phone Number');\ncy.get('div.hidden > div.mt-6 > div > form>div:nth-child(2)>div:nth-child(2)>div').should('be.visible').click();\ncy.wait(3000);\ncy.get('div.hidden > div.mt-6 > div > form>div:nth-child(2)>div:nth-child(1)>div.text-red-600').should('be.visible').should('have.text', 'Required');\ncy.wait(1000);\ncy.get('div.hidden > div.mt-6 > div > form>div:nth-child(2)>div:nth-child(2)>label').should('be.visible').should('have.text', 'Email');\ncy.get('div.hidden > div.mt-6 > div > form>div:nth-child(6)>div:nth-child(1)>div').should('be.visible').click();\ncy.wait(3000);\ncy.get('div.hidden > div.mt-6 > div > form>div:nth-child(2)>div:nth-child(2)>div.text-red-600').should('be.visible').should('have.text', 'Required');\ncy.wait(1000);\ncy.get('div.hidden > div.mt-6 > div > form>div:nth-child(3)>div:nth-child(1)>label').should('be.visible').should('have.text', 'Date of Birth');\ncy.get('div.hidden > div.mt-6 > div > form>div:nth-child(3)>div:nth-child(2)>div:nth-child(1)').should('be.visible').should('have.text', 'Gender');\ncy.get('div.hidden > div.mt-6 > div > form>div:nth-child(3)>div:nth-child(2)>div:nth-child(2)').should('be.visible');\ncy.get('div.hidden > div.mt-6 > div > form>div:nth-child(5)').scrollIntoView().should('be.visible').should('have.text', 'Address');\ncy.get('div.hidden > div.mt-6 > div > form>div:nth-child(6)>div:nth-child(1)>label').scrollIntoView().should('be.visible').should('have.text', 'Address Line 1');\ncy.get('div.hidden > div.mt-6 > div > form>div:nth-child(6)>div:nth-child(1)>div').should('be.visible').click({\n  force: true\n});\ncy.get('div.hidden > div.mt-6 > div > form>div:nth-child(6)>div:nth-child(2)>div').should('be.visible').click();\ncy.wait(3000);\ncy.get('div.hidden > div.mt-6 > div > form>div:nth-child(6)>div:nth-child(1)>div.text-red-600').should('be.visible').should('have.text', 'Required');\ncy.wait(1000);\ncy.get('div.hidden > div.mt-6 > div > form>div:nth-child(6)>div:nth-child(2)>label').should('be.visible').should('contain', 'Address Line 2');\ncy.get('div.hidden > div.mt-6 > div > form>div:nth-child(7)>div:nth-child(1)>label').should('be.visible').should('contain', 'Postal Code');\ncy.get('div.hidden > div.mt-6 > div > form>div:nth-child(7)>div:nth-child(1)>div').should('be.visible');\ncy.get('div.hidden > div.mt-6 > div > form>div:nth-child(7)>div:nth-child(2)>label').should('be.visible').should('contain', 'City');\ncy.get('div.hidden > div.mt-6 > div > form>div:nth-child(7)>div:nth-child(2)>div').should('be.visible');\ncy.get('div.hidden > div.mt-6 > div > form>div:nth-child(8)>div>label').should('be.visible').should('have.text', 'State');\ncy.get('div.hidden > div.mt-6 > div > form>div:nth-child(8)>div>div').should('be.visible');\ncy.get('div.hidden > div.mt-6 > div > form>div:nth-child(9)>button').should('be.visible').should('have.text', 'Continue');\ncy.get('div:nth-child(9) > div > div > div.hidden>div:nth-child(1)>svg').scrollIntoView().should('be.visible').click();",
              "err": {},
              "uuid": "42cf0746-8b3c-4f6e-a999-10c5d31b4bdd",
              "parentUUID": "d9be62dc-f18e-4fa7-a56a-c1f2d51c900e",
              "isHook": false,
              "skipped": false
            },
            {
              "title": "After filling the form with valid data and clicking on continue the patient should be added ",
              "fullTitle": "Patient management module test cases After filling the form with valid data and clicking on continue the patient should be added ",
              "timedOut": null,
              "duration": 41443,
              "state": "failed",
              "speed": null,
              "pass": false,
              "fail": true,
              "pending": false,
              "context": null,
              "code": "const email = _faker.default.name.firstName() + '@mailinator.com';\nconst fname = _faker.default.name.firstName();\nconst lname = _faker.default.name.firstName();\nconst phone = _faker.default.phone.phoneNumber('(###)-###-####');\ncy.get('[textid=\"add.patient\"]').should('be.visible').should('have.text', 'Add New Patient').click();\ncy.get('div:nth-child(9) > div > div').should('be.visible');\ncy.get('div.hidden > div.mt-6 > div > form>div:nth-child(1)>div:nth-child(1)>div').should('be.visible').type(fname);\ncy.get('div.hidden > div.mt-6 > div > form>div:nth-child(1)>div:nth-child(2)>div').should('be.visible').type(lname);\ncy.get('div.hidden > div.mt-6 > div > form>div:nth-child(2)>div:nth-child(1)>div').should('be.visible').type('(949)-449-4847');\ncy.wait(2000);\ncy.get('div.hidden > div.mt-6 > div > form>div:nth-child(2)>div:nth-child(2)>div').should('be.visible').click();\ncy.wait(2000);\ncy.get('div.hidden > div.mt-6 > div > form>div:nth-child(3)>div:nth-child(1)>div').should('be.visible').click();\ncy.wait(3000);\ncy.get('div.hidden > div.mt-6 > div > form>div:nth-child(2)>div:nth-child(1)>div.text-red-600').scrollIntoView().should('be.visible').should('have.text', 'An account already exists with this phone number');\ncy.wait(2000);\ncy.get('div.hidden > div.mt-6 > div > form>div:nth-child(2)>div:nth-child(2)>div:nth-child(2)').should('be.visible').type('pvnkumar80@gmail.com');\ncy.wait(2000);\ncy.get('div.hidden > div.mt-6 > div > form>div:nth-child(6)>div:nth-child(1)>div').should('be.visible').click();\ncy.wait(2000);\ncy.get('div.hidden > div.mt-6 > div > form>div:nth-child(2)>div:nth-child(2)>div.text-red-600').should('be.visible').should('have.text', 'An account already exists with this email');\ncy.wait(2000);\ncy.get('div.hidden > div.mt-6 > div > form>div:nth-child(2)>div:nth-child(1)>div:nth-child(2)').should('be.visible').clear().type(phone);\ncy.get('div.hidden > div.mt-6 > div > form>div:nth-child(2)>div:nth-child(2)>div:nth-child(2)').should('be.visible').clear().type(email);\ncy.get('div.hidden > div.mt-6 > div > form>div:nth-child(3)>div:nth-child(1)>div').should('be.visible').click();\ncy.get('.react-datepicker__year-select').select('1990');\ncy.wait(1000);\ncy.get('.react-datepicker__day--015').click();\ncy.get('div.hidden > div.mt-6 > div > form>div:nth-child(3)>div:nth-child(2)>div:nth-child(2)').should('be.visible').click();\ncy.get('div.css-11unzgr>div:nth-child(1)').click();\ncy.get('div.hidden > div.mt-6 > div > form>div:nth-child(6)>div:nth-child(1)>div:nth-child(2)').should('be.visible').type('plot no 92');\ncy.get('div.hidden > div.mt-6 > div > form>div:nth-child(7)>div:nth-child(1)>div').should('be.visible').type('544');\ncy.get('div.hidden > div.mt-6 > div > form>div:nth-child(6)>div:nth-child(1)>div').should('be.visible').click();\ncy.get('div.hidden > div.mt-6 > div > form>div:nth-child(9)>button').should('be.visible').should('have.text', 'Continue').click();\ncy.wait(2000);\ncy.contains('Successfully Registered.');\ncy.writeFile('cypress/fixtures/provider.json', {\n  email: email,\n  phone: phone\n});",
              "err": {
                "message": "CypressError: Timed out retrying after 15050ms: `cy.click()` failed because this element is `disabled`:\n\n`<button type=\"submit\" textid=\"continue\" class=\"flex justify-center items-center  text-sm font-bold rounded-md shadow-sm text-white border-2 px-16 py-3 hover:font-bold focus:outline-none \n bg-gray-500 cursor-not-allowed hover:border-gray-400 mx-0 w-1/2\" disabled=\"\">...</button>`\n\nFix this problem, or use `{force: true}` to disable error checking.\n\nhttps://on.cypress.io/element-cannot-be-interacted-with",
                "estack": "CypressError: Timed out retrying after 15050ms: `cy.click()` failed because this element is `disabled`:\n\n`<button type=\"submit\" textid=\"continue\" class=\"flex justify-center items-center  text-sm font-bold rounded-md shadow-sm text-white border-2 px-16 py-3 hover:font-bold focus:outline-none \n bg-gray-500 cursor-not-allowed hover:border-gray-400 mx-0 w-1/2\" disabled=\"\">...</button>`\n\nFix this problem, or use `{force: true}` to disable error checking.\n\nhttps://on.cypress.io/element-cannot-be-interacted-with\n    at $Cy.ensureNotDisabled (https://qa.rch.build-release.com/__cypress/runner/cypress_runner.js:160457:85)\n    at runAllChecks (https://qa.rch.build-release.com/__cypress/runner/cypress_runner.js:147820:14)\n    at retryActionability (https://qa.rch.build-release.com/__cypress/runner/cypress_runner.js:147894:16)\n    at tryCatcher (https://qa.rch.build-release.com/__cypress/runner/cypress_runner.js:13212:23)\n    at Function.Promise.attempt.Promise.try (https://qa.rch.build-release.com/__cypress/runner/cypress_runner.js:10486:29)\n    at tryFn (https://qa.rch.build-release.com/__cypress/runner/cypress_runner.js:165305:61)\n    at whenStable (https://qa.rch.build-release.com/__cypress/runner/cypress_runner.js:165344:14)\n    at https://qa.rch.build-release.com/__cypress/runner/cypress_runner.js:164831:18\n    at tryCatcher (https://qa.rch.build-release.com/__cypress/runner/cypress_runner.js:13212:23)\n    at Promise._settlePromiseFromHandler (https://qa.rch.build-release.com/__cypress/runner/cypress_runner.js:11147:31)\n    at Promise._settlePromise (https://qa.rch.build-release.com/__cypress/runner/cypress_runner.js:11204:18)\n    at Promise._settlePromise0 (https://qa.rch.build-release.com/__cypress/runner/cypress_runner.js:11249:10)\n    at Promise._settlePromises (https://qa.rch.build-release.com/__cypress/runner/cypress_runner.js:11329:18)\n    at Promise._fulfill (https://qa.rch.build-release.com/__cypress/runner/cypress_runner.js:11273:18)\n    at https://qa.rch.build-release.com/__cypress/runner/cypress_runner.js:12887:46\nFrom Your Spec Code:\n    at Context.eval (https://qa.rch.build-release.com/__cypress/tests?p=cypress\\integration\\Admin_Testcases\\07_Patients.spec.js:228:127)",
                "diff": null
              },
              "uuid": "303a0842-4db3-43a7-a973-36d77d210563",
              "parentUUID": "d9be62dc-f18e-4fa7-a56a-c1f2d51c900e",
              "isHook": false,
              "skipped": false
            },
            {
              "title": "The added patient should refelct under patients listing",
              "fullTitle": "Patient management module test cases The added patient should refelct under patients listing",
              "timedOut": null,
              "duration": 15501,
              "state": "failed",
              "speed": null,
              "pass": false,
              "fail": true,
              "pending": false,
              "context": null,
              "code": "cy.readFile('cypress/fixtures/provider.json').then(provider => {\n  cy.get('[type=search]').should('be.visible').type(provider.email.toLowerCase());\n  cy.get('tr:nth-child(1)>td:nth-child(2)').should('be.visible').should('have.text', provider.email.toLowerCase());\n  cy.wait(4000);\n});",
              "err": {
                "message": "CypressError: Timed out retrying after 15000ms: `cy.type()` failed because this element:\n\n`<input class=\"w-full rounded pr-0.5 py-2 outline-none text-sm\" autocomplete=\"off\" placeholder=\"Search for name or email.\" type=\"search\" name=\"search\" value=\"\">`\n\nis being covered by another element:\n\n`<div class=\"ReactModal__Overlay ReactModal__Overlay--after-open\" style=\"position: fixed; inset: 0px; background: rgba(25, 31, 41, 0.51); z-index: 100;\">...</div>`\n\nFix this problem, or use {force: true} to disable error checking.\n\nhttps://on.cypress.io/element-cannot-be-interacted-with",
                "estack": "CypressError: Timed out retrying after 15000ms: `cy.type()` failed because this element:\n\n`<input class=\"w-full rounded pr-0.5 py-2 outline-none text-sm\" autocomplete=\"off\" placeholder=\"Search for name or email.\" type=\"search\" name=\"search\" value=\"\">`\n\nis being covered by another element:\n\n`<div class=\"ReactModal__Overlay ReactModal__Overlay--after-open\" style=\"position: fixed; inset: 0px; background: rgba(25, 31, 41, 0.51); z-index: 100;\">...</div>`\n\nFix this problem, or use {force: true} to disable error checking.\n\nhttps://on.cypress.io/element-cannot-be-interacted-with\n    at $Cy.ensureDescendents (https://qa.rch.build-release.com/__cypress/runner/cypress_runner.js:160645:87)\n    at ensureDescendents (https://qa.rch.build-release.com/__cypress/runner/cypress_runner.js:147543:8)\n    at ensureDescendentsAndScroll (https://qa.rch.build-release.com/__cypress/runner/cypress_runner.js:147550:14)\n    at ensureElIsNotCovered (https://qa.rch.build-release.com/__cypress/runner/cypress_runner.js:147684:5)\n    at runAllChecks (https://qa.rch.build-release.com/__cypress/runner/cypress_runner.js:147871:52)\n    at retryActionability (https://qa.rch.build-release.com/__cypress/runner/cypress_runner.js:147894:16)\n    at tryCatcher (https://qa.rch.build-release.com/__cypress/runner/cypress_runner.js:13212:23)\n    at Function.Promise.attempt.Promise.try (https://qa.rch.build-release.com/__cypress/runner/cypress_runner.js:10486:29)\n    at tryFn (https://qa.rch.build-release.com/__cypress/runner/cypress_runner.js:165305:61)\n    at whenStable (https://qa.rch.build-release.com/__cypress/runner/cypress_runner.js:165344:14)\n    at https://qa.rch.build-release.com/__cypress/runner/cypress_runner.js:164831:18\n    at tryCatcher (https://qa.rch.build-release.com/__cypress/runner/cypress_runner.js:13212:23)\n    at Promise._settlePromiseFromHandler (https://qa.rch.build-release.com/__cypress/runner/cypress_runner.js:11147:31)\n    at Promise._settlePromise (https://qa.rch.build-release.com/__cypress/runner/cypress_runner.js:11204:18)\n    at Promise._settlePromise0 (https://qa.rch.build-release.com/__cypress/runner/cypress_runner.js:11249:10)\n    at Promise._settlePromises (https://qa.rch.build-release.com/__cypress/runner/cypress_runner.js:11329:18)\nFrom Your Spec Code:\n    at Context.eval (https://qa.rch.build-release.com/__cypress/tests?p=cypress\\integration\\Admin_Testcases\\07_Patients.spec.js:238:52)",
                "diff": null
              },
              "uuid": "eee2c40b-cbaa-41d0-b3b1-eb99d4f0ec19",
              "parentUUID": "d9be62dc-f18e-4fa7-a56a-c1f2d51c900e",
              "isHook": false,
              "skipped": false
            },
            {
              "title": "As a admin the user should be navigated to the Book Appointment page by clicking on Book button against patient ",
              "fullTitle": "Patient management module test cases As a admin the user should be navigated to the Book Appointment page by clicking on Book button against patient ",
              "timedOut": null,
              "duration": 10599,
              "state": "passed",
              "speed": "slow",
              "pass": true,
              "fail": false,
              "pending": false,
              "context": null,
              "code": "cy.get('tr:nth-child(1) > td:nth-child(5)>div>div').scrollIntoView().should('be.visible').click({\n  force: true\n});\ncy.url().should('contain', '/book_appointment');\ncy.wait(5000);\ncy.get('.w-8 > path').scrollIntoView().should('be.visible').click();\ncy.wait(5000);",
              "err": {},
              "uuid": "93968dd3-1cf8-4e69-8914-879a2c759aa4",
              "parentUUID": "d9be62dc-f18e-4fa7-a56a-c1f2d51c900e",
              "isHook": false,
              "skipped": false
            },
            {
              "title": "As a Admin the user can chat with patient by clicking on the chat icon against that patient",
              "fullTitle": "Patient management module test cases As a Admin the user can chat with patient by clicking on the chat icon against that patient",
              "timedOut": null,
              "duration": 10486,
              "state": "passed",
              "speed": "slow",
              "pass": true,
              "fail": false,
              "pending": false,
              "context": null,
              "code": "cy.get('tr:nth-child(1) > td:nth-child(7) > div >div>img').scrollIntoView().should('be.visible').click({\n  force: true\n});\ncy.url().should('contain', '/chat');\ncy.wait(5000);\ncy.get('.flex-wrap > .h-6 > path').should('be.visible').click();\ncy.wait(5000);",
              "err": {},
              "uuid": "af9a0a25-6a11-4324-9e57-b64bb8ee9aff",
              "parentUUID": "d9be62dc-f18e-4fa7-a56a-c1f2d51c900e",
              "isHook": false,
              "skipped": false
            },
            {
              "title": "As a Admin the user can enable or disable any patient with the help of toggle icon under status",
              "fullTitle": "Patient management module test cases As a Admin the user can enable or disable any patient with the help of toggle icon under status",
              "timedOut": null,
              "duration": 17700,
              "state": "passed",
              "speed": "slow",
              "pass": true,
              "fail": false,
              "pending": false,
              "context": null,
              "code": "cy.get('tr:nth-child(1)>td:nth-child(6)>button').scrollIntoView().should('be.visible').click({\n  force: true\n});\ncy.wait(4000);\ncy.get('div.hidden>div:nth-child(2)>div:nth-child(2)>button').click();\ncy.wait(4000);\ncy.get('tr:nth-child(1)>td:nth-child(6)>button').scrollIntoView().should('be.visible').click({\n  force: true\n});\ncy.wait(4000);\ncy.get('div.hidden>div:nth-child(2)>div:nth-child(2)>button').click();\ncy.wait(4000);",
              "err": {},
              "uuid": "b309530e-7279-45eb-89d7-7b9a8dae195a",
              "parentUUID": "d9be62dc-f18e-4fa7-a56a-c1f2d51c900e",
              "isHook": false,
              "skipped": false
            },
            {
              "title": "As a Admin the user can change the membership of the patient by clicking on the membership plan under subscription",
              "fullTitle": "Patient management module test cases As a Admin the user can change the membership of the patient by clicking on the membership plan under subscription",
              "timedOut": null,
              "duration": 20578,
              "state": "failed",
              "speed": null,
              "pass": false,
              "fail": true,
              "pending": false,
              "context": null,
              "code": "cy.get('tr:nth-child(1)>td:nth-child(4)>div>div:nth-child(2)').scrollIntoView().should('be.visible').click({\n  force: true\n});\ncy.wait(5000);\ncy.get('div.hidden>div:nth-child(2)>div:nth-child(3)>button').click();\ncy.wait(5000);\ncy.get('tr:nth-child(1)>td:nth-child(4)>div>div:nth-child(1)').scrollIntoView().should('be.visible').click({\n  force: true\n});\ncy.wait(5000);\ncy.get('div.hidden>div:nth-child(2)>div:nth-child(3)>button').click();\ncy.wait(5000);",
              "err": {
                "message": "AssertionError: Timed out retrying after 15000ms: Expected to find element: `div.hidden>div:nth-child(2)>div:nth-child(3)>button`, but never found it.",
                "estack": "AssertionError: Timed out retrying after 15000ms: Expected to find element: `div.hidden>div:nth-child(2)>div:nth-child(3)>button`, but never found it.\n    at Context.eval (https://qa.rch.build-release.com/__cypress/tests?p=cypress\\integration\\Admin_Testcases\\07_Patients.spec.js:280:8)",
                "diff": null
              },
              "uuid": "086584d5-806c-4fbf-9f64-8e76550d699d",
              "parentUUID": "d9be62dc-f18e-4fa7-a56a-c1f2d51c900e",
              "isHook": false,
              "skipped": false
            },
            {
              "title": "As a Admin the user can filter the patients based on their membeship plan using the filter button",
              "fullTitle": "Patient management module test cases As a Admin the user can filter the patients based on their membeship plan using the filter button",
              "timedOut": null,
              "duration": 27133,
              "state": "passed",
              "speed": "slow",
              "pass": true,
              "fail": false,
              "pending": false,
              "context": null,
              "code": "cy.get('div.flex.flex-wrap:nth-child(2)>div:nth-child(2)').should('be.visible').click();\ncy.wait(3000);\ncy.get('div.py-1>div:nth-child(1)').should('be.visible').should('contain', 'basic').click();\ncy.wait(5000);\ncy.get('div.flex.flex-wrap:nth-child(2)>div:nth-child(2)>div:nth-child(3)').scrollIntoView().should('be.visible').click();\ncy.wait(3000);\ncy.get('div.py-1>div:nth-child(2)').should('be.visible').should('contain', 'standard').click();\ncy.wait(5000);\ncy.get('div.flex.flex-wrap:nth-child(2)>div:nth-child(2)>div:nth-child(3)').scrollIntoView().should('be.visible').click();\ncy.wait(3000);\ncy.get('div.py-1>div:nth-child(3)').should('be.visible').should('contain', 'executive').click();\ncy.wait(5000);",
              "err": {},
              "uuid": "b1b3e941-1cf0-4371-a3c9-2a483b0b476e",
              "parentUUID": "d9be62dc-f18e-4fa7-a56a-c1f2d51c900e",
              "isHook": false,
              "skipped": false
            },
            {
              "title": "As a Admin the user can change the view of the patients listing by using filter on full name which make the patients list in alphabetical order from a-z or Z-a",
              "fullTitle": "Patient management module test cases As a Admin the user can change the view of the patients listing by using filter on full name which make the patients list in alphabetical order from a-z or Z-a",
              "timedOut": null,
              "duration": 4831,
              "state": "passed",
              "speed": "slow",
              "pass": true,
              "fail": false,
              "pending": false,
              "context": null,
              "code": "cy.get('table>thead>tr>th:nth-child(1)>span>svg:nth-child(1)').should('be.visible').click({\n  force: true\n});\ncy.wait(2000);\ncy.get('table>thead>tr>th:nth-child(1)>span>svg:nth-child(2)').should('be.visible').click({\n  force: true\n});\ncy.wait(2000);",
              "err": {},
              "uuid": "311209ab-2b52-4161-a50d-8c26b6652ce7",
              "parentUUID": "d9be62dc-f18e-4fa7-a56a-c1f2d51c900e",
              "isHook": false,
              "skipped": false
            },
            {
              "title": "As a admin the user should be navigated to the profile details page of any patient by clicking on eye symbol against that particular patient ",
              "fullTitle": "Patient management module test cases As a admin the user should be navigated to the profile details page of any patient by clicking on eye symbol against that particular patient ",
              "timedOut": null,
              "duration": 349,
              "state": "passed",
              "speed": "slow",
              "pass": true,
              "fail": false,
              "pending": false,
              "context": null,
              "code": "cy.get('tr:nth-child(1) > td:nth-child(7) > div > svg:nth-child(1) > path:nth-child(2)').scrollIntoView().should('be.visible').click({\n  force: true\n});",
              "err": {},
              "uuid": "55a26ae9-0858-439b-84fc-00ea243cdf16",
              "parentUUID": "d9be62dc-f18e-4fa7-a56a-c1f2d51c900e",
              "isHook": false,
              "skipped": false
            },
            {
              "title": "At profile deatils page of the patient each label and field should have proper label and validations",
              "fullTitle": "Patient management module test cases At profile deatils page of the patient each label and field should have proper label and validations",
              "timedOut": null,
              "duration": 3520,
              "state": "passed",
              "speed": "slow",
              "pass": true,
              "fail": false,
              "pending": false,
              "context": null,
              "code": "cy.get('.space-x-4 > .font-bold').should('be.visible').should('have.text', 'Patient Details');\ncy.get('.border-primary').should('be.visible').should('have.text', 'Address');\ncy.get('div.space-y-4:nth-child(1)>div:nth-child(1)>div:nth-child(1)>div:nth-child(1)').should('be.visible').should('have.text', 'Address Line 1');\ncy.get('div.space-y-4:nth-child(1)>div:nth-child(1)>div:nth-child(2)>div:nth-child(1)').should('be.visible').should('have.text', 'Address Line 2');\ncy.get('div.space-y-4:nth-child(1)>div:nth-child(2)>div:nth-child(1)>div:nth-child(1)').should('be.visible').should('have.text', 'Postal Code');\ncy.get('div.space-y-4:nth-child(1)>div:nth-child(2)>div:nth-child(2)>div:nth-child(1)').should('be.visible').should('have.text', 'City');\ncy.get('div.space-y-4:nth-child(1)>div:nth-child(3)>div:nth-child(1)>div:nth-child(1)').should('be.visible').should('have.text', 'State');",
              "err": {},
              "uuid": "4fc8d7a5-4dad-4f26-baeb-1dac2284bd03",
              "parentUUID": "d9be62dc-f18e-4fa7-a56a-c1f2d51c900e",
              "isHook": false,
              "skipped": false
            },
            {
              "title": "As a admin the user should be navigated back to the patients page by clicking on back symbol on profile details page",
              "fullTitle": "Patient management module test cases As a admin the user should be navigated back to the patients page by clicking on back symbol on profile details page",
              "timedOut": null,
              "duration": 258,
              "state": "passed",
              "speed": "slow",
              "pass": true,
              "fail": false,
              "pending": false,
              "context": null,
              "code": "cy.get('.h-6 > path').should('be.visible').click();\ncy.url().should('contain', '/patients');",
              "err": {},
              "uuid": "7413eea9-fcaf-405b-8baf-006642a1a402",
              "parentUUID": "d9be62dc-f18e-4fa7-a56a-c1f2d51c900e",
              "isHook": false,
              "skipped": false
            },
            {
              "title": "As a admin the user should able to search any patient by his name or email",
              "fullTitle": "Patient management module test cases As a admin the user should able to search any patient by his name or email",
              "timedOut": null,
              "duration": 32756,
              "state": "passed",
              "speed": "slow",
              "pass": true,
              "fail": false,
              "pending": false,
              "context": null,
              "code": "cy.get('div.flex.flex-wrap:nth-child(2)>div:nth-child(2)>div:nth-child(1)>svg').scrollIntoView().should('be.visible').click();\ncy.wait(5000);\ncy.get('[type=search]').should('be.visible').clear();\ncy.get('[type=search]').should('be.visible').type('pvnkumar80@gmail.com');\ncy.wait(5000);\ncy.get('tr:nth-child(1)>td:nth-child(2)').should('be.visible').should('have.text', 'pvnkumar80@gmail.com');\ncy.wait(2000);\ncy.get('[type=search]').should('be.visible').clear().type('Pavan Kumar');\ncy.wait(2000);\ncy.get('tr:nth-child(1)>td:nth-child(1)').should('be.visible').should('have.text', 'Pavan Kumar');\ncy.wait(2000);\ncy.get('[type=search]').should('be.visible').clear();\ncy.wait(2000);\ncy.logout();",
              "err": {},
              "uuid": "ee5c4ff7-865a-46e1-87b4-be74eac270dd",
              "parentUUID": "d9be62dc-f18e-4fa7-a56a-c1f2d51c900e",
              "isHook": false,
              "skipped": false
            }
          ],
          "suites": [],
          "passes": [
            "1a9fb194-f69c-46b4-853d-04028a49ae74",
            "cc015603-b11b-4eda-ab2a-1ff16524d81f",
            "8b3b5b62-4932-45f0-96a0-776de4d9ad2b",
            "42cf0746-8b3c-4f6e-a999-10c5d31b4bdd",
            "93968dd3-1cf8-4e69-8914-879a2c759aa4",
            "af9a0a25-6a11-4324-9e57-b64bb8ee9aff",
            "b309530e-7279-45eb-89d7-7b9a8dae195a",
            "b1b3e941-1cf0-4371-a3c9-2a483b0b476e",
            "311209ab-2b52-4161-a50d-8c26b6652ce7",
            "55a26ae9-0858-439b-84fc-00ea243cdf16",
            "4fc8d7a5-4dad-4f26-baeb-1dac2284bd03",
            "7413eea9-fcaf-405b-8baf-006642a1a402",
            "ee5c4ff7-865a-46e1-87b4-be74eac270dd"
          ],
          "failures": [
            "303a0842-4db3-43a7-a973-36d77d210563",
            "eee2c40b-cbaa-41d0-b3b1-eb99d4f0ec19",
            "086584d5-806c-4fbf-9f64-8e76550d699d"
          ],
          "pending": [],
          "skipped": [],
          "duration": 220158,
          "root": false,
          "rootEmpty": false,
          "_timeout": 2000
        }
      ],
      "passes": [],
      "failures": [],
      "pending": [],
      "skipped": [],
      "duration": 0,
      "root": true,
      "rootEmpty": true,
      "_timeout": 2000
    }
  ],
  "meta": {
    "mocha": {
      "version": "7.0.1"
    },
    "mochawesome": {
      "options": {
        "quiet": false,
        "reportFilename": "report",
        "saveHtml": true,
        "saveJson": true,
        "consoleReporter": "spec",
        "useInlineDiffs": false,
        "code": true
      },
      "version": "7.0.1"
    },
    "marge": {
      "options": {
        "reportDir": "cypress/reports",
        "reportFilename": "report",
        "overwrite": false,
        "html": true,
        "json": true,
        "charts": true
      },
      "version": "6.0.1"
    }
  }
}