{
  "stats": {
    "suites": 1,
    "tests": 4,
    "passes": 4,
    "pending": 0,
    "failures": 0,
    "start": "2021-09-21T13:21:09.653Z",
    "end": "2021-09-21T13:21:27.123Z",
    "duration": 17470,
    "testsRegistered": 4,
    "passPercent": 100,
    "pendingPercent": 0,
    "other": 0,
    "hasOther": false,
    "skipped": 0,
    "hasSkipped": false
  },
  "results": [
    {
      "uuid": "a8c27004-1f0b-4301-9d8e-2eb5142374a1",
      "title": "",
      "fullFile": "cypress/integration/Patient_Testcases/12_Charts_Reports.spec.js",
      "file": "cypress/integration/Patient_Testcases/12_Charts_Reports.spec.js",
      "beforeHooks": [],
      "afterHooks": [],
      "tests": [],
      "suites": [
        {
          "uuid": "ad13d9d9-9807-4a0c-8911-2bc61c820031",
          "title": "Reports module testcases",
          "fullFile": "",
          "file": "",
          "beforeHooks": [],
          "afterHooks": [],
          "tests": [
            {
              "title": "As a Patient the user should navigated to the Reports page by clicking on \"Reports\" tab of particular member",
              "fullTitle": "Reports module testcases As a Patient the user should navigated to the Reports page by clicking on \"Reports\" tab of particular member",
              "timedOut": null,
              "duration": 10803,
              "state": "passed",
              "speed": "slow",
              "pass": true,
              "fail": false,
              "pending": false,
              "context": null,
              "code": "cy.patientlogin(cred.pemail, cred.ppassword);\ncy.get('[href=\"/charts\"]').should('be.visible').should('have.text', 'Charts').click();\ncy.url().should('contain', '/charts');\ncy.get('.h-screen>div:nth-child(2)>div:nth-child(2)').should('be.visible').click({\n  force: true\n});\ncy.get(':nth-child(2) > .bg-white > .justify-between > .text-base').click();\ncy.url().should('contain', '/medical_history');\ncy.get('.border-transparent').should('be.visible').should('contain', 'Reports').click();\ncy.url().should('contain', '/reports');",
              "err": {},
              "uuid": "36df608c-3f8b-41a5-95dc-b2a953af6598",
              "parentUUID": "ad13d9d9-9807-4a0c-8911-2bc61c820031",
              "isHook": false,
              "skipped": false
            },
            {
              "title": "At \"Reports\" page each label and field should have proper label and validations",
              "fullTitle": "Reports module testcases At \"Reports\" page each label and field should have proper label and validations",
              "timedOut": null,
              "duration": 688,
              "state": "passed",
              "speed": "slow",
              "pass": true,
              "fail": false,
              "pending": false,
              "context": null,
              "code": "cy.get('.font-bold').should('be.visible').should('have.text', 'Showing 3 Reports');\ncy.get('.p-3').should('be.visible');\ncy.get(':nth-child(1) > a > .justify-between').should('be.visible');\ncy.get(':nth-child(1) > a > .justify-between > span.text-primary').should('be.visible').should('have.text', 'COVID RT-PCR');\ncy.get(':nth-child(1) > a > .justify-between > .flex > .text-gray-600').should('be.visible').should('have.text', 'Aug 18 2021');\ncy.get(':nth-child(1) > a > .justify-between > .flex > .bg-lightBlue').should('be.visible');\ncy.get(':nth-child(2) > a > .justify-between').should('be.visible');\ncy.get(':nth-child(2) > a > .justify-between > span.text-primary').should('be.visible').should('have.text', 'COVID RT-PCR');\ncy.get(':nth-child(2) > a > .justify-between > .flex > .text-gray-600').should('be.visible').should('have.text', 'Aug 18 2021');\ncy.get(':nth-child(2) > a > .justify-between > .flex > .bg-lightBlue').should('be.visible');\ncy.get(':nth-child(3) > a > .justify-between').should('be.visible');\ncy.get(':nth-child(3) > a > .justify-between > span.text-primary').should('be.visible').should('have.text', 'COVID RT-PCR');\ncy.get(':nth-child(3) > a > .justify-between > .flex > .text-gray-600').should('be.visible').should('have.text', 'Aug 18 2021');\ncy.get(':nth-child(3) > a > .justify-between > .flex > .bg-lightBlue').should('be.visible');",
              "err": {},
              "uuid": "fa35a4ba-3dfe-408f-a9c5-2ae326f75392",
              "parentUUID": "ad13d9d9-9807-4a0c-8911-2bc61c820031",
              "isHook": false,
              "skipped": false
            },
            {
              "title": "As a Patient the user should able to see all the reports",
              "fullTitle": "Reports module testcases As a Patient the user should able to see all the reports",
              "timedOut": null,
              "duration": 41,
              "state": "passed",
              "speed": "medium",
              "pass": true,
              "fail": false,
              "pending": false,
              "context": null,
              "code": "cy.get(':nth-child(1) > a > .justify-between').should('be.visible');\ncy.get(':nth-child(2) > a > .justify-between').should('be.visible');\ncy.get(':nth-child(3) > a > .justify-between').should('be.visible');",
              "err": {},
              "uuid": "bc3cd1a7-fd76-40ea-bbf3-789d2a9cc4c1",
              "parentUUID": "ad13d9d9-9807-4a0c-8911-2bc61c820031",
              "isHook": false,
              "skipped": false
            },
            {
              "title": "The user able view any report by clicking on that report",
              "fullTitle": "Reports module testcases The user able view any report by clicking on that report",
              "timedOut": null,
              "duration": 1832,
              "state": "passed",
              "speed": "slow",
              "pass": true,
              "fail": false,
              "pending": false,
              "context": null,
              "code": "cy.get(':nth-child(1) > a > .justify-between').should('be.visible').click();\ncy.get(':nth-child(2) > a > .justify-between').should('be.visible').click();\ncy.get(':nth-child(3) > a > .justify-between').should('be.visible').click();\ncy.patientlogout();",
              "err": {},
              "uuid": "82f57737-9cbb-45a9-96cf-b8e8a05a62e7",
              "parentUUID": "ad13d9d9-9807-4a0c-8911-2bc61c820031",
              "isHook": false,
              "skipped": false
            }
          ],
          "suites": [],
          "passes": [
            "36df608c-3f8b-41a5-95dc-b2a953af6598",
            "fa35a4ba-3dfe-408f-a9c5-2ae326f75392",
            "bc3cd1a7-fd76-40ea-bbf3-789d2a9cc4c1",
            "82f57737-9cbb-45a9-96cf-b8e8a05a62e7"
          ],
          "failures": [],
          "pending": [],
          "skipped": [],
          "duration": 13364,
          "root": false,
          "rootEmpty": false,
          "_timeout": 2000
        }
      ],
      "passes": [],
      "failures": [],
      "pending": [],
      "skipped": [],
      "duration": 0,
      "root": true,
      "rootEmpty": true,
      "_timeout": 2000
    }
  ],
  "meta": {
    "mocha": {
      "version": "7.0.1"
    },
    "mochawesome": {
      "options": {
        "quiet": false,
        "reportFilename": "report",
        "saveHtml": true,
        "saveJson": true,
        "consoleReporter": "spec",
        "useInlineDiffs": false,
        "code": true
      },
      "version": "6.2.2"
    },
    "marge": {
      "options": {
        "reportDir": "cypress/reports",
        "reportFilename": "report",
        "overwrite": false,
        "html": true,
        "json": true,
        "charts": true
      },
      "version": "5.2.0"
    }
  }
}